ARM GAS  C:\Users\DABBIR~1\AppData\Local\Temp\ccYohJDu.s 			page 1


   1              		.syntax unified
   2              		.cpu cortex-m3
   3              		.fpu softvfp
   4              		.eabi_attribute 20, 1
   5              		.eabi_attribute 21, 1
   6              		.eabi_attribute 23, 3
   7              		.eabi_attribute 24, 1
   8              		.eabi_attribute 25, 1
   9              		.eabi_attribute 26, 1
  10              		.eabi_attribute 30, 1
  11              		.eabi_attribute 34, 1
  12              		.eabi_attribute 18, 4
  13              		.thumb
  14              		.syntax unified
  15              		.file	"button.c"
  16              		.text
  17              	.Ltext0:
  18              		.cfi_sections	.debug_frame
  19              		.section	.text.BUTTON_Init,"ax",%progbits
  20              		.align	2
  21              		.global	BUTTON_Init
  22              		.thumb
  23              		.thumb_func
  24              		.type	BUTTON_Init, %function
  25              	BUTTON_Init:
  26              	.LFB110:
  27              		.file 1 "source\\bsw\\cdd\\button.c"
   1:source\bsw\cdd/button.c **** /**
   2:source\bsw\cdd/button.c **** * \file button.c
   3:source\bsw\cdd/button.c **** * \author P. Fromm
   4:source\bsw\cdd/button.c **** * \date 29.7.17
   5:source\bsw\cdd/button.c **** *
   6:source\bsw\cdd/button.c **** * \brief Simple button driver
   7:source\bsw\cdd/button.c **** *
   8:source\bsw\cdd/button.c **** * \copyright Copyright ©2016
   9:source\bsw\cdd/button.c **** * Department of electrical engineering and information technology, Hochschule Darmstadt - Universit
  10:source\bsw\cdd/button.c **** * Permission to use, copy, modify, and distribute this software and its documentation for education
  11:source\bsw\cdd/button.c **** * (unless permitted by h_da) and official h_da projects, is hereby granted for enrolled students of
  12:source\bsw\cdd/button.c **** * this paragraph and the following paragraph appear in all copies, modifications, and distributions
  13:source\bsw\cdd/button.c **** * Contact Prof.Dr.-Ing. Peter Fromm, peter.fromm@h-da.de, Birkenweg 8 64295 Darmstadt - GERMANY for
  14:source\bsw\cdd/button.c **** *
  15:source\bsw\cdd/button.c **** * \warning This software is a PROTOTYPE version and is not designed or intended for use in producti
  16:source\bsw\cdd/button.c **** * The user represents and warrants that it will NOT use or redistribute the Software for such purpo
  17:source\bsw\cdd/button.c **** * This prototype is for research purposes only. This software is provided "AS IS," without a warran
  18:source\bsw\cdd/button.c **** */
  19:source\bsw\cdd/button.c **** 
  20:source\bsw\cdd/button.c **** /*****************************************************************************/
  21:source\bsw\cdd/button.c **** /* Include files                                                             */
  22:source\bsw\cdd/button.c **** /*****************************************************************************/
  23:source\bsw\cdd/button.c **** #include "project.h"
  24:source\bsw\cdd/button.c **** #include "button.h"
  25:source\bsw\cdd/button.c **** 
  26:source\bsw\cdd/button.c **** #include "button_1.h"
  27:source\bsw\cdd/button.c **** #include "button_2.h"
  28:source\bsw\cdd/button.c **** #include "button_3.h"
  29:source\bsw\cdd/button.c **** #include "button_4.h"
  30:source\bsw\cdd/button.c **** 
ARM GAS  C:\Users\DABBIR~1\AppData\Local\Temp\ccYohJDu.s 			page 2


  31:source\bsw\cdd/button.c **** 
  32:source\bsw\cdd/button.c **** /*****************************************************************************/
  33:source\bsw\cdd/button.c **** /* Local pre-processor symbols/macros ('#define')                            */
  34:source\bsw\cdd/button.c **** /*****************************************************************************/
  35:source\bsw\cdd/button.c **** 
  36:source\bsw\cdd/button.c **** /*****************************************************************************/
  37:source\bsw\cdd/button.c **** /* Global variable definitions (declared in header file with 'extern')       */
  38:source\bsw\cdd/button.c **** /*****************************************************************************/
  39:source\bsw\cdd/button.c **** 
  40:source\bsw\cdd/button.c **** /*****************************************************************************/
  41:source\bsw\cdd/button.c **** /* Local type definitions ('typedef')                                        */
  42:source\bsw\cdd/button.c **** /*****************************************************************************/
  43:source\bsw\cdd/button.c **** 
  44:source\bsw\cdd/button.c **** /*****************************************************************************/
  45:source\bsw\cdd/button.c **** /* Local variable definitions ('static')                                     */
  46:source\bsw\cdd/button.c **** /*****************************************************************************/
  47:source\bsw\cdd/button.c **** 
  48:source\bsw\cdd/button.c **** 
  49:source\bsw\cdd/button.c **** 
  50:source\bsw\cdd/button.c **** /*****************************************************************************/
  51:source\bsw\cdd/button.c **** /* Local function prototypes ('static')                                      */
  52:source\bsw\cdd/button.c **** /*****************************************************************************/
  53:source\bsw\cdd/button.c **** 
  54:source\bsw\cdd/button.c **** 
  55:source\bsw\cdd/button.c **** /*****************************************************************************/
  56:source\bsw\cdd/button.c **** /* Function implementation - global ('extern') and local ('static')          */
  57:source\bsw\cdd/button.c **** /*****************************************************************************/
  58:source\bsw\cdd/button.c **** 
  59:source\bsw\cdd/button.c **** /**
  60:source\bsw\cdd/button.c ****  * Initialize Button
  61:source\bsw\cdd/button.c ****  * @return RC_SUCCESS if ok
  62:source\bsw\cdd/button.c ****  */
  63:source\bsw\cdd/button.c **** RC_t BUTTON_Init(cyisraddress address)
  64:source\bsw\cdd/button.c **** {
  28              		.loc 1 64 0
  29              		.cfi_startproc
  30              		@ args = 0, pretend = 0, frame = 0
  31              		@ frame_needed = 0, uses_anonymous_args = 0
  32              	.LVL0:
  65:source\bsw\cdd/button.c ****  
  66:source\bsw\cdd/button.c ****     if (address != 0)
  33              		.loc 1 66 0
  34 0000 20B1     		cbz	r0, .L4
  64:source\bsw\cdd/button.c ****  
  35              		.loc 1 64 0
  36 0002 08B5     		push	{r3, lr}
  37              		.cfi_def_cfa_offset 8
  38              		.cfi_offset 3, -8
  39              		.cfi_offset 14, -4
  67:source\bsw\cdd/button.c ****     {
  68:source\bsw\cdd/button.c ****         isr_Button_StartEx(address);
  40              		.loc 1 68 0
  41 0004 FFF7FEFF 		bl	isr_Button_StartEx
  42              	.LVL1:
  69:source\bsw\cdd/button.c ****     }
  70:source\bsw\cdd/button.c ****     
  71:source\bsw\cdd/button.c ****     return RC_SUCCESS;
ARM GAS  C:\Users\DABBIR~1\AppData\Local\Temp\ccYohJDu.s 			page 3


  72:source\bsw\cdd/button.c **** }
  43              		.loc 1 72 0
  44 0008 0020     		movs	r0, #0
  45 000a 08BD     		pop	{r3, pc}
  46              	.LVL2:
  47              	.L4:
  48              		.cfi_def_cfa_offset 0
  49              		.cfi_restore 3
  50              		.cfi_restore 14
  51 000c 0020     		movs	r0, #0
  52              	.LVL3:
  53 000e 7047     		bx	lr
  54              		.cfi_endproc
  55              	.LFE110:
  56              		.size	BUTTON_Init, .-BUTTON_Init
  57              		.section	.text.BUTTON_IsPressed,"ax",%progbits
  58              		.align	2
  59              		.global	BUTTON_IsPressed
  60              		.thumb
  61              		.thumb_func
  62              		.type	BUTTON_IsPressed, %function
  63              	BUTTON_IsPressed:
  64              	.LFB111:
  73:source\bsw\cdd/button.c **** 
  74:source\bsw\cdd/button.c **** /**
  75:source\bsw\cdd/button.c ****  * Initialize Button
  76:source\bsw\cdd/button.c ****  * @param BUTTON_id_t button - check if the corresponding button is pressed
  77:source\bsw\cdd/button.c ****  * @return TRUE if button is pressed
  78:source\bsw\cdd/button.c ****  */
  79:source\bsw\cdd/button.c **** boolean_t BUTTON_IsPressed(BUTTON_id_t button)
  80:source\bsw\cdd/button.c **** {
  65              		.loc 1 80 0
  66              		.cfi_startproc
  67              		@ args = 0, pretend = 0, frame = 0
  68              		@ frame_needed = 0, uses_anonymous_args = 0
  69              	.LVL4:
  70 0000 08B5     		push	{r3, lr}
  71              		.cfi_def_cfa_offset 8
  72              		.cfi_offset 3, -8
  73              		.cfi_offset 14, -4
  74              	.LVL5:
  81:source\bsw\cdd/button.c ****     boolean_t result = FALSE;
  82:source\bsw\cdd/button.c ****     
  83:source\bsw\cdd/button.c ****     switch (button)
  75              		.loc 1 83 0
  76 0002 0328     		cmp	r0, #3
  77 0004 1BD8     		bhi	.L12
  78 0006 DFE800F0 		tbb	[pc, r0]
  79              	.L8:
  80 000a 02       		.byte	(.L7-.L8)/2
  81 000b 08       		.byte	(.L9-.L8)/2
  82 000c 0E       		.byte	(.L10-.L8)/2
  83 000d 14       		.byte	(.L11-.L8)/2
  84              		.p2align 1
  85              	.L7:
  84:source\bsw\cdd/button.c ****     {
  85:source\bsw\cdd/button.c ****         case BUTTON_1 : if (BUTTON_1_Read() == 1) result = TRUE; break;
ARM GAS  C:\Users\DABBIR~1\AppData\Local\Temp\ccYohJDu.s 			page 4


  86              		.loc 1 85 0
  87 000e FFF7FEFF 		bl	BUTTON_1_Read
  88              	.LVL6:
  89 0012 0128     		cmp	r0, #1
  90 0014 15D0     		beq	.L13
  81:source\bsw\cdd/button.c ****     boolean_t result = FALSE;
  91              		.loc 1 81 0
  92 0016 0020     		movs	r0, #0
  93 0018 08BD     		pop	{r3, pc}
  94              	.LVL7:
  95              	.L9:
  86:source\bsw\cdd/button.c ****         case BUTTON_2 : if (BUTTON_2_Read() == 1) result = TRUE; break;
  96              		.loc 1 86 0
  97 001a FFF7FEFF 		bl	BUTTON_2_Read
  98              	.LVL8:
  99 001e 0128     		cmp	r0, #1
 100 0020 11D0     		beq	.L14
  81:source\bsw\cdd/button.c ****     boolean_t result = FALSE;
 101              		.loc 1 81 0
 102 0022 0020     		movs	r0, #0
 103 0024 08BD     		pop	{r3, pc}
 104              	.LVL9:
 105              	.L10:
  87:source\bsw\cdd/button.c ****         case BUTTON_3 : if (BUTTON_3_Read() == 1) result = TRUE; break;
 106              		.loc 1 87 0
 107 0026 FFF7FEFF 		bl	BUTTON_3_Read
 108              	.LVL10:
 109 002a 0128     		cmp	r0, #1
 110 002c 0DD0     		beq	.L15
  81:source\bsw\cdd/button.c ****     
 111              		.loc 1 81 0
 112 002e 0020     		movs	r0, #0
 113 0030 08BD     		pop	{r3, pc}
 114              	.LVL11:
 115              	.L11:
  88:source\bsw\cdd/button.c ****         case BUTTON_4 : if (BUTTON_4_Read() == 1) result = TRUE; break;
 116              		.loc 1 88 0
 117 0032 FFF7FEFF 		bl	BUTTON_4_Read
 118              	.LVL12:
 119 0036 0128     		cmp	r0, #1
 120 0038 09D0     		beq	.L16
  81:source\bsw\cdd/button.c ****     
 121              		.loc 1 81 0
 122 003a 0020     		movs	r0, #0
 123 003c 08BD     		pop	{r3, pc}
 124              	.LVL13:
 125              	.L12:
 126 003e 0020     		movs	r0, #0
 127              	.LVL14:
 128 0040 08BD     		pop	{r3, pc}
 129              	.L13:
  85:source\bsw\cdd/button.c ****         case BUTTON_2 : if (BUTTON_2_Read() == 1) result = TRUE; break;
 130              		.loc 1 85 0
 131 0042 0120     		movs	r0, #1
 132 0044 08BD     		pop	{r3, pc}
 133              	.L14:
  86:source\bsw\cdd/button.c ****         case BUTTON_3 : if (BUTTON_3_Read() == 1) result = TRUE; break;
ARM GAS  C:\Users\DABBIR~1\AppData\Local\Temp\ccYohJDu.s 			page 5


 134              		.loc 1 86 0
 135 0046 0120     		movs	r0, #1
 136 0048 08BD     		pop	{r3, pc}
 137              	.L15:
  87:source\bsw\cdd/button.c ****         case BUTTON_4 : if (BUTTON_4_Read() == 1) result = TRUE; break;
 138              		.loc 1 87 0
 139 004a 0120     		movs	r0, #1
 140 004c 08BD     		pop	{r3, pc}
 141              	.L16:
 142              		.loc 1 88 0
 143 004e 0120     		movs	r0, #1
 144              	.LVL15:
  89:source\bsw\cdd/button.c ****     }
  90:source\bsw\cdd/button.c ****     
  91:source\bsw\cdd/button.c ****     return result;
  92:source\bsw\cdd/button.c **** }
 145              		.loc 1 92 0
 146 0050 08BD     		pop	{r3, pc}
 147              		.cfi_endproc
 148              	.LFE111:
 149              		.size	BUTTON_IsPressed, .-BUTTON_IsPressed
 150 0052 00BF     		.text
 151              	.Letext0:
 152              		.file 2 "c:\\program files (x86)\\cypress\\psoc creator\\4.4\\psoc creator\\import\\gnu\\arm\\5.4.
 153              		.file 3 "c:\\program files (x86)\\cypress\\psoc creator\\4.4\\psoc creator\\import\\gnu\\arm\\5.4.
 154              		.file 4 "Generated_Source\\PSoC5/cytypes.h"
 155              		.file 5 "Generated_Source\\PSoC5/ErikaOS_1_common_ee_types.inc"
 156              		.file 6 "Generated_Source\\PSoC5/ErikaOS_1_cortex_mx_ee_cpu.inc"
 157              		.file 7 ".\\source\\bsw/global.h"
 158              		.file 8 "source\\bsw\\cdd\\button.h"
 159              		.file 9 "Generated_Source\\PSoC5/ErikaOS_1_ee_oo_intfunc.inc"
 160              		.file 10 "Generated_Source\\PSoC5/ErikaOS_1_cortex_mx_ee_context.inc"
 161              		.file 11 "Generated_Source\\PSoC5/ErikaOS_1_common_ee_primitives.inc"
 162              		.file 12 "Generated_Source\\PSoC5/core_cm3.h"
 163              		.file 13 "Generated_Source\\PSoC5/isr_Button.h"
 164              		.file 14 "Generated_Source\\PSoC5/BUTTON_1.h"
 165              		.file 15 "Generated_Source\\PSoC5/BUTTON_2.h"
 166              		.file 16 "Generated_Source\\PSoC5/BUTTON_3.h"
 167              		.file 17 "Generated_Source\\PSoC5/BUTTON_4.h"
 168              		.section	.debug_info,"",%progbits
 169              	.Ldebug_info0:
 170 0000 F1020000 		.4byte	0x2f1
 171 0004 0400     		.2byte	0x4
 172 0006 00000000 		.4byte	.Ldebug_abbrev0
 173 000a 04       		.byte	0x4
 174 000b 01       		.uleb128 0x1
 175 000c 06030000 		.4byte	.LASF70
 176 0010 0C       		.byte	0xc
 177 0011 29040000 		.4byte	.LASF71
 178 0015 17020000 		.4byte	.LASF72
 179 0019 00000000 		.4byte	.Ldebug_ranges0+0
 180 001d 00000000 		.4byte	0
 181 0021 00000000 		.4byte	.Ldebug_line0
 182 0025 02       		.uleb128 0x2
 183 0026 01       		.byte	0x1
 184 0027 06       		.byte	0x6
 185 0028 80020000 		.4byte	.LASF0
ARM GAS  C:\Users\DABBIR~1\AppData\Local\Temp\ccYohJDu.s 			page 6


 186 002c 02       		.uleb128 0x2
 187 002d 01       		.byte	0x1
 188 002e 08       		.byte	0x8
 189 002f F0010000 		.4byte	.LASF1
 190 0033 02       		.uleb128 0x2
 191 0034 02       		.byte	0x2
 192 0035 05       		.byte	0x5
 193 0036 39000000 		.4byte	.LASF2
 194 003a 02       		.uleb128 0x2
 195 003b 02       		.byte	0x2
 196 003c 07       		.byte	0x7
 197 003d F3020000 		.4byte	.LASF3
 198 0041 03       		.uleb128 0x3
 199 0042 4F040000 		.4byte	.LASF9
 200 0046 02       		.byte	0x2
 201 0047 3F       		.byte	0x3f
 202 0048 4C000000 		.4byte	0x4c
 203 004c 02       		.uleb128 0x2
 204 004d 04       		.byte	0x4
 205 004e 05       		.byte	0x5
 206 004f 7F010000 		.4byte	.LASF4
 207 0053 02       		.uleb128 0x2
 208 0054 04       		.byte	0x4
 209 0055 07       		.byte	0x7
 210 0056 E8030000 		.4byte	.LASF5
 211 005a 02       		.uleb128 0x2
 212 005b 08       		.byte	0x8
 213 005c 05       		.byte	0x5
 214 005d 34010000 		.4byte	.LASF6
 215 0061 02       		.uleb128 0x2
 216 0062 08       		.byte	0x8
 217 0063 07       		.byte	0x7
 218 0064 8C020000 		.4byte	.LASF7
 219 0068 04       		.uleb128 0x4
 220 0069 04       		.byte	0x4
 221 006a 05       		.byte	0x5
 222 006b 696E7400 		.ascii	"int\000"
 223 006f 02       		.uleb128 0x2
 224 0070 04       		.byte	0x4
 225 0071 07       		.byte	0x7
 226 0072 A3020000 		.4byte	.LASF8
 227 0076 03       		.uleb128 0x3
 228 0077 BA030000 		.4byte	.LASF10
 229 007b 03       		.byte	0x3
 230 007c 2C       		.byte	0x2c
 231 007d 41000000 		.4byte	0x41
 232 0081 02       		.uleb128 0x2
 233 0082 04       		.byte	0x4
 234 0083 04       		.byte	0x4
 235 0084 20010000 		.4byte	.LASF11
 236 0088 02       		.uleb128 0x2
 237 0089 08       		.byte	0x8
 238 008a 04       		.byte	0x4
 239 008b FA030000 		.4byte	.LASF12
 240 008f 02       		.uleb128 0x2
 241 0090 01       		.byte	0x1
 242 0091 08       		.byte	0x8
ARM GAS  C:\Users\DABBIR~1\AppData\Local\Temp\ccYohJDu.s 			page 7


 243 0092 A0030000 		.4byte	.LASF13
 244 0096 05       		.uleb128 0x5
 245 0097 0A020000 		.4byte	.LASF14
 246 009b 04       		.byte	0x4
 247 009c A002     		.2byte	0x2a0
 248 009e A2000000 		.4byte	0xa2
 249 00a2 06       		.uleb128 0x6
 250 00a3 04       		.byte	0x4
 251 00a4 A8000000 		.4byte	0xa8
 252 00a8 07       		.uleb128 0x7
 253 00a9 02       		.uleb128 0x2
 254 00aa 08       		.byte	0x8
 255 00ab 04       		.byte	0x4
 256 00ac FE010000 		.4byte	.LASF15
 257 00b0 03       		.uleb128 0x3
 258 00b1 E2020000 		.4byte	.LASF16
 259 00b5 05       		.byte	0x5
 260 00b6 53       		.byte	0x53
 261 00b7 68000000 		.4byte	0x68
 262 00bb 03       		.uleb128 0x3
 263 00bc 9C000000 		.4byte	.LASF17
 264 00c0 05       		.byte	0x5
 265 00c1 54       		.byte	0x54
 266 00c2 6F000000 		.4byte	0x6f
 267 00c6 03       		.uleb128 0x3
 268 00c7 13040000 		.4byte	.LASF18
 269 00cb 06       		.byte	0x6
 270 00cc 4D       		.byte	0x4d
 271 00cd BB000000 		.4byte	0xbb
 272 00d1 03       		.uleb128 0x3
 273 00d2 80000000 		.4byte	.LASF19
 274 00d6 06       		.byte	0x6
 275 00d7 4F       		.byte	0x4f
 276 00d8 BB000000 		.4byte	0xbb
 277 00dc 03       		.uleb128 0x3
 278 00dd A6000000 		.4byte	.LASF20
 279 00e1 06       		.byte	0x6
 280 00e2 78       		.byte	0x78
 281 00e3 B0000000 		.4byte	0xb0
 282 00e7 02       		.uleb128 0x2
 283 00e8 04       		.byte	0x4
 284 00e9 07       		.byte	0x7
 285 00ea 69000000 		.4byte	.LASF21
 286 00ee 03       		.uleb128 0x3
 287 00ef E6010000 		.4byte	.LASF22
 288 00f3 07       		.byte	0x7
 289 00f4 82       		.byte	0x82
 290 00f5 2C000000 		.4byte	0x2c
 291 00f9 08       		.uleb128 0x8
 292 00fa 65524300 		.ascii	"eRC\000"
 293 00fe 01       		.byte	0x1
 294 00ff 25000000 		.4byte	0x25
 295 0103 07       		.byte	0x7
 296 0104 AC       		.byte	0xac
 297 0105 A0010000 		.4byte	0x1a0
 298 0109 09       		.uleb128 0x9
 299 010a 1A000000 		.4byte	.LASF23
ARM GAS  C:\Users\DABBIR~1\AppData\Local\Temp\ccYohJDu.s 			page 8


 300 010e 00       		.byte	0
 301 010f 0A       		.uleb128 0xa
 302 0110 AF040000 		.4byte	.LASF24
 303 0114 7F       		.sleb128 -1
 304 0115 0A       		.uleb128 0xa
 305 0116 BE020000 		.4byte	.LASF25
 306 011a 7E       		.sleb128 -2
 307 011b 0A       		.uleb128 0xa
 308 011c 72000000 		.4byte	.LASF26
 309 0120 7D       		.sleb128 -3
 310 0121 0A       		.uleb128 0xa
 311 0122 B8040000 		.4byte	.LASF27
 312 0126 7C       		.sleb128 -4
 313 0127 0A       		.uleb128 0xa
 314 0128 03010000 		.4byte	.LASF28
 315 012c 7B       		.sleb128 -5
 316 012d 0A       		.uleb128 0xa
 317 012e 43000000 		.4byte	.LASF29
 318 0132 7A       		.sleb128 -6
 319 0133 0A       		.uleb128 0xa
 320 0134 88010000 		.4byte	.LASF30
 321 0138 79       		.sleb128 -7
 322 0139 0A       		.uleb128 0xa
 323 013a A5030000 		.4byte	.LASF31
 324 013e 78       		.sleb128 -8
 325 013f 0A       		.uleb128 0xa
 326 0140 CC020000 		.4byte	.LASF32
 327 0144 77       		.sleb128 -9
 328 0145 0A       		.uleb128 0xa
 329 0146 A9010000 		.4byte	.LASF33
 330 014a 76       		.sleb128 -10
 331 014b 0A       		.uleb128 0xa
 332 014c E5040000 		.4byte	.LASF34
 333 0150 75       		.sleb128 -11
 334 0151 0A       		.uleb128 0xa
 335 0152 B0020000 		.4byte	.LASF35
 336 0156 74       		.sleb128 -12
 337 0157 0A       		.uleb128 0xa
 338 0158 01040000 		.4byte	.LASF36
 339 015c 73       		.sleb128 -13
 340 015d 0A       		.uleb128 0xa
 341 015e 07000000 		.4byte	.LASF37
 342 0162 72       		.sleb128 -14
 343 0163 0A       		.uleb128 0xa
 344 0164 25000000 		.4byte	.LASF38
 345 0168 71       		.sleb128 -15
 346 0169 0A       		.uleb128 0xa
 347 016a C3010000 		.4byte	.LASF39
 348 016e 70       		.sleb128 -16
 349 016f 0A       		.uleb128 0xa
 350 0170 88000000 		.4byte	.LASF40
 351 0174 6F       		.sleb128 -17
 352 0175 0A       		.uleb128 0xa
 353 0176 54000000 		.4byte	.LASF41
 354 017a 6E       		.sleb128 -18
 355 017b 0A       		.uleb128 0xa
 356 017c 5B010000 		.4byte	.LASF42
ARM GAS  C:\Users\DABBIR~1\AppData\Local\Temp\ccYohJDu.s 			page 9


 357 0180 6D       		.sleb128 -19
 358 0181 0A       		.uleb128 0xa
 359 0182 C2030000 		.4byte	.LASF43
 360 0186 6C       		.sleb128 -20
 361 0187 0A       		.uleb128 0xa
 362 0188 D4010000 		.4byte	.LASF44
 363 018c 6B       		.sleb128 -21
 364 018d 0A       		.uleb128 0xa
 365 018e 7D040000 		.4byte	.LASF45
 366 0192 6A       		.sleb128 -22
 367 0193 0A       		.uleb128 0xa
 368 0194 AD000000 		.4byte	.LASF46
 369 0198 69       		.sleb128 -23
 370 0199 0A       		.uleb128 0xa
 371 019a 6E010000 		.4byte	.LASF47
 372 019e 68       		.sleb128 -24
 373 019f 00       		.byte	0
 374 01a0 03       		.uleb128 0x3
 375 01a1 E0040000 		.4byte	.LASF48
 376 01a5 07       		.byte	0x7
 377 01a6 C8       		.byte	0xc8
 378 01a7 F9000000 		.4byte	0xf9
 379 01ab 0B       		.uleb128 0xb
 380 01ac EB020000 		.4byte	.LASF49
 381 01b0 01       		.byte	0x1
 382 01b1 2C000000 		.4byte	0x2c
 383 01b5 08       		.byte	0x8
 384 01b6 59       		.byte	0x59
 385 01b7 D4010000 		.4byte	0x1d4
 386 01bb 09       		.uleb128 0x9
 387 01bc 59040000 		.4byte	.LASF50
 388 01c0 00       		.byte	0
 389 01c1 09       		.uleb128 0x9
 390 01c2 62040000 		.4byte	.LASF51
 391 01c6 01       		.byte	0x1
 392 01c7 09       		.uleb128 0x9
 393 01c8 6B040000 		.4byte	.LASF52
 394 01cc 02       		.byte	0x2
 395 01cd 09       		.uleb128 0x9
 396 01ce 74040000 		.4byte	.LASF53
 397 01d2 03       		.byte	0x3
 398 01d3 00       		.byte	0
 399 01d4 03       		.uleb128 0x3
 400 01d5 B7010000 		.4byte	.LASF54
 401 01d9 08       		.byte	0x8
 402 01da 5F       		.byte	0x5f
 403 01db AB010000 		.4byte	0x1ab
 404 01df 0C       		.uleb128 0xc
 405 01e0 94030000 		.4byte	.LASF55
 406 01e4 01       		.byte	0x1
 407 01e5 3F       		.byte	0x3f
 408 01e6 A0010000 		.4byte	0x1a0
 409 01ea 00000000 		.4byte	.LFB110
 410 01ee 10000000 		.4byte	.LFE110-.LFB110
 411 01f2 01       		.uleb128 0x1
 412 01f3 9C       		.byte	0x9c
 413 01f4 19020000 		.4byte	0x219
ARM GAS  C:\Users\DABBIR~1\AppData\Local\Temp\ccYohJDu.s 			page 10


 414 01f8 0D       		.uleb128 0xd
 415 01f9 9A010000 		.4byte	.LASF57
 416 01fd 01       		.byte	0x1
 417 01fe 3F       		.byte	0x3f
 418 01ff 96000000 		.4byte	0x96
 419 0203 00000000 		.4byte	.LLST0
 420 0207 0E       		.uleb128 0xe
 421 0208 08000000 		.4byte	.LVL1
 422 020c BD020000 		.4byte	0x2bd
 423 0210 0F       		.uleb128 0xf
 424 0211 01       		.uleb128 0x1
 425 0212 50       		.byte	0x50
 426 0213 03       		.uleb128 0x3
 427 0214 F3       		.byte	0xf3
 428 0215 01       		.uleb128 0x1
 429 0216 50       		.byte	0x50
 430 0217 00       		.byte	0
 431 0218 00       		.byte	0
 432 0219 0C       		.uleb128 0xc
 433 021a D9000000 		.4byte	.LASF56
 434 021e 01       		.byte	0x1
 435 021f 4F       		.byte	0x4f
 436 0220 EE000000 		.4byte	0xee
 437 0224 00000000 		.4byte	.LFB111
 438 0228 52000000 		.4byte	.LFE111-.LFB111
 439 022c 01       		.uleb128 0x1
 440 022d 9C       		.byte	0x9c
 441 022e 75020000 		.4byte	0x275
 442 0232 0D       		.uleb128 0xd
 443 0233 A2010000 		.4byte	.LASF58
 444 0237 01       		.byte	0x1
 445 0238 4F       		.byte	0x4f
 446 0239 D4010000 		.4byte	0x1d4
 447 023d 3A000000 		.4byte	.LLST1
 448 0241 10       		.uleb128 0x10
 449 0242 00000000 		.4byte	.LASF73
 450 0246 01       		.byte	0x1
 451 0247 51       		.byte	0x51
 452 0248 EE000000 		.4byte	0xee
 453 024c BF000000 		.4byte	.LLST2
 454 0250 11       		.uleb128 0x11
 455 0251 12000000 		.4byte	.LVL6
 456 0255 C8020000 		.4byte	0x2c8
 457 0259 11       		.uleb128 0x11
 458 025a 1E000000 		.4byte	.LVL8
 459 025e D3020000 		.4byte	0x2d3
 460 0262 11       		.uleb128 0x11
 461 0263 2A000000 		.4byte	.LVL10
 462 0267 DE020000 		.4byte	0x2de
 463 026b 11       		.uleb128 0x11
 464 026c 36000000 		.4byte	.LVL12
 465 0270 E9020000 		.4byte	0x2e9
 466 0274 00       		.byte	0
 467 0275 12       		.uleb128 0x12
 468 0276 C8040000 		.4byte	.LASF59
 469 027a 09       		.byte	0x9
 470 027b 40       		.byte	0x40
ARM GAS  C:\Users\DABBIR~1\AppData\Local\Temp\ccYohJDu.s 			page 11


 471 027c C6000000 		.4byte	0xc6
 472 0280 12       		.uleb128 0x12
 473 0281 42010000 		.4byte	.LASF60
 474 0285 09       		.byte	0x9
 475 0286 47       		.byte	0x47
 476 0287 D1000000 		.4byte	0xd1
 477 028b 12       		.uleb128 0x12
 478 028c D5030000 		.4byte	.LASF61
 479 0290 09       		.byte	0x9
 480 0291 4A       		.byte	0x4a
 481 0292 C6000000 		.4byte	0xc6
 482 0296 12       		.uleb128 0x12
 483 0297 EA000000 		.4byte	.LASF62
 484 029b 0A       		.byte	0xa
 485 029c 48       		.byte	0x48
 486 029d DC000000 		.4byte	0xdc
 487 02a1 12       		.uleb128 0x12
 488 02a2 C4000000 		.4byte	.LASF63
 489 02a6 0B       		.byte	0xb
 490 02a7 44       		.byte	0x44
 491 02a8 C6000000 		.4byte	0xc6
 492 02ac 13       		.uleb128 0x13
 493 02ad A2040000 		.4byte	.LASF64
 494 02b1 0C       		.byte	0xc
 495 02b2 1207     		.2byte	0x712
 496 02b4 B8020000 		.4byte	0x2b8
 497 02b8 14       		.uleb128 0x14
 498 02b9 76000000 		.4byte	0x76
 499 02bd 15       		.uleb128 0x15
 500 02be 8F040000 		.4byte	.LASF65
 501 02c2 8F040000 		.4byte	.LASF65
 502 02c6 0D       		.byte	0xd
 503 02c7 18       		.byte	0x18
 504 02c8 15       		.uleb128 0x15
 505 02c9 26010000 		.4byte	.LASF66
 506 02cd 26010000 		.4byte	.LASF66
 507 02d1 0E       		.byte	0xe
 508 02d2 29       		.byte	0x29
 509 02d3 15       		.uleb128 0x15
 510 02d4 41040000 		.4byte	.LASF67
 511 02d8 41040000 		.4byte	.LASF67
 512 02dc 0F       		.byte	0xf
 513 02dd 29       		.byte	0x29
 514 02de 15       		.uleb128 0x15
 515 02df 12010000 		.4byte	.LASF68
 516 02e3 12010000 		.4byte	.LASF68
 517 02e7 10       		.byte	0x10
 518 02e8 29       		.byte	0x29
 519 02e9 15       		.uleb128 0x15
 520 02ea 1B040000 		.4byte	.LASF69
 521 02ee 1B040000 		.4byte	.LASF69
 522 02f2 11       		.byte	0x11
 523 02f3 29       		.byte	0x29
 524 02f4 00       		.byte	0
 525              		.section	.debug_abbrev,"",%progbits
 526              	.Ldebug_abbrev0:
 527 0000 01       		.uleb128 0x1
ARM GAS  C:\Users\DABBIR~1\AppData\Local\Temp\ccYohJDu.s 			page 12


 528 0001 11       		.uleb128 0x11
 529 0002 01       		.byte	0x1
 530 0003 25       		.uleb128 0x25
 531 0004 0E       		.uleb128 0xe
 532 0005 13       		.uleb128 0x13
 533 0006 0B       		.uleb128 0xb
 534 0007 03       		.uleb128 0x3
 535 0008 0E       		.uleb128 0xe
 536 0009 1B       		.uleb128 0x1b
 537 000a 0E       		.uleb128 0xe
 538 000b 55       		.uleb128 0x55
 539 000c 17       		.uleb128 0x17
 540 000d 11       		.uleb128 0x11
 541 000e 01       		.uleb128 0x1
 542 000f 10       		.uleb128 0x10
 543 0010 17       		.uleb128 0x17
 544 0011 00       		.byte	0
 545 0012 00       		.byte	0
 546 0013 02       		.uleb128 0x2
 547 0014 24       		.uleb128 0x24
 548 0015 00       		.byte	0
 549 0016 0B       		.uleb128 0xb
 550 0017 0B       		.uleb128 0xb
 551 0018 3E       		.uleb128 0x3e
 552 0019 0B       		.uleb128 0xb
 553 001a 03       		.uleb128 0x3
 554 001b 0E       		.uleb128 0xe
 555 001c 00       		.byte	0
 556 001d 00       		.byte	0
 557 001e 03       		.uleb128 0x3
 558 001f 16       		.uleb128 0x16
 559 0020 00       		.byte	0
 560 0021 03       		.uleb128 0x3
 561 0022 0E       		.uleb128 0xe
 562 0023 3A       		.uleb128 0x3a
 563 0024 0B       		.uleb128 0xb
 564 0025 3B       		.uleb128 0x3b
 565 0026 0B       		.uleb128 0xb
 566 0027 49       		.uleb128 0x49
 567 0028 13       		.uleb128 0x13
 568 0029 00       		.byte	0
 569 002a 00       		.byte	0
 570 002b 04       		.uleb128 0x4
 571 002c 24       		.uleb128 0x24
 572 002d 00       		.byte	0
 573 002e 0B       		.uleb128 0xb
 574 002f 0B       		.uleb128 0xb
 575 0030 3E       		.uleb128 0x3e
 576 0031 0B       		.uleb128 0xb
 577 0032 03       		.uleb128 0x3
 578 0033 08       		.uleb128 0x8
 579 0034 00       		.byte	0
 580 0035 00       		.byte	0
 581 0036 05       		.uleb128 0x5
 582 0037 16       		.uleb128 0x16
 583 0038 00       		.byte	0
 584 0039 03       		.uleb128 0x3
ARM GAS  C:\Users\DABBIR~1\AppData\Local\Temp\ccYohJDu.s 			page 13


 585 003a 0E       		.uleb128 0xe
 586 003b 3A       		.uleb128 0x3a
 587 003c 0B       		.uleb128 0xb
 588 003d 3B       		.uleb128 0x3b
 589 003e 05       		.uleb128 0x5
 590 003f 49       		.uleb128 0x49
 591 0040 13       		.uleb128 0x13
 592 0041 00       		.byte	0
 593 0042 00       		.byte	0
 594 0043 06       		.uleb128 0x6
 595 0044 0F       		.uleb128 0xf
 596 0045 00       		.byte	0
 597 0046 0B       		.uleb128 0xb
 598 0047 0B       		.uleb128 0xb
 599 0048 49       		.uleb128 0x49
 600 0049 13       		.uleb128 0x13
 601 004a 00       		.byte	0
 602 004b 00       		.byte	0
 603 004c 07       		.uleb128 0x7
 604 004d 15       		.uleb128 0x15
 605 004e 00       		.byte	0
 606 004f 27       		.uleb128 0x27
 607 0050 19       		.uleb128 0x19
 608 0051 00       		.byte	0
 609 0052 00       		.byte	0
 610 0053 08       		.uleb128 0x8
 611 0054 04       		.uleb128 0x4
 612 0055 01       		.byte	0x1
 613 0056 03       		.uleb128 0x3
 614 0057 08       		.uleb128 0x8
 615 0058 0B       		.uleb128 0xb
 616 0059 0B       		.uleb128 0xb
 617 005a 49       		.uleb128 0x49
 618 005b 13       		.uleb128 0x13
 619 005c 3A       		.uleb128 0x3a
 620 005d 0B       		.uleb128 0xb
 621 005e 3B       		.uleb128 0x3b
 622 005f 0B       		.uleb128 0xb
 623 0060 01       		.uleb128 0x1
 624 0061 13       		.uleb128 0x13
 625 0062 00       		.byte	0
 626 0063 00       		.byte	0
 627 0064 09       		.uleb128 0x9
 628 0065 28       		.uleb128 0x28
 629 0066 00       		.byte	0
 630 0067 03       		.uleb128 0x3
 631 0068 0E       		.uleb128 0xe
 632 0069 1C       		.uleb128 0x1c
 633 006a 0B       		.uleb128 0xb
 634 006b 00       		.byte	0
 635 006c 00       		.byte	0
 636 006d 0A       		.uleb128 0xa
 637 006e 28       		.uleb128 0x28
 638 006f 00       		.byte	0
 639 0070 03       		.uleb128 0x3
 640 0071 0E       		.uleb128 0xe
 641 0072 1C       		.uleb128 0x1c
ARM GAS  C:\Users\DABBIR~1\AppData\Local\Temp\ccYohJDu.s 			page 14


 642 0073 0D       		.uleb128 0xd
 643 0074 00       		.byte	0
 644 0075 00       		.byte	0
 645 0076 0B       		.uleb128 0xb
 646 0077 04       		.uleb128 0x4
 647 0078 01       		.byte	0x1
 648 0079 03       		.uleb128 0x3
 649 007a 0E       		.uleb128 0xe
 650 007b 0B       		.uleb128 0xb
 651 007c 0B       		.uleb128 0xb
 652 007d 49       		.uleb128 0x49
 653 007e 13       		.uleb128 0x13
 654 007f 3A       		.uleb128 0x3a
 655 0080 0B       		.uleb128 0xb
 656 0081 3B       		.uleb128 0x3b
 657 0082 0B       		.uleb128 0xb
 658 0083 01       		.uleb128 0x1
 659 0084 13       		.uleb128 0x13
 660 0085 00       		.byte	0
 661 0086 00       		.byte	0
 662 0087 0C       		.uleb128 0xc
 663 0088 2E       		.uleb128 0x2e
 664 0089 01       		.byte	0x1
 665 008a 3F       		.uleb128 0x3f
 666 008b 19       		.uleb128 0x19
 667 008c 03       		.uleb128 0x3
 668 008d 0E       		.uleb128 0xe
 669 008e 3A       		.uleb128 0x3a
 670 008f 0B       		.uleb128 0xb
 671 0090 3B       		.uleb128 0x3b
 672 0091 0B       		.uleb128 0xb
 673 0092 27       		.uleb128 0x27
 674 0093 19       		.uleb128 0x19
 675 0094 49       		.uleb128 0x49
 676 0095 13       		.uleb128 0x13
 677 0096 11       		.uleb128 0x11
 678 0097 01       		.uleb128 0x1
 679 0098 12       		.uleb128 0x12
 680 0099 06       		.uleb128 0x6
 681 009a 40       		.uleb128 0x40
 682 009b 18       		.uleb128 0x18
 683 009c 9742     		.uleb128 0x2117
 684 009e 19       		.uleb128 0x19
 685 009f 01       		.uleb128 0x1
 686 00a0 13       		.uleb128 0x13
 687 00a1 00       		.byte	0
 688 00a2 00       		.byte	0
 689 00a3 0D       		.uleb128 0xd
 690 00a4 05       		.uleb128 0x5
 691 00a5 00       		.byte	0
 692 00a6 03       		.uleb128 0x3
 693 00a7 0E       		.uleb128 0xe
 694 00a8 3A       		.uleb128 0x3a
 695 00a9 0B       		.uleb128 0xb
 696 00aa 3B       		.uleb128 0x3b
 697 00ab 0B       		.uleb128 0xb
 698 00ac 49       		.uleb128 0x49
ARM GAS  C:\Users\DABBIR~1\AppData\Local\Temp\ccYohJDu.s 			page 15


 699 00ad 13       		.uleb128 0x13
 700 00ae 02       		.uleb128 0x2
 701 00af 17       		.uleb128 0x17
 702 00b0 00       		.byte	0
 703 00b1 00       		.byte	0
 704 00b2 0E       		.uleb128 0xe
 705 00b3 898201   		.uleb128 0x4109
 706 00b6 01       		.byte	0x1
 707 00b7 11       		.uleb128 0x11
 708 00b8 01       		.uleb128 0x1
 709 00b9 31       		.uleb128 0x31
 710 00ba 13       		.uleb128 0x13
 711 00bb 00       		.byte	0
 712 00bc 00       		.byte	0
 713 00bd 0F       		.uleb128 0xf
 714 00be 8A8201   		.uleb128 0x410a
 715 00c1 00       		.byte	0
 716 00c2 02       		.uleb128 0x2
 717 00c3 18       		.uleb128 0x18
 718 00c4 9142     		.uleb128 0x2111
 719 00c6 18       		.uleb128 0x18
 720 00c7 00       		.byte	0
 721 00c8 00       		.byte	0
 722 00c9 10       		.uleb128 0x10
 723 00ca 34       		.uleb128 0x34
 724 00cb 00       		.byte	0
 725 00cc 03       		.uleb128 0x3
 726 00cd 0E       		.uleb128 0xe
 727 00ce 3A       		.uleb128 0x3a
 728 00cf 0B       		.uleb128 0xb
 729 00d0 3B       		.uleb128 0x3b
 730 00d1 0B       		.uleb128 0xb
 731 00d2 49       		.uleb128 0x49
 732 00d3 13       		.uleb128 0x13
 733 00d4 02       		.uleb128 0x2
 734 00d5 17       		.uleb128 0x17
 735 00d6 00       		.byte	0
 736 00d7 00       		.byte	0
 737 00d8 11       		.uleb128 0x11
 738 00d9 898201   		.uleb128 0x4109
 739 00dc 00       		.byte	0
 740 00dd 11       		.uleb128 0x11
 741 00de 01       		.uleb128 0x1
 742 00df 31       		.uleb128 0x31
 743 00e0 13       		.uleb128 0x13
 744 00e1 00       		.byte	0
 745 00e2 00       		.byte	0
 746 00e3 12       		.uleb128 0x12
 747 00e4 34       		.uleb128 0x34
 748 00e5 00       		.byte	0
 749 00e6 03       		.uleb128 0x3
 750 00e7 0E       		.uleb128 0xe
 751 00e8 3A       		.uleb128 0x3a
 752 00e9 0B       		.uleb128 0xb
 753 00ea 3B       		.uleb128 0x3b
 754 00eb 0B       		.uleb128 0xb
 755 00ec 49       		.uleb128 0x49
ARM GAS  C:\Users\DABBIR~1\AppData\Local\Temp\ccYohJDu.s 			page 16


 756 00ed 13       		.uleb128 0x13
 757 00ee 3F       		.uleb128 0x3f
 758 00ef 19       		.uleb128 0x19
 759 00f0 3C       		.uleb128 0x3c
 760 00f1 19       		.uleb128 0x19
 761 00f2 00       		.byte	0
 762 00f3 00       		.byte	0
 763 00f4 13       		.uleb128 0x13
 764 00f5 34       		.uleb128 0x34
 765 00f6 00       		.byte	0
 766 00f7 03       		.uleb128 0x3
 767 00f8 0E       		.uleb128 0xe
 768 00f9 3A       		.uleb128 0x3a
 769 00fa 0B       		.uleb128 0xb
 770 00fb 3B       		.uleb128 0x3b
 771 00fc 05       		.uleb128 0x5
 772 00fd 49       		.uleb128 0x49
 773 00fe 13       		.uleb128 0x13
 774 00ff 3F       		.uleb128 0x3f
 775 0100 19       		.uleb128 0x19
 776 0101 3C       		.uleb128 0x3c
 777 0102 19       		.uleb128 0x19
 778 0103 00       		.byte	0
 779 0104 00       		.byte	0
 780 0105 14       		.uleb128 0x14
 781 0106 35       		.uleb128 0x35
 782 0107 00       		.byte	0
 783 0108 49       		.uleb128 0x49
 784 0109 13       		.uleb128 0x13
 785 010a 00       		.byte	0
 786 010b 00       		.byte	0
 787 010c 15       		.uleb128 0x15
 788 010d 2E       		.uleb128 0x2e
 789 010e 00       		.byte	0
 790 010f 3F       		.uleb128 0x3f
 791 0110 19       		.uleb128 0x19
 792 0111 3C       		.uleb128 0x3c
 793 0112 19       		.uleb128 0x19
 794 0113 6E       		.uleb128 0x6e
 795 0114 0E       		.uleb128 0xe
 796 0115 03       		.uleb128 0x3
 797 0116 0E       		.uleb128 0xe
 798 0117 3A       		.uleb128 0x3a
 799 0118 0B       		.uleb128 0xb
 800 0119 3B       		.uleb128 0x3b
 801 011a 0B       		.uleb128 0xb
 802 011b 00       		.byte	0
 803 011c 00       		.byte	0
 804 011d 00       		.byte	0
 805              		.section	.debug_loc,"",%progbits
 806              	.Ldebug_loc0:
 807              	.LLST0:
 808 0000 00000000 		.4byte	.LVL0
 809 0004 07000000 		.4byte	.LVL1-1
 810 0008 0100     		.2byte	0x1
 811 000a 50       		.byte	0x50
 812 000b 07000000 		.4byte	.LVL1-1
ARM GAS  C:\Users\DABBIR~1\AppData\Local\Temp\ccYohJDu.s 			page 17


 813 000f 0C000000 		.4byte	.LVL2
 814 0013 0400     		.2byte	0x4
 815 0015 F3       		.byte	0xf3
 816 0016 01       		.uleb128 0x1
 817 0017 50       		.byte	0x50
 818 0018 9F       		.byte	0x9f
 819 0019 0C000000 		.4byte	.LVL2
 820 001d 0E000000 		.4byte	.LVL3
 821 0021 0100     		.2byte	0x1
 822 0023 50       		.byte	0x50
 823 0024 0E000000 		.4byte	.LVL3
 824 0028 10000000 		.4byte	.LFE110
 825 002c 0400     		.2byte	0x4
 826 002e F3       		.byte	0xf3
 827 002f 01       		.uleb128 0x1
 828 0030 50       		.byte	0x50
 829 0031 9F       		.byte	0x9f
 830 0032 00000000 		.4byte	0
 831 0036 00000000 		.4byte	0
 832              	.LLST1:
 833 003a 00000000 		.4byte	.LVL4
 834 003e 11000000 		.4byte	.LVL6-1
 835 0042 0100     		.2byte	0x1
 836 0044 50       		.byte	0x50
 837 0045 11000000 		.4byte	.LVL6-1
 838 0049 1A000000 		.4byte	.LVL7
 839 004d 0400     		.2byte	0x4
 840 004f F3       		.byte	0xf3
 841 0050 01       		.uleb128 0x1
 842 0051 50       		.byte	0x50
 843 0052 9F       		.byte	0x9f
 844 0053 1A000000 		.4byte	.LVL7
 845 0057 1D000000 		.4byte	.LVL8-1
 846 005b 0100     		.2byte	0x1
 847 005d 50       		.byte	0x50
 848 005e 1D000000 		.4byte	.LVL8-1
 849 0062 26000000 		.4byte	.LVL9
 850 0066 0400     		.2byte	0x4
 851 0068 F3       		.byte	0xf3
 852 0069 01       		.uleb128 0x1
 853 006a 50       		.byte	0x50
 854 006b 9F       		.byte	0x9f
 855 006c 26000000 		.4byte	.LVL9
 856 0070 29000000 		.4byte	.LVL10-1
 857 0074 0100     		.2byte	0x1
 858 0076 50       		.byte	0x50
 859 0077 29000000 		.4byte	.LVL10-1
 860 007b 32000000 		.4byte	.LVL11
 861 007f 0400     		.2byte	0x4
 862 0081 F3       		.byte	0xf3
 863 0082 01       		.uleb128 0x1
 864 0083 50       		.byte	0x50
 865 0084 9F       		.byte	0x9f
 866 0085 32000000 		.4byte	.LVL11
 867 0089 35000000 		.4byte	.LVL12-1
 868 008d 0100     		.2byte	0x1
 869 008f 50       		.byte	0x50
ARM GAS  C:\Users\DABBIR~1\AppData\Local\Temp\ccYohJDu.s 			page 18


 870 0090 35000000 		.4byte	.LVL12-1
 871 0094 3E000000 		.4byte	.LVL13
 872 0098 0400     		.2byte	0x4
 873 009a F3       		.byte	0xf3
 874 009b 01       		.uleb128 0x1
 875 009c 50       		.byte	0x50
 876 009d 9F       		.byte	0x9f
 877 009e 3E000000 		.4byte	.LVL13
 878 00a2 40000000 		.4byte	.LVL14
 879 00a6 0100     		.2byte	0x1
 880 00a8 50       		.byte	0x50
 881 00a9 40000000 		.4byte	.LVL14
 882 00ad 52000000 		.4byte	.LFE111
 883 00b1 0400     		.2byte	0x4
 884 00b3 F3       		.byte	0xf3
 885 00b4 01       		.uleb128 0x1
 886 00b5 50       		.byte	0x50
 887 00b6 9F       		.byte	0x9f
 888 00b7 00000000 		.4byte	0
 889 00bb 00000000 		.4byte	0
 890              	.LLST2:
 891 00bf 02000000 		.4byte	.LVL5
 892 00c3 50000000 		.4byte	.LVL15
 893 00c7 0200     		.2byte	0x2
 894 00c9 30       		.byte	0x30
 895 00ca 9F       		.byte	0x9f
 896 00cb 50000000 		.4byte	.LVL15
 897 00cf 52000000 		.4byte	.LFE111
 898 00d3 0100     		.2byte	0x1
 899 00d5 50       		.byte	0x50
 900 00d6 00000000 		.4byte	0
 901 00da 00000000 		.4byte	0
 902              		.section	.debug_aranges,"",%progbits
 903 0000 24000000 		.4byte	0x24
 904 0004 0200     		.2byte	0x2
 905 0006 00000000 		.4byte	.Ldebug_info0
 906 000a 04       		.byte	0x4
 907 000b 00       		.byte	0
 908 000c 0000     		.2byte	0
 909 000e 0000     		.2byte	0
 910 0010 00000000 		.4byte	.LFB110
 911 0014 10000000 		.4byte	.LFE110-.LFB110
 912 0018 00000000 		.4byte	.LFB111
 913 001c 52000000 		.4byte	.LFE111-.LFB111
 914 0020 00000000 		.4byte	0
 915 0024 00000000 		.4byte	0
 916              		.section	.debug_ranges,"",%progbits
 917              	.Ldebug_ranges0:
 918 0000 00000000 		.4byte	.LFB110
 919 0004 10000000 		.4byte	.LFE110
 920 0008 00000000 		.4byte	.LFB111
 921 000c 52000000 		.4byte	.LFE111
 922 0010 00000000 		.4byte	0
 923 0014 00000000 		.4byte	0
 924              		.section	.debug_line,"",%progbits
 925              	.Ldebug_line0:
 926 0000 B3020000 		.section	.debug_str,"MS",%progbits,1
ARM GAS  C:\Users\DABBIR~1\AppData\Local\Temp\ccYohJDu.s 			page 19


 926      02007802 
 926      00000201 
 926      FB0E0D00 
 926      01010101 
 927              	.LASF73:
 928 0000 72657375 		.ascii	"result\000"
 928      6C7400
 929              	.LASF37:
 930 0007 52435F45 		.ascii	"RC_ERROR_READ_ONLY\000"
 930      52524F52 
 930      5F524541 
 930      445F4F4E 
 930      4C5900
 931              	.LASF23:
 932 001a 52435F53 		.ascii	"RC_SUCCESS\000"
 932      55434345 
 932      535300
 933              	.LASF38:
 934 0025 52435F45 		.ascii	"RC_ERROR_WRITE_ONLY\000"
 934      52524F52 
 934      5F575249 
 934      54455F4F 
 934      4E4C5900 
 935              	.LASF2:
 936 0039 73686F72 		.ascii	"short int\000"
 936      7420696E 
 936      7400
 937              	.LASF29:
 938 0043 52435F45 		.ascii	"RC_ERROR_OVERRUN\000"
 938      52524F52 
 938      5F4F5645 
 938      5252554E 
 938      00
 939              	.LASF41:
 940 0054 52435F45 		.ascii	"RC_ERROR_WRITE_FAILS\000"
 940      52524F52 
 940      5F575249 
 940      54455F46 
 940      41494C53 
 941              	.LASF21:
 942 0069 73697A65 		.ascii	"sizetype\000"
 942      74797065 
 942      00
 943              	.LASF26:
 944 0072 52435F45 		.ascii	"RC_ERROR_ZERO\000"
 944      52524F52 
 944      5F5A4552 
 944      4F00
 945              	.LASF19:
 946 0080 45455F46 		.ascii	"EE_FREG\000"
 946      52454700 
 947              	.LASF40:
 948 0088 52435F45 		.ascii	"RC_ERROR_READ_FAILS\000"
 948      52524F52 
 948      5F524541 
 948      445F4641 
 948      494C5300 
ARM GAS  C:\Users\DABBIR~1\AppData\Local\Temp\ccYohJDu.s 			page 20


 949              	.LASF17:
 950 009c 45455F55 		.ascii	"EE_UINT32\000"
 950      494E5433 
 950      3200
 951              	.LASF20:
 952 00a6 45455F54 		.ascii	"EE_TID\000"
 952      494400
 953              	.LASF46:
 954 00ad 52435F45 		.ascii	"RC_ERROR_INVALID_STATE\000"
 954      52524F52 
 954      5F494E56 
 954      414C4944 
 954      5F535441 
 955              	.LASF63:
 956 00c4 45455F49 		.ascii	"EE_IRQ_nesting_level\000"
 956      52515F6E 
 956      65737469 
 956      6E675F6C 
 956      6576656C 
 957              	.LASF56:
 958 00d9 42555454 		.ascii	"BUTTON_IsPressed\000"
 958      4F4E5F49 
 958      73507265 
 958      73736564 
 958      00
 959              	.LASF62:
 960 00ea 45455F73 		.ascii	"EE_std_endcycle_next_tid\000"
 960      74645F65 
 960      6E646379 
 960      636C655F 
 960      6E657874 
 961              	.LASF28:
 962 0103 52435F45 		.ascii	"RC_ERROR_RANGE\000"
 962      52524F52 
 962      5F52414E 
 962      474500
 963              	.LASF68:
 964 0112 42555454 		.ascii	"BUTTON_3_Read\000"
 964      4F4E5F33 
 964      5F526561 
 964      6400
 965              	.LASF11:
 966 0120 666C6F61 		.ascii	"float\000"
 966      7400
 967              	.LASF66:
 968 0126 42555454 		.ascii	"BUTTON_1_Read\000"
 968      4F4E5F31 
 968      5F526561 
 968      6400
 969              	.LASF6:
 970 0134 6C6F6E67 		.ascii	"long long int\000"
 970      206C6F6E 
 970      6720696E 
 970      7400
 971              	.LASF60:
 972 0142 45455F6F 		.ascii	"EE_oo_IRQ_suspend_status\000"
 972      6F5F4952 
ARM GAS  C:\Users\DABBIR~1\AppData\Local\Temp\ccYohJDu.s 			page 21


 972      515F7375 
 972      7370656E 
 972      645F7374 
 973              	.LASF42:
 974 015b 52435F45 		.ascii	"RC_ERROR_NOT_MATCH\000"
 974      52524F52 
 974      5F4E4F54 
 974      5F4D4154 
 974      434800
 975              	.LASF47:
 976 016e 52435F45 		.ascii	"RC_ERROR_UNKNOWN\000"
 976      52524F52 
 976      5F554E4B 
 976      4E4F574E 
 976      00
 977              	.LASF4:
 978 017f 6C6F6E67 		.ascii	"long int\000"
 978      20696E74 
 978      00
 979              	.LASF30:
 980 0188 52435F45 		.ascii	"RC_ERROR_UNDERRUN\000"
 980      52524F52 
 980      5F554E44 
 980      45525255 
 980      4E00
 981              	.LASF57:
 982 019a 61646472 		.ascii	"address\000"
 982      65737300 
 983              	.LASF58:
 984 01a2 62757474 		.ascii	"button\000"
 984      6F6E00
 985              	.LASF33:
 986 01a9 52435F45 		.ascii	"RC_ERROR_BUSY\000"
 986      52524F52 
 986      5F425553 
 986      5900
 987              	.LASF54:
 988 01b7 42555454 		.ascii	"BUTTON_id_t\000"
 988      4F4E5F69 
 988      645F7400 
 989              	.LASF39:
 990 01c3 52435F45 		.ascii	"RC_ERROR_INVALID\000"
 990      52524F52 
 990      5F494E56 
 990      414C4944 
 990      00
 991              	.LASF44:
 992 01d4 52435F45 		.ascii	"RC_ERROR_BAD_DATA\000"
 992      52524F52 
 992      5F424144 
 992      5F444154 
 992      4100
 993              	.LASF22:
 994 01e6 626F6F6C 		.ascii	"boolean_t\000"
 994      65616E5F 
 994      7400
 995              	.LASF1:
ARM GAS  C:\Users\DABBIR~1\AppData\Local\Temp\ccYohJDu.s 			page 22


 996 01f0 756E7369 		.ascii	"unsigned char\000"
 996      676E6564 
 996      20636861 
 996      7200
 997              	.LASF15:
 998 01fe 6C6F6E67 		.ascii	"long double\000"
 998      20646F75 
 998      626C6500 
 999              	.LASF14:
 1000 020a 63796973 		.ascii	"cyisraddress\000"
 1000      72616464 
 1000      72657373 
 1000      00
 1001              	.LASF72:
 1002 0217 433A5C4D 		.ascii	"C:\\My_Files\\College_Documents\\AMA EOS\\EOS\\LAB\\"
 1002      795F4669 
 1002      6C65735C 
 1002      436F6C6C 
 1002      6567655F 
 1003 0245 4C41425F 		.ascii	"LAB_2_Submission\\Json Parser\\code\\w06_criticalRe"
 1003      325F5375 
 1003      626D6973 
 1003      73696F6E 
 1003      5C4A736F 
 1004 0275 67696F6E 		.ascii	"gion.cydsn\000"
 1004      2E637964 
 1004      736E00
 1005              	.LASF0:
 1006 0280 7369676E 		.ascii	"signed char\000"
 1006      65642063 
 1006      68617200 
 1007              	.LASF7:
 1008 028c 6C6F6E67 		.ascii	"long long unsigned int\000"
 1008      206C6F6E 
 1008      6720756E 
 1008      7369676E 
 1008      65642069 
 1009              	.LASF8:
 1010 02a3 756E7369 		.ascii	"unsigned int\000"
 1010      676E6564 
 1010      20696E74 
 1010      00
 1011              	.LASF35:
 1012 02b0 52435F45 		.ascii	"RC_ERROR_OPEN\000"
 1012      52524F52 
 1012      5F4F5045 
 1012      4E00
 1013              	.LASF25:
 1014 02be 52435F45 		.ascii	"RC_ERROR_NULL\000"
 1014      52524F52 
 1014      5F4E554C 
 1014      4C00
 1015              	.LASF32:
 1016 02cc 52435F45 		.ascii	"RC_ERROR_BUFFER_EMTPY\000"
 1016      52524F52 
 1016      5F425546 
 1016      4645525F 
ARM GAS  C:\Users\DABBIR~1\AppData\Local\Temp\ccYohJDu.s 			page 23


 1016      454D5450 
 1017              	.LASF16:
 1018 02e2 45455F49 		.ascii	"EE_INT32\000"
 1018      4E543332 
 1018      00
 1019              	.LASF49:
 1020 02eb 65427574 		.ascii	"eButton\000"
 1020      746F6E00 
 1021              	.LASF3:
 1022 02f3 73686F72 		.ascii	"short unsigned int\000"
 1022      7420756E 
 1022      7369676E 
 1022      65642069 
 1022      6E7400
 1023              	.LASF70:
 1024 0306 474E5520 		.ascii	"GNU C11 5.4.1 20160609 (release) [ARM/embedded-5-br"
 1024      43313120 
 1024      352E342E 
 1024      31203230 
 1024      31363036 
 1025 0339 616E6368 		.ascii	"anch revision 237715] -mcpu=cortex-m3 -mthumb -g -O"
 1025      20726576 
 1025      6973696F 
 1025      6E203233 
 1025      37373135 
 1026 036c 67202D66 		.ascii	"g -ffunction-sections -ffat-lto-objects\000"
 1026      66756E63 
 1026      74696F6E 
 1026      2D736563 
 1026      74696F6E 
 1027              	.LASF55:
 1028 0394 42555454 		.ascii	"BUTTON_Init\000"
 1028      4F4E5F49 
 1028      6E697400 
 1029              	.LASF13:
 1030 03a0 63686172 		.ascii	"char\000"
 1030      00
 1031              	.LASF31:
 1032 03a5 52435F45 		.ascii	"RC_ERROR_BUFFER_FULL\000"
 1032      52524F52 
 1032      5F425546 
 1032      4645525F 
 1032      46554C4C 
 1033              	.LASF10:
 1034 03ba 696E7433 		.ascii	"int32_t\000"
 1034      325F7400 
 1035              	.LASF43:
 1036 03c2 52435F45 		.ascii	"RC_ERROR_BAD_PARAM\000"
 1036      52524F52 
 1036      5F424144 
 1036      5F504152 
 1036      414D00
 1037              	.LASF61:
 1038 03d5 45455F41 		.ascii	"EE_ApplicationMode\000"
 1038      70706C69 
 1038      63617469 
 1038      6F6E4D6F 
ARM GAS  C:\Users\DABBIR~1\AppData\Local\Temp\ccYohJDu.s 			page 24


 1038      646500
 1039              	.LASF5:
 1040 03e8 6C6F6E67 		.ascii	"long unsigned int\000"
 1040      20756E73 
 1040      69676E65 
 1040      6420696E 
 1040      7400
 1041              	.LASF12:
 1042 03fa 646F7562 		.ascii	"double\000"
 1042      6C6500
 1043              	.LASF36:
 1044 0401 52435F45 		.ascii	"RC_ERROR_CHECKSUM\000"
 1044      52524F52 
 1044      5F434845 
 1044      434B5355 
 1044      4D00
 1045              	.LASF18:
 1046 0413 45455F55 		.ascii	"EE_UREG\000"
 1046      52454700 
 1047              	.LASF69:
 1048 041b 42555454 		.ascii	"BUTTON_4_Read\000"
 1048      4F4E5F34 
 1048      5F526561 
 1048      6400
 1049              	.LASF71:
 1050 0429 736F7572 		.ascii	"source\\bsw\\cdd\\button.c\000"
 1050      63655C62 
 1050      73775C63 
 1050      64645C62 
 1050      7574746F 
 1051              	.LASF67:
 1052 0441 42555454 		.ascii	"BUTTON_2_Read\000"
 1052      4F4E5F32 
 1052      5F526561 
 1052      6400
 1053              	.LASF9:
 1054 044f 5F5F696E 		.ascii	"__int32_t\000"
 1054      7433325F 
 1054      7400
 1055              	.LASF50:
 1056 0459 42555454 		.ascii	"BUTTON_1\000"
 1056      4F4E5F31 
 1056      00
 1057              	.LASF51:
 1058 0462 42555454 		.ascii	"BUTTON_2\000"
 1058      4F4E5F32 
 1058      00
 1059              	.LASF52:
 1060 046b 42555454 		.ascii	"BUTTON_3\000"
 1060      4F4E5F33 
 1060      00
 1061              	.LASF53:
 1062 0474 42555454 		.ascii	"BUTTON_4\000"
 1062      4F4E5F34 
 1062      00
 1063              	.LASF45:
 1064 047d 52435F45 		.ascii	"RC_ERROR_CANCELED\000"
ARM GAS  C:\Users\DABBIR~1\AppData\Local\Temp\ccYohJDu.s 			page 25


 1064      52524F52 
 1064      5F43414E 
 1064      43454C45 
 1064      4400
 1065              	.LASF65:
 1066 048f 6973725F 		.ascii	"isr_Button_StartEx\000"
 1066      42757474 
 1066      6F6E5F53 
 1066      74617274 
 1066      457800
 1067              	.LASF64:
 1068 04a2 49544D5F 		.ascii	"ITM_RxBuffer\000"
 1068      52784275 
 1068      66666572 
 1068      00
 1069              	.LASF24:
 1070 04af 52435F45 		.ascii	"RC_ERROR\000"
 1070      52524F52 
 1070      00
 1071              	.LASF27:
 1072 04b8 52435F45 		.ascii	"RC_ERROR_MEMORY\000"
 1072      52524F52 
 1072      5F4D454D 
 1072      4F525900 
 1073              	.LASF59:
 1074 04c8 45455F6F 		.ascii	"EE_oo_IRQ_disable_count\000"
 1074      6F5F4952 
 1074      515F6469 
 1074      7361626C 
 1074      655F636F 
 1075              	.LASF48:
 1076 04e0 52435F74 		.ascii	"RC_t\000"
 1076      00
 1077              	.LASF34:
 1078 04e5 52435F45 		.ascii	"RC_ERROR_TIME_OUT\000"
 1078      52524F52 
 1078      5F54494D 
 1078      455F4F55 
 1078      5400
 1079              		.ident	"GCC: (GNU Tools for ARM Embedded Processors) 5.4.1 20160609 (release) [ARM/embedded-5-bran
