ARM GAS  C:\Users\DABBIR~1\AppData\Local\Temp\ccTFQ3Nk.s 			page 1


   1              		.syntax unified
   2              		.cpu cortex-m3
   3              		.fpu softvfp
   4              		.eabi_attribute 20, 1
   5              		.eabi_attribute 21, 1
   6              		.eabi_attribute 23, 3
   7              		.eabi_attribute 24, 1
   8              		.eabi_attribute 25, 1
   9              		.eabi_attribute 26, 1
  10              		.eabi_attribute 30, 1
  11              		.eabi_attribute 34, 1
  12              		.eabi_attribute 18, 4
  13              		.thumb
  14              		.syntax unified
  15              		.file	"cymetadata.c"
  16              		.text
  17              	.Ltext0:
  18              		.cfi_sections	.debug_frame
  19              		.global	cy_metadata
  20              		.global	cy_meta_flashprotect
  21              		.global	cy_meta_wonvl
  22              		.global	cy_meta_custnvl
  23              		.global	cy_meta_configecc
  24              		.section	.cyconfigecc,"a",%progbits
  25              		.align	2
  26              		.type	cy_meta_configecc, %object
  27              		.size	cy_meta_configecc, 2476
  28              	cy_meta_configecc:
  29 0000 01       		.byte	1
  30 0001 45       		.byte	69
  31 0002 00       		.byte	0
  32 0003 40       		.byte	64
  33 0004 0A       		.byte	10
  34 0005 52       		.byte	82
  35 0006 00       		.byte	0
  36 0007 40       		.byte	64
  37 0008 03       		.byte	3
  38 0009 64       		.byte	100
  39 000a 00       		.byte	0
  40 000b 40       		.byte	64
  41 000c 02       		.byte	2
  42 000d 65       		.byte	101
  43 000e 00       		.byte	0
  44 000f 40       		.byte	64
  45 0010 01       		.byte	1
  46 0011 01       		.byte	1
  47 0012 01       		.byte	1
  48 0013 40       		.byte	64
  49 0014 61       		.byte	97
  50 0015 02       		.byte	2
  51 0016 01       		.byte	1
  52 0017 40       		.byte	64
  53 0018 36       		.byte	54
  54 0019 03       		.byte	3
  55 001a 01       		.byte	1
  56 001b 40       		.byte	64
  57 001c 10       		.byte	16
ARM GAS  C:\Users\DABBIR~1\AppData\Local\Temp\ccTFQ3Nk.s 			page 2


  58 001d 05       		.byte	5
  59 001e 01       		.byte	1
  60 001f 40       		.byte	64
  61 0020 61       		.byte	97
  62 0021 06       		.byte	6
  63 0022 01       		.byte	1
  64 0023 40       		.byte	64
  65 0024 45       		.byte	69
  66 0025 07       		.byte	7
  67 0026 01       		.byte	1
  68 0027 40       		.byte	64
  69 0028 13       		.byte	19
  70 0029 09       		.byte	9
  71 002a 01       		.byte	1
  72 002b 40       		.byte	64
  73 002c 50       		.byte	80
  74 002d 0A       		.byte	10
  75 002e 01       		.byte	1
  76 002f 40       		.byte	64
  77 0030 35       		.byte	53
  78 0031 0B       		.byte	11
  79 0032 01       		.byte	1
  80 0033 40       		.byte	64
  81 0034 4F       		.byte	79
  82 0035 0C       		.byte	12
  83 0036 01       		.byte	1
  84 0037 40       		.byte	64
  85 0038 2A       		.byte	42
  86 0039 0D       		.byte	13
  87 003a 01       		.byte	1
  88 003b 40       		.byte	64
  89 003c 01       		.byte	1
  90 003d 0F       		.byte	15
  91 003e 01       		.byte	1
  92 003f 40       		.byte	64
  93 0040 48       		.byte	72
  94 0041 14       		.byte	20
  95 0042 01       		.byte	1
  96 0043 40       		.byte	64
  97 0044 43       		.byte	67
  98 0045 15       		.byte	21
  99 0046 01       		.byte	1
 100 0047 40       		.byte	64
 101 0048 07       		.byte	7
 102 0049 16       		.byte	22
 103 004a 01       		.byte	1
 104 004b 40       		.byte	64
 105 004c 3F       		.byte	63
 106 004d 17       		.byte	23
 107 004e 01       		.byte	1
 108 004f 40       		.byte	64
 109 0050 44       		.byte	68
 110 0051 18       		.byte	24
 111 0052 01       		.byte	1
 112 0053 40       		.byte	64
 113 0054 2A       		.byte	42
 114 0055 19       		.byte	25
ARM GAS  C:\Users\DABBIR~1\AppData\Local\Temp\ccTFQ3Nk.s 			page 3


 115 0056 01       		.byte	1
 116 0057 40       		.byte	64
 117 0058 0D       		.byte	13
 118 0059 1B       		.byte	27
 119 005a 01       		.byte	1
 120 005b 40       		.byte	64
 121 005c 08       		.byte	8
 122 005d 40       		.byte	64
 123 005e 01       		.byte	1
 124 005f 40       		.byte	64
 125 0060 12       		.byte	18
 126 0061 41       		.byte	65
 127 0062 01       		.byte	1
 128 0063 40       		.byte	64
 129 0064 08       		.byte	8
 130 0065 42       		.byte	66
 131 0066 01       		.byte	1
 132 0067 40       		.byte	64
 133 0068 02       		.byte	2
 134 0069 43       		.byte	67
 135 006a 01       		.byte	1
 136 006b 40       		.byte	64
 137 006c 01       		.byte	1
 138 006d 44       		.byte	68
 139 006e 01       		.byte	1
 140 006f 40       		.byte	64
 141 0070 08       		.byte	8
 142 0071 45       		.byte	69
 143 0072 01       		.byte	1
 144 0073 40       		.byte	64
 145 0074 07       		.byte	7
 146 0075 46       		.byte	70
 147 0076 01       		.byte	1
 148 0077 40       		.byte	64
 149 0078 06       		.byte	6
 150 0079 47       		.byte	71
 151 007a 01       		.byte	1
 152 007b 40       		.byte	64
 153 007c 05       		.byte	5
 154 007d 48       		.byte	72
 155 007e 01       		.byte	1
 156 007f 40       		.byte	64
 157 0080 06       		.byte	6
 158 0081 49       		.byte	73
 159 0082 01       		.byte	1
 160 0083 40       		.byte	64
 161 0084 10       		.byte	16
 162 0085 4C       		.byte	76
 163 0086 01       		.byte	1
 164 0087 40       		.byte	64
 165 0088 10       		.byte	16
 166 0089 4D       		.byte	77
 167 008a 01       		.byte	1
 168 008b 40       		.byte	64
 169 008c 04       		.byte	4
 170 008d 50       		.byte	80
 171 008e 01       		.byte	1
ARM GAS  C:\Users\DABBIR~1\AppData\Local\Temp\ccTFQ3Nk.s 			page 4


 172 008f 40       		.byte	64
 173 0090 02       		.byte	2
 174 0091 51       		.byte	81
 175 0092 01       		.byte	1
 176 0093 40       		.byte	64
 177 0094 7E       		.byte	126
 178 0095 02       		.byte	2
 179 0096 00       		.byte	0
 180 0097 04       		.byte	4
 181 0098 01       		.byte	1
 182 0099 04       		.byte	4
 183 009a 08       		.byte	8
 184 009b C5       		.byte	-59
 185 009c 09       		.byte	9
 186 009d 53       		.byte	83
 187 009e 10       		.byte	16
 188 009f 30       		.byte	48
 189 00a0 11       		.byte	17
 190 00a1 18       		.byte	24
 191 00a2 19       		.byte	25
 192 00a3 10       		.byte	16
 193 00a4 60       		.byte	96
 194 00a5 80       		.byte	-128
 195 00a6 61       		.byte	97
 196 00a7 84       		.byte	-124
 197 00a8 7C       		.byte	124
 198 00a9 40       		.byte	64
 199 00aa 82       		.byte	-126
 200 00ab 38       		.byte	56
 201 00ac 83       		.byte	-125
 202 00ad 0D       		.byte	13
 203 00ae 8B       		.byte	-117
 204 00af 0F       		.byte	15
 205 00b0 84       		.byte	-124
 206 00b1 72       		.byte	114
 207 00b2 86       		.byte	-122
 208 00b3 0F       		.byte	15
 209 00b4 E2       		.byte	-30
 210 00b5 04       		.byte	4
 211 00b6 04       		.byte	4
 212 00b7 40       		.byte	64
 213 00b8 08       		.byte	8
 214 00b9 38       		.byte	56
 215 00ba 0C       		.byte	12
 216 00bb 40       		.byte	64
 217 00bc 10       		.byte	16
 218 00bd 14       		.byte	20
 219 00be 12       		.byte	18
 220 00bf 2B       		.byte	43
 221 00c0 14       		.byte	20
 222 00c1 0D       		.byte	13
 223 00c2 16       		.byte	22
 224 00c3 10       		.byte	16
 225 00c4 18       		.byte	24
 226 00c5 10       		.byte	16
 227 00c6 19       		.byte	25
 228 00c7 03       		.byte	3
ARM GAS  C:\Users\DABBIR~1\AppData\Local\Temp\ccTFQ3Nk.s 			page 5


 229 00c8 1A       		.byte	26
 230 00c9 27       		.byte	39
 231 00ca 1B       		.byte	27
 232 00cb 0C       		.byte	12
 233 00cc 1D       		.byte	29
 234 00cd 02       		.byte	2
 235 00ce 1E       		.byte	30
 236 00cf 02       		.byte	2
 237 00d0 1F       		.byte	31
 238 00d1 0D       		.byte	13
 239 00d2 20       		.byte	32
 240 00d3 40       		.byte	64
 241 00d4 25       		.byte	37
 242 00d5 09       		.byte	9
 243 00d6 26       		.byte	38
 244 00d7 80       		.byte	-128
 245 00d8 27       		.byte	39
 246 00d9 06       		.byte	6
 247 00da 28       		.byte	40
 248 00db 40       		.byte	64
 249 00dc 2D       		.byte	45
 250 00dd 05       		.byte	5
 251 00de 2E       		.byte	46
 252 00df 80       		.byte	-128
 253 00e0 2F       		.byte	47
 254 00e1 0A       		.byte	10
 255 00e2 30       		.byte	48
 256 00e3 40       		.byte	64
 257 00e4 32       		.byte	50
 258 00e5 80       		.byte	-128
 259 00e6 34       		.byte	52
 260 00e7 3C       		.byte	60
 261 00e8 36       		.byte	54
 262 00e9 03       		.byte	3
 263 00ea 37       		.byte	55
 264 00eb 0F       		.byte	15
 265 00ec 38       		.byte	56
 266 00ed 22       		.byte	34
 267 00ee 3B       		.byte	59
 268 00ef 80       		.byte	-128
 269 00f0 3E       		.byte	62
 270 00f1 05       		.byte	5
 271 00f2 40       		.byte	64
 272 00f3 60       		.byte	96
 273 00f4 41       		.byte	65
 274 00f5 02       		.byte	2
 275 00f6 49       		.byte	73
 276 00f7 FF       		.byte	-1
 277 00f8 4A       		.byte	74
 278 00f9 FF       		.byte	-1
 279 00fa 4B       		.byte	75
 280 00fb FF       		.byte	-1
 281 00fc 4D       		.byte	77
 282 00fd A0       		.byte	-96
 283 00fe 4F       		.byte	79
 284 00ff 04       		.byte	4
 285 0100 50       		.byte	80
ARM GAS  C:\Users\DABBIR~1\AppData\Local\Temp\ccTFQ3Nk.s 			page 6


 286 0101 18       		.byte	24
 287 0102 54       		.byte	84
 288 0103 18       		.byte	24
 289 0104 56       		.byte	86
 290 0105 04       		.byte	4
 291 0106 58       		.byte	88
 292 0107 04       		.byte	4
 293 0108 59       		.byte	89
 294 0109 04       		.byte	4
 295 010a 5A       		.byte	90
 296 010b 04       		.byte	4
 297 010c 5B       		.byte	91
 298 010d 04       		.byte	4
 299 010e 5D       		.byte	93
 300 010f 32       		.byte	50
 301 0110 5F       		.byte	95
 302 0111 01       		.byte	1
 303 0112 60       		.byte	96
 304 0113 40       		.byte	64
 305 0114 62       		.byte	98
 306 0115 C0       		.byte	-64
 307 0116 64       		.byte	100
 308 0117 40       		.byte	64
 309 0118 65       		.byte	101
 310 0119 40       		.byte	64
 311 011a 66       		.byte	102
 312 011b C0       		.byte	-64
 313 011c 68       		.byte	104
 314 011d C0       		.byte	-64
 315 011e 6A       		.byte	106
 316 011f C0       		.byte	-64
 317 0120 6C       		.byte	108
 318 0121 C0       		.byte	-64
 319 0122 6E       		.byte	110
 320 0123 C0       		.byte	-64
 321 0124 92       		.byte	-110
 322 0125 01       		.byte	1
 323 0126 9A       		.byte	-102
 324 0127 06       		.byte	6
 325 0128 9B       		.byte	-101
 326 0129 01       		.byte	1
 327 012a A1       		.byte	-95
 328 012b 01       		.byte	1
 329 012c A6       		.byte	-90
 330 012d 0C       		.byte	12
 331 012e AA       		.byte	-86
 332 012f 02       		.byte	2
 333 0130 B0       		.byte	-80
 334 0131 08       		.byte	8
 335 0132 B2       		.byte	-78
 336 0133 02       		.byte	2
 337 0134 B4       		.byte	-76
 338 0135 01       		.byte	1
 339 0136 B6       		.byte	-74
 340 0137 04       		.byte	4
 341 0138 B7       		.byte	-73
 342 0139 01       		.byte	1
ARM GAS  C:\Users\DABBIR~1\AppData\Local\Temp\ccTFQ3Nk.s 			page 7


 343 013a BE       		.byte	-66
 344 013b 04       		.byte	4
 345 013c C0       		.byte	-64
 346 013d 20       		.byte	32
 347 013e C1       		.byte	-63
 348 013f 06       		.byte	6
 349 0140 C5       		.byte	-59
 350 0141 D1       		.byte	-47
 351 0142 C7       		.byte	-57
 352 0143 02       		.byte	2
 353 0144 C8       		.byte	-56
 354 0145 13       		.byte	19
 355 0146 C9       		.byte	-55
 356 0147 FF       		.byte	-1
 357 0148 CA       		.byte	-54
 358 0149 FF       		.byte	-1
 359 014a CB       		.byte	-53
 360 014b FF       		.byte	-1
 361 014c CD       		.byte	-51
 362 014d AF       		.byte	-81
 363 014e CE       		.byte	-50
 364 014f 0F       		.byte	15
 365 0150 CF       		.byte	-49
 366 0151 04       		.byte	4
 367 0152 D0       		.byte	-48
 368 0153 18       		.byte	24
 369 0154 D2       		.byte	-46
 370 0155 80       		.byte	-128
 371 0156 D4       		.byte	-44
 372 0157 05       		.byte	5
 373 0158 D8       		.byte	-40
 374 0159 04       		.byte	4
 375 015a D9       		.byte	-39
 376 015b 04       		.byte	4
 377 015c DA       		.byte	-38
 378 015d 04       		.byte	4
 379 015e DB       		.byte	-37
 380 015f 04       		.byte	4
 381 0160 DC       		.byte	-36
 382 0161 22       		.byte	34
 383 0162 DD       		.byte	-35
 384 0163 22       		.byte	34
 385 0164 DF       		.byte	-33
 386 0165 01       		.byte	1
 387 0166 E0       		.byte	-32
 388 0167 40       		.byte	64
 389 0168 E2       		.byte	-30
 390 0169 C0       		.byte	-64
 391 016a E4       		.byte	-28
 392 016b 40       		.byte	64
 393 016c E5       		.byte	-27
 394 016d 40       		.byte	64
 395 016e E6       		.byte	-26
 396 016f C0       		.byte	-64
 397 0170 E8       		.byte	-24
 398 0171 C0       		.byte	-64
 399 0172 EA       		.byte	-22
ARM GAS  C:\Users\DABBIR~1\AppData\Local\Temp\ccTFQ3Nk.s 			page 8


 400 0173 C0       		.byte	-64
 401 0174 EC       		.byte	-20
 402 0175 C0       		.byte	-64
 403 0176 EE       		.byte	-18
 404 0177 C0       		.byte	-64
 405 0178 04       		.byte	4
 406 0179 88       		.byte	-120
 407 017a 05       		.byte	5
 408 017b 10       		.byte	16
 409 017c 0A       		.byte	10
 410 017d 04       		.byte	4
 411 017e 0B       		.byte	11
 412 017f 40       		.byte	64
 413 0180 0D       		.byte	13
 414 0181 20       		.byte	32
 415 0182 0E       		.byte	14
 416 0183 62       		.byte	98
 417 0184 10       		.byte	16
 418 0185 20       		.byte	32
 419 0186 12       		.byte	18
 420 0187 84       		.byte	-124
 421 0188 13       		.byte	19
 422 0189 01       		.byte	1
 423 018a 15       		.byte	21
 424 018b 84       		.byte	-124
 425 018c 16       		.byte	22
 426 018d 80       		.byte	-128
 427 018e 17       		.byte	23
 428 018f 10       		.byte	16
 429 0190 19       		.byte	25
 430 0191 06       		.byte	6
 431 0192 1A       		.byte	26
 432 0193 06       		.byte	6
 433 0194 1B       		.byte	27
 434 0195 10       		.byte	16
 435 0196 1C       		.byte	28
 436 0197 40       		.byte	64
 437 0198 1D       		.byte	29
 438 0199 10       		.byte	16
 439 019a 1E       		.byte	30
 440 019b 02       		.byte	2
 441 019c 1F       		.byte	31
 442 019d 04       		.byte	4
 443 019e 22       		.byte	34
 444 019f 40       		.byte	64
 445 01a0 26       		.byte	38
 446 01a1 80       		.byte	-128
 447 01a2 29       		.byte	41
 448 01a3 02       		.byte	2
 449 01a4 2E       		.byte	46
 450 01a5 40       		.byte	64
 451 01a6 2F       		.byte	47
 452 01a7 20       		.byte	32
 453 01a8 30       		.byte	48
 454 01a9 20       		.byte	32
 455 01aa 36       		.byte	54
 456 01ab 90       		.byte	-112
ARM GAS  C:\Users\DABBIR~1\AppData\Local\Temp\ccTFQ3Nk.s 			page 9


 457 01ac 42       		.byte	66
 458 01ad 04       		.byte	4
 459 01ae 46       		.byte	70
 460 01af 04       		.byte	4
 461 01b0 48       		.byte	72
 462 01b1 28       		.byte	40
 463 01b2 49       		.byte	73
 464 01b3 01       		.byte	1
 465 01b4 4F       		.byte	79
 466 01b5 20       		.byte	32
 467 01b6 50       		.byte	80
 468 01b7 08       		.byte	8
 469 01b8 52       		.byte	82
 470 01b9 04       		.byte	4
 471 01ba 59       		.byte	89
 472 01bb 05       		.byte	5
 473 01bc 5A       		.byte	90
 474 01bd 80       		.byte	-128
 475 01be 5E       		.byte	94
 476 01bf 01       		.byte	1
 477 01c0 64       		.byte	100
 478 01c1 02       		.byte	2
 479 01c2 66       		.byte	102
 480 01c3 01       		.byte	1
 481 01c4 67       		.byte	103
 482 01c5 08       		.byte	8
 483 01c6 73       		.byte	115
 484 01c7 40       		.byte	64
 485 01c8 82       		.byte	-126
 486 01c9 81       		.byte	-127
 487 01ca 8A       		.byte	-118
 488 01cb 01       		.byte	1
 489 01cc 8C       		.byte	-116
 490 01cd 40       		.byte	64
 491 01ce 8E       		.byte	-114
 492 01cf 11       		.byte	17
 493 01d0 C0       		.byte	-64
 494 01d1 E0       		.byte	-32
 495 01d2 C2       		.byte	-62
 496 01d3 FA       		.byte	-6
 497 01d4 C4       		.byte	-60
 498 01d5 F6       		.byte	-10
 499 01d6 CA       		.byte	-54
 500 01d7 51       		.byte	81
 501 01d8 CC       		.byte	-52
 502 01d9 34       		.byte	52
 503 01da D0       		.byte	-48
 504 01db 24       		.byte	36
 505 01dc D2       		.byte	-46
 506 01dd 24       		.byte	36
 507 01de D6       		.byte	-42
 508 01df 8B       		.byte	-117
 509 01e0 D8       		.byte	-40
 510 01e1 B0       		.byte	-80
 511 01e2 E2       		.byte	-30
 512 01e3 78       		.byte	120
 513 01e4 8C       		.byte	-116
ARM GAS  C:\Users\DABBIR~1\AppData\Local\Temp\ccTFQ3Nk.s 			page 10


 514 01e5 40       		.byte	64
 515 01e6 92       		.byte	-110
 516 01e7 10       		.byte	16
 517 01e8 93       		.byte	-109
 518 01e9 01       		.byte	1
 519 01ea 94       		.byte	-108
 520 01eb 80       		.byte	-128
 521 01ec 95       		.byte	-107
 522 01ed 84       		.byte	-124
 523 01ee 96       		.byte	-106
 524 01ef 41       		.byte	65
 525 01f0 99       		.byte	-103
 526 01f1 80       		.byte	-128
 527 01f2 9C       		.byte	-100
 528 01f3 02       		.byte	2
 529 01f4 A5       		.byte	-91
 530 01f5 20       		.byte	32
 531 01f6 A6       		.byte	-90
 532 01f7 10       		.byte	16
 533 01f8 A7       		.byte	-89
 534 01f9 20       		.byte	32
 535 01fa AB       		.byte	-85
 536 01fb 10       		.byte	16
 537 01fc B4       		.byte	-76
 538 01fd 04       		.byte	4
 539 01fe B5       		.byte	-75
 540 01ff 80       		.byte	-128
 541 0200 E4       		.byte	-28
 542 0201 10       		.byte	16
 543 0202 E8       		.byte	-24
 544 0203 10       		.byte	16
 545 0204 00       		.byte	0
 546 0205 C1       		.byte	-63
 547 0206 02       		.byte	2
 548 0207 38       		.byte	56
 549 0208 04       		.byte	4
 550 0209 18       		.byte	24
 551 020a 08       		.byte	8
 552 020b 18       		.byte	24
 553 020c 0A       		.byte	10
 554 020d 02       		.byte	2
 555 020e 14       		.byte	20
 556 020f 33       		.byte	51
 557 0210 16       		.byte	22
 558 0211 44       		.byte	68
 559 0212 18       		.byte	24
 560 0213 9C       		.byte	-100
 561 0214 1A       		.byte	26
 562 0215 03       		.byte	3
 563 0216 1C       		.byte	28
 564 0217 1A       		.byte	26
 565 0218 20       		.byte	32
 566 0219 18       		.byte	24
 567 021a 22       		.byte	34
 568 021b 02       		.byte	2
 569 021c 24       		.byte	36
 570 021d 02       		.byte	2
ARM GAS  C:\Users\DABBIR~1\AppData\Local\Temp\ccTFQ3Nk.s 			page 11


 571 021e 26       		.byte	38
 572 021f 18       		.byte	24
 573 0220 28       		.byte	40
 574 0221 82       		.byte	-126
 575 0222 2C       		.byte	44
 576 0223 1A       		.byte	26
 577 0224 30       		.byte	48
 578 0225 0F       		.byte	15
 579 0226 32       		.byte	50
 580 0227 13       		.byte	19
 581 0228 34       		.byte	52
 582 0229 E0       		.byte	-32
 583 022a 3A       		.byte	58
 584 022b 22       		.byte	34
 585 022c 40       		.byte	64
 586 022d 45       		.byte	69
 587 022e 41       		.byte	65
 588 022f 02       		.byte	2
 589 0230 42       		.byte	66
 590 0231 03       		.byte	3
 591 0232 44       		.byte	68
 592 0233 06       		.byte	6
 593 0234 45       		.byte	69
 594 0235 CE       		.byte	-50
 595 0236 48       		.byte	72
 596 0237 03       		.byte	3
 597 0238 49       		.byte	73
 598 0239 FF       		.byte	-1
 599 023a 4A       		.byte	74
 600 023b FF       		.byte	-1
 601 023c 4B       		.byte	75
 602 023d FF       		.byte	-1
 603 023e 4C       		.byte	76
 604 023f 62       		.byte	98
 605 0240 4D       		.byte	77
 606 0241 A0       		.byte	-96
 607 0242 4E       		.byte	78
 608 0243 F0       		.byte	-16
 609 0244 4F       		.byte	79
 610 0245 41       		.byte	65
 611 0246 50       		.byte	80
 612 0247 0C       		.byte	12
 613 0248 58       		.byte	88
 614 0249 04       		.byte	4
 615 024a 5A       		.byte	90
 616 024b 04       		.byte	4
 617 024c 5D       		.byte	93
 618 024d 03       		.byte	3
 619 024e 5F       		.byte	95
 620 024f 01       		.byte	1
 621 0250 66       		.byte	102
 622 0251 40       		.byte	64
 623 0252 67       		.byte	103
 624 0253 02       		.byte	2
 625 0254 69       		.byte	105
 626 0255 10       		.byte	16
 627 0256 6A       		.byte	106
ARM GAS  C:\Users\DABBIR~1\AppData\Local\Temp\ccTFQ3Nk.s 			page 12


 628 0257 30       		.byte	48
 629 0258 6B       		.byte	107
 630 0259 10       		.byte	16
 631 025a 6D       		.byte	109
 632 025b 10       		.byte	16
 633 025c 6E       		.byte	110
 634 025d 10       		.byte	16
 635 025e 6F       		.byte	111
 636 025f 12       		.byte	18
 637 0260 80       		.byte	-128
 638 0261 14       		.byte	20
 639 0262 82       		.byte	-126
 640 0263 09       		.byte	9
 641 0264 85       		.byte	-123
 642 0265 1C       		.byte	28
 643 0266 87       		.byte	-121
 644 0267 02       		.byte	2
 645 0268 89       		.byte	-119
 646 0269 0C       		.byte	12
 647 026a 8B       		.byte	-117
 648 026b 11       		.byte	17
 649 026c 8C       		.byte	-116
 650 026d 0A       		.byte	10
 651 026e 8D       		.byte	-115
 652 026f 10       		.byte	16
 653 0270 8E       		.byte	-114
 654 0271 11       		.byte	17
 655 0272 8F       		.byte	-113
 656 0273 0C       		.byte	12
 657 0274 90       		.byte	-112
 658 0275 20       		.byte	32
 659 0276 93       		.byte	-109
 660 0277 03       		.byte	3
 661 0278 95       		.byte	-107
 662 0279 09       		.byte	9
 663 027a 97       		.byte	-105
 664 027b 10       		.byte	16
 665 027c 98       		.byte	-104
 666 027d 3F       		.byte	63
 667 027e 99       		.byte	-103
 668 027f 10       		.byte	16
 669 0280 9F       		.byte	-97
 670 0281 40       		.byte	64
 671 0282 A1       		.byte	-95
 672 0283 14       		.byte	20
 673 0284 A4       		.byte	-92
 674 0285 01       		.byte	1
 675 0286 A6       		.byte	-90
 676 0287 06       		.byte	6
 677 0288 A8       		.byte	-88
 678 0289 3F       		.byte	63
 679 028a AB       		.byte	-85
 680 028b 20       		.byte	32
 681 028c AF       		.byte	-81
 682 028d 40       		.byte	64
 683 028e B0       		.byte	-80
 684 028f 18       		.byte	24
ARM GAS  C:\Users\DABBIR~1\AppData\Local\Temp\ccTFQ3Nk.s 			page 13


 685 0290 B1       		.byte	-79
 686 0291 1F       		.byte	31
 687 0292 B3       		.byte	-77
 688 0293 60       		.byte	96
 689 0294 B4       		.byte	-76
 690 0295 07       		.byte	7
 691 0296 B6       		.byte	-74
 692 0297 20       		.byte	32
 693 0298 BF       		.byte	-65
 694 0299 04       		.byte	4
 695 029a C0       		.byte	-64
 696 029b 46       		.byte	70
 697 029c C1       		.byte	-63
 698 029d 03       		.byte	3
 699 029e C5       		.byte	-59
 700 029f CE       		.byte	-50
 701 02a0 C7       		.byte	-57
 702 02a1 B0       		.byte	-80
 703 02a2 C8       		.byte	-56
 704 02a3 23       		.byte	35
 705 02a4 C9       		.byte	-55
 706 02a5 FF       		.byte	-1
 707 02a6 CA       		.byte	-54
 708 02a7 FF       		.byte	-1
 709 02a8 CB       		.byte	-53
 710 02a9 FF       		.byte	-1
 711 02aa CE       		.byte	-50
 712 02ab F0       		.byte	-16
 713 02ac CF       		.byte	-49
 714 02ad 44       		.byte	68
 715 02ae D0       		.byte	-48
 716 02af 0C       		.byte	12
 717 02b0 D6       		.byte	-42
 718 02b1 08       		.byte	8
 719 02b2 D8       		.byte	-40
 720 02b3 04       		.byte	4
 721 02b4 D9       		.byte	-39
 722 02b5 04       		.byte	4
 723 02b6 DA       		.byte	-38
 724 02b7 04       		.byte	4
 725 02b8 DB       		.byte	-37
 726 02b9 04       		.byte	4
 727 02ba DC       		.byte	-36
 728 02bb 33       		.byte	51
 729 02bc DD       		.byte	-35
 730 02bd 93       		.byte	-109
 731 02be DF       		.byte	-33
 732 02bf 01       		.byte	1
 733 02c0 E6       		.byte	-26
 734 02c1 C0       		.byte	-64
 735 02c2 EA       		.byte	-22
 736 02c3 40       		.byte	64
 737 02c4 EB       		.byte	-21
 738 02c5 02       		.byte	2
 739 02c6 02       		.byte	2
 740 02c7 80       		.byte	-128
 741 02c8 03       		.byte	3
ARM GAS  C:\Users\DABBIR~1\AppData\Local\Temp\ccTFQ3Nk.s 			page 14


 742 02c9 02       		.byte	2
 743 02ca 04       		.byte	4
 744 02cb 28       		.byte	40
 745 02cc 05       		.byte	5
 746 02cd 01       		.byte	1
 747 02ce 0A       		.byte	10
 748 02cf 88       		.byte	-120
 749 02d0 0D       		.byte	13
 750 02d1 20       		.byte	32
 751 02d2 0E       		.byte	14
 752 02d3 22       		.byte	34
 753 02d4 10       		.byte	16
 754 02d5 10       		.byte	16
 755 02d6 11       		.byte	17
 756 02d7 10       		.byte	16
 757 02d8 16       		.byte	22
 758 02d9 06       		.byte	6
 759 02da 17       		.byte	23
 760 02db 05       		.byte	5
 761 02dc 19       		.byte	25
 762 02dd 20       		.byte	32
 763 02de 1A       		.byte	26
 764 02df 02       		.byte	2
 765 02e0 1B       		.byte	27
 766 02e1 02       		.byte	2
 767 02e2 1D       		.byte	29
 768 02e3 3B       		.byte	59
 769 02e4 1E       		.byte	30
 770 02e5 60       		.byte	96
 771 02e6 1F       		.byte	31
 772 02e7 20       		.byte	32
 773 02e8 21       		.byte	33
 774 02e9 01       		.byte	1
 775 02ea 22       		.byte	34
 776 02eb 02       		.byte	2
 777 02ec 23       		.byte	35
 778 02ed 10       		.byte	16
 779 02ee 29       		.byte	41
 780 02ef 20       		.byte	32
 781 02f0 2A       		.byte	42
 782 02f1 01       		.byte	1
 783 02f2 2B       		.byte	43
 784 02f3 02       		.byte	2
 785 02f4 32       		.byte	50
 786 02f5 92       		.byte	-110
 787 02f6 33       		.byte	51
 788 02f7 08       		.byte	8
 789 02f8 34       		.byte	52
 790 02f9 10       		.byte	16
 791 02fa 35       		.byte	53
 792 02fb 20       		.byte	32
 793 02fc 3A       		.byte	58
 794 02fd A8       		.byte	-88
 795 02fe 42       		.byte	66
 796 02ff B0       		.byte	-80
 797 0300 44       		.byte	68
 798 0301 88       		.byte	-120
ARM GAS  C:\Users\DABBIR~1\AppData\Local\Temp\ccTFQ3Nk.s 			page 15


 799 0302 47       		.byte	71
 800 0303 08       		.byte	8
 801 0304 48       		.byte	72
 802 0305 08       		.byte	8
 803 0306 49       		.byte	73
 804 0307 02       		.byte	2
 805 0308 4B       		.byte	75
 806 0309 04       		.byte	4
 807 030a 4D       		.byte	77
 808 030b 44       		.byte	68
 809 030c 4E       		.byte	78
 810 030d 01       		.byte	1
 811 030e 4F       		.byte	79
 812 030f 12       		.byte	18
 813 0310 52       		.byte	82
 814 0311 01       		.byte	1
 815 0312 58       		.byte	88
 816 0313 40       		.byte	64
 817 0314 62       		.byte	98
 818 0315 80       		.byte	-128
 819 0316 82       		.byte	-126
 820 0317 98       		.byte	-104
 821 0318 84       		.byte	-124
 822 0319 08       		.byte	8
 823 031a 85       		.byte	-123
 824 031b 04       		.byte	4
 825 031c 86       		.byte	-122
 826 031d 01       		.byte	1
 827 031e 89       		.byte	-119
 828 031f 02       		.byte	2
 829 0320 8B       		.byte	-117
 830 0321 04       		.byte	4
 831 0322 92       		.byte	-110
 832 0323 10       		.byte	16
 833 0324 93       		.byte	-109
 834 0325 01       		.byte	1
 835 0326 95       		.byte	-107
 836 0327 84       		.byte	-124
 837 0328 96       		.byte	-106
 838 0329 41       		.byte	65
 839 032a 99       		.byte	-103
 840 032b 80       		.byte	-128
 841 032c 9C       		.byte	-100
 842 032d 02       		.byte	2
 843 032e A3       		.byte	-93
 844 032f 08       		.byte	8
 845 0330 A5       		.byte	-91
 846 0331 20       		.byte	32
 847 0332 A6       		.byte	-90
 848 0333 10       		.byte	16
 849 0334 A7       		.byte	-89
 850 0335 20       		.byte	32
 851 0336 B3       		.byte	-77
 852 0337 08       		.byte	8
 853 0338 C0       		.byte	-64
 854 0339 79       		.byte	121
 855 033a C2       		.byte	-62
ARM GAS  C:\Users\DABBIR~1\AppData\Local\Temp\ccTFQ3Nk.s 			page 16


 856 033b EA       		.byte	-22
 857 033c C4       		.byte	-60
 858 033d F6       		.byte	-10
 859 033e CA       		.byte	-54
 860 033f 0D       		.byte	13
 861 0340 CC       		.byte	-52
 862 0341 0F       		.byte	15
 863 0342 CE       		.byte	-50
 864 0343 0E       		.byte	14
 865 0344 D0       		.byte	-48
 866 0345 E3       		.byte	-29
 867 0346 D2       		.byte	-46
 868 0347 34       		.byte	52
 869 0348 D6       		.byte	-42
 870 0349 08       		.byte	8
 871 034a D8       		.byte	-40
 872 034b 08       		.byte	8
 873 034c E2       		.byte	-30
 874 034d 03       		.byte	3
 875 034e E6       		.byte	-26
 876 034f 05       		.byte	5
 877 0350 82       		.byte	-126
 878 0351 10       		.byte	16
 879 0352 83       		.byte	-125
 880 0353 60       		.byte	96
 881 0354 85       		.byte	-123
 882 0355 08       		.byte	8
 883 0356 89       		.byte	-119
 884 0357 10       		.byte	16
 885 0358 8B       		.byte	-117
 886 0359 04       		.byte	4
 887 035a 92       		.byte	-110
 888 035b 10       		.byte	16
 889 035c 95       		.byte	-107
 890 035d 20       		.byte	32
 891 035e 97       		.byte	-105
 892 035f 08       		.byte	8
 893 0360 9A       		.byte	-102
 894 0361 08       		.byte	8
 895 0362 9B       		.byte	-101
 896 0363 20       		.byte	32
 897 0364 9F       		.byte	-97
 898 0365 40       		.byte	64
 899 0366 A5       		.byte	-91
 900 0367 08       		.byte	8
 901 0368 A7       		.byte	-89
 902 0369 20       		.byte	32
 903 036a A8       		.byte	-88
 904 036b 21       		.byte	33
 905 036c B1       		.byte	-79
 906 036d 01       		.byte	1
 907 036e B2       		.byte	-78
 908 036f 08       		.byte	8
 909 0370 E0       		.byte	-32
 910 0371 80       		.byte	-128
 911 0372 E4       		.byte	-28
 912 0373 20       		.byte	32
ARM GAS  C:\Users\DABBIR~1\AppData\Local\Temp\ccTFQ3Nk.s 			page 17


 913 0374 EA       		.byte	-22
 914 0375 20       		.byte	32
 915 0376 0A       		.byte	10
 916 0377 02       		.byte	2
 917 0378 22       		.byte	34
 918 0379 02       		.byte	2
 919 037a 2E       		.byte	46
 920 037b 01       		.byte	1
 921 037c 30       		.byte	48
 922 037d 02       		.byte	2
 923 037e 32       		.byte	50
 924 037f 01       		.byte	1
 925 0380 40       		.byte	64
 926 0381 30       		.byte	48
 927 0382 41       		.byte	65
 928 0383 02       		.byte	2
 929 0384 49       		.byte	73
 930 0385 FF       		.byte	-1
 931 0386 4A       		.byte	74
 932 0387 FF       		.byte	-1
 933 0388 4B       		.byte	75
 934 0389 FF       		.byte	-1
 935 038a 4D       		.byte	77
 936 038b A0       		.byte	-96
 937 038c 4F       		.byte	79
 938 038d 04       		.byte	4
 939 038e 50       		.byte	80
 940 038f 18       		.byte	24
 941 0390 52       		.byte	82
 942 0391 80       		.byte	-128
 943 0392 58       		.byte	88
 944 0393 04       		.byte	4
 945 0394 5A       		.byte	90
 946 0395 04       		.byte	4
 947 0396 5B       		.byte	91
 948 0397 04       		.byte	4
 949 0398 5C       		.byte	92
 950 0399 01       		.byte	1
 951 039a 5D       		.byte	93
 952 039b 11       		.byte	17
 953 039c 5F       		.byte	95
 954 039d 01       		.byte	1
 955 039e 60       		.byte	96
 956 039f 40       		.byte	64
 957 03a0 62       		.byte	98
 958 03a1 C0       		.byte	-64
 959 03a2 64       		.byte	100
 960 03a3 40       		.byte	64
 961 03a4 65       		.byte	101
 962 03a5 40       		.byte	64
 963 03a6 66       		.byte	102
 964 03a7 C0       		.byte	-64
 965 03a8 68       		.byte	104
 966 03a9 C0       		.byte	-64
 967 03aa 6A       		.byte	106
 968 03ab C0       		.byte	-64
 969 03ac 6C       		.byte	108
ARM GAS  C:\Users\DABBIR~1\AppData\Local\Temp\ccTFQ3Nk.s 			page 18


 970 03ad C0       		.byte	-64
 971 03ae 6E       		.byte	110
 972 03af C0       		.byte	-64
 973 03b0 80       		.byte	-128
 974 03b1 0A       		.byte	10
 975 03b2 82       		.byte	-126
 976 03b3 04       		.byte	4
 977 03b4 84       		.byte	-124
 978 03b5 03       		.byte	3
 979 03b6 86       		.byte	-122
 980 03b7 0C       		.byte	12
 981 03b8 89       		.byte	-119
 982 03b9 01       		.byte	1
 983 03ba 96       		.byte	-106
 984 03bb 05       		.byte	5
 985 03bc 97       		.byte	-105
 986 03bd 01       		.byte	1
 987 03be 98       		.byte	-104
 988 03bf 10       		.byte	16
 989 03c0 99       		.byte	-103
 990 03c1 01       		.byte	1
 991 03c2 9F       		.byte	-97
 992 03c3 01       		.byte	1
 993 03c4 A2       		.byte	-94
 994 03c5 08       		.byte	8
 995 03c6 A4       		.byte	-92
 996 03c7 03       		.byte	3
 997 03c8 A6       		.byte	-90
 998 03c9 04       		.byte	4
 999 03ca A8       		.byte	-88
 1000 03cb 03       		.byte	3
 1001 03cc AA       		.byte	-86
 1002 03cd 04       		.byte	4
 1003 03ce AB       		.byte	-85
 1004 03cf 01       		.byte	1
 1005 03d0 B1       		.byte	-79
 1006 03d1 01       		.byte	1
 1007 03d2 B2       		.byte	-78
 1008 03d3 0F       		.byte	15
 1009 03d4 B4       		.byte	-76
 1010 03d5 10       		.byte	16
 1011 03d6 BA       		.byte	-70
 1012 03d7 08       		.byte	8
 1013 03d8 BE       		.byte	-66
 1014 03d9 10       		.byte	16
 1015 03da BF       		.byte	-65
 1016 03db 01       		.byte	1
 1017 03dc C0       		.byte	-64
 1018 03dd 30       		.byte	48
 1019 03de C1       		.byte	-63
 1020 03df 02       		.byte	2
 1021 03e0 C5       		.byte	-59
 1022 03e1 10       		.byte	16
 1023 03e2 C6       		.byte	-58
 1024 03e3 20       		.byte	32
 1025 03e4 C8       		.byte	-56
 1026 03e5 0A       		.byte	10
ARM GAS  C:\Users\DABBIR~1\AppData\Local\Temp\ccTFQ3Nk.s 			page 19


 1027 03e6 C9       		.byte	-55
 1028 03e7 FF       		.byte	-1
 1029 03e8 CA       		.byte	-54
 1030 03e9 FF       		.byte	-1
 1031 03ea CB       		.byte	-53
 1032 03eb FF       		.byte	-1
 1033 03ec CD       		.byte	-51
 1034 03ed AF       		.byte	-81
 1035 03ee CE       		.byte	-50
 1036 03ef 0F       		.byte	15
 1037 03f0 CF       		.byte	-49
 1038 03f1 04       		.byte	4
 1039 03f2 D0       		.byte	-48
 1040 03f3 18       		.byte	24
 1041 03f4 D4       		.byte	-44
 1042 03f5 01       		.byte	1
 1043 03f6 D8       		.byte	-40
 1044 03f7 04       		.byte	4
 1045 03f8 D9       		.byte	-39
 1046 03f9 04       		.byte	4
 1047 03fa DA       		.byte	-38
 1048 03fb 04       		.byte	4
 1049 03fc DB       		.byte	-37
 1050 03fd 04       		.byte	4
 1051 03fe DC       		.byte	-36
 1052 03ff 03       		.byte	3
 1053 0400 DD       		.byte	-35
 1054 0401 31       		.byte	49
 1055 0402 DF       		.byte	-33
 1056 0403 01       		.byte	1
 1057 0404 E0       		.byte	-32
 1058 0405 40       		.byte	64
 1059 0406 E2       		.byte	-30
 1060 0407 C0       		.byte	-64
 1061 0408 E4       		.byte	-28
 1062 0409 40       		.byte	64
 1063 040a E5       		.byte	-27
 1064 040b 40       		.byte	64
 1065 040c E6       		.byte	-26
 1066 040d C0       		.byte	-64
 1067 040e E8       		.byte	-24
 1068 040f C0       		.byte	-64
 1069 0410 EA       		.byte	-22
 1070 0411 C0       		.byte	-64
 1071 0412 EC       		.byte	-20
 1072 0413 C0       		.byte	-64
 1073 0414 EE       		.byte	-18
 1074 0415 C0       		.byte	-64
 1075 0416 00       		.byte	0
 1076 0417 10       		.byte	16
 1077 0418 05       		.byte	5
 1078 0419 04       		.byte	4
 1079 041a 07       		.byte	7
 1080 041b 40       		.byte	64
 1081 041c 0C       		.byte	12
 1082 041d 20       		.byte	32
 1083 041e 0D       		.byte	13
ARM GAS  C:\Users\DABBIR~1\AppData\Local\Temp\ccTFQ3Nk.s 			page 20


 1084 041f 18       		.byte	24
 1085 0420 10       		.byte	16
 1086 0421 82       		.byte	-126
 1087 0422 15       		.byte	21
 1088 0423 02       		.byte	2
 1089 0424 16       		.byte	22
 1090 0425 20       		.byte	32
 1091 0426 17       		.byte	23
 1092 0427 20       		.byte	32
 1093 0428 18       		.byte	24
 1094 0429 10       		.byte	16
 1095 042a 19       		.byte	25
 1096 042b 02       		.byte	2
 1097 042c 1D       		.byte	29
 1098 042d 04       		.byte	4
 1099 042e 1E       		.byte	30
 1100 042f 14       		.byte	20
 1101 0430 24       		.byte	36
 1102 0431 40       		.byte	64
 1103 0432 2D       		.byte	45
 1104 0433 20       		.byte	32
 1105 0434 2E       		.byte	46
 1106 0435 20       		.byte	32
 1107 0436 2F       		.byte	47
 1108 0437 04       		.byte	4
 1109 0438 31       		.byte	49
 1110 0439 08       		.byte	8
 1111 043a 32       		.byte	50
 1112 043b 08       		.byte	8
 1113 043c 36       		.byte	54
 1114 043d 08       		.byte	8
 1115 043e 37       		.byte	55
 1116 043f 60       		.byte	96
 1117 0440 3E       		.byte	62
 1118 0441 10       		.byte	16
 1119 0442 40       		.byte	64
 1120 0443 10       		.byte	16
 1121 0444 41       		.byte	65
 1122 0445 20       		.byte	32
 1123 0446 43       		.byte	67
 1124 0447 04       		.byte	4
 1125 0448 45       		.byte	69
 1126 0449 20       		.byte	32
 1127 044a 47       		.byte	71
 1128 044b 04       		.byte	4
 1129 044c 4C       		.byte	76
 1130 044d 80       		.byte	-128
 1131 044e 55       		.byte	85
 1132 044f 20       		.byte	32
 1133 0450 5C       		.byte	92
 1134 0451 41       		.byte	65
 1135 0452 5D       		.byte	93
 1136 0453 20       		.byte	32
 1137 0454 5E       		.byte	94
 1138 0455 04       		.byte	4
 1139 0456 70       		.byte	112
 1140 0457 02       		.byte	2
ARM GAS  C:\Users\DABBIR~1\AppData\Local\Temp\ccTFQ3Nk.s 			page 21


 1141 0458 89       		.byte	-119
 1142 0459 02       		.byte	2
 1143 045a 91       		.byte	-111
 1144 045b 02       		.byte	2
 1145 045c 96       		.byte	-106
 1146 045d 10       		.byte	16
 1147 045e 9B       		.byte	-101
 1148 045f 20       		.byte	32
 1149 0460 9D       		.byte	-99
 1150 0461 04       		.byte	4
 1151 0462 9F       		.byte	-97
 1152 0463 40       		.byte	64
 1153 0464 A5       		.byte	-91
 1154 0465 08       		.byte	8
 1155 0466 A6       		.byte	-90
 1156 0467 08       		.byte	8
 1157 0468 A7       		.byte	-89
 1158 0469 20       		.byte	32
 1159 046a B3       		.byte	-77
 1160 046b 01       		.byte	1
 1161 046c B5       		.byte	-75
 1162 046d 01       		.byte	1
 1163 046e C0       		.byte	-64
 1164 046f 32       		.byte	50
 1165 0470 C2       		.byte	-62
 1166 0471 60       		.byte	96
 1167 0472 C4       		.byte	-60
 1168 0473 79       		.byte	121
 1169 0474 CA       		.byte	-54
 1170 0475 20       		.byte	32
 1171 0476 CC       		.byte	-52
 1172 0477 70       		.byte	112
 1173 0478 CE       		.byte	-50
 1174 0479 20       		.byte	32
 1175 047a D0       		.byte	-48
 1176 047b 66       		.byte	102
 1177 047c D6       		.byte	-42
 1178 047d F0       		.byte	-16
 1179 047e EE       		.byte	-18
 1180 047f 40       		.byte	64
 1181 0480 00       		.byte	0
 1182 0481 02       		.byte	2
 1183 0482 04       		.byte	4
 1184 0483 03       		.byte	3
 1185 0484 0B       		.byte	11
 1186 0485 03       		.byte	3
 1187 0486 0F       		.byte	15
 1188 0487 06       		.byte	6
 1189 0488 16       		.byte	22
 1190 0489 01       		.byte	1
 1191 048a 17       		.byte	23
 1192 048b 01       		.byte	1
 1193 048c 27       		.byte	39
 1194 048d 02       		.byte	2
 1195 048e 28       		.byte	40
 1196 048f 03       		.byte	3
 1197 0490 2B       		.byte	43
ARM GAS  C:\Users\DABBIR~1\AppData\Local\Temp\ccTFQ3Nk.s 			page 22


 1198 0491 05       		.byte	5
 1199 0492 2D       		.byte	45
 1200 0493 06       		.byte	6
 1201 0494 2F       		.byte	47
 1202 0495 01       		.byte	1
 1203 0496 30       		.byte	48
 1204 0497 03       		.byte	3
 1205 0498 33       		.byte	51
 1206 0499 07       		.byte	7
 1207 049a 38       		.byte	56
 1208 049b 02       		.byte	2
 1209 049c 3B       		.byte	59
 1210 049d 08       		.byte	8
 1211 049e 3E       		.byte	62
 1212 049f 01       		.byte	1
 1213 04a0 40       		.byte	64
 1214 04a1 60       		.byte	96
 1215 04a2 41       		.byte	65
 1216 04a3 02       		.byte	2
 1217 04a4 49       		.byte	73
 1218 04a5 FF       		.byte	-1
 1219 04a6 4A       		.byte	74
 1220 04a7 FF       		.byte	-1
 1221 04a8 4B       		.byte	75
 1222 04a9 FF       		.byte	-1
 1223 04aa 4D       		.byte	77
 1224 04ab A0       		.byte	-96
 1225 04ac 4F       		.byte	79
 1226 04ad 04       		.byte	4
 1227 04ae 50       		.byte	80
 1228 04af 18       		.byte	24
 1229 04b0 58       		.byte	88
 1230 04b1 04       		.byte	4
 1231 04b2 59       		.byte	89
 1232 04b3 04       		.byte	4
 1233 04b4 5A       		.byte	90
 1234 04b5 04       		.byte	4
 1235 04b6 5C       		.byte	92
 1236 04b7 30       		.byte	48
 1237 04b8 5D       		.byte	93
 1238 04b9 01       		.byte	1
 1239 04ba 5F       		.byte	95
 1240 04bb 01       		.byte	1
 1241 04bc 60       		.byte	96
 1242 04bd 40       		.byte	64
 1243 04be 62       		.byte	98
 1244 04bf C0       		.byte	-64
 1245 04c0 64       		.byte	100
 1246 04c1 40       		.byte	64
 1247 04c2 65       		.byte	101
 1248 04c3 40       		.byte	64
 1249 04c4 66       		.byte	102
 1250 04c5 C0       		.byte	-64
 1251 04c6 68       		.byte	104
 1252 04c7 C0       		.byte	-64
 1253 04c8 6A       		.byte	106
 1254 04c9 C0       		.byte	-64
ARM GAS  C:\Users\DABBIR~1\AppData\Local\Temp\ccTFQ3Nk.s 			page 23


 1255 04ca 6C       		.byte	108
 1256 04cb C0       		.byte	-64
 1257 04cc 6E       		.byte	110
 1258 04cd C0       		.byte	-64
 1259 04ce 86       		.byte	-122
 1260 04cf 02       		.byte	2
 1261 04d0 89       		.byte	-119
 1262 04d1 01       		.byte	1
 1263 04d2 8F       		.byte	-113
 1264 04d3 01       		.byte	1
 1265 04d4 92       		.byte	-110
 1266 04d5 01       		.byte	1
 1267 04d6 95       		.byte	-107
 1268 04d7 02       		.byte	2
 1269 04d8 A5       		.byte	-91
 1270 04d9 01       		.byte	1
 1271 04da A6       		.byte	-90
 1272 04db 02       		.byte	2
 1273 04dc B0       		.byte	-80
 1274 04dd 02       		.byte	2
 1275 04de B1       		.byte	-79
 1276 04df 03       		.byte	3
 1277 04e0 B4       		.byte	-76
 1278 04e1 01       		.byte	1
 1279 04e2 B9       		.byte	-71
 1280 04e3 02       		.byte	2
 1281 04e4 C0       		.byte	-64
 1282 04e5 20       		.byte	32
 1283 04e6 C1       		.byte	-63
 1284 04e7 06       		.byte	6
 1285 04e8 C5       		.byte	-59
 1286 04e9 01       		.byte	1
 1287 04ea C7       		.byte	-57
 1288 04eb 02       		.byte	2
 1289 04ec C8       		.byte	-56
 1290 04ed 11       		.byte	17
 1291 04ee C9       		.byte	-55
 1292 04ef FF       		.byte	-1
 1293 04f0 CA       		.byte	-54
 1294 04f1 FF       		.byte	-1
 1295 04f2 CB       		.byte	-53
 1296 04f3 FF       		.byte	-1
 1297 04f4 CD       		.byte	-51
 1298 04f5 AF       		.byte	-81
 1299 04f6 CE       		.byte	-50
 1300 04f7 0F       		.byte	15
 1301 04f8 CF       		.byte	-49
 1302 04f9 04       		.byte	4
 1303 04fa D0       		.byte	-48
 1304 04fb 18       		.byte	24
 1305 04fc D2       		.byte	-46
 1306 04fd 80       		.byte	-128
 1307 04fe D8       		.byte	-40
 1308 04ff 04       		.byte	4
 1309 0500 D9       		.byte	-39
 1310 0501 04       		.byte	4
 1311 0502 DA       		.byte	-38
ARM GAS  C:\Users\DABBIR~1\AppData\Local\Temp\ccTFQ3Nk.s 			page 24


 1312 0503 04       		.byte	4
 1313 0504 DB       		.byte	-37
 1314 0505 04       		.byte	4
 1315 0506 DC       		.byte	-36
 1316 0507 31       		.byte	49
 1317 0508 DD       		.byte	-35
 1318 0509 11       		.byte	17
 1319 050a DF       		.byte	-33
 1320 050b 01       		.byte	1
 1321 050c E0       		.byte	-32
 1322 050d 40       		.byte	64
 1323 050e E2       		.byte	-30
 1324 050f C0       		.byte	-64
 1325 0510 E4       		.byte	-28
 1326 0511 40       		.byte	64
 1327 0512 E5       		.byte	-27
 1328 0513 40       		.byte	64
 1329 0514 E6       		.byte	-26
 1330 0515 C0       		.byte	-64
 1331 0516 E8       		.byte	-24
 1332 0517 C0       		.byte	-64
 1333 0518 EA       		.byte	-22
 1334 0519 C0       		.byte	-64
 1335 051a EC       		.byte	-20
 1336 051b C0       		.byte	-64
 1337 051c EE       		.byte	-18
 1338 051d C0       		.byte	-64
 1339 051e 00       		.byte	0
 1340 051f 04       		.byte	4
 1341 0520 05       		.byte	5
 1342 0521 04       		.byte	4
 1343 0522 06       		.byte	6
 1344 0523 80       		.byte	-128
 1345 0524 07       		.byte	7
 1346 0525 40       		.byte	64
 1347 0526 0A       		.byte	10
 1348 0527 40       		.byte	64
 1349 0528 0D       		.byte	13
 1350 0529 08       		.byte	8
 1351 052a 10       		.byte	16
 1352 052b 20       		.byte	32
 1353 052c 17       		.byte	23
 1354 052d 20       		.byte	32
 1355 052e 18       		.byte	24
 1356 052f 04       		.byte	4
 1357 0530 1B       		.byte	27
 1358 0531 11       		.byte	17
 1359 0532 1D       		.byte	29
 1360 0533 01       		.byte	1
 1361 0534 21       		.byte	33
 1362 0535 01       		.byte	1
 1363 0536 23       		.byte	35
 1364 0537 40       		.byte	64
 1365 0538 24       		.byte	36
 1366 0539 10       		.byte	16
 1367 053a 27       		.byte	39
 1368 053b 20       		.byte	32
ARM GAS  C:\Users\DABBIR~1\AppData\Local\Temp\ccTFQ3Nk.s 			page 25


 1369 053c 29       		.byte	41
 1370 053d 04       		.byte	4
 1371 053e 2E       		.byte	46
 1372 053f 90       		.byte	-112
 1373 0540 2F       		.byte	47
 1374 0541 20       		.byte	32
 1375 0542 31       		.byte	49
 1376 0543 08       		.byte	8
 1377 0544 36       		.byte	54
 1378 0545 08       		.byte	8
 1379 0546 38       		.byte	56
 1380 0547 10       		.byte	16
 1381 0548 3A       		.byte	58
 1382 0549 80       		.byte	-128
 1383 054a 3C       		.byte	60
 1384 054b 10       		.byte	16
 1385 054c 3F       		.byte	63
 1386 054d 40       		.byte	64
 1387 054e 40       		.byte	64
 1388 054f 04       		.byte	4
 1389 0550 46       		.byte	70
 1390 0551 04       		.byte	4
 1391 0552 48       		.byte	72
 1392 0553 28       		.byte	40
 1393 0554 4F       		.byte	79
 1394 0555 20       		.byte	32
 1395 0556 50       		.byte	80
 1396 0557 08       		.byte	8
 1397 0558 52       		.byte	82
 1398 0559 04       		.byte	4
 1399 055a 72       		.byte	114
 1400 055b 40       		.byte	64
 1401 055c 8F       		.byte	-113
 1402 055d 20       		.byte	32
 1403 055e C0       		.byte	-64
 1404 055f 34       		.byte	52
 1405 0560 C2       		.byte	-62
 1406 0561 28       		.byte	40
 1407 0562 C4       		.byte	-60
 1408 0563 44       		.byte	68
 1409 0564 CA       		.byte	-54
 1410 0565 72       		.byte	114
 1411 0566 CC       		.byte	-52
 1412 0567 42       		.byte	66
 1413 0568 CE       		.byte	-50
 1414 0569 3C       		.byte	60
 1415 056a D0       		.byte	-48
 1416 056b 24       		.byte	36
 1417 056c D2       		.byte	-46
 1418 056d 24       		.byte	36
 1419 056e E2       		.byte	-30
 1420 056f 08       		.byte	8
 1421 0570 E6       		.byte	-26
 1422 0571 10       		.byte	16
 1423 0572 E2       		.byte	-30
 1424 0573 04       		.byte	4
 1425 0574 00       		.byte	0
ARM GAS  C:\Users\DABBIR~1\AppData\Local\Temp\ccTFQ3Nk.s 			page 26


 1426 0575 42       		.byte	66
 1427 0576 01       		.byte	1
 1428 0577 20       		.byte	32
 1429 0578 04       		.byte	4
 1430 0579 03       		.byte	3
 1431 057a 05       		.byte	5
 1432 057b 30       		.byte	48
 1433 057c 08       		.byte	8
 1434 057d 4F       		.byte	79
 1435 057e 09       		.byte	9
 1436 057f 10       		.byte	16
 1437 0580 0A       		.byte	10
 1438 0581 90       		.byte	-112
 1439 0582 0C       		.byte	12
 1440 0583 01       		.byte	1
 1441 0584 0F       		.byte	15
 1442 0585 0B       		.byte	11
 1443 0586 10       		.byte	16
 1444 0587 4C       		.byte	76
 1445 0588 11       		.byte	17
 1446 0589 01       		.byte	1
 1447 058a 12       		.byte	18
 1448 058b A3       		.byte	-93
 1449 058c 14       		.byte	20
 1450 058d FF       		.byte	-1
 1451 058e 15       		.byte	21
 1452 058f 70       		.byte	112
 1453 0590 17       		.byte	23
 1454 0591 0F       		.byte	15
 1455 0592 19       		.byte	25
 1456 0593 03       		.byte	3
 1457 0594 1A       		.byte	26
 1458 0595 40       		.byte	64
 1459 0596 1C       		.byte	28
 1460 0597 F3       		.byte	-13
 1461 0598 1D       		.byte	29
 1462 0599 02       		.byte	2
 1463 059a 1E       		.byte	30
 1464 059b 0C       		.byte	12
 1465 059c 20       		.byte	32
 1466 059d 08       		.byte	8
 1467 059e 21       		.byte	33
 1468 059f 4F       		.byte	79
 1469 05a0 23       		.byte	35
 1470 05a1 30       		.byte	48
 1471 05a2 24       		.byte	36
 1472 05a3 04       		.byte	4
 1473 05a4 28       		.byte	40
 1474 05a5 0C       		.byte	12
 1475 05a6 29       		.byte	41
 1476 05a7 7F       		.byte	127
 1477 05a8 2D       		.byte	45
 1478 05a9 78       		.byte	120
 1479 05aa 2E       		.byte	46
 1480 05ab B3       		.byte	-77
 1481 05ac 2F       		.byte	47
 1482 05ad 07       		.byte	7
ARM GAS  C:\Users\DABBIR~1\AppData\Local\Temp\ccTFQ3Nk.s 			page 27


 1483 05ae 30       		.byte	48
 1484 05af 0F       		.byte	15
 1485 05b0 31       		.byte	49
 1486 05b1 40       		.byte	64
 1487 05b2 32       		.byte	50
 1488 05b3 8C       		.byte	-116
 1489 05b4 33       		.byte	51
 1490 05b5 03       		.byte	3
 1491 05b6 35       		.byte	53
 1492 05b7 38       		.byte	56
 1493 05b8 36       		.byte	54
 1494 05b9 7C       		.byte	124
 1495 05ba 37       		.byte	55
 1496 05bb 04       		.byte	4
 1497 05bc 39       		.byte	57
 1498 05bd 80       		.byte	-128
 1499 05be 3A       		.byte	58
 1500 05bf AA       		.byte	-86
 1501 05c0 3F       		.byte	63
 1502 05c1 01       		.byte	1
 1503 05c2 40       		.byte	64
 1504 05c3 05       		.byte	5
 1505 05c4 45       		.byte	69
 1506 05c5 04       		.byte	4
 1507 05c6 49       		.byte	73
 1508 05c7 FF       		.byte	-1
 1509 05c8 4A       		.byte	74
 1510 05c9 07       		.byte	7
 1511 05ca 4B       		.byte	75
 1512 05cb FF       		.byte	-1
 1513 05cc 4C       		.byte	76
 1514 05cd 40       		.byte	64
 1515 05ce 4D       		.byte	77
 1516 05cf 20       		.byte	32
 1517 05d0 4E       		.byte	78
 1518 05d1 F0       		.byte	-16
 1519 05d2 4F       		.byte	79
 1520 05d3 05       		.byte	5
 1521 05d4 50       		.byte	80
 1522 05d5 08       		.byte	8
 1523 05d6 56       		.byte	86
 1524 05d7 02       		.byte	2
 1525 05d8 57       		.byte	87
 1526 05d9 13       		.byte	19
 1527 05da 58       		.byte	88
 1528 05db 04       		.byte	4
 1529 05dc 59       		.byte	89
 1530 05dd 04       		.byte	4
 1531 05de 5A       		.byte	90
 1532 05df 04       		.byte	4
 1533 05e0 5B       		.byte	91
 1534 05e1 04       		.byte	4
 1535 05e2 5C       		.byte	92
 1536 05e3 33       		.byte	51
 1537 05e4 5D       		.byte	93
 1538 05e5 33       		.byte	51
 1539 05e6 5F       		.byte	95
ARM GAS  C:\Users\DABBIR~1\AppData\Local\Temp\ccTFQ3Nk.s 			page 28


 1540 05e7 01       		.byte	1
 1541 05e8 60       		.byte	96
 1542 05e9 40       		.byte	64
 1543 05ea 61       		.byte	97
 1544 05eb A8       		.byte	-88
 1545 05ec 62       		.byte	98
 1546 05ed 40       		.byte	64
 1547 05ee 63       		.byte	99
 1548 05ef 20       		.byte	32
 1549 05f0 90       		.byte	-112
 1550 05f1 02       		.byte	2
 1551 05f2 9E       		.byte	-98
 1552 05f3 01       		.byte	1
 1553 05f4 A6       		.byte	-90
 1554 05f5 01       		.byte	1
 1555 05f6 B4       		.byte	-76
 1556 05f7 02       		.byte	2
 1557 05f8 B6       		.byte	-74
 1558 05f9 01       		.byte	1
 1559 05fa BE       		.byte	-66
 1560 05fb 50       		.byte	80
 1561 05fc D4       		.byte	-44
 1562 05fd 40       		.byte	64
 1563 05fe D8       		.byte	-40
 1564 05ff 04       		.byte	4
 1565 0600 DB       		.byte	-37
 1566 0601 04       		.byte	4
 1567 0602 DF       		.byte	-33
 1568 0603 01       		.byte	1
 1569 0604 02       		.byte	2
 1570 0605 A0       		.byte	-96
 1571 0606 03       		.byte	3
 1572 0607 0A       		.byte	10
 1573 0608 08       		.byte	8
 1574 0609 89       		.byte	-119
 1575 060a 0B       		.byte	11
 1576 060b 04       		.byte	4
 1577 060c 0D       		.byte	13
 1578 060d 01       		.byte	1
 1579 060e 0F       		.byte	15
 1580 060f 02       		.byte	2
 1581 0610 10       		.byte	16
 1582 0611 A0       		.byte	-96
 1583 0612 11       		.byte	17
 1584 0613 40       		.byte	64
 1585 0614 13       		.byte	19
 1586 0615 20       		.byte	32
 1587 0616 17       		.byte	23
 1588 0617 08       		.byte	8
 1589 0618 19       		.byte	25
 1590 0619 55       		.byte	85
 1591 061a 1B       		.byte	27
 1592 061b 08       		.byte	8
 1593 061c 1E       		.byte	30
 1594 061d 01       		.byte	1
 1595 061e 1F       		.byte	31
 1596 061f 20       		.byte	32
ARM GAS  C:\Users\DABBIR~1\AppData\Local\Temp\ccTFQ3Nk.s 			page 29


 1597 0620 21       		.byte	33
 1598 0621 44       		.byte	68
 1599 0622 22       		.byte	34
 1600 0623 01       		.byte	1
 1601 0624 23       		.byte	35
 1602 0625 08       		.byte	8
 1603 0626 28       		.byte	40
 1604 0627 89       		.byte	-119
 1605 0628 29       		.byte	41
 1606 0629 51       		.byte	81
 1607 062a 30       		.byte	48
 1608 062b 10       		.byte	16
 1609 062c 31       		.byte	49
 1610 062d 04       		.byte	4
 1611 062e 32       		.byte	50
 1612 062f A0       		.byte	-96
 1613 0630 33       		.byte	51
 1614 0631 02       		.byte	2
 1615 0632 38       		.byte	56
 1616 0633 28       		.byte	40
 1617 0634 39       		.byte	57
 1618 0635 40       		.byte	64
 1619 0636 3A       		.byte	58
 1620 0637 02       		.byte	2
 1621 0638 49       		.byte	73
 1622 0639 80       		.byte	-128
 1623 063a 4A       		.byte	74
 1624 063b 10       		.byte	16
 1625 063c 50       		.byte	80
 1626 063d 40       		.byte	64
 1627 063e 5A       		.byte	90
 1628 063f 02       		.byte	2
 1629 0640 5C       		.byte	92
 1630 0641 02       		.byte	2
 1631 0642 5E       		.byte	94
 1632 0643 01       		.byte	1
 1633 0644 66       		.byte	102
 1634 0645 90       		.byte	-112
 1635 0646 67       		.byte	103
 1636 0647 10       		.byte	16
 1637 0648 69       		.byte	105
 1638 0649 10       		.byte	16
 1639 064a 6A       		.byte	106
 1640 064b 88       		.byte	-120
 1641 064c 70       		.byte	112
 1642 064d B4       		.byte	-76
 1643 064e 72       		.byte	114
 1644 064f 02       		.byte	2
 1645 0650 73       		.byte	115
 1646 0651 20       		.byte	32
 1647 0652 80       		.byte	-128
 1648 0653 40       		.byte	64
 1649 0654 86       		.byte	-122
 1650 0655 10       		.byte	16
 1651 0656 88       		.byte	-120
 1652 0657 40       		.byte	64
 1653 0658 8F       		.byte	-113
ARM GAS  C:\Users\DABBIR~1\AppData\Local\Temp\ccTFQ3Nk.s 			page 30


 1654 0659 20       		.byte	32
 1655 065a 91       		.byte	-111
 1656 065b 42       		.byte	66
 1657 065c 93       		.byte	-109
 1658 065d 14       		.byte	20
 1659 065e 95       		.byte	-107
 1660 065f 98       		.byte	-104
 1661 0660 96       		.byte	-106
 1662 0661 88       		.byte	-120
 1663 0662 98       		.byte	-104
 1664 0663 10       		.byte	16
 1665 0664 99       		.byte	-103
 1666 0665 80       		.byte	-128
 1667 0666 9A       		.byte	-102
 1668 0667 90       		.byte	-112
 1669 0668 9C       		.byte	-100
 1670 0669 CA       		.byte	-54
 1671 066a 9F       		.byte	-97
 1672 066b 08       		.byte	8
 1673 066c A2       		.byte	-94
 1674 066d 80       		.byte	-128
 1675 066e A3       		.byte	-93
 1676 066f 03       		.byte	3
 1677 0670 AD       		.byte	-83
 1678 0671 40       		.byte	64
 1679 0672 AF       		.byte	-81
 1680 0673 04       		.byte	4
 1681 0674 C0       		.byte	-64
 1682 0675 0F       		.byte	15
 1683 0676 C2       		.byte	-62
 1684 0677 9F       		.byte	-97
 1685 0678 C4       		.byte	-60
 1686 0679 2F       		.byte	47
 1687 067a CA       		.byte	-54
 1688 067b 0D       		.byte	13
 1689 067c CC       		.byte	-52
 1690 067d 0F       		.byte	15
 1691 067e CE       		.byte	-50
 1692 067f 0F       		.byte	15
 1693 0680 D2       		.byte	-46
 1694 0681 08       		.byte	8
 1695 0682 D6       		.byte	-42
 1696 0683 01       		.byte	1
 1697 0684 D8       		.byte	-40
 1698 0685 70       		.byte	112
 1699 0686 E0       		.byte	-32
 1700 0687 01       		.byte	1
 1701 0688 E4       		.byte	-28
 1702 0689 08       		.byte	8
 1703 068a 9F       		.byte	-97
 1704 068b 01       		.byte	1
 1705 068c B5       		.byte	-75
 1706 068d 01       		.byte	1
 1707 068e D4       		.byte	-44
 1708 068f 09       		.byte	9
 1709 0690 D9       		.byte	-39
 1710 0691 04       		.byte	4
ARM GAS  C:\Users\DABBIR~1\AppData\Local\Temp\ccTFQ3Nk.s 			page 31


 1711 0692 DB       		.byte	-37
 1712 0693 04       		.byte	4
 1713 0694 DC       		.byte	-36
 1714 0695 30       		.byte	48
 1715 0696 DF       		.byte	-33
 1716 0697 01       		.byte	1
 1717 0698 04       		.byte	4
 1718 0699 08       		.byte	8
 1719 069a 05       		.byte	5
 1720 069b 11       		.byte	17
 1721 069c 06       		.byte	6
 1722 069d 02       		.byte	2
 1723 069e 0E       		.byte	14
 1724 069f 2A       		.byte	42
 1725 06a0 13       		.byte	19
 1726 06a1 30       		.byte	48
 1727 06a2 16       		.byte	22
 1728 06a3 01       		.byte	1
 1729 06a4 17       		.byte	23
 1730 06a5 15       		.byte	21
 1731 06a6 1D       		.byte	29
 1732 06a7 80       		.byte	-128
 1733 06a8 1E       		.byte	30
 1734 06a9 49       		.byte	73
 1735 06aa 1F       		.byte	31
 1736 06ab 04       		.byte	4
 1737 06ac 23       		.byte	35
 1738 06ad 04       		.byte	4
 1739 06ae 24       		.byte	36
 1740 06af 08       		.byte	8
 1741 06b0 25       		.byte	37
 1742 06b1 10       		.byte	16
 1743 06b2 27       		.byte	39
 1744 06b3 60       		.byte	96
 1745 06b4 28       		.byte	40
 1746 06b5 20       		.byte	32
 1747 06b6 2A       		.byte	42
 1748 06b7 04       		.byte	4
 1749 06b8 2C       		.byte	44
 1750 06b9 02       		.byte	2
 1751 06ba 2F       		.byte	47
 1752 06bb A0       		.byte	-96
 1753 06bc 32       		.byte	50
 1754 06bd 80       		.byte	-128
 1755 06be 35       		.byte	53
 1756 06bf 01       		.byte	1
 1757 06c0 36       		.byte	54
 1758 06c1 10       		.byte	16
 1759 06c2 37       		.byte	55
 1760 06c3 44       		.byte	68
 1761 06c4 3D       		.byte	61
 1762 06c5 20       		.byte	32
 1763 06c6 3E       		.byte	62
 1764 06c7 06       		.byte	6
 1765 06c8 3F       		.byte	63
 1766 06c9 80       		.byte	-128
 1767 06ca 45       		.byte	69
ARM GAS  C:\Users\DABBIR~1\AppData\Local\Temp\ccTFQ3Nk.s 			page 32


 1768 06cb AA       		.byte	-86
 1769 06cc 4D       		.byte	77
 1770 06cd 08       		.byte	8
 1771 06ce 56       		.byte	86
 1772 06cf 95       		.byte	-107
 1773 06d0 57       		.byte	87
 1774 06d1 40       		.byte	64
 1775 06d2 58       		.byte	88
 1776 06d3 20       		.byte	32
 1777 06d4 59       		.byte	89
 1778 06d5 08       		.byte	8
 1779 06d6 5A       		.byte	90
 1780 06d7 41       		.byte	65
 1781 06d8 61       		.byte	97
 1782 06d9 40       		.byte	64
 1783 06da 67       		.byte	103
 1784 06db 01       		.byte	1
 1785 06dc 6C       		.byte	108
 1786 06dd 12       		.byte	18
 1787 06de 6E       		.byte	110
 1788 06df 06       		.byte	6
 1789 06e0 6F       		.byte	111
 1790 06e1 95       		.byte	-107
 1791 06e2 76       		.byte	118
 1792 06e3 02       		.byte	2
 1793 06e4 82       		.byte	-126
 1794 06e5 04       		.byte	4
 1795 06e6 91       		.byte	-111
 1796 06e7 42       		.byte	66
 1797 06e8 93       		.byte	-109
 1798 06e9 01       		.byte	1
 1799 06ea 94       		.byte	-108
 1800 06eb 28       		.byte	40
 1801 06ec 95       		.byte	-107
 1802 06ed 98       		.byte	-104
 1803 06ee 96       		.byte	-106
 1804 06ef 88       		.byte	-120
 1805 06f0 98       		.byte	-104
 1806 06f1 10       		.byte	16
 1807 06f2 99       		.byte	-103
 1808 06f3 91       		.byte	-111
 1809 06f4 9C       		.byte	-100
 1810 06f5 CA       		.byte	-54
 1811 06f6 9E       		.byte	-98
 1812 06f7 06       		.byte	6
 1813 06f8 9F       		.byte	-97
 1814 06f9 0D       		.byte	13
 1815 06fa A1       		.byte	-95
 1816 06fb 2A       		.byte	42
 1817 06fc A2       		.byte	-94
 1818 06fd 90       		.byte	-112
 1819 06fe A3       		.byte	-93
 1820 06ff 23       		.byte	35
 1821 0700 A6       		.byte	-90
 1822 0701 01       		.byte	1
 1823 0702 C0       		.byte	-64
 1824 0703 F0       		.byte	-16
ARM GAS  C:\Users\DABBIR~1\AppData\Local\Temp\ccTFQ3Nk.s 			page 33


 1825 0704 C2       		.byte	-62
 1826 0705 E0       		.byte	-32
 1827 0706 C4       		.byte	-60
 1828 0707 F0       		.byte	-16
 1829 0708 CA       		.byte	-54
 1830 0709 D0       		.byte	-48
 1831 070a CC       		.byte	-52
 1832 070b F8       		.byte	-8
 1833 070c CE       		.byte	-50
 1834 070d F0       		.byte	-16
 1835 070e D0       		.byte	-48
 1836 070f F0       		.byte	-16
 1837 0710 D6       		.byte	-42
 1838 0711 0F       		.byte	15
 1839 0712 D8       		.byte	-40
 1840 0713 18       		.byte	24
 1841 0714 EE       		.byte	-18
 1842 0715 02       		.byte	2
 1843 0716 02       		.byte	2
 1844 0717 01       		.byte	1
 1845 0718 07       		.byte	7
 1846 0719 0C       		.byte	12
 1847 071a 09       		.byte	9
 1848 071b 01       		.byte	1
 1849 071c 0B       		.byte	11
 1850 071d 06       		.byte	6
 1851 071e 17       		.byte	23
 1852 071f 03       		.byte	3
 1853 0720 19       		.byte	25
 1854 0721 01       		.byte	1
 1855 0722 1B       		.byte	27
 1856 0723 0E       		.byte	14
 1857 0724 1D       		.byte	29
 1858 0725 0C       		.byte	12
 1859 0726 1F       		.byte	31
 1860 0727 03       		.byte	3
 1861 0728 27       		.byte	39
 1862 0729 08       		.byte	8
 1863 072a 31       		.byte	49
 1864 072b 0F       		.byte	15
 1865 072c 34       		.byte	52
 1866 072d 01       		.byte	1
 1867 072e 3B       		.byte	59
 1868 072f 02       		.byte	2
 1869 0730 40       		.byte	64
 1870 0731 20       		.byte	32
 1871 0732 41       		.byte	65
 1872 0733 06       		.byte	6
 1873 0734 49       		.byte	73
 1874 0735 FF       		.byte	-1
 1875 0736 4A       		.byte	74
 1876 0737 FF       		.byte	-1
 1877 0738 4B       		.byte	75
 1878 0739 FF       		.byte	-1
 1879 073a 4D       		.byte	77
 1880 073b A0       		.byte	-96
 1881 073c 4F       		.byte	79
ARM GAS  C:\Users\DABBIR~1\AppData\Local\Temp\ccTFQ3Nk.s 			page 34


 1882 073d 04       		.byte	4
 1883 073e 50       		.byte	80
 1884 073f 18       		.byte	24
 1885 0740 52       		.byte	82
 1886 0741 80       		.byte	-128
 1887 0742 58       		.byte	88
 1888 0743 04       		.byte	4
 1889 0744 59       		.byte	89
 1890 0745 04       		.byte	4
 1891 0746 5A       		.byte	90
 1892 0747 04       		.byte	4
 1893 0748 5B       		.byte	91
 1894 0749 04       		.byte	4
 1895 074a 5C       		.byte	92
 1896 074b 31       		.byte	49
 1897 074c 5D       		.byte	93
 1898 074d 11       		.byte	17
 1899 074e 5F       		.byte	95
 1900 074f 01       		.byte	1
 1901 0750 60       		.byte	96
 1902 0751 40       		.byte	64
 1903 0752 62       		.byte	98
 1904 0753 C0       		.byte	-64
 1905 0754 64       		.byte	100
 1906 0755 40       		.byte	64
 1907 0756 65       		.byte	101
 1908 0757 40       		.byte	64
 1909 0758 66       		.byte	102
 1910 0759 C0       		.byte	-64
 1911 075a 68       		.byte	104
 1912 075b C0       		.byte	-64
 1913 075c 6A       		.byte	106
 1914 075d C0       		.byte	-64
 1915 075e 6C       		.byte	108
 1916 075f C0       		.byte	-64
 1917 0760 6E       		.byte	110
 1918 0761 C0       		.byte	-64
 1919 0762 9A       		.byte	-102
 1920 0763 01       		.byte	1
 1921 0764 A6       		.byte	-90
 1922 0765 01       		.byte	1
 1923 0766 B4       		.byte	-76
 1924 0767 01       		.byte	1
 1925 0768 C0       		.byte	-64
 1926 0769 20       		.byte	32
 1927 076a C1       		.byte	-63
 1928 076b 06       		.byte	6
 1929 076c C5       		.byte	-59
 1930 076d 01       		.byte	1
 1931 076e C7       		.byte	-57
 1932 076f 02       		.byte	2
 1933 0770 C8       		.byte	-56
 1934 0771 11       		.byte	17
 1935 0772 C9       		.byte	-55
 1936 0773 FF       		.byte	-1
 1937 0774 CA       		.byte	-54
 1938 0775 FF       		.byte	-1
ARM GAS  C:\Users\DABBIR~1\AppData\Local\Temp\ccTFQ3Nk.s 			page 35


 1939 0776 CB       		.byte	-53
 1940 0777 FF       		.byte	-1
 1941 0778 CD       		.byte	-51
 1942 0779 AF       		.byte	-81
 1943 077a CE       		.byte	-50
 1944 077b 0F       		.byte	15
 1945 077c CF       		.byte	-49
 1946 077d 04       		.byte	4
 1947 077e D0       		.byte	-48
 1948 077f 18       		.byte	24
 1949 0780 D8       		.byte	-40
 1950 0781 04       		.byte	4
 1951 0782 DA       		.byte	-38
 1952 0783 04       		.byte	4
 1953 0784 DB       		.byte	-37
 1954 0785 04       		.byte	4
 1955 0786 DC       		.byte	-36
 1956 0787 01       		.byte	1
 1957 0788 DD       		.byte	-35
 1958 0789 01       		.byte	1
 1959 078a DF       		.byte	-33
 1960 078b 01       		.byte	1
 1961 078c E0       		.byte	-32
 1962 078d 40       		.byte	64
 1963 078e E2       		.byte	-30
 1964 078f C0       		.byte	-64
 1965 0790 E4       		.byte	-28
 1966 0791 40       		.byte	64
 1967 0792 E5       		.byte	-27
 1968 0793 40       		.byte	64
 1969 0794 E6       		.byte	-26
 1970 0795 C0       		.byte	-64
 1971 0796 E8       		.byte	-24
 1972 0797 C0       		.byte	-64
 1973 0798 EA       		.byte	-22
 1974 0799 C0       		.byte	-64
 1975 079a EC       		.byte	-20
 1976 079b C0       		.byte	-64
 1977 079c EE       		.byte	-18
 1978 079d C0       		.byte	-64
 1979 079e 06       		.byte	6
 1980 079f 80       		.byte	-128
 1981 07a0 09       		.byte	9
 1982 07a1 20       		.byte	32
 1983 07a2 10       		.byte	16
 1984 07a3 20       		.byte	32
 1985 07a4 18       		.byte	24
 1986 07a5 08       		.byte	8
 1987 07a6 1D       		.byte	29
 1988 07a7 20       		.byte	32
 1989 07a8 27       		.byte	39
 1990 07a9 40       		.byte	64
 1991 07aa 2F       		.byte	47
 1992 07ab 20       		.byte	32
 1993 07ac 37       		.byte	55
 1994 07ad 64       		.byte	100
 1995 07ae 3E       		.byte	62
ARM GAS  C:\Users\DABBIR~1\AppData\Local\Temp\ccTFQ3Nk.s 			page 36


 1996 07af 18       		.byte	24
 1997 07b0 41       		.byte	65
 1998 07b1 20       		.byte	32
 1999 07b2 45       		.byte	69
 2000 07b3 20       		.byte	32
 2001 07b4 48       		.byte	72
 2002 07b5 20       		.byte	32
 2003 07b6 4A       		.byte	74
 2004 07b7 08       		.byte	8
 2005 07b8 4E       		.byte	78
 2006 07b9 08       		.byte	8
 2007 07ba 52       		.byte	82
 2008 07bb 08       		.byte	8
 2009 07bc 6A       		.byte	106
 2010 07bd 86       		.byte	-122
 2011 07be 6B       		.byte	107
 2012 07bf 08       		.byte	8
 2013 07c0 70       		.byte	112
 2014 07c1 10       		.byte	16
 2015 07c2 71       		.byte	113
 2016 07c3 40       		.byte	64
 2017 07c4 72       		.byte	114
 2018 07c5 20       		.byte	32
 2019 07c6 73       		.byte	115
 2020 07c7 40       		.byte	64
 2021 07c8 76       		.byte	118
 2022 07c9 80       		.byte	-128
 2023 07ca 82       		.byte	-126
 2024 07cb 40       		.byte	64
 2025 07cc 87       		.byte	-121
 2026 07cd 08       		.byte	8
 2027 07ce 8A       		.byte	-118
 2028 07cf 01       		.byte	1
 2029 07d0 92       		.byte	-110
 2030 07d1 10       		.byte	16
 2031 07d2 9A       		.byte	-102
 2032 07d3 08       		.byte	8
 2033 07d4 9B       		.byte	-101
 2034 07d5 20       		.byte	32
 2035 07d6 9F       		.byte	-97
 2036 07d7 40       		.byte	64
 2037 07d8 A5       		.byte	-91
 2038 07d9 08       		.byte	8
 2039 07da A7       		.byte	-89
 2040 07db 20       		.byte	32
 2041 07dc C0       		.byte	-64
 2042 07dd 10       		.byte	16
 2043 07de C2       		.byte	-62
 2044 07df 02       		.byte	2
 2045 07e0 C4       		.byte	-60
 2046 07e1 04       		.byte	4
 2047 07e2 CA       		.byte	-54
 2048 07e3 40       		.byte	64
 2049 07e4 CC       		.byte	-52
 2050 07e5 70       		.byte	112
 2051 07e6 CE       		.byte	-50
 2052 07e7 60       		.byte	96
ARM GAS  C:\Users\DABBIR~1\AppData\Local\Temp\ccTFQ3Nk.s 			page 37


 2053 07e8 D0       		.byte	-48
 2054 07e9 24       		.byte	36
 2055 07ea D2       		.byte	-46
 2056 07eb 24       		.byte	36
 2057 07ec E0       		.byte	-32
 2058 07ed 08       		.byte	8
 2059 07ee E4       		.byte	-28
 2060 07ef 01       		.byte	1
 2061 07f0 EE       		.byte	-18
 2062 07f1 02       		.byte	2
 2063 07f2 81       		.byte	-127
 2064 07f3 08       		.byte	8
 2065 07f4 83       		.byte	-125
 2066 07f5 04       		.byte	4
 2067 07f6 87       		.byte	-121
 2068 07f7 20       		.byte	32
 2069 07f8 9F       		.byte	-97
 2070 07f9 04       		.byte	4
 2071 07fa A5       		.byte	-91
 2072 07fb 08       		.byte	8
 2073 07fc A7       		.byte	-89
 2074 07fd 20       		.byte	32
 2075 07fe AF       		.byte	-81
 2076 07ff 40       		.byte	64
 2077 0800 B1       		.byte	-79
 2078 0801 40       		.byte	64
 2079 0802 B2       		.byte	-78
 2080 0803 24       		.byte	36
 2081 0804 B4       		.byte	-76
 2082 0805 14       		.byte	20
 2083 0806 E0       		.byte	-32
 2084 0807 40       		.byte	64
 2085 0808 E2       		.byte	-30
 2086 0809 80       		.byte	-128
 2087 080a EC       		.byte	-20
 2088 080b 02       		.byte	2
 2089 080c 30       		.byte	48
 2090 080d 02       		.byte	2
 2091 080e 33       		.byte	51
 2092 080f 10       		.byte	16
 2093 0810 36       		.byte	54
 2094 0811 48       		.byte	72
 2095 0812 39       		.byte	57
 2096 0813 40       		.byte	64
 2097 0814 80       		.byte	-128
 2098 0815 02       		.byte	2
 2099 0816 CC       		.byte	-52
 2100 0817 F0       		.byte	-16
 2101 0818 CE       		.byte	-50
 2102 0819 10       		.byte	16
 2103 081a E2       		.byte	-30
 2104 081b 20       		.byte	32
 2105 081c 07       		.byte	7
 2106 081d 08       		.byte	8
 2107 081e 08       		.byte	8
 2108 081f 02       		.byte	2
 2109 0820 0D       		.byte	13
ARM GAS  C:\Users\DABBIR~1\AppData\Local\Temp\ccTFQ3Nk.s 			page 38


 2110 0821 08       		.byte	8
 2111 0822 5C       		.byte	92
 2112 0823 80       		.byte	-128
 2113 0824 81       		.byte	-127
 2114 0825 08       		.byte	8
 2115 0826 83       		.byte	-125
 2116 0827 10       		.byte	16
 2117 0828 86       		.byte	-122
 2118 0829 08       		.byte	8
 2119 082a 88       		.byte	-120
 2120 082b 80       		.byte	-128
 2121 082c 8C       		.byte	-116
 2122 082d 04       		.byte	4
 2123 082e 8D       		.byte	-115
 2124 082f 40       		.byte	64
 2125 0830 95       		.byte	-107
 2126 0831 40       		.byte	64
 2127 0832 9F       		.byte	-97
 2128 0833 10       		.byte	16
 2129 0834 A6       		.byte	-90
 2130 0835 48       		.byte	72
 2131 0836 C0       		.byte	-64
 2132 0837 80       		.byte	-128
 2133 0838 C2       		.byte	-62
 2134 0839 30       		.byte	48
 2135 083a D6       		.byte	-42
 2136 083b 20       		.byte	32
 2137 083c E0       		.byte	-32
 2138 083d 80       		.byte	-128
 2139 083e E2       		.byte	-30
 2140 083f 30       		.byte	48
 2141 0840 50       		.byte	80
 2142 0841 04       		.byte	4
 2143 0842 8F       		.byte	-113
 2144 0843 04       		.byte	4
 2145 0844 90       		.byte	-112
 2146 0845 08       		.byte	8
 2147 0846 A6       		.byte	-90
 2148 0847 40       		.byte	64
 2149 0848 AB       		.byte	-85
 2150 0849 08       		.byte	8
 2151 084a B4       		.byte	-76
 2152 084b 02       		.byte	2
 2153 084c D4       		.byte	-44
 2154 084d 20       		.byte	32
 2155 084e E8       		.byte	-24
 2156 084f 20       		.byte	32
 2157 0850 9F       		.byte	-97
 2158 0851 04       		.byte	4
 2159 0852 A6       		.byte	-90
 2160 0853 40       		.byte	64
 2161 0854 82       		.byte	-126
 2162 0855 40       		.byte	64
 2163 0856 59       		.byte	89
 2164 0857 40       		.byte	64
 2165 0858 5C       		.byte	92
 2166 0859 02       		.byte	2
ARM GAS  C:\Users\DABBIR~1\AppData\Local\Temp\ccTFQ3Nk.s 			page 39


 2167 085a 67       		.byte	103
 2168 085b 08       		.byte	8
 2169 085c 86       		.byte	-122
 2170 085d 01       		.byte	1
 2171 085e 96       		.byte	-106
 2172 085f 40       		.byte	64
 2173 0860 D4       		.byte	-44
 2174 0861 01       		.byte	1
 2175 0862 D6       		.byte	-42
 2176 0863 01       		.byte	1
 2177 0864 D8       		.byte	-40
 2178 0865 01       		.byte	1
 2179 0866 89       		.byte	-119
 2180 0867 40       		.byte	64
 2181 0868 96       		.byte	-106
 2182 0869 41       		.byte	65
 2183 086a 9C       		.byte	-100
 2184 086b 02       		.byte	2
 2185 086c 9D       		.byte	-99
 2186 086d 40       		.byte	64
 2187 086e B3       		.byte	-77
 2188 086f 04       		.byte	4
 2189 0870 E0       		.byte	-32
 2190 0871 01       		.byte	1
 2191 0872 E8       		.byte	-24
 2192 0873 01       		.byte	1
 2193 0874 0A       		.byte	10
 2194 0875 01       		.byte	1
 2195 0876 0B       		.byte	11
 2196 0877 40       		.byte	64
 2197 0878 0E       		.byte	14
 2198 0879 40       		.byte	64
 2199 087a 96       		.byte	-106
 2200 087b 41       		.byte	65
 2201 087c 9C       		.byte	-100
 2202 087d 02       		.byte	2
 2203 087e C2       		.byte	-62
 2204 087f 0E       		.byte	14
 2205 0880 83       		.byte	-125
 2206 0881 04       		.byte	4
 2207 0882 9F       		.byte	-97
 2208 0883 04       		.byte	4
 2209 0884 AE       		.byte	-82
 2210 0885 40       		.byte	64
 2211 0886 E6       		.byte	-26
 2212 0887 20       		.byte	32
 2213 0888 EE       		.byte	-18
 2214 0889 40       		.byte	64
 2215 088a 03       		.byte	3
 2216 088b 04       		.byte	4
 2217 088c 63       		.byte	99
 2218 088d 08       		.byte	8
 2219 088e 9F       		.byte	-97
 2220 088f 04       		.byte	4
 2221 0890 A3       		.byte	-93
 2222 0891 04       		.byte	4
 2223 0892 C0       		.byte	-64
ARM GAS  C:\Users\DABBIR~1\AppData\Local\Temp\ccTFQ3Nk.s 			page 40


 2224 0893 40       		.byte	64
 2225 0894 D8       		.byte	-40
 2226 0895 40       		.byte	64
 2227 0896 53       		.byte	83
 2228 0897 12       		.byte	18
 2229 0898 56       		.byte	86
 2230 0899 10       		.byte	16
 2231 089a 59       		.byte	89
 2232 089b 01       		.byte	1
 2233 089c 5C       		.byte	92
 2234 089d 10       		.byte	16
 2235 089e 5F       		.byte	95
 2236 089f 02       		.byte	2
 2237 08a0 60       		.byte	96
 2238 08a1 08       		.byte	8
 2239 08a2 67       		.byte	103
 2240 08a3 10       		.byte	16
 2241 08a4 80       		.byte	-128
 2242 08a5 10       		.byte	16
 2243 08a6 87       		.byte	-121
 2244 08a7 02       		.byte	2
 2245 08a8 8B       		.byte	-117
 2246 08a9 10       		.byte	16
 2247 08aa 9C       		.byte	-100
 2248 08ab 02       		.byte	2
 2249 08ac AF       		.byte	-81
 2250 08ad 40       		.byte	64
 2251 08ae D4       		.byte	-44
 2252 08af 07       		.byte	7
 2253 08b0 D6       		.byte	-42
 2254 08b1 07       		.byte	7
 2255 08b2 D8       		.byte	-40
 2256 08b3 03       		.byte	3
 2257 08b4 E0       		.byte	-32
 2258 08b5 04       		.byte	4
 2259 08b6 10       		.byte	16
 2260 08b7 40       		.byte	64
 2261 08b8 75       		.byte	117
 2262 08b9 02       		.byte	2
 2263 08ba 88       		.byte	-120
 2264 08bb 40       		.byte	64
 2265 08bc 8D       		.byte	-115
 2266 08bd 02       		.byte	2
 2267 08be AF       		.byte	-81
 2268 08bf 02       		.byte	2
 2269 08c0 B0       		.byte	-80
 2270 08c1 08       		.byte	8
 2271 08c2 B2       		.byte	-78
 2272 08c3 10       		.byte	16
 2273 08c4 B3       		.byte	-77
 2274 08c5 10       		.byte	16
 2275 08c6 B4       		.byte	-76
 2276 08c7 02       		.byte	2
 2277 08c8 B5       		.byte	-75
 2278 08c9 01       		.byte	1
 2279 08ca C4       		.byte	-60
 2280 08cb 08       		.byte	8
ARM GAS  C:\Users\DABBIR~1\AppData\Local\Temp\ccTFQ3Nk.s 			page 41


 2281 08cc DE       		.byte	-34
 2282 08cd 04       		.byte	4
 2283 08ce E0       		.byte	-32
 2284 08cf 02       		.byte	2
 2285 08d0 E2       		.byte	-30
 2286 08d1 01       		.byte	1
 2287 08d2 E8       		.byte	-24
 2288 08d3 09       		.byte	9
 2289 08d4 EC       		.byte	-20
 2290 08d5 07       		.byte	7
 2291 08d6 10       		.byte	16
 2292 08d7 0B       		.byte	11
 2293 08d8 12       		.byte	18
 2294 08d9 14       		.byte	20
 2295 08da 1A       		.byte	26
 2296 08db 09       		.byte	9
 2297 08dc 1C       		.byte	28
 2298 08dd 0A       		.byte	10
 2299 08de 00       		.byte	0
 2300 08df AB       		.byte	-85
 2301 08e0 01       		.byte	1
 2302 08e1 03       		.byte	3
 2303 08e2 00       		.byte	0
 2304 08e3 00       		.byte	0
 2305 08e4 0A       		.byte	10
 2306 08e5 CD       		.byte	-51
 2307 08e6 10       		.byte	16
 2308 08e7 00       		.byte	0
 2309 08e8 04       		.byte	4
 2310 08e9 CD       		.byte	-51
 2311 08ea 00       		.byte	0
 2312 08eb 00       		.byte	0
 2313 08ec 56       		.byte	86
 2314 08ed 10       		.byte	16
 2315 08ee 09       		.byte	9
 2316 08ef 60       		.byte	96
 2317 08f0 84       		.byte	-124
 2318 08f1 00       		.byte	0
 2319 08f2 00       		.byte	0
 2320 08f3 80       		.byte	-128
 2321 08f4 00       		.byte	0
 2322 08f5 12       		.byte	18
 2323 08f6 00       		.byte	0
 2324 08f7 64       		.byte	100
 2325 08f8 07       		.byte	7
 2326 08f9 8D       		.byte	-115
 2327 08fa 38       		.byte	56
 2328 08fb 40       		.byte	64
 2329 08fc 01       		.byte	1
 2330 08fd 01       		.byte	1
 2331 08fe 00       		.byte	0
 2332 08ff 32       		.byte	50
 2333 0900 84       		.byte	-124
 2334 0901 02       		.byte	2
 2335 0902 00       		.byte	0
 2336 0903 0D       		.byte	13
 2337 0904 04       		.byte	4
ARM GAS  C:\Users\DABBIR~1\AppData\Local\Temp\ccTFQ3Nk.s 			page 42


 2338 0905 CD       		.byte	-51
 2339 0906 80       		.byte	-128
 2340 0907 00       		.byte	0
 2341 0908 80       		.byte	-128
 2342 0909 72       		.byte	114
 2343 090a 04       		.byte	4
 2344 090b 08       		.byte	8
 2345 090c 84       		.byte	-124
 2346 090d 00       		.byte	0
 2347 090e 00       		.byte	0
 2348 090f 00       		.byte	0
 2349 0910 60       		.byte	96
 2350 0911 4D       		.byte	77
 2351 0912 00       		.byte	0
 2352 0913 80       		.byte	-128
 2353 0914 08       		.byte	8
 2354 0915 0F       		.byte	15
 2355 0916 02       		.byte	2
 2356 0917 80       		.byte	-128
 2357 0918 7F       		.byte	127
 2358 0919 70       		.byte	112
 2359 091a 80       		.byte	-128
 2360 091b 00       		.byte	0
 2361 091c 20       		.byte	32
 2362 091d 00       		.byte	0
 2363 091e 00       		.byte	0
 2364 091f 22       		.byte	34
 2365 0920 00       		.byte	0
 2366 0921 00       		.byte	0
 2367 0922 45       		.byte	69
 2368 0923 04       		.byte	4
 2369 0924 42       		.byte	66
 2370 0925 03       		.byte	3
 2371 0926 10       		.byte	16
 2372 0927 00       		.byte	0
 2373 0928 00       		.byte	0
 2374 0929 0E       		.byte	14
 2375 092a FD       		.byte	-3
 2376 092b BC       		.byte	-68
 2377 092c 3D       		.byte	61
 2378 092d FF       		.byte	-1
 2379 092e FF       		.byte	-1
 2380 092f FF       		.byte	-1
 2381 0930 22       		.byte	34
 2382 0931 00       		.byte	0
 2383 0932 F0       		.byte	-16
 2384 0933 08       		.byte	8
 2385 0934 04       		.byte	4
 2386 0935 00       		.byte	0
 2387 0936 00       		.byte	0
 2388 0937 00       		.byte	0
 2389 0938 00       		.byte	0
 2390 0939 00       		.byte	0
 2391 093a 02       		.byte	2
 2392 093b 20       		.byte	32
 2393 093c 04       		.byte	4
 2394 093d 04       		.byte	4
ARM GAS  C:\Users\DABBIR~1\AppData\Local\Temp\ccTFQ3Nk.s 			page 43


 2395 093e 04       		.byte	4
 2396 093f 04       		.byte	4
 2397 0940 00       		.byte	0
 2398 0941 00       		.byte	0
 2399 0942 00       		.byte	0
 2400 0943 01       		.byte	1
 2401 0944 00       		.byte	0
 2402 0945 00       		.byte	0
 2403 0946 C0       		.byte	-64
 2404 0947 00       		.byte	0
 2405 0948 40       		.byte	64
 2406 0949 01       		.byte	1
 2407 094a 10       		.byte	16
 2408 094b 11       		.byte	17
 2409 094c C0       		.byte	-64
 2410 094d 01       		.byte	1
 2411 094e 00       		.byte	0
 2412 094f 11       		.byte	17
 2413 0950 40       		.byte	64
 2414 0951 01       		.byte	1
 2415 0952 40       		.byte	64
 2416 0953 01       		.byte	1
 2417 0954 00       		.byte	0
 2418 0955 00       		.byte	0
 2419 0956 00       		.byte	0
 2420 0957 00       		.byte	0
 2421 0958 00       		.byte	0
 2422 0959 00       		.byte	0
 2423 095a 00       		.byte	0
 2424 095b 00       		.byte	0
 2425 095c 00       		.byte	0
 2426 095d 00       		.byte	0
 2427 095e 00       		.byte	0
 2428 095f 00       		.byte	0
 2429 0960 00       		.byte	0
 2430 0961 00       		.byte	0
 2431 0962 00       		.byte	0
 2432 0963 00       		.byte	0
 2433 0964 0F       		.byte	15
 2434 0965 01       		.byte	1
 2435 0966 14       		.byte	20
 2436 0967 00       		.byte	0
 2437 0968 00       		.byte	0
 2438 0969 00       		.byte	0
 2439 096a 00       		.byte	0
 2440 096b 00       		.byte	0
 2441 096c 0D       		.byte	13
 2442 096d 00       		.byte	0
 2443 096e 09       		.byte	9
 2444 096f 01       		.byte	1
 2445 0970 0A       		.byte	10
 2446 0971 00       		.byte	0
 2447 0972 0A       		.byte	10
 2448 0973 00       		.byte	0
 2449 0974 38       		.byte	56
 2450 0975 C4       		.byte	-60
 2451 0976 C4       		.byte	-60
ARM GAS  C:\Users\DABBIR~1\AppData\Local\Temp\ccTFQ3Nk.s 			page 44


 2452 0977 00       		.byte	0
 2453 0978 04       		.byte	4
 2454 0979 00       		.byte	0
 2455 097a 00       		.byte	0
 2456 097b 00       		.byte	0
 2457 097c 80       		.byte	-128
 2458 097d 00       		.byte	0
 2459 097e 40       		.byte	64
 2460 097f 84       		.byte	-124
 2461 0980 84       		.byte	-124
 2462 0981 00       		.byte	0
 2463 0982 84       		.byte	-124
 2464 0983 00       		.byte	0
 2465 0984 00       		.byte	0
 2466 0985 00       		.byte	0
 2467 0986 00       		.byte	0
 2468 0987 00       		.byte	0
 2469 0988 40       		.byte	64
 2470 0989 00       		.byte	0
 2471 098a 00       		.byte	0
 2472 098b 00       		.byte	0
 2473 098c 00       		.byte	0
 2474 098d 00       		.byte	0
 2475 098e 00       		.byte	0
 2476 098f 00       		.byte	0
 2477 0990 C0       		.byte	-64
 2478 0991 00       		.byte	0
 2479 0992 00       		.byte	0
 2480 0993 00       		.byte	0
 2481 0994 00       		.byte	0
 2482 0995 FF       		.byte	-1
 2483 0996 FF       		.byte	-1
 2484 0997 00       		.byte	0
 2485 0998 FF       		.byte	-1
 2486 0999 00       		.byte	0
 2487 099a 00       		.byte	0
 2488 099b 00       		.byte	0
 2489 099c 00       		.byte	0
 2490 099d 7F       		.byte	127
 2491 099e 7F       		.byte	127
 2492 099f 00       		.byte	0
 2493 09a0 3A       		.byte	58
 2494 09a1 00       		.byte	0
 2495 09a2 00       		.byte	0
 2496 09a3 00       		.byte	0
 2497 09a4 04       		.byte	4
 2498 09a5 30       		.byte	48
 2499 09a6 30       		.byte	48
 2500 09a7 00       		.byte	0
 2501 09a8 10       		.byte	16
 2502 09a9 00       		.byte	0
 2503 09aa 00       		.byte	0
 2504 09ab 00       		.byte	0
 2505              		.section	.cywolatch,"a",%progbits
 2506              		.align	2
 2507              		.type	cy_meta_wonvl, %object
 2508              		.size	cy_meta_wonvl, 4
ARM GAS  C:\Users\DABBIR~1\AppData\Local\Temp\ccTFQ3Nk.s 			page 45


 2509              	cy_meta_wonvl:
 2510 0000 BC       		.byte	-68
 2511 0001 90       		.byte	-112
 2512 0002 AC       		.byte	-84
 2513 0003 AF       		.byte	-81
 2514              		.section	.cycustnvl,"a",%progbits
 2515              		.align	2
 2516              		.type	cy_meta_custnvl, %object
 2517              		.size	cy_meta_custnvl, 4
 2518              	cy_meta_custnvl:
 2519 0000 00       		.byte	0
 2520 0001 00       		.byte	0
 2521 0002 40       		.byte	64
 2522 0003 07       		.byte	7
 2523              		.section	.cymeta,"a",%progbits
 2524              		.align	2
 2525              		.type	cy_metadata, %object
 2526              		.size	cy_metadata, 12
 2527              	cy_metadata:
 2528 0000 00       		.byte	0
 2529 0001 01       		.byte	1
 2530 0002 2E       		.byte	46
 2531 0003 16       		.byte	22
 2532 0004 10       		.byte	16
 2533 0005 69       		.byte	105
 2534 0006 00       		.byte	0
 2535 0007 01       		.byte	1
 2536 0008 00       		.byte	0
 2537 0009 00       		.byte	0
 2538 000a 00       		.byte	0
 2539 000b 00       		.byte	0
 2540              		.section	.cyflashprotect,"a",%progbits
 2541              		.align	2
 2542              		.type	cy_meta_flashprotect, %object
 2543              		.size	cy_meta_flashprotect, 256
 2544              	cy_meta_flashprotect:
 2545 0000 00000000 		.space	256
 2545      00000000 
 2545      00000000 
 2545      00000000 
 2545      00000000 
 2546              		.text
 2547              	.Letext0:
 2548              		.file 1 "c:\\program files (x86)\\cypress\\psoc creator\\4.4\\psoc creator\\import\\gnu\\arm\\5.4.
 2549              		.file 2 "c:\\program files (x86)\\cypress\\psoc creator\\4.4\\psoc creator\\import\\gnu\\arm\\5.4.
 2550              		.file 3 "Generated_Source\\PSoC5\\cymetadata.c"
 2551              		.section	.debug_info,"",%progbits
 2552              	.Ldebug_info0:
 2553 0000 35010000 		.4byte	0x135
 2554 0004 0400     		.2byte	0x4
 2555 0006 00000000 		.4byte	.Ldebug_abbrev0
 2556 000a 04       		.byte	0x4
 2557 000b 01       		.uleb128 0x1
 2558 000c 24000000 		.4byte	.LASF17
 2559 0010 0C       		.byte	0xc
 2560 0011 E7010000 		.4byte	.LASF18
 2561 0015 B2000000 		.4byte	.LASF19
ARM GAS  C:\Users\DABBIR~1\AppData\Local\Temp\ccTFQ3Nk.s 			page 46


 2562 0019 00000000 		.4byte	.Ldebug_line0
 2563 001d 02       		.uleb128 0x2
 2564 001e 01       		.byte	0x1
 2565 001f 06       		.byte	0x6
 2566 0020 DB010000 		.4byte	.LASF0
 2567 0024 03       		.uleb128 0x3
 2568 0025 00000000 		.4byte	.LASF9
 2569 0029 01       		.byte	0x1
 2570 002a 1D       		.byte	0x1d
 2571 002b 2F000000 		.4byte	0x2f
 2572 002f 02       		.uleb128 0x2
 2573 0030 01       		.byte	0x1
 2574 0031 08       		.byte	0x8
 2575 0032 16000000 		.4byte	.LASF1
 2576 0036 02       		.uleb128 0x2
 2577 0037 02       		.byte	0x2
 2578 0038 05       		.byte	0x5
 2579 0039 C8010000 		.4byte	.LASF2
 2580 003d 02       		.uleb128 0x2
 2581 003e 02       		.byte	0x2
 2582 003f 07       		.byte	0x7
 2583 0040 2D010000 		.4byte	.LASF3
 2584 0044 02       		.uleb128 0x2
 2585 0045 04       		.byte	0x4
 2586 0046 05       		.byte	0x5
 2587 0047 D2010000 		.4byte	.LASF4
 2588 004b 02       		.uleb128 0x2
 2589 004c 04       		.byte	0x4
 2590 004d 07       		.byte	0x7
 2591 004e 1B010000 		.4byte	.LASF5
 2592 0052 02       		.uleb128 0x2
 2593 0053 08       		.byte	0x8
 2594 0054 05       		.byte	0x5
 2595 0055 BA010000 		.4byte	.LASF6
 2596 0059 02       		.uleb128 0x2
 2597 005a 08       		.byte	0x8
 2598 005b 07       		.byte	0x7
 2599 005c 6F010000 		.4byte	.LASF7
 2600 0060 04       		.uleb128 0x4
 2601 0061 04       		.byte	0x4
 2602 0062 05       		.byte	0x5
 2603 0063 696E7400 		.ascii	"int\000"
 2604 0067 02       		.uleb128 0x2
 2605 0068 04       		.byte	0x4
 2606 0069 07       		.byte	0x7
 2607 006a 62010000 		.4byte	.LASF8
 2608 006e 03       		.uleb128 0x3
 2609 006f 86010000 		.4byte	.LASF10
 2610 0073 02       		.byte	0x2
 2611 0074 18       		.byte	0x18
 2612 0075 24000000 		.4byte	0x24
 2613 0079 05       		.uleb128 0x5
 2614 007a 91000000 		.4byte	0x91
 2615 007e 8A000000 		.4byte	0x8a
 2616 0082 06       		.uleb128 0x6
 2617 0083 8A000000 		.4byte	0x8a
 2618 0087 AB09     		.2byte	0x9ab
ARM GAS  C:\Users\DABBIR~1\AppData\Local\Temp\ccTFQ3Nk.s 			page 47


 2619 0089 00       		.byte	0
 2620 008a 02       		.uleb128 0x2
 2621 008b 04       		.byte	0x4
 2622 008c 07       		.byte	0x7
 2623 008d B1010000 		.4byte	.LASF11
 2624 0091 07       		.uleb128 0x7
 2625 0092 6E000000 		.4byte	0x6e
 2626 0096 08       		.uleb128 0x8
 2627 0097 50010000 		.4byte	.LASF12
 2628 009b 03       		.byte	0x3
 2629 009c 1F       		.byte	0x1f
 2630 009d A7000000 		.4byte	0xa7
 2631 00a1 05       		.uleb128 0x5
 2632 00a2 03       		.byte	0x3
 2633 00a3 00000000 		.4byte	cy_meta_configecc
 2634 00a7 07       		.uleb128 0x7
 2635 00a8 79000000 		.4byte	0x79
 2636 00ac 05       		.uleb128 0x5
 2637 00ad 91000000 		.4byte	0x91
 2638 00b1 BC000000 		.4byte	0xbc
 2639 00b5 09       		.uleb128 0x9
 2640 00b6 8A000000 		.4byte	0x8a
 2641 00ba 03       		.byte	0x3
 2642 00bb 00       		.byte	0
 2643 00bc 0A       		.uleb128 0xa
 2644 00bd 40010000 		.4byte	.LASF13
 2645 00c1 03       		.byte	0x3
 2646 00c2 6201     		.2byte	0x162
 2647 00c4 CE000000 		.4byte	0xce
 2648 00c8 05       		.uleb128 0x5
 2649 00c9 03       		.byte	0x3
 2650 00ca 00000000 		.4byte	cy_meta_custnvl
 2651 00ce 07       		.uleb128 0x7
 2652 00cf AC000000 		.4byte	0xac
 2653 00d3 0A       		.uleb128 0xa
 2654 00d4 A3010000 		.4byte	.LASF14
 2655 00d8 03       		.byte	0x3
 2656 00d9 7001     		.2byte	0x170
 2657 00db E5000000 		.4byte	0xe5
 2658 00df 05       		.uleb128 0x5
 2659 00e0 03       		.byte	0x3
 2660 00e1 00000000 		.4byte	cy_meta_wonvl
 2661 00e5 07       		.uleb128 0x7
 2662 00e6 AC000000 		.4byte	0xac
 2663 00ea 05       		.uleb128 0x5
 2664 00eb 91000000 		.4byte	0x91
 2665 00ef FA000000 		.4byte	0xfa
 2666 00f3 09       		.uleb128 0x9
 2667 00f4 8A000000 		.4byte	0x8a
 2668 00f8 FF       		.byte	0xff
 2669 00f9 00       		.byte	0
 2670 00fa 0A       		.uleb128 0xa
 2671 00fb 8E010000 		.4byte	.LASF15
 2672 00ff 03       		.byte	0x3
 2673 0100 7E01     		.2byte	0x17e
 2674 0102 0C010000 		.4byte	0x10c
 2675 0106 05       		.uleb128 0x5
ARM GAS  C:\Users\DABBIR~1\AppData\Local\Temp\ccTFQ3Nk.s 			page 48


 2676 0107 03       		.byte	0x3
 2677 0108 00000000 		.4byte	cy_meta_flashprotect
 2678 010c 07       		.uleb128 0x7
 2679 010d EA000000 		.4byte	0xea
 2680 0111 05       		.uleb128 0x5
 2681 0112 91000000 		.4byte	0x91
 2682 0116 21010000 		.4byte	0x121
 2683 011a 09       		.uleb128 0x9
 2684 011b 8A000000 		.4byte	0x8a
 2685 011f 0B       		.byte	0xb
 2686 0120 00       		.byte	0
 2687 0121 0A       		.uleb128 0xa
 2688 0122 0A000000 		.4byte	.LASF16
 2689 0126 03       		.byte	0x3
 2690 0127 AB01     		.2byte	0x1ab
 2691 0129 33010000 		.4byte	0x133
 2692 012d 05       		.uleb128 0x5
 2693 012e 03       		.byte	0x3
 2694 012f 00000000 		.4byte	cy_metadata
 2695 0133 07       		.uleb128 0x7
 2696 0134 11010000 		.4byte	0x111
 2697 0138 00       		.byte	0
 2698              		.section	.debug_abbrev,"",%progbits
 2699              	.Ldebug_abbrev0:
 2700 0000 01       		.uleb128 0x1
 2701 0001 11       		.uleb128 0x11
 2702 0002 01       		.byte	0x1
 2703 0003 25       		.uleb128 0x25
 2704 0004 0E       		.uleb128 0xe
 2705 0005 13       		.uleb128 0x13
 2706 0006 0B       		.uleb128 0xb
 2707 0007 03       		.uleb128 0x3
 2708 0008 0E       		.uleb128 0xe
 2709 0009 1B       		.uleb128 0x1b
 2710 000a 0E       		.uleb128 0xe
 2711 000b 10       		.uleb128 0x10
 2712 000c 17       		.uleb128 0x17
 2713 000d 00       		.byte	0
 2714 000e 00       		.byte	0
 2715 000f 02       		.uleb128 0x2
 2716 0010 24       		.uleb128 0x24
 2717 0011 00       		.byte	0
 2718 0012 0B       		.uleb128 0xb
 2719 0013 0B       		.uleb128 0xb
 2720 0014 3E       		.uleb128 0x3e
 2721 0015 0B       		.uleb128 0xb
 2722 0016 03       		.uleb128 0x3
 2723 0017 0E       		.uleb128 0xe
 2724 0018 00       		.byte	0
 2725 0019 00       		.byte	0
 2726 001a 03       		.uleb128 0x3
 2727 001b 16       		.uleb128 0x16
 2728 001c 00       		.byte	0
 2729 001d 03       		.uleb128 0x3
 2730 001e 0E       		.uleb128 0xe
 2731 001f 3A       		.uleb128 0x3a
 2732 0020 0B       		.uleb128 0xb
ARM GAS  C:\Users\DABBIR~1\AppData\Local\Temp\ccTFQ3Nk.s 			page 49


 2733 0021 3B       		.uleb128 0x3b
 2734 0022 0B       		.uleb128 0xb
 2735 0023 49       		.uleb128 0x49
 2736 0024 13       		.uleb128 0x13
 2737 0025 00       		.byte	0
 2738 0026 00       		.byte	0
 2739 0027 04       		.uleb128 0x4
 2740 0028 24       		.uleb128 0x24
 2741 0029 00       		.byte	0
 2742 002a 0B       		.uleb128 0xb
 2743 002b 0B       		.uleb128 0xb
 2744 002c 3E       		.uleb128 0x3e
 2745 002d 0B       		.uleb128 0xb
 2746 002e 03       		.uleb128 0x3
 2747 002f 08       		.uleb128 0x8
 2748 0030 00       		.byte	0
 2749 0031 00       		.byte	0
 2750 0032 05       		.uleb128 0x5
 2751 0033 01       		.uleb128 0x1
 2752 0034 01       		.byte	0x1
 2753 0035 49       		.uleb128 0x49
 2754 0036 13       		.uleb128 0x13
 2755 0037 01       		.uleb128 0x1
 2756 0038 13       		.uleb128 0x13
 2757 0039 00       		.byte	0
 2758 003a 00       		.byte	0
 2759 003b 06       		.uleb128 0x6
 2760 003c 21       		.uleb128 0x21
 2761 003d 00       		.byte	0
 2762 003e 49       		.uleb128 0x49
 2763 003f 13       		.uleb128 0x13
 2764 0040 2F       		.uleb128 0x2f
 2765 0041 05       		.uleb128 0x5
 2766 0042 00       		.byte	0
 2767 0043 00       		.byte	0
 2768 0044 07       		.uleb128 0x7
 2769 0045 26       		.uleb128 0x26
 2770 0046 00       		.byte	0
 2771 0047 49       		.uleb128 0x49
 2772 0048 13       		.uleb128 0x13
 2773 0049 00       		.byte	0
 2774 004a 00       		.byte	0
 2775 004b 08       		.uleb128 0x8
 2776 004c 34       		.uleb128 0x34
 2777 004d 00       		.byte	0
 2778 004e 03       		.uleb128 0x3
 2779 004f 0E       		.uleb128 0xe
 2780 0050 3A       		.uleb128 0x3a
 2781 0051 0B       		.uleb128 0xb
 2782 0052 3B       		.uleb128 0x3b
 2783 0053 0B       		.uleb128 0xb
 2784 0054 49       		.uleb128 0x49
 2785 0055 13       		.uleb128 0x13
 2786 0056 3F       		.uleb128 0x3f
 2787 0057 19       		.uleb128 0x19
 2788 0058 02       		.uleb128 0x2
 2789 0059 18       		.uleb128 0x18
ARM GAS  C:\Users\DABBIR~1\AppData\Local\Temp\ccTFQ3Nk.s 			page 50


 2790 005a 00       		.byte	0
 2791 005b 00       		.byte	0
 2792 005c 09       		.uleb128 0x9
 2793 005d 21       		.uleb128 0x21
 2794 005e 00       		.byte	0
 2795 005f 49       		.uleb128 0x49
 2796 0060 13       		.uleb128 0x13
 2797 0061 2F       		.uleb128 0x2f
 2798 0062 0B       		.uleb128 0xb
 2799 0063 00       		.byte	0
 2800 0064 00       		.byte	0
 2801 0065 0A       		.uleb128 0xa
 2802 0066 34       		.uleb128 0x34
 2803 0067 00       		.byte	0
 2804 0068 03       		.uleb128 0x3
 2805 0069 0E       		.uleb128 0xe
 2806 006a 3A       		.uleb128 0x3a
 2807 006b 0B       		.uleb128 0xb
 2808 006c 3B       		.uleb128 0x3b
 2809 006d 05       		.uleb128 0x5
 2810 006e 49       		.uleb128 0x49
 2811 006f 13       		.uleb128 0x13
 2812 0070 3F       		.uleb128 0x3f
 2813 0071 19       		.uleb128 0x19
 2814 0072 02       		.uleb128 0x2
 2815 0073 18       		.uleb128 0x18
 2816 0074 00       		.byte	0
 2817 0075 00       		.byte	0
 2818 0076 00       		.byte	0
 2819              		.section	.debug_aranges,"",%progbits
 2820 0000 14000000 		.4byte	0x14
 2821 0004 0200     		.2byte	0x2
 2822 0006 00000000 		.4byte	.Ldebug_info0
 2823 000a 04       		.byte	0x4
 2824 000b 00       		.byte	0
 2825 000c 0000     		.2byte	0
 2826 000e 0000     		.2byte	0
 2827 0010 00000000 		.4byte	0
 2828 0014 00000000 		.4byte	0
 2829              		.section	.debug_line,"",%progbits
 2830              	.Ldebug_line0:
 2831 0000 3D010000 		.section	.debug_str,"MS",%progbits,1
 2831      02003701 
 2831      00000201 
 2831      FB0E0D00 
 2831      01010101 
 2832              	.LASF9:
 2833 0000 5F5F7569 		.ascii	"__uint8_t\000"
 2833      6E74385F 
 2833      7400
 2834              	.LASF16:
 2835 000a 63795F6D 		.ascii	"cy_metadata\000"
 2835      65746164 
 2835      61746100 
 2836              	.LASF1:
 2837 0016 756E7369 		.ascii	"unsigned char\000"
 2837      676E6564 
ARM GAS  C:\Users\DABBIR~1\AppData\Local\Temp\ccTFQ3Nk.s 			page 51


 2837      20636861 
 2837      7200
 2838              	.LASF17:
 2839 0024 474E5520 		.ascii	"GNU C11 5.4.1 20160609 (release) [ARM/embedded-5-br"
 2839      43313120 
 2839      352E342E 
 2839      31203230 
 2839      31363036 
 2840 0057 616E6368 		.ascii	"anch revision 237715] -mcpu=cortex-m3 -mthumb -g -O"
 2840      20726576 
 2840      6973696F 
 2840      6E203233 
 2840      37373135 
 2841 008a 67202D66 		.ascii	"g -ffunction-sections -ffat-lto-objects\000"
 2841      66756E63 
 2841      74696F6E 
 2841      2D736563 
 2841      74696F6E 
 2842              	.LASF19:
 2843 00b2 433A5C4D 		.ascii	"C:\\My_Files\\College_Documents\\AMA EOS\\EOS\\LAB\\"
 2843      795F4669 
 2843      6C65735C 
 2843      436F6C6C 
 2843      6567655F 
 2844 00e0 4C41425F 		.ascii	"LAB_2_Submission\\Json Parser\\code\\w06_criticalRe"
 2844      325F5375 
 2844      626D6973 
 2844      73696F6E 
 2844      5C4A736F 
 2845 0110 67696F6E 		.ascii	"gion.cydsn\000"
 2845      2E637964 
 2845      736E00
 2846              	.LASF5:
 2847 011b 6C6F6E67 		.ascii	"long unsigned int\000"
 2847      20756E73 
 2847      69676E65 
 2847      6420696E 
 2847      7400
 2848              	.LASF3:
 2849 012d 73686F72 		.ascii	"short unsigned int\000"
 2849      7420756E 
 2849      7369676E 
 2849      65642069 
 2849      6E7400
 2850              	.LASF13:
 2851 0140 63795F6D 		.ascii	"cy_meta_custnvl\000"
 2851      6574615F 
 2851      63757374 
 2851      6E766C00 
 2852              	.LASF12:
 2853 0150 63795F6D 		.ascii	"cy_meta_configecc\000"
 2853      6574615F 
 2853      636F6E66 
 2853      69676563 
 2853      6300
 2854              	.LASF8:
 2855 0162 756E7369 		.ascii	"unsigned int\000"
ARM GAS  C:\Users\DABBIR~1\AppData\Local\Temp\ccTFQ3Nk.s 			page 52


 2855      676E6564 
 2855      20696E74 
 2855      00
 2856              	.LASF7:
 2857 016f 6C6F6E67 		.ascii	"long long unsigned int\000"
 2857      206C6F6E 
 2857      6720756E 
 2857      7369676E 
 2857      65642069 
 2858              	.LASF10:
 2859 0186 75696E74 		.ascii	"uint8_t\000"
 2859      385F7400 
 2860              	.LASF15:
 2861 018e 63795F6D 		.ascii	"cy_meta_flashprotect\000"
 2861      6574615F 
 2861      666C6173 
 2861      6870726F 
 2861      74656374 
 2862              	.LASF14:
 2863 01a3 63795F6D 		.ascii	"cy_meta_wonvl\000"
 2863      6574615F 
 2863      776F6E76 
 2863      6C00
 2864              	.LASF11:
 2865 01b1 73697A65 		.ascii	"sizetype\000"
 2865      74797065 
 2865      00
 2866              	.LASF6:
 2867 01ba 6C6F6E67 		.ascii	"long long int\000"
 2867      206C6F6E 
 2867      6720696E 
 2867      7400
 2868              	.LASF2:
 2869 01c8 73686F72 		.ascii	"short int\000"
 2869      7420696E 
 2869      7400
 2870              	.LASF4:
 2871 01d2 6C6F6E67 		.ascii	"long int\000"
 2871      20696E74 
 2871      00
 2872              	.LASF0:
 2873 01db 7369676E 		.ascii	"signed char\000"
 2873      65642063 
 2873      68617200 
 2874              	.LASF18:
 2875 01e7 47656E65 		.ascii	"Generated_Source\\PSoC5\\cymetadata.c\000"
 2875      72617465 
 2875      645F536F 
 2875      75726365 
 2875      5C50536F 
 2876              		.ident	"GCC: (GNU Tools for ARM Embedded Processors) 5.4.1 20160609 (release) [ARM/embedded-5-bran
