ARM GAS  C:\Users\DABBIR~1\AppData\Local\Temp\ccgXtB70.s 			page 1


   1              		.syntax unified
   2              		.cpu cortex-m3
   3              		.fpu softvfp
   4              		.eabi_attribute 20, 1
   5              		.eabi_attribute 21, 1
   6              		.eabi_attribute 23, 3
   7              		.eabi_attribute 24, 1
   8              		.eabi_attribute 25, 1
   9              		.eabi_attribute 26, 1
  10              		.eabi_attribute 30, 1
  11              		.eabi_attribute 34, 1
  12              		.eabi_attribute 18, 4
  13              		.thumb
  14              		.syntax unified
  15              		.file	"ErikaOS_1_cortex_mx_ee_utils.c"
  16              		.text
  17              	.Ltext0:
  18              		.cfi_sections	.debug_frame
  19              		.section	.text.EE_system_init,"ax",%progbits
  20              		.align	2
  21              		.global	EE_system_init
  22              		.thumb
  23              		.thumb_func
  24              		.type	EE_system_init, %function
  25              	EE_system_init:
  26              	.LFB76:
  27              		.file 1 "Generated_Source\\PSoC5\\ErikaOS_1_cortex_mx_ee_utils.c"
   1:Generated_Source\PSoC5/ErikaOS_1_cortex_mx_ee_utils.c **** /* ###*B*###
   2:Generated_Source\PSoC5/ErikaOS_1_cortex_mx_ee_utils.c ****  * ERIKA Enterprise - a tiny RTOS for small microcontrollers
   3:Generated_Source\PSoC5/ErikaOS_1_cortex_mx_ee_utils.c ****  *
   4:Generated_Source\PSoC5/ErikaOS_1_cortex_mx_ee_utils.c ****  * Copyright (C) 2002-2011  Evidence Srl
   5:Generated_Source\PSoC5/ErikaOS_1_cortex_mx_ee_utils.c ****  *
   6:Generated_Source\PSoC5/ErikaOS_1_cortex_mx_ee_utils.c ****  * This file is part of ERIKA Enterprise.
   7:Generated_Source\PSoC5/ErikaOS_1_cortex_mx_ee_utils.c ****  *
   8:Generated_Source\PSoC5/ErikaOS_1_cortex_mx_ee_utils.c ****  * ERIKA Enterprise is free software; you can redistribute it
   9:Generated_Source\PSoC5/ErikaOS_1_cortex_mx_ee_utils.c ****  * and/or modify it under the terms of the GNU General Public License
  10:Generated_Source\PSoC5/ErikaOS_1_cortex_mx_ee_utils.c ****  * version 2 as published by the Free Software Foundation, 
  11:Generated_Source\PSoC5/ErikaOS_1_cortex_mx_ee_utils.c ****  * (with a special exception described below).
  12:Generated_Source\PSoC5/ErikaOS_1_cortex_mx_ee_utils.c ****  *
  13:Generated_Source\PSoC5/ErikaOS_1_cortex_mx_ee_utils.c ****  * Linking this code statically or dynamically with other modules is
  14:Generated_Source\PSoC5/ErikaOS_1_cortex_mx_ee_utils.c ****  * making a combined work based on this code.  Thus, the terms and
  15:Generated_Source\PSoC5/ErikaOS_1_cortex_mx_ee_utils.c ****  * conditions of the GNU General Public License cover the whole
  16:Generated_Source\PSoC5/ErikaOS_1_cortex_mx_ee_utils.c ****  * combination.
  17:Generated_Source\PSoC5/ErikaOS_1_cortex_mx_ee_utils.c ****  *
  18:Generated_Source\PSoC5/ErikaOS_1_cortex_mx_ee_utils.c ****  * As a special exception, the copyright holders of this library give you
  19:Generated_Source\PSoC5/ErikaOS_1_cortex_mx_ee_utils.c ****  * permission to link this code with independent modules to produce an
  20:Generated_Source\PSoC5/ErikaOS_1_cortex_mx_ee_utils.c ****  * executable, regardless of the license terms of these independent
  21:Generated_Source\PSoC5/ErikaOS_1_cortex_mx_ee_utils.c ****  * modules, and to copy and distribute the resulting executable under
  22:Generated_Source\PSoC5/ErikaOS_1_cortex_mx_ee_utils.c ****  * terms of your choice, provided that you also meet, for each linked
  23:Generated_Source\PSoC5/ErikaOS_1_cortex_mx_ee_utils.c ****  * independent module, the terms and conditions of the license of that
  24:Generated_Source\PSoC5/ErikaOS_1_cortex_mx_ee_utils.c ****  * module.  An independent module is a module which is not derived from
  25:Generated_Source\PSoC5/ErikaOS_1_cortex_mx_ee_utils.c ****  * or based on this library.  If you modify this code, you may extend
  26:Generated_Source\PSoC5/ErikaOS_1_cortex_mx_ee_utils.c ****  * this exception to your version of the code, but you are not
  27:Generated_Source\PSoC5/ErikaOS_1_cortex_mx_ee_utils.c ****  * obligated to do so.  If you do not wish to do so, delete this
  28:Generated_Source\PSoC5/ErikaOS_1_cortex_mx_ee_utils.c ****  * exception statement from your version.
  29:Generated_Source\PSoC5/ErikaOS_1_cortex_mx_ee_utils.c ****  *
  30:Generated_Source\PSoC5/ErikaOS_1_cortex_mx_ee_utils.c ****  * ERIKA Enterprise is distributed in the hope that it will be
ARM GAS  C:\Users\DABBIR~1\AppData\Local\Temp\ccgXtB70.s 			page 2


  31:Generated_Source\PSoC5/ErikaOS_1_cortex_mx_ee_utils.c ****  * useful, but WITHOUT ANY WARRANTY; without even the implied warranty
  32:Generated_Source\PSoC5/ErikaOS_1_cortex_mx_ee_utils.c ****  * of MERCHANTABILITY or FITNESS FOR A PARTICULAR PURPOSE.  See the
  33:Generated_Source\PSoC5/ErikaOS_1_cortex_mx_ee_utils.c ****  * GNU General Public License version 2 for more details.
  34:Generated_Source\PSoC5/ErikaOS_1_cortex_mx_ee_utils.c ****  *
  35:Generated_Source\PSoC5/ErikaOS_1_cortex_mx_ee_utils.c ****  * You should have received a copy of the GNU General Public License
  36:Generated_Source\PSoC5/ErikaOS_1_cortex_mx_ee_utils.c ****  * version 2 along with ERIKA Enterprise; if not, write to the
  37:Generated_Source\PSoC5/ErikaOS_1_cortex_mx_ee_utils.c ****  * Free Software Foundation, Inc., 51 Franklin Street, Fifth Floor,
  38:Generated_Source\PSoC5/ErikaOS_1_cortex_mx_ee_utils.c ****  * Boston, MA 02110-1301 USA.
  39:Generated_Source\PSoC5/ErikaOS_1_cortex_mx_ee_utils.c ****  * ###*E*### */
  40:Generated_Source\PSoC5/ErikaOS_1_cortex_mx_ee_utils.c **** 
  41:Generated_Source\PSoC5/ErikaOS_1_cortex_mx_ee_utils.c **** /** 
  42:Generated_Source\PSoC5/ErikaOS_1_cortex_mx_ee_utils.c **** 	@file ee_utils.c
  43:Generated_Source\PSoC5/ErikaOS_1_cortex_mx_ee_utils.c **** 	@brief Functions to initialize the RTOS services
  44:Generated_Source\PSoC5/ErikaOS_1_cortex_mx_ee_utils.c **** 	@author Gianluca Franchino
  45:Generated_Source\PSoC5/ErikaOS_1_cortex_mx_ee_utils.c **** 	@author Giuseppe Serano
  46:Generated_Source\PSoC5/ErikaOS_1_cortex_mx_ee_utils.c **** 	@date 2011
  47:Generated_Source\PSoC5/ErikaOS_1_cortex_mx_ee_utils.c **** */ 
  48:Generated_Source\PSoC5/ErikaOS_1_cortex_mx_ee_utils.c ****     
  49:Generated_Source\PSoC5/ErikaOS_1_cortex_mx_ee_utils.c **** /*
  50:Generated_Source\PSoC5/ErikaOS_1_cortex_mx_ee_utils.c ****  * PSoC Port and API Generation
  51:Generated_Source\PSoC5/ErikaOS_1_cortex_mx_ee_utils.c ****  * Carlos Fernando Meier Martinez
  52:Generated_Source\PSoC5/ErikaOS_1_cortex_mx_ee_utils.c ****  * Hochschule Darmstadt, Germany. 2017.
  53:Generated_Source\PSoC5/ErikaOS_1_cortex_mx_ee_utils.c ****  */
  54:Generated_Source\PSoC5/ErikaOS_1_cortex_mx_ee_utils.c **** 
  55:Generated_Source\PSoC5/ErikaOS_1_cortex_mx_ee_utils.c **** #include "ErikaOS_1_ee_internal.inc"
  56:Generated_Source\PSoC5/ErikaOS_1_cortex_mx_ee_utils.c **** #include "ErikaOS_1_ee_irq.inc"
  57:Generated_Source\PSoC5/ErikaOS_1_cortex_mx_ee_utils.c **** //~ #include "ErikaOS_1_cortex_mx_ee_nvic.inc"
  58:Generated_Source\PSoC5/ErikaOS_1_cortex_mx_ee_utils.c **** #include "cyfitter.h"
  59:Generated_Source\PSoC5/ErikaOS_1_cortex_mx_ee_utils.c **** #include "cylib.h"
  60:Generated_Source\PSoC5/ErikaOS_1_cortex_mx_ee_utils.c **** 
  61:Generated_Source\PSoC5/ErikaOS_1_cortex_mx_ee_utils.c **** #define Number_of_ISRs  2
  62:Generated_Source\PSoC5/ErikaOS_1_cortex_mx_ee_utils.c **** 
  63:Generated_Source\PSoC5/ErikaOS_1_cortex_mx_ee_utils.c **** extern void EE_set_switch_context_pri(void);
  64:Generated_Source\PSoC5/ErikaOS_1_cortex_mx_ee_utils.c **** 
  65:Generated_Source\PSoC5/ErikaOS_1_cortex_mx_ee_utils.c **** /* Function used to calculate the initialize the system */
  66:Generated_Source\PSoC5/ErikaOS_1_cortex_mx_ee_utils.c **** void EE_system_init(void)
  67:Generated_Source\PSoC5/ErikaOS_1_cortex_mx_ee_utils.c **** {
  28              		.loc 1 67 0
  29              		.cfi_startproc
  30              		@ args = 0, pretend = 0, frame = 0
  31              		@ frame_needed = 0, uses_anonymous_args = 0
  32 0000 38B5     		push	{r3, r4, r5, lr}
  33              		.cfi_def_cfa_offset 16
  34              		.cfi_offset 3, -16
  35              		.cfi_offset 4, -12
  36              		.cfi_offset 5, -8
  37              		.cfi_offset 14, -4
  68:Generated_Source\PSoC5/ErikaOS_1_cortex_mx_ee_utils.c **** #if (Number_of_ISRs > 0)
  69:Generated_Source\PSoC5/ErikaOS_1_cortex_mx_ee_utils.c ****   cyisraddress *ramVectorTable = *CY_INT_VECT_TABLE;
  38              		.loc 1 69 0
  39 0002 164B     		ldr	r3, .L3
  40 0004 1D68     		ldr	r5, [r3]
  41              	.LVL0:
  42              	.LBB14:
  43              	.LBB15:
  44              	.LBB16:
  45              		.file 2 "Generated_Source\\PSoC5\\ErikaOS_1_cortex_mx_ee_cpu.inc"
ARM GAS  C:\Users\DABBIR~1\AppData\Local\Temp\ccgXtB70.s 			page 3


   1:Generated_Source\PSoC5/ErikaOS_1_cortex_mx_ee_cpu.inc **** /* ###*B*###
   2:Generated_Source\PSoC5/ErikaOS_1_cortex_mx_ee_cpu.inc ****  * ERIKA Enterprise - a tiny RTOS for small microcontrollers
   3:Generated_Source\PSoC5/ErikaOS_1_cortex_mx_ee_cpu.inc ****  *
   4:Generated_Source\PSoC5/ErikaOS_1_cortex_mx_ee_cpu.inc ****  * Copyright (C) 2002-2011  Evidence Srl
   5:Generated_Source\PSoC5/ErikaOS_1_cortex_mx_ee_cpu.inc ****  *
   6:Generated_Source\PSoC5/ErikaOS_1_cortex_mx_ee_cpu.inc ****  * This file is part of ERIKA Enterprise.
   7:Generated_Source\PSoC5/ErikaOS_1_cortex_mx_ee_cpu.inc ****  *
   8:Generated_Source\PSoC5/ErikaOS_1_cortex_mx_ee_cpu.inc ****  * ERIKA Enterprise is free software; you can redistribute it
   9:Generated_Source\PSoC5/ErikaOS_1_cortex_mx_ee_cpu.inc ****  * and/or modify it under the terms of the GNU General Public License
  10:Generated_Source\PSoC5/ErikaOS_1_cortex_mx_ee_cpu.inc ****  * version 2 as published by the Free Software Foundation, 
  11:Generated_Source\PSoC5/ErikaOS_1_cortex_mx_ee_cpu.inc ****  * (with a special exception described below).
  12:Generated_Source\PSoC5/ErikaOS_1_cortex_mx_ee_cpu.inc ****  *
  13:Generated_Source\PSoC5/ErikaOS_1_cortex_mx_ee_cpu.inc ****  * Linking this code statically or dynamically with other modules is
  14:Generated_Source\PSoC5/ErikaOS_1_cortex_mx_ee_cpu.inc ****  * making a combined work based on this code.  Thus, the terms and
  15:Generated_Source\PSoC5/ErikaOS_1_cortex_mx_ee_cpu.inc ****  * conditions of the GNU General Public License cover the whole
  16:Generated_Source\PSoC5/ErikaOS_1_cortex_mx_ee_cpu.inc ****  * combination.
  17:Generated_Source\PSoC5/ErikaOS_1_cortex_mx_ee_cpu.inc ****  *
  18:Generated_Source\PSoC5/ErikaOS_1_cortex_mx_ee_cpu.inc ****  * As a special exception, the copyright holders of this library give you
  19:Generated_Source\PSoC5/ErikaOS_1_cortex_mx_ee_cpu.inc ****  * permission to link this code with independent modules to produce an
  20:Generated_Source\PSoC5/ErikaOS_1_cortex_mx_ee_cpu.inc ****  * executable, regardless of the license terms of these independent
  21:Generated_Source\PSoC5/ErikaOS_1_cortex_mx_ee_cpu.inc ****  * modules, and to copy and distribute the resulting executable under
  22:Generated_Source\PSoC5/ErikaOS_1_cortex_mx_ee_cpu.inc ****  * terms of your choice, provided that you also meet, for each linked
  23:Generated_Source\PSoC5/ErikaOS_1_cortex_mx_ee_cpu.inc ****  * independent module, the terms and conditions of the license of that
  24:Generated_Source\PSoC5/ErikaOS_1_cortex_mx_ee_cpu.inc ****  * module.  An independent module is a module which is not derived from
  25:Generated_Source\PSoC5/ErikaOS_1_cortex_mx_ee_cpu.inc ****  * or based on this library.  If you modify this code, you may extend
  26:Generated_Source\PSoC5/ErikaOS_1_cortex_mx_ee_cpu.inc ****  * this exception to your version of the code, but you are not
  27:Generated_Source\PSoC5/ErikaOS_1_cortex_mx_ee_cpu.inc ****  * obligated to do so.  If you do not wish to do so, delete this
  28:Generated_Source\PSoC5/ErikaOS_1_cortex_mx_ee_cpu.inc ****  * exception statement from your version.
  29:Generated_Source\PSoC5/ErikaOS_1_cortex_mx_ee_cpu.inc ****  *
  30:Generated_Source\PSoC5/ErikaOS_1_cortex_mx_ee_cpu.inc ****  * ERIKA Enterprise is distributed in the hope that it will be
  31:Generated_Source\PSoC5/ErikaOS_1_cortex_mx_ee_cpu.inc ****  * useful, but WITHOUT ANY WARRANTY; without even the implied warranty
  32:Generated_Source\PSoC5/ErikaOS_1_cortex_mx_ee_cpu.inc ****  * of MERCHANTABILITY or FITNESS FOR A PARTICULAR PURPOSE.  See the
  33:Generated_Source\PSoC5/ErikaOS_1_cortex_mx_ee_cpu.inc ****  * GNU General Public License version 2 for more details.
  34:Generated_Source\PSoC5/ErikaOS_1_cortex_mx_ee_cpu.inc ****  *
  35:Generated_Source\PSoC5/ErikaOS_1_cortex_mx_ee_cpu.inc ****  * You should have received a copy of the GNU General Public License
  36:Generated_Source\PSoC5/ErikaOS_1_cortex_mx_ee_cpu.inc ****  * version 2 along with ERIKA Enterprise; if not, write to the
  37:Generated_Source\PSoC5/ErikaOS_1_cortex_mx_ee_cpu.inc ****  * Free Software Foundation, Inc., 51 Franklin Street, Fifth Floor,
  38:Generated_Source\PSoC5/ErikaOS_1_cortex_mx_ee_cpu.inc ****  * Boston, MA 02110-1301 USA.
  39:Generated_Source\PSoC5/ErikaOS_1_cortex_mx_ee_cpu.inc ****  * ###*E*### */
  40:Generated_Source\PSoC5/ErikaOS_1_cortex_mx_ee_cpu.inc **** 
  41:Generated_Source\PSoC5/ErikaOS_1_cortex_mx_ee_cpu.inc **** /** 
  42:Generated_Source\PSoC5/ErikaOS_1_cortex_mx_ee_cpu.inc **** 	@file ee_cpu.h
  43:Generated_Source\PSoC5/ErikaOS_1_cortex_mx_ee_cpu.inc **** 	@brief CPU-dependent part of HAL. Derived from pkg/cpu/pic30/inc/ee_cpu.h
  44:Generated_Source\PSoC5/ErikaOS_1_cortex_mx_ee_cpu.inc **** 	@author Gianluca Franchino
  45:Generated_Source\PSoC5/ErikaOS_1_cortex_mx_ee_cpu.inc **** 	@author Giuseppe Serano
  46:Generated_Source\PSoC5/ErikaOS_1_cortex_mx_ee_cpu.inc **** 	@date 2011
  47:Generated_Source\PSoC5/ErikaOS_1_cortex_mx_ee_cpu.inc **** */ 
  48:Generated_Source\PSoC5/ErikaOS_1_cortex_mx_ee_cpu.inc ****     
  49:Generated_Source\PSoC5/ErikaOS_1_cortex_mx_ee_cpu.inc **** /*
  50:Generated_Source\PSoC5/ErikaOS_1_cortex_mx_ee_cpu.inc ****  * PSoC Port and API Generation
  51:Generated_Source\PSoC5/ErikaOS_1_cortex_mx_ee_cpu.inc ****  * Carlos Fernando Meier Martinez
  52:Generated_Source\PSoC5/ErikaOS_1_cortex_mx_ee_cpu.inc ****  * Hochschule Darmstadt, Germany. 2017.
  53:Generated_Source\PSoC5/ErikaOS_1_cortex_mx_ee_cpu.inc ****  */
  54:Generated_Source\PSoC5/ErikaOS_1_cortex_mx_ee_cpu.inc **** 
  55:Generated_Source\PSoC5/ErikaOS_1_cortex_mx_ee_cpu.inc **** #ifndef __INCLUDE_CORTEX_MX_EE_CPU_H__
  56:Generated_Source\PSoC5/ErikaOS_1_cortex_mx_ee_cpu.inc **** #define __INCLUDE_CORTEX_MX_EE_CPU_H__
  57:Generated_Source\PSoC5/ErikaOS_1_cortex_mx_ee_cpu.inc **** 
ARM GAS  C:\Users\DABBIR~1\AppData\Local\Temp\ccgXtB70.s 			page 4


  58:Generated_Source\PSoC5/ErikaOS_1_cortex_mx_ee_cpu.inc **** #include "ErikaOS_1_eecfg.inc"
  59:Generated_Source\PSoC5/ErikaOS_1_cortex_mx_ee_cpu.inc **** 
  60:Generated_Source\PSoC5/ErikaOS_1_cortex_mx_ee_cpu.inc **** 
  61:Generated_Source\PSoC5/ErikaOS_1_cortex_mx_ee_cpu.inc **** #ifdef __GNU__
  62:Generated_Source\PSoC5/ErikaOS_1_cortex_mx_ee_cpu.inc **** #include "ErikaOS_1_common_ee_compiler_gcc.inc"
  63:Generated_Source\PSoC5/ErikaOS_1_cortex_mx_ee_cpu.inc **** #endif
  64:Generated_Source\PSoC5/ErikaOS_1_cortex_mx_ee_cpu.inc **** 
  65:Generated_Source\PSoC5/ErikaOS_1_cortex_mx_ee_cpu.inc **** /* Initial stack offset (in words): Used in multistack. */
  66:Generated_Source\PSoC5/ErikaOS_1_cortex_mx_ee_cpu.inc **** #ifndef CORTEX_MX_INIT_TOS_OFFSET
  67:Generated_Source\PSoC5/ErikaOS_1_cortex_mx_ee_cpu.inc **** #define CORTEX_MX_INIT_TOS_OFFSET 10
  68:Generated_Source\PSoC5/ErikaOS_1_cortex_mx_ee_cpu.inc **** #endif
  69:Generated_Source\PSoC5/ErikaOS_1_cortex_mx_ee_cpu.inc **** 
  70:Generated_Source\PSoC5/ErikaOS_1_cortex_mx_ee_cpu.inc **** /*************************************************************************
  71:Generated_Source\PSoC5/ErikaOS_1_cortex_mx_ee_cpu.inc ****  HAL Types and structures
  72:Generated_Source\PSoC5/ErikaOS_1_cortex_mx_ee_cpu.inc ****  *************************************************************************/
  73:Generated_Source\PSoC5/ErikaOS_1_cortex_mx_ee_cpu.inc **** 
  74:Generated_Source\PSoC5/ErikaOS_1_cortex_mx_ee_cpu.inc **** /* Primitive data types */
  75:Generated_Source\PSoC5/ErikaOS_1_cortex_mx_ee_cpu.inc **** #include "ErikaOS_1_common_ee_types.inc"
  76:Generated_Source\PSoC5/ErikaOS_1_cortex_mx_ee_cpu.inc **** 
  77:Generated_Source\PSoC5/ErikaOS_1_cortex_mx_ee_cpu.inc **** typedef EE_UINT32 EE_UREG;
  78:Generated_Source\PSoC5/ErikaOS_1_cortex_mx_ee_cpu.inc **** typedef EE_INT32  EE_SREG;
  79:Generated_Source\PSoC5/ErikaOS_1_cortex_mx_ee_cpu.inc **** typedef EE_UINT32 EE_FREG;
  80:Generated_Source\PSoC5/ErikaOS_1_cortex_mx_ee_cpu.inc **** #define EE_UREG_SIZE 4
  81:Generated_Source\PSoC5/ErikaOS_1_cortex_mx_ee_cpu.inc **** 
  82:Generated_Source\PSoC5/ErikaOS_1_cortex_mx_ee_cpu.inc **** /* boolean type */
  83:Generated_Source\PSoC5/ErikaOS_1_cortex_mx_ee_cpu.inc **** #ifndef EE_TYPEBOOL
  84:Generated_Source\PSoC5/ErikaOS_1_cortex_mx_ee_cpu.inc **** typedef EE_UREG EE_TYPEBOOL;
  85:Generated_Source\PSoC5/ErikaOS_1_cortex_mx_ee_cpu.inc **** #endif
  86:Generated_Source\PSoC5/ErikaOS_1_cortex_mx_ee_cpu.inc **** 
  87:Generated_Source\PSoC5/ErikaOS_1_cortex_mx_ee_cpu.inc **** /* boolean true define */
  88:Generated_Source\PSoC5/ErikaOS_1_cortex_mx_ee_cpu.inc **** #ifndef EE_TRUE
  89:Generated_Source\PSoC5/ErikaOS_1_cortex_mx_ee_cpu.inc **** #define EE_TRUE ((EE_TYPEBOOL)1U)
  90:Generated_Source\PSoC5/ErikaOS_1_cortex_mx_ee_cpu.inc **** #endif
  91:Generated_Source\PSoC5/ErikaOS_1_cortex_mx_ee_cpu.inc **** 
  92:Generated_Source\PSoC5/ErikaOS_1_cortex_mx_ee_cpu.inc **** /* boolean false define */
  93:Generated_Source\PSoC5/ErikaOS_1_cortex_mx_ee_cpu.inc **** #ifndef EE_FALSE
  94:Generated_Source\PSoC5/ErikaOS_1_cortex_mx_ee_cpu.inc **** #define EE_FALSE ((EE_TYPEBOOL)0U)
  95:Generated_Source\PSoC5/ErikaOS_1_cortex_mx_ee_cpu.inc **** #endif
  96:Generated_Source\PSoC5/ErikaOS_1_cortex_mx_ee_cpu.inc **** 
  97:Generated_Source\PSoC5/ErikaOS_1_cortex_mx_ee_cpu.inc **** #define	EE_HWREG_PTR		volatile EE_UREG *
  98:Generated_Source\PSoC5/ErikaOS_1_cortex_mx_ee_cpu.inc **** #define	EE_HWREG_ADDR(x)	((EE_HWREG_PTR)(x))
  99:Generated_Source\PSoC5/ErikaOS_1_cortex_mx_ee_cpu.inc **** #define	EE_HWREG(x)		(*EE_HWREG_ADDR(x))
 100:Generated_Source\PSoC5/ErikaOS_1_cortex_mx_ee_cpu.inc **** 
 101:Generated_Source\PSoC5/ErikaOS_1_cortex_mx_ee_cpu.inc **** #ifdef __GNU__
 102:Generated_Source\PSoC5/ErikaOS_1_cortex_mx_ee_cpu.inc **** 
 103:Generated_Source\PSoC5/ErikaOS_1_cortex_mx_ee_cpu.inc **** /* Get current SP */
 104:Generated_Source\PSoC5/ErikaOS_1_cortex_mx_ee_cpu.inc **** __INLINE__ EE_UINT32  __current_sp(void)
 105:Generated_Source\PSoC5/ErikaOS_1_cortex_mx_ee_cpu.inc **** {
 106:Generated_Source\PSoC5/ErikaOS_1_cortex_mx_ee_cpu.inc **** EE_UINT32 temp;
 107:Generated_Source\PSoC5/ErikaOS_1_cortex_mx_ee_cpu.inc **** __ASM ("mov %0, sp" : "=r" (temp) : );
 108:Generated_Source\PSoC5/ErikaOS_1_cortex_mx_ee_cpu.inc **** return temp;
 109:Generated_Source\PSoC5/ErikaOS_1_cortex_mx_ee_cpu.inc **** }
 110:Generated_Source\PSoC5/ErikaOS_1_cortex_mx_ee_cpu.inc **** 
 111:Generated_Source\PSoC5/ErikaOS_1_cortex_mx_ee_cpu.inc **** /* Set a breakpoint */
 112:Generated_Source\PSoC5/ErikaOS_1_cortex_mx_ee_cpu.inc **** #define __breakpoint(value)	__ASM ("bkpt "#value)
 113:Generated_Source\PSoC5/ErikaOS_1_cortex_mx_ee_cpu.inc **** 
 114:Generated_Source\PSoC5/ErikaOS_1_cortex_mx_ee_cpu.inc **** #endif
ARM GAS  C:\Users\DABBIR~1\AppData\Local\Temp\ccgXtB70.s 			page 5


 115:Generated_Source\PSoC5/ErikaOS_1_cortex_mx_ee_cpu.inc **** 
 116:Generated_Source\PSoC5/ErikaOS_1_cortex_mx_ee_cpu.inc **** /* ISR Priority representation type */
 117:Generated_Source\PSoC5/ErikaOS_1_cortex_mx_ee_cpu.inc **** typedef EE_UREG EE_TYPEISR2PRIO;
 118:Generated_Source\PSoC5/ErikaOS_1_cortex_mx_ee_cpu.inc **** 
 119:Generated_Source\PSoC5/ErikaOS_1_cortex_mx_ee_cpu.inc **** /* Thread IDs */
 120:Generated_Source\PSoC5/ErikaOS_1_cortex_mx_ee_cpu.inc **** typedef EE_INT32 EE_TID;
 121:Generated_Source\PSoC5/ErikaOS_1_cortex_mx_ee_cpu.inc **** 
 122:Generated_Source\PSoC5/ErikaOS_1_cortex_mx_ee_cpu.inc **** /* Thread IDs - unsigned version*/
 123:Generated_Source\PSoC5/ErikaOS_1_cortex_mx_ee_cpu.inc **** typedef EE_UINT32 EE_UTID;
 124:Generated_Source\PSoC5/ErikaOS_1_cortex_mx_ee_cpu.inc **** 
 125:Generated_Source\PSoC5/ErikaOS_1_cortex_mx_ee_cpu.inc **** /* Used by the common layer to decide whether to start a new thread */
 126:Generated_Source\PSoC5/ErikaOS_1_cortex_mx_ee_cpu.inc **** #define TID_IS_STACKED_MARK 0x80000000
 127:Generated_Source\PSoC5/ErikaOS_1_cortex_mx_ee_cpu.inc **** 
 128:Generated_Source\PSoC5/ErikaOS_1_cortex_mx_ee_cpu.inc **** /* EE_TYPEIRQ is currently unused */
 129:Generated_Source\PSoC5/ErikaOS_1_cortex_mx_ee_cpu.inc **** 
 130:Generated_Source\PSoC5/ErikaOS_1_cortex_mx_ee_cpu.inc **** /* XXX: define EE_TIME? */
 131:Generated_Source\PSoC5/ErikaOS_1_cortex_mx_ee_cpu.inc **** 
 132:Generated_Source\PSoC5/ErikaOS_1_cortex_mx_ee_cpu.inc **** /* Use the "standard" implementation */
 133:Generated_Source\PSoC5/ErikaOS_1_cortex_mx_ee_cpu.inc **** #include "ErikaOS_1_common_ee_hal_structs.inc"
 134:Generated_Source\PSoC5/ErikaOS_1_cortex_mx_ee_cpu.inc **** 
 135:Generated_Source\PSoC5/ErikaOS_1_cortex_mx_ee_cpu.inc **** /******************************************************************************
 136:Generated_Source\PSoC5/ErikaOS_1_cortex_mx_ee_cpu.inc ****  Application dependent data types
 137:Generated_Source\PSoC5/ErikaOS_1_cortex_mx_ee_cpu.inc ****  ******************************************************************************/
 138:Generated_Source\PSoC5/ErikaOS_1_cortex_mx_ee_cpu.inc **** 
 139:Generated_Source\PSoC5/ErikaOS_1_cortex_mx_ee_cpu.inc **** #ifdef	__HAS_TYPES_H__
 140:Generated_Source\PSoC5/ErikaOS_1_cortex_mx_ee_cpu.inc **** #include	"types.h"
 141:Generated_Source\PSoC5/ErikaOS_1_cortex_mx_ee_cpu.inc **** #endif
 142:Generated_Source\PSoC5/ErikaOS_1_cortex_mx_ee_cpu.inc **** 
 143:Generated_Source\PSoC5/ErikaOS_1_cortex_mx_ee_cpu.inc **** /******************************************************************************
 144:Generated_Source\PSoC5/ErikaOS_1_cortex_mx_ee_cpu.inc ****  CPU Peripherals
 145:Generated_Source\PSoC5/ErikaOS_1_cortex_mx_ee_cpu.inc ****  ******************************************************************************/
 146:Generated_Source\PSoC5/ErikaOS_1_cortex_mx_ee_cpu.inc **** 
 147:Generated_Source\PSoC5/ErikaOS_1_cortex_mx_ee_cpu.inc **** #ifdef __CORTEX_MX__
 148:Generated_Source\PSoC5/ErikaOS_1_cortex_mx_ee_cpu.inc **** #include "ErikaOS_1_cortex_mx_ee_nvic.inc"
 149:Generated_Source\PSoC5/ErikaOS_1_cortex_mx_ee_cpu.inc **** #include "ErikaOS_1_cortex_mx_ee_systick.inc"
 150:Generated_Source\PSoC5/ErikaOS_1_cortex_mx_ee_cpu.inc **** #endif
 151:Generated_Source\PSoC5/ErikaOS_1_cortex_mx_ee_cpu.inc **** 
 152:Generated_Source\PSoC5/ErikaOS_1_cortex_mx_ee_cpu.inc **** /******************************************************************************
 153:Generated_Source\PSoC5/ErikaOS_1_cortex_mx_ee_cpu.inc ****  HAL Variables
 154:Generated_Source\PSoC5/ErikaOS_1_cortex_mx_ee_cpu.inc ****  ******************************************************************************/
 155:Generated_Source\PSoC5/ErikaOS_1_cortex_mx_ee_cpu.inc **** 
 156:Generated_Source\PSoC5/ErikaOS_1_cortex_mx_ee_cpu.inc **** #ifdef __MULTI__
 157:Generated_Source\PSoC5/ErikaOS_1_cortex_mx_ee_cpu.inc **** 
 158:Generated_Source\PSoC5/ErikaOS_1_cortex_mx_ee_cpu.inc **** /* Top-of-stack of each private stack */
 159:Generated_Source\PSoC5/ErikaOS_1_cortex_mx_ee_cpu.inc **** extern struct EE_TOS EE_cortex_mx_system_tos[];
 160:Generated_Source\PSoC5/ErikaOS_1_cortex_mx_ee_cpu.inc **** //#define	EE_std_system_tos EE_cortex_mx_system_tos
 161:Generated_Source\PSoC5/ErikaOS_1_cortex_mx_ee_cpu.inc **** 
 162:Generated_Source\PSoC5/ErikaOS_1_cortex_mx_ee_cpu.inc **** /* Index of the current stack */
 163:Generated_Source\PSoC5/ErikaOS_1_cortex_mx_ee_cpu.inc **** extern EE_UREG EE_cortex_mx_active_tos;
 164:Generated_Source\PSoC5/ErikaOS_1_cortex_mx_ee_cpu.inc **** #define	EE_hal_active_tos EE_cortex_mx_active_tos
 165:Generated_Source\PSoC5/ErikaOS_1_cortex_mx_ee_cpu.inc **** 
 166:Generated_Source\PSoC5/ErikaOS_1_cortex_mx_ee_cpu.inc **** /*extern	EE_UREG EE_pic30_thread_tos[];
 167:Generated_Source\PSoC5/ErikaOS_1_cortex_mx_ee_cpu.inc **** #define	EE_std_thread_tos EE_pic30_thread_tos */
 168:Generated_Source\PSoC5/ErikaOS_1_cortex_mx_ee_cpu.inc **** #endif /* __MULTI__ */
 169:Generated_Source\PSoC5/ErikaOS_1_cortex_mx_ee_cpu.inc **** 
 170:Generated_Source\PSoC5/ErikaOS_1_cortex_mx_ee_cpu.inc **** /*********************************************************************
 171:Generated_Source\PSoC5/ErikaOS_1_cortex_mx_ee_cpu.inc ****  Cortex M0 interrupt disabling/enabling
ARM GAS  C:\Users\DABBIR~1\AppData\Local\Temp\ccgXtB70.s 			page 6


 172:Generated_Source\PSoC5/ErikaOS_1_cortex_mx_ee_cpu.inc ****  *********************************************************************/
 173:Generated_Source\PSoC5/ErikaOS_1_cortex_mx_ee_cpu.inc **** 
 174:Generated_Source\PSoC5/ErikaOS_1_cortex_mx_ee_cpu.inc **** /* Used to check the value returned by EE_cortex_mx_disableIRQ */
 175:Generated_Source\PSoC5/ErikaOS_1_cortex_mx_ee_cpu.inc **** #define EE_cortex_mx_are_IRQs_enabled(ie) ((ie) ^ 1)
 176:Generated_Source\PSoC5/ErikaOS_1_cortex_mx_ee_cpu.inc **** 
 177:Generated_Source\PSoC5/ErikaOS_1_cortex_mx_ee_cpu.inc **** /**
 178:Generated_Source\PSoC5/ErikaOS_1_cortex_mx_ee_cpu.inc ****  * Enable interrupts
 179:Generated_Source\PSoC5/ErikaOS_1_cortex_mx_ee_cpu.inc ****  */
 180:Generated_Source\PSoC5/ErikaOS_1_cortex_mx_ee_cpu.inc **** __INLINE__ void  EE_cortex_mx_enableIRQ(void)
 181:Generated_Source\PSoC5/ErikaOS_1_cortex_mx_ee_cpu.inc **** {
 182:Generated_Source\PSoC5/ErikaOS_1_cortex_mx_ee_cpu.inc **** #ifdef __IAR__
 183:Generated_Source\PSoC5/ErikaOS_1_cortex_mx_ee_cpu.inc **** 	__ASM ("cpsie i");
 184:Generated_Source\PSoC5/ErikaOS_1_cortex_mx_ee_cpu.inc **** #else	/* __IAR__ */
 185:Generated_Source\PSoC5/ErikaOS_1_cortex_mx_ee_cpu.inc **** #ifdef __CCS__
 186:Generated_Source\PSoC5/ErikaOS_1_cortex_mx_ee_cpu.inc **** 	__ASM ("    cpsie    i\n");
 187:Generated_Source\PSoC5/ErikaOS_1_cortex_mx_ee_cpu.inc **** #else	/* __CCS__ */
 188:Generated_Source\PSoC5/ErikaOS_1_cortex_mx_ee_cpu.inc **** #ifdef __KEIL__
 189:Generated_Source\PSoC5/ErikaOS_1_cortex_mx_ee_cpu.inc **** 	__enable_irq();
 190:Generated_Source\PSoC5/ErikaOS_1_cortex_mx_ee_cpu.inc **** #else	/* __KEIL__ */
 191:Generated_Source\PSoC5/ErikaOS_1_cortex_mx_ee_cpu.inc **** 	__ASM volatile("cpsie i");
 192:Generated_Source\PSoC5/ErikaOS_1_cortex_mx_ee_cpu.inc **** #endif	/* !__KEIL__ */
 193:Generated_Source\PSoC5/ErikaOS_1_cortex_mx_ee_cpu.inc **** #endif	/* !__CCS__ */
 194:Generated_Source\PSoC5/ErikaOS_1_cortex_mx_ee_cpu.inc **** #endif	/* !__IAR__ */
 195:Generated_Source\PSoC5/ErikaOS_1_cortex_mx_ee_cpu.inc **** }
 196:Generated_Source\PSoC5/ErikaOS_1_cortex_mx_ee_cpu.inc **** 
 197:Generated_Source\PSoC5/ErikaOS_1_cortex_mx_ee_cpu.inc **** /**
 198:Generated_Source\PSoC5/ErikaOS_1_cortex_mx_ee_cpu.inc ****  * Disable interrupts
 199:Generated_Source\PSoC5/ErikaOS_1_cortex_mx_ee_cpu.inc ****  */
 200:Generated_Source\PSoC5/ErikaOS_1_cortex_mx_ee_cpu.inc **** __INLINE__ void  EE_cortex_mx_disableIRQ(void)
 201:Generated_Source\PSoC5/ErikaOS_1_cortex_mx_ee_cpu.inc **** {
 202:Generated_Source\PSoC5/ErikaOS_1_cortex_mx_ee_cpu.inc **** #ifdef __IAR__
 203:Generated_Source\PSoC5/ErikaOS_1_cortex_mx_ee_cpu.inc **** 	__ASM ("cpsid i");
 204:Generated_Source\PSoC5/ErikaOS_1_cortex_mx_ee_cpu.inc **** #else	/* __IAR__ */
 205:Generated_Source\PSoC5/ErikaOS_1_cortex_mx_ee_cpu.inc **** #ifdef __CCS__
 206:Generated_Source\PSoC5/ErikaOS_1_cortex_mx_ee_cpu.inc **** 	__ASM ("    cpsid    i\n");
 207:Generated_Source\PSoC5/ErikaOS_1_cortex_mx_ee_cpu.inc **** #else	/* __CCS__ */
 208:Generated_Source\PSoC5/ErikaOS_1_cortex_mx_ee_cpu.inc **** #ifdef __KEIL__
 209:Generated_Source\PSoC5/ErikaOS_1_cortex_mx_ee_cpu.inc **** 	__disable_irq();
 210:Generated_Source\PSoC5/ErikaOS_1_cortex_mx_ee_cpu.inc **** #else	/* __KEIL__ */
 211:Generated_Source\PSoC5/ErikaOS_1_cortex_mx_ee_cpu.inc **** 	__ASM volatile("cpsid i");
 212:Generated_Source\PSoC5/ErikaOS_1_cortex_mx_ee_cpu.inc **** #endif	/* !__KEIL__ */
 213:Generated_Source\PSoC5/ErikaOS_1_cortex_mx_ee_cpu.inc **** #endif	/* !__CCS__ */
 214:Generated_Source\PSoC5/ErikaOS_1_cortex_mx_ee_cpu.inc **** #endif	/* !__IAR__ */
 215:Generated_Source\PSoC5/ErikaOS_1_cortex_mx_ee_cpu.inc **** }
 216:Generated_Source\PSoC5/ErikaOS_1_cortex_mx_ee_cpu.inc **** 
 217:Generated_Source\PSoC5/ErikaOS_1_cortex_mx_ee_cpu.inc **** /**
 218:Generated_Source\PSoC5/ErikaOS_1_cortex_mx_ee_cpu.inc ****  * Resume interrupts
 219:Generated_Source\PSoC5/ErikaOS_1_cortex_mx_ee_cpu.inc ****  */
 220:Generated_Source\PSoC5/ErikaOS_1_cortex_mx_ee_cpu.inc **** __INLINE__ void  EE_cortex_mx_resumeIRQ(EE_FREG f)
 221:Generated_Source\PSoC5/ErikaOS_1_cortex_mx_ee_cpu.inc **** {
 222:Generated_Source\PSoC5/ErikaOS_1_cortex_mx_ee_cpu.inc **** #ifdef __IAR__
 223:Generated_Source\PSoC5/ErikaOS_1_cortex_mx_ee_cpu.inc **** 	__set_PRIMASK(f);
 224:Generated_Source\PSoC5/ErikaOS_1_cortex_mx_ee_cpu.inc **** #else	/* __IAR__ */
 225:Generated_Source\PSoC5/ErikaOS_1_cortex_mx_ee_cpu.inc **** #ifdef __CCS__
 226:Generated_Source\PSoC5/ErikaOS_1_cortex_mx_ee_cpu.inc **** 	__ASM ("    msr    primask, r0\n");
 227:Generated_Source\PSoC5/ErikaOS_1_cortex_mx_ee_cpu.inc **** #else	/* __CCS__ */
 228:Generated_Source\PSoC5/ErikaOS_1_cortex_mx_ee_cpu.inc **** #ifdef __KEIL__
ARM GAS  C:\Users\DABBIR~1\AppData\Local\Temp\ccgXtB70.s 			page 7


 229:Generated_Source\PSoC5/ErikaOS_1_cortex_mx_ee_cpu.inc **** 	register EE_FREG PRIMASK __ASM("primask");
 230:Generated_Source\PSoC5/ErikaOS_1_cortex_mx_ee_cpu.inc **** 	PRIMASK = f;
 231:Generated_Source\PSoC5/ErikaOS_1_cortex_mx_ee_cpu.inc **** #else	/* __KEIL__ */
 232:Generated_Source\PSoC5/ErikaOS_1_cortex_mx_ee_cpu.inc **** 	__ASM volatile("msr primask, %0" :: "r" (f));
 233:Generated_Source\PSoC5/ErikaOS_1_cortex_mx_ee_cpu.inc **** #endif	/* !__KEIL__ */
 234:Generated_Source\PSoC5/ErikaOS_1_cortex_mx_ee_cpu.inc **** #endif	/* !__CCS__ */
 235:Generated_Source\PSoC5/ErikaOS_1_cortex_mx_ee_cpu.inc **** #endif	/* !__IAR__ */
 236:Generated_Source\PSoC5/ErikaOS_1_cortex_mx_ee_cpu.inc **** }
 237:Generated_Source\PSoC5/ErikaOS_1_cortex_mx_ee_cpu.inc **** 
 238:Generated_Source\PSoC5/ErikaOS_1_cortex_mx_ee_cpu.inc **** /**
 239:Generated_Source\PSoC5/ErikaOS_1_cortex_mx_ee_cpu.inc ****  * Suspend interrupts
 240:Generated_Source\PSoC5/ErikaOS_1_cortex_mx_ee_cpu.inc ****  */
 241:Generated_Source\PSoC5/ErikaOS_1_cortex_mx_ee_cpu.inc **** __INLINE__ EE_FREG  EE_cortex_mx_suspendIRQ(void)
 242:Generated_Source\PSoC5/ErikaOS_1_cortex_mx_ee_cpu.inc **** {
 243:Generated_Source\PSoC5/ErikaOS_1_cortex_mx_ee_cpu.inc **** #ifndef __CCS__
 244:Generated_Source\PSoC5/ErikaOS_1_cortex_mx_ee_cpu.inc **** 	EE_FREG istat;
 245:Generated_Source\PSoC5/ErikaOS_1_cortex_mx_ee_cpu.inc **** #endif
 246:Generated_Source\PSoC5/ErikaOS_1_cortex_mx_ee_cpu.inc **** #ifdef __IAR__
 247:Generated_Source\PSoC5/ErikaOS_1_cortex_mx_ee_cpu.inc **** 	 istat = __get_PRIMASK();
 248:Generated_Source\PSoC5/ErikaOS_1_cortex_mx_ee_cpu.inc **** 	__ASM ("cpsid i");
 249:Generated_Source\PSoC5/ErikaOS_1_cortex_mx_ee_cpu.inc **** #else	/* __IAR__ */
 250:Generated_Source\PSoC5/ErikaOS_1_cortex_mx_ee_cpu.inc **** #ifdef __CCS__
 251:Generated_Source\PSoC5/ErikaOS_1_cortex_mx_ee_cpu.inc **** 	__ASM ("    mrs     r0, primask\n"
 252:Generated_Source\PSoC5/ErikaOS_1_cortex_mx_ee_cpu.inc **** 	       "    cpsid   i\n"
 253:Generated_Source\PSoC5/ErikaOS_1_cortex_mx_ee_cpu.inc **** 	       "    bx      lr\n");
 254:Generated_Source\PSoC5/ErikaOS_1_cortex_mx_ee_cpu.inc **** #else	/* __CCS__ */
 255:Generated_Source\PSoC5/ErikaOS_1_cortex_mx_ee_cpu.inc **** #ifdef __KEIL__
 256:Generated_Source\PSoC5/ErikaOS_1_cortex_mx_ee_cpu.inc **** 	register EE_FREG PRIMASK __ASM("primask");
 257:Generated_Source\PSoC5/ErikaOS_1_cortex_mx_ee_cpu.inc **** 	istat = PRIMASK;
 258:Generated_Source\PSoC5/ErikaOS_1_cortex_mx_ee_cpu.inc **** 	__disable_irq();
 259:Generated_Source\PSoC5/ErikaOS_1_cortex_mx_ee_cpu.inc **** #else	/* __KEIL__ */
 260:Generated_Source\PSoC5/ErikaOS_1_cortex_mx_ee_cpu.inc **** 	__ASM volatile ("mrs %0, primask" : "=r" (istat) );
  46              		.loc 2 260 0
  47              		.syntax unified
  48              	@ 260 "Generated_Source\PSoC5\ErikaOS_1_cortex_mx_ee_cpu.inc" 1
  49 0006 EFF31084 		mrs r4, primask
  50              	@ 0 "" 2
 261:Generated_Source\PSoC5/ErikaOS_1_cortex_mx_ee_cpu.inc **** 	__ASM volatile ("cpsid i");
  51              		.loc 2 261 0
  52              	@ 261 "Generated_Source\PSoC5\ErikaOS_1_cortex_mx_ee_cpu.inc" 1
  53 000a 72B6     		cpsid i
  54              	@ 0 "" 2
  55              		.thumb
  56              		.syntax unified
  57              	.LBE16:
  58              	.LBE15:
  59              	.LBE14:
  70:Generated_Source\PSoC5/ErikaOS_1_cortex_mx_ee_utils.c **** #endif
  71:Generated_Source\PSoC5/ErikaOS_1_cortex_mx_ee_utils.c ****   register EE_UREG flags;
  72:Generated_Source\PSoC5/ErikaOS_1_cortex_mx_ee_utils.c **** 
  73:Generated_Source\PSoC5/ErikaOS_1_cortex_mx_ee_utils.c ****   flags = EE_hal_suspendIRQ();
  74:Generated_Source\PSoC5/ErikaOS_1_cortex_mx_ee_utils.c **** 
  75:Generated_Source\PSoC5/ErikaOS_1_cortex_mx_ee_utils.c **** 	/* 
  76:Generated_Source\PSoC5/ErikaOS_1_cortex_mx_ee_utils.c **** 	 * Set the priority of PendSV to the minimum one
  77:Generated_Source\PSoC5/ErikaOS_1_cortex_mx_ee_utils.c **** 	 * PendSV is the software interrupt used for context switch
  78:Generated_Source\PSoC5/ErikaOS_1_cortex_mx_ee_utils.c **** 	 */
  79:Generated_Source\PSoC5/ErikaOS_1_cortex_mx_ee_utils.c **** 	EE_set_switch_context_pri();
ARM GAS  C:\Users\DABBIR~1\AppData\Local\Temp\ccgXtB70.s 			page 8


  60              		.loc 1 79 0
  61 000c FFF7FEFF 		bl	EE_set_switch_context_pri
  62              	.LVL1:
  80:Generated_Source\PSoC5/ErikaOS_1_cortex_mx_ee_utils.c **** 
  81:Generated_Source\PSoC5/ErikaOS_1_cortex_mx_ee_utils.c **** #ifdef	__CORTEX_MX__
  82:Generated_Source\PSoC5/ErikaOS_1_cortex_mx_ee_utils.c **** 
  83:Generated_Source\PSoC5/ErikaOS_1_cortex_mx_ee_utils.c **** #ifdef	EE_CORTEX_MX_SYSTICK_ISR
  84:Generated_Source\PSoC5/ErikaOS_1_cortex_mx_ee_utils.c **** #ifdef	EE_CORTEX_MX_SYSTICK_ISR_PRI
  85:Generated_Source\PSoC5/ErikaOS_1_cortex_mx_ee_utils.c **** 	NVIC_SYS_PRI3_R |= (
  63              		.loc 1 85 0
  64 0010 134A     		ldr	r2, .L3+4
  65 0012 1368     		ldr	r3, [r2]
  66 0014 43F07F43 		orr	r3, r3, #-16777216
  67 0018 1360     		str	r3, [r2]
  86:Generated_Source\PSoC5/ErikaOS_1_cortex_mx_ee_utils.c **** 	  EE_CORTEX_MX_SYSTICK_ISR_PRI << NVIC_SYS_PRI3_TICK_S
  87:Generated_Source\PSoC5/ErikaOS_1_cortex_mx_ee_utils.c **** 	);
  88:Generated_Source\PSoC5/ErikaOS_1_cortex_mx_ee_utils.c **** #endif
  89:Generated_Source\PSoC5/ErikaOS_1_cortex_mx_ee_utils.c **** #endif
  90:Generated_Source\PSoC5/ErikaOS_1_cortex_mx_ee_utils.c **** 
  91:Generated_Source\PSoC5/ErikaOS_1_cortex_mx_ee_utils.c **** #define ISR_MIN_PRI 48
  92:Generated_Source\PSoC5/ErikaOS_1_cortex_mx_ee_utils.c **** 
  93:Generated_Source\PSoC5/ErikaOS_1_cortex_mx_ee_utils.c **** #if (Number_of_ISRs > 0) && defined isr_DEBUG_tx__INTC_NUMBER
  94:Generated_Source\PSoC5/ErikaOS_1_cortex_mx_ee_utils.c ****     ramVectorTable[CY_INT_IRQ_BASE + (isr_DEBUG_tx__INTC_NUMBER & CY_INT_NUMBER_MASK)] = isr_DEBUG_
  68              		.loc 1 94 0
  69 001a 124B     		ldr	r3, .L3+8
  70 001c 6B65     		str	r3, [r5, #84]
  95:Generated_Source\PSoC5/ErikaOS_1_cortex_mx_ee_utils.c **** 	NVIC_SET_PRI(isr_DEBUG_tx__INTC_NUMBER, (ISR_MIN_PRI - 8));
  71              		.loc 1 95 0
  72 001e 124B     		ldr	r3, .L3+12
  73 0020 1A68     		ldr	r2, [r3]
  74 0022 22F46042 		bic	r2, r2, #57344
  75 0026 1A60     		str	r2, [r3]
  76 0028 1A68     		ldr	r2, [r3]
  77 002a 42F40052 		orr	r2, r2, #8192
  78 002e 1A60     		str	r2, [r3]
  96:Generated_Source\PSoC5/ErikaOS_1_cortex_mx_ee_utils.c **** 	NVIC_INT_ENABLE(isr_DEBUG_tx__INTC_NUMBER);
  79              		.loc 1 96 0
  80 0030 0E4A     		ldr	r2, .L3+16
  81 0032 1168     		ldr	r1, [r2]
  82 0034 41F02001 		orr	r1, r1, #32
  83 0038 1160     		str	r1, [r2]
  97:Generated_Source\PSoC5/ErikaOS_1_cortex_mx_ee_utils.c **** #elif Number_of_ISRs > 0
  98:Generated_Source\PSoC5/ErikaOS_1_cortex_mx_ee_utils.c **** #error  The Interrupt isr_DEBUG_tx could not be found. Make sure the name in the OS config exactly 
  99:Generated_Source\PSoC5/ErikaOS_1_cortex_mx_ee_utils.c **** #endif	/* isr_DEBUG_tx */
 100:Generated_Source\PSoC5/ErikaOS_1_cortex_mx_ee_utils.c **** 
 101:Generated_Source\PSoC5/ErikaOS_1_cortex_mx_ee_utils.c **** #if (Number_of_ISRs > 1) && defined isr_DEBUG_rx__INTC_NUMBER
 102:Generated_Source\PSoC5/ErikaOS_1_cortex_mx_ee_utils.c ****     ramVectorTable[CY_INT_IRQ_BASE + (isr_DEBUG_rx__INTC_NUMBER & CY_INT_NUMBER_MASK)] = isr_DEBUG_
  84              		.loc 1 102 0
  85 003a 0D49     		ldr	r1, .L3+20
  86 003c 2965     		str	r1, [r5, #80]
 103:Generated_Source\PSoC5/ErikaOS_1_cortex_mx_ee_utils.c **** 	NVIC_SET_PRI(isr_DEBUG_rx__INTC_NUMBER, (ISR_MIN_PRI - 10));
  87              		.loc 1 103 0
  88 003e 1968     		ldr	r1, [r3]
  89 0040 21F0E001 		bic	r1, r1, #224
  90 0044 1960     		str	r1, [r3]
  91 0046 1968     		ldr	r1, [r3]
  92 0048 41F02001 		orr	r1, r1, #32
ARM GAS  C:\Users\DABBIR~1\AppData\Local\Temp\ccgXtB70.s 			page 9


  93 004c 1960     		str	r1, [r3]
 104:Generated_Source\PSoC5/ErikaOS_1_cortex_mx_ee_utils.c **** 	NVIC_INT_ENABLE(isr_DEBUG_rx__INTC_NUMBER);
  94              		.loc 1 104 0
  95 004e 1368     		ldr	r3, [r2]
  96 0050 43F01003 		orr	r3, r3, #16
  97 0054 1360     		str	r3, [r2]
  98              	.LBB17:
  99              	.LBB18:
 100              	.LBB19:
 232:Generated_Source\PSoC5/ErikaOS_1_cortex_mx_ee_cpu.inc **** #endif	/* !__KEIL__ */
 101              		.loc 2 232 0
 102              		.syntax unified
 103              	@ 232 "Generated_Source\PSoC5\ErikaOS_1_cortex_mx_ee_cpu.inc" 1
 104 0056 84F31088 		msr primask, r4
 105              	@ 0 "" 2
 106              		.thumb
 107              		.syntax unified
 108 005a 38BD     		pop	{r3, r4, r5, pc}
 109              	.LVL2:
 110              	.L4:
 111              		.align	2
 112              	.L3:
 113 005c 08ED00E0 		.word	-536810232
 114 0060 20ED00E0 		.word	-536810208
 115 0064 00000000 		.word	isr_DEBUG_tx
 116 0068 04E400E0 		.word	-536812540
 117 006c 00E100E0 		.word	-536813312
 118 0070 00000000 		.word	isr_DEBUG_rx
 119              	.LBE19:
 120              	.LBE18:
 121              	.LBE17:
 122              		.cfi_endproc
 123              	.LFE76:
 124              		.size	EE_system_init, .-EE_system_init
 125              		.text
 126              	.Letext0:
 127              		.file 3 "Generated_Source\\PSoC5\\ErikaOS_1_common_ee_types.inc"
 128              		.file 4 "Generated_Source\\PSoC5\\ErikaOS_1_ee_oo_common.inc"
 129              		.file 5 "Generated_Source\\PSoC5\\cytypes.h"
 130              		.file 6 "Generated_Source\\PSoC5\\ErikaOS_1_common_ee_primitives.inc"
 131              		.file 7 "Generated_Source\\PSoC5\\ErikaOS_1_cortex_mx_ee_context.inc"
 132              		.file 8 "Generated_Source\\PSoC5\\ErikaOS_1_ee_oo_intfunc.inc"
 133              		.file 9 "Generated_Source\\PSoC5\\ErikaOS_1_ee_oo_internal.inc"
 134              		.section	.debug_info,"",%progbits
 135              	.Ldebug_info0:
 136 0000 EF040000 		.4byte	0x4ef
 137 0004 0400     		.2byte	0x4
 138 0006 00000000 		.4byte	.Ldebug_abbrev0
 139 000a 04       		.byte	0x4
 140 000b 01       		.uleb128 0x1
 141 000c A9040000 		.4byte	.LASF70
 142 0010 0C       		.byte	0xc
 143 0011 05000000 		.4byte	.LASF71
 144 0015 EA030000 		.4byte	.LASF72
 145 0019 00000000 		.4byte	.Ldebug_ranges0+0
 146 001d 00000000 		.4byte	0
 147 0021 00000000 		.4byte	.Ldebug_line0
ARM GAS  C:\Users\DABBIR~1\AppData\Local\Temp\ccgXtB70.s 			page 10


 148 0025 02       		.uleb128 0x2
 149 0026 01       		.byte	0x1
 150 0027 06       		.byte	0x6
 151 0028 92020000 		.4byte	.LASF0
 152 002c 02       		.uleb128 0x2
 153 002d 01       		.byte	0x1
 154 002e 08       		.byte	0x8
 155 002f CF010000 		.4byte	.LASF1
 156 0033 02       		.uleb128 0x2
 157 0034 02       		.byte	0x2
 158 0035 05       		.byte	0x5
 159 0036 91000000 		.4byte	.LASF2
 160 003a 02       		.uleb128 0x2
 161 003b 02       		.byte	0x2
 162 003c 07       		.byte	0x7
 163 003d 26030000 		.4byte	.LASF3
 164 0041 02       		.uleb128 0x2
 165 0042 04       		.byte	0x4
 166 0043 05       		.byte	0x5
 167 0044 B6010000 		.4byte	.LASF4
 168 0048 02       		.uleb128 0x2
 169 0049 04       		.byte	0x4
 170 004a 07       		.byte	0x7
 171 004b 9F030000 		.4byte	.LASF5
 172 004f 02       		.uleb128 0x2
 173 0050 08       		.byte	0x8
 174 0051 05       		.byte	0x5
 175 0052 54010000 		.4byte	.LASF6
 176 0056 02       		.uleb128 0x2
 177 0057 08       		.byte	0x8
 178 0058 07       		.byte	0x7
 179 0059 A4020000 		.4byte	.LASF7
 180 005d 03       		.uleb128 0x3
 181 005e 04       		.byte	0x4
 182 005f 05       		.byte	0x5
 183 0060 696E7400 		.ascii	"int\000"
 184 0064 02       		.uleb128 0x2
 185 0065 04       		.byte	0x4
 186 0066 07       		.byte	0x7
 187 0067 D2020000 		.4byte	.LASF8
 188 006b 02       		.uleb128 0x2
 189 006c 08       		.byte	0x8
 190 006d 04       		.byte	0x4
 191 006e 39020000 		.4byte	.LASF9
 192 0072 04       		.uleb128 0x4
 193 0073 AE010000 		.4byte	.LASF10
 194 0077 03       		.byte	0x3
 195 0078 3F       		.byte	0x3f
 196 0079 25000000 		.4byte	0x25
 197 007d 04       		.uleb128 0x4
 198 007e 5C030000 		.4byte	.LASF11
 199 0082 03       		.byte	0x3
 200 0083 52       		.byte	0x52
 201 0084 3A000000 		.4byte	0x3a
 202 0088 04       		.uleb128 0x4
 203 0089 05030000 		.4byte	.LASF12
 204 008d 03       		.byte	0x3
ARM GAS  C:\Users\DABBIR~1\AppData\Local\Temp\ccgXtB70.s 			page 11


 205 008e 53       		.byte	0x53
 206 008f 5D000000 		.4byte	0x5d
 207 0093 04       		.uleb128 0x4
 208 0094 D0000000 		.4byte	.LASF13
 209 0098 03       		.byte	0x3
 210 0099 54       		.byte	0x54
 211 009a 64000000 		.4byte	0x64
 212 009e 05       		.uleb128 0x5
 213 009f 04       		.byte	0x4
 214 00a0 A4000000 		.4byte	0xa4
 215 00a4 06       		.uleb128 0x6
 216 00a5 04       		.uleb128 0x4
 217 00a6 49000000 		.4byte	.LASF14
 218 00aa 02       		.byte	0x2
 219 00ab 4D       		.byte	0x4d
 220 00ac 93000000 		.4byte	0x93
 221 00b0 04       		.uleb128 0x4
 222 00b1 B2000000 		.4byte	.LASF15
 223 00b5 02       		.byte	0x2
 224 00b6 4F       		.byte	0x4f
 225 00b7 93000000 		.4byte	0x93
 226 00bb 04       		.uleb128 0x4
 227 00bc B8030000 		.4byte	.LASF16
 228 00c0 02       		.byte	0x2
 229 00c1 54       		.byte	0x54
 230 00c2 A5000000 		.4byte	0xa5
 231 00c6 04       		.uleb128 0x4
 232 00c7 EB000000 		.4byte	.LASF17
 233 00cb 02       		.byte	0x2
 234 00cc 78       		.byte	0x78
 235 00cd 88000000 		.4byte	0x88
 236 00d1 07       		.uleb128 0x7
 237 00d2 8D010000 		.4byte	.LASF18
 238 00d6 04       		.byte	0x4
 239 00d7 1101     		.2byte	0x111
 240 00d9 7D000000 		.4byte	0x7d
 241 00dd 07       		.uleb128 0x7
 242 00de 21020000 		.4byte	.LASF19
 243 00e2 04       		.byte	0x4
 244 00e3 3502     		.2byte	0x235
 245 00e5 A5000000 		.4byte	0xa5
 246 00e9 07       		.uleb128 0x7
 247 00ea 62010000 		.4byte	.LASF20
 248 00ee 04       		.byte	0x4
 249 00ef 5D02     		.2byte	0x25d
 250 00f1 A5000000 		.4byte	0xa5
 251 00f5 07       		.uleb128 0x7
 252 00f6 DE030000 		.4byte	.LASF21
 253 00fa 04       		.byte	0x4
 254 00fb 6C02     		.2byte	0x26c
 255 00fd A5000000 		.4byte	0xa5
 256 0101 08       		.uleb128 0x8
 257 0102 0C       		.byte	0xc
 258 0103 04       		.byte	0x4
 259 0104 7202     		.2byte	0x272
 260 0106 32010000 		.4byte	0x132
 261 010a 09       		.uleb128 0x9
ARM GAS  C:\Users\DABBIR~1\AppData\Local\Temp\ccgXtB70.s 			page 12


 262 010b BF010000 		.4byte	.LASF22
 263 010f 04       		.byte	0x4
 264 0110 7302     		.2byte	0x273
 265 0112 DD000000 		.4byte	0xdd
 266 0116 00       		.byte	0
 267 0117 09       		.uleb128 0x9
 268 0118 60000000 		.4byte	.LASF23
 269 011c 04       		.byte	0x4
 270 011d 7402     		.2byte	0x274
 271 011f DD000000 		.4byte	0xdd
 272 0123 04       		.byte	0x4
 273 0124 09       		.uleb128 0x9
 274 0125 F2000000 		.4byte	.LASF24
 275 0129 04       		.byte	0x4
 276 012a 7502     		.2byte	0x275
 277 012c DD000000 		.4byte	0xdd
 278 0130 08       		.byte	0x8
 279 0131 00       		.byte	0
 280 0132 07       		.uleb128 0x7
 281 0133 0A020000 		.4byte	.LASF25
 282 0137 04       		.byte	0x4
 283 0138 7A02     		.2byte	0x27a
 284 013a 01010000 		.4byte	0x101
 285 013e 08       		.uleb128 0x8
 286 013f 08       		.byte	0x8
 287 0140 04       		.byte	0x4
 288 0141 7D02     		.2byte	0x27d
 289 0143 62010000 		.4byte	0x162
 290 0147 09       		.uleb128 0x9
 291 0148 FB000000 		.4byte	.LASF26
 292 014c 04       		.byte	0x4
 293 014d 7E02     		.2byte	0x27e
 294 014f DD000000 		.4byte	0xdd
 295 0153 00       		.byte	0
 296 0154 09       		.uleb128 0x9
 297 0155 6A050000 		.4byte	.LASF27
 298 0159 04       		.byte	0x4
 299 015a 7F02     		.2byte	0x27f
 300 015c E9000000 		.4byte	0xe9
 301 0160 04       		.byte	0x4
 302 0161 00       		.byte	0
 303 0162 07       		.uleb128 0x7
 304 0163 BB020000 		.4byte	.LASF28
 305 0167 04       		.byte	0x4
 306 0168 8002     		.2byte	0x280
 307 016a 3E010000 		.4byte	0x13e
 308 016e 0A       		.uleb128 0xa
 309 016f 01       		.byte	0x1
 310 0170 2C000000 		.4byte	0x2c
 311 0174 04       		.byte	0x4
 312 0175 8A02     		.2byte	0x28a
 313 0177 88010000 		.4byte	0x188
 314 017b 0B       		.uleb128 0xb
 315 017c D0030000 		.4byte	.LASF29
 316 0180 00       		.byte	0
 317 0181 0B       		.uleb128 0xb
 318 0182 9D010000 		.4byte	.LASF30
ARM GAS  C:\Users\DABBIR~1\AppData\Local\Temp\ccgXtB70.s 			page 13


 319 0186 01       		.byte	0x1
 320 0187 00       		.byte	0
 321 0188 07       		.uleb128 0x7
 322 0189 1A010000 		.4byte	.LASF31
 323 018d 04       		.byte	0x4
 324 018e 8D02     		.2byte	0x28d
 325 0190 6E010000 		.4byte	0x16e
 326 0194 07       		.uleb128 0x7
 327 0195 BA000000 		.4byte	.LASF32
 328 0199 04       		.byte	0x4
 329 019a 9002     		.2byte	0x290
 330 019c 88010000 		.4byte	0x188
 331 01a0 08       		.uleb128 0x8
 332 01a1 0C       		.byte	0xc
 333 01a2 04       		.byte	0x4
 334 01a3 9402     		.2byte	0x294
 335 01a5 CF010000 		.4byte	0x1cf
 336 01a9 0C       		.uleb128 0xc
 337 01aa 6300     		.ascii	"c\000"
 338 01ac 04       		.byte	0x4
 339 01ad 9602     		.2byte	0x296
 340 01af F5000000 		.4byte	0xf5
 341 01b3 00       		.byte	0
 342 01b4 09       		.uleb128 0x9
 343 01b5 AA000000 		.4byte	.LASF33
 344 01b9 04       		.byte	0x4
 345 01ba 9802     		.2byte	0x298
 346 01bc E9000000 		.4byte	0xe9
 347 01c0 04       		.byte	0x4
 348 01c1 09       		.uleb128 0x9
 349 01c2 00000000 		.4byte	.LASF34
 350 01c6 04       		.byte	0x4
 351 01c7 9A02     		.2byte	0x29a
 352 01c9 94010000 		.4byte	0x194
 353 01cd 08       		.byte	0x8
 354 01ce 00       		.byte	0
 355 01cf 07       		.uleb128 0x7
 356 01d0 39030000 		.4byte	.LASF35
 357 01d4 04       		.byte	0x4
 358 01d5 9B02     		.2byte	0x29b
 359 01d7 A0010000 		.4byte	0x1a0
 360 01db 08       		.uleb128 0x8
 361 01dc 10       		.byte	0x10
 362 01dd 04       		.byte	0x4
 363 01de 9F02     		.2byte	0x29f
 364 01e0 19020000 		.4byte	0x219
 365 01e4 09       		.uleb128 0x9
 366 01e5 D9030000 		.4byte	.LASF36
 367 01e9 04       		.byte	0x4
 368 01ea A002     		.2byte	0x2a0
 369 01ec BB000000 		.4byte	0xbb
 370 01f0 00       		.byte	0
 371 01f1 09       		.uleb128 0x9
 372 01f2 37050000 		.4byte	.LASF37
 373 01f6 04       		.byte	0x4
 374 01f7 A102     		.2byte	0x2a1
 375 01f9 DD000000 		.4byte	0xdd
ARM GAS  C:\Users\DABBIR~1\AppData\Local\Temp\ccgXtB70.s 			page 14


 376 01fd 04       		.byte	0x4
 377 01fe 09       		.uleb128 0x9
 378 01ff A4000000 		.4byte	.LASF38
 379 0203 04       		.byte	0x4
 380 0204 A202     		.2byte	0x2a2
 381 0206 DD000000 		.4byte	0xdd
 382 020a 08       		.byte	0x8
 383 020b 09       		.uleb128 0x9
 384 020c 58050000 		.4byte	.LASF39
 385 0210 04       		.byte	0x4
 386 0211 A302     		.2byte	0x2a3
 387 0213 E9000000 		.4byte	0xe9
 388 0217 0C       		.byte	0xc
 389 0218 00       		.byte	0
 390 0219 07       		.uleb128 0x7
 391 021a DD010000 		.4byte	.LASF40
 392 021e 04       		.byte	0x4
 393 021f A402     		.2byte	0x2a4
 394 0221 DB010000 		.4byte	0x1db
 395 0225 02       		.uleb128 0x2
 396 0226 04       		.byte	0x4
 397 0227 07       		.byte	0x7
 398 0228 9B000000 		.4byte	.LASF41
 399 022c 02       		.uleb128 0x2
 400 022d 01       		.byte	0x1
 401 022e 08       		.byte	0x8
 402 022f 57030000 		.4byte	.LASF42
 403 0233 02       		.uleb128 0x2
 404 0234 04       		.byte	0x4
 405 0235 04       		.byte	0x4
 406 0236 4E010000 		.4byte	.LASF43
 407 023a 02       		.uleb128 0x2
 408 023b 08       		.byte	0x8
 409 023c 04       		.byte	0x4
 410 023d B1030000 		.4byte	.LASF44
 411 0241 07       		.uleb128 0x7
 412 0242 54020000 		.4byte	.LASF45
 413 0246 05       		.byte	0x5
 414 0247 A002     		.2byte	0x2a0
 415 0249 9E000000 		.4byte	0x9e
 416 024d 0D       		.uleb128 0xd
 417 024e 66030000 		.4byte	.LASF46
 418 0252 02       		.byte	0x2
 419 0253 DC       		.byte	0xdc
 420 0254 03       		.byte	0x3
 421 0255 63020000 		.4byte	0x263
 422 0259 0E       		.uleb128 0xe
 423 025a 6600     		.ascii	"f\000"
 424 025c 02       		.byte	0x2
 425 025d DC       		.byte	0xdc
 426 025e B0000000 		.4byte	0xb0
 427 0262 00       		.byte	0
 428 0263 0F       		.uleb128 0xf
 429 0264 61020000 		.4byte	.LASF73
 430 0268 02       		.byte	0x2
 431 0269 F1       		.byte	0xf1
 432 026a B0000000 		.4byte	0xb0
ARM GAS  C:\Users\DABBIR~1\AppData\Local\Temp\ccgXtB70.s 			page 15


 433 026e 03       		.byte	0x3
 434 026f 7F020000 		.4byte	0x27f
 435 0273 10       		.uleb128 0x10
 436 0274 20030000 		.4byte	.LASF48
 437 0278 02       		.byte	0x2
 438 0279 F4       		.byte	0xf4
 439 027a B0000000 		.4byte	0xb0
 440 027e 00       		.byte	0
 441 027f 11       		.uleb128 0x11
 442 0280 8D040000 		.4byte	.LASF47
 443 0284 02       		.byte	0x2
 444 0285 A201     		.2byte	0x1a2
 445 0287 03       		.byte	0x3
 446 0288 97020000 		.4byte	0x297
 447 028c 12       		.uleb128 0x12
 448 028d 6600     		.ascii	"f\000"
 449 028f 02       		.byte	0x2
 450 0290 A201     		.2byte	0x1a2
 451 0292 B0000000 		.4byte	0xb0
 452 0296 00       		.byte	0
 453 0297 13       		.uleb128 0x13
 454 0298 0E030000 		.4byte	.LASF74
 455 029c 02       		.byte	0x2
 456 029d A801     		.2byte	0x1a8
 457 029f B0000000 		.4byte	0xb0
 458 02a3 03       		.byte	0x3
 459 02a4 14       		.uleb128 0x14
 460 02a5 51000000 		.4byte	.LASF75
 461 02a9 01       		.byte	0x1
 462 02aa 42       		.byte	0x42
 463 02ab 00000000 		.4byte	.LFB76
 464 02af 74000000 		.4byte	.LFE76-.LFB76
 465 02b3 01       		.uleb128 0x1
 466 02b4 9C       		.byte	0x9c
 467 02b5 40030000 		.4byte	0x340
 468 02b9 15       		.uleb128 0x15
 469 02ba FB010000 		.4byte	.LASF76
 470 02be 01       		.byte	0x1
 471 02bf 45       		.byte	0x45
 472 02c0 40030000 		.4byte	0x340
 473 02c4 00000000 		.4byte	.LLST0
 474 02c8 10       		.uleb128 0x10
 475 02c9 9E020000 		.4byte	.LASF49
 476 02cd 01       		.byte	0x1
 477 02ce 47       		.byte	0x47
 478 02cf A5000000 		.4byte	0xa5
 479 02d3 16       		.uleb128 0x16
 480 02d4 97020000 		.4byte	0x297
 481 02d8 06000000 		.4byte	.LBB14
 482 02dc 06000000 		.4byte	.LBE14-.LBB14
 483 02e0 01       		.byte	0x1
 484 02e1 49       		.byte	0x49
 485 02e2 07030000 		.4byte	0x307
 486 02e6 17       		.uleb128 0x17
 487 02e7 63020000 		.4byte	0x263
 488 02eb 06000000 		.4byte	.LBB15
 489 02ef 06000000 		.4byte	.LBE15-.LBB15
ARM GAS  C:\Users\DABBIR~1\AppData\Local\Temp\ccgXtB70.s 			page 16


 490 02f3 02       		.byte	0x2
 491 02f4 AA01     		.2byte	0x1aa
 492 02f6 18       		.uleb128 0x18
 493 02f7 06000000 		.4byte	.LBB16
 494 02fb 06000000 		.4byte	.LBE16-.LBB16
 495 02ff 19       		.uleb128 0x19
 496 0300 73020000 		.4byte	0x273
 497 0304 00       		.byte	0
 498 0305 00       		.byte	0
 499 0306 00       		.byte	0
 500 0307 16       		.uleb128 0x16
 501 0308 7F020000 		.4byte	0x27f
 502 030c 56000000 		.4byte	.LBB17
 503 0310 1E000000 		.4byte	.LBE17-.LBB17
 504 0314 01       		.byte	0x1
 505 0315 DF       		.byte	0xdf
 506 0316 36030000 		.4byte	0x336
 507 031a 1A       		.uleb128 0x1a
 508 031b 8C020000 		.4byte	0x28c
 509 031f 17       		.uleb128 0x17
 510 0320 4D020000 		.4byte	0x24d
 511 0324 56000000 		.4byte	.LBB18
 512 0328 1E000000 		.4byte	.LBE18-.LBB18
 513 032c 02       		.byte	0x2
 514 032d A401     		.2byte	0x1a4
 515 032f 1A       		.uleb128 0x1a
 516 0330 59020000 		.4byte	0x259
 517 0334 00       		.byte	0
 518 0335 00       		.byte	0
 519 0336 1B       		.uleb128 0x1b
 520 0337 10000000 		.4byte	.LVL1
 521 033b E7040000 		.4byte	0x4e7
 522 033f 00       		.byte	0
 523 0340 05       		.uleb128 0x5
 524 0341 04       		.byte	0x4
 525 0342 41020000 		.4byte	0x241
 526 0346 1C       		.uleb128 0x1c
 527 0347 39010000 		.4byte	.LASF50
 528 034b 06       		.byte	0x6
 529 034c 44       		.byte	0x44
 530 034d A5000000 		.4byte	0xa5
 531 0351 1C       		.uleb128 0x1c
 532 0352 EC020000 		.4byte	.LASF51
 533 0356 07       		.byte	0x7
 534 0357 48       		.byte	0x48
 535 0358 C6000000 		.4byte	0xc6
 536 035c 1D       		.uleb128 0x1d
 537 035d 6C030000 		.4byte	0x36c
 538 0361 6C030000 		.4byte	0x36c
 539 0365 1E       		.uleb128 0x1e
 540 0366 25020000 		.4byte	0x225
 541 036a 05       		.byte	0x5
 542 036b 00       		.byte	0
 543 036c 1F       		.uleb128 0x1f
 544 036d A5000000 		.4byte	0xa5
 545 0371 1C       		.uleb128 0x1c
 546 0372 DA000000 		.4byte	.LASF52
ARM GAS  C:\Users\DABBIR~1\AppData\Local\Temp\ccgXtB70.s 			page 17


 547 0376 04       		.byte	0x4
 548 0377 B2       		.byte	0xb2
 549 0378 7C030000 		.4byte	0x37c
 550 037c 1F       		.uleb128 0x1f
 551 037d 5C030000 		.4byte	0x35c
 552 0381 1C       		.uleb128 0x1c
 553 0382 79040000 		.4byte	.LASF53
 554 0386 04       		.byte	0x4
 555 0387 B3       		.byte	0xb3
 556 0388 8C030000 		.4byte	0x38c
 557 038c 1F       		.uleb128 0x1f
 558 038d 5C030000 		.4byte	0x35c
 559 0391 1D       		.uleb128 0x1d
 560 0392 A5000000 		.4byte	0xa5
 561 0396 A1030000 		.4byte	0x3a1
 562 039a 1E       		.uleb128 0x1e
 563 039b 25020000 		.4byte	0x225
 564 039f 05       		.byte	0x5
 565 03a0 00       		.byte	0
 566 03a1 1C       		.uleb128 0x1c
 567 03a2 DF020000 		.4byte	.LASF54
 568 03a6 04       		.byte	0x4
 569 03a7 CA       		.byte	0xca
 570 03a8 91030000 		.4byte	0x391
 571 03ac 1D       		.uleb128 0x1d
 572 03ad C6000000 		.4byte	0xc6
 573 03b1 BC030000 		.4byte	0x3bc
 574 03b5 1E       		.uleb128 0x1e
 575 03b6 25020000 		.4byte	0x225
 576 03ba 05       		.byte	0x5
 577 03bb 00       		.byte	0
 578 03bc 1C       		.uleb128 0x1c
 579 03bd 9E040000 		.4byte	.LASF55
 580 03c1 04       		.byte	0x4
 581 03c2 D2       		.byte	0xd2
 582 03c3 AC030000 		.4byte	0x3ac
 583 03c7 1C       		.uleb128 0x1c
 584 03c8 6D040000 		.4byte	.LASF56
 585 03cc 04       		.byte	0x4
 586 03cd DA       		.byte	0xda
 587 03ce 91030000 		.4byte	0x391
 588 03d2 1C       		.uleb128 0x1c
 589 03d3 C4030000 		.4byte	.LASF57
 590 03d7 04       		.byte	0x4
 591 03d8 E2       		.byte	0xe2
 592 03d9 C6000000 		.4byte	0xc6
 593 03dd 1C       		.uleb128 0x1c
 594 03de 2A020000 		.4byte	.LASF58
 595 03e2 04       		.byte	0x4
 596 03e3 F7       		.byte	0xf7
 597 03e4 A5000000 		.4byte	0xa5
 598 03e8 20       		.uleb128 0x20
 599 03e9 3B000000 		.4byte	.LASF59
 600 03ed 04       		.byte	0x4
 601 03ee 3F01     		.2byte	0x13f
 602 03f0 D1000000 		.4byte	0xd1
 603 03f4 20       		.uleb128 0x20
ARM GAS  C:\Users\DABBIR~1\AppData\Local\Temp\ccgXtB70.s 			page 18


 604 03f5 6D000000 		.4byte	.LASF60
 605 03f9 04       		.byte	0x4
 606 03fa 5C01     		.2byte	0x15c
 607 03fc 91030000 		.4byte	0x391
 608 0400 1D       		.uleb128 0x1d
 609 0401 BB000000 		.4byte	0xbb
 610 0405 10040000 		.4byte	0x410
 611 0409 1E       		.uleb128 0x1e
 612 040a 25020000 		.4byte	0x225
 613 040e 05       		.byte	0x5
 614 040f 00       		.byte	0
 615 0410 20       		.uleb128 0x20
 616 0411 80000000 		.4byte	.LASF61
 617 0415 04       		.byte	0x4
 618 0416 6701     		.2byte	0x167
 619 0418 00040000 		.4byte	0x400
 620 041c 1D       		.uleb128 0x1d
 621 041d 2C040000 		.4byte	0x42c
 622 0421 2C040000 		.4byte	0x42c
 623 0425 1E       		.uleb128 0x1e
 624 0426 25020000 		.4byte	0x225
 625 042a 00       		.byte	0
 626 042b 00       		.byte	0
 627 042c 1F       		.uleb128 0x1f
 628 042d 32010000 		.4byte	0x132
 629 0431 20       		.uleb128 0x20
 630 0432 45020000 		.4byte	.LASF62
 631 0436 04       		.byte	0x4
 632 0437 CA02     		.2byte	0x2ca
 633 0439 3D040000 		.4byte	0x43d
 634 043d 1F       		.uleb128 0x1f
 635 043e 1C040000 		.4byte	0x41c
 636 0442 1D       		.uleb128 0x1d
 637 0443 52040000 		.4byte	0x452
 638 0447 52040000 		.4byte	0x452
 639 044b 1E       		.uleb128 0x1e
 640 044c 25020000 		.4byte	0x225
 641 0450 02       		.byte	0x2
 642 0451 00       		.byte	0
 643 0452 1F       		.uleb128 0x1f
 644 0453 CF010000 		.4byte	0x1cf
 645 0457 20       		.uleb128 0x20
 646 0458 01010000 		.4byte	.LASF63
 647 045c 04       		.byte	0x4
 648 045d DD02     		.2byte	0x2dd
 649 045f 63040000 		.4byte	0x463
 650 0463 1F       		.uleb128 0x1f
 651 0464 42040000 		.4byte	0x442
 652 0468 1D       		.uleb128 0x1d
 653 0469 62010000 		.4byte	0x162
 654 046d 78040000 		.4byte	0x478
 655 0471 1E       		.uleb128 0x1e
 656 0472 25020000 		.4byte	0x225
 657 0476 00       		.byte	0
 658 0477 00       		.byte	0
 659 0478 20       		.uleb128 0x20
 660 0479 7D030000 		.4byte	.LASF64
ARM GAS  C:\Users\DABBIR~1\AppData\Local\Temp\ccgXtB70.s 			page 19


 661 047d 04       		.byte	0x4
 662 047e FB02     		.2byte	0x2fb
 663 0480 68040000 		.4byte	0x468
 664 0484 1D       		.uleb128 0x1d
 665 0485 19020000 		.4byte	0x219
 666 0489 94040000 		.4byte	0x494
 667 048d 1E       		.uleb128 0x1e
 668 048e 25020000 		.4byte	0x225
 669 0492 02       		.byte	0x2
 670 0493 00       		.byte	0
 671 0494 20       		.uleb128 0x20
 672 0495 79020000 		.4byte	.LASF65
 673 0499 04       		.byte	0x4
 674 049a 0403     		.2byte	0x304
 675 049c 84040000 		.4byte	0x484
 676 04a0 1C       		.uleb128 0x1c
 677 04a1 40050000 		.4byte	.LASF66
 678 04a5 08       		.byte	0x8
 679 04a6 40       		.byte	0x40
 680 04a7 A5000000 		.4byte	0xa5
 681 04ab 1C       		.uleb128 0x1c
 682 04ac 74010000 		.4byte	.LASF67
 683 04b0 08       		.byte	0x8
 684 04b1 47       		.byte	0x47
 685 04b2 B0000000 		.4byte	0xb0
 686 04b6 1C       		.uleb128 0x1c
 687 04b7 8C030000 		.4byte	.LASF68
 688 04bb 08       		.byte	0x8
 689 04bc 4A       		.byte	0x4a
 690 04bd A5000000 		.4byte	0xa5
 691 04c1 1D       		.uleb128 0x1d
 692 04c2 D1040000 		.4byte	0x4d1
 693 04c6 D1040000 		.4byte	0x4d1
 694 04ca 1E       		.uleb128 0x1e
 695 04cb 25020000 		.4byte	0x225
 696 04cf FF       		.byte	0xff
 697 04d0 00       		.byte	0
 698 04d1 1F       		.uleb128 0x1f
 699 04d2 72000000 		.4byte	0x72
 700 04d6 20       		.uleb128 0x20
 701 04d7 5D050000 		.4byte	.LASF69
 702 04db 09       		.byte	0x9
 703 04dc AB01     		.2byte	0x1ab
 704 04de E2040000 		.4byte	0x4e2
 705 04e2 1F       		.uleb128 0x1f
 706 04e3 C1040000 		.4byte	0x4c1
 707 04e7 21       		.uleb128 0x21
 708 04e8 53040000 		.4byte	.LASF77
 709 04ec 53040000 		.4byte	.LASF77
 710 04f0 01       		.byte	0x1
 711 04f1 3F       		.byte	0x3f
 712 04f2 00       		.byte	0
 713              		.section	.debug_abbrev,"",%progbits
 714              	.Ldebug_abbrev0:
 715 0000 01       		.uleb128 0x1
 716 0001 11       		.uleb128 0x11
 717 0002 01       		.byte	0x1
ARM GAS  C:\Users\DABBIR~1\AppData\Local\Temp\ccgXtB70.s 			page 20


 718 0003 25       		.uleb128 0x25
 719 0004 0E       		.uleb128 0xe
 720 0005 13       		.uleb128 0x13
 721 0006 0B       		.uleb128 0xb
 722 0007 03       		.uleb128 0x3
 723 0008 0E       		.uleb128 0xe
 724 0009 1B       		.uleb128 0x1b
 725 000a 0E       		.uleb128 0xe
 726 000b 55       		.uleb128 0x55
 727 000c 17       		.uleb128 0x17
 728 000d 11       		.uleb128 0x11
 729 000e 01       		.uleb128 0x1
 730 000f 10       		.uleb128 0x10
 731 0010 17       		.uleb128 0x17
 732 0011 00       		.byte	0
 733 0012 00       		.byte	0
 734 0013 02       		.uleb128 0x2
 735 0014 24       		.uleb128 0x24
 736 0015 00       		.byte	0
 737 0016 0B       		.uleb128 0xb
 738 0017 0B       		.uleb128 0xb
 739 0018 3E       		.uleb128 0x3e
 740 0019 0B       		.uleb128 0xb
 741 001a 03       		.uleb128 0x3
 742 001b 0E       		.uleb128 0xe
 743 001c 00       		.byte	0
 744 001d 00       		.byte	0
 745 001e 03       		.uleb128 0x3
 746 001f 24       		.uleb128 0x24
 747 0020 00       		.byte	0
 748 0021 0B       		.uleb128 0xb
 749 0022 0B       		.uleb128 0xb
 750 0023 3E       		.uleb128 0x3e
 751 0024 0B       		.uleb128 0xb
 752 0025 03       		.uleb128 0x3
 753 0026 08       		.uleb128 0x8
 754 0027 00       		.byte	0
 755 0028 00       		.byte	0
 756 0029 04       		.uleb128 0x4
 757 002a 16       		.uleb128 0x16
 758 002b 00       		.byte	0
 759 002c 03       		.uleb128 0x3
 760 002d 0E       		.uleb128 0xe
 761 002e 3A       		.uleb128 0x3a
 762 002f 0B       		.uleb128 0xb
 763 0030 3B       		.uleb128 0x3b
 764 0031 0B       		.uleb128 0xb
 765 0032 49       		.uleb128 0x49
 766 0033 13       		.uleb128 0x13
 767 0034 00       		.byte	0
 768 0035 00       		.byte	0
 769 0036 05       		.uleb128 0x5
 770 0037 0F       		.uleb128 0xf
 771 0038 00       		.byte	0
 772 0039 0B       		.uleb128 0xb
 773 003a 0B       		.uleb128 0xb
 774 003b 49       		.uleb128 0x49
ARM GAS  C:\Users\DABBIR~1\AppData\Local\Temp\ccgXtB70.s 			page 21


 775 003c 13       		.uleb128 0x13
 776 003d 00       		.byte	0
 777 003e 00       		.byte	0
 778 003f 06       		.uleb128 0x6
 779 0040 15       		.uleb128 0x15
 780 0041 00       		.byte	0
 781 0042 27       		.uleb128 0x27
 782 0043 19       		.uleb128 0x19
 783 0044 00       		.byte	0
 784 0045 00       		.byte	0
 785 0046 07       		.uleb128 0x7
 786 0047 16       		.uleb128 0x16
 787 0048 00       		.byte	0
 788 0049 03       		.uleb128 0x3
 789 004a 0E       		.uleb128 0xe
 790 004b 3A       		.uleb128 0x3a
 791 004c 0B       		.uleb128 0xb
 792 004d 3B       		.uleb128 0x3b
 793 004e 05       		.uleb128 0x5
 794 004f 49       		.uleb128 0x49
 795 0050 13       		.uleb128 0x13
 796 0051 00       		.byte	0
 797 0052 00       		.byte	0
 798 0053 08       		.uleb128 0x8
 799 0054 13       		.uleb128 0x13
 800 0055 01       		.byte	0x1
 801 0056 0B       		.uleb128 0xb
 802 0057 0B       		.uleb128 0xb
 803 0058 3A       		.uleb128 0x3a
 804 0059 0B       		.uleb128 0xb
 805 005a 3B       		.uleb128 0x3b
 806 005b 05       		.uleb128 0x5
 807 005c 01       		.uleb128 0x1
 808 005d 13       		.uleb128 0x13
 809 005e 00       		.byte	0
 810 005f 00       		.byte	0
 811 0060 09       		.uleb128 0x9
 812 0061 0D       		.uleb128 0xd
 813 0062 00       		.byte	0
 814 0063 03       		.uleb128 0x3
 815 0064 0E       		.uleb128 0xe
 816 0065 3A       		.uleb128 0x3a
 817 0066 0B       		.uleb128 0xb
 818 0067 3B       		.uleb128 0x3b
 819 0068 05       		.uleb128 0x5
 820 0069 49       		.uleb128 0x49
 821 006a 13       		.uleb128 0x13
 822 006b 38       		.uleb128 0x38
 823 006c 0B       		.uleb128 0xb
 824 006d 00       		.byte	0
 825 006e 00       		.byte	0
 826 006f 0A       		.uleb128 0xa
 827 0070 04       		.uleb128 0x4
 828 0071 01       		.byte	0x1
 829 0072 0B       		.uleb128 0xb
 830 0073 0B       		.uleb128 0xb
 831 0074 49       		.uleb128 0x49
ARM GAS  C:\Users\DABBIR~1\AppData\Local\Temp\ccgXtB70.s 			page 22


 832 0075 13       		.uleb128 0x13
 833 0076 3A       		.uleb128 0x3a
 834 0077 0B       		.uleb128 0xb
 835 0078 3B       		.uleb128 0x3b
 836 0079 05       		.uleb128 0x5
 837 007a 01       		.uleb128 0x1
 838 007b 13       		.uleb128 0x13
 839 007c 00       		.byte	0
 840 007d 00       		.byte	0
 841 007e 0B       		.uleb128 0xb
 842 007f 28       		.uleb128 0x28
 843 0080 00       		.byte	0
 844 0081 03       		.uleb128 0x3
 845 0082 0E       		.uleb128 0xe
 846 0083 1C       		.uleb128 0x1c
 847 0084 0B       		.uleb128 0xb
 848 0085 00       		.byte	0
 849 0086 00       		.byte	0
 850 0087 0C       		.uleb128 0xc
 851 0088 0D       		.uleb128 0xd
 852 0089 00       		.byte	0
 853 008a 03       		.uleb128 0x3
 854 008b 08       		.uleb128 0x8
 855 008c 3A       		.uleb128 0x3a
 856 008d 0B       		.uleb128 0xb
 857 008e 3B       		.uleb128 0x3b
 858 008f 05       		.uleb128 0x5
 859 0090 49       		.uleb128 0x49
 860 0091 13       		.uleb128 0x13
 861 0092 38       		.uleb128 0x38
 862 0093 0B       		.uleb128 0xb
 863 0094 00       		.byte	0
 864 0095 00       		.byte	0
 865 0096 0D       		.uleb128 0xd
 866 0097 2E       		.uleb128 0x2e
 867 0098 01       		.byte	0x1
 868 0099 03       		.uleb128 0x3
 869 009a 0E       		.uleb128 0xe
 870 009b 3A       		.uleb128 0x3a
 871 009c 0B       		.uleb128 0xb
 872 009d 3B       		.uleb128 0x3b
 873 009e 0B       		.uleb128 0xb
 874 009f 27       		.uleb128 0x27
 875 00a0 19       		.uleb128 0x19
 876 00a1 20       		.uleb128 0x20
 877 00a2 0B       		.uleb128 0xb
 878 00a3 01       		.uleb128 0x1
 879 00a4 13       		.uleb128 0x13
 880 00a5 00       		.byte	0
 881 00a6 00       		.byte	0
 882 00a7 0E       		.uleb128 0xe
 883 00a8 05       		.uleb128 0x5
 884 00a9 00       		.byte	0
 885 00aa 03       		.uleb128 0x3
 886 00ab 08       		.uleb128 0x8
 887 00ac 3A       		.uleb128 0x3a
 888 00ad 0B       		.uleb128 0xb
ARM GAS  C:\Users\DABBIR~1\AppData\Local\Temp\ccgXtB70.s 			page 23


 889 00ae 3B       		.uleb128 0x3b
 890 00af 0B       		.uleb128 0xb
 891 00b0 49       		.uleb128 0x49
 892 00b1 13       		.uleb128 0x13
 893 00b2 00       		.byte	0
 894 00b3 00       		.byte	0
 895 00b4 0F       		.uleb128 0xf
 896 00b5 2E       		.uleb128 0x2e
 897 00b6 01       		.byte	0x1
 898 00b7 03       		.uleb128 0x3
 899 00b8 0E       		.uleb128 0xe
 900 00b9 3A       		.uleb128 0x3a
 901 00ba 0B       		.uleb128 0xb
 902 00bb 3B       		.uleb128 0x3b
 903 00bc 0B       		.uleb128 0xb
 904 00bd 27       		.uleb128 0x27
 905 00be 19       		.uleb128 0x19
 906 00bf 49       		.uleb128 0x49
 907 00c0 13       		.uleb128 0x13
 908 00c1 20       		.uleb128 0x20
 909 00c2 0B       		.uleb128 0xb
 910 00c3 01       		.uleb128 0x1
 911 00c4 13       		.uleb128 0x13
 912 00c5 00       		.byte	0
 913 00c6 00       		.byte	0
 914 00c7 10       		.uleb128 0x10
 915 00c8 34       		.uleb128 0x34
 916 00c9 00       		.byte	0
 917 00ca 03       		.uleb128 0x3
 918 00cb 0E       		.uleb128 0xe
 919 00cc 3A       		.uleb128 0x3a
 920 00cd 0B       		.uleb128 0xb
 921 00ce 3B       		.uleb128 0x3b
 922 00cf 0B       		.uleb128 0xb
 923 00d0 49       		.uleb128 0x49
 924 00d1 13       		.uleb128 0x13
 925 00d2 00       		.byte	0
 926 00d3 00       		.byte	0
 927 00d4 11       		.uleb128 0x11
 928 00d5 2E       		.uleb128 0x2e
 929 00d6 01       		.byte	0x1
 930 00d7 03       		.uleb128 0x3
 931 00d8 0E       		.uleb128 0xe
 932 00d9 3A       		.uleb128 0x3a
 933 00da 0B       		.uleb128 0xb
 934 00db 3B       		.uleb128 0x3b
 935 00dc 05       		.uleb128 0x5
 936 00dd 27       		.uleb128 0x27
 937 00de 19       		.uleb128 0x19
 938 00df 20       		.uleb128 0x20
 939 00e0 0B       		.uleb128 0xb
 940 00e1 01       		.uleb128 0x1
 941 00e2 13       		.uleb128 0x13
 942 00e3 00       		.byte	0
 943 00e4 00       		.byte	0
 944 00e5 12       		.uleb128 0x12
 945 00e6 05       		.uleb128 0x5
ARM GAS  C:\Users\DABBIR~1\AppData\Local\Temp\ccgXtB70.s 			page 24


 946 00e7 00       		.byte	0
 947 00e8 03       		.uleb128 0x3
 948 00e9 08       		.uleb128 0x8
 949 00ea 3A       		.uleb128 0x3a
 950 00eb 0B       		.uleb128 0xb
 951 00ec 3B       		.uleb128 0x3b
 952 00ed 05       		.uleb128 0x5
 953 00ee 49       		.uleb128 0x49
 954 00ef 13       		.uleb128 0x13
 955 00f0 00       		.byte	0
 956 00f1 00       		.byte	0
 957 00f2 13       		.uleb128 0x13
 958 00f3 2E       		.uleb128 0x2e
 959 00f4 00       		.byte	0
 960 00f5 03       		.uleb128 0x3
 961 00f6 0E       		.uleb128 0xe
 962 00f7 3A       		.uleb128 0x3a
 963 00f8 0B       		.uleb128 0xb
 964 00f9 3B       		.uleb128 0x3b
 965 00fa 05       		.uleb128 0x5
 966 00fb 27       		.uleb128 0x27
 967 00fc 19       		.uleb128 0x19
 968 00fd 49       		.uleb128 0x49
 969 00fe 13       		.uleb128 0x13
 970 00ff 20       		.uleb128 0x20
 971 0100 0B       		.uleb128 0xb
 972 0101 00       		.byte	0
 973 0102 00       		.byte	0
 974 0103 14       		.uleb128 0x14
 975 0104 2E       		.uleb128 0x2e
 976 0105 01       		.byte	0x1
 977 0106 3F       		.uleb128 0x3f
 978 0107 19       		.uleb128 0x19
 979 0108 03       		.uleb128 0x3
 980 0109 0E       		.uleb128 0xe
 981 010a 3A       		.uleb128 0x3a
 982 010b 0B       		.uleb128 0xb
 983 010c 3B       		.uleb128 0x3b
 984 010d 0B       		.uleb128 0xb
 985 010e 27       		.uleb128 0x27
 986 010f 19       		.uleb128 0x19
 987 0110 11       		.uleb128 0x11
 988 0111 01       		.uleb128 0x1
 989 0112 12       		.uleb128 0x12
 990 0113 06       		.uleb128 0x6
 991 0114 40       		.uleb128 0x40
 992 0115 18       		.uleb128 0x18
 993 0116 9742     		.uleb128 0x2117
 994 0118 19       		.uleb128 0x19
 995 0119 01       		.uleb128 0x1
 996 011a 13       		.uleb128 0x13
 997 011b 00       		.byte	0
 998 011c 00       		.byte	0
 999 011d 15       		.uleb128 0x15
 1000 011e 34       		.uleb128 0x34
 1001 011f 00       		.byte	0
 1002 0120 03       		.uleb128 0x3
ARM GAS  C:\Users\DABBIR~1\AppData\Local\Temp\ccgXtB70.s 			page 25


 1003 0121 0E       		.uleb128 0xe
 1004 0122 3A       		.uleb128 0x3a
 1005 0123 0B       		.uleb128 0xb
 1006 0124 3B       		.uleb128 0x3b
 1007 0125 0B       		.uleb128 0xb
 1008 0126 49       		.uleb128 0x49
 1009 0127 13       		.uleb128 0x13
 1010 0128 02       		.uleb128 0x2
 1011 0129 17       		.uleb128 0x17
 1012 012a 00       		.byte	0
 1013 012b 00       		.byte	0
 1014 012c 16       		.uleb128 0x16
 1015 012d 1D       		.uleb128 0x1d
 1016 012e 01       		.byte	0x1
 1017 012f 31       		.uleb128 0x31
 1018 0130 13       		.uleb128 0x13
 1019 0131 11       		.uleb128 0x11
 1020 0132 01       		.uleb128 0x1
 1021 0133 12       		.uleb128 0x12
 1022 0134 06       		.uleb128 0x6
 1023 0135 58       		.uleb128 0x58
 1024 0136 0B       		.uleb128 0xb
 1025 0137 59       		.uleb128 0x59
 1026 0138 0B       		.uleb128 0xb
 1027 0139 01       		.uleb128 0x1
 1028 013a 13       		.uleb128 0x13
 1029 013b 00       		.byte	0
 1030 013c 00       		.byte	0
 1031 013d 17       		.uleb128 0x17
 1032 013e 1D       		.uleb128 0x1d
 1033 013f 01       		.byte	0x1
 1034 0140 31       		.uleb128 0x31
 1035 0141 13       		.uleb128 0x13
 1036 0142 11       		.uleb128 0x11
 1037 0143 01       		.uleb128 0x1
 1038 0144 12       		.uleb128 0x12
 1039 0145 06       		.uleb128 0x6
 1040 0146 58       		.uleb128 0x58
 1041 0147 0B       		.uleb128 0xb
 1042 0148 59       		.uleb128 0x59
 1043 0149 05       		.uleb128 0x5
 1044 014a 00       		.byte	0
 1045 014b 00       		.byte	0
 1046 014c 18       		.uleb128 0x18
 1047 014d 0B       		.uleb128 0xb
 1048 014e 01       		.byte	0x1
 1049 014f 11       		.uleb128 0x11
 1050 0150 01       		.uleb128 0x1
 1051 0151 12       		.uleb128 0x12
 1052 0152 06       		.uleb128 0x6
 1053 0153 00       		.byte	0
 1054 0154 00       		.byte	0
 1055 0155 19       		.uleb128 0x19
 1056 0156 34       		.uleb128 0x34
 1057 0157 00       		.byte	0
 1058 0158 31       		.uleb128 0x31
 1059 0159 13       		.uleb128 0x13
ARM GAS  C:\Users\DABBIR~1\AppData\Local\Temp\ccgXtB70.s 			page 26


 1060 015a 00       		.byte	0
 1061 015b 00       		.byte	0
 1062 015c 1A       		.uleb128 0x1a
 1063 015d 05       		.uleb128 0x5
 1064 015e 00       		.byte	0
 1065 015f 31       		.uleb128 0x31
 1066 0160 13       		.uleb128 0x13
 1067 0161 00       		.byte	0
 1068 0162 00       		.byte	0
 1069 0163 1B       		.uleb128 0x1b
 1070 0164 898201   		.uleb128 0x4109
 1071 0167 00       		.byte	0
 1072 0168 11       		.uleb128 0x11
 1073 0169 01       		.uleb128 0x1
 1074 016a 31       		.uleb128 0x31
 1075 016b 13       		.uleb128 0x13
 1076 016c 00       		.byte	0
 1077 016d 00       		.byte	0
 1078 016e 1C       		.uleb128 0x1c
 1079 016f 34       		.uleb128 0x34
 1080 0170 00       		.byte	0
 1081 0171 03       		.uleb128 0x3
 1082 0172 0E       		.uleb128 0xe
 1083 0173 3A       		.uleb128 0x3a
 1084 0174 0B       		.uleb128 0xb
 1085 0175 3B       		.uleb128 0x3b
 1086 0176 0B       		.uleb128 0xb
 1087 0177 49       		.uleb128 0x49
 1088 0178 13       		.uleb128 0x13
 1089 0179 3F       		.uleb128 0x3f
 1090 017a 19       		.uleb128 0x19
 1091 017b 3C       		.uleb128 0x3c
 1092 017c 19       		.uleb128 0x19
 1093 017d 00       		.byte	0
 1094 017e 00       		.byte	0
 1095 017f 1D       		.uleb128 0x1d
 1096 0180 01       		.uleb128 0x1
 1097 0181 01       		.byte	0x1
 1098 0182 49       		.uleb128 0x49
 1099 0183 13       		.uleb128 0x13
 1100 0184 01       		.uleb128 0x1
 1101 0185 13       		.uleb128 0x13
 1102 0186 00       		.byte	0
 1103 0187 00       		.byte	0
 1104 0188 1E       		.uleb128 0x1e
 1105 0189 21       		.uleb128 0x21
 1106 018a 00       		.byte	0
 1107 018b 49       		.uleb128 0x49
 1108 018c 13       		.uleb128 0x13
 1109 018d 2F       		.uleb128 0x2f
 1110 018e 0B       		.uleb128 0xb
 1111 018f 00       		.byte	0
 1112 0190 00       		.byte	0
 1113 0191 1F       		.uleb128 0x1f
 1114 0192 26       		.uleb128 0x26
 1115 0193 00       		.byte	0
 1116 0194 49       		.uleb128 0x49
ARM GAS  C:\Users\DABBIR~1\AppData\Local\Temp\ccgXtB70.s 			page 27


 1117 0195 13       		.uleb128 0x13
 1118 0196 00       		.byte	0
 1119 0197 00       		.byte	0
 1120 0198 20       		.uleb128 0x20
 1121 0199 34       		.uleb128 0x34
 1122 019a 00       		.byte	0
 1123 019b 03       		.uleb128 0x3
 1124 019c 0E       		.uleb128 0xe
 1125 019d 3A       		.uleb128 0x3a
 1126 019e 0B       		.uleb128 0xb
 1127 019f 3B       		.uleb128 0x3b
 1128 01a0 05       		.uleb128 0x5
 1129 01a1 49       		.uleb128 0x49
 1130 01a2 13       		.uleb128 0x13
 1131 01a3 3F       		.uleb128 0x3f
 1132 01a4 19       		.uleb128 0x19
 1133 01a5 3C       		.uleb128 0x3c
 1134 01a6 19       		.uleb128 0x19
 1135 01a7 00       		.byte	0
 1136 01a8 00       		.byte	0
 1137 01a9 21       		.uleb128 0x21
 1138 01aa 2E       		.uleb128 0x2e
 1139 01ab 00       		.byte	0
 1140 01ac 3F       		.uleb128 0x3f
 1141 01ad 19       		.uleb128 0x19
 1142 01ae 3C       		.uleb128 0x3c
 1143 01af 19       		.uleb128 0x19
 1144 01b0 6E       		.uleb128 0x6e
 1145 01b1 0E       		.uleb128 0xe
 1146 01b2 03       		.uleb128 0x3
 1147 01b3 0E       		.uleb128 0xe
 1148 01b4 3A       		.uleb128 0x3a
 1149 01b5 0B       		.uleb128 0xb
 1150 01b6 3B       		.uleb128 0x3b
 1151 01b7 0B       		.uleb128 0xb
 1152 01b8 00       		.byte	0
 1153 01b9 00       		.byte	0
 1154 01ba 00       		.byte	0
 1155              		.section	.debug_loc,"",%progbits
 1156              	.Ldebug_loc0:
 1157              	.LLST0:
 1158 0000 06000000 		.4byte	.LVL0
 1159 0004 5C000000 		.4byte	.LVL2
 1160 0008 0100     		.2byte	0x1
 1161 000a 55       		.byte	0x55
 1162 000b 00000000 		.4byte	0
 1163 000f 00000000 		.4byte	0
 1164              		.section	.debug_aranges,"",%progbits
 1165 0000 1C000000 		.4byte	0x1c
 1166 0004 0200     		.2byte	0x2
 1167 0006 00000000 		.4byte	.Ldebug_info0
 1168 000a 04       		.byte	0x4
 1169 000b 00       		.byte	0
 1170 000c 0000     		.2byte	0
 1171 000e 0000     		.2byte	0
 1172 0010 00000000 		.4byte	.LFB76
 1173 0014 74000000 		.4byte	.LFE76-.LFB76
ARM GAS  C:\Users\DABBIR~1\AppData\Local\Temp\ccgXtB70.s 			page 28


 1174 0018 00000000 		.4byte	0
 1175 001c 00000000 		.4byte	0
 1176              		.section	.debug_ranges,"",%progbits
 1177              	.Ldebug_ranges0:
 1178 0000 00000000 		.4byte	.LFB76
 1179 0004 74000000 		.4byte	.LFE76
 1180 0008 00000000 		.4byte	0
 1181 000c 00000000 		.4byte	0
 1182              		.section	.debug_line,"",%progbits
 1183              	.Ldebug_line0:
 1184 0000 78010000 		.section	.debug_str,"MS",%progbits,1
 1184      02004501 
 1184      00000201 
 1184      FB0E0D00 
 1184      01010101 
 1185              	.LASF34:
 1186 0000 6B696E64 		.ascii	"kind\000"
 1186      00
 1187              	.LASF71:
 1188 0005 47656E65 		.ascii	"Generated_Source\\PSoC5\\ErikaOS_1_cortex_mx_ee_uti"
 1188      72617465 
 1188      645F536F 
 1188      75726365 
 1188      5C50536F 
 1189 0036 6C732E63 		.ascii	"ls.c\000"
 1189      00
 1190              	.LASF59:
 1191 003b 45455F72 		.ascii	"EE_rq_bitmask\000"
 1191      715F6269 
 1191      746D6173 
 1191      6B00
 1192              	.LASF14:
 1193 0049 45455F55 		.ascii	"EE_UREG\000"
 1193      52454700 
 1194              	.LASF75:
 1195 0051 45455F73 		.ascii	"EE_system_init\000"
 1195      79737465 
 1195      6D5F696E 
 1195      697400
 1196              	.LASF23:
 1197 0060 7469636B 		.ascii	"ticksperbase\000"
 1197      73706572 
 1197      62617365 
 1197      00
 1198              	.LASF60:
 1199 006d 45455F74 		.ascii	"EE_th_event_active\000"
 1199      685F6576 
 1199      656E745F 
 1199      61637469 
 1199      766500
 1200              	.LASF61:
 1201 0080 45455F74 		.ascii	"EE_th_waswaiting\000"
 1201      685F7761 
 1201      73776169 
 1201      74696E67 
 1201      00
 1202              	.LASF2:
ARM GAS  C:\Users\DABBIR~1\AppData\Local\Temp\ccgXtB70.s 			page 29


 1203 0091 73686F72 		.ascii	"short int\000"
 1203      7420696E 
 1203      7400
 1204              	.LASF41:
 1205 009b 73697A65 		.ascii	"sizetype\000"
 1205      74797065 
 1205      00
 1206              	.LASF38:
 1207 00a4 64656C74 		.ascii	"delta\000"
 1207      6100
 1208              	.LASF33:
 1209 00aa 73706563 		.ascii	"spec_id\000"
 1209      5F696400 
 1210              	.LASF15:
 1211 00b2 45455F46 		.ascii	"EE_FREG\000"
 1211      52454700 
 1212              	.LASF32:
 1213 00ba 436F756E 		.ascii	"CounterObjectKindType\000"
 1213      7465724F 
 1213      626A6563 
 1213      744B696E 
 1213      64547970 
 1214              	.LASF13:
 1215 00d0 45455F55 		.ascii	"EE_UINT32\000"
 1215      494E5433 
 1215      3200
 1216              	.LASF52:
 1217 00da 45455F74 		.ascii	"EE_th_ready_prio\000"
 1217      685F7265 
 1217      6164795F 
 1217      7072696F 
 1217      00
 1218              	.LASF17:
 1219 00eb 45455F54 		.ascii	"EE_TID\000"
 1219      494400
 1220              	.LASF24:
 1221 00f2 6D696E63 		.ascii	"mincycle\000"
 1221      79636C65 
 1221      00
 1222              	.LASF26:
 1223 00fb 76616C75 		.ascii	"value\000"
 1223      6500
 1224              	.LASF63:
 1225 0101 45455F6F 		.ascii	"EE_oo_counter_object_ROM\000"
 1225      6F5F636F 
 1225      756E7465 
 1225      725F6F62 
 1225      6A656374 
 1226              	.LASF31:
 1227 011a 45455F6F 		.ascii	"EE_oo_counter_object_kind_type\000"
 1227      6F5F636F 
 1227      756E7465 
 1227      725F6F62 
 1227      6A656374 
 1228              	.LASF50:
 1229 0139 45455F49 		.ascii	"EE_IRQ_nesting_level\000"
 1229      52515F6E 
ARM GAS  C:\Users\DABBIR~1\AppData\Local\Temp\ccgXtB70.s 			page 30


 1229      65737469 
 1229      6E675F6C 
 1229      6576656C 
 1230              	.LASF43:
 1231 014e 666C6F61 		.ascii	"float\000"
 1231      7400
 1232              	.LASF6:
 1233 0154 6C6F6E67 		.ascii	"long long int\000"
 1233      206C6F6E 
 1233      6720696E 
 1233      7400
 1234              	.LASF20:
 1235 0162 436F756E 		.ascii	"CounterObjectType\000"
 1235      7465724F 
 1235      626A6563 
 1235      74547970 
 1235      6500
 1236              	.LASF67:
 1237 0174 45455F6F 		.ascii	"EE_oo_IRQ_suspend_status\000"
 1237      6F5F4952 
 1237      515F7375 
 1237      7370656E 
 1237      645F7374 
 1238              	.LASF18:
 1239 018d 45455F54 		.ascii	"EE_TYPE_RQ_MASK\000"
 1239      5950455F 
 1239      52515F4D 
 1239      41534B00 
 1240              	.LASF30:
 1241 019d 45455F53 		.ascii	"EE_SCHEDULETABLE\000"
 1241      43484544 
 1241      554C4554 
 1241      41424C45 
 1241      00
 1242              	.LASF10:
 1243 01ae 45455F49 		.ascii	"EE_INT8\000"
 1243      4E543800 
 1244              	.LASF4:
 1245 01b6 6C6F6E67 		.ascii	"long int\000"
 1245      20696E74 
 1245      00
 1246              	.LASF22:
 1247 01bf 6D617861 		.ascii	"maxallowedvalue\000"
 1247      6C6C6F77 
 1247      65647661 
 1247      6C756500 
 1248              	.LASF1:
 1249 01cf 756E7369 		.ascii	"unsigned char\000"
 1249      676E6564 
 1249      20636861 
 1249      7200
 1250              	.LASF40:
 1251 01dd 45455F6F 		.ascii	"EE_oo_counter_object_RAM_type\000"
 1251      6F5F636F 
 1251      756E7465 
 1251      725F6F62 
 1251      6A656374 
ARM GAS  C:\Users\DABBIR~1\AppData\Local\Temp\ccgXtB70.s 			page 31


 1252              	.LASF76:
 1253 01fb 72616D56 		.ascii	"ramVectorTable\000"
 1253      6563746F 
 1253      72546162 
 1253      6C6500
 1254              	.LASF25:
 1255 020a 45455F6F 		.ascii	"EE_oo_counter_ROM_type\000"
 1255      6F5F636F 
 1255      756E7465 
 1255      725F524F 
 1255      4D5F7479 
 1256              	.LASF19:
 1257 0221 5469636B 		.ascii	"TickType\000"
 1257      54797065 
 1257      00
 1258              	.LASF58:
 1259 022a 45455F73 		.ascii	"EE_sys_ceiling\000"
 1259      79735F63 
 1259      65696C69 
 1259      6E6700
 1260              	.LASF9:
 1261 0239 6C6F6E67 		.ascii	"long double\000"
 1261      20646F75 
 1261      626C6500 
 1262              	.LASF62:
 1263 0245 45455F63 		.ascii	"EE_counter_ROM\000"
 1263      6F756E74 
 1263      65725F52 
 1263      4F4D00
 1264              	.LASF45:
 1265 0254 63796973 		.ascii	"cyisraddress\000"
 1265      72616464 
 1265      72657373 
 1265      00
 1266              	.LASF73:
 1267 0261 45455F63 		.ascii	"EE_cortex_mx_suspendIRQ\000"
 1267      6F727465 
 1267      785F6D78 
 1267      5F737573 
 1267      70656E64 
 1268              	.LASF65:
 1269 0279 45455F6F 		.ascii	"EE_oo_counter_object_RAM\000"
 1269      6F5F636F 
 1269      756E7465 
 1269      725F6F62 
 1269      6A656374 
 1270              	.LASF0:
 1271 0292 7369676E 		.ascii	"signed char\000"
 1271      65642063 
 1271      68617200 
 1272              	.LASF49:
 1273 029e 666C6167 		.ascii	"flags\000"
 1273      7300
 1274              	.LASF7:
 1275 02a4 6C6F6E67 		.ascii	"long long unsigned int\000"
 1275      206C6F6E 
 1275      6720756E 
ARM GAS  C:\Users\DABBIR~1\AppData\Local\Temp\ccgXtB70.s 			page 32


 1275      7369676E 
 1275      65642069 
 1276              	.LASF28:
 1277 02bb 45455F6F 		.ascii	"EE_oo_counter_RAM_type\000"
 1277      6F5F636F 
 1277      756E7465 
 1277      725F5241 
 1277      4D5F7479 
 1278              	.LASF8:
 1279 02d2 756E7369 		.ascii	"unsigned int\000"
 1279      676E6564 
 1279      20696E74 
 1279      00
 1280              	.LASF54:
 1281 02df 45455F74 		.ascii	"EE_th_status\000"
 1281      685F7374 
 1281      61747573 
 1281      00
 1282              	.LASF51:
 1283 02ec 45455F73 		.ascii	"EE_std_endcycle_next_tid\000"
 1283      74645F65 
 1283      6E646379 
 1283      636C655F 
 1283      6E657874 
 1284              	.LASF12:
 1285 0305 45455F49 		.ascii	"EE_INT32\000"
 1285      4E543332 
 1285      00
 1286              	.LASF74:
 1287 030e 45455F68 		.ascii	"EE_hal_suspendIRQ\000"
 1287      616C5F73 
 1287      75737065 
 1287      6E644952 
 1287      5100
 1288              	.LASF48:
 1289 0320 69737461 		.ascii	"istat\000"
 1289      7400
 1290              	.LASF3:
 1291 0326 73686F72 		.ascii	"short unsigned int\000"
 1291      7420756E 
 1291      7369676E 
 1291      65642069 
 1291      6E7400
 1292              	.LASF35:
 1293 0339 45455F6F 		.ascii	"EE_oo_counter_object_ROM_type\000"
 1293      6F5F636F 
 1293      756E7465 
 1293      725F6F62 
 1293      6A656374 
 1294              	.LASF42:
 1295 0357 63686172 		.ascii	"char\000"
 1295      00
 1296              	.LASF11:
 1297 035c 45455F55 		.ascii	"EE_UINT16\000"
 1297      494E5431 
 1297      3600
 1298              	.LASF46:
ARM GAS  C:\Users\DABBIR~1\AppData\Local\Temp\ccgXtB70.s 			page 33


 1299 0366 45455F63 		.ascii	"EE_cortex_mx_resumeIRQ\000"
 1299      6F727465 
 1299      785F6D78 
 1299      5F726573 
 1299      756D6549 
 1300              	.LASF64:
 1301 037d 45455F63 		.ascii	"EE_counter_RAM\000"
 1301      6F756E74 
 1301      65725F52 
 1301      414D00
 1302              	.LASF68:
 1303 038c 45455F41 		.ascii	"EE_ApplicationMode\000"
 1303      70706C69 
 1303      63617469 
 1303      6F6E4D6F 
 1303      646500
 1304              	.LASF5:
 1305 039f 6C6F6E67 		.ascii	"long unsigned int\000"
 1305      20756E73 
 1305      69676E65 
 1305      6420696E 
 1305      7400
 1306              	.LASF44:
 1307 03b1 646F7562 		.ascii	"double\000"
 1307      6C6500
 1308              	.LASF16:
 1309 03b8 45455F54 		.ascii	"EE_TYPEBOOL\000"
 1309      59504542 
 1309      4F4F4C00 
 1310              	.LASF57:
 1311 03c4 45455F73 		.ascii	"EE_stkfirst\000"
 1311      746B6669 
 1311      72737400 
 1312              	.LASF29:
 1313 03d0 45455F41 		.ascii	"EE_ALARM\000"
 1313      4C41524D 
 1313      00
 1314              	.LASF36:
 1315 03d9 75736564 		.ascii	"used\000"
 1315      00
 1316              	.LASF21:
 1317 03de 436F756E 		.ascii	"CounterType\000"
 1317      74657254 
 1317      79706500 
 1318              	.LASF72:
 1319 03ea 433A5C4D 		.ascii	"C:\\My_Files\\College_Documents\\AMA EOS\\EOS\\LAB\\"
 1319      795F4669 
 1319      6C65735C 
 1319      436F6C6C 
 1319      6567655F 
 1320 0418 4C41425F 		.ascii	"LAB_2_Submission\\Json Parser\\code\\w06_criticalRe"
 1320      325F5375 
 1320      626D6973 
 1320      73696F6E 
 1320      5C4A736F 
 1321 0448 67696F6E 		.ascii	"gion.cydsn\000"
 1321      2E637964 
ARM GAS  C:\Users\DABBIR~1\AppData\Local\Temp\ccgXtB70.s 			page 34


 1321      736E00
 1322              	.LASF77:
 1323 0453 45455F73 		.ascii	"EE_set_switch_context_pri\000"
 1323      65745F73 
 1323      77697463 
 1323      685F636F 
 1323      6E746578 
 1324              	.LASF56:
 1325 046d 45455F74 		.ascii	"EE_th_rnact\000"
 1325      685F726E 
 1325      61637400 
 1326              	.LASF53:
 1327 0479 45455F74 		.ascii	"EE_th_dispatch_prio\000"
 1327      685F6469 
 1327      73706174 
 1327      63685F70 
 1327      72696F00 
 1328              	.LASF47:
 1329 048d 45455F68 		.ascii	"EE_hal_resumeIRQ\000"
 1329      616C5F72 
 1329      6573756D 
 1329      65495251 
 1329      00
 1330              	.LASF55:
 1331 049e 45455F74 		.ascii	"EE_th_next\000"
 1331      685F6E65 
 1331      787400
 1332              	.LASF70:
 1333 04a9 474E5520 		.ascii	"GNU C11 5.4.1 20160609 (release) [ARM/embedded-5-br"
 1333      43313120 
 1333      352E342E 
 1333      31203230 
 1333      31363036 
 1334 04dc 616E6368 		.ascii	"anch revision 237715] -mcpu=cortex-m3 -mthumb -g -O"
 1334      20726576 
 1334      6973696F 
 1334      6E203233 
 1334      37373135 
 1335 050f 67202D66 		.ascii	"g -ffunction-sections -ffat-lto-objects\000"
 1335      66756E63 
 1335      74696F6E 
 1335      2D736563 
 1335      74696F6E 
 1336              	.LASF37:
 1337 0537 636E7463 		.ascii	"cntcycle\000"
 1337      79636C65 
 1337      00
 1338              	.LASF66:
 1339 0540 45455F6F 		.ascii	"EE_oo_IRQ_disable_count\000"
 1339      6F5F4952 
 1339      515F6469 
 1339      7361626C 
 1339      655F636F 
 1340              	.LASF39:
 1341 0558 6E657874 		.ascii	"next\000"
 1341      00
 1342              	.LASF69:
ARM GAS  C:\Users\DABBIR~1\AppData\Local\Temp\ccgXtB70.s 			page 35


 1343 055d 45455F72 		.ascii	"EE_rq_lookup\000"
 1343      715F6C6F 
 1343      6F6B7570 
 1343      00
 1344              	.LASF27:
 1345 056a 66697273 		.ascii	"first\000"
 1345      7400
 1346              		.ident	"GCC: (GNU Tools for ARM Embedded Processors) 5.4.1 20160609 (release) [ARM/embedded-5-bran
