ARM GAS  C:\Users\DABBIR~1\AppData\Local\Temp\ccmEKBE9.s 			page 1


   1              		.syntax unified
   2              		.cpu cortex-m3
   3              		.fpu softvfp
   4              		.eabi_attribute 20, 1
   5              		.eabi_attribute 21, 1
   6              		.eabi_attribute 23, 3
   7              		.eabi_attribute 24, 1
   8              		.eabi_attribute 25, 1
   9              		.eabi_attribute 26, 1
  10              		.eabi_attribute 30, 1
  11              		.eabi_attribute 34, 1
  12              		.eabi_attribute 18, 4
  13              		.thumb
  14              		.syntax unified
  15              		.file	"ErikaOS_1_eecfg.c"
  16              		.text
  17              	.Ltext0:
  18              		.cfi_sections	.debug_frame
  19              		.global	EE_oo_autostart_task_data
  20              		.comm	EE_ApplicationMode,4,4
  21              		.global	EE_oo_action_ROM
  22              		.comm	EE_oo_counter_object_RAM,48,4
  23              		.global	EE_oo_counter_object_ROM
  24              		.global	EE_ALARM_ID
  25              		.global	EE_ALARM_NAME
  26              		.global	EE_alarm_ROM
  27              		.global	EE_counter_RAM
  28              		.global	EE_counter_ROM
  29              		.comm	EE_resource_oldceiling,4,4
  30              		.global	EE_resource_ceiling
  31              		.global	EE_resource_locked
  32              		.global	EE_resource_stack
  33              		.global	EE_th_resource_last
  34              		.global	EE_th_is_extended
  35              		.global	EE_th_waswaiting
  36              		.global	EE_th_event_waitmask
  37              		.global	EE_th_event_active
  38              		.global	EE_th_terminate_nextask
  39              		.global	EE_rq_free
  40              		.comm	EE_rq_pairs_tid,24,4
  41              		.global	EE_rq_pairs_next
  42              		.global	EE_rq_link
  43              		.global	EE_th_rnact_max
  44              		.global	EE_th_rnact
  45              		.global	EE_rq_bitmask
  46              		.global	EE_rq_queues_tail
  47              		.global	EE_rq_queues_head
  48              		.global	EE_sys_ceiling
  49              		.global	EE_stkfirst
  50              		.global	EE_th_next
  51              		.global	EE_th_status
  52              		.global	EE_th_dispatch_prio
  53              		.global	EE_EVENT_ID
  54              		.global	EE_EVENT_NAME
  55              		.global	EE_RESOURCE_ID
  56              		.global	EE_RESOURCE_NAME
  57              		.global	EE_TASK_NAME
ARM GAS  C:\Users\DABBIR~1\AppData\Local\Temp\ccmEKBE9.s 			page 2


  58              		.global	EE_th_ready_prio
  59              		.global	EE_terminate_real_th_body
  60              		.comm	EE_terminate_data,24,4
  61              		.global	EE_hal_thread_body
  62              		.global	EE_cortex_mx_IRQ_tos
  63              		.global	EE_cortex_mx_active_tos
  64              		.global	EE_cortex_mx_system_tos
  65              		.global	EE_std_thread_tos
  66              		.comm	EE_cortex_mx_stack_9,512,4
  67              		.comm	EE_cortex_mx_stack_6,4000,4
  68              		.section	.rodata
  69              		.align	2
  70              		.type	EE_oo_autostart_task_data, %object
  71              		.size	EE_oo_autostart_task_data, 8
  72              	EE_oo_autostart_task_data:
  73 0000 01000000 		.word	1
  74 0004 08000000 		.word	EE_oo_autostart_task_mode_OSDEFAULTAPPMODE
  75              		.type	EE_oo_autostart_task_mode_OSDEFAULTAPPMODE, %object
  76              		.size	EE_oo_autostart_task_mode_OSDEFAULTAPPMODE, 4
  77              	EE_oo_autostart_task_mode_OSDEFAULTAPPMODE:
  78 0008 00000000 		.space	4
  79              		.type	EE_oo_action_ROM, %object
  80              		.size	EE_oo_action_ROM, 60
  81              	EE_oo_action_ROM:
  82 000c 00       		.byte	0
  83 000d 000000   		.space	3
  84 0010 02000000 		.word	2
  85 0014 00000000 		.word	0
  86 0018 00000000 		.word	0
  87 001c FFFFFFFF 		.word	-1
  88 0020 00       		.byte	0
  89 0021 000000   		.space	3
  90 0024 03000000 		.word	3
  91 0028 00000000 		.word	0
  92 002c 00000000 		.word	0
  93 0030 FFFFFFFF 		.word	-1
  94 0034 00       		.byte	0
  95 0035 000000   		.space	3
  96 0038 04000000 		.word	4
  97 003c 00000000 		.word	0
  98 0040 00000000 		.word	0
  99 0044 FFFFFFFF 		.word	-1
 100              		.type	EE_oo_counter_object_ROM, %object
 101              		.size	EE_oo_counter_object_ROM, 36
 102              	EE_oo_counter_object_ROM:
 103 0048 00000000 		.word	0
 104 004c 00000000 		.word	0
 105 0050 00       		.byte	0
 106 0051 000000   		.space	3
 107 0054 00000000 		.word	0
 108 0058 01000000 		.word	1
 109 005c 00       		.byte	0
 110 005d 000000   		.space	3
 111 0060 00000000 		.word	0
 112 0064 02000000 		.word	2
 113 0068 00       		.byte	0
 114 0069 000000   		.space	3
ARM GAS  C:\Users\DABBIR~1\AppData\Local\Temp\ccmEKBE9.s 			page 3


 115              		.type	EE_ALARM_ID, %object
 116              		.size	EE_ALARM_ID, 12
 117              	EE_ALARM_ID:
 118 006c 00000000 		.word	0
 119 0070 01000000 		.word	1
 120 0074 02000000 		.word	2
 121              		.type	EE_alarm_ROM, %object
 122              		.size	EE_alarm_ROM, 12
 123              	EE_alarm_ROM:
 124 0078 00000000 		.word	0
 125 007c 01000000 		.word	1
 126 0080 02000000 		.word	2
 127              		.type	EE_counter_ROM, %object
 128              		.size	EE_counter_ROM, 12
 129              	EE_counter_ROM:
 130 0084 10270000 		.word	10000
 131 0088 01000000 		.word	1
 132 008c 00000000 		.word	0
 133              		.type	EE_resource_ceiling, %object
 134              		.size	EE_resource_ceiling, 4
 135              	EE_resource_ceiling:
 136 0090 10000000 		.word	16
 137              		.type	EE_th_is_extended, %object
 138              		.size	EE_th_is_extended, 24
 139              	EE_th_is_extended:
 140 0094 00000000 		.word	0
 141 0098 00000000 		.word	0
 142 009c 00000000 		.word	0
 143 00a0 00000000 		.word	0
 144 00a4 00000000 		.word	0
 145 00a8 01000000 		.word	1
 146              		.type	EE_th_rnact_max, %object
 147              		.size	EE_th_rnact_max, 24
 148              	EE_th_rnact_max:
 149 00ac 01000000 		.word	1
 150 00b0 01000000 		.word	1
 151 00b4 01000000 		.word	1
 152 00b8 01000000 		.word	1
 153 00bc 01000000 		.word	1
 154 00c0 01000000 		.word	1
 155              		.type	EE_th_dispatch_prio, %object
 156              		.size	EE_th_dispatch_prio, 24
 157              	EE_th_dispatch_prio:
 158 00c4 80000000 		.word	128
 159 00c8 01000000 		.word	1
 160 00cc 08000000 		.word	8
 161 00d0 02000000 		.word	2
 162 00d4 10000000 		.word	16
 163 00d8 80000000 		.word	128
 164              		.type	EE_EVENT_ID, %object
 165              		.size	EE_EVENT_ID, 4
 166              	EE_EVENT_ID:
 167 00dc 01000000 		.word	1
 168              		.type	EE_RESOURCE_ID, %object
 169              		.size	EE_RESOURCE_ID, 4
 170              	EE_RESOURCE_ID:
 171 00e0 00000000 		.space	4
ARM GAS  C:\Users\DABBIR~1\AppData\Local\Temp\ccmEKBE9.s 			page 4


 172              		.type	EE_th_ready_prio, %object
 173              		.size	EE_th_ready_prio, 24
 174              	EE_th_ready_prio:
 175 00e4 01000000 		.word	1
 176 00e8 01000000 		.word	1
 177 00ec 08000000 		.word	8
 178 00f0 02000000 		.word	2
 179 00f4 10000000 		.word	16
 180 00f8 80000000 		.word	128
 181              		.type	EE_terminate_real_th_body, %object
 182              		.size	EE_terminate_real_th_body, 24
 183              	EE_terminate_real_th_body:
 184 00fc 00000000 		.word	Functsk_init
 185 0100 00000000 		.word	Functsk_background
 186 0104 00000000 		.word	Functsk_cyclic
 187 0108 00000000 		.word	FuncTzCtrl
 188 010c 00000000 		.word	Functsk_cyclic2
 189 0110 00000000 		.word	Functsk_json
 190              		.type	EE_hal_thread_body, %object
 191              		.size	EE_hal_thread_body, 24
 192              	EE_hal_thread_body:
 193 0114 00000000 		.word	EE_oo_thread_stub
 194 0118 00000000 		.word	EE_oo_thread_stub
 195 011c 00000000 		.word	EE_oo_thread_stub
 196 0120 00000000 		.word	EE_oo_thread_stub
 197 0124 00000000 		.word	EE_oo_thread_stub
 198 0128 00000000 		.word	EE_oo_thread_stub
 199              		.type	EE_std_thread_tos, %object
 200              		.size	EE_std_thread_tos, 28
 201              	EE_std_thread_tos:
 202 012c 00000000 		.word	0
 203 0130 00000000 		.word	0
 204 0134 00000000 		.word	0
 205 0138 00000000 		.word	0
 206 013c 00000000 		.word	0
 207 0140 00000000 		.word	0
 208 0144 01000000 		.word	1
 209              		.data
 210              		.align	2
 211              		.type	EE_ALARM_NAME, %object
 212              		.size	EE_ALARM_NAME, 12
 213              	EE_ALARM_NAME:
 214 0000 00000000 		.word	.LC0
 215 0004 0C000000 		.word	.LC1
 216 0008 20000000 		.word	.LC2
 217              		.type	EE_counter_RAM, %object
 218              		.size	EE_counter_RAM, 8
 219              	EE_counter_RAM:
 220 000c 00000000 		.word	0
 221 0010 FFFFFFFF 		.word	-1
 222              		.type	EE_resource_stack, %object
 223              		.size	EE_resource_stack, 4
 224              	EE_resource_stack:
 225 0014 FFFFFFFF 		.word	-1
 226              		.type	EE_th_resource_last, %object
 227              		.size	EE_th_resource_last, 24
 228              	EE_th_resource_last:
ARM GAS  C:\Users\DABBIR~1\AppData\Local\Temp\ccmEKBE9.s 			page 5


 229 0018 FFFFFFFF 		.word	-1
 230 001c FFFFFFFF 		.word	-1
 231 0020 FFFFFFFF 		.word	-1
 232 0024 FFFFFFFF 		.word	-1
 233 0028 FFFFFFFF 		.word	-1
 234 002c FFFFFFFF 		.word	-1
 235              		.type	EE_th_terminate_nextask, %object
 236              		.size	EE_th_terminate_nextask, 24
 237              	EE_th_terminate_nextask:
 238 0030 FFFFFFFF 		.word	-1
 239 0034 FFFFFFFF 		.word	-1
 240 0038 FFFFFFFF 		.word	-1
 241 003c FFFFFFFF 		.word	-1
 242 0040 FFFFFFFF 		.word	-1
 243 0044 FFFFFFFF 		.word	-1
 244              		.type	EE_rq_pairs_next, %object
 245              		.size	EE_rq_pairs_next, 24
 246              	EE_rq_pairs_next:
 247 0048 01000000 		.word	1
 248 004c 02000000 		.word	2
 249 0050 03000000 		.word	3
 250 0054 04000000 		.word	4
 251 0058 05000000 		.word	5
 252 005c FFFFFFFF 		.word	-1
 253              		.type	EE_rq_link, %object
 254              		.size	EE_rq_link, 24
 255              	EE_rq_link:
 256 0060 00000000 		.word	0
 257 0064 00000000 		.word	0
 258 0068 03000000 		.word	3
 259 006c 01000000 		.word	1
 260 0070 04000000 		.word	4
 261 0074 07000000 		.word	7
 262              		.type	EE_th_rnact, %object
 263              		.size	EE_th_rnact, 24
 264              	EE_th_rnact:
 265 0078 01000000 		.word	1
 266 007c 01000000 		.word	1
 267 0080 01000000 		.word	1
 268 0084 01000000 		.word	1
 269 0088 01000000 		.word	1
 270 008c 01000000 		.word	1
 271              		.type	EE_rq_queues_tail, %object
 272              		.size	EE_rq_queues_tail, 64
 273              	EE_rq_queues_tail:
 274 0090 FFFFFFFF 		.word	-1
 275 0094 FFFFFFFF 		.word	-1
 276 0098 FFFFFFFF 		.word	-1
 277 009c FFFFFFFF 		.word	-1
 278 00a0 FFFFFFFF 		.word	-1
 279 00a4 FFFFFFFF 		.word	-1
 280 00a8 FFFFFFFF 		.word	-1
 281 00ac FFFFFFFF 		.word	-1
 282 00b0 FFFFFFFF 		.word	-1
 283 00b4 FFFFFFFF 		.word	-1
 284 00b8 FFFFFFFF 		.word	-1
 285 00bc FFFFFFFF 		.word	-1
ARM GAS  C:\Users\DABBIR~1\AppData\Local\Temp\ccmEKBE9.s 			page 6


 286 00c0 FFFFFFFF 		.word	-1
 287 00c4 FFFFFFFF 		.word	-1
 288 00c8 FFFFFFFF 		.word	-1
 289 00cc FFFFFFFF 		.word	-1
 290              		.type	EE_rq_queues_head, %object
 291              		.size	EE_rq_queues_head, 64
 292              	EE_rq_queues_head:
 293 00d0 FFFFFFFF 		.word	-1
 294 00d4 FFFFFFFF 		.word	-1
 295 00d8 FFFFFFFF 		.word	-1
 296 00dc FFFFFFFF 		.word	-1
 297 00e0 FFFFFFFF 		.word	-1
 298 00e4 FFFFFFFF 		.word	-1
 299 00e8 FFFFFFFF 		.word	-1
 300 00ec FFFFFFFF 		.word	-1
 301 00f0 FFFFFFFF 		.word	-1
 302 00f4 FFFFFFFF 		.word	-1
 303 00f8 FFFFFFFF 		.word	-1
 304 00fc FFFFFFFF 		.word	-1
 305 0100 FFFFFFFF 		.word	-1
 306 0104 FFFFFFFF 		.word	-1
 307 0108 FFFFFFFF 		.word	-1
 308 010c FFFFFFFF 		.word	-1
 309              		.type	EE_stkfirst, %object
 310              		.size	EE_stkfirst, 4
 311              	EE_stkfirst:
 312 0110 FFFFFFFF 		.word	-1
 313              		.type	EE_th_next, %object
 314              		.size	EE_th_next, 24
 315              	EE_th_next:
 316 0114 FFFFFFFF 		.word	-1
 317 0118 FFFFFFFF 		.word	-1
 318 011c FFFFFFFF 		.word	-1
 319 0120 FFFFFFFF 		.word	-1
 320 0124 FFFFFFFF 		.word	-1
 321 0128 FFFFFFFF 		.word	-1
 322              		.type	EE_th_status, %object
 323              		.size	EE_th_status, 24
 324              	EE_th_status:
 325 012c 03000000 		.word	3
 326 0130 03000000 		.word	3
 327 0134 03000000 		.word	3
 328 0138 03000000 		.word	3
 329 013c 03000000 		.word	3
 330 0140 03000000 		.word	3
 331              		.type	EE_EVENT_NAME, %object
 332              		.size	EE_EVENT_NAME, 4
 333              	EE_EVENT_NAME:
 334 0144 30000000 		.word	.LC3
 335              		.type	EE_RESOURCE_NAME, %object
 336              		.size	EE_RESOURCE_NAME, 4
 337              	EE_RESOURCE_NAME:
 338 0148 3C000000 		.word	.LC4
 339              		.type	EE_TASK_NAME, %object
 340              		.size	EE_TASK_NAME, 24
 341              	EE_TASK_NAME:
 342 014c 48000000 		.word	.LC5
ARM GAS  C:\Users\DABBIR~1\AppData\Local\Temp\ccmEKBE9.s 			page 7


 343 0150 54000000 		.word	.LC6
 344 0154 64000000 		.word	.LC7
 345 0158 70000000 		.word	.LC8
 346 015c 78000000 		.word	.LC9
 347 0160 84000000 		.word	.LC10
 348              		.type	EE_cortex_mx_IRQ_tos, %object
 349              		.size	EE_cortex_mx_IRQ_tos, 4
 350              	EE_cortex_mx_IRQ_tos:
 351 0164 00020000 		.word	EE_cortex_mx_stack_9+512
 352              		.type	EE_cortex_mx_system_tos, %object
 353              		.size	EE_cortex_mx_system_tos, 8
 354              	EE_cortex_mx_system_tos:
 355 0168 00000000 		.word	0
 356 016c 780F0000 		.word	EE_cortex_mx_stack_6+3960
 357              		.section	.rodata.str1.4,"aMS",%progbits,1
 358              		.align	2
 359              	.LC0:
 360 0000 616C726D 		.ascii	"alrm_cyclic\000"
 360      5F637963 
 360      6C696300 
 361              	.LC1:
 362 000c 616C726D 		.ascii	"alrm_TaskTrzCtrl\000"
 362      5F546173 
 362      6B54727A 
 362      4374726C 
 362      00
 363 001d 000000   		.space	3
 364              	.LC2:
 365 0020 616C726D 		.ascii	"alrm_cyclic2\000"
 365      5F637963 
 365      6C696332 
 365      00
 366 002d 000000   		.space	3
 367              	.LC3:
 368 0030 656E644F 		.ascii	"endOfLine\000"
 368      664C696E 
 368      6500
 369 003a 0000     		.space	2
 370              	.LC4:
 371 003c 7265735F 		.ascii	"res_uart\000"
 371      75617274 
 371      00
 372 0045 000000   		.space	3
 373              	.LC5:
 374 0048 74736B5F 		.ascii	"tsk_init\000"
 374      696E6974 
 374      00
 375 0051 000000   		.space	3
 376              	.LC6:
 377 0054 74736B5F 		.ascii	"tsk_background\000"
 377      6261636B 
 377      67726F75 
 377      6E6400
 378 0063 00       		.space	1
 379              	.LC7:
 380 0064 74736B5F 		.ascii	"tsk_cyclic\000"
 380      6379636C 
ARM GAS  C:\Users\DABBIR~1\AppData\Local\Temp\ccmEKBE9.s 			page 8


 380      696300
 381 006f 00       		.space	1
 382              	.LC8:
 383 0070 547A4374 		.ascii	"TzCtrl\000"
 383      726C00
 384 0077 00       		.space	1
 385              	.LC9:
 386 0078 74736B5F 		.ascii	"tsk_cyclic2\000"
 386      6379636C 
 386      69633200 
 387              	.LC10:
 388 0084 74736B5F 		.ascii	"tsk_json\000"
 388      6A736F6E 
 388      00
 389              		.bss
 390              		.align	2
 391              		.type	EE_resource_locked, %object
 392              		.size	EE_resource_locked, 4
 393              	EE_resource_locked:
 394 0000 00000000 		.space	4
 395              		.type	EE_th_waswaiting, %object
 396              		.size	EE_th_waswaiting, 24
 397              	EE_th_waswaiting:
 398 0004 00000000 		.space	24
 398      00000000 
 398      00000000 
 398      00000000 
 398      00000000 
 399              		.type	EE_th_event_waitmask, %object
 400              		.size	EE_th_event_waitmask, 24
 401              	EE_th_event_waitmask:
 402 001c 00000000 		.space	24
 402      00000000 
 402      00000000 
 402      00000000 
 402      00000000 
 403              		.type	EE_th_event_active, %object
 404              		.size	EE_th_event_active, 24
 405              	EE_th_event_active:
 406 0034 00000000 		.space	24
 406      00000000 
 406      00000000 
 406      00000000 
 406      00000000 
 407              		.type	EE_rq_free, %object
 408              		.size	EE_rq_free, 4
 409              	EE_rq_free:
 410 004c 00000000 		.space	4
 411              		.type	EE_rq_bitmask, %object
 412              		.size	EE_rq_bitmask, 2
 413              	EE_rq_bitmask:
 414 0050 0000     		.space	2
 415 0052 0000     		.space	2
 416              		.type	EE_sys_ceiling, %object
 417              		.size	EE_sys_ceiling, 4
 418              	EE_sys_ceiling:
 419 0054 00000000 		.space	4
ARM GAS  C:\Users\DABBIR~1\AppData\Local\Temp\ccmEKBE9.s 			page 9


 420              		.type	EE_cortex_mx_active_tos, %object
 421              		.size	EE_cortex_mx_active_tos, 4
 422              	EE_cortex_mx_active_tos:
 423 0058 00000000 		.space	4
 424              		.text
 425              	.Letext0:
 426              		.file 1 "Generated_Source\\PSoC5\\ErikaOS_1_common_ee_types.inc"
 427              		.file 2 "Generated_Source\\PSoC5\\ErikaOS_1_cortex_mx_ee_cpu.inc"
 428              		.file 3 "Generated_Source\\PSoC5\\ErikaOS_1_ee_oo_common.inc"
 429              		.file 4 "Generated_Source\\PSoC5\\ErikaOS_1_common_ee_hal_structs.inc"
 430              		.file 5 "Generated_Source\\PSoC5\\ErikaOS_1_eecfg.c"
 431              		.file 6 "Generated_Source\\PSoC5\\ErikaOS_1_ee_oo_intfunc.inc"
 432              		.file 7 "Generated_Source\\PSoC5\\ErikaOS_1_cortex_mx_ee_context.inc"
 433              		.file 8 "Generated_Source\\PSoC5\\ErikaOS_1_common_ee_primitives.inc"
 434              		.section	.debug_info,"",%progbits
 435              	.Ldebug_info0:
 436 0000 6B090000 		.4byte	0x96b
 437 0004 0400     		.2byte	0x4
 438 0006 00000000 		.4byte	.Ldebug_abbrev0
 439 000a 04       		.byte	0x4
 440 000b 01       		.uleb128 0x1
 441 000c A3050000 		.4byte	.LASF119
 442 0010 0C       		.byte	0xc
 443 0011 D9070000 		.4byte	.LASF120
 444 0015 9F020000 		.4byte	.LASF121
 445 0019 00000000 		.4byte	.Ldebug_line0
 446 001d 02       		.uleb128 0x2
 447 001e 01       		.byte	0x1
 448 001f 06       		.byte	0x6
 449 0020 43010000 		.4byte	.LASF0
 450 0024 02       		.uleb128 0x2
 451 0025 01       		.byte	0x1
 452 0026 08       		.byte	0x8
 453 0027 01050000 		.4byte	.LASF1
 454 002b 02       		.uleb128 0x2
 455 002c 02       		.byte	0x2
 456 002d 05       		.byte	0x5
 457 002e 46050000 		.4byte	.LASF2
 458 0032 02       		.uleb128 0x2
 459 0033 02       		.byte	0x2
 460 0034 07       		.byte	0x7
 461 0035 27030000 		.4byte	.LASF3
 462 0039 02       		.uleb128 0x2
 463 003a 04       		.byte	0x4
 464 003b 05       		.byte	0x5
 465 003c E1010000 		.4byte	.LASF4
 466 0040 02       		.uleb128 0x2
 467 0041 04       		.byte	0x4
 468 0042 07       		.byte	0x7
 469 0043 7C020000 		.4byte	.LASF5
 470 0047 02       		.uleb128 0x2
 471 0048 08       		.byte	0x8
 472 0049 05       		.byte	0x5
 473 004a 35010000 		.4byte	.LASF6
 474 004e 02       		.uleb128 0x2
 475 004f 08       		.byte	0x8
 476 0050 07       		.byte	0x7
ARM GAS  C:\Users\DABBIR~1\AppData\Local\Temp\ccmEKBE9.s 			page 10


 477 0051 92000000 		.4byte	.LASF7
 478 0055 03       		.uleb128 0x3
 479 0056 04       		.byte	0x4
 480 0057 05       		.byte	0x5
 481 0058 696E7400 		.ascii	"int\000"
 482 005c 02       		.uleb128 0x2
 483 005d 04       		.byte	0x4
 484 005e 07       		.byte	0x7
 485 005f 44020000 		.4byte	.LASF8
 486 0063 02       		.uleb128 0x2
 487 0064 08       		.byte	0x8
 488 0065 04       		.byte	0x4
 489 0066 4F040000 		.4byte	.LASF9
 490 006a 04       		.uleb128 0x4
 491 006b CE040000 		.4byte	.LASF10
 492 006f 01       		.byte	0x1
 493 0070 52       		.byte	0x52
 494 0071 32000000 		.4byte	0x32
 495 0075 04       		.uleb128 0x4
 496 0076 BE070000 		.4byte	.LASF11
 497 007a 01       		.byte	0x1
 498 007b 53       		.byte	0x53
 499 007c 55000000 		.4byte	0x55
 500 0080 04       		.uleb128 0x4
 501 0081 B4070000 		.4byte	.LASF12
 502 0085 01       		.byte	0x1
 503 0086 54       		.byte	0x54
 504 0087 5C000000 		.4byte	0x5c
 505 008b 04       		.uleb128 0x4
 506 008c 45080000 		.4byte	.LASF13
 507 0090 01       		.byte	0x1
 508 0091 64       		.byte	0x64
 509 0092 96000000 		.4byte	0x96
 510 0096 05       		.uleb128 0x5
 511 0097 04       		.byte	0x4
 512 0098 06       		.uleb128 0x6
 513 0099 04       		.byte	0x4
 514 009a 9E000000 		.4byte	0x9e
 515 009e 07       		.uleb128 0x7
 516 009f 04       		.uleb128 0x4
 517 00a0 D2030000 		.4byte	.LASF14
 518 00a4 01       		.byte	0x1
 519 00a5 70       		.byte	0x70
 520 00a6 98000000 		.4byte	0x98
 521 00aa 04       		.uleb128 0x4
 522 00ab 3D060000 		.4byte	.LASF15
 523 00af 01       		.byte	0x1
 524 00b0 73       		.byte	0x73
 525 00b1 98000000 		.4byte	0x98
 526 00b5 04       		.uleb128 0x4
 527 00b6 51020000 		.4byte	.LASF16
 528 00ba 02       		.byte	0x2
 529 00bb 4D       		.byte	0x4d
 530 00bc 80000000 		.4byte	0x80
 531 00c0 04       		.uleb128 0x4
 532 00c1 71040000 		.4byte	.LASF17
 533 00c5 02       		.byte	0x2
ARM GAS  C:\Users\DABBIR~1\AppData\Local\Temp\ccmEKBE9.s 			page 11


 534 00c6 4E       		.byte	0x4e
 535 00c7 75000000 		.4byte	0x75
 536 00cb 04       		.uleb128 0x4
 537 00cc 5F080000 		.4byte	.LASF18
 538 00d0 02       		.byte	0x2
 539 00d1 4F       		.byte	0x4f
 540 00d2 80000000 		.4byte	0x80
 541 00d6 04       		.uleb128 0x4
 542 00d7 71000000 		.4byte	.LASF19
 543 00db 02       		.byte	0x2
 544 00dc 54       		.byte	0x54
 545 00dd B5000000 		.4byte	0xb5
 546 00e1 04       		.uleb128 0x4
 547 00e2 37020000 		.4byte	.LASF20
 548 00e6 02       		.byte	0x2
 549 00e7 78       		.byte	0x78
 550 00e8 75000000 		.4byte	0x75
 551 00ec 08       		.uleb128 0x8
 552 00ed E7000000 		.4byte	.LASF61
 553 00f1 04       		.byte	0x4
 554 00f2 04       		.byte	0x4
 555 00f3 4D       		.byte	0x4d
 556 00f4 05010000 		.4byte	0x105
 557 00f8 09       		.uleb128 0x9
 558 00f9 1E080000 		.4byte	.LASF28
 559 00fd 04       		.byte	0x4
 560 00fe 4E       		.byte	0x4e
 561 00ff 8B000000 		.4byte	0x8b
 562 0103 00       		.byte	0
 563 0104 00       		.byte	0
 564 0105 0A       		.uleb128 0xa
 565 0106 36040000 		.4byte	.LASF21
 566 010a 03       		.byte	0x3
 567 010b 1101     		.2byte	0x111
 568 010d 6A000000 		.4byte	0x6a
 569 0111 0A       		.uleb128 0xa
 570 0112 DE000000 		.4byte	.LASF22
 571 0116 03       		.byte	0x3
 572 0117 F701     		.2byte	0x1f7
 573 0119 E1000000 		.4byte	0xe1
 574 011d 0A       		.uleb128 0xa
 575 011e 66010000 		.4byte	.LASF23
 576 0122 03       		.byte	0x3
 577 0123 2C02     		.2byte	0x22c
 578 0125 B5000000 		.4byte	0xb5
 579 0129 0A       		.uleb128 0xa
 580 012a 42000000 		.4byte	.LASF24
 581 012e 03       		.byte	0x3
 582 012f 3502     		.2byte	0x235
 583 0131 B5000000 		.4byte	0xb5
 584 0135 0A       		.uleb128 0xa
 585 0136 A8060000 		.4byte	.LASF25
 586 013a 03       		.byte	0x3
 587 013b 5D02     		.2byte	0x25d
 588 013d B5000000 		.4byte	0xb5
 589 0141 0A       		.uleb128 0xa
 590 0142 66000000 		.4byte	.LASF26
ARM GAS  C:\Users\DABBIR~1\AppData\Local\Temp\ccmEKBE9.s 			page 12


 591 0146 03       		.byte	0x3
 592 0147 6302     		.2byte	0x263
 593 0149 B5000000 		.4byte	0xb5
 594 014d 0A       		.uleb128 0xa
 595 014e E3030000 		.4byte	.LASF27
 596 0152 03       		.byte	0x3
 597 0153 6C02     		.2byte	0x26c
 598 0155 B5000000 		.4byte	0xb5
 599 0159 0B       		.uleb128 0xb
 600 015a 0C       		.byte	0xc
 601 015b 03       		.byte	0x3
 602 015c 7202     		.2byte	0x272
 603 015e 8A010000 		.4byte	0x18a
 604 0162 0C       		.uleb128 0xc
 605 0163 EE000000 		.4byte	.LASF29
 606 0167 03       		.byte	0x3
 607 0168 7302     		.2byte	0x273
 608 016a 29010000 		.4byte	0x129
 609 016e 00       		.byte	0
 610 016f 0C       		.uleb128 0xc
 611 0170 79040000 		.4byte	.LASF30
 612 0174 03       		.byte	0x3
 613 0175 7402     		.2byte	0x274
 614 0177 29010000 		.4byte	0x129
 615 017b 04       		.byte	0x4
 616 017c 0C       		.uleb128 0xc
 617 017d 2E020000 		.4byte	.LASF31
 618 0181 03       		.byte	0x3
 619 0182 7502     		.2byte	0x275
 620 0184 29010000 		.4byte	0x129
 621 0188 08       		.byte	0x8
 622 0189 00       		.byte	0
 623 018a 0A       		.uleb128 0xa
 624 018b 8C050000 		.4byte	.LASF32
 625 018f 03       		.byte	0x3
 626 0190 7A02     		.2byte	0x27a
 627 0192 59010000 		.4byte	0x159
 628 0196 0B       		.uleb128 0xb
 629 0197 08       		.byte	0x8
 630 0198 03       		.byte	0x3
 631 0199 7D02     		.2byte	0x27d
 632 019b BA010000 		.4byte	0x1ba
 633 019f 0C       		.uleb128 0xc
 634 01a0 3E020000 		.4byte	.LASF33
 635 01a4 03       		.byte	0x3
 636 01a5 7E02     		.2byte	0x27e
 637 01a7 29010000 		.4byte	0x129
 638 01ab 00       		.byte	0
 639 01ac 0C       		.uleb128 0xc
 640 01ad A2060000 		.4byte	.LASF34
 641 01b1 03       		.byte	0x3
 642 01b2 7F02     		.2byte	0x27f
 643 01b4 35010000 		.4byte	0x135
 644 01b8 04       		.byte	0x4
 645 01b9 00       		.byte	0
 646 01ba 0A       		.uleb128 0xa
 647 01bb A7010000 		.4byte	.LASF35
ARM GAS  C:\Users\DABBIR~1\AppData\Local\Temp\ccmEKBE9.s 			page 13


 648 01bf 03       		.byte	0x3
 649 01c0 8002     		.2byte	0x280
 650 01c2 96010000 		.4byte	0x196
 651 01c6 0D       		.uleb128 0xd
 652 01c7 01       		.byte	0x1
 653 01c8 24000000 		.4byte	0x24
 654 01cc 03       		.byte	0x3
 655 01cd 8A02     		.2byte	0x28a
 656 01cf E0010000 		.4byte	0x1e0
 657 01d3 0E       		.uleb128 0xe
 658 01d4 0F050000 		.4byte	.LASF36
 659 01d8 00       		.byte	0
 660 01d9 0E       		.uleb128 0xe
 661 01da D8040000 		.4byte	.LASF37
 662 01de 01       		.byte	0x1
 663 01df 00       		.byte	0
 664 01e0 0A       		.uleb128 0xa
 665 01e1 52030000 		.4byte	.LASF38
 666 01e5 03       		.byte	0x3
 667 01e6 8D02     		.2byte	0x28d
 668 01e8 C6010000 		.4byte	0x1c6
 669 01ec 0A       		.uleb128 0xa
 670 01ed 7E030000 		.4byte	.LASF39
 671 01f1 03       		.byte	0x3
 672 01f2 9002     		.2byte	0x290
 673 01f4 E0010000 		.4byte	0x1e0
 674 01f8 0B       		.uleb128 0xb
 675 01f9 0C       		.byte	0xc
 676 01fa 03       		.byte	0x3
 677 01fb 9402     		.2byte	0x294
 678 01fd 27020000 		.4byte	0x227
 679 0201 0F       		.uleb128 0xf
 680 0202 6300     		.ascii	"c\000"
 681 0204 03       		.byte	0x3
 682 0205 9602     		.2byte	0x296
 683 0207 4D010000 		.4byte	0x14d
 684 020b 00       		.byte	0
 685 020c 0C       		.uleb128 0xc
 686 020d FF060000 		.4byte	.LASF40
 687 0211 03       		.byte	0x3
 688 0212 9802     		.2byte	0x298
 689 0214 35010000 		.4byte	0x135
 690 0218 04       		.byte	0x4
 691 0219 0C       		.uleb128 0xc
 692 021a 22030000 		.4byte	.LASF41
 693 021e 03       		.byte	0x3
 694 021f 9A02     		.2byte	0x29a
 695 0221 EC010000 		.4byte	0x1ec
 696 0225 08       		.byte	0x8
 697 0226 00       		.byte	0
 698 0227 0A       		.uleb128 0xa
 699 0228 AF000000 		.4byte	.LASF42
 700 022c 03       		.byte	0x3
 701 022d 9B02     		.2byte	0x29b
 702 022f F8010000 		.4byte	0x1f8
 703 0233 0B       		.uleb128 0xb
 704 0234 10       		.byte	0x10
ARM GAS  C:\Users\DABBIR~1\AppData\Local\Temp\ccmEKBE9.s 			page 14


 705 0235 03       		.byte	0x3
 706 0236 9F02     		.2byte	0x29f
 707 0238 71020000 		.4byte	0x271
 708 023c 0C       		.uleb128 0xc
 709 023d 86040000 		.4byte	.LASF43
 710 0241 03       		.byte	0x3
 711 0242 A002     		.2byte	0x2a0
 712 0244 D6000000 		.4byte	0xd6
 713 0248 00       		.byte	0
 714 0249 0C       		.uleb128 0xc
 715 024a 15080000 		.4byte	.LASF44
 716 024e 03       		.byte	0x3
 717 024f A102     		.2byte	0x2a1
 718 0251 29010000 		.4byte	0x129
 719 0255 04       		.byte	0x4
 720 0256 0C       		.uleb128 0xc
 721 0257 A9000000 		.4byte	.LASF45
 722 025b 03       		.byte	0x3
 723 025c A202     		.2byte	0x2a2
 724 025e 29010000 		.4byte	0x129
 725 0262 08       		.byte	0x8
 726 0263 0C       		.uleb128 0xc
 727 0264 25000000 		.4byte	.LASF46
 728 0268 03       		.byte	0x3
 729 0269 A302     		.2byte	0x2a3
 730 026b 35010000 		.4byte	0x135
 731 026f 0C       		.byte	0xc
 732 0270 00       		.byte	0
 733 0271 0A       		.uleb128 0xa
 734 0272 8B040000 		.4byte	.LASF47
 735 0276 03       		.byte	0x3
 736 0277 A402     		.2byte	0x2a4
 737 0279 33020000 		.4byte	0x233
 738 027d 0D       		.uleb128 0xd
 739 027e 01       		.byte	0x1
 740 027f 24000000 		.4byte	0x24
 741 0283 03       		.byte	0x3
 742 0284 A702     		.2byte	0x2a7
 743 0286 A3020000 		.4byte	0x2a3
 744 028a 0E       		.uleb128 0xe
 745 028b BF060000 		.4byte	.LASF48
 746 028f 00       		.byte	0
 747 0290 0E       		.uleb128 0xe
 748 0291 07070000 		.4byte	.LASF49
 749 0295 01       		.byte	0x1
 750 0296 0E       		.uleb128 0xe
 751 0297 DE060000 		.4byte	.LASF50
 752 029b 02       		.byte	0x2
 753 029c 0E       		.uleb128 0xe
 754 029d 6F060000 		.4byte	.LASF51
 755 02a1 03       		.byte	0x3
 756 02a2 00       		.byte	0
 757 02a3 0A       		.uleb128 0xa
 758 02a4 4F010000 		.4byte	.LASF52
 759 02a8 03       		.byte	0x3
 760 02a9 AC02     		.2byte	0x2ac
 761 02ab 7D020000 		.4byte	0x27d
ARM GAS  C:\Users\DABBIR~1\AppData\Local\Temp\ccmEKBE9.s 			page 15


 762 02af 0A       		.uleb128 0xa
 763 02b0 63070000 		.4byte	.LASF53
 764 02b4 03       		.byte	0x3
 765 02b5 AF02     		.2byte	0x2af
 766 02b7 A3020000 		.4byte	0x2a3
 767 02bb 0B       		.uleb128 0xb
 768 02bc 14       		.byte	0x14
 769 02bd 03       		.byte	0x3
 770 02be B202     		.2byte	0x2b2
 771 02c0 04030000 		.4byte	0x304
 772 02c4 0C       		.uleb128 0xc
 773 02c5 39070000 		.4byte	.LASF54
 774 02c9 03       		.byte	0x3
 775 02ca B302     		.2byte	0x2b3
 776 02cc AF020000 		.4byte	0x2af
 777 02d0 00       		.byte	0
 778 02d1 0C       		.uleb128 0xc
 779 02d2 26080000 		.4byte	.LASF55
 780 02d6 03       		.byte	0x3
 781 02d7 B402     		.2byte	0x2b4
 782 02d9 11010000 		.4byte	0x111
 783 02dd 04       		.byte	0x4
 784 02de 0C       		.uleb128 0xc
 785 02df 31060000 		.4byte	.LASF56
 786 02e3 03       		.byte	0x3
 787 02e4 B602     		.2byte	0x2b6
 788 02e6 1D010000 		.4byte	0x11d
 789 02ea 08       		.byte	0x8
 790 02eb 0F       		.uleb128 0xf
 791 02ec 6600     		.ascii	"f\000"
 792 02ee 03       		.byte	0x3
 793 02ef B802     		.2byte	0x2b8
 794 02f1 9F000000 		.4byte	0x9f
 795 02f5 0C       		.byte	0xc
 796 02f6 0C       		.uleb128 0xc
 797 02f7 3D050000 		.4byte	.LASF57
 798 02fb 03       		.byte	0x3
 799 02fc BA02     		.2byte	0x2ba
 800 02fe 4D010000 		.4byte	0x14d
 801 0302 10       		.byte	0x10
 802 0303 00       		.byte	0
 803 0304 0A       		.uleb128 0xa
 804 0305 B8040000 		.4byte	.LASF58
 805 0309 03       		.byte	0x3
 806 030a BB02     		.2byte	0x2bb
 807 030c BB020000 		.4byte	0x2bb
 808 0310 0B       		.uleb128 0xb
 809 0311 04       		.byte	0x4
 810 0312 03       		.byte	0x3
 811 0313 BD02     		.2byte	0x2bd
 812 0315 27030000 		.4byte	0x327
 813 0319 0C       		.uleb128 0xc
 814 031a 08040000 		.4byte	.LASF59
 815 031e 03       		.byte	0x3
 816 031f BF02     		.2byte	0x2bf
 817 0321 41010000 		.4byte	0x141
 818 0325 00       		.byte	0
ARM GAS  C:\Users\DABBIR~1\AppData\Local\Temp\ccmEKBE9.s 			page 16


 819 0326 00       		.byte	0
 820 0327 0A       		.uleb128 0xa
 821 0328 59020000 		.4byte	.LASF60
 822 032c 03       		.byte	0x3
 823 032d C402     		.2byte	0x2c4
 824 032f 10030000 		.4byte	0x310
 825 0333 10       		.uleb128 0x10
 826 0334 08030000 		.4byte	.LASF62
 827 0338 08       		.byte	0x8
 828 0339 03       		.byte	0x3
 829 033a 0E04     		.2byte	0x40e
 830 033c 5A030000 		.4byte	0x35a
 831 0340 0F       		.uleb128 0xf
 832 0341 6E7400   		.ascii	"nt\000"
 833 0344 03       		.byte	0x3
 834 0345 0F04     		.2byte	0x40f
 835 0347 B5000000 		.4byte	0xb5
 836 034b 00       		.byte	0
 837 034c 0C       		.uleb128 0xc
 838 034d 45070000 		.4byte	.LASF63
 839 0351 03       		.byte	0x3
 840 0352 1004     		.2byte	0x410
 841 0354 6A030000 		.4byte	0x36a
 842 0358 04       		.byte	0x4
 843 0359 00       		.byte	0
 844 035a 11       		.uleb128 0x11
 845 035b 65030000 		.4byte	0x365
 846 035f 65030000 		.4byte	0x365
 847 0363 12       		.uleb128 0x12
 848 0364 00       		.byte	0
 849 0365 13       		.uleb128 0x13
 850 0366 E1000000 		.4byte	0xe1
 851 036a 06       		.uleb128 0x6
 852 036b 04       		.byte	0x4
 853 036c 5A030000 		.4byte	0x35a
 854 0370 11       		.uleb128 0x11
 855 0371 65030000 		.4byte	0x365
 856 0375 80030000 		.4byte	0x380
 857 0379 14       		.uleb128 0x14
 858 037a 80030000 		.4byte	0x380
 859 037e 00       		.byte	0
 860 037f 00       		.byte	0
 861 0380 02       		.uleb128 0x2
 862 0381 04       		.byte	0x4
 863 0382 07       		.byte	0x7
 864 0383 46040000 		.4byte	.LASF64
 865 0387 15       		.uleb128 0x15
 866 0388 FE000000 		.4byte	.LASF122
 867 038c 05       		.byte	0x5
 868 038d 6507     		.2byte	0x765
 869 038f 99030000 		.4byte	0x399
 870 0393 05       		.uleb128 0x5
 871 0394 03       		.byte	0x3
 872 0395 08000000 		.4byte	EE_oo_autostart_task_mode_OSDEFAULTAPPMODE
 873 0399 13       		.uleb128 0x13
 874 039a 70030000 		.4byte	0x370
 875 039e 11       		.uleb128 0x11
ARM GAS  C:\Users\DABBIR~1\AppData\Local\Temp\ccmEKBE9.s 			page 17


 876 039f AE030000 		.4byte	0x3ae
 877 03a3 AE030000 		.4byte	0x3ae
 878 03a7 14       		.uleb128 0x14
 879 03a8 80030000 		.4byte	0x380
 880 03ac 05       		.byte	0x5
 881 03ad 00       		.byte	0
 882 03ae 13       		.uleb128 0x13
 883 03af AA000000 		.4byte	0xaa
 884 03b3 16       		.uleb128 0x16
 885 03b4 17070000 		.4byte	.LASF65
 886 03b8 05       		.byte	0x5
 887 03b9 D2       		.byte	0xd2
 888 03ba C4030000 		.4byte	0x3c4
 889 03be 05       		.uleb128 0x5
 890 03bf 03       		.byte	0x3
 891 03c0 00000000 		.4byte	EE_hal_thread_body
 892 03c4 13       		.uleb128 0x13
 893 03c5 9E030000 		.4byte	0x39e
 894 03c9 11       		.uleb128 0x11
 895 03ca D9030000 		.4byte	0x3d9
 896 03ce D9030000 		.4byte	0x3d9
 897 03d2 14       		.uleb128 0x14
 898 03d3 80030000 		.4byte	0x380
 899 03d7 06       		.byte	0x6
 900 03d8 00       		.byte	0
 901 03d9 13       		.uleb128 0x13
 902 03da B5000000 		.4byte	0xb5
 903 03de 16       		.uleb128 0x16
 904 03df 5D060000 		.4byte	.LASF66
 905 03e3 05       		.byte	0x5
 906 03e4 71       		.byte	0x71
 907 03e5 EF030000 		.4byte	0x3ef
 908 03e9 05       		.uleb128 0x5
 909 03ea 03       		.byte	0x3
 910 03eb 00000000 		.4byte	EE_std_thread_tos
 911 03ef 13       		.uleb128 0x13
 912 03f0 C9030000 		.4byte	0x3c9
 913 03f4 11       		.uleb128 0x11
 914 03f5 80000000 		.4byte	0x80
 915 03f9 04040000 		.4byte	0x404
 916 03fd 14       		.uleb128 0x14
 917 03fe 80030000 		.4byte	0x380
 918 0402 05       		.byte	0x5
 919 0403 00       		.byte	0
 920 0404 16       		.uleb128 0x16
 921 0405 C7070000 		.4byte	.LASF67
 922 0409 05       		.byte	0x5
 923 040a ED       		.byte	0xed
 924 040b F4030000 		.4byte	0x3f4
 925 040f 05       		.uleb128 0x5
 926 0410 03       		.byte	0x3
 927 0411 00000000 		.4byte	EE_terminate_data
 928 0415 16       		.uleb128 0x16
 929 0416 23050000 		.4byte	.LASF68
 930 041a 05       		.byte	0x5
 931 041b F0       		.byte	0xf0
 932 041c 26040000 		.4byte	0x426
ARM GAS  C:\Users\DABBIR~1\AppData\Local\Temp\ccmEKBE9.s 			page 18


 933 0420 05       		.uleb128 0x5
 934 0421 03       		.byte	0x3
 935 0422 00000000 		.4byte	EE_terminate_real_th_body
 936 0426 13       		.uleb128 0x13
 937 0427 9E030000 		.4byte	0x39e
 938 042b 11       		.uleb128 0x11
 939 042c EC000000 		.4byte	0xec
 940 0430 3B040000 		.4byte	0x43b
 941 0434 14       		.uleb128 0x14
 942 0435 80030000 		.4byte	0x380
 943 0439 01       		.byte	0x1
 944 043a 00       		.byte	0
 945 043b 16       		.uleb128 0x16
 946 043c E9040000 		.4byte	.LASF69
 947 0440 05       		.byte	0x5
 948 0441 8D       		.byte	0x8d
 949 0442 2B040000 		.4byte	0x42b
 950 0446 05       		.uleb128 0x5
 951 0447 03       		.byte	0x3
 952 0448 00000000 		.4byte	EE_cortex_mx_system_tos
 953 044c 16       		.uleb128 0x16
 954 044d 8F010000 		.4byte	.LASF70
 955 0451 05       		.byte	0x5
 956 0452 A9       		.byte	0xa9
 957 0453 B5000000 		.4byte	0xb5
 958 0457 05       		.uleb128 0x5
 959 0458 03       		.byte	0x3
 960 0459 00000000 		.4byte	EE_cortex_mx_active_tos
 961 045d 11       		.uleb128 0x11
 962 045e D9030000 		.4byte	0x3d9
 963 0462 6D040000 		.4byte	0x46d
 964 0466 14       		.uleb128 0x14
 965 0467 80030000 		.4byte	0x380
 966 046b 05       		.byte	0x5
 967 046c 00       		.byte	0
 968 046d 17       		.uleb128 0x17
 969 046e CE060000 		.4byte	.LASF71
 970 0472 05       		.byte	0x5
 971 0473 E202     		.2byte	0x2e2
 972 0475 7F040000 		.4byte	0x47f
 973 0479 05       		.uleb128 0x5
 974 047a 03       		.byte	0x3
 975 047b 00000000 		.4byte	EE_th_rnact_max
 976 047f 13       		.uleb128 0x13
 977 0480 5D040000 		.4byte	0x45d
 978 0484 17       		.uleb128 0x17
 979 0485 72070000 		.4byte	.LASF72
 980 0489 05       		.byte	0x5
 981 048a 0C01     		.2byte	0x10c
 982 048c 96040000 		.4byte	0x496
 983 0490 05       		.uleb128 0x5
 984 0491 03       		.byte	0x3
 985 0492 00000000 		.4byte	EE_th_ready_prio
 986 0496 13       		.uleb128 0x13
 987 0497 5D040000 		.4byte	0x45d
 988 049b 17       		.uleb128 0x17
 989 049c 94030000 		.4byte	.LASF73
ARM GAS  C:\Users\DABBIR~1\AppData\Local\Temp\ccmEKBE9.s 			page 19


 990 04a0 05       		.byte	0x5
 991 04a1 4502     		.2byte	0x245
 992 04a3 AD040000 		.4byte	0x4ad
 993 04a7 05       		.uleb128 0x5
 994 04a8 03       		.byte	0x3
 995 04a9 00000000 		.4byte	EE_th_dispatch_prio
 996 04ad 13       		.uleb128 0x13
 997 04ae 5D040000 		.4byte	0x45d
 998 04b2 11       		.uleb128 0x11
 999 04b3 C2040000 		.4byte	0x4c2
 1000 04b7 C2040000 		.4byte	0x4c2
 1001 04bb 14       		.uleb128 0x14
 1002 04bc 80030000 		.4byte	0x380
 1003 04c0 05       		.byte	0x5
 1004 04c1 00       		.byte	0
 1005 04c2 06       		.uleb128 0x6
 1006 04c3 04       		.byte	0x4
 1007 04c4 CF040000 		.4byte	0x4cf
 1008 04c8 02       		.uleb128 0x2
 1009 04c9 01       		.byte	0x1
 1010 04ca 08       		.byte	0x8
 1011 04cb BA060000 		.4byte	.LASF74
 1012 04cf 13       		.uleb128 0x13
 1013 04d0 C8040000 		.4byte	0x4c8
 1014 04d4 17       		.uleb128 0x17
 1015 04d5 7F050000 		.4byte	.LASF75
 1016 04d9 05       		.byte	0x5
 1017 04da 2801     		.2byte	0x128
 1018 04dc B2040000 		.4byte	0x4b2
 1019 04e0 05       		.uleb128 0x5
 1020 04e1 03       		.byte	0x3
 1021 04e2 00000000 		.4byte	EE_TASK_NAME
 1022 04e6 11       		.uleb128 0x11
 1023 04e7 C2040000 		.4byte	0x4c2
 1024 04eb F6040000 		.4byte	0x4f6
 1025 04ef 14       		.uleb128 0x14
 1026 04f0 80030000 		.4byte	0x380
 1027 04f4 00       		.byte	0
 1028 04f5 00       		.byte	0
 1029 04f6 17       		.uleb128 0x17
 1030 04f7 74010000 		.4byte	.LASF76
 1031 04fb 05       		.byte	0x5
 1032 04fc 8101     		.2byte	0x181
 1033 04fe E6040000 		.4byte	0x4e6
 1034 0502 05       		.uleb128 0x5
 1035 0503 03       		.byte	0x3
 1036 0504 00000000 		.4byte	EE_EVENT_NAME
 1037 0508 11       		.uleb128 0x11
 1038 0509 C2040000 		.4byte	0x4c2
 1039 050d 18050000 		.4byte	0x518
 1040 0511 14       		.uleb128 0x14
 1041 0512 80030000 		.4byte	0x380
 1042 0516 02       		.byte	0x2
 1043 0517 00       		.byte	0
 1044 0518 17       		.uleb128 0x17
 1045 0519 6E020000 		.4byte	.LASF77
 1046 051d 05       		.byte	0x5
ARM GAS  C:\Users\DABBIR~1\AppData\Local\Temp\ccmEKBE9.s 			page 20


 1047 051e 3D06     		.2byte	0x63d
 1048 0520 08050000 		.4byte	0x508
 1049 0524 05       		.uleb128 0x5
 1050 0525 03       		.byte	0x3
 1051 0526 00000000 		.4byte	EE_ALARM_NAME
 1052 052a 17       		.uleb128 0x17
 1053 052b 00000000 		.4byte	.LASF78
 1054 052f 05       		.byte	0x5
 1055 0530 4601     		.2byte	0x146
 1056 0532 E6040000 		.4byte	0x4e6
 1057 0536 05       		.uleb128 0x5
 1058 0537 03       		.byte	0x3
 1059 0538 00000000 		.4byte	EE_RESOURCE_NAME
 1060 053c 11       		.uleb128 0x11
 1061 053d 4C050000 		.4byte	0x54c
 1062 0541 4C050000 		.4byte	0x54c
 1063 0545 14       		.uleb128 0x14
 1064 0546 80030000 		.4byte	0x380
 1065 054a 00       		.byte	0
 1066 054b 00       		.byte	0
 1067 054c 13       		.uleb128 0x13
 1068 054d 40000000 		.4byte	0x40
 1069 0551 17       		.uleb128 0x17
 1070 0552 4B000000 		.4byte	.LASF79
 1071 0556 05       		.byte	0x5
 1072 0557 6201     		.2byte	0x162
 1073 0559 63050000 		.4byte	0x563
 1074 055d 05       		.uleb128 0x5
 1075 055e 03       		.byte	0x3
 1076 055f 00000000 		.4byte	EE_RESOURCE_ID
 1077 0563 13       		.uleb128 0x13
 1078 0564 3C050000 		.4byte	0x53c
 1079 0568 17       		.uleb128 0x17
 1080 0569 D5010000 		.4byte	.LASF80
 1081 056d 05       		.byte	0x5
 1082 056e E201     		.2byte	0x1e2
 1083 0570 7A050000 		.4byte	0x57a
 1084 0574 05       		.uleb128 0x5
 1085 0575 03       		.byte	0x3
 1086 0576 00000000 		.4byte	EE_EVENT_ID
 1087 057a 13       		.uleb128 0x13
 1088 057b 3C050000 		.4byte	0x53c
 1089 057f 11       		.uleb128 0x11
 1090 0580 4C050000 		.4byte	0x54c
 1091 0584 8F050000 		.4byte	0x58f
 1092 0588 14       		.uleb128 0x14
 1093 0589 80030000 		.4byte	0x380
 1094 058d 02       		.byte	0x2
 1095 058e 00       		.byte	0
 1096 058f 17       		.uleb128 0x17
 1097 0590 29010000 		.4byte	.LASF81
 1098 0594 05       		.byte	0x5
 1099 0595 5906     		.2byte	0x659
 1100 0597 A1050000 		.4byte	0x5a1
 1101 059b 05       		.uleb128 0x5
 1102 059c 03       		.byte	0x3
 1103 059d 00000000 		.4byte	EE_ALARM_ID
ARM GAS  C:\Users\DABBIR~1\AppData\Local\Temp\ccmEKBE9.s 			page 21


 1104 05a1 13       		.uleb128 0x13
 1105 05a2 7F050000 		.4byte	0x57f
 1106 05a6 11       		.uleb128 0x11
 1107 05a7 B5000000 		.4byte	0xb5
 1108 05ab B6050000 		.4byte	0x5b6
 1109 05af 14       		.uleb128 0x14
 1110 05b0 80030000 		.4byte	0x380
 1111 05b4 05       		.byte	0x5
 1112 05b5 00       		.byte	0
 1113 05b6 17       		.uleb128 0x17
 1114 05b7 71030000 		.4byte	.LASF82
 1115 05bb 05       		.byte	0x5
 1116 05bc 8102     		.2byte	0x281
 1117 05be A6050000 		.4byte	0x5a6
 1118 05c2 05       		.uleb128 0x5
 1119 05c3 03       		.byte	0x3
 1120 05c4 00000000 		.4byte	EE_th_status
 1121 05c8 11       		.uleb128 0x11
 1122 05c9 E1000000 		.4byte	0xe1
 1123 05cd D8050000 		.4byte	0x5d8
 1124 05d1 14       		.uleb128 0x14
 1125 05d2 80030000 		.4byte	0x380
 1126 05d6 05       		.byte	0x5
 1127 05d7 00       		.byte	0
 1128 05d8 17       		.uleb128 0x17
 1129 05d9 18050000 		.4byte	.LASF83
 1130 05dd 05       		.byte	0x5
 1131 05de 9D02     		.2byte	0x29d
 1132 05e0 C8050000 		.4byte	0x5c8
 1133 05e4 05       		.uleb128 0x5
 1134 05e5 03       		.byte	0x3
 1135 05e6 00000000 		.4byte	EE_th_next
 1136 05ea 17       		.uleb128 0x17
 1137 05eb 83070000 		.4byte	.LASF84
 1138 05ef 05       		.byte	0x5
 1139 05f0 C702     		.2byte	0x2c7
 1140 05f2 A6050000 		.4byte	0x5a6
 1141 05f6 05       		.uleb128 0x5
 1142 05f7 03       		.byte	0x3
 1143 05f8 00000000 		.4byte	EE_th_rnact
 1144 05fc 17       		.uleb128 0x17
 1145 05fd 2A000000 		.4byte	.LASF85
 1146 0601 05       		.byte	0x5
 1147 0602 7703     		.2byte	0x377
 1148 0604 C8050000 		.4byte	0x5c8
 1149 0608 05       		.uleb128 0x5
 1150 0609 03       		.byte	0x3
 1151 060a 00000000 		.4byte	EE_th_terminate_nextask
 1152 060e 17       		.uleb128 0x17
 1153 060f 5A000000 		.4byte	.LASF86
 1154 0613 05       		.byte	0x5
 1155 0614 B902     		.2byte	0x2b9
 1156 0616 E1000000 		.4byte	0xe1
 1157 061a 05       		.uleb128 0x5
 1158 061b 03       		.byte	0x3
 1159 061c 00000000 		.4byte	EE_stkfirst
 1160 0620 17       		.uleb128 0x17
ARM GAS  C:\Users\DABBIR~1\AppData\Local\Temp\ccmEKBE9.s 			page 22


 1161 0621 2A070000 		.4byte	.LASF87
 1162 0625 05       		.byte	0x5
 1163 0626 BC02     		.2byte	0x2bc
 1164 0628 B5000000 		.4byte	0xb5
 1165 062c 05       		.uleb128 0x5
 1166 062d 03       		.byte	0x3
 1167 062e 00000000 		.4byte	EE_sys_ceiling
 1168 0632 17       		.uleb128 0x17
 1169 0633 66040000 		.4byte	.LASF88
 1170 0637 05       		.byte	0x5
 1171 0638 FD02     		.2byte	0x2fd
 1172 063a A6050000 		.4byte	0x5a6
 1173 063e 05       		.uleb128 0x5
 1174 063f 03       		.byte	0x3
 1175 0640 00000000 		.4byte	EE_rq_link
 1176 0644 11       		.uleb128 0x11
 1177 0645 C0000000 		.4byte	0xc0
 1178 0649 54060000 		.4byte	0x654
 1179 064d 14       		.uleb128 0x14
 1180 064e 80030000 		.4byte	0x380
 1181 0652 0F       		.byte	0xf
 1182 0653 00       		.byte	0
 1183 0654 17       		.uleb128 0x17
 1184 0655 EA010000 		.4byte	.LASF89
 1185 0659 05       		.byte	0x5
 1186 065a BF02     		.2byte	0x2bf
 1187 065c 44060000 		.4byte	0x644
 1188 0660 05       		.uleb128 0x5
 1189 0661 03       		.byte	0x3
 1190 0662 00000000 		.4byte	EE_rq_queues_head
 1191 0666 17       		.uleb128 0x17
 1192 0667 4B060000 		.4byte	.LASF90
 1193 066b 05       		.byte	0x5
 1194 066c C102     		.2byte	0x2c1
 1195 066e 44060000 		.4byte	0x644
 1196 0672 05       		.uleb128 0x5
 1197 0673 03       		.byte	0x3
 1198 0674 00000000 		.4byte	EE_rq_queues_tail
 1199 0678 11       		.uleb128 0x11
 1200 0679 C0000000 		.4byte	0xc0
 1201 067d 88060000 		.4byte	0x688
 1202 0681 14       		.uleb128 0x14
 1203 0682 80030000 		.4byte	0x380
 1204 0686 05       		.byte	0x5
 1205 0687 00       		.byte	0
 1206 0688 17       		.uleb128 0x17
 1207 0689 CD000000 		.4byte	.LASF91
 1208 068d 05       		.byte	0x5
 1209 068e 1B03     		.2byte	0x31b
 1210 0690 78060000 		.4byte	0x678
 1211 0694 05       		.uleb128 0x5
 1212 0695 03       		.byte	0x3
 1213 0696 00000000 		.4byte	EE_rq_pairs_next
 1214 069a 17       		.uleb128 0x17
 1215 069b 8F070000 		.4byte	.LASF92
 1216 069f 05       		.byte	0x5
 1217 06a0 7003     		.2byte	0x370
ARM GAS  C:\Users\DABBIR~1\AppData\Local\Temp\ccmEKBE9.s 			page 23


 1218 06a2 C8050000 		.4byte	0x5c8
 1219 06a6 05       		.uleb128 0x5
 1220 06a7 03       		.byte	0x3
 1221 06a8 00000000 		.4byte	EE_rq_pairs_tid
 1222 06ac 17       		.uleb128 0x17
 1223 06ad 82060000 		.4byte	.LASF93
 1224 06b1 05       		.byte	0x5
 1225 06b2 C402     		.2byte	0x2c4
 1226 06b4 05010000 		.4byte	0x105
 1227 06b8 05       		.uleb128 0x5
 1228 06b9 03       		.byte	0x3
 1229 06ba 00000000 		.4byte	EE_rq_bitmask
 1230 06be 17       		.uleb128 0x17
 1231 06bf 5B040000 		.4byte	.LASF94
 1232 06c3 05       		.byte	0x5
 1233 06c4 7303     		.2byte	0x373
 1234 06c6 C0000000 		.4byte	0xc0
 1235 06ca 05       		.uleb128 0x5
 1236 06cb 03       		.byte	0x3
 1237 06cc 00000000 		.4byte	EE_rq_free
 1238 06d0 17       		.uleb128 0x17
 1239 06d1 02080000 		.4byte	.LASF95
 1240 06d5 05       		.byte	0x5
 1241 06d6 9A03     		.2byte	0x39a
 1242 06d8 A6050000 		.4byte	0x5a6
 1243 06dc 05       		.uleb128 0x5
 1244 06dd 03       		.byte	0x3
 1245 06de 00000000 		.4byte	EE_th_event_active
 1246 06e2 17       		.uleb128 0x17
 1247 06e3 50050000 		.4byte	.LASF96
 1248 06e7 05       		.byte	0x5
 1249 06e8 B603     		.2byte	0x3b6
 1250 06ea A6050000 		.4byte	0x5a6
 1251 06ee 05       		.uleb128 0x5
 1252 06ef 03       		.byte	0x3
 1253 06f0 00000000 		.4byte	EE_th_event_waitmask
 1254 06f4 11       		.uleb128 0x11
 1255 06f5 D6000000 		.4byte	0xd6
 1256 06f9 04070000 		.4byte	0x704
 1257 06fd 14       		.uleb128 0x14
 1258 06fe 80030000 		.4byte	0x380
 1259 0702 05       		.byte	0x5
 1260 0703 00       		.byte	0
 1261 0704 17       		.uleb128 0x17
 1262 0705 8E020000 		.4byte	.LASF97
 1263 0709 05       		.byte	0x5
 1264 070a D203     		.2byte	0x3d2
 1265 070c F4060000 		.4byte	0x6f4
 1266 0710 05       		.uleb128 0x5
 1267 0711 03       		.byte	0x3
 1268 0712 00000000 		.4byte	EE_th_waswaiting
 1269 0716 17       		.uleb128 0x17
 1270 0717 4D080000 		.4byte	.LASF98
 1271 071b 05       		.byte	0x5
 1272 071c EE03     		.2byte	0x3ee
 1273 071e 28070000 		.4byte	0x728
 1274 0722 05       		.uleb128 0x5
ARM GAS  C:\Users\DABBIR~1\AppData\Local\Temp\ccmEKBE9.s 			page 24


 1275 0723 03       		.byte	0x3
 1276 0724 00000000 		.4byte	EE_th_is_extended
 1277 0728 13       		.uleb128 0x13
 1278 0729 5D040000 		.4byte	0x45d
 1279 072d 11       		.uleb128 0x11
 1280 072e D9030000 		.4byte	0x3d9
 1281 0732 3D070000 		.4byte	0x73d
 1282 0736 14       		.uleb128 0x14
 1283 0737 80030000 		.4byte	0x380
 1284 073b 00       		.byte	0
 1285 073c 00       		.byte	0
 1286 073d 17       		.uleb128 0x17
 1287 073e 67080000 		.4byte	.LASF99
 1288 0742 05       		.byte	0x5
 1289 0743 B504     		.2byte	0x4b5
 1290 0745 4F070000 		.4byte	0x74f
 1291 0749 05       		.uleb128 0x5
 1292 074a 03       		.byte	0x3
 1293 074b 00000000 		.4byte	EE_resource_ceiling
 1294 074f 13       		.uleb128 0x13
 1295 0750 2D070000 		.4byte	0x72d
 1296 0754 11       		.uleb128 0x11
 1297 0755 B5000000 		.4byte	0xb5
 1298 0759 64070000 		.4byte	0x764
 1299 075d 14       		.uleb128 0x14
 1300 075e 80030000 		.4byte	0x380
 1301 0762 00       		.byte	0
 1302 0763 00       		.byte	0
 1303 0764 17       		.uleb128 0x17
 1304 0765 BE010000 		.4byte	.LASF100
 1305 0769 05       		.byte	0x5
 1306 076a F404     		.2byte	0x4f4
 1307 076c 54070000 		.4byte	0x754
 1308 0770 05       		.uleb128 0x5
 1309 0771 03       		.byte	0x3
 1310 0772 00000000 		.4byte	EE_resource_oldceiling
 1311 0776 11       		.uleb128 0x11
 1312 0777 D6000000 		.4byte	0xd6
 1313 077b 86070000 		.4byte	0x786
 1314 077f 14       		.uleb128 0x14
 1315 0780 80030000 		.4byte	0x380
 1316 0784 00       		.byte	0
 1317 0785 00       		.byte	0
 1318 0786 17       		.uleb128 0x17
 1319 0787 32080000 		.4byte	.LASF101
 1320 078b 05       		.byte	0x5
 1321 078c 9404     		.2byte	0x494
 1322 078e 76070000 		.4byte	0x776
 1323 0792 05       		.uleb128 0x5
 1324 0793 03       		.byte	0x3
 1325 0794 00000000 		.4byte	EE_resource_locked
 1326 0798 17       		.uleb128 0x17
 1327 0799 11000000 		.4byte	.LASF102
 1328 079d 05       		.byte	0x5
 1329 079e 3704     		.2byte	0x437
 1330 07a0 A6050000 		.4byte	0x5a6
 1331 07a4 05       		.uleb128 0x5
ARM GAS  C:\Users\DABBIR~1\AppData\Local\Temp\ccmEKBE9.s 			page 25


 1332 07a5 03       		.byte	0x3
 1333 07a6 00000000 		.4byte	EE_th_resource_last
 1334 07aa 17       		.uleb128 0x17
 1335 07ab 90060000 		.4byte	.LASF103
 1336 07af 05       		.byte	0x5
 1337 07b0 7004     		.2byte	0x470
 1338 07b2 54070000 		.4byte	0x754
 1339 07b6 05       		.uleb128 0x5
 1340 07b7 03       		.byte	0x3
 1341 07b8 00000000 		.4byte	EE_resource_stack
 1342 07bc 11       		.uleb128 0x11
 1343 07bd CC070000 		.4byte	0x7cc
 1344 07c1 CC070000 		.4byte	0x7cc
 1345 07c5 14       		.uleb128 0x14
 1346 07c6 80030000 		.4byte	0x380
 1347 07ca 00       		.byte	0
 1348 07cb 00       		.byte	0
 1349 07cc 13       		.uleb128 0x13
 1350 07cd 8A010000 		.4byte	0x18a
 1351 07d1 17       		.uleb128 0x17
 1352 07d2 A9040000 		.4byte	.LASF104
 1353 07d6 05       		.byte	0x5
 1354 07d7 FF05     		.2byte	0x5ff
 1355 07d9 E3070000 		.4byte	0x7e3
 1356 07dd 05       		.uleb128 0x5
 1357 07de 03       		.byte	0x3
 1358 07df 00000000 		.4byte	EE_counter_ROM
 1359 07e3 13       		.uleb128 0x13
 1360 07e4 BC070000 		.4byte	0x7bc
 1361 07e8 11       		.uleb128 0x11
 1362 07e9 F8070000 		.4byte	0x7f8
 1363 07ed F8070000 		.4byte	0x7f8
 1364 07f1 14       		.uleb128 0x14
 1365 07f2 80030000 		.4byte	0x380
 1366 07f6 02       		.byte	0x2
 1367 07f7 00       		.byte	0
 1368 07f8 13       		.uleb128 0x13
 1369 07f9 27020000 		.4byte	0x227
 1370 07fd 17       		.uleb128 0x17
 1371 07fe EF030000 		.4byte	.LASF105
 1372 0802 05       		.byte	0x5
 1373 0803 9606     		.2byte	0x696
 1374 0805 0F080000 		.4byte	0x80f
 1375 0809 05       		.uleb128 0x5
 1376 080a 03       		.byte	0x3
 1377 080b 00000000 		.4byte	EE_oo_counter_object_ROM
 1378 080f 13       		.uleb128 0x13
 1379 0810 E8070000 		.4byte	0x7e8
 1380 0814 11       		.uleb128 0x11
 1381 0815 24080000 		.4byte	0x824
 1382 0819 24080000 		.4byte	0x824
 1383 081d 14       		.uleb128 0x14
 1384 081e 80030000 		.4byte	0x380
 1385 0822 02       		.byte	0x2
 1386 0823 00       		.byte	0
 1387 0824 13       		.uleb128 0x13
 1388 0825 04030000 		.4byte	0x304
ARM GAS  C:\Users\DABBIR~1\AppData\Local\Temp\ccmEKBE9.s 			page 26


 1389 0829 17       		.uleb128 0x17
 1390 082a 25040000 		.4byte	.LASF106
 1391 082e 05       		.byte	0x5
 1392 082f BA06     		.2byte	0x6ba
 1393 0831 3B080000 		.4byte	0x83b
 1394 0835 05       		.uleb128 0x5
 1395 0836 03       		.byte	0x3
 1396 0837 00000000 		.4byte	EE_oo_action_ROM
 1397 083b 13       		.uleb128 0x13
 1398 083c 14080000 		.4byte	0x814
 1399 0840 11       		.uleb128 0x11
 1400 0841 50080000 		.4byte	0x850
 1401 0845 50080000 		.4byte	0x850
 1402 0849 14       		.uleb128 0x14
 1403 084a 80030000 		.4byte	0x380
 1404 084e 02       		.byte	0x2
 1405 084f 00       		.byte	0
 1406 0850 13       		.uleb128 0x13
 1407 0851 27030000 		.4byte	0x327
 1408 0855 17       		.uleb128 0x17
 1409 0856 82010000 		.4byte	.LASF107
 1410 085a 05       		.byte	0x5
 1411 085b 2006     		.2byte	0x620
 1412 085d 67080000 		.4byte	0x867
 1413 0861 05       		.uleb128 0x5
 1414 0862 03       		.byte	0x3
 1415 0863 00000000 		.4byte	EE_alarm_ROM
 1416 0867 13       		.uleb128 0x13
 1417 0868 40080000 		.4byte	0x840
 1418 086c 11       		.uleb128 0x11
 1419 086d BA010000 		.4byte	0x1ba
 1420 0871 7C080000 		.4byte	0x87c
 1421 0875 14       		.uleb128 0x14
 1422 0876 80030000 		.4byte	0x380
 1423 087a 00       		.byte	0
 1424 087b 00       		.byte	0
 1425 087c 17       		.uleb128 0x17
 1426 087d F0060000 		.4byte	.LASF108
 1427 0881 05       		.byte	0x5
 1428 0882 0C06     		.2byte	0x60c
 1429 0884 6C080000 		.4byte	0x86c
 1430 0888 05       		.uleb128 0x5
 1431 0889 03       		.byte	0x3
 1432 088a 00000000 		.4byte	EE_counter_RAM
 1433 088e 11       		.uleb128 0x11
 1434 088f 71020000 		.4byte	0x271
 1435 0893 9E080000 		.4byte	0x89e
 1436 0897 14       		.uleb128 0x14
 1437 0898 80030000 		.4byte	0x380
 1438 089c 02       		.byte	0x2
 1439 089d 00       		.byte	0
 1440 089e 17       		.uleb128 0x17
 1441 089f 4A070000 		.4byte	.LASF109
 1442 08a3 05       		.byte	0x5
 1443 08a4 B106     		.2byte	0x6b1
 1444 08a6 8E080000 		.4byte	0x88e
 1445 08aa 05       		.uleb128 0x5
ARM GAS  C:\Users\DABBIR~1\AppData\Local\Temp\ccmEKBE9.s 			page 27


 1446 08ab 03       		.byte	0x3
 1447 08ac 00000000 		.4byte	EE_oo_counter_object_RAM
 1448 08b0 11       		.uleb128 0x11
 1449 08b1 C0080000 		.4byte	0x8c0
 1450 08b5 C0080000 		.4byte	0x8c0
 1451 08b9 14       		.uleb128 0x14
 1452 08ba 80030000 		.4byte	0x380
 1453 08be 00       		.byte	0
 1454 08bf 00       		.byte	0
 1455 08c0 13       		.uleb128 0x13
 1456 08c1 33030000 		.4byte	0x333
 1457 08c5 17       		.uleb128 0x17
 1458 08c6 65050000 		.4byte	.LASF110
 1459 08ca 05       		.byte	0x5
 1460 08cb 9607     		.2byte	0x796
 1461 08cd D7080000 		.4byte	0x8d7
 1462 08d1 05       		.uleb128 0x5
 1463 08d2 03       		.byte	0x3
 1464 08d3 00000000 		.4byte	EE_oo_autostart_task_data
 1465 08d7 13       		.uleb128 0x13
 1466 08d8 B0080000 		.4byte	0x8b0
 1467 08dc 18       		.uleb128 0x18
 1468 08dd 3A030000 		.4byte	.LASF111
 1469 08e1 06       		.byte	0x6
 1470 08e2 40       		.byte	0x40
 1471 08e3 B5000000 		.4byte	0xb5
 1472 08e7 18       		.uleb128 0x18
 1473 08e8 FC010000 		.4byte	.LASF112
 1474 08ec 06       		.byte	0x6
 1475 08ed 47       		.byte	0x47
 1476 08ee CB000000 		.4byte	0xcb
 1477 08f2 17       		.uleb128 0x17
 1478 08f3 12040000 		.4byte	.LASF113
 1479 08f7 05       		.byte	0x5
 1480 08f8 5C07     		.2byte	0x75c
 1481 08fa B5000000 		.4byte	0xb5
 1482 08fe 05       		.uleb128 0x5
 1483 08ff 03       		.byte	0x3
 1484 0900 00000000 		.4byte	EE_ApplicationMode
 1485 0904 18       		.uleb128 0x18
 1486 0905 15020000 		.4byte	.LASF114
 1487 0909 07       		.byte	0x7
 1488 090a 48       		.byte	0x48
 1489 090b E1000000 		.4byte	0xe1
 1490 090f 18       		.uleb128 0x18
 1491 0910 9F070000 		.4byte	.LASF115
 1492 0914 08       		.byte	0x8
 1493 0915 44       		.byte	0x44
 1494 0916 B5000000 		.4byte	0xb5
 1495 091a 16       		.uleb128 0x16
 1496 091b 7D000000 		.4byte	.LASF116
 1497 091f 05       		.byte	0x5
 1498 0920 AD       		.byte	0xad
 1499 0921 EC000000 		.4byte	0xec
 1500 0925 05       		.uleb128 0x5
 1501 0926 03       		.byte	0x3
 1502 0927 00000000 		.4byte	EE_cortex_mx_IRQ_tos
ARM GAS  C:\Users\DABBIR~1\AppData\Local\Temp\ccmEKBE9.s 			page 28


 1503 092b 11       		.uleb128 0x11
 1504 092c 55000000 		.4byte	0x55
 1505 0930 3C090000 		.4byte	0x93c
 1506 0934 19       		.uleb128 0x19
 1507 0935 80030000 		.4byte	0x380
 1508 0939 E703     		.2byte	0x3e7
 1509 093b 00       		.byte	0
 1510 093c 16       		.uleb128 0x16
 1511 093d A8030000 		.4byte	.LASF117
 1512 0941 05       		.byte	0x5
 1513 0942 25       		.byte	0x25
 1514 0943 2B090000 		.4byte	0x92b
 1515 0947 05       		.uleb128 0x5
 1516 0948 03       		.byte	0x3
 1517 0949 00000000 		.4byte	EE_cortex_mx_stack_6
 1518 094d 11       		.uleb128 0x11
 1519 094e 55000000 		.4byte	0x55
 1520 0952 5D090000 		.4byte	0x95d
 1521 0956 14       		.uleb128 0x14
 1522 0957 80030000 		.4byte	0x380
 1523 095b 7F       		.byte	0x7f
 1524 095c 00       		.byte	0
 1525 095d 16       		.uleb128 0x16
 1526 095e BD030000 		.4byte	.LASF118
 1527 0962 05       		.byte	0x5
 1528 0963 32       		.byte	0x32
 1529 0964 4D090000 		.4byte	0x94d
 1530 0968 05       		.uleb128 0x5
 1531 0969 03       		.byte	0x3
 1532 096a 00000000 		.4byte	EE_cortex_mx_stack_9
 1533 096e 00       		.byte	0
 1534              		.section	.debug_abbrev,"",%progbits
 1535              	.Ldebug_abbrev0:
 1536 0000 01       		.uleb128 0x1
 1537 0001 11       		.uleb128 0x11
 1538 0002 01       		.byte	0x1
 1539 0003 25       		.uleb128 0x25
 1540 0004 0E       		.uleb128 0xe
 1541 0005 13       		.uleb128 0x13
 1542 0006 0B       		.uleb128 0xb
 1543 0007 03       		.uleb128 0x3
 1544 0008 0E       		.uleb128 0xe
 1545 0009 1B       		.uleb128 0x1b
 1546 000a 0E       		.uleb128 0xe
 1547 000b 10       		.uleb128 0x10
 1548 000c 17       		.uleb128 0x17
 1549 000d 00       		.byte	0
 1550 000e 00       		.byte	0
 1551 000f 02       		.uleb128 0x2
 1552 0010 24       		.uleb128 0x24
 1553 0011 00       		.byte	0
 1554 0012 0B       		.uleb128 0xb
 1555 0013 0B       		.uleb128 0xb
 1556 0014 3E       		.uleb128 0x3e
 1557 0015 0B       		.uleb128 0xb
 1558 0016 03       		.uleb128 0x3
 1559 0017 0E       		.uleb128 0xe
ARM GAS  C:\Users\DABBIR~1\AppData\Local\Temp\ccmEKBE9.s 			page 29


 1560 0018 00       		.byte	0
 1561 0019 00       		.byte	0
 1562 001a 03       		.uleb128 0x3
 1563 001b 24       		.uleb128 0x24
 1564 001c 00       		.byte	0
 1565 001d 0B       		.uleb128 0xb
 1566 001e 0B       		.uleb128 0xb
 1567 001f 3E       		.uleb128 0x3e
 1568 0020 0B       		.uleb128 0xb
 1569 0021 03       		.uleb128 0x3
 1570 0022 08       		.uleb128 0x8
 1571 0023 00       		.byte	0
 1572 0024 00       		.byte	0
 1573 0025 04       		.uleb128 0x4
 1574 0026 16       		.uleb128 0x16
 1575 0027 00       		.byte	0
 1576 0028 03       		.uleb128 0x3
 1577 0029 0E       		.uleb128 0xe
 1578 002a 3A       		.uleb128 0x3a
 1579 002b 0B       		.uleb128 0xb
 1580 002c 3B       		.uleb128 0x3b
 1581 002d 0B       		.uleb128 0xb
 1582 002e 49       		.uleb128 0x49
 1583 002f 13       		.uleb128 0x13
 1584 0030 00       		.byte	0
 1585 0031 00       		.byte	0
 1586 0032 05       		.uleb128 0x5
 1587 0033 0F       		.uleb128 0xf
 1588 0034 00       		.byte	0
 1589 0035 0B       		.uleb128 0xb
 1590 0036 0B       		.uleb128 0xb
 1591 0037 00       		.byte	0
 1592 0038 00       		.byte	0
 1593 0039 06       		.uleb128 0x6
 1594 003a 0F       		.uleb128 0xf
 1595 003b 00       		.byte	0
 1596 003c 0B       		.uleb128 0xb
 1597 003d 0B       		.uleb128 0xb
 1598 003e 49       		.uleb128 0x49
 1599 003f 13       		.uleb128 0x13
 1600 0040 00       		.byte	0
 1601 0041 00       		.byte	0
 1602 0042 07       		.uleb128 0x7
 1603 0043 15       		.uleb128 0x15
 1604 0044 00       		.byte	0
 1605 0045 27       		.uleb128 0x27
 1606 0046 19       		.uleb128 0x19
 1607 0047 00       		.byte	0
 1608 0048 00       		.byte	0
 1609 0049 08       		.uleb128 0x8
 1610 004a 13       		.uleb128 0x13
 1611 004b 01       		.byte	0x1
 1612 004c 03       		.uleb128 0x3
 1613 004d 0E       		.uleb128 0xe
 1614 004e 0B       		.uleb128 0xb
 1615 004f 0B       		.uleb128 0xb
 1616 0050 3A       		.uleb128 0x3a
ARM GAS  C:\Users\DABBIR~1\AppData\Local\Temp\ccmEKBE9.s 			page 30


 1617 0051 0B       		.uleb128 0xb
 1618 0052 3B       		.uleb128 0x3b
 1619 0053 0B       		.uleb128 0xb
 1620 0054 01       		.uleb128 0x1
 1621 0055 13       		.uleb128 0x13
 1622 0056 00       		.byte	0
 1623 0057 00       		.byte	0
 1624 0058 09       		.uleb128 0x9
 1625 0059 0D       		.uleb128 0xd
 1626 005a 00       		.byte	0
 1627 005b 03       		.uleb128 0x3
 1628 005c 0E       		.uleb128 0xe
 1629 005d 3A       		.uleb128 0x3a
 1630 005e 0B       		.uleb128 0xb
 1631 005f 3B       		.uleb128 0x3b
 1632 0060 0B       		.uleb128 0xb
 1633 0061 49       		.uleb128 0x49
 1634 0062 13       		.uleb128 0x13
 1635 0063 38       		.uleb128 0x38
 1636 0064 0B       		.uleb128 0xb
 1637 0065 00       		.byte	0
 1638 0066 00       		.byte	0
 1639 0067 0A       		.uleb128 0xa
 1640 0068 16       		.uleb128 0x16
 1641 0069 00       		.byte	0
 1642 006a 03       		.uleb128 0x3
 1643 006b 0E       		.uleb128 0xe
 1644 006c 3A       		.uleb128 0x3a
 1645 006d 0B       		.uleb128 0xb
 1646 006e 3B       		.uleb128 0x3b
 1647 006f 05       		.uleb128 0x5
 1648 0070 49       		.uleb128 0x49
 1649 0071 13       		.uleb128 0x13
 1650 0072 00       		.byte	0
 1651 0073 00       		.byte	0
 1652 0074 0B       		.uleb128 0xb
 1653 0075 13       		.uleb128 0x13
 1654 0076 01       		.byte	0x1
 1655 0077 0B       		.uleb128 0xb
 1656 0078 0B       		.uleb128 0xb
 1657 0079 3A       		.uleb128 0x3a
 1658 007a 0B       		.uleb128 0xb
 1659 007b 3B       		.uleb128 0x3b
 1660 007c 05       		.uleb128 0x5
 1661 007d 01       		.uleb128 0x1
 1662 007e 13       		.uleb128 0x13
 1663 007f 00       		.byte	0
 1664 0080 00       		.byte	0
 1665 0081 0C       		.uleb128 0xc
 1666 0082 0D       		.uleb128 0xd
 1667 0083 00       		.byte	0
 1668 0084 03       		.uleb128 0x3
 1669 0085 0E       		.uleb128 0xe
 1670 0086 3A       		.uleb128 0x3a
 1671 0087 0B       		.uleb128 0xb
 1672 0088 3B       		.uleb128 0x3b
 1673 0089 05       		.uleb128 0x5
ARM GAS  C:\Users\DABBIR~1\AppData\Local\Temp\ccmEKBE9.s 			page 31


 1674 008a 49       		.uleb128 0x49
 1675 008b 13       		.uleb128 0x13
 1676 008c 38       		.uleb128 0x38
 1677 008d 0B       		.uleb128 0xb
 1678 008e 00       		.byte	0
 1679 008f 00       		.byte	0
 1680 0090 0D       		.uleb128 0xd
 1681 0091 04       		.uleb128 0x4
 1682 0092 01       		.byte	0x1
 1683 0093 0B       		.uleb128 0xb
 1684 0094 0B       		.uleb128 0xb
 1685 0095 49       		.uleb128 0x49
 1686 0096 13       		.uleb128 0x13
 1687 0097 3A       		.uleb128 0x3a
 1688 0098 0B       		.uleb128 0xb
 1689 0099 3B       		.uleb128 0x3b
 1690 009a 05       		.uleb128 0x5
 1691 009b 01       		.uleb128 0x1
 1692 009c 13       		.uleb128 0x13
 1693 009d 00       		.byte	0
 1694 009e 00       		.byte	0
 1695 009f 0E       		.uleb128 0xe
 1696 00a0 28       		.uleb128 0x28
 1697 00a1 00       		.byte	0
 1698 00a2 03       		.uleb128 0x3
 1699 00a3 0E       		.uleb128 0xe
 1700 00a4 1C       		.uleb128 0x1c
 1701 00a5 0B       		.uleb128 0xb
 1702 00a6 00       		.byte	0
 1703 00a7 00       		.byte	0
 1704 00a8 0F       		.uleb128 0xf
 1705 00a9 0D       		.uleb128 0xd
 1706 00aa 00       		.byte	0
 1707 00ab 03       		.uleb128 0x3
 1708 00ac 08       		.uleb128 0x8
 1709 00ad 3A       		.uleb128 0x3a
 1710 00ae 0B       		.uleb128 0xb
 1711 00af 3B       		.uleb128 0x3b
 1712 00b0 05       		.uleb128 0x5
 1713 00b1 49       		.uleb128 0x49
 1714 00b2 13       		.uleb128 0x13
 1715 00b3 38       		.uleb128 0x38
 1716 00b4 0B       		.uleb128 0xb
 1717 00b5 00       		.byte	0
 1718 00b6 00       		.byte	0
 1719 00b7 10       		.uleb128 0x10
 1720 00b8 13       		.uleb128 0x13
 1721 00b9 01       		.byte	0x1
 1722 00ba 03       		.uleb128 0x3
 1723 00bb 0E       		.uleb128 0xe
 1724 00bc 0B       		.uleb128 0xb
 1725 00bd 0B       		.uleb128 0xb
 1726 00be 3A       		.uleb128 0x3a
 1727 00bf 0B       		.uleb128 0xb
 1728 00c0 3B       		.uleb128 0x3b
 1729 00c1 05       		.uleb128 0x5
 1730 00c2 01       		.uleb128 0x1
ARM GAS  C:\Users\DABBIR~1\AppData\Local\Temp\ccmEKBE9.s 			page 32


 1731 00c3 13       		.uleb128 0x13
 1732 00c4 00       		.byte	0
 1733 00c5 00       		.byte	0
 1734 00c6 11       		.uleb128 0x11
 1735 00c7 01       		.uleb128 0x1
 1736 00c8 01       		.byte	0x1
 1737 00c9 49       		.uleb128 0x49
 1738 00ca 13       		.uleb128 0x13
 1739 00cb 01       		.uleb128 0x1
 1740 00cc 13       		.uleb128 0x13
 1741 00cd 00       		.byte	0
 1742 00ce 00       		.byte	0
 1743 00cf 12       		.uleb128 0x12
 1744 00d0 21       		.uleb128 0x21
 1745 00d1 00       		.byte	0
 1746 00d2 00       		.byte	0
 1747 00d3 00       		.byte	0
 1748 00d4 13       		.uleb128 0x13
 1749 00d5 26       		.uleb128 0x26
 1750 00d6 00       		.byte	0
 1751 00d7 49       		.uleb128 0x49
 1752 00d8 13       		.uleb128 0x13
 1753 00d9 00       		.byte	0
 1754 00da 00       		.byte	0
 1755 00db 14       		.uleb128 0x14
 1756 00dc 21       		.uleb128 0x21
 1757 00dd 00       		.byte	0
 1758 00de 49       		.uleb128 0x49
 1759 00df 13       		.uleb128 0x13
 1760 00e0 2F       		.uleb128 0x2f
 1761 00e1 0B       		.uleb128 0xb
 1762 00e2 00       		.byte	0
 1763 00e3 00       		.byte	0
 1764 00e4 15       		.uleb128 0x15
 1765 00e5 34       		.uleb128 0x34
 1766 00e6 00       		.byte	0
 1767 00e7 03       		.uleb128 0x3
 1768 00e8 0E       		.uleb128 0xe
 1769 00e9 3A       		.uleb128 0x3a
 1770 00ea 0B       		.uleb128 0xb
 1771 00eb 3B       		.uleb128 0x3b
 1772 00ec 05       		.uleb128 0x5
 1773 00ed 49       		.uleb128 0x49
 1774 00ee 13       		.uleb128 0x13
 1775 00ef 02       		.uleb128 0x2
 1776 00f0 18       		.uleb128 0x18
 1777 00f1 00       		.byte	0
 1778 00f2 00       		.byte	0
 1779 00f3 16       		.uleb128 0x16
 1780 00f4 34       		.uleb128 0x34
 1781 00f5 00       		.byte	0
 1782 00f6 03       		.uleb128 0x3
 1783 00f7 0E       		.uleb128 0xe
 1784 00f8 3A       		.uleb128 0x3a
 1785 00f9 0B       		.uleb128 0xb
 1786 00fa 3B       		.uleb128 0x3b
 1787 00fb 0B       		.uleb128 0xb
ARM GAS  C:\Users\DABBIR~1\AppData\Local\Temp\ccmEKBE9.s 			page 33


 1788 00fc 49       		.uleb128 0x49
 1789 00fd 13       		.uleb128 0x13
 1790 00fe 3F       		.uleb128 0x3f
 1791 00ff 19       		.uleb128 0x19
 1792 0100 02       		.uleb128 0x2
 1793 0101 18       		.uleb128 0x18
 1794 0102 00       		.byte	0
 1795 0103 00       		.byte	0
 1796 0104 17       		.uleb128 0x17
 1797 0105 34       		.uleb128 0x34
 1798 0106 00       		.byte	0
 1799 0107 03       		.uleb128 0x3
 1800 0108 0E       		.uleb128 0xe
 1801 0109 3A       		.uleb128 0x3a
 1802 010a 0B       		.uleb128 0xb
 1803 010b 3B       		.uleb128 0x3b
 1804 010c 05       		.uleb128 0x5
 1805 010d 49       		.uleb128 0x49
 1806 010e 13       		.uleb128 0x13
 1807 010f 3F       		.uleb128 0x3f
 1808 0110 19       		.uleb128 0x19
 1809 0111 02       		.uleb128 0x2
 1810 0112 18       		.uleb128 0x18
 1811 0113 00       		.byte	0
 1812 0114 00       		.byte	0
 1813 0115 18       		.uleb128 0x18
 1814 0116 34       		.uleb128 0x34
 1815 0117 00       		.byte	0
 1816 0118 03       		.uleb128 0x3
 1817 0119 0E       		.uleb128 0xe
 1818 011a 3A       		.uleb128 0x3a
 1819 011b 0B       		.uleb128 0xb
 1820 011c 3B       		.uleb128 0x3b
 1821 011d 0B       		.uleb128 0xb
 1822 011e 49       		.uleb128 0x49
 1823 011f 13       		.uleb128 0x13
 1824 0120 3F       		.uleb128 0x3f
 1825 0121 19       		.uleb128 0x19
 1826 0122 3C       		.uleb128 0x3c
 1827 0123 19       		.uleb128 0x19
 1828 0124 00       		.byte	0
 1829 0125 00       		.byte	0
 1830 0126 19       		.uleb128 0x19
 1831 0127 21       		.uleb128 0x21
 1832 0128 00       		.byte	0
 1833 0129 49       		.uleb128 0x49
 1834 012a 13       		.uleb128 0x13
 1835 012b 2F       		.uleb128 0x2f
 1836 012c 05       		.uleb128 0x5
 1837 012d 00       		.byte	0
 1838 012e 00       		.byte	0
 1839 012f 00       		.byte	0
 1840              		.section	.debug_aranges,"",%progbits
 1841 0000 14000000 		.4byte	0x14
 1842 0004 0200     		.2byte	0x2
 1843 0006 00000000 		.4byte	.Ldebug_info0
 1844 000a 04       		.byte	0x4
ARM GAS  C:\Users\DABBIR~1\AppData\Local\Temp\ccmEKBE9.s 			page 34


 1845 000b 00       		.byte	0
 1846 000c 0000     		.2byte	0
 1847 000e 0000     		.2byte	0
 1848 0010 00000000 		.4byte	0
 1849 0014 00000000 		.4byte	0
 1850              		.section	.debug_line,"",%progbits
 1851              	.Ldebug_line0:
 1852 0000 38010000 		.section	.debug_str,"MS",%progbits,1
 1852      02003201 
 1852      00000201 
 1852      FB0E0D00 
 1852      01010101 
 1853              	.LASF78:
 1854 0000 45455F52 		.ascii	"EE_RESOURCE_NAME\000"
 1854      45534F55 
 1854      5243455F 
 1854      4E414D45 
 1854      00
 1855              	.LASF102:
 1856 0011 45455F74 		.ascii	"EE_th_resource_last\000"
 1856      685F7265 
 1856      736F7572 
 1856      63655F6C 
 1856      61737400 
 1857              	.LASF46:
 1858 0025 6E657874 		.ascii	"next\000"
 1858      00
 1859              	.LASF85:
 1860 002a 45455F74 		.ascii	"EE_th_terminate_nextask\000"
 1860      685F7465 
 1860      726D696E 
 1860      6174655F 
 1860      6E657874 
 1861              	.LASF24:
 1862 0042 5469636B 		.ascii	"TickType\000"
 1862      54797065 
 1862      00
 1863              	.LASF79:
 1864 004b 45455F52 		.ascii	"EE_RESOURCE_ID\000"
 1864      45534F55 
 1864      5243455F 
 1864      494400
 1865              	.LASF86:
 1866 005a 45455F73 		.ascii	"EE_stkfirst\000"
 1866      746B6669 
 1866      72737400 
 1867              	.LASF26:
 1868 0066 41637469 		.ascii	"ActionType\000"
 1868      6F6E5479 
 1868      706500
 1869              	.LASF19:
 1870 0071 45455F54 		.ascii	"EE_TYPEBOOL\000"
 1870      59504542 
 1870      4F4F4C00 
 1871              	.LASF116:
 1872 007d 45455F63 		.ascii	"EE_cortex_mx_IRQ_tos\000"
 1872      6F727465 
ARM GAS  C:\Users\DABBIR~1\AppData\Local\Temp\ccmEKBE9.s 			page 35


 1872      785F6D78 
 1872      5F495251 
 1872      5F746F73 
 1873              	.LASF7:
 1874 0092 6C6F6E67 		.ascii	"long long unsigned int\000"
 1874      206C6F6E 
 1874      6720756E 
 1874      7369676E 
 1874      65642069 
 1875              	.LASF45:
 1876 00a9 64656C74 		.ascii	"delta\000"
 1876      6100
 1877              	.LASF42:
 1878 00af 45455F6F 		.ascii	"EE_oo_counter_object_ROM_type\000"
 1878      6F5F636F 
 1878      756E7465 
 1878      725F6F62 
 1878      6A656374 
 1879              	.LASF91:
 1880 00cd 45455F72 		.ascii	"EE_rq_pairs_next\000"
 1880      715F7061 
 1880      6972735F 
 1880      6E657874 
 1880      00
 1881              	.LASF22:
 1882 00de 5461736B 		.ascii	"TaskType\000"
 1882      54797065 
 1882      00
 1883              	.LASF61:
 1884 00e7 45455F54 		.ascii	"EE_TOS\000"
 1884      4F5300
 1885              	.LASF29:
 1886 00ee 6D617861 		.ascii	"maxallowedvalue\000"
 1886      6C6C6F77 
 1886      65647661 
 1886      6C756500 
 1887              	.LASF122:
 1888 00fe 45455F6F 		.ascii	"EE_oo_autostart_task_mode_OSDEFAULTAPPMODE\000"
 1888      6F5F6175 
 1888      746F7374 
 1888      6172745F 
 1888      7461736B 
 1889              	.LASF81:
 1890 0129 45455F41 		.ascii	"EE_ALARM_ID\000"
 1890      4C41524D 
 1890      5F494400 
 1891              	.LASF6:
 1892 0135 6C6F6E67 		.ascii	"long long int\000"
 1892      206C6F6E 
 1892      6720696E 
 1892      7400
 1893              	.LASF0:
 1894 0143 7369676E 		.ascii	"signed char\000"
 1894      65642063 
 1894      68617200 
 1895              	.LASF52:
 1896 014f 45455F6F 		.ascii	"EE_oo_action_kind_type\000"
ARM GAS  C:\Users\DABBIR~1\AppData\Local\Temp\ccmEKBE9.s 			page 36


 1896      6F5F6163 
 1896      74696F6E 
 1896      5F6B696E 
 1896      645F7479 
 1897              	.LASF23:
 1898 0166 4576656E 		.ascii	"EventMaskType\000"
 1898      744D6173 
 1898      6B547970 
 1898      6500
 1899              	.LASF76:
 1900 0174 45455F45 		.ascii	"EE_EVENT_NAME\000"
 1900      56454E54 
 1900      5F4E414D 
 1900      4500
 1901              	.LASF107:
 1902 0182 45455F61 		.ascii	"EE_alarm_ROM\000"
 1902      6C61726D 
 1902      5F524F4D 
 1902      00
 1903              	.LASF70:
 1904 018f 45455F63 		.ascii	"EE_cortex_mx_active_tos\000"
 1904      6F727465 
 1904      785F6D78 
 1904      5F616374 
 1904      6976655F 
 1905              	.LASF35:
 1906 01a7 45455F6F 		.ascii	"EE_oo_counter_RAM_type\000"
 1906      6F5F636F 
 1906      756E7465 
 1906      725F5241 
 1906      4D5F7479 
 1907              	.LASF100:
 1908 01be 45455F72 		.ascii	"EE_resource_oldceiling\000"
 1908      65736F75 
 1908      7263655F 
 1908      6F6C6463 
 1908      65696C69 
 1909              	.LASF80:
 1910 01d5 45455F45 		.ascii	"EE_EVENT_ID\000"
 1910      56454E54 
 1910      5F494400 
 1911              	.LASF4:
 1912 01e1 6C6F6E67 		.ascii	"long int\000"
 1912      20696E74 
 1912      00
 1913              	.LASF89:
 1914 01ea 45455F72 		.ascii	"EE_rq_queues_head\000"
 1914      715F7175 
 1914      65756573 
 1914      5F686561 
 1914      6400
 1915              	.LASF112:
 1916 01fc 45455F6F 		.ascii	"EE_oo_IRQ_suspend_status\000"
 1916      6F5F4952 
 1916      515F7375 
 1916      7370656E 
 1916      645F7374 
ARM GAS  C:\Users\DABBIR~1\AppData\Local\Temp\ccmEKBE9.s 			page 37


 1917              	.LASF114:
 1918 0215 45455F73 		.ascii	"EE_std_endcycle_next_tid\000"
 1918      74645F65 
 1918      6E646379 
 1918      636C655F 
 1918      6E657874 
 1919              	.LASF31:
 1920 022e 6D696E63 		.ascii	"mincycle\000"
 1920      79636C65 
 1920      00
 1921              	.LASF20:
 1922 0237 45455F54 		.ascii	"EE_TID\000"
 1922      494400
 1923              	.LASF33:
 1924 023e 76616C75 		.ascii	"value\000"
 1924      6500
 1925              	.LASF8:
 1926 0244 756E7369 		.ascii	"unsigned int\000"
 1926      676E6564 
 1926      20696E74 
 1926      00
 1927              	.LASF16:
 1928 0251 45455F55 		.ascii	"EE_UREG\000"
 1928      52454700 
 1929              	.LASF60:
 1930 0259 45455F6F 		.ascii	"EE_oo_alarm_ROM_type\000"
 1930      6F5F616C 
 1930      61726D5F 
 1930      524F4D5F 
 1930      74797065 
 1931              	.LASF77:
 1932 026e 45455F41 		.ascii	"EE_ALARM_NAME\000"
 1932      4C41524D 
 1932      5F4E414D 
 1932      4500
 1933              	.LASF5:
 1934 027c 6C6F6E67 		.ascii	"long unsigned int\000"
 1934      20756E73 
 1934      69676E65 
 1934      6420696E 
 1934      7400
 1935              	.LASF97:
 1936 028e 45455F74 		.ascii	"EE_th_waswaiting\000"
 1936      685F7761 
 1936      73776169 
 1936      74696E67 
 1936      00
 1937              	.LASF121:
 1938 029f 433A5C4D 		.ascii	"C:\\My_Files\\College_Documents\\AMA EOS\\EOS\\LAB\\"
 1938      795F4669 
 1938      6C65735C 
 1938      436F6C6C 
 1938      6567655F 
 1939 02cd 4C41425F 		.ascii	"LAB_2_Submission\\Json Parser\\code\\w06_criticalRe"
 1939      325F5375 
 1939      626D6973 
 1939      73696F6E 
ARM GAS  C:\Users\DABBIR~1\AppData\Local\Temp\ccmEKBE9.s 			page 38


 1939      5C4A736F 
 1940 02fd 67696F6E 		.ascii	"gion.cydsn\000"
 1940      2E637964 
 1940      736E00
 1941              	.LASF62:
 1942 0308 45455F6F 		.ascii	"EE_oo_autostart_task_type\000"
 1942      6F5F6175 
 1942      746F7374 
 1942      6172745F 
 1942      7461736B 
 1943              	.LASF41:
 1944 0322 6B696E64 		.ascii	"kind\000"
 1944      00
 1945              	.LASF3:
 1946 0327 73686F72 		.ascii	"short unsigned int\000"
 1946      7420756E 
 1946      7369676E 
 1946      65642069 
 1946      6E7400
 1947              	.LASF111:
 1948 033a 45455F6F 		.ascii	"EE_oo_IRQ_disable_count\000"
 1948      6F5F4952 
 1948      515F6469 
 1948      7361626C 
 1948      655F636F 
 1949              	.LASF38:
 1950 0352 45455F6F 		.ascii	"EE_oo_counter_object_kind_type\000"
 1950      6F5F636F 
 1950      756E7465 
 1950      725F6F62 
 1950      6A656374 
 1951              	.LASF82:
 1952 0371 45455F74 		.ascii	"EE_th_status\000"
 1952      685F7374 
 1952      61747573 
 1952      00
 1953              	.LASF39:
 1954 037e 436F756E 		.ascii	"CounterObjectKindType\000"
 1954      7465724F 
 1954      626A6563 
 1954      744B696E 
 1954      64547970 
 1955              	.LASF73:
 1956 0394 45455F74 		.ascii	"EE_th_dispatch_prio\000"
 1956      685F6469 
 1956      73706174 
 1956      63685F70 
 1956      72696F00 
 1957              	.LASF117:
 1958 03a8 45455F63 		.ascii	"EE_cortex_mx_stack_6\000"
 1958      6F727465 
 1958      785F6D78 
 1958      5F737461 
 1958      636B5F36 
 1959              	.LASF118:
 1960 03bd 45455F63 		.ascii	"EE_cortex_mx_stack_9\000"
 1960      6F727465 
ARM GAS  C:\Users\DABBIR~1\AppData\Local\Temp\ccmEKBE9.s 			page 39


 1960      785F6D78 
 1960      5F737461 
 1960      636B5F39 
 1961              	.LASF14:
 1962 03d2 45455F56 		.ascii	"EE_VOID_CALLBACK\000"
 1962      4F49445F 
 1962      43414C4C 
 1962      4241434B 
 1962      00
 1963              	.LASF27:
 1964 03e3 436F756E 		.ascii	"CounterType\000"
 1964      74657254 
 1964      79706500 
 1965              	.LASF105:
 1966 03ef 45455F6F 		.ascii	"EE_oo_counter_object_ROM\000"
 1966      6F5F636F 
 1966      756E7465 
 1966      725F6F62 
 1966      6A656374 
 1967              	.LASF59:
 1968 0408 61637469 		.ascii	"action_id\000"
 1968      6F6E5F69 
 1968      6400
 1969              	.LASF113:
 1970 0412 45455F41 		.ascii	"EE_ApplicationMode\000"
 1970      70706C69 
 1970      63617469 
 1970      6F6E4D6F 
 1970      646500
 1971              	.LASF106:
 1972 0425 45455F6F 		.ascii	"EE_oo_action_ROM\000"
 1972      6F5F6163 
 1972      74696F6E 
 1972      5F524F4D 
 1972      00
 1973              	.LASF21:
 1974 0436 45455F54 		.ascii	"EE_TYPE_RQ_MASK\000"
 1974      5950455F 
 1974      52515F4D 
 1974      41534B00 
 1975              	.LASF64:
 1976 0446 73697A65 		.ascii	"sizetype\000"
 1976      74797065 
 1976      00
 1977              	.LASF9:
 1978 044f 6C6F6E67 		.ascii	"long double\000"
 1978      20646F75 
 1978      626C6500 
 1979              	.LASF94:
 1980 045b 45455F72 		.ascii	"EE_rq_free\000"
 1980      715F6672 
 1980      656500
 1981              	.LASF88:
 1982 0466 45455F72 		.ascii	"EE_rq_link\000"
 1982      715F6C69 
 1982      6E6B00
 1983              	.LASF17:
ARM GAS  C:\Users\DABBIR~1\AppData\Local\Temp\ccmEKBE9.s 			page 40


 1984 0471 45455F53 		.ascii	"EE_SREG\000"
 1984      52454700 
 1985              	.LASF30:
 1986 0479 7469636B 		.ascii	"ticksperbase\000"
 1986      73706572 
 1986      62617365 
 1986      00
 1987              	.LASF43:
 1988 0486 75736564 		.ascii	"used\000"
 1988      00
 1989              	.LASF47:
 1990 048b 45455F6F 		.ascii	"EE_oo_counter_object_RAM_type\000"
 1990      6F5F636F 
 1990      756E7465 
 1990      725F6F62 
 1990      6A656374 
 1991              	.LASF104:
 1992 04a9 45455F63 		.ascii	"EE_counter_ROM\000"
 1992      6F756E74 
 1992      65725F52 
 1992      4F4D00
 1993              	.LASF58:
 1994 04b8 45455F6F 		.ascii	"EE_oo_action_ROM_type\000"
 1994      6F5F6163 
 1994      74696F6E 
 1994      5F524F4D 
 1994      5F747970 
 1995              	.LASF10:
 1996 04ce 45455F55 		.ascii	"EE_UINT16\000"
 1996      494E5431 
 1996      3600
 1997              	.LASF37:
 1998 04d8 45455F53 		.ascii	"EE_SCHEDULETABLE\000"
 1998      43484544 
 1998      554C4554 
 1998      41424C45 
 1998      00
 1999              	.LASF69:
 2000 04e9 45455F63 		.ascii	"EE_cortex_mx_system_tos\000"
 2000      6F727465 
 2000      785F6D78 
 2000      5F737973 
 2000      74656D5F 
 2001              	.LASF1:
 2002 0501 756E7369 		.ascii	"unsigned char\000"
 2002      676E6564 
 2002      20636861 
 2002      7200
 2003              	.LASF36:
 2004 050f 45455F41 		.ascii	"EE_ALARM\000"
 2004      4C41524D 
 2004      00
 2005              	.LASF83:
 2006 0518 45455F74 		.ascii	"EE_th_next\000"
 2006      685F6E65 
 2006      787400
 2007              	.LASF68:
ARM GAS  C:\Users\DABBIR~1\AppData\Local\Temp\ccmEKBE9.s 			page 41


 2008 0523 45455F74 		.ascii	"EE_terminate_real_th_body\000"
 2008      65726D69 
 2008      6E617465 
 2008      5F726561 
 2008      6C5F7468 
 2009              	.LASF57:
 2010 053d 696E6363 		.ascii	"inccount\000"
 2010      6F756E74 
 2010      00
 2011              	.LASF2:
 2012 0546 73686F72 		.ascii	"short int\000"
 2012      7420696E 
 2012      7400
 2013              	.LASF96:
 2014 0550 45455F74 		.ascii	"EE_th_event_waitmask\000"
 2014      685F6576 
 2014      656E745F 
 2014      77616974 
 2014      6D61736B 
 2015              	.LASF110:
 2016 0565 45455F6F 		.ascii	"EE_oo_autostart_task_data\000"
 2016      6F5F6175 
 2016      746F7374 
 2016      6172745F 
 2016      7461736B 
 2017              	.LASF75:
 2018 057f 45455F54 		.ascii	"EE_TASK_NAME\000"
 2018      41534B5F 
 2018      4E414D45 
 2018      00
 2019              	.LASF32:
 2020 058c 45455F6F 		.ascii	"EE_oo_counter_ROM_type\000"
 2020      6F5F636F 
 2020      756E7465 
 2020      725F524F 
 2020      4D5F7479 
 2021              	.LASF119:
 2022 05a3 474E5520 		.ascii	"GNU C11 5.4.1 20160609 (release) [ARM/embedded-5-br"
 2022      43313120 
 2022      352E342E 
 2022      31203230 
 2022      31363036 
 2023 05d6 616E6368 		.ascii	"anch revision 237715] -mcpu=cortex-m3 -mthumb -g -O"
 2023      20726576 
 2023      6973696F 
 2023      6E203233 
 2023      37373135 
 2024 0609 67202D66 		.ascii	"g -ffunction-sections -ffat-lto-objects\000"
 2024      66756E63 
 2024      74696F6E 
 2024      2D736563 
 2024      74696F6E 
 2025              	.LASF56:
 2026 0631 61637469 		.ascii	"action_mask\000"
 2026      6F6E5F6D 
 2026      61736B00 
 2027              	.LASF15:
ARM GAS  C:\Users\DABBIR~1\AppData\Local\Temp\ccmEKBE9.s 			page 42


 2028 063d 45455F54 		.ascii	"EE_THREAD_PTR\000"
 2028      48524541 
 2028      445F5054 
 2028      5200
 2029              	.LASF90:
 2030 064b 45455F72 		.ascii	"EE_rq_queues_tail\000"
 2030      715F7175 
 2030      65756573 
 2030      5F746169 
 2030      6C00
 2031              	.LASF66:
 2032 065d 45455F73 		.ascii	"EE_std_thread_tos\000"
 2032      74645F74 
 2032      68726561 
 2032      645F746F 
 2032      7300
 2033              	.LASF51:
 2034 066f 45455F41 		.ascii	"EE_ACTION_CALLBACK\000"
 2034      4354494F 
 2034      4E5F4341 
 2034      4C4C4241 
 2034      434B00
 2035              	.LASF93:
 2036 0682 45455F72 		.ascii	"EE_rq_bitmask\000"
 2036      715F6269 
 2036      746D6173 
 2036      6B00
 2037              	.LASF103:
 2038 0690 45455F72 		.ascii	"EE_resource_stack\000"
 2038      65736F75 
 2038      7263655F 
 2038      73746163 
 2038      6B00
 2039              	.LASF34:
 2040 06a2 66697273 		.ascii	"first\000"
 2040      7400
 2041              	.LASF25:
 2042 06a8 436F756E 		.ascii	"CounterObjectType\000"
 2042      7465724F 
 2042      626A6563 
 2042      74547970 
 2042      6500
 2043              	.LASF74:
 2044 06ba 63686172 		.ascii	"char\000"
 2044      00
 2045              	.LASF48:
 2046 06bf 45455F41 		.ascii	"EE_ACTION_TASK\000"
 2046      4354494F 
 2046      4E5F5441 
 2046      534B00
 2047              	.LASF71:
 2048 06ce 45455F74 		.ascii	"EE_th_rnact_max\000"
 2048      685F726E 
 2048      6163745F 
 2048      6D617800 
 2049              	.LASF50:
 2050 06de 45455F41 		.ascii	"EE_ACTION_COUNTER\000"
ARM GAS  C:\Users\DABBIR~1\AppData\Local\Temp\ccmEKBE9.s 			page 43


 2050      4354494F 
 2050      4E5F434F 
 2050      554E5445 
 2050      5200
 2051              	.LASF108:
 2052 06f0 45455F63 		.ascii	"EE_counter_RAM\000"
 2052      6F756E74 
 2052      65725F52 
 2052      414D00
 2053              	.LASF40:
 2054 06ff 73706563 		.ascii	"spec_id\000"
 2054      5F696400 
 2055              	.LASF49:
 2056 0707 45455F41 		.ascii	"EE_ACTION_EVENT\000"
 2056      4354494F 
 2056      4E5F4556 
 2056      454E5400 
 2057              	.LASF65:
 2058 0717 45455F68 		.ascii	"EE_hal_thread_body\000"
 2058      616C5F74 
 2058      68726561 
 2058      645F626F 
 2058      647900
 2059              	.LASF87:
 2060 072a 45455F73 		.ascii	"EE_sys_ceiling\000"
 2060      79735F63 
 2060      65696C69 
 2060      6E6700
 2061              	.LASF54:
 2062 0739 61637469 		.ascii	"action_kind\000"
 2062      6F6E5F6B 
 2062      696E6400 
 2063              	.LASF63:
 2064 0745 7461736B 		.ascii	"task\000"
 2064      00
 2065              	.LASF109:
 2066 074a 45455F6F 		.ascii	"EE_oo_counter_object_RAM\000"
 2066      6F5F636F 
 2066      756E7465 
 2066      725F6F62 
 2066      6A656374 
 2067              	.LASF53:
 2068 0763 41637469 		.ascii	"ActionKindType\000"
 2068      6F6E4B69 
 2068      6E645479 
 2068      706500
 2069              	.LASF72:
 2070 0772 45455F74 		.ascii	"EE_th_ready_prio\000"
 2070      685F7265 
 2070      6164795F 
 2070      7072696F 
 2070      00
 2071              	.LASF84:
 2072 0783 45455F74 		.ascii	"EE_th_rnact\000"
 2072      685F726E 
 2072      61637400 
 2073              	.LASF92:
ARM GAS  C:\Users\DABBIR~1\AppData\Local\Temp\ccmEKBE9.s 			page 44


 2074 078f 45455F72 		.ascii	"EE_rq_pairs_tid\000"
 2074      715F7061 
 2074      6972735F 
 2074      74696400 
 2075              	.LASF115:
 2076 079f 45455F49 		.ascii	"EE_IRQ_nesting_level\000"
 2076      52515F6E 
 2076      65737469 
 2076      6E675F6C 
 2076      6576656C 
 2077              	.LASF12:
 2078 07b4 45455F55 		.ascii	"EE_UINT32\000"
 2078      494E5433 
 2078      3200
 2079              	.LASF11:
 2080 07be 45455F49 		.ascii	"EE_INT32\000"
 2080      4E543332 
 2080      00
 2081              	.LASF67:
 2082 07c7 45455F74 		.ascii	"EE_terminate_data\000"
 2082      65726D69 
 2082      6E617465 
 2082      5F646174 
 2082      6100
 2083              	.LASF120:
 2084 07d9 47656E65 		.ascii	"Generated_Source\\PSoC5\\ErikaOS_1_eecfg.c\000"
 2084      72617465 
 2084      645F536F 
 2084      75726365 
 2084      5C50536F 
 2085              	.LASF95:
 2086 0802 45455F74 		.ascii	"EE_th_event_active\000"
 2086      685F6576 
 2086      656E745F 
 2086      61637469 
 2086      766500
 2087              	.LASF44:
 2088 0815 636E7463 		.ascii	"cntcycle\000"
 2088      79636C65 
 2088      00
 2089              	.LASF28:
 2090 081e 5359535F 		.ascii	"SYS_tos\000"
 2090      746F7300 
 2091              	.LASF55:
 2092 0826 61637469 		.ascii	"action_task\000"
 2092      6F6E5F74 
 2092      61736B00 
 2093              	.LASF101:
 2094 0832 45455F72 		.ascii	"EE_resource_locked\000"
 2094      65736F75 
 2094      7263655F 
 2094      6C6F636B 
 2094      656400
 2095              	.LASF13:
 2096 0845 45455F41 		.ascii	"EE_ADDR\000"
 2096      44445200 
 2097              	.LASF98:
ARM GAS  C:\Users\DABBIR~1\AppData\Local\Temp\ccmEKBE9.s 			page 45


 2098 084d 45455F74 		.ascii	"EE_th_is_extended\000"
 2098      685F6973 
 2098      5F657874 
 2098      656E6465 
 2098      6400
 2099              	.LASF18:
 2100 085f 45455F46 		.ascii	"EE_FREG\000"
 2100      52454700 
 2101              	.LASF99:
 2102 0867 45455F72 		.ascii	"EE_resource_ceiling\000"
 2102      65736F75 
 2102      7263655F 
 2102      6365696C 
 2102      696E6700 
 2103              		.ident	"GCC: (GNU Tools for ARM Embedded Processors) 5.4.1 20160609 (release) [ARM/embedded-5-bran
