ARM GAS  C:\Users\DABBIR~1\AppData\Local\Temp\ccAApJcW.s 			page 1


   1              		.syntax unified
   2              		.cpu cortex-m3
   3              		.fpu softvfp
   4              		.eabi_attribute 20, 1
   5              		.eabi_attribute 21, 1
   6              		.eabi_attribute 23, 3
   7              		.eabi_attribute 24, 1
   8              		.eabi_attribute 25, 1
   9              		.eabi_attribute 26, 1
  10              		.eabi_attribute 30, 1
  11              		.eabi_attribute 34, 1
  12              		.eabi_attribute 18, 4
  13              		.thumb
  14              		.syntax unified
  15              		.file	"uart.c"
  16              		.text
  17              	.Ltext0:
  18              		.cfi_sections	.debug_frame
  19              		.section	.text.UART_init,"ax",%progbits
  20              		.align	2
  21              		.global	UART_init
  22              		.thumb
  23              		.thumb_func
  24              		.type	UART_init, %function
  25              	UART_init:
  26              	.LFB110:
  27              		.file 1 "source\\bsw\\cdd\\uart.c"
   1:source\bsw\cdd/uart.c **** /**
   2:source\bsw\cdd/uart.c **** * \file uart.c
   3:source\bsw\cdd/uart.c **** * \author P. Fromm
   4:source\bsw\cdd/uart.c **** * \date 8.12.19
   5:source\bsw\cdd/uart.c **** *
   6:source\bsw\cdd/uart.c **** * \brief UART wrapper
   7:source\bsw\cdd/uart.c **** *
   8:source\bsw\cdd/uart.c **** * \copyright Copyright ©2016
   9:source\bsw\cdd/uart.c **** * Department of electrical engineering and information technology, Hochschule Darmstadt - Universit
  10:source\bsw\cdd/uart.c **** * Permission to use, copy, modify, and distribute this software and its documentation for education
  11:source\bsw\cdd/uart.c **** * (unless permitted by h_da) and official h_da projects, is hereby granted for enrolled students of
  12:source\bsw\cdd/uart.c **** * this paragraph and the following paragraph appear in all copies, modifications, and distributions
  13:source\bsw\cdd/uart.c **** * Contact Prof.Dr.-Ing. Peter Fromm, peter.fromm@h-da.de, Birkenweg 8 64295 Darmstadt - GERMANY for
  14:source\bsw\cdd/uart.c **** *
  15:source\bsw\cdd/uart.c **** * \warning This software is a PROTOTYPE version and is not designed or intended for use in producti
  16:source\bsw\cdd/uart.c **** * The user represents and warrants that it will NOT use or redistribute the Software for such purpo
  17:source\bsw\cdd/uart.c **** * This prototype is for research purposes only. This software is provided "AS IS," without a warran
  18:source\bsw\cdd/uart.c **** */
  19:source\bsw\cdd/uart.c **** 
  20:source\bsw\cdd/uart.c **** /*****************************************************************************/
  21:source\bsw\cdd/uart.c **** /* Include files                                                             */
  22:source\bsw\cdd/uart.c **** /*****************************************************************************/
  23:source\bsw\cdd/uart.c **** #include <string.h>
  24:source\bsw\cdd/uart.c **** 
  25:source\bsw\cdd/uart.c **** #include "uart.h"
  26:source\bsw\cdd/uart.c **** #include "uart_cfg.h"
  27:source\bsw\cdd/uart.c **** 
  28:source\bsw\cdd/uart.c **** /*****************************************************************************/
  29:source\bsw\cdd/uart.c **** /* Local pre-processor symbols/macros ('#define')                            */
  30:source\bsw\cdd/uart.c **** /*****************************************************************************/
ARM GAS  C:\Users\DABBIR~1\AppData\Local\Temp\ccAApJcW.s 			page 2


  31:source\bsw\cdd/uart.c **** 
  32:source\bsw\cdd/uart.c **** /*****************************************************************************/
  33:source\bsw\cdd/uart.c **** /* Global variable definitions (declared in header file with 'extern')       */
  34:source\bsw\cdd/uart.c **** /*****************************************************************************/
  35:source\bsw\cdd/uart.c **** 
  36:source\bsw\cdd/uart.c **** /*****************************************************************************/
  37:source\bsw\cdd/uart.c **** /* Local type definitions ('typedef')                                        */
  38:source\bsw\cdd/uart.c **** /*****************************************************************************/
  39:source\bsw\cdd/uart.c **** 
  40:source\bsw\cdd/uart.c **** /*****************************************************************************/
  41:source\bsw\cdd/uart.c **** /* Local variable definitions ('static')                                     */
  42:source\bsw\cdd/uart.c **** /*****************************************************************************/
  43:source\bsw\cdd/uart.c **** 
  44:source\bsw\cdd/uart.c **** 
  45:source\bsw\cdd/uart.c **** 
  46:source\bsw\cdd/uart.c **** /*****************************************************************************/
  47:source\bsw\cdd/uart.c **** /* Local function prototypes ('static')                                      */
  48:source\bsw\cdd/uart.c **** /*****************************************************************************/
  49:source\bsw\cdd/uart.c **** 
  50:source\bsw\cdd/uart.c **** 
  51:source\bsw\cdd/uart.c **** /*****************************************************************************/
  52:source\bsw\cdd/uart.c **** /* Function implementation - global ('extern') and local ('static')          */
  53:source\bsw\cdd/uart.c **** /*****************************************************************************/
  54:source\bsw\cdd/uart.c **** 
  55:source\bsw\cdd/uart.c **** /**
  56:source\bsw\cdd/uart.c ****  * Init a Uart Port
  57:source\bsw\cdd/uart.c ****  * @param UART_t * const me : IN/OUT - pointer to uart port object 
  58:source\bsw\cdd/uart.c ****  * @return RC_SUCCESS or error code
  59:source\bsw\cdd/uart.c ****  */
  60:source\bsw\cdd/uart.c **** RC_t UART_init(UART_t *const me)
  61:source\bsw\cdd/uart.c **** {
  28              		.loc 1 61 0
  29              		.cfi_startproc
  30              		@ args = 0, pretend = 0, frame = 0
  31              		@ frame_needed = 0, uses_anonymous_args = 0
  32              	.LVL0:
  33 0000 10B5     		push	{r4, lr}
  34              		.cfi_def_cfa_offset 8
  35              		.cfi_offset 4, -8
  36              		.cfi_offset 14, -4
  37 0002 0446     		mov	r4, r0
  62:source\bsw\cdd/uart.c ****     RB_init(&me->m_rxBuffer);
  38              		.loc 1 62 0
  39 0004 6A30     		adds	r0, r0, #106
  40              	.LVL1:
  41 0006 FFF7FEFF 		bl	RB_init
  42              	.LVL2:
  63:source\bsw\cdd/uart.c ****     RB_init(&me->m_txBuffer);
  43              		.loc 1 63 0
  44 000a 2046     		mov	r0, r4
  45 000c FFF7FEFF 		bl	RB_init
  46              	.LVL3:
  64:source\bsw\cdd/uart.c ****     
  65:source\bsw\cdd/uart.c ****     UART_start();
  47              		.loc 1 65 0
  48 0010 FFF7FEFF 		bl	UART_LOG_Start
  49              	.LVL4:
ARM GAS  C:\Users\DABBIR~1\AppData\Local\Temp\ccAApJcW.s 			page 3


  66:source\bsw\cdd/uart.c **** }
  50              		.loc 1 66 0
  51 0014 10BD     		pop	{r4, pc}
  52              		.cfi_endproc
  53              	.LFE110:
  54              		.size	UART_init, .-UART_init
  55 0016 00BF     		.section	.text.UART_writeString,"ax",%progbits
  56              		.align	2
  57              		.global	UART_writeString
  58              		.thumb
  59              		.thumb_func
  60              		.type	UART_writeString, %function
  61              	UART_writeString:
  62              	.LFB111:
  67:source\bsw\cdd/uart.c **** 
  68:source\bsw\cdd/uart.c **** /**
  69:source\bsw\cdd/uart.c ****  * Write a string to the UART, Using Ringbuffer and ISR
  70:source\bsw\cdd/uart.c ****  * @param UART_t * const me : IN/OUT - pointer to uart port object 
  71:source\bsw\cdd/uart.c ****  * @param uint8_t const * const s : IN - pointer to the string to be transmitted
  72:source\bsw\cdd/uart.c ****  * @return <return description>
  73:source\bsw\cdd/uart.c ****  */
  74:source\bsw\cdd/uart.c **** RC_t UART_writeString(UART_t *const me, uint8_t const * const s)
  75:source\bsw\cdd/uart.c **** {
  63              		.loc 1 75 0
  64              		.cfi_startproc
  65              		@ args = 0, pretend = 0, frame = 8
  66              		@ frame_needed = 0, uses_anonymous_args = 0
  67              	.LVL5:
  68 0000 2DE9F041 		push	{r4, r5, r6, r7, r8, lr}
  69              		.cfi_def_cfa_offset 24
  70              		.cfi_offset 4, -24
  71              		.cfi_offset 5, -20
  72              		.cfi_offset 6, -16
  73              		.cfi_offset 7, -12
  74              		.cfi_offset 8, -8
  75              		.cfi_offset 14, -4
  76 0004 82B0     		sub	sp, sp, #8
  77              		.cfi_def_cfa_offset 32
  78 0006 8046     		mov	r8, r0
  79 0008 0E46     		mov	r6, r1
  76:source\bsw\cdd/uart.c ****     //Write data into ringbuffer
  77:source\bsw\cdd/uart.c ****     uint16_t len = strlen(s);
  80              		.loc 1 77 0
  81 000a 0846     		mov	r0, r1
  82              	.LVL6:
  83 000c FFF7FEFF 		bl	strlen
  84              	.LVL7:
  85 0010 85B2     		uxth	r5, r0
  86              	.LVL8:
  78:source\bsw\cdd/uart.c ****     uint16_t capacity = RB_getCapacity(&me->m_txBuffer);
  87              		.loc 1 78 0
  88 0012 4046     		mov	r0, r8
  89 0014 FFF7FEFF 		bl	RB_getCapacity
  90              	.LVL9:
  79:source\bsw\cdd/uart.c ****     
  80:source\bsw\cdd/uart.c ****     if (len < capacity)
  91              		.loc 1 80 0
ARM GAS  C:\Users\DABBIR~1\AppData\Local\Temp\ccAApJcW.s 			page 4


  92 0018 8542     		cmp	r5, r0
  93 001a 09D3     		bcc	.L7
  81:source\bsw\cdd/uart.c ****     {
  82:source\bsw\cdd/uart.c ****         for (uint16_t i = 0; i < len; i++)
  83:source\bsw\cdd/uart.c ****         {
  84:source\bsw\cdd/uart.c ****             RB_write(&me->m_txBuffer, &s[i]);
  85:source\bsw\cdd/uart.c ****         }
  86:source\bsw\cdd/uart.c ****     
  87:source\bsw\cdd/uart.c ****         //Initiate transfer
  88:source\bsw\cdd/uart.c ****         //Can be optimized in terms of speed
  89:source\bsw\cdd/uart.c ****         uint8_t firstElement = 0;
  90:source\bsw\cdd/uart.c ****         RB_read(&me->m_txBuffer, &firstElement);
  91:source\bsw\cdd/uart.c ****         
  92:source\bsw\cdd/uart.c ****         //Send to driver
  93:source\bsw\cdd/uart.c ****         //Rest will be transmitted by TX_isr;
  94:source\bsw\cdd/uart.c ****         UART_writeByte(firstElement);
  95:source\bsw\cdd/uart.c ****     }
  96:source\bsw\cdd/uart.c ****     else
  97:source\bsw\cdd/uart.c ****     {
  98:source\bsw\cdd/uart.c ****         return RC_ERROR_MEMORY;
  94              		.loc 1 98 0
  95 001c 6FF00300 		mvn	r0, #3
  96              	.LVL10:
  97 0020 16E0     		b	.L5
  98              	.LVL11:
  99              	.L6:
 100              	.LBB2:
 101              	.LBB3:
  84:source\bsw\cdd/uart.c ****         }
 102              		.loc 1 84 0 discriminator 3
 103 0022 3119     		adds	r1, r6, r4
 104 0024 3846     		mov	r0, r7
 105 0026 FFF7FEFF 		bl	RB_write
 106              	.LVL12:
  82:source\bsw\cdd/uart.c ****         {
 107              		.loc 1 82 0 discriminator 3
 108 002a 0134     		adds	r4, r4, #1
 109              	.LVL13:
 110 002c A4B2     		uxth	r4, r4
 111              	.LVL14:
 112 002e 01E0     		b	.L4
 113              	.LVL15:
 114              	.L7:
 115 0030 4746     		mov	r7, r8
 116              	.LBE3:
 117              	.LBE2:
 118 0032 0024     		movs	r4, #0
 119              	.LVL16:
 120              	.L4:
 121              	.LBB5:
 122              	.LBB4:
  82:source\bsw\cdd/uart.c ****         {
 123              		.loc 1 82 0 is_stmt 0 discriminator 1
 124 0034 AC42     		cmp	r4, r5
 125 0036 F4D3     		bcc	.L6
 126              	.LBE4:
  89:source\bsw\cdd/uart.c ****         RB_read(&me->m_txBuffer, &firstElement);
ARM GAS  C:\Users\DABBIR~1\AppData\Local\Temp\ccAApJcW.s 			page 5


 127              		.loc 1 89 0 is_stmt 1
 128 0038 0024     		movs	r4, #0
 129              	.LVL17:
 130 003a 02A9     		add	r1, sp, #8
 131 003c 01F8014D 		strb	r4, [r1, #-1]!
  90:source\bsw\cdd/uart.c ****         
 132              		.loc 1 90 0
 133 0040 4046     		mov	r0, r8
 134 0042 FFF7FEFF 		bl	RB_read
 135              	.LVL18:
  94:source\bsw\cdd/uart.c ****     }
 136              		.loc 1 94 0
 137 0046 9DF80700 		ldrb	r0, [sp, #7]	@ zero_extendqisi2
 138 004a FFF7FEFF 		bl	UART_LOG_WriteTxData
 139              	.LVL19:
 140              	.LBE5:
  99:source\bsw\cdd/uart.c ****     }
 100:source\bsw\cdd/uart.c ****     
 101:source\bsw\cdd/uart.c ****     return RC_SUCCESS;
 141              		.loc 1 101 0
 142 004e 2046     		mov	r0, r4
 143              	.LVL20:
 144              	.L5:
 102:source\bsw\cdd/uart.c **** }
 145              		.loc 1 102 0
 146 0050 02B0     		add	sp, sp, #8
 147              		.cfi_def_cfa_offset 24
 148              		@ sp needed
 149 0052 BDE8F081 		pop	{r4, r5, r6, r7, r8, pc}
 150              		.cfi_endproc
 151              	.LFE111:
 152              		.size	UART_writeString, .-UART_writeString
 153              		.section	.text.UART_readString,"ax",%progbits
 154              		.align	2
 155              		.global	UART_readString
 156              		.thumb
 157              		.thumb_func
 158              		.type	UART_readString, %function
 159              	UART_readString:
 160              	.LFB112:
 103:source\bsw\cdd/uart.c **** /**
 104:source\bsw\cdd/uart.c ****  * Write a read to the UART, Using Ringbuffer and ISR
 105:source\bsw\cdd/uart.c ****  * @param UART_t * const me : IN/OUT - pointer to uart port object 
 106:source\bsw\cdd/uart.c ****  * @param uint8_t const * const s : OUT - pointer to the string to be received
 107:source\bsw\cdd/uart.c ****  * @return RC_SUCCESS or errorcode
 108:source\bsw\cdd/uart.c ****  */
 109:source\bsw\cdd/uart.c **** RC_t UART_readString(UART_t *const me, uint8_t const * const s)
 110:source\bsw\cdd/uart.c **** {
 161              		.loc 1 110 0
 162              		.cfi_startproc
 163              		@ args = 0, pretend = 0, frame = 0
 164              		@ frame_needed = 0, uses_anonymous_args = 0
 165              		@ link register save eliminated.
 166              	.LVL21:
 167              	.LVL22:
 111:source\bsw\cdd/uart.c ****    //read data from ringbuffer
 112:source\bsw\cdd/uart.c ****     
ARM GAS  C:\Users\DABBIR~1\AppData\Local\Temp\ccAApJcW.s 			page 6


 113:source\bsw\cdd/uart.c **** }
 168              		.loc 1 113 0
 169 0000 7047     		bx	lr
 170              		.cfi_endproc
 171              	.LFE112:
 172              		.size	UART_readString, .-UART_readString
 173 0002 00BF     		.section	.text.UART_TX_isrHandler,"ax",%progbits
 174              		.align	2
 175              		.global	UART_TX_isrHandler
 176              		.thumb
 177              		.thumb_func
 178              		.type	UART_TX_isrHandler, %function
 179              	UART_TX_isrHandler:
 180              	.LFB113:
 114:source\bsw\cdd/uart.c **** 
 115:source\bsw\cdd/uart.c **** /**
 116:source\bsw\cdd/uart.c ****  * Write next char to the UART port
 117:source\bsw\cdd/uart.c ****  * @param UART_t * const me : IN/OUT - pointer to uart port object 
 118:source\bsw\cdd/uart.c ****  * @return RC_SUCCESS or errorcode
 119:source\bsw\cdd/uart.c ****  */
 120:source\bsw\cdd/uart.c **** RC_t UART_TX_isrHandler(UART_t *const me)
 121:source\bsw\cdd/uart.c **** {
 181              		.loc 1 121 0
 182              		.cfi_startproc
 183              		@ args = 0, pretend = 0, frame = 8
 184              		@ frame_needed = 0, uses_anonymous_args = 0
 185              	.LVL23:
 186 0000 30B5     		push	{r4, r5, lr}
 187              		.cfi_def_cfa_offset 12
 188              		.cfi_offset 4, -12
 189              		.cfi_offset 5, -8
 190              		.cfi_offset 14, -4
 191 0002 83B0     		sub	sp, sp, #12
 192              		.cfi_def_cfa_offset 24
 193 0004 0546     		mov	r5, r0
 122:source\bsw\cdd/uart.c ****     
 123:source\bsw\cdd/uart.c ****     if (RB_getNumberOfStoredElements(&me->m_txBuffer))
 194              		.loc 1 123 0
 195 0006 FFF7FEFF 		bl	RB_getNumberOfStoredElements
 196              	.LVL24:
 197 000a 60B1     		cbz	r0, .L12
 198              	.LBB6:
 124:source\bsw\cdd/uart.c ****     {
 125:source\bsw\cdd/uart.c ****         uint8_t nextElement = 0;
 199              		.loc 1 125 0
 200 000c 0024     		movs	r4, #0
 201 000e 02A9     		add	r1, sp, #8
 202 0010 01F8014D 		strb	r4, [r1, #-1]!
 126:source\bsw\cdd/uart.c ****         RB_read(&me->m_txBuffer, &nextElement);
 203              		.loc 1 126 0
 204 0014 2846     		mov	r0, r5
 205 0016 FFF7FEFF 		bl	RB_read
 206              	.LVL25:
 127:source\bsw\cdd/uart.c ****         
 128:source\bsw\cdd/uart.c ****         //Send to driver
 129:source\bsw\cdd/uart.c ****         UART_writeByte(nextElement);
 207              		.loc 1 129 0
ARM GAS  C:\Users\DABBIR~1\AppData\Local\Temp\ccAApJcW.s 			page 7


 208 001a 9DF80700 		ldrb	r0, [sp, #7]	@ zero_extendqisi2
 209 001e FFF7FEFF 		bl	UART_LOG_WriteTxData
 210              	.LVL26:
 130:source\bsw\cdd/uart.c ****         
 131:source\bsw\cdd/uart.c ****         return RC_SUCCESS;
 211              		.loc 1 131 0
 212 0022 2046     		mov	r0, r4
 213 0024 01E0     		b	.L11
 214              	.L12:
 215              	.LBE6:
 132:source\bsw\cdd/uart.c ****     }
 133:source\bsw\cdd/uart.c ****     else
 134:source\bsw\cdd/uart.c ****     {
 135:source\bsw\cdd/uart.c ****         //do nothing, transfer ended
 136:source\bsw\cdd/uart.c ****         return RC_ERROR_BUFFER_EMTPY;
 216              		.loc 1 136 0
 217 0026 6FF00800 		mvn	r0, #8
 218              	.L11:
 137:source\bsw\cdd/uart.c ****     }
 138:source\bsw\cdd/uart.c ****     
 139:source\bsw\cdd/uart.c **** }
 219              		.loc 1 139 0 discriminator 1
 220 002a 03B0     		add	sp, sp, #12
 221              		.cfi_def_cfa_offset 12
 222              		@ sp needed
 223 002c 30BD     		pop	{r4, r5, pc}
 224              		.cfi_endproc
 225              	.LFE113:
 226              		.size	UART_TX_isrHandler, .-UART_TX_isrHandler
 227 002e 00BF     		.section	.text.UART_RX_isrHandler,"ax",%progbits
 228              		.align	2
 229              		.global	UART_RX_isrHandler
 230              		.thumb
 231              		.thumb_func
 232              		.type	UART_RX_isrHandler, %function
 233              	UART_RX_isrHandler:
 234              	.LFB114:
 140:source\bsw\cdd/uart.c **** /**
 141:source\bsw\cdd/uart.c ****  * Read next char to the UART port
 142:source\bsw\cdd/uart.c ****  * @param UART_t * const me : IN/OUT - pointer to uart port object 
 143:source\bsw\cdd/uart.c ****  * @return RC_SUCCESS or errorcode
 144:source\bsw\cdd/uart.c ****  */
 145:source\bsw\cdd/uart.c **** RC_t UART_RX_isrHandler(UART_t *const me)
 146:source\bsw\cdd/uart.c **** {
 235              		.loc 1 146 0
 236              		.cfi_startproc
 237              		@ args = 0, pretend = 0, frame = 8
 238              		@ frame_needed = 0, uses_anonymous_args = 0
 239              	.LVL27:
 240 0000 10B5     		push	{r4, lr}
 241              		.cfi_def_cfa_offset 8
 242              		.cfi_offset 4, -8
 243              		.cfi_offset 14, -4
 244 0002 82B0     		sub	sp, sp, #8
 245              		.cfi_def_cfa_offset 16
 246 0004 0446     		mov	r4, r0
 147:source\bsw\cdd/uart.c ****     uint8_t data=UART_LOG_GetChar();
ARM GAS  C:\Users\DABBIR~1\AppData\Local\Temp\ccAApJcW.s 			page 8


 247              		.loc 1 147 0
 248 0006 FFF7FEFF 		bl	UART_LOG_GetChar
 249              	.LVL28:
 250 000a 02A9     		add	r1, sp, #8
 251 000c 01F8010D 		strb	r0, [r1, #-1]!
 148:source\bsw\cdd/uart.c ****     
 149:source\bsw\cdd/uart.c ****     RB_write(&me->m_rxBuffer,&data);
 252              		.loc 1 149 0
 253 0010 04F16A00 		add	r0, r4, #106
 254 0014 FFF7FEFF 		bl	RB_write
 255              	.LVL29:
 150:source\bsw\cdd/uart.c ****     
 151:source\bsw\cdd/uart.c ****     if(data=='$')
 256              		.loc 1 151 0
 257 0018 9DF80730 		ldrb	r3, [sp, #7]	@ zero_extendqisi2
 258 001c 242B     		cmp	r3, #36
 259 001e 03D1     		bne	.L15
 152:source\bsw\cdd/uart.c ****     {
 153:source\bsw\cdd/uart.c ****         SetEvent(tsk_json,endOfLine);
 260              		.loc 1 153 0
 261 0020 0121     		movs	r1, #1
 262 0022 0520     		movs	r0, #5
 263 0024 FFF7FEFF 		bl	EE_oo_SetEvent
 264              	.LVL30:
 265              	.L15:
 154:source\bsw\cdd/uart.c ****     }
 155:source\bsw\cdd/uart.c ****     
 156:source\bsw\cdd/uart.c **** }...
 266              		.loc 1 156 0
 267 0028 02B0     		add	sp, sp, #8
 268              		.cfi_def_cfa_offset 8
 269              		@ sp needed
 270 002a 10BD     		pop	{r4, pc}
 271              		.cfi_endproc
 272              	.LFE114:
 273              		.size	UART_RX_isrHandler, .-UART_RX_isrHandler
 274              		.text
 275              	.Letext0:
 276              		.file 2 "c:\\program files (x86)\\cypress\\psoc creator\\4.4\\psoc creator\\import\\gnu\\arm\\5.4.
 277              		.file 3 "c:\\program files (x86)\\cypress\\psoc creator\\4.4\\psoc creator\\import\\gnu\\arm\\5.4.
 278              		.file 4 "Generated_Source\\PSoC5/ErikaOS_1_common_ee_types.inc"
 279              		.file 5 "Generated_Source\\PSoC5/ErikaOS_1_cortex_mx_ee_cpu.inc"
 280              		.file 6 ".\\source\\bsw/global.h"
 281              		.file 7 "source\\bsw\\cdd\\ringbuffer_cfg.h"
 282              		.file 8 "source\\bsw\\cdd\\ringbuffer.h"
 283              		.file 9 "source\\bsw\\cdd\\uart.h"
 284              		.file 10 "Generated_Source\\PSoC5/ErikaOS_1_ee_oo_intfunc.inc"
 285              		.file 11 "Generated_Source\\PSoC5/ErikaOS_1_cortex_mx_ee_context.inc"
 286              		.file 12 "Generated_Source\\PSoC5/ErikaOS_1_common_ee_primitives.inc"
 287              		.file 13 "Generated_Source\\PSoC5/core_cm3.h"
 288              		.file 14 "Generated_Source\\PSoC5/UART_LOG.h"
 289              		.file 15 "c:\\program files (x86)\\cypress\\psoc creator\\4.4\\psoc creator\\import\\gnu\\arm\\5.4
 290              		.file 16 "Generated_Source\\PSoC5/ErikaOS_1_ee_oo_kernel.inc"
 291              		.section	.debug_info,"",%progbits
 292              	.Ldebug_info0:
 293 0000 6D050000 		.4byte	0x56d
 294 0004 0400     		.2byte	0x4
ARM GAS  C:\Users\DABBIR~1\AppData\Local\Temp\ccAApJcW.s 			page 9


 295 0006 00000000 		.4byte	.Ldebug_abbrev0
 296 000a 04       		.byte	0x4
 297 000b 01       		.uleb128 0x1
 298 000c 5B030000 		.4byte	.LASF86
 299 0010 0C       		.byte	0xc
 300 0011 2F040000 		.4byte	.LASF87
 301 0015 40020000 		.4byte	.LASF88
 302 0019 30000000 		.4byte	.Ldebug_ranges0+0x30
 303 001d 00000000 		.4byte	0
 304 0021 00000000 		.4byte	.Ldebug_line0
 305 0025 02       		.uleb128 0x2
 306 0026 04       		.byte	0x4
 307 0027 05       		.byte	0x5
 308 0028 696E7400 		.ascii	"int\000"
 309 002c 03       		.uleb128 0x3
 310 002d 04       		.byte	0x4
 311 002e 07       		.byte	0x7
 312 002f EF020000 		.4byte	.LASF0
 313 0033 03       		.uleb128 0x3
 314 0034 08       		.byte	0x8
 315 0035 05       		.byte	0x5
 316 0036 6B010000 		.4byte	.LASF1
 317 003a 03       		.uleb128 0x3
 318 003b 08       		.byte	0x8
 319 003c 04       		.byte	0x4
 320 003d 1D020000 		.4byte	.LASF2
 321 0041 03       		.uleb128 0x3
 322 0042 01       		.byte	0x1
 323 0043 06       		.byte	0x6
 324 0044 C3020000 		.4byte	.LASF3
 325 0048 04       		.uleb128 0x4
 326 0049 98050000 		.4byte	.LASF6
 327 004d 02       		.byte	0x2
 328 004e 1D       		.byte	0x1d
 329 004f 53000000 		.4byte	0x53
 330 0053 03       		.uleb128 0x3
 331 0054 01       		.byte	0x1
 332 0055 08       		.byte	0x8
 333 0056 29020000 		.4byte	.LASF4
 334 005a 03       		.uleb128 0x3
 335 005b 02       		.byte	0x2
 336 005c 05       		.byte	0x5
 337 005d 5F000000 		.4byte	.LASF5
 338 0061 04       		.uleb128 0x4
 339 0062 D4000000 		.4byte	.LASF7
 340 0066 02       		.byte	0x2
 341 0067 2B       		.byte	0x2b
 342 0068 6C000000 		.4byte	0x6c
 343 006c 03       		.uleb128 0x3
 344 006d 02       		.byte	0x2
 345 006e 07       		.byte	0x7
 346 006f 48030000 		.4byte	.LASF8
 347 0073 04       		.uleb128 0x4
 348 0074 DE040000 		.4byte	.LASF9
 349 0078 02       		.byte	0x2
 350 0079 3F       		.byte	0x3f
 351 007a 7E000000 		.4byte	0x7e
ARM GAS  C:\Users\DABBIR~1\AppData\Local\Temp\ccAApJcW.s 			page 10


 352 007e 03       		.uleb128 0x3
 353 007f 04       		.byte	0x4
 354 0080 05       		.byte	0x5
 355 0081 B0010000 		.4byte	.LASF10
 356 0085 03       		.uleb128 0x3
 357 0086 04       		.byte	0x4
 358 0087 07       		.byte	0x7
 359 0088 75040000 		.4byte	.LASF11
 360 008c 03       		.uleb128 0x3
 361 008d 08       		.byte	0x8
 362 008e 07       		.byte	0x7
 363 008f D8020000 		.4byte	.LASF12
 364 0093 03       		.uleb128 0x3
 365 0094 04       		.byte	0x4
 366 0095 07       		.byte	0x7
 367 0096 83000000 		.4byte	.LASF13
 368 009a 03       		.uleb128 0x3
 369 009b 01       		.byte	0x1
 370 009c 08       		.byte	0x8
 371 009d E9030000 		.4byte	.LASF14
 372 00a1 04       		.uleb128 0x4
 373 00a2 E6000000 		.4byte	.LASF15
 374 00a6 03       		.byte	0x3
 375 00a7 18       		.byte	0x18
 376 00a8 48000000 		.4byte	0x48
 377 00ac 04       		.uleb128 0x4
 378 00ad EE030000 		.4byte	.LASF16
 379 00b1 03       		.byte	0x3
 380 00b2 24       		.byte	0x24
 381 00b3 61000000 		.4byte	0x61
 382 00b7 04       		.uleb128 0x4
 383 00b8 05040000 		.4byte	.LASF17
 384 00bc 03       		.byte	0x3
 385 00bd 2C       		.byte	0x2c
 386 00be 73000000 		.4byte	0x73
 387 00c2 03       		.uleb128 0x3
 388 00c3 04       		.byte	0x4
 389 00c4 04       		.byte	0x4
 390 00c5 4C010000 		.4byte	.LASF18
 391 00c9 03       		.uleb128 0x3
 392 00ca 08       		.byte	0x8
 393 00cb 04       		.byte	0x4
 394 00cc 87040000 		.4byte	.LASF19
 395 00d0 04       		.uleb128 0x4
 396 00d1 3F030000 		.4byte	.LASF20
 397 00d5 04       		.byte	0x4
 398 00d6 53       		.byte	0x53
 399 00d7 25000000 		.4byte	0x25
 400 00db 04       		.uleb128 0x4
 401 00dc CA000000 		.4byte	.LASF21
 402 00e0 04       		.byte	0x4
 403 00e1 54       		.byte	0x54
 404 00e2 2C000000 		.4byte	0x2c
 405 00e6 04       		.uleb128 0x4
 406 00e7 B9040000 		.4byte	.LASF22
 407 00eb 05       		.byte	0x5
 408 00ec 4D       		.byte	0x4d
ARM GAS  C:\Users\DABBIR~1\AppData\Local\Temp\ccAApJcW.s 			page 11


 409 00ed DB000000 		.4byte	0xdb
 410 00f1 04       		.uleb128 0x4
 411 00f2 9F000000 		.4byte	.LASF23
 412 00f6 05       		.byte	0x5
 413 00f7 4F       		.byte	0x4f
 414 00f8 DB000000 		.4byte	0xdb
 415 00fc 04       		.uleb128 0x4
 416 00fd DF000000 		.4byte	.LASF24
 417 0101 05       		.byte	0x5
 418 0102 78       		.byte	0x78
 419 0103 D0000000 		.4byte	0xd0
 420 0107 05       		.uleb128 0x5
 421 0108 65524300 		.ascii	"eRC\000"
 422 010c 01       		.byte	0x1
 423 010d 41000000 		.4byte	0x41
 424 0111 06       		.byte	0x6
 425 0112 AC       		.byte	0xac
 426 0113 AE010000 		.4byte	0x1ae
 427 0117 06       		.uleb128 0x6
 428 0118 3A000000 		.4byte	.LASF25
 429 011c 00       		.byte	0
 430 011d 07       		.uleb128 0x7
 431 011e 67050000 		.4byte	.LASF26
 432 0122 7F       		.sleb128 -1
 433 0123 07       		.uleb128 0x7
 434 0124 1B030000 		.4byte	.LASF27
 435 0128 7E       		.sleb128 -2
 436 0129 07       		.uleb128 0x7
 437 012a 91000000 		.4byte	.LASF28
 438 012e 7D       		.sleb128 -3
 439 012f 07       		.uleb128 0x7
 440 0130 70050000 		.4byte	.LASF29
 441 0134 7C       		.sleb128 -4
 442 0135 07       		.uleb128 0x7
 443 0136 3D010000 		.4byte	.LASF30
 444 013a 7B       		.sleb128 -5
 445 013b 07       		.uleb128 0x7
 446 013c CD040000 		.4byte	.LASF31
 447 0140 7A       		.sleb128 -6
 448 0141 07       		.uleb128 0x7
 449 0142 B9010000 		.4byte	.LASF32
 450 0146 79       		.sleb128 -7
 451 0147 07       		.uleb128 0x7
 452 0148 D9010000 		.4byte	.LASF33
 453 014c 78       		.sleb128 -8
 454 014d 07       		.uleb128 0x7
 455 014e 29030000 		.4byte	.LASF34
 456 0152 77       		.sleb128 -9
 457 0153 07       		.uleb128 0x7
 458 0154 CB010000 		.4byte	.LASF35
 459 0158 76       		.sleb128 -10
 460 0159 07       		.uleb128 0x7
 461 015a A2050000 		.4byte	.LASF36
 462 015e 75       		.sleb128 -11
 463 015f 07       		.uleb128 0x7
 464 0160 FC020000 		.4byte	.LASF37
 465 0164 74       		.sleb128 -12
ARM GAS  C:\Users\DABBIR~1\AppData\Local\Temp\ccAApJcW.s 			page 12


 466 0165 07       		.uleb128 0x7
 467 0166 A7040000 		.4byte	.LASF38
 468 016a 73       		.sleb128 -13
 469 016b 07       		.uleb128 0x7
 470 016c 27000000 		.4byte	.LASF39
 471 0170 72       		.sleb128 -14
 472 0171 07       		.uleb128 0x7
 473 0172 4B000000 		.4byte	.LASF40
 474 0176 71       		.sleb128 -15
 475 0177 07       		.uleb128 0x7
 476 0178 EE010000 		.4byte	.LASF41
 477 017c 70       		.sleb128 -16
 478 017d 07       		.uleb128 0x7
 479 017e A7000000 		.4byte	.LASF42
 480 0182 6F       		.sleb128 -17
 481 0183 07       		.uleb128 0x7
 482 0184 6E000000 		.4byte	.LASF43
 483 0188 6E       		.sleb128 -18
 484 0189 07       		.uleb128 0x7
 485 018a 8C010000 		.4byte	.LASF44
 486 018e 6D       		.sleb128 -19
 487 018f 07       		.uleb128 0x7
 488 0190 0D040000 		.4byte	.LASF45
 489 0194 6C       		.sleb128 -20
 490 0195 07       		.uleb128 0x7
 491 0196 FF010000 		.4byte	.LASF46
 492 019a 6B       		.sleb128 -21
 493 019b 07       		.uleb128 0x7
 494 019c B1020000 		.4byte	.LASF47
 495 01a0 6A       		.sleb128 -22
 496 01a1 07       		.uleb128 0x7
 497 01a2 EE000000 		.4byte	.LASF48
 498 01a6 69       		.sleb128 -23
 499 01a7 07       		.uleb128 0x7
 500 01a8 9F010000 		.4byte	.LASF49
 501 01ac 68       		.sleb128 -24
 502 01ad 00       		.byte	0
 503 01ae 04       		.uleb128 0x4
 504 01af 8C000000 		.4byte	.LASF50
 505 01b3 06       		.byte	0x6
 506 01b4 C8       		.byte	0xc8
 507 01b5 07010000 		.4byte	0x107
 508 01b9 04       		.uleb128 0x4
 509 01ba 1A010000 		.4byte	.LASF51
 510 01be 07       		.byte	0x7
 511 01bf 2F       		.byte	0x2f
 512 01c0 A1000000 		.4byte	0xa1
 513 01c4 08       		.uleb128 0x8
 514 01c5 73524200 		.ascii	"sRB\000"
 515 01c9 6A       		.byte	0x6a
 516 01ca 08       		.byte	0x8
 517 01cb 2F       		.byte	0x2f
 518 01cc 01020000 		.4byte	0x201
 519 01d0 09       		.uleb128 0x9
 520 01d1 60050000 		.4byte	.LASF52
 521 01d5 08       		.byte	0x8
 522 01d6 30       		.byte	0x30
ARM GAS  C:\Users\DABBIR~1\AppData\Local\Temp\ccAApJcW.s 			page 13


 523 01d7 01020000 		.4byte	0x201
 524 01db 00       		.byte	0
 525 01dc 09       		.uleb128 0x9
 526 01dd C1040000 		.4byte	.LASF53
 527 01e1 08       		.byte	0x8
 528 01e2 31       		.byte	0x31
 529 01e3 AC000000 		.4byte	0xac
 530 01e7 64       		.byte	0x64
 531 01e8 09       		.uleb128 0x9
 532 01e9 0F000000 		.4byte	.LASF54
 533 01ed 08       		.byte	0x8
 534 01ee 32       		.byte	0x32
 535 01ef AC000000 		.4byte	0xac
 536 01f3 66       		.byte	0x66
 537 01f4 09       		.uleb128 0x9
 538 01f5 11020000 		.4byte	.LASF55
 539 01f9 08       		.byte	0x8
 540 01fa 33       		.byte	0x33
 541 01fb AC000000 		.4byte	0xac
 542 01ff 68       		.byte	0x68
 543 0200 00       		.byte	0
 544 0201 0A       		.uleb128 0xa
 545 0202 B9010000 		.4byte	0x1b9
 546 0206 11020000 		.4byte	0x211
 547 020a 0B       		.uleb128 0xb
 548 020b 93000000 		.4byte	0x93
 549 020f 63       		.byte	0x63
 550 0210 00       		.byte	0
 551 0211 04       		.uleb128 0x4
 552 0212 69000000 		.4byte	.LASF56
 553 0216 08       		.byte	0x8
 554 0217 35       		.byte	0x35
 555 0218 C4010000 		.4byte	0x1c4
 556 021c 0C       		.uleb128 0xc
 557 021d 45000000 		.4byte	.LASF57
 558 0221 D4       		.byte	0xd4
 559 0222 09       		.byte	0x9
 560 0223 2F       		.byte	0x2f
 561 0224 41020000 		.4byte	0x241
 562 0228 09       		.uleb128 0x9
 563 0229 1C000000 		.4byte	.LASF58
 564 022d 09       		.byte	0x9
 565 022e 30       		.byte	0x30
 566 022f 11020000 		.4byte	0x211
 567 0233 00       		.byte	0
 568 0234 09       		.uleb128 0x9
 569 0235 79010000 		.4byte	.LASF59
 570 0239 09       		.byte	0x9
 571 023a 31       		.byte	0x31
 572 023b 11020000 		.4byte	0x211
 573 023f 6A       		.byte	0x6a
 574 0240 00       		.byte	0
 575 0241 04       		.uleb128 0x4
 576 0242 F7030000 		.4byte	.LASF60
 577 0246 09       		.byte	0x9
 578 0247 33       		.byte	0x33
 579 0248 1C020000 		.4byte	0x21c
ARM GAS  C:\Users\DABBIR~1\AppData\Local\Temp\ccAApJcW.s 			page 14


 580 024c 0D       		.uleb128 0xd
 581 024d 25040000 		.4byte	.LASF61
 582 0251 01       		.byte	0x1
 583 0252 3C       		.byte	0x3c
 584 0253 AE010000 		.4byte	0x1ae
 585 0257 00000000 		.4byte	.LFB110
 586 025b 16000000 		.4byte	.LFE110-.LFB110
 587 025f 01       		.uleb128 0x1
 588 0260 9C       		.byte	0x9c
 589 0261 A6020000 		.4byte	0x2a6
 590 0265 0E       		.uleb128 0xe
 591 0266 6D6500   		.ascii	"me\000"
 592 0269 01       		.byte	0x1
 593 026a 3C       		.byte	0x3c
 594 026b AC020000 		.4byte	0x2ac
 595 026f 00000000 		.4byte	.LLST0
 596 0273 0F       		.uleb128 0xf
 597 0274 0A000000 		.4byte	.LVL2
 598 0278 01050000 		.4byte	0x501
 599 027c 88020000 		.4byte	0x288
 600 0280 10       		.uleb128 0x10
 601 0281 01       		.uleb128 0x1
 602 0282 50       		.byte	0x50
 603 0283 03       		.uleb128 0x3
 604 0284 74       		.byte	0x74
 605 0285 EA00     		.sleb128 106
 606 0287 00       		.byte	0
 607 0288 0F       		.uleb128 0xf
 608 0289 10000000 		.4byte	.LVL3
 609 028d 01050000 		.4byte	0x501
 610 0291 9C020000 		.4byte	0x29c
 611 0295 10       		.uleb128 0x10
 612 0296 01       		.uleb128 0x1
 613 0297 50       		.byte	0x50
 614 0298 02       		.uleb128 0x2
 615 0299 74       		.byte	0x74
 616 029a 00       		.sleb128 0
 617 029b 00       		.byte	0
 618 029c 11       		.uleb128 0x11
 619 029d 14000000 		.4byte	.LVL4
 620 02a1 0C050000 		.4byte	0x50c
 621 02a5 00       		.byte	0
 622 02a6 12       		.uleb128 0x12
 623 02a7 04       		.byte	0x4
 624 02a8 41020000 		.4byte	0x241
 625 02ac 13       		.uleb128 0x13
 626 02ad A6020000 		.4byte	0x2a6
 627 02b1 0D       		.uleb128 0xd
 628 02b2 0A030000 		.4byte	.LASF62
 629 02b6 01       		.byte	0x1
 630 02b7 4A       		.byte	0x4a
 631 02b8 AE010000 		.4byte	0x1ae
 632 02bc 00000000 		.4byte	.LFB111
 633 02c0 56000000 		.4byte	.LFE111-.LFB111
 634 02c4 01       		.uleb128 0x1
 635 02c5 9C       		.byte	0x9c
 636 02c6 91030000 		.4byte	0x391
ARM GAS  C:\Users\DABBIR~1\AppData\Local\Temp\ccAApJcW.s 			page 15


 637 02ca 0E       		.uleb128 0xe
 638 02cb 6D6500   		.ascii	"me\000"
 639 02ce 01       		.byte	0x1
 640 02cf 4A       		.byte	0x4a
 641 02d0 AC020000 		.4byte	0x2ac
 642 02d4 1E000000 		.4byte	.LLST1
 643 02d8 0E       		.uleb128 0xe
 644 02d9 7300     		.ascii	"s\000"
 645 02db 01       		.byte	0x1
 646 02dc 4A       		.byte	0x4a
 647 02dd 9C030000 		.4byte	0x39c
 648 02e1 68000000 		.4byte	.LLST2
 649 02e5 14       		.uleb128 0x14
 650 02e6 6C656E00 		.ascii	"len\000"
 651 02ea 01       		.byte	0x1
 652 02eb 4D       		.byte	0x4d
 653 02ec AC000000 		.4byte	0xac
 654 02f0 01       		.uleb128 0x1
 655 02f1 55       		.byte	0x55
 656 02f2 15       		.uleb128 0x15
 657 02f3 CF020000 		.4byte	.LASF63
 658 02f7 01       		.byte	0x1
 659 02f8 4E       		.byte	0x4e
 660 02f9 AC000000 		.4byte	0xac
 661 02fd 86000000 		.4byte	.LLST3
 662 0301 16       		.uleb128 0x16
 663 0302 00000000 		.4byte	.Ldebug_ranges0+0
 664 0306 6C030000 		.4byte	0x36c
 665 030a 17       		.uleb128 0x17
 666 030b 31050000 		.4byte	.LASF64
 667 030f 01       		.byte	0x1
 668 0310 59       		.byte	0x59
 669 0311 A1000000 		.4byte	0xa1
 670 0315 02       		.uleb128 0x2
 671 0316 91       		.byte	0x91
 672 0317 67       		.sleb128 -25
 673 0318 16       		.uleb128 0x16
 674 0319 18000000 		.4byte	.Ldebug_ranges0+0x18
 675 031d 48030000 		.4byte	0x348
 676 0321 18       		.uleb128 0x18
 677 0322 6900     		.ascii	"i\000"
 678 0324 01       		.byte	0x1
 679 0325 52       		.byte	0x52
 680 0326 AC000000 		.4byte	0xac
 681 032a A4000000 		.4byte	.LLST4
 682 032e 19       		.uleb128 0x19
 683 032f 2A000000 		.4byte	.LVL12
 684 0333 17050000 		.4byte	0x517
 685 0337 10       		.uleb128 0x10
 686 0338 01       		.uleb128 0x1
 687 0339 50       		.byte	0x50
 688 033a 02       		.uleb128 0x2
 689 033b 77       		.byte	0x77
 690 033c 00       		.sleb128 0
 691 033d 10       		.uleb128 0x10
 692 033e 01       		.uleb128 0x1
 693 033f 51       		.byte	0x51
ARM GAS  C:\Users\DABBIR~1\AppData\Local\Temp\ccAApJcW.s 			page 16


 694 0340 05       		.uleb128 0x5
 695 0341 76       		.byte	0x76
 696 0342 00       		.sleb128 0
 697 0343 74       		.byte	0x74
 698 0344 00       		.sleb128 0
 699 0345 22       		.byte	0x22
 700 0346 00       		.byte	0
 701 0347 00       		.byte	0
 702 0348 0F       		.uleb128 0xf
 703 0349 46000000 		.4byte	.LVL18
 704 034d 22050000 		.4byte	0x522
 705 0351 62030000 		.4byte	0x362
 706 0355 10       		.uleb128 0x10
 707 0356 01       		.uleb128 0x1
 708 0357 50       		.byte	0x50
 709 0358 02       		.uleb128 0x2
 710 0359 77       		.byte	0x77
 711 035a 00       		.sleb128 0
 712 035b 10       		.uleb128 0x10
 713 035c 01       		.uleb128 0x1
 714 035d 51       		.byte	0x51
 715 035e 02       		.uleb128 0x2
 716 035f 91       		.byte	0x91
 717 0360 67       		.sleb128 -25
 718 0361 00       		.byte	0
 719 0362 11       		.uleb128 0x11
 720 0363 4E000000 		.4byte	.LVL19
 721 0367 2D050000 		.4byte	0x52d
 722 036b 00       		.byte	0
 723 036c 0F       		.uleb128 0xf
 724 036d 10000000 		.4byte	.LVL7
 725 0371 38050000 		.4byte	0x538
 726 0375 80030000 		.4byte	0x380
 727 0379 10       		.uleb128 0x10
 728 037a 01       		.uleb128 0x1
 729 037b 50       		.byte	0x50
 730 037c 02       		.uleb128 0x2
 731 037d 76       		.byte	0x76
 732 037e 00       		.sleb128 0
 733 037f 00       		.byte	0
 734 0380 19       		.uleb128 0x19
 735 0381 18000000 		.4byte	.LVL9
 736 0385 43050000 		.4byte	0x543
 737 0389 10       		.uleb128 0x10
 738 038a 01       		.uleb128 0x1
 739 038b 50       		.byte	0x50
 740 038c 02       		.uleb128 0x2
 741 038d 78       		.byte	0x78
 742 038e 00       		.sleb128 0
 743 038f 00       		.byte	0
 744 0390 00       		.byte	0
 745 0391 12       		.uleb128 0x12
 746 0392 04       		.byte	0x4
 747 0393 97030000 		.4byte	0x397
 748 0397 13       		.uleb128 0x13
 749 0398 A1000000 		.4byte	0xa1
 750 039c 13       		.uleb128 0x13
ARM GAS  C:\Users\DABBIR~1\AppData\Local\Temp\ccAApJcW.s 			page 17


 751 039d 91030000 		.4byte	0x391
 752 03a1 0D       		.uleb128 0xd
 753 03a2 F9040000 		.4byte	.LASF65
 754 03a6 01       		.byte	0x1
 755 03a7 6D       		.byte	0x6d
 756 03a8 AE010000 		.4byte	0x1ae
 757 03ac 00000000 		.4byte	.LFB112
 758 03b0 02000000 		.4byte	.LFE112-.LFB112
 759 03b4 01       		.uleb128 0x1
 760 03b5 9C       		.byte	0x9c
 761 03b6 D4030000 		.4byte	0x3d4
 762 03ba 0E       		.uleb128 0xe
 763 03bb 6D6500   		.ascii	"me\000"
 764 03be 01       		.byte	0x1
 765 03bf 6D       		.byte	0x6d
 766 03c0 AC020000 		.4byte	0x2ac
 767 03c4 CD000000 		.4byte	.LLST5
 768 03c8 1A       		.uleb128 0x1a
 769 03c9 7300     		.ascii	"s\000"
 770 03cb 01       		.byte	0x1
 771 03cc 6D       		.byte	0x6d
 772 03cd 9C030000 		.4byte	0x39c
 773 03d1 01       		.uleb128 0x1
 774 03d2 51       		.byte	0x51
 775 03d3 00       		.byte	0
 776 03d4 0D       		.uleb128 0xd
 777 03d5 3E050000 		.4byte	.LASF66
 778 03d9 01       		.byte	0x1
 779 03da 78       		.byte	0x78
 780 03db AE010000 		.4byte	0x1ae
 781 03df 00000000 		.4byte	.LFB113
 782 03e3 2E000000 		.4byte	.LFE113-.LFB113
 783 03e7 01       		.uleb128 0x1
 784 03e8 9C       		.byte	0x9c
 785 03e9 4B040000 		.4byte	0x44b
 786 03ed 0E       		.uleb128 0xe
 787 03ee 6D6500   		.ascii	"me\000"
 788 03f1 01       		.byte	0x1
 789 03f2 78       		.byte	0x78
 790 03f3 AC020000 		.4byte	0x2ac
 791 03f7 EE000000 		.4byte	.LLST6
 792 03fb 1B       		.uleb128 0x1b
 793 03fc 0C000000 		.4byte	.LBB6
 794 0400 1A000000 		.4byte	.LBE6-.LBB6
 795 0404 3A040000 		.4byte	0x43a
 796 0408 17       		.uleb128 0x17
 797 0409 8E040000 		.4byte	.LASF67
 798 040d 01       		.byte	0x1
 799 040e 7D       		.byte	0x7d
 800 040f A1000000 		.4byte	0xa1
 801 0413 02       		.uleb128 0x2
 802 0414 91       		.byte	0x91
 803 0415 6F       		.sleb128 -17
 804 0416 0F       		.uleb128 0xf
 805 0417 1A000000 		.4byte	.LVL25
 806 041b 22050000 		.4byte	0x522
 807 041f 30040000 		.4byte	0x430
ARM GAS  C:\Users\DABBIR~1\AppData\Local\Temp\ccAApJcW.s 			page 18


 808 0423 10       		.uleb128 0x10
 809 0424 01       		.uleb128 0x1
 810 0425 50       		.byte	0x50
 811 0426 02       		.uleb128 0x2
 812 0427 75       		.byte	0x75
 813 0428 00       		.sleb128 0
 814 0429 10       		.uleb128 0x10
 815 042a 01       		.uleb128 0x1
 816 042b 51       		.byte	0x51
 817 042c 02       		.uleb128 0x2
 818 042d 91       		.byte	0x91
 819 042e 6F       		.sleb128 -17
 820 042f 00       		.byte	0
 821 0430 11       		.uleb128 0x11
 822 0431 22000000 		.4byte	.LVL26
 823 0435 2D050000 		.4byte	0x52d
 824 0439 00       		.byte	0
 825 043a 19       		.uleb128 0x19
 826 043b 0A000000 		.4byte	.LVL24
 827 043f 4E050000 		.4byte	0x54e
 828 0443 10       		.uleb128 0x10
 829 0444 01       		.uleb128 0x1
 830 0445 50       		.byte	0x50
 831 0446 02       		.uleb128 0x2
 832 0447 75       		.byte	0x75
 833 0448 00       		.sleb128 0
 834 0449 00       		.byte	0
 835 044a 00       		.byte	0
 836 044b 0D       		.uleb128 0xd
 837 044c 09050000 		.4byte	.LASF68
 838 0450 01       		.byte	0x1
 839 0451 91       		.byte	0x91
 840 0452 AE010000 		.4byte	0x1ae
 841 0456 00000000 		.4byte	.LFB114
 842 045a 2C000000 		.4byte	.LFE114-.LFB114
 843 045e 01       		.uleb128 0x1
 844 045f 9C       		.byte	0x9c
 845 0460 B9040000 		.4byte	0x4b9
 846 0464 0E       		.uleb128 0xe
 847 0465 6D6500   		.ascii	"me\000"
 848 0468 01       		.byte	0x1
 849 0469 91       		.byte	0x91
 850 046a AC020000 		.4byte	0x2ac
 851 046e 0C010000 		.4byte	.LLST7
 852 0472 17       		.uleb128 0x17
 853 0473 20040000 		.4byte	.LASF69
 854 0477 01       		.byte	0x1
 855 0478 93       		.byte	0x93
 856 0479 A1000000 		.4byte	0xa1
 857 047d 02       		.uleb128 0x2
 858 047e 91       		.byte	0x91
 859 047f 77       		.sleb128 -9
 860 0480 11       		.uleb128 0x11
 861 0481 0A000000 		.4byte	.LVL28
 862 0485 59050000 		.4byte	0x559
 863 0489 0F       		.uleb128 0xf
 864 048a 18000000 		.4byte	.LVL29
ARM GAS  C:\Users\DABBIR~1\AppData\Local\Temp\ccAApJcW.s 			page 19


 865 048e 17050000 		.4byte	0x517
 866 0492 A4040000 		.4byte	0x4a4
 867 0496 10       		.uleb128 0x10
 868 0497 01       		.uleb128 0x1
 869 0498 50       		.byte	0x50
 870 0499 03       		.uleb128 0x3
 871 049a 74       		.byte	0x74
 872 049b EA00     		.sleb128 106
 873 049d 10       		.uleb128 0x10
 874 049e 01       		.uleb128 0x1
 875 049f 51       		.byte	0x51
 876 04a0 02       		.uleb128 0x2
 877 04a1 91       		.byte	0x91
 878 04a2 77       		.sleb128 -9
 879 04a3 00       		.byte	0
 880 04a4 19       		.uleb128 0x19
 881 04a5 28000000 		.4byte	.LVL30
 882 04a9 64050000 		.4byte	0x564
 883 04ad 10       		.uleb128 0x10
 884 04ae 01       		.uleb128 0x1
 885 04af 50       		.byte	0x50
 886 04b0 01       		.uleb128 0x1
 887 04b1 35       		.byte	0x35
 888 04b2 10       		.uleb128 0x10
 889 04b3 01       		.uleb128 0x1
 890 04b4 51       		.byte	0x51
 891 04b5 01       		.uleb128 0x1
 892 04b6 31       		.byte	0x31
 893 04b7 00       		.byte	0
 894 04b8 00       		.byte	0
 895 04b9 1C       		.uleb128 0x1c
 896 04ba 80050000 		.4byte	.LASF70
 897 04be 0A       		.byte	0xa
 898 04bf 40       		.byte	0x40
 899 04c0 E6000000 		.4byte	0xe6
 900 04c4 1C       		.uleb128 0x1c
 901 04c5 52010000 		.4byte	.LASF71
 902 04c9 0A       		.byte	0xa
 903 04ca 47       		.byte	0x47
 904 04cb F1000000 		.4byte	0xf1
 905 04cf 1C       		.uleb128 0x1c
 906 04d0 45040000 		.4byte	.LASF72
 907 04d4 0A       		.byte	0xa
 908 04d5 4A       		.byte	0x4a
 909 04d6 E6000000 		.4byte	0xe6
 910 04da 1C       		.uleb128 0x1c
 911 04db 24010000 		.4byte	.LASF73
 912 04df 0B       		.byte	0xb
 913 04e0 48       		.byte	0x48
 914 04e1 FC000000 		.4byte	0xfc
 915 04e5 1C       		.uleb128 0x1c
 916 04e6 05010000 		.4byte	.LASF74
 917 04ea 0C       		.byte	0xc
 918 04eb 44       		.byte	0x44
 919 04ec E6000000 		.4byte	0xe6
 920 04f0 1D       		.uleb128 0x1d
 921 04f1 9A040000 		.4byte	.LASF75
ARM GAS  C:\Users\DABBIR~1\AppData\Local\Temp\ccAApJcW.s 			page 20


 922 04f5 0D       		.byte	0xd
 923 04f6 1207     		.2byte	0x712
 924 04f8 FC040000 		.4byte	0x4fc
 925 04fc 1E       		.uleb128 0x1e
 926 04fd B7000000 		.4byte	0xb7
 927 0501 1F       		.uleb128 0x1f
 928 0502 84010000 		.4byte	.LASF76
 929 0506 84010000 		.4byte	.LASF76
 930 050a 08       		.byte	0x8
 931 050b 48       		.byte	0x48
 932 050c 1F       		.uleb128 0x1f
 933 050d 00000000 		.4byte	.LASF77
 934 0511 00000000 		.4byte	.LASF77
 935 0515 0E       		.byte	0xe
 936 0516 54       		.byte	0x54
 937 0517 1F       		.uleb128 0x1f
 938 0518 37020000 		.4byte	.LASF78
 939 051c 37020000 		.4byte	.LASF78
 940 0520 08       		.byte	0x8
 941 0521 57       		.byte	0x57
 942 0522 1F       		.uleb128 0x1f
 943 0523 A9020000 		.4byte	.LASF79
 944 0527 A9020000 		.4byte	.LASF79
 945 052b 08       		.byte	0x8
 946 052c 5F       		.byte	0x5f
 947 052d 1F       		.uleb128 0x1f
 948 052e 1C050000 		.4byte	.LASF80
 949 0532 1C050000 		.4byte	.LASF80
 950 0536 0E       		.byte	0xe
 951 0537 88       		.byte	0x88
 952 0538 1F       		.uleb128 0x1f
 953 0539 FE030000 		.4byte	.LASF81
 954 053d FE030000 		.4byte	.LASF81
 955 0541 0F       		.byte	0xf
 956 0542 21       		.byte	0x21
 957 0543 1F       		.uleb128 0x1f
 958 0544 BB000000 		.4byte	.LASF82
 959 0548 BB000000 		.4byte	.LASF82
 960 054c 08       		.byte	0x8
 961 054d 66       		.byte	0x66
 962 054e 1F       		.uleb128 0x1f
 963 054f 58040000 		.4byte	.LASF83
 964 0553 58040000 		.4byte	.LASF83
 965 0557 08       		.byte	0x8
 966 0558 6D       		.byte	0x6d
 967 0559 1F       		.uleb128 0x1f
 968 055a E8040000 		.4byte	.LASF84
 969 055e E8040000 		.4byte	.LASF84
 970 0562 0E       		.byte	0xe
 971 0563 71       		.byte	0x71
 972 0564 20       		.uleb128 0x20
 973 0565 51050000 		.4byte	.LASF85
 974 0569 51050000 		.4byte	.LASF85
 975 056d 10       		.byte	0x10
 976 056e 4A01     		.2byte	0x14a
 977 0570 00       		.byte	0
 978              		.section	.debug_abbrev,"",%progbits
ARM GAS  C:\Users\DABBIR~1\AppData\Local\Temp\ccAApJcW.s 			page 21


 979              	.Ldebug_abbrev0:
 980 0000 01       		.uleb128 0x1
 981 0001 11       		.uleb128 0x11
 982 0002 01       		.byte	0x1
 983 0003 25       		.uleb128 0x25
 984 0004 0E       		.uleb128 0xe
 985 0005 13       		.uleb128 0x13
 986 0006 0B       		.uleb128 0xb
 987 0007 03       		.uleb128 0x3
 988 0008 0E       		.uleb128 0xe
 989 0009 1B       		.uleb128 0x1b
 990 000a 0E       		.uleb128 0xe
 991 000b 55       		.uleb128 0x55
 992 000c 17       		.uleb128 0x17
 993 000d 11       		.uleb128 0x11
 994 000e 01       		.uleb128 0x1
 995 000f 10       		.uleb128 0x10
 996 0010 17       		.uleb128 0x17
 997 0011 00       		.byte	0
 998 0012 00       		.byte	0
 999 0013 02       		.uleb128 0x2
 1000 0014 24       		.uleb128 0x24
 1001 0015 00       		.byte	0
 1002 0016 0B       		.uleb128 0xb
 1003 0017 0B       		.uleb128 0xb
 1004 0018 3E       		.uleb128 0x3e
 1005 0019 0B       		.uleb128 0xb
 1006 001a 03       		.uleb128 0x3
 1007 001b 08       		.uleb128 0x8
 1008 001c 00       		.byte	0
 1009 001d 00       		.byte	0
 1010 001e 03       		.uleb128 0x3
 1011 001f 24       		.uleb128 0x24
 1012 0020 00       		.byte	0
 1013 0021 0B       		.uleb128 0xb
 1014 0022 0B       		.uleb128 0xb
 1015 0023 3E       		.uleb128 0x3e
 1016 0024 0B       		.uleb128 0xb
 1017 0025 03       		.uleb128 0x3
 1018 0026 0E       		.uleb128 0xe
 1019 0027 00       		.byte	0
 1020 0028 00       		.byte	0
 1021 0029 04       		.uleb128 0x4
 1022 002a 16       		.uleb128 0x16
 1023 002b 00       		.byte	0
 1024 002c 03       		.uleb128 0x3
 1025 002d 0E       		.uleb128 0xe
 1026 002e 3A       		.uleb128 0x3a
 1027 002f 0B       		.uleb128 0xb
 1028 0030 3B       		.uleb128 0x3b
 1029 0031 0B       		.uleb128 0xb
 1030 0032 49       		.uleb128 0x49
 1031 0033 13       		.uleb128 0x13
 1032 0034 00       		.byte	0
 1033 0035 00       		.byte	0
 1034 0036 05       		.uleb128 0x5
 1035 0037 04       		.uleb128 0x4
ARM GAS  C:\Users\DABBIR~1\AppData\Local\Temp\ccAApJcW.s 			page 22


 1036 0038 01       		.byte	0x1
 1037 0039 03       		.uleb128 0x3
 1038 003a 08       		.uleb128 0x8
 1039 003b 0B       		.uleb128 0xb
 1040 003c 0B       		.uleb128 0xb
 1041 003d 49       		.uleb128 0x49
 1042 003e 13       		.uleb128 0x13
 1043 003f 3A       		.uleb128 0x3a
 1044 0040 0B       		.uleb128 0xb
 1045 0041 3B       		.uleb128 0x3b
 1046 0042 0B       		.uleb128 0xb
 1047 0043 01       		.uleb128 0x1
 1048 0044 13       		.uleb128 0x13
 1049 0045 00       		.byte	0
 1050 0046 00       		.byte	0
 1051 0047 06       		.uleb128 0x6
 1052 0048 28       		.uleb128 0x28
 1053 0049 00       		.byte	0
 1054 004a 03       		.uleb128 0x3
 1055 004b 0E       		.uleb128 0xe
 1056 004c 1C       		.uleb128 0x1c
 1057 004d 0B       		.uleb128 0xb
 1058 004e 00       		.byte	0
 1059 004f 00       		.byte	0
 1060 0050 07       		.uleb128 0x7
 1061 0051 28       		.uleb128 0x28
 1062 0052 00       		.byte	0
 1063 0053 03       		.uleb128 0x3
 1064 0054 0E       		.uleb128 0xe
 1065 0055 1C       		.uleb128 0x1c
 1066 0056 0D       		.uleb128 0xd
 1067 0057 00       		.byte	0
 1068 0058 00       		.byte	0
 1069 0059 08       		.uleb128 0x8
 1070 005a 13       		.uleb128 0x13
 1071 005b 01       		.byte	0x1
 1072 005c 03       		.uleb128 0x3
 1073 005d 08       		.uleb128 0x8
 1074 005e 0B       		.uleb128 0xb
 1075 005f 0B       		.uleb128 0xb
 1076 0060 3A       		.uleb128 0x3a
 1077 0061 0B       		.uleb128 0xb
 1078 0062 3B       		.uleb128 0x3b
 1079 0063 0B       		.uleb128 0xb
 1080 0064 01       		.uleb128 0x1
 1081 0065 13       		.uleb128 0x13
 1082 0066 00       		.byte	0
 1083 0067 00       		.byte	0
 1084 0068 09       		.uleb128 0x9
 1085 0069 0D       		.uleb128 0xd
 1086 006a 00       		.byte	0
 1087 006b 03       		.uleb128 0x3
 1088 006c 0E       		.uleb128 0xe
 1089 006d 3A       		.uleb128 0x3a
 1090 006e 0B       		.uleb128 0xb
 1091 006f 3B       		.uleb128 0x3b
 1092 0070 0B       		.uleb128 0xb
ARM GAS  C:\Users\DABBIR~1\AppData\Local\Temp\ccAApJcW.s 			page 23


 1093 0071 49       		.uleb128 0x49
 1094 0072 13       		.uleb128 0x13
 1095 0073 38       		.uleb128 0x38
 1096 0074 0B       		.uleb128 0xb
 1097 0075 00       		.byte	0
 1098 0076 00       		.byte	0
 1099 0077 0A       		.uleb128 0xa
 1100 0078 01       		.uleb128 0x1
 1101 0079 01       		.byte	0x1
 1102 007a 49       		.uleb128 0x49
 1103 007b 13       		.uleb128 0x13
 1104 007c 01       		.uleb128 0x1
 1105 007d 13       		.uleb128 0x13
 1106 007e 00       		.byte	0
 1107 007f 00       		.byte	0
 1108 0080 0B       		.uleb128 0xb
 1109 0081 21       		.uleb128 0x21
 1110 0082 00       		.byte	0
 1111 0083 49       		.uleb128 0x49
 1112 0084 13       		.uleb128 0x13
 1113 0085 2F       		.uleb128 0x2f
 1114 0086 0B       		.uleb128 0xb
 1115 0087 00       		.byte	0
 1116 0088 00       		.byte	0
 1117 0089 0C       		.uleb128 0xc
 1118 008a 13       		.uleb128 0x13
 1119 008b 01       		.byte	0x1
 1120 008c 03       		.uleb128 0x3
 1121 008d 0E       		.uleb128 0xe
 1122 008e 0B       		.uleb128 0xb
 1123 008f 0B       		.uleb128 0xb
 1124 0090 3A       		.uleb128 0x3a
 1125 0091 0B       		.uleb128 0xb
 1126 0092 3B       		.uleb128 0x3b
 1127 0093 0B       		.uleb128 0xb
 1128 0094 01       		.uleb128 0x1
 1129 0095 13       		.uleb128 0x13
 1130 0096 00       		.byte	0
 1131 0097 00       		.byte	0
 1132 0098 0D       		.uleb128 0xd
 1133 0099 2E       		.uleb128 0x2e
 1134 009a 01       		.byte	0x1
 1135 009b 3F       		.uleb128 0x3f
 1136 009c 19       		.uleb128 0x19
 1137 009d 03       		.uleb128 0x3
 1138 009e 0E       		.uleb128 0xe
 1139 009f 3A       		.uleb128 0x3a
 1140 00a0 0B       		.uleb128 0xb
 1141 00a1 3B       		.uleb128 0x3b
 1142 00a2 0B       		.uleb128 0xb
 1143 00a3 27       		.uleb128 0x27
 1144 00a4 19       		.uleb128 0x19
 1145 00a5 49       		.uleb128 0x49
 1146 00a6 13       		.uleb128 0x13
 1147 00a7 11       		.uleb128 0x11
 1148 00a8 01       		.uleb128 0x1
 1149 00a9 12       		.uleb128 0x12
ARM GAS  C:\Users\DABBIR~1\AppData\Local\Temp\ccAApJcW.s 			page 24


 1150 00aa 06       		.uleb128 0x6
 1151 00ab 40       		.uleb128 0x40
 1152 00ac 18       		.uleb128 0x18
 1153 00ad 9742     		.uleb128 0x2117
 1154 00af 19       		.uleb128 0x19
 1155 00b0 01       		.uleb128 0x1
 1156 00b1 13       		.uleb128 0x13
 1157 00b2 00       		.byte	0
 1158 00b3 00       		.byte	0
 1159 00b4 0E       		.uleb128 0xe
 1160 00b5 05       		.uleb128 0x5
 1161 00b6 00       		.byte	0
 1162 00b7 03       		.uleb128 0x3
 1163 00b8 08       		.uleb128 0x8
 1164 00b9 3A       		.uleb128 0x3a
 1165 00ba 0B       		.uleb128 0xb
 1166 00bb 3B       		.uleb128 0x3b
 1167 00bc 0B       		.uleb128 0xb
 1168 00bd 49       		.uleb128 0x49
 1169 00be 13       		.uleb128 0x13
 1170 00bf 02       		.uleb128 0x2
 1171 00c0 17       		.uleb128 0x17
 1172 00c1 00       		.byte	0
 1173 00c2 00       		.byte	0
 1174 00c3 0F       		.uleb128 0xf
 1175 00c4 898201   		.uleb128 0x4109
 1176 00c7 01       		.byte	0x1
 1177 00c8 11       		.uleb128 0x11
 1178 00c9 01       		.uleb128 0x1
 1179 00ca 31       		.uleb128 0x31
 1180 00cb 13       		.uleb128 0x13
 1181 00cc 01       		.uleb128 0x1
 1182 00cd 13       		.uleb128 0x13
 1183 00ce 00       		.byte	0
 1184 00cf 00       		.byte	0
 1185 00d0 10       		.uleb128 0x10
 1186 00d1 8A8201   		.uleb128 0x410a
 1187 00d4 00       		.byte	0
 1188 00d5 02       		.uleb128 0x2
 1189 00d6 18       		.uleb128 0x18
 1190 00d7 9142     		.uleb128 0x2111
 1191 00d9 18       		.uleb128 0x18
 1192 00da 00       		.byte	0
 1193 00db 00       		.byte	0
 1194 00dc 11       		.uleb128 0x11
 1195 00dd 898201   		.uleb128 0x4109
 1196 00e0 00       		.byte	0
 1197 00e1 11       		.uleb128 0x11
 1198 00e2 01       		.uleb128 0x1
 1199 00e3 31       		.uleb128 0x31
 1200 00e4 13       		.uleb128 0x13
 1201 00e5 00       		.byte	0
 1202 00e6 00       		.byte	0
 1203 00e7 12       		.uleb128 0x12
 1204 00e8 0F       		.uleb128 0xf
 1205 00e9 00       		.byte	0
 1206 00ea 0B       		.uleb128 0xb
ARM GAS  C:\Users\DABBIR~1\AppData\Local\Temp\ccAApJcW.s 			page 25


 1207 00eb 0B       		.uleb128 0xb
 1208 00ec 49       		.uleb128 0x49
 1209 00ed 13       		.uleb128 0x13
 1210 00ee 00       		.byte	0
 1211 00ef 00       		.byte	0
 1212 00f0 13       		.uleb128 0x13
 1213 00f1 26       		.uleb128 0x26
 1214 00f2 00       		.byte	0
 1215 00f3 49       		.uleb128 0x49
 1216 00f4 13       		.uleb128 0x13
 1217 00f5 00       		.byte	0
 1218 00f6 00       		.byte	0
 1219 00f7 14       		.uleb128 0x14
 1220 00f8 34       		.uleb128 0x34
 1221 00f9 00       		.byte	0
 1222 00fa 03       		.uleb128 0x3
 1223 00fb 08       		.uleb128 0x8
 1224 00fc 3A       		.uleb128 0x3a
 1225 00fd 0B       		.uleb128 0xb
 1226 00fe 3B       		.uleb128 0x3b
 1227 00ff 0B       		.uleb128 0xb
 1228 0100 49       		.uleb128 0x49
 1229 0101 13       		.uleb128 0x13
 1230 0102 02       		.uleb128 0x2
 1231 0103 18       		.uleb128 0x18
 1232 0104 00       		.byte	0
 1233 0105 00       		.byte	0
 1234 0106 15       		.uleb128 0x15
 1235 0107 34       		.uleb128 0x34
 1236 0108 00       		.byte	0
 1237 0109 03       		.uleb128 0x3
 1238 010a 0E       		.uleb128 0xe
 1239 010b 3A       		.uleb128 0x3a
 1240 010c 0B       		.uleb128 0xb
 1241 010d 3B       		.uleb128 0x3b
 1242 010e 0B       		.uleb128 0xb
 1243 010f 49       		.uleb128 0x49
 1244 0110 13       		.uleb128 0x13
 1245 0111 02       		.uleb128 0x2
 1246 0112 17       		.uleb128 0x17
 1247 0113 00       		.byte	0
 1248 0114 00       		.byte	0
 1249 0115 16       		.uleb128 0x16
 1250 0116 0B       		.uleb128 0xb
 1251 0117 01       		.byte	0x1
 1252 0118 55       		.uleb128 0x55
 1253 0119 17       		.uleb128 0x17
 1254 011a 01       		.uleb128 0x1
 1255 011b 13       		.uleb128 0x13
 1256 011c 00       		.byte	0
 1257 011d 00       		.byte	0
 1258 011e 17       		.uleb128 0x17
 1259 011f 34       		.uleb128 0x34
 1260 0120 00       		.byte	0
 1261 0121 03       		.uleb128 0x3
 1262 0122 0E       		.uleb128 0xe
 1263 0123 3A       		.uleb128 0x3a
ARM GAS  C:\Users\DABBIR~1\AppData\Local\Temp\ccAApJcW.s 			page 26


 1264 0124 0B       		.uleb128 0xb
 1265 0125 3B       		.uleb128 0x3b
 1266 0126 0B       		.uleb128 0xb
 1267 0127 49       		.uleb128 0x49
 1268 0128 13       		.uleb128 0x13
 1269 0129 02       		.uleb128 0x2
 1270 012a 18       		.uleb128 0x18
 1271 012b 00       		.byte	0
 1272 012c 00       		.byte	0
 1273 012d 18       		.uleb128 0x18
 1274 012e 34       		.uleb128 0x34
 1275 012f 00       		.byte	0
 1276 0130 03       		.uleb128 0x3
 1277 0131 08       		.uleb128 0x8
 1278 0132 3A       		.uleb128 0x3a
 1279 0133 0B       		.uleb128 0xb
 1280 0134 3B       		.uleb128 0x3b
 1281 0135 0B       		.uleb128 0xb
 1282 0136 49       		.uleb128 0x49
 1283 0137 13       		.uleb128 0x13
 1284 0138 02       		.uleb128 0x2
 1285 0139 17       		.uleb128 0x17
 1286 013a 00       		.byte	0
 1287 013b 00       		.byte	0
 1288 013c 19       		.uleb128 0x19
 1289 013d 898201   		.uleb128 0x4109
 1290 0140 01       		.byte	0x1
 1291 0141 11       		.uleb128 0x11
 1292 0142 01       		.uleb128 0x1
 1293 0143 31       		.uleb128 0x31
 1294 0144 13       		.uleb128 0x13
 1295 0145 00       		.byte	0
 1296 0146 00       		.byte	0
 1297 0147 1A       		.uleb128 0x1a
 1298 0148 05       		.uleb128 0x5
 1299 0149 00       		.byte	0
 1300 014a 03       		.uleb128 0x3
 1301 014b 08       		.uleb128 0x8
 1302 014c 3A       		.uleb128 0x3a
 1303 014d 0B       		.uleb128 0xb
 1304 014e 3B       		.uleb128 0x3b
 1305 014f 0B       		.uleb128 0xb
 1306 0150 49       		.uleb128 0x49
 1307 0151 13       		.uleb128 0x13
 1308 0152 02       		.uleb128 0x2
 1309 0153 18       		.uleb128 0x18
 1310 0154 00       		.byte	0
 1311 0155 00       		.byte	0
 1312 0156 1B       		.uleb128 0x1b
 1313 0157 0B       		.uleb128 0xb
 1314 0158 01       		.byte	0x1
 1315 0159 11       		.uleb128 0x11
 1316 015a 01       		.uleb128 0x1
 1317 015b 12       		.uleb128 0x12
 1318 015c 06       		.uleb128 0x6
 1319 015d 01       		.uleb128 0x1
 1320 015e 13       		.uleb128 0x13
ARM GAS  C:\Users\DABBIR~1\AppData\Local\Temp\ccAApJcW.s 			page 27


 1321 015f 00       		.byte	0
 1322 0160 00       		.byte	0
 1323 0161 1C       		.uleb128 0x1c
 1324 0162 34       		.uleb128 0x34
 1325 0163 00       		.byte	0
 1326 0164 03       		.uleb128 0x3
 1327 0165 0E       		.uleb128 0xe
 1328 0166 3A       		.uleb128 0x3a
 1329 0167 0B       		.uleb128 0xb
 1330 0168 3B       		.uleb128 0x3b
 1331 0169 0B       		.uleb128 0xb
 1332 016a 49       		.uleb128 0x49
 1333 016b 13       		.uleb128 0x13
 1334 016c 3F       		.uleb128 0x3f
 1335 016d 19       		.uleb128 0x19
 1336 016e 3C       		.uleb128 0x3c
 1337 016f 19       		.uleb128 0x19
 1338 0170 00       		.byte	0
 1339 0171 00       		.byte	0
 1340 0172 1D       		.uleb128 0x1d
 1341 0173 34       		.uleb128 0x34
 1342 0174 00       		.byte	0
 1343 0175 03       		.uleb128 0x3
 1344 0176 0E       		.uleb128 0xe
 1345 0177 3A       		.uleb128 0x3a
 1346 0178 0B       		.uleb128 0xb
 1347 0179 3B       		.uleb128 0x3b
 1348 017a 05       		.uleb128 0x5
 1349 017b 49       		.uleb128 0x49
 1350 017c 13       		.uleb128 0x13
 1351 017d 3F       		.uleb128 0x3f
 1352 017e 19       		.uleb128 0x19
 1353 017f 3C       		.uleb128 0x3c
 1354 0180 19       		.uleb128 0x19
 1355 0181 00       		.byte	0
 1356 0182 00       		.byte	0
 1357 0183 1E       		.uleb128 0x1e
 1358 0184 35       		.uleb128 0x35
 1359 0185 00       		.byte	0
 1360 0186 49       		.uleb128 0x49
 1361 0187 13       		.uleb128 0x13
 1362 0188 00       		.byte	0
 1363 0189 00       		.byte	0
 1364 018a 1F       		.uleb128 0x1f
 1365 018b 2E       		.uleb128 0x2e
 1366 018c 00       		.byte	0
 1367 018d 3F       		.uleb128 0x3f
 1368 018e 19       		.uleb128 0x19
 1369 018f 3C       		.uleb128 0x3c
 1370 0190 19       		.uleb128 0x19
 1371 0191 6E       		.uleb128 0x6e
 1372 0192 0E       		.uleb128 0xe
 1373 0193 03       		.uleb128 0x3
 1374 0194 0E       		.uleb128 0xe
 1375 0195 3A       		.uleb128 0x3a
 1376 0196 0B       		.uleb128 0xb
 1377 0197 3B       		.uleb128 0x3b
ARM GAS  C:\Users\DABBIR~1\AppData\Local\Temp\ccAApJcW.s 			page 28


 1378 0198 0B       		.uleb128 0xb
 1379 0199 00       		.byte	0
 1380 019a 00       		.byte	0
 1381 019b 20       		.uleb128 0x20
 1382 019c 2E       		.uleb128 0x2e
 1383 019d 00       		.byte	0
 1384 019e 3F       		.uleb128 0x3f
 1385 019f 19       		.uleb128 0x19
 1386 01a0 3C       		.uleb128 0x3c
 1387 01a1 19       		.uleb128 0x19
 1388 01a2 6E       		.uleb128 0x6e
 1389 01a3 0E       		.uleb128 0xe
 1390 01a4 03       		.uleb128 0x3
 1391 01a5 0E       		.uleb128 0xe
 1392 01a6 3A       		.uleb128 0x3a
 1393 01a7 0B       		.uleb128 0xb
 1394 01a8 3B       		.uleb128 0x3b
 1395 01a9 05       		.uleb128 0x5
 1396 01aa 00       		.byte	0
 1397 01ab 00       		.byte	0
 1398 01ac 00       		.byte	0
 1399              		.section	.debug_loc,"",%progbits
 1400              	.Ldebug_loc0:
 1401              	.LLST0:
 1402 0000 00000000 		.4byte	.LVL0
 1403 0004 06000000 		.4byte	.LVL1
 1404 0008 0100     		.2byte	0x1
 1405 000a 50       		.byte	0x50
 1406 000b 06000000 		.4byte	.LVL1
 1407 000f 16000000 		.4byte	.LFE110
 1408 0013 0100     		.2byte	0x1
 1409 0015 54       		.byte	0x54
 1410 0016 00000000 		.4byte	0
 1411 001a 00000000 		.4byte	0
 1412              	.LLST1:
 1413 001e 00000000 		.4byte	.LVL5
 1414 0022 0C000000 		.4byte	.LVL6
 1415 0026 0100     		.2byte	0x1
 1416 0028 50       		.byte	0x50
 1417 0029 0C000000 		.4byte	.LVL6
 1418 002d 22000000 		.4byte	.LVL11
 1419 0031 0100     		.2byte	0x1
 1420 0033 58       		.byte	0x58
 1421 0034 22000000 		.4byte	.LVL11
 1422 0038 30000000 		.4byte	.LVL15
 1423 003c 0100     		.2byte	0x1
 1424 003e 57       		.byte	0x57
 1425 003f 30000000 		.4byte	.LVL15
 1426 0043 34000000 		.4byte	.LVL16
 1427 0047 0100     		.2byte	0x1
 1428 0049 58       		.byte	0x58
 1429 004a 34000000 		.4byte	.LVL16
 1430 004e 50000000 		.4byte	.LVL20
 1431 0052 0100     		.2byte	0x1
 1432 0054 57       		.byte	0x57
 1433 0055 50000000 		.4byte	.LVL20
 1434 0059 56000000 		.4byte	.LFE111
ARM GAS  C:\Users\DABBIR~1\AppData\Local\Temp\ccAApJcW.s 			page 29


 1435 005d 0100     		.2byte	0x1
 1436 005f 58       		.byte	0x58
 1437 0060 00000000 		.4byte	0
 1438 0064 00000000 		.4byte	0
 1439              	.LLST2:
 1440 0068 00000000 		.4byte	.LVL5
 1441 006c 0F000000 		.4byte	.LVL7-1
 1442 0070 0100     		.2byte	0x1
 1443 0072 51       		.byte	0x51
 1444 0073 0F000000 		.4byte	.LVL7-1
 1445 0077 56000000 		.4byte	.LFE111
 1446 007b 0100     		.2byte	0x1
 1447 007d 56       		.byte	0x56
 1448 007e 00000000 		.4byte	0
 1449 0082 00000000 		.4byte	0
 1450              	.LLST3:
 1451 0086 18000000 		.4byte	.LVL9
 1452 008a 20000000 		.4byte	.LVL10
 1453 008e 0100     		.2byte	0x1
 1454 0090 50       		.byte	0x50
 1455 0091 30000000 		.4byte	.LVL15
 1456 0095 34000000 		.4byte	.LVL16
 1457 0099 0100     		.2byte	0x1
 1458 009b 50       		.byte	0x50
 1459 009c 00000000 		.4byte	0
 1460 00a0 00000000 		.4byte	0
 1461              	.LLST4:
 1462 00a4 22000000 		.4byte	.LVL11
 1463 00a8 2C000000 		.4byte	.LVL13
 1464 00ac 0100     		.2byte	0x1
 1465 00ae 54       		.byte	0x54
 1466 00af 2E000000 		.4byte	.LVL14
 1467 00b3 30000000 		.4byte	.LVL15
 1468 00b7 0100     		.2byte	0x1
 1469 00b9 54       		.byte	0x54
 1470 00ba 34000000 		.4byte	.LVL16
 1471 00be 3A000000 		.4byte	.LVL17
 1472 00c2 0100     		.2byte	0x1
 1473 00c4 54       		.byte	0x54
 1474 00c5 00000000 		.4byte	0
 1475 00c9 00000000 		.4byte	0
 1476              	.LLST5:
 1477 00cd 00000000 		.4byte	.LVL21
 1478 00d1 00000000 		.4byte	.LVL22
 1479 00d5 0100     		.2byte	0x1
 1480 00d7 50       		.byte	0x50
 1481 00d8 00000000 		.4byte	.LVL22
 1482 00dc 02000000 		.4byte	.LFE112
 1483 00e0 0400     		.2byte	0x4
 1484 00e2 F3       		.byte	0xf3
 1485 00e3 01       		.uleb128 0x1
 1486 00e4 50       		.byte	0x50
 1487 00e5 9F       		.byte	0x9f
 1488 00e6 00000000 		.4byte	0
 1489 00ea 00000000 		.4byte	0
 1490              	.LLST6:
 1491 00ee 00000000 		.4byte	.LVL23
ARM GAS  C:\Users\DABBIR~1\AppData\Local\Temp\ccAApJcW.s 			page 30


 1492 00f2 09000000 		.4byte	.LVL24-1
 1493 00f6 0100     		.2byte	0x1
 1494 00f8 50       		.byte	0x50
 1495 00f9 09000000 		.4byte	.LVL24-1
 1496 00fd 2E000000 		.4byte	.LFE113
 1497 0101 0100     		.2byte	0x1
 1498 0103 55       		.byte	0x55
 1499 0104 00000000 		.4byte	0
 1500 0108 00000000 		.4byte	0
 1501              	.LLST7:
 1502 010c 00000000 		.4byte	.LVL27
 1503 0110 09000000 		.4byte	.LVL28-1
 1504 0114 0100     		.2byte	0x1
 1505 0116 50       		.byte	0x50
 1506 0117 09000000 		.4byte	.LVL28-1
 1507 011b 2C000000 		.4byte	.LFE114
 1508 011f 0100     		.2byte	0x1
 1509 0121 54       		.byte	0x54
 1510 0122 00000000 		.4byte	0
 1511 0126 00000000 		.4byte	0
 1512              		.section	.debug_aranges,"",%progbits
 1513 0000 3C000000 		.4byte	0x3c
 1514 0004 0200     		.2byte	0x2
 1515 0006 00000000 		.4byte	.Ldebug_info0
 1516 000a 04       		.byte	0x4
 1517 000b 00       		.byte	0
 1518 000c 0000     		.2byte	0
 1519 000e 0000     		.2byte	0
 1520 0010 00000000 		.4byte	.LFB110
 1521 0014 16000000 		.4byte	.LFE110-.LFB110
 1522 0018 00000000 		.4byte	.LFB111
 1523 001c 56000000 		.4byte	.LFE111-.LFB111
 1524 0020 00000000 		.4byte	.LFB112
 1525 0024 02000000 		.4byte	.LFE112-.LFB112
 1526 0028 00000000 		.4byte	.LFB113
 1527 002c 2E000000 		.4byte	.LFE113-.LFB113
 1528 0030 00000000 		.4byte	.LFB114
 1529 0034 2C000000 		.4byte	.LFE114-.LFB114
 1530 0038 00000000 		.4byte	0
 1531 003c 00000000 		.4byte	0
 1532              		.section	.debug_ranges,"",%progbits
 1533              	.Ldebug_ranges0:
 1534 0000 22000000 		.4byte	.LBB2
 1535 0004 32000000 		.4byte	.LBE2
 1536 0008 34000000 		.4byte	.LBB5
 1537 000c 4E000000 		.4byte	.LBE5
 1538 0010 00000000 		.4byte	0
 1539 0014 00000000 		.4byte	0
 1540 0018 22000000 		.4byte	.LBB3
 1541 001c 32000000 		.4byte	.LBE3
 1542 0020 34000000 		.4byte	.LBB4
 1543 0024 38000000 		.4byte	.LBE4
 1544 0028 00000000 		.4byte	0
 1545 002c 00000000 		.4byte	0
 1546 0030 00000000 		.4byte	.LFB110
 1547 0034 16000000 		.4byte	.LFE110
 1548 0038 00000000 		.4byte	.LFB111
ARM GAS  C:\Users\DABBIR~1\AppData\Local\Temp\ccAApJcW.s 			page 31


 1549 003c 56000000 		.4byte	.LFE111
 1550 0040 00000000 		.4byte	.LFB112
 1551 0044 02000000 		.4byte	.LFE112
 1552 0048 00000000 		.4byte	.LFB113
 1553 004c 2E000000 		.4byte	.LFE113
 1554 0050 00000000 		.4byte	.LFB114
 1555 0054 2C000000 		.4byte	.LFE114
 1556 0058 00000000 		.4byte	0
 1557 005c 00000000 		.4byte	0
 1558              		.section	.debug_line,"",%progbits
 1559              	.Ldebug_line0:
 1560 0000 6B030000 		.section	.debug_str,"MS",%progbits,1
 1560      0200E302 
 1560      00000201 
 1560      FB0E0D00 
 1560      01010101 
 1561              	.LASF77:
 1562 0000 55415254 		.ascii	"UART_LOG_Start\000"
 1562      5F4C4F47 
 1562      5F537461 
 1562      727400
 1563              	.LASF54:
 1564 000f 6D5F7772 		.ascii	"m_writeIndex\000"
 1564      69746549 
 1564      6E646578 
 1564      00
 1565              	.LASF58:
 1566 001c 6D5F7478 		.ascii	"m_txBuffer\000"
 1566      42756666 
 1566      657200
 1567              	.LASF39:
 1568 0027 52435F45 		.ascii	"RC_ERROR_READ_ONLY\000"
 1568      52524F52 
 1568      5F524541 
 1568      445F4F4E 
 1568      4C5900
 1569              	.LASF25:
 1570 003a 52435F53 		.ascii	"RC_SUCCESS\000"
 1570      55434345 
 1570      535300
 1571              	.LASF57:
 1572 0045 73556172 		.ascii	"sUart\000"
 1572      7400
 1573              	.LASF40:
 1574 004b 52435F45 		.ascii	"RC_ERROR_WRITE_ONLY\000"
 1574      52524F52 
 1574      5F575249 
 1574      54455F4F 
 1574      4E4C5900 
 1575              	.LASF5:
 1576 005f 73686F72 		.ascii	"short int\000"
 1576      7420696E 
 1576      7400
 1577              	.LASF56:
 1578 0069 52425F74 		.ascii	"RB_t\000"
 1578      00
 1579              	.LASF43:
ARM GAS  C:\Users\DABBIR~1\AppData\Local\Temp\ccAApJcW.s 			page 32


 1580 006e 52435F45 		.ascii	"RC_ERROR_WRITE_FAILS\000"
 1580      52524F52 
 1580      5F575249 
 1580      54455F46 
 1580      41494C53 
 1581              	.LASF13:
 1582 0083 73697A65 		.ascii	"sizetype\000"
 1582      74797065 
 1582      00
 1583              	.LASF50:
 1584 008c 52435F74 		.ascii	"RC_t\000"
 1584      00
 1585              	.LASF28:
 1586 0091 52435F45 		.ascii	"RC_ERROR_ZERO\000"
 1586      52524F52 
 1586      5F5A4552 
 1586      4F00
 1587              	.LASF23:
 1588 009f 45455F46 		.ascii	"EE_FREG\000"
 1588      52454700 
 1589              	.LASF42:
 1590 00a7 52435F45 		.ascii	"RC_ERROR_READ_FAILS\000"
 1590      52524F52 
 1590      5F524541 
 1590      445F4641 
 1590      494C5300 
 1591              	.LASF82:
 1592 00bb 52425F67 		.ascii	"RB_getCapacity\000"
 1592      65744361 
 1592      70616369 
 1592      747900
 1593              	.LASF21:
 1594 00ca 45455F55 		.ascii	"EE_UINT32\000"
 1594      494E5433 
 1594      3200
 1595              	.LASF7:
 1596 00d4 5F5F7569 		.ascii	"__uint16_t\000"
 1596      6E743136 
 1596      5F7400
 1597              	.LASF24:
 1598 00df 45455F54 		.ascii	"EE_TID\000"
 1598      494400
 1599              	.LASF15:
 1600 00e6 75696E74 		.ascii	"uint8_t\000"
 1600      385F7400 
 1601              	.LASF48:
 1602 00ee 52435F45 		.ascii	"RC_ERROR_INVALID_STATE\000"
 1602      52524F52 
 1602      5F494E56 
 1602      414C4944 
 1602      5F535441 
 1603              	.LASF74:
 1604 0105 45455F49 		.ascii	"EE_IRQ_nesting_level\000"
 1604      52515F6E 
 1604      65737469 
 1604      6E675F6C 
 1604      6576656C 
ARM GAS  C:\Users\DABBIR~1\AppData\Local\Temp\ccAApJcW.s 			page 33


 1605              	.LASF51:
 1606 011a 52425F64 		.ascii	"RB_data_t\000"
 1606      6174615F 
 1606      7400
 1607              	.LASF73:
 1608 0124 45455F73 		.ascii	"EE_std_endcycle_next_tid\000"
 1608      74645F65 
 1608      6E646379 
 1608      636C655F 
 1608      6E657874 
 1609              	.LASF30:
 1610 013d 52435F45 		.ascii	"RC_ERROR_RANGE\000"
 1610      52524F52 
 1610      5F52414E 
 1610      474500
 1611              	.LASF18:
 1612 014c 666C6F61 		.ascii	"float\000"
 1612      7400
 1613              	.LASF71:
 1614 0152 45455F6F 		.ascii	"EE_oo_IRQ_suspend_status\000"
 1614      6F5F4952 
 1614      515F7375 
 1614      7370656E 
 1614      645F7374 
 1615              	.LASF1:
 1616 016b 6C6F6E67 		.ascii	"long long int\000"
 1616      206C6F6E 
 1616      6720696E 
 1616      7400
 1617              	.LASF59:
 1618 0179 6D5F7278 		.ascii	"m_rxBuffer\000"
 1618      42756666 
 1618      657200
 1619              	.LASF76:
 1620 0184 52425F69 		.ascii	"RB_init\000"
 1620      6E697400 
 1621              	.LASF44:
 1622 018c 52435F45 		.ascii	"RC_ERROR_NOT_MATCH\000"
 1622      52524F52 
 1622      5F4E4F54 
 1622      5F4D4154 
 1622      434800
 1623              	.LASF49:
 1624 019f 52435F45 		.ascii	"RC_ERROR_UNKNOWN\000"
 1624      52524F52 
 1624      5F554E4B 
 1624      4E4F574E 
 1624      00
 1625              	.LASF10:
 1626 01b0 6C6F6E67 		.ascii	"long int\000"
 1626      20696E74 
 1626      00
 1627              	.LASF32:
 1628 01b9 52435F45 		.ascii	"RC_ERROR_UNDERRUN\000"
 1628      52524F52 
 1628      5F554E44 
 1628      45525255 
ARM GAS  C:\Users\DABBIR~1\AppData\Local\Temp\ccAApJcW.s 			page 34


 1628      4E00
 1629              	.LASF35:
 1630 01cb 52435F45 		.ascii	"RC_ERROR_BUSY\000"
 1630      52524F52 
 1630      5F425553 
 1630      5900
 1631              	.LASF33:
 1632 01d9 52435F45 		.ascii	"RC_ERROR_BUFFER_FULL\000"
 1632      52524F52 
 1632      5F425546 
 1632      4645525F 
 1632      46554C4C 
 1633              	.LASF41:
 1634 01ee 52435F45 		.ascii	"RC_ERROR_INVALID\000"
 1634      52524F52 
 1634      5F494E56 
 1634      414C4944 
 1634      00
 1635              	.LASF46:
 1636 01ff 52435F45 		.ascii	"RC_ERROR_BAD_DATA\000"
 1636      52524F52 
 1636      5F424144 
 1636      5F444154 
 1636      4100
 1637              	.LASF55:
 1638 0211 6D5F6669 		.ascii	"m_fillLevel\000"
 1638      6C6C4C65 
 1638      76656C00 
 1639              	.LASF2:
 1640 021d 6C6F6E67 		.ascii	"long double\000"
 1640      20646F75 
 1640      626C6500 
 1641              	.LASF4:
 1642 0229 756E7369 		.ascii	"unsigned char\000"
 1642      676E6564 
 1642      20636861 
 1642      7200
 1643              	.LASF78:
 1644 0237 52425F77 		.ascii	"RB_write\000"
 1644      72697465 
 1644      00
 1645              	.LASF88:
 1646 0240 433A5C4D 		.ascii	"C:\\My_Files\\College_Documents\\AMA EOS\\EOS\\LAB\\"
 1646      795F4669 
 1646      6C65735C 
 1646      436F6C6C 
 1646      6567655F 
 1647 026e 4C41425F 		.ascii	"LAB_2_Submission\\Json Parser\\code\\w06_criticalRe"
 1647      325F5375 
 1647      626D6973 
 1647      73696F6E 
 1647      5C4A736F 
 1648 029e 67696F6E 		.ascii	"gion.cydsn\000"
 1648      2E637964 
 1648      736E00
 1649              	.LASF79:
 1650 02a9 52425F72 		.ascii	"RB_read\000"
ARM GAS  C:\Users\DABBIR~1\AppData\Local\Temp\ccAApJcW.s 			page 35


 1650      65616400 
 1651              	.LASF47:
 1652 02b1 52435F45 		.ascii	"RC_ERROR_CANCELED\000"
 1652      52524F52 
 1652      5F43414E 
 1652      43454C45 
 1652      4400
 1653              	.LASF3:
 1654 02c3 7369676E 		.ascii	"signed char\000"
 1654      65642063 
 1654      68617200 
 1655              	.LASF63:
 1656 02cf 63617061 		.ascii	"capacity\000"
 1656      63697479 
 1656      00
 1657              	.LASF12:
 1658 02d8 6C6F6E67 		.ascii	"long long unsigned int\000"
 1658      206C6F6E 
 1658      6720756E 
 1658      7369676E 
 1658      65642069 
 1659              	.LASF0:
 1660 02ef 756E7369 		.ascii	"unsigned int\000"
 1660      676E6564 
 1660      20696E74 
 1660      00
 1661              	.LASF37:
 1662 02fc 52435F45 		.ascii	"RC_ERROR_OPEN\000"
 1662      52524F52 
 1662      5F4F5045 
 1662      4E00
 1663              	.LASF62:
 1664 030a 55415254 		.ascii	"UART_writeString\000"
 1664      5F777269 
 1664      74655374 
 1664      72696E67 
 1664      00
 1665              	.LASF27:
 1666 031b 52435F45 		.ascii	"RC_ERROR_NULL\000"
 1666      52524F52 
 1666      5F4E554C 
 1666      4C00
 1667              	.LASF34:
 1668 0329 52435F45 		.ascii	"RC_ERROR_BUFFER_EMTPY\000"
 1668      52524F52 
 1668      5F425546 
 1668      4645525F 
 1668      454D5450 
 1669              	.LASF20:
 1670 033f 45455F49 		.ascii	"EE_INT32\000"
 1670      4E543332 
 1670      00
 1671              	.LASF8:
 1672 0348 73686F72 		.ascii	"short unsigned int\000"
 1672      7420756E 
 1672      7369676E 
 1672      65642069 
ARM GAS  C:\Users\DABBIR~1\AppData\Local\Temp\ccAApJcW.s 			page 36


 1672      6E7400
 1673              	.LASF86:
 1674 035b 474E5520 		.ascii	"GNU C11 5.4.1 20160609 (release) [ARM/embedded-5-br"
 1674      43313120 
 1674      352E342E 
 1674      31203230 
 1674      31363036 
 1675 038e 616E6368 		.ascii	"anch revision 237715] -mcpu=cortex-m3 -mthumb -g -O"
 1675      20726576 
 1675      6973696F 
 1675      6E203233 
 1675      37373135 
 1676 03c1 67202D66 		.ascii	"g -ffunction-sections -ffat-lto-objects\000"
 1676      66756E63 
 1676      74696F6E 
 1676      2D736563 
 1676      74696F6E 
 1677              	.LASF14:
 1678 03e9 63686172 		.ascii	"char\000"
 1678      00
 1679              	.LASF16:
 1680 03ee 75696E74 		.ascii	"uint16_t\000"
 1680      31365F74 
 1680      00
 1681              	.LASF60:
 1682 03f7 55415254 		.ascii	"UART_t\000"
 1682      5F7400
 1683              	.LASF81:
 1684 03fe 7374726C 		.ascii	"strlen\000"
 1684      656E00
 1685              	.LASF17:
 1686 0405 696E7433 		.ascii	"int32_t\000"
 1686      325F7400 
 1687              	.LASF45:
 1688 040d 52435F45 		.ascii	"RC_ERROR_BAD_PARAM\000"
 1688      52524F52 
 1688      5F424144 
 1688      5F504152 
 1688      414D00
 1689              	.LASF69:
 1690 0420 64617461 		.ascii	"data\000"
 1690      00
 1691              	.LASF61:
 1692 0425 55415254 		.ascii	"UART_init\000"
 1692      5F696E69 
 1692      7400
 1693              	.LASF87:
 1694 042f 736F7572 		.ascii	"source\\bsw\\cdd\\uart.c\000"
 1694      63655C62 
 1694      73775C63 
 1694      64645C75 
 1694      6172742E 
 1695              	.LASF72:
 1696 0445 45455F41 		.ascii	"EE_ApplicationMode\000"
 1696      70706C69 
 1696      63617469 
 1696      6F6E4D6F 
ARM GAS  C:\Users\DABBIR~1\AppData\Local\Temp\ccAApJcW.s 			page 37


 1696      646500
 1697              	.LASF83:
 1698 0458 52425F67 		.ascii	"RB_getNumberOfStoredElements\000"
 1698      65744E75 
 1698      6D626572 
 1698      4F665374 
 1698      6F726564 
 1699              	.LASF11:
 1700 0475 6C6F6E67 		.ascii	"long unsigned int\000"
 1700      20756E73 
 1700      69676E65 
 1700      6420696E 
 1700      7400
 1701              	.LASF19:
 1702 0487 646F7562 		.ascii	"double\000"
 1702      6C6500
 1703              	.LASF67:
 1704 048e 6E657874 		.ascii	"nextElement\000"
 1704      456C656D 
 1704      656E7400 
 1705              	.LASF75:
 1706 049a 49544D5F 		.ascii	"ITM_RxBuffer\000"
 1706      52784275 
 1706      66666572 
 1706      00
 1707              	.LASF38:
 1708 04a7 52435F45 		.ascii	"RC_ERROR_CHECKSUM\000"
 1708      52524F52 
 1708      5F434845 
 1708      434B5355 
 1708      4D00
 1709              	.LASF22:
 1710 04b9 45455F55 		.ascii	"EE_UREG\000"
 1710      52454700 
 1711              	.LASF53:
 1712 04c1 6D5F7265 		.ascii	"m_readIndex\000"
 1712      6164496E 
 1712      64657800 
 1713              	.LASF31:
 1714 04cd 52435F45 		.ascii	"RC_ERROR_OVERRUN\000"
 1714      52524F52 
 1714      5F4F5645 
 1714      5252554E 
 1714      00
 1715              	.LASF9:
 1716 04de 5F5F696E 		.ascii	"__int32_t\000"
 1716      7433325F 
 1716      7400
 1717              	.LASF84:
 1718 04e8 55415254 		.ascii	"UART_LOG_GetChar\000"
 1718      5F4C4F47 
 1718      5F476574 
 1718      43686172 
 1718      00
 1719              	.LASF65:
 1720 04f9 55415254 		.ascii	"UART_readString\000"
 1720      5F726561 
ARM GAS  C:\Users\DABBIR~1\AppData\Local\Temp\ccAApJcW.s 			page 38


 1720      64537472 
 1720      696E6700 
 1721              	.LASF68:
 1722 0509 55415254 		.ascii	"UART_RX_isrHandler\000"
 1722      5F52585F 
 1722      69737248 
 1722      616E646C 
 1722      657200
 1723              	.LASF80:
 1724 051c 55415254 		.ascii	"UART_LOG_WriteTxData\000"
 1724      5F4C4F47 
 1724      5F577269 
 1724      74655478 
 1724      44617461 
 1725              	.LASF64:
 1726 0531 66697273 		.ascii	"firstElement\000"
 1726      74456C65 
 1726      6D656E74 
 1726      00
 1727              	.LASF66:
 1728 053e 55415254 		.ascii	"UART_TX_isrHandler\000"
 1728      5F54585F 
 1728      69737248 
 1728      616E646C 
 1728      657200
 1729              	.LASF85:
 1730 0551 45455F6F 		.ascii	"EE_oo_SetEvent\000"
 1730      6F5F5365 
 1730      74457665 
 1730      6E7400
 1731              	.LASF52:
 1732 0560 6D5F6461 		.ascii	"m_data\000"
 1732      746100
 1733              	.LASF26:
 1734 0567 52435F45 		.ascii	"RC_ERROR\000"
 1734      52524F52 
 1734      00
 1735              	.LASF29:
 1736 0570 52435F45 		.ascii	"RC_ERROR_MEMORY\000"
 1736      52524F52 
 1736      5F4D454D 
 1736      4F525900 
 1737              	.LASF70:
 1738 0580 45455F6F 		.ascii	"EE_oo_IRQ_disable_count\000"
 1738      6F5F4952 
 1738      515F6469 
 1738      7361626C 
 1738      655F636F 
 1739              	.LASF6:
 1740 0598 5F5F7569 		.ascii	"__uint8_t\000"
 1740      6E74385F 
 1740      7400
 1741              	.LASF36:
 1742 05a2 52435F45 		.ascii	"RC_ERROR_TIME_OUT\000"
 1742      52524F52 
 1742      5F54494D 
 1742      455F4F55 
ARM GAS  C:\Users\DABBIR~1\AppData\Local\Temp\ccAApJcW.s 			page 39


 1742      5400
 1743              		.ident	"GCC: (GNU Tools for ARM Embedded Processors) 5.4.1 20160609 (release) [ARM/embedded-5-bran
