ARM GAS  C:\Users\DABBIR~1\AppData\Local\Temp\ccvPYiMk.s 			page 1


   1              		.syntax unified
   2              		.cpu cortex-m3
   3              		.fpu softvfp
   4              		.eabi_attribute 20, 1
   5              		.eabi_attribute 21, 1
   6              		.eabi_attribute 23, 3
   7              		.eabi_attribute 24, 1
   8              		.eabi_attribute 25, 1
   9              		.eabi_attribute 26, 1
  10              		.eabi_attribute 30, 1
  11              		.eabi_attribute 34, 1
  12              		.eabi_attribute 18, 4
  13              		.thumb
  14              		.syntax unified
  15              		.file	"circularRingbuffer.c"
  16              		.text
  17              	.Ltext0:
  18              		.cfi_sections	.debug_frame
  19              		.section	.text.circularRingbuffer_init,"ax",%progbits
  20              		.align	2
  21              		.global	circularRingbuffer_init
  22              		.thumb
  23              		.thumb_func
  24              		.type	circularRingbuffer_init, %function
  25              	circularRingbuffer_init:
  26              	.LFB102:
  27              		.file 1 "circularRingbuffer.c"
   1:circularRingbuffer.c **** /**
   2:circularRingbuffer.c **** * \file <filename>
   3:circularRingbuffer.c **** * \author <author-name>
   4:circularRingbuffer.c **** * \date <date>
   5:circularRingbuffer.c **** *
   6:circularRingbuffer.c **** * \brief <Symbolic File name>
   7:circularRingbuffer.c **** *
   8:circularRingbuffer.c **** * \copyright Copyright ©2016
   9:circularRingbuffer.c **** * Department of electrical engineering and information technology, Hochschule Darmstadt - Universit
  10:circularRingbuffer.c **** * Permission to use, copy, modify, and distribute this software and its documentation for education
  11:circularRingbuffer.c **** * (unless permitted by h_da) and official h_da projects, is hereby granted for enrolled students of
  12:circularRingbuffer.c **** * this paragraph and the following paragraph appear in all copies, modifications, and distributions
  13:circularRingbuffer.c **** * Contact Prof.Dr.-Ing. Peter Fromm, peter.fromm@h-da.de, Birkenweg 8 64295 Darmstadt - GERMANY for
  14:circularRingbuffer.c **** *
  15:circularRingbuffer.c **** * \warning This software is a PROTOTYPE version and is not designed or intended for use in producti
  16:circularRingbuffer.c **** * The user represents and warrants that it will NOT use or redistribute the Software for such purpo
  17:circularRingbuffer.c **** * This prototype is for research purposes only. This software is provided "AS IS," without a warran
  18:circularRingbuffer.c **** */
  19:circularRingbuffer.c **** 
  20:circularRingbuffer.c **** /*****************************************************************************/
  21:circularRingbuffer.c **** /* Include files                                                             */
  22:circularRingbuffer.c **** /*****************************************************************************/
  23:circularRingbuffer.c **** #include "circularRingbuffer.h"
  24:circularRingbuffer.c **** 
  25:circularRingbuffer.c **** 
  26:circularRingbuffer.c **** RC_t circularRingbuffer_init(circularRingbuffer_t* ringbuffer, uint16_t size){
  28              		.loc 1 26 0
  29              		.cfi_startproc
  30              		@ args = 0, pretend = 0, frame = 0
  31              		@ frame_needed = 0, uses_anonymous_args = 0
ARM GAS  C:\Users\DABBIR~1\AppData\Local\Temp\ccvPYiMk.s 			page 2


  32              	.LVL0:
  27:circularRingbuffer.c ****     // Initiliaze with 0.
  28:circularRingbuffer.c ****     ringbuffer->read_idx = 0; 
  33              		.loc 1 28 0
  34 0000 0023     		movs	r3, #0
  35 0002 4380     		strh	r3, [r0, #2]	@ movhi
  29:circularRingbuffer.c ****     ringbuffer->write_idx = 0; 
  36              		.loc 1 29 0
  37 0004 8380     		strh	r3, [r0, #4]	@ movhi
  30:circularRingbuffer.c ****     ringbuffer->filllevel = 0;
  38              		.loc 1 30 0
  39 0006 C380     		strh	r3, [r0, #6]	@ movhi
  31:circularRingbuffer.c ****     
  32:circularRingbuffer.c ****     if(size == 0){
  40              		.loc 1 32 0
  41 0008 89B1     		cbz	r1, .L5
  26:circularRingbuffer.c ****     // Initiliaze with 0.
  42              		.loc 1 26 0
  43 000a 10B5     		push	{r4, lr}
  44              		.cfi_def_cfa_offset 8
  45              		.cfi_offset 4, -8
  46              		.cfi_offset 14, -4
  47 000c 0446     		mov	r4, r0
  48 000e 0846     		mov	r0, r1
  49              	.LVL1:
  33:circularRingbuffer.c ****         return RC_ERROR_ZERO; 
  34:circularRingbuffer.c ****     }
  35:circularRingbuffer.c ****     
  36:circularRingbuffer.c ****     ringbuffer->size = size;
  50              		.loc 1 36 0
  51 0010 2180     		strh	r1, [r4]	@ movhi
  37:circularRingbuffer.c ****     
  38:circularRingbuffer.c ****     // allocate memory
  39:circularRingbuffer.c ****     ringbuffer->data = (uint8_t*)malloc(size * sizeof(uint8_t));
  52              		.loc 1 39 0
  53 0012 FFF7FEFF 		bl	malloc
  54              	.LVL2:
  55 0016 A060     		str	r0, [r4, #8]
  56              	.LVL3:
  57              	.LBB2:
  40:circularRingbuffer.c ****     
  41:circularRingbuffer.c ****     // fill ringbuffer with default character
  42:circularRingbuffer.c ****     for(int i=0; i<(ringbuffer->size); i++){
  58              		.loc 1 42 0
  59 0018 0023     		movs	r3, #0
  60 001a 03E0     		b	.L3
  61              	.LVL4:
  62              	.L4:
  43:circularRingbuffer.c ****         ringbuffer->data[i] = ' '; 
  63              		.loc 1 43 0 discriminator 3
  64 001c A268     		ldr	r2, [r4, #8]
  65 001e 2021     		movs	r1, #32
  66 0020 D154     		strb	r1, [r2, r3]
  42:circularRingbuffer.c ****         ringbuffer->data[i] = ' '; 
  67              		.loc 1 42 0 discriminator 3
  68 0022 0133     		adds	r3, r3, #1
  69              	.LVL5:
ARM GAS  C:\Users\DABBIR~1\AppData\Local\Temp\ccvPYiMk.s 			page 3


  70              	.L3:
  42:circularRingbuffer.c ****         ringbuffer->data[i] = ' '; 
  71              		.loc 1 42 0 is_stmt 0 discriminator 1
  72 0024 2288     		ldrh	r2, [r4]
  73 0026 9342     		cmp	r3, r2
  74 0028 F8DB     		blt	.L4
  75              	.LBE2:
  44:circularRingbuffer.c ****     }
  45:circularRingbuffer.c ****     
  46:circularRingbuffer.c ****     return RC_SUCCESS; 
  76              		.loc 1 46 0 is_stmt 1
  77 002a 0020     		movs	r0, #0
  78              	.LBB3:
  79 002c 10BD     		pop	{r4, pc}
  80              	.LVL6:
  81              	.L5:
  82              		.cfi_def_cfa_offset 0
  83              		.cfi_restore 4
  84              		.cfi_restore 14
  85              	.LBE3:
  33:circularRingbuffer.c ****     }
  86              		.loc 1 33 0
  87 002e 6FF00200 		mvn	r0, #2
  88              	.LVL7:
  89 0032 7047     		bx	lr
  90              		.cfi_endproc
  91              	.LFE102:
  92              		.size	circularRingbuffer_init, .-circularRingbuffer_init
  93              		.section	.text.circularRingbuffer_read,"ax",%progbits
  94              		.align	2
  95              		.global	circularRingbuffer_read
  96              		.thumb
  97              		.thumb_func
  98              		.type	circularRingbuffer_read, %function
  99              	circularRingbuffer_read:
 100              	.LFB103:
  47:circularRingbuffer.c **** }
  48:circularRingbuffer.c **** 
  49:circularRingbuffer.c **** 
  50:circularRingbuffer.c **** RC_t circularRingbuffer_read(circularRingbuffer_t* ringbuffer, uint8_t* data){
 101              		.loc 1 50 0
 102              		.cfi_startproc
 103              		@ args = 0, pretend = 0, frame = 0
 104              		@ frame_needed = 0, uses_anonymous_args = 0
 105              		@ link register save eliminated.
 106              	.LVL8:
  51:circularRingbuffer.c ****     // Read from the ringbuffer. 
  52:circularRingbuffer.c ****     *data = ringbuffer->data[ringbuffer->read_idx]; 
 107              		.loc 1 52 0
 108 0000 8268     		ldr	r2, [r0, #8]
 109 0002 4388     		ldrh	r3, [r0, #2]
 110 0004 D35C     		ldrb	r3, [r2, r3]	@ zero_extendqisi2
 111 0006 0B70     		strb	r3, [r1]
  53:circularRingbuffer.c ****     
  54:circularRingbuffer.c ****     // Increment read index
  55:circularRingbuffer.c ****     ringbuffer->read_idx = ringbuffer->read_idx + 1;
 112              		.loc 1 55 0
ARM GAS  C:\Users\DABBIR~1\AppData\Local\Temp\ccvPYiMk.s 			page 4


 113 0008 4388     		ldrh	r3, [r0, #2]
 114 000a 0133     		adds	r3, r3, #1
 115 000c 9BB2     		uxth	r3, r3
  56:circularRingbuffer.c ****     ringbuffer->read_idx %= ringbuffer->size;
 116              		.loc 1 56 0
 117 000e 0188     		ldrh	r1, [r0]
 118              	.LVL9:
 119 0010 B3FBF1F2 		udiv	r2, r3, r1
 120 0014 01FB1233 		mls	r3, r1, r2, r3
 121 0018 4380     		strh	r3, [r0, #2]	@ movhi
  57:circularRingbuffer.c ****     
  58:circularRingbuffer.c ****     // Decrease filllevel
  59:circularRingbuffer.c ****     ringbuffer->filllevel= ringbuffer->filllevel - 1; 
 122              		.loc 1 59 0
 123 001a C388     		ldrh	r3, [r0, #6]
 124 001c 013B     		subs	r3, r3, #1
 125 001e C380     		strh	r3, [r0, #6]	@ movhi
  60:circularRingbuffer.c ****     
  61:circularRingbuffer.c ****     return RC_SUCCESS; 
  62:circularRingbuffer.c **** }
 126              		.loc 1 62 0
 127 0020 0020     		movs	r0, #0
 128              	.LVL10:
 129 0022 7047     		bx	lr
 130              		.cfi_endproc
 131              	.LFE103:
 132              		.size	circularRingbuffer_read, .-circularRingbuffer_read
 133              		.section	.text.circularRingbuffer_write,"ax",%progbits
 134              		.align	2
 135              		.global	circularRingbuffer_write
 136              		.thumb
 137              		.thumb_func
 138              		.type	circularRingbuffer_write, %function
 139              	circularRingbuffer_write:
 140              	.LFB104:
  63:circularRingbuffer.c **** 
  64:circularRingbuffer.c **** 
  65:circularRingbuffer.c **** RC_t circularRingbuffer_write(circularRingbuffer_t* ringbuffer, uint8_t data){
 141              		.loc 1 65 0
 142              		.cfi_startproc
 143              		@ args = 0, pretend = 0, frame = 0
 144              		@ frame_needed = 0, uses_anonymous_args = 0
 145              		@ link register save eliminated.
 146              	.LVL11:
  66:circularRingbuffer.c ****     // Read from the ringbuffer
  67:circularRingbuffer.c ****     ringbuffer->data[ringbuffer->write_idx] = data; 
 147              		.loc 1 67 0
 148 0000 8268     		ldr	r2, [r0, #8]
 149 0002 8388     		ldrh	r3, [r0, #4]
 150 0004 D154     		strb	r1, [r2, r3]
  68:circularRingbuffer.c ****     
  69:circularRingbuffer.c ****     // Inrement write index
  70:circularRingbuffer.c ****     ringbuffer->write_idx = ringbuffer ->write_idx + 1;
 151              		.loc 1 70 0
 152 0006 8388     		ldrh	r3, [r0, #4]
 153 0008 0133     		adds	r3, r3, #1
 154 000a 9BB2     		uxth	r3, r3
ARM GAS  C:\Users\DABBIR~1\AppData\Local\Temp\ccvPYiMk.s 			page 5


  71:circularRingbuffer.c ****     ringbuffer->write_idx %= ringbuffer->size;
 155              		.loc 1 71 0
 156 000c 0188     		ldrh	r1, [r0]
 157              	.LVL12:
 158 000e B3FBF1F2 		udiv	r2, r3, r1
 159 0012 01FB1233 		mls	r3, r1, r2, r3
 160 0016 8380     		strh	r3, [r0, #4]	@ movhi
  72:circularRingbuffer.c ****     
  73:circularRingbuffer.c ****     // Increase filllevel. 
  74:circularRingbuffer.c ****     ringbuffer->filllevel = ringbuffer->filllevel + 1; 
 161              		.loc 1 74 0
 162 0018 C388     		ldrh	r3, [r0, #6]
 163 001a 0133     		adds	r3, r3, #1
 164 001c C380     		strh	r3, [r0, #6]	@ movhi
  75:circularRingbuffer.c ****     
  76:circularRingbuffer.c ****     return RC_SUCCESS; 
  77:circularRingbuffer.c **** }
 165              		.loc 1 77 0
 166 001e 0020     		movs	r0, #0
 167              	.LVL13:
 168 0020 7047     		bx	lr
 169              		.cfi_endproc
 170              	.LFE104:
 171              		.size	circularRingbuffer_write, .-circularRingbuffer_write
 172 0022 00BF     		.section	.text.circularRingbuffer_clear,"ax",%progbits
 173              		.align	2
 174              		.global	circularRingbuffer_clear
 175              		.thumb
 176              		.thumb_func
 177              		.type	circularRingbuffer_clear, %function
 178              	circularRingbuffer_clear:
 179              	.LFB105:
  78:circularRingbuffer.c **** 
  79:circularRingbuffer.c **** 
  80:circularRingbuffer.c **** RC_t circularRingbuffer_clear(circularRingbuffer_t* ringbuffer){
 180              		.loc 1 80 0
 181              		.cfi_startproc
 182              		@ args = 0, pretend = 0, frame = 0
 183              		@ frame_needed = 0, uses_anonymous_args = 0
 184              		@ link register save eliminated.
 185              	.LVL14:
 186              	.LBB4:
  81:circularRingbuffer.c ****     // Fill the ringbuffer with default values
  82:circularRingbuffer.c ****     for(int i = 0; i<(ringbuffer->size); i++){
 187              		.loc 1 82 0
 188 0000 0023     		movs	r3, #0
 189 0002 03E0     		b	.L11
 190              	.LVL15:
 191              	.L12:
  83:circularRingbuffer.c ****         ringbuffer->data[i] = 0x00; 
 192              		.loc 1 83 0 discriminator 3
 193 0004 8268     		ldr	r2, [r0, #8]
 194 0006 0021     		movs	r1, #0
 195 0008 D154     		strb	r1, [r2, r3]
  82:circularRingbuffer.c ****         ringbuffer->data[i] = 0x00; 
 196              		.loc 1 82 0 discriminator 3
 197 000a 0133     		adds	r3, r3, #1
ARM GAS  C:\Users\DABBIR~1\AppData\Local\Temp\ccvPYiMk.s 			page 6


 198              	.LVL16:
 199              	.L11:
  82:circularRingbuffer.c ****         ringbuffer->data[i] = 0x00; 
 200              		.loc 1 82 0 is_stmt 0 discriminator 1
 201 000c 0288     		ldrh	r2, [r0]
 202 000e 9342     		cmp	r3, r2
 203 0010 F8DB     		blt	.L12
 204              	.LBE4:
  84:circularRingbuffer.c ****     }
  85:circularRingbuffer.c ****     
  86:circularRingbuffer.c ****     return RC_SUCCESS; 
  87:circularRingbuffer.c **** }
 205              		.loc 1 87 0 is_stmt 1
 206 0012 0020     		movs	r0, #0
 207              	.LVL17:
 208 0014 7047     		bx	lr
 209              		.cfi_endproc
 210              	.LFE105:
 211              		.size	circularRingbuffer_clear, .-circularRingbuffer_clear
 212 0016 00BF     		.section	.text.circularRingbuffer_UART_print,"ax",%progbits
 213              		.align	2
 214              		.global	circularRingbuffer_UART_print
 215              		.thumb
 216              		.thumb_func
 217              		.type	circularRingbuffer_UART_print, %function
 218              	circularRingbuffer_UART_print:
 219              	.LFB106:
  88:circularRingbuffer.c **** 
  89:circularRingbuffer.c **** RC_t circularRingbuffer_UART_print(circularRingbuffer_t* ringbuffer){
 220              		.loc 1 89 0
 221              		.cfi_startproc
 222              		@ args = 0, pretend = 0, frame = 0
 223              		@ frame_needed = 0, uses_anonymous_args = 0
 224              	.LVL18:
 225 0000 70B5     		push	{r4, r5, r6, lr}
 226              		.cfi_def_cfa_offset 16
 227              		.cfi_offset 4, -16
 228              		.cfi_offset 5, -12
 229              		.cfi_offset 6, -8
 230              		.cfi_offset 14, -4
 231 0002 0546     		mov	r5, r0
  90:circularRingbuffer.c ****     // Get filllevel
  91:circularRingbuffer.c ****     uint8_t amountOfData = ringbuffer->filllevel; 
 232              		.loc 1 91 0
 233 0004 8679     		ldrb	r6, [r0, #6]	@ zero_extendqisi2
 234              	.LVL19:
 235              	.LBB5:
  92:circularRingbuffer.c ****     
  93:circularRingbuffer.c ****     // Print the elements of the ringbuffer 
  94:circularRingbuffer.c ****     for(uint8_t i = 0; i<amountOfData; i++){
 236              		.loc 1 94 0
 237 0006 0024     		movs	r4, #0
 238 0008 07E0     		b	.L14
 239              	.LVL20:
 240              	.L15:
  95:circularRingbuffer.c ****         UART_LOG_PutChar(ringbuffer->data
 241              		.loc 1 95 0 discriminator 3
ARM GAS  C:\Users\DABBIR~1\AppData\Local\Temp\ccvPYiMk.s 			page 7


 242 000a AA68     		ldr	r2, [r5, #8]
  96:circularRingbuffer.c ****             [(ringbuffer->read_idx)+i]); 
 243              		.loc 1 96 0 discriminator 3
 244 000c 6B88     		ldrh	r3, [r5, #2]
 245 000e 2344     		add	r3, r3, r4
  95:circularRingbuffer.c ****         UART_LOG_PutChar(ringbuffer->data
 246              		.loc 1 95 0 discriminator 3
 247 0010 D05C     		ldrb	r0, [r2, r3]	@ zero_extendqisi2
 248 0012 FFF7FEFF 		bl	UART_LOG_PutChar
 249              	.LVL21:
  94:circularRingbuffer.c ****         UART_LOG_PutChar(ringbuffer->data
 250              		.loc 1 94 0 discriminator 3
 251 0016 0134     		adds	r4, r4, #1
 252              	.LVL22:
 253 0018 E4B2     		uxtb	r4, r4
 254              	.LVL23:
 255              	.L14:
  94:circularRingbuffer.c ****         UART_LOG_PutChar(ringbuffer->data
 256              		.loc 1 94 0 is_stmt 0 discriminator 1
 257 001a B442     		cmp	r4, r6
 258 001c F5D3     		bcc	.L15
 259              	.LBE5:
  97:circularRingbuffer.c ****     }
  98:circularRingbuffer.c ****     
  99:circularRingbuffer.c ****     return RC_SUCCESS; 
 100:circularRingbuffer.c **** }
 260              		.loc 1 100 0 is_stmt 1
 261 001e 0020     		movs	r0, #0
 262 0020 70BD     		pop	{r4, r5, r6, pc}
 263              		.cfi_endproc
 264              	.LFE106:
 265              		.size	circularRingbuffer_UART_print, .-circularRingbuffer_UART_print
 266 0022 00BF     		.section	.text.circularRingbuffer_checkForChar,"ax",%progbits
 267              		.align	2
 268              		.global	circularRingbuffer_checkForChar
 269              		.thumb
 270              		.thumb_func
 271              		.type	circularRingbuffer_checkForChar, %function
 272              	circularRingbuffer_checkForChar:
 273              	.LFB107:
 101:circularRingbuffer.c **** 
 102:circularRingbuffer.c **** RC_t circularRingbuffer_checkForChar(circularRingbuffer_t* ringbuffer, uint8_t searchValue, uint8_t
 274              		.loc 1 102 0
 275              		.cfi_startproc
 276              		@ args = 0, pretend = 0, frame = 0
 277              		@ frame_needed = 0, uses_anonymous_args = 0
 278              		@ link register save eliminated.
 279              	.LVL24:
 280 0000 70B4     		push	{r4, r5, r6}
 281              		.cfi_def_cfa_offset 12
 282              		.cfi_offset 4, -12
 283              		.cfi_offset 5, -8
 284              		.cfi_offset 6, -4
 103:circularRingbuffer.c ****     // Get filllevel and set found values to zero
 104:circularRingbuffer.c ****     uint8_t length = ringbuffer->filllevel; 
 285              		.loc 1 104 0
 286 0002 8679     		ldrb	r6, [r0, #6]	@ zero_extendqisi2
ARM GAS  C:\Users\DABBIR~1\AppData\Local\Temp\ccvPYiMk.s 			page 8


 287              	.LVL25:
 105:circularRingbuffer.c ****     *numberOfFoundValues = 0; 
 288              		.loc 1 105 0
 289 0004 0023     		movs	r3, #0
 290 0006 1370     		strb	r3, [r2]
 291              	.LVL26:
 292              	.LBB6:
 106:circularRingbuffer.c ****     
 107:circularRingbuffer.c ****     // Increment found values if char is found
 108:circularRingbuffer.c ****     for(uint8_t i = 0; i<length; i++){
 293              		.loc 1 108 0
 294 0008 0AE0     		b	.L18
 295              	.LVL27:
 296              	.L20:
 109:circularRingbuffer.c ****         if(ringbuffer->data
 297              		.loc 1 109 0
 298 000a 8568     		ldr	r5, [r0, #8]
 110:circularRingbuffer.c ****             [(ringbuffer->read_idx)+i] == searchValue){
 299              		.loc 1 110 0
 300 000c 4488     		ldrh	r4, [r0, #2]
 301 000e 1C44     		add	r4, r4, r3
 302 0010 2C5D     		ldrb	r4, [r5, r4]	@ zero_extendqisi2
 109:circularRingbuffer.c ****         if(ringbuffer->data
 303              		.loc 1 109 0
 304 0012 8C42     		cmp	r4, r1
 305 0014 02D1     		bne	.L19
 111:circularRingbuffer.c ****                 *numberOfFoundValues += 1; 
 306              		.loc 1 111 0
 307 0016 1478     		ldrb	r4, [r2]	@ zero_extendqisi2
 308 0018 0134     		adds	r4, r4, #1
 309 001a 1470     		strb	r4, [r2]
 310              	.L19:
 108:circularRingbuffer.c ****         if(ringbuffer->data
 311              		.loc 1 108 0 discriminator 2
 312 001c 0133     		adds	r3, r3, #1
 313              	.LVL28:
 314 001e DBB2     		uxtb	r3, r3
 315              	.LVL29:
 316              	.L18:
 108:circularRingbuffer.c ****         if(ringbuffer->data
 317              		.loc 1 108 0 is_stmt 0 discriminator 1
 318 0020 B342     		cmp	r3, r6
 319 0022 F2D3     		bcc	.L20
 320              	.LBE6:
 112:circularRingbuffer.c ****             }
 113:circularRingbuffer.c ****     }
 114:circularRingbuffer.c ****     return RC_SUCCESS; 
 115:circularRingbuffer.c **** }...
 321              		.loc 1 115 0 is_stmt 1
 322 0024 0020     		movs	r0, #0
 323              	.LVL30:
 324 0026 70BC     		pop	{r4, r5, r6}
 325              		.cfi_restore 6
 326              		.cfi_restore 5
 327              		.cfi_restore 4
 328              		.cfi_def_cfa_offset 0
 329              	.LVL31:
ARM GAS  C:\Users\DABBIR~1\AppData\Local\Temp\ccvPYiMk.s 			page 9


 330 0028 7047     		bx	lr
 331              		.cfi_endproc
 332              	.LFE107:
 333              		.size	circularRingbuffer_checkForChar, .-circularRingbuffer_checkForChar
 334 002a 00BF     		.text
 335              	.Letext0:
 336              		.file 2 "c:\\program files (x86)\\cypress\\psoc creator\\4.4\\psoc creator\\import\\gnu\\arm\\5.4.
 337              		.file 3 "c:\\program files (x86)\\cypress\\psoc creator\\4.4\\psoc creator\\import\\gnu\\arm\\5.4.
 338              		.file 4 "Generated_Source\\PSoC5/ErikaOS_1_common_ee_types.inc"
 339              		.file 5 "Generated_Source\\PSoC5/ErikaOS_1_cortex_mx_ee_cpu.inc"
 340              		.file 6 ".\\source\\bsw/global.h"
 341              		.file 7 "circularRingbuffer.h"
 342              		.file 8 "Generated_Source\\PSoC5/ErikaOS_1_ee_oo_intfunc.inc"
 343              		.file 9 "Generated_Source\\PSoC5/ErikaOS_1_cortex_mx_ee_context.inc"
 344              		.file 10 "Generated_Source\\PSoC5/ErikaOS_1_common_ee_primitives.inc"
 345              		.file 11 "Generated_Source\\PSoC5/core_cm3.h"
 346              		.file 12 "<built-in>"
 347              		.file 13 "Generated_Source\\PSoC5/UART_LOG.h"
 348              		.section	.debug_info,"",%progbits
 349              	.Ldebug_info0:
 350 0000 50040000 		.4byte	0x450
 351 0004 0400     		.2byte	0x4
 352 0006 00000000 		.4byte	.Ldebug_abbrev0
 353 000a 04       		.byte	0x4
 354 000b 01       		.uleb128 0x1
 355 000c E1030000 		.4byte	.LASF77
 356 0010 0C       		.byte	0xc
 357 0011 36050000 		.4byte	.LASF78
 358 0015 50000000 		.4byte	.LASF79
 359 0019 18000000 		.4byte	.Ldebug_ranges0+0x18
 360 001d 00000000 		.4byte	0
 361 0021 00000000 		.4byte	.Ldebug_line0
 362 0025 02       		.uleb128 0x2
 363 0026 01       		.byte	0x1
 364 0027 06       		.byte	0x6
 365 0028 4A030000 		.4byte	.LASF0
 366 002c 03       		.uleb128 0x3
 367 002d E7020000 		.4byte	.LASF3
 368 0031 02       		.byte	0x2
 369 0032 1D       		.byte	0x1d
 370 0033 37000000 		.4byte	0x37
 371 0037 02       		.uleb128 0x2
 372 0038 01       		.byte	0x1
 373 0039 08       		.byte	0x8
 374 003a 20030000 		.4byte	.LASF1
 375 003e 02       		.uleb128 0x2
 376 003f 02       		.byte	0x2
 377 0040 05       		.byte	0x5
 378 0041 12010000 		.4byte	.LASF2
 379 0045 03       		.uleb128 0x3
 380 0046 7F010000 		.4byte	.LASF4
 381 004a 02       		.byte	0x2
 382 004b 2B       		.byte	0x2b
 383 004c 50000000 		.4byte	0x50
 384 0050 02       		.uleb128 0x2
 385 0051 02       		.byte	0x2
 386 0052 07       		.byte	0x7
ARM GAS  C:\Users\DABBIR~1\AppData\Local\Temp\ccvPYiMk.s 			page 10


 387 0053 CE030000 		.4byte	.LASF5
 388 0057 03       		.uleb128 0x3
 389 0058 91040000 		.4byte	.LASF6
 390 005c 02       		.byte	0x2
 391 005d 3F       		.byte	0x3f
 392 005e 62000000 		.4byte	0x62
 393 0062 02       		.uleb128 0x2
 394 0063 04       		.byte	0x4
 395 0064 05       		.byte	0x5
 396 0065 BE020000 		.4byte	.LASF7
 397 0069 02       		.uleb128 0x2
 398 006a 04       		.byte	0x4
 399 006b 07       		.byte	0x7
 400 006c C6040000 		.4byte	.LASF8
 401 0070 02       		.uleb128 0x2
 402 0071 08       		.byte	0x8
 403 0072 05       		.byte	0x5
 404 0073 67020000 		.4byte	.LASF9
 405 0077 02       		.uleb128 0x2
 406 0078 08       		.byte	0x8
 407 0079 07       		.byte	0x7
 408 007a 56030000 		.4byte	.LASF10
 409 007e 04       		.uleb128 0x4
 410 007f 04       		.byte	0x4
 411 0080 05       		.byte	0x5
 412 0081 696E7400 		.ascii	"int\000"
 413 0085 02       		.uleb128 0x2
 414 0086 04       		.byte	0x4
 415 0087 07       		.byte	0x7
 416 0088 6D030000 		.4byte	.LASF11
 417 008c 03       		.uleb128 0x3
 418 008d B2010000 		.4byte	.LASF12
 419 0091 03       		.byte	0x3
 420 0092 18       		.byte	0x18
 421 0093 2C000000 		.4byte	0x2c
 422 0097 03       		.uleb128 0x3
 423 0098 88030000 		.4byte	.LASF13
 424 009c 03       		.byte	0x3
 425 009d 24       		.byte	0x24
 426 009e 45000000 		.4byte	0x45
 427 00a2 03       		.uleb128 0x3
 428 00a3 89040000 		.4byte	.LASF14
 429 00a7 03       		.byte	0x3
 430 00a8 2C       		.byte	0x2c
 431 00a9 57000000 		.4byte	0x57
 432 00ad 02       		.uleb128 0x2
 433 00ae 04       		.byte	0x4
 434 00af 04       		.byte	0x4
 435 00b0 2F020000 		.4byte	.LASF15
 436 00b4 02       		.uleb128 0x2
 437 00b5 08       		.byte	0x8
 438 00b6 04       		.byte	0x4
 439 00b7 D8040000 		.4byte	.LASF16
 440 00bb 02       		.uleb128 0x2
 441 00bc 01       		.byte	0x1
 442 00bd 08       		.byte	0x8
 443 00be 6F040000 		.4byte	.LASF17
ARM GAS  C:\Users\DABBIR~1\AppData\Local\Temp\ccvPYiMk.s 			page 11


 444 00c2 02       		.uleb128 0x2
 445 00c3 08       		.byte	0x8
 446 00c4 04       		.byte	0x4
 447 00c5 14030000 		.4byte	.LASF18
 448 00c9 03       		.uleb128 0x3
 449 00ca E6010000 		.4byte	.LASF19
 450 00ce 04       		.byte	0x4
 451 00cf 53       		.byte	0x53
 452 00d0 7E000000 		.4byte	0x7e
 453 00d4 03       		.uleb128 0x3
 454 00d5 75010000 		.4byte	.LASF20
 455 00d9 04       		.byte	0x4
 456 00da 54       		.byte	0x54
 457 00db 85000000 		.4byte	0x85
 458 00df 05       		.uleb128 0x5
 459 00e0 04       		.byte	0x4
 460 00e1 03       		.uleb128 0x3
 461 00e2 F1040000 		.4byte	.LASF21
 462 00e6 05       		.byte	0x5
 463 00e7 4D       		.byte	0x4d
 464 00e8 D4000000 		.4byte	0xd4
 465 00ec 03       		.uleb128 0x3
 466 00ed 59010000 		.4byte	.LASF22
 467 00f1 05       		.byte	0x5
 468 00f2 4F       		.byte	0x4f
 469 00f3 D4000000 		.4byte	0xd4
 470 00f7 03       		.uleb128 0x3
 471 00f8 8A010000 		.4byte	.LASF23
 472 00fc 05       		.byte	0x5
 473 00fd 78       		.byte	0x78
 474 00fe C9000000 		.4byte	0xc9
 475 0102 02       		.uleb128 0x2
 476 0103 04       		.byte	0x4
 477 0104 07       		.byte	0x7
 478 0105 42010000 		.4byte	.LASF24
 479 0109 06       		.uleb128 0x6
 480 010a 01       		.byte	0x1
 481 010b 25000000 		.4byte	0x25
 482 010f 06       		.byte	0x6
 483 0110 CF       		.byte	0xcf
 484 0111 B2010000 		.4byte	0x1b2
 485 0115 07       		.uleb128 0x7
 486 0116 45000000 		.4byte	.LASF25
 487 011a 00       		.byte	0
 488 011b 08       		.uleb128 0x8
 489 011c 58050000 		.4byte	.LASF26
 490 0120 7F       		.sleb128 -1
 491 0121 08       		.uleb128 0x8
 492 0122 91030000 		.4byte	.LASF27
 493 0126 7E       		.sleb128 -2
 494 0127 08       		.uleb128 0x8
 495 0128 4B010000 		.4byte	.LASF28
 496 012c 7D       		.sleb128 -3
 497 012d 08       		.uleb128 0x8
 498 012e 61050000 		.4byte	.LASF29
 499 0132 7C       		.sleb128 -4
 500 0133 08       		.uleb128 0x8
ARM GAS  C:\Users\DABBIR~1\AppData\Local\Temp\ccvPYiMk.s 			page 12


 501 0134 0F020000 		.4byte	.LASF30
 502 0138 7B       		.sleb128 -5
 503 0139 08       		.uleb128 0x8
 504 013a 1C010000 		.4byte	.LASF31
 505 013e 7A       		.sleb128 -6
 506 013f 08       		.uleb128 0x8
 507 0140 C7020000 		.4byte	.LASF32
 508 0144 79       		.sleb128 -7
 509 0145 08       		.uleb128 0x8
 510 0146 74040000 		.4byte	.LASF33
 511 014a 78       		.sleb128 -8
 512 014b 08       		.uleb128 0x8
 513 014c 9F030000 		.4byte	.LASF34
 514 0150 77       		.sleb128 -9
 515 0151 08       		.uleb128 0x8
 516 0152 D9020000 		.4byte	.LASF35
 517 0156 76       		.sleb128 -10
 518 0157 08       		.uleb128 0x8
 519 0158 9F050000 		.4byte	.LASF36
 520 015c 75       		.sleb128 -11
 521 015d 08       		.uleb128 0x8
 522 015e 7A030000 		.4byte	.LASF37
 523 0162 74       		.sleb128 -12
 524 0163 08       		.uleb128 0x8
 525 0164 DF040000 		.4byte	.LASF38
 526 0168 73       		.sleb128 -13
 527 0169 08       		.uleb128 0x8
 528 016a 32000000 		.4byte	.LASF39
 529 016e 72       		.sleb128 -14
 530 016f 08       		.uleb128 0x8
 531 0170 FE000000 		.4byte	.LASF40
 532 0174 71       		.sleb128 -15
 533 0175 08       		.uleb128 0x8
 534 0176 F1020000 		.4byte	.LASF41
 535 017a 70       		.sleb128 -16
 536 017b 08       		.uleb128 0x8
 537 017c 61010000 		.4byte	.LASF42
 538 0180 6F       		.sleb128 -17
 539 0181 08       		.uleb128 0x8
 540 0182 2D010000 		.4byte	.LASF43
 541 0186 6E       		.sleb128 -18
 542 0187 08       		.uleb128 0x8
 543 0188 9A020000 		.4byte	.LASF44
 544 018c 6D       		.sleb128 -19
 545 018d 08       		.uleb128 0x8
 546 018e 9B040000 		.4byte	.LASF45
 547 0192 6C       		.sleb128 -20
 548 0193 08       		.uleb128 0x8
 549 0194 02030000 		.4byte	.LASF46
 550 0198 6B       		.sleb128 -21
 551 0199 08       		.uleb128 0x8
 552 019a 38030000 		.4byte	.LASF47
 553 019e 6A       		.sleb128 -22
 554 019f 08       		.uleb128 0x8
 555 01a0 BA010000 		.4byte	.LASF48
 556 01a4 69       		.sleb128 -23
 557 01a5 08       		.uleb128 0x8
ARM GAS  C:\Users\DABBIR~1\AppData\Local\Temp\ccvPYiMk.s 			page 13


 558 01a6 AD020000 		.4byte	.LASF49
 559 01aa 68       		.sleb128 -24
 560 01ab 08       		.uleb128 0x8
 561 01ac 4E020000 		.4byte	.LASF50
 562 01b0 67       		.sleb128 -25
 563 01b1 00       		.byte	0
 564 01b2 03       		.uleb128 0x3
 565 01b3 9A050000 		.4byte	.LASF51
 566 01b7 06       		.byte	0x6
 567 01b8 EA       		.byte	0xea
 568 01b9 09010000 		.4byte	0x109
 569 01bd 09       		.uleb128 0x9
 570 01be 0C       		.byte	0xc
 571 01bf 07       		.byte	0x7
 572 01c0 13       		.byte	0x13
 573 01c1 02020000 		.4byte	0x202
 574 01c5 0A       		.uleb128 0xa
 575 01c6 F9040000 		.4byte	.LASF52
 576 01ca 07       		.byte	0x7
 577 01cb 14       		.byte	0x14
 578 01cc 97000000 		.4byte	0x97
 579 01d0 00       		.byte	0
 580 01d1 0A       		.uleb128 0xa
 581 01d2 91010000 		.4byte	.LASF53
 582 01d6 07       		.byte	0x7
 583 01d7 15       		.byte	0x15
 584 01d8 97000000 		.4byte	0x97
 585 01dc 02       		.byte	0x2
 586 01dd 0A       		.uleb128 0xa
 587 01de 25020000 		.4byte	.LASF54
 588 01e2 07       		.byte	0x7
 589 01e3 16       		.byte	0x16
 590 01e4 97000000 		.4byte	0x97
 591 01e8 04       		.byte	0x4
 592 01e9 0A       		.uleb128 0xa
 593 01ea 2E030000 		.4byte	.LASF55
 594 01ee 07       		.byte	0x7
 595 01ef 17       		.byte	0x17
 596 01f0 97000000 		.4byte	0x97
 597 01f4 06       		.byte	0x6
 598 01f5 0A       		.uleb128 0xa
 599 01f6 AE040000 		.4byte	.LASF56
 600 01fa 07       		.byte	0x7
 601 01fb 18       		.byte	0x18
 602 01fc 02020000 		.4byte	0x202
 603 0200 08       		.byte	0x8
 604 0201 00       		.byte	0
 605 0202 0B       		.uleb128 0xb
 606 0203 04       		.byte	0x4
 607 0204 8C000000 		.4byte	0x8c
 608 0208 03       		.uleb128 0x3
 609 0209 D1000000 		.4byte	.LASF57
 610 020d 07       		.byte	0x7
 611 020e 19       		.byte	0x19
 612 020f BD010000 		.4byte	0x1bd
 613 0213 0C       		.uleb128 0xc
 614 0214 E6000000 		.4byte	.LASF59
ARM GAS  C:\Users\DABBIR~1\AppData\Local\Temp\ccvPYiMk.s 			page 14


 615 0218 01       		.byte	0x1
 616 0219 1A       		.byte	0x1a
 617 021a B2010000 		.4byte	0x1b2
 618 021e 00000000 		.4byte	.LFB102
 619 0222 34000000 		.4byte	.LFE102-.LFB102
 620 0226 01       		.uleb128 0x1
 621 0227 9C       		.byte	0x9c
 622 0228 80020000 		.4byte	0x280
 623 022c 0D       		.uleb128 0xd
 624 022d 12050000 		.4byte	.LASF58
 625 0231 01       		.byte	0x1
 626 0232 1A       		.byte	0x1a
 627 0233 80020000 		.4byte	0x280
 628 0237 00000000 		.4byte	.LLST0
 629 023b 0D       		.uleb128 0xd
 630 023c F9040000 		.4byte	.LASF52
 631 0240 01       		.byte	0x1
 632 0241 1A       		.byte	0x1a
 633 0242 97000000 		.4byte	0x97
 634 0246 37000000 		.4byte	.LLST1
 635 024a 0E       		.uleb128 0xe
 636 024b 93020000 		.4byte	.LASF75
 637 024f 0C       		.byte	0xc
 638 0250 00       		.byte	0
 639 0251 DF000000 		.4byte	0xdf
 640 0255 5F020000 		.4byte	0x25f
 641 0259 0F       		.uleb128 0xf
 642 025a 85000000 		.4byte	0x85
 643 025e 00       		.byte	0
 644 025f 10       		.uleb128 0x10
 645 0260 00000000 		.4byte	.Ldebug_ranges0+0
 646 0264 76020000 		.4byte	0x276
 647 0268 11       		.uleb128 0x11
 648 0269 6900     		.ascii	"i\000"
 649 026b 01       		.byte	0x1
 650 026c 2A       		.byte	0x2a
 651 026d 7E000000 		.4byte	0x7e
 652 0271 63000000 		.4byte	.LLST2
 653 0275 00       		.byte	0
 654 0276 12       		.uleb128 0x12
 655 0277 16000000 		.4byte	.LVL2
 656 027b 3D040000 		.4byte	0x43d
 657 027f 00       		.byte	0
 658 0280 0B       		.uleb128 0xb
 659 0281 04       		.byte	0x4
 660 0282 08020000 		.4byte	0x208
 661 0286 0C       		.uleb128 0xc
 662 0287 9A010000 		.4byte	.LASF60
 663 028b 01       		.byte	0x1
 664 028c 32       		.byte	0x32
 665 028d B2010000 		.4byte	0x1b2
 666 0291 00000000 		.4byte	.LFB103
 667 0295 24000000 		.4byte	.LFE103-.LFB103
 668 0299 01       		.uleb128 0x1
 669 029a 9C       		.byte	0x9c
 670 029b BE020000 		.4byte	0x2be
 671 029f 0D       		.uleb128 0xd
ARM GAS  C:\Users\DABBIR~1\AppData\Local\Temp\ccvPYiMk.s 			page 15


 672 02a0 12050000 		.4byte	.LASF58
 673 02a4 01       		.byte	0x1
 674 02a5 32       		.byte	0x32
 675 02a6 80020000 		.4byte	0x280
 676 02aa 82000000 		.4byte	.LLST3
 677 02ae 0D       		.uleb128 0xd
 678 02af AE040000 		.4byte	.LASF56
 679 02b3 01       		.byte	0x1
 680 02b4 32       		.byte	0x32
 681 02b5 02020000 		.4byte	0x202
 682 02b9 A3000000 		.4byte	.LLST4
 683 02bd 00       		.byte	0
 684 02be 0C       		.uleb128 0xc
 685 02bf 19000000 		.4byte	.LASF61
 686 02c3 01       		.byte	0x1
 687 02c4 41       		.byte	0x41
 688 02c5 B2010000 		.4byte	0x1b2
 689 02c9 00000000 		.4byte	.LFB104
 690 02cd 22000000 		.4byte	.LFE104-.LFB104
 691 02d1 01       		.uleb128 0x1
 692 02d2 9C       		.byte	0x9c
 693 02d3 F6020000 		.4byte	0x2f6
 694 02d7 0D       		.uleb128 0xd
 695 02d8 12050000 		.4byte	.LASF58
 696 02dc 01       		.byte	0x1
 697 02dd 41       		.byte	0x41
 698 02de 80020000 		.4byte	0x280
 699 02e2 C4000000 		.4byte	.LLST5
 700 02e6 0D       		.uleb128 0xd
 701 02e7 AE040000 		.4byte	.LASF56
 702 02eb 01       		.byte	0x1
 703 02ec 41       		.byte	0x41
 704 02ed 8C000000 		.4byte	0x8c
 705 02f1 E5000000 		.4byte	.LLST6
 706 02f5 00       		.byte	0
 707 02f6 0C       		.uleb128 0xc
 708 02f7 1D050000 		.4byte	.LASF62
 709 02fb 01       		.byte	0x1
 710 02fc 50       		.byte	0x50
 711 02fd B2010000 		.4byte	0x1b2
 712 0301 00000000 		.4byte	.LFB105
 713 0305 16000000 		.4byte	.LFE105-.LFB105
 714 0309 01       		.uleb128 0x1
 715 030a 9C       		.byte	0x9c
 716 030b 36030000 		.4byte	0x336
 717 030f 0D       		.uleb128 0xd
 718 0310 12050000 		.4byte	.LASF58
 719 0314 01       		.byte	0x1
 720 0315 50       		.byte	0x50
 721 0316 80020000 		.4byte	0x280
 722 031a 06010000 		.4byte	.LLST7
 723 031e 13       		.uleb128 0x13
 724 031f 00000000 		.4byte	.LBB4
 725 0323 12000000 		.4byte	.LBE4-.LBB4
 726 0327 11       		.uleb128 0x11
 727 0328 6900     		.ascii	"i\000"
 728 032a 01       		.byte	0x1
ARM GAS  C:\Users\DABBIR~1\AppData\Local\Temp\ccvPYiMk.s 			page 16


 729 032b 52       		.byte	0x52
 730 032c 7E000000 		.4byte	0x7e
 731 0330 27010000 		.4byte	.LLST8
 732 0334 00       		.byte	0
 733 0335 00       		.byte	0
 734 0336 0C       		.uleb128 0xc
 735 0337 75020000 		.4byte	.LASF63
 736 033b 01       		.byte	0x1
 737 033c 59       		.byte	0x59
 738 033d B2010000 		.4byte	0x1b2
 739 0341 00000000 		.4byte	.LFB106
 740 0345 22000000 		.4byte	.LFE106-.LFB106
 741 0349 01       		.uleb128 0x1
 742 034a 9C       		.byte	0x9c
 743 034b 8C030000 		.4byte	0x38c
 744 034f 0D       		.uleb128 0xd
 745 0350 12050000 		.4byte	.LASF58
 746 0354 01       		.byte	0x1
 747 0355 59       		.byte	0x59
 748 0356 80020000 		.4byte	0x280
 749 035a 46010000 		.4byte	.LLST9
 750 035e 14       		.uleb128 0x14
 751 035f B5030000 		.4byte	.LASF64
 752 0363 01       		.byte	0x1
 753 0364 5B       		.byte	0x5b
 754 0365 8C000000 		.4byte	0x8c
 755 0369 01       		.uleb128 0x1
 756 036a 56       		.byte	0x56
 757 036b 13       		.uleb128 0x13
 758 036c 06000000 		.4byte	.LBB5
 759 0370 18000000 		.4byte	.LBE5-.LBB5
 760 0374 11       		.uleb128 0x11
 761 0375 6900     		.ascii	"i\000"
 762 0377 01       		.byte	0x1
 763 0378 5E       		.byte	0x5e
 764 0379 8C000000 		.4byte	0x8c
 765 037d 64010000 		.4byte	.LLST10
 766 0381 12       		.uleb128 0x12
 767 0382 16000000 		.4byte	.LVL21
 768 0386 48040000 		.4byte	0x448
 769 038a 00       		.byte	0
 770 038b 00       		.byte	0
 771 038c 0C       		.uleb128 0xc
 772 038d EF010000 		.4byte	.LASF65
 773 0391 01       		.byte	0x1
 774 0392 66       		.byte	0x66
 775 0393 B2010000 		.4byte	0x1b2
 776 0397 00000000 		.4byte	.LFB107
 777 039b 2A000000 		.4byte	.LFE107-.LFB107
 778 039f 01       		.uleb128 0x1
 779 03a0 9C       		.byte	0x9c
 780 03a1 F5030000 		.4byte	0x3f5
 781 03a5 0D       		.uleb128 0xd
 782 03a6 12050000 		.4byte	.LASF58
 783 03aa 01       		.byte	0x1
 784 03ab 66       		.byte	0x66
 785 03ac 80020000 		.4byte	0x280
ARM GAS  C:\Users\DABBIR~1\AppData\Local\Temp\ccvPYiMk.s 			page 17


 786 03b0 8E010000 		.4byte	.LLST11
 787 03b4 15       		.uleb128 0x15
 788 03b5 C2030000 		.4byte	.LASF66
 789 03b9 01       		.byte	0x1
 790 03ba 66       		.byte	0x66
 791 03bb 8C000000 		.4byte	0x8c
 792 03bf 01       		.uleb128 0x1
 793 03c0 51       		.byte	0x51
 794 03c1 15       		.uleb128 0x15
 795 03c2 FE040000 		.4byte	.LASF67
 796 03c6 01       		.byte	0x1
 797 03c7 66       		.byte	0x66
 798 03c8 02020000 		.4byte	0x202
 799 03cc 01       		.uleb128 0x1
 800 03cd 52       		.byte	0x52
 801 03ce 16       		.uleb128 0x16
 802 03cf 1E020000 		.4byte	.LASF68
 803 03d3 01       		.byte	0x1
 804 03d4 68       		.byte	0x68
 805 03d5 8C000000 		.4byte	0x8c
 806 03d9 AF010000 		.4byte	.LLST12
 807 03dd 13       		.uleb128 0x13
 808 03de 08000000 		.4byte	.LBB6
 809 03e2 1C000000 		.4byte	.LBE6-.LBB6
 810 03e6 11       		.uleb128 0x11
 811 03e7 6900     		.ascii	"i\000"
 812 03e9 01       		.byte	0x1
 813 03ea 6C       		.byte	0x6c
 814 03eb 8C000000 		.4byte	0x8c
 815 03ef C2010000 		.4byte	.LLST13
 816 03f3 00       		.byte	0
 817 03f4 00       		.byte	0
 818 03f5 17       		.uleb128 0x17
 819 03f6 71050000 		.4byte	.LASF69
 820 03fa 08       		.byte	0x8
 821 03fb 40       		.byte	0x40
 822 03fc E1000000 		.4byte	0xe1
 823 0400 17       		.uleb128 0x17
 824 0401 35020000 		.4byte	.LASF70
 825 0405 08       		.byte	0x8
 826 0406 47       		.byte	0x47
 827 0407 EC000000 		.4byte	0xec
 828 040b 17       		.uleb128 0x17
 829 040c B3040000 		.4byte	.LASF71
 830 0410 08       		.byte	0x8
 831 0411 4A       		.byte	0x4a
 832 0412 E1000000 		.4byte	0xe1
 833 0416 17       		.uleb128 0x17
 834 0417 00000000 		.4byte	.LASF72
 835 041b 09       		.byte	0x9
 836 041c 48       		.byte	0x48
 837 041d F7000000 		.4byte	0xf7
 838 0421 17       		.uleb128 0x17
 839 0422 D1010000 		.4byte	.LASF73
 840 0426 0A       		.byte	0xa
 841 0427 44       		.byte	0x44
 842 0428 E1000000 		.4byte	0xe1
ARM GAS  C:\Users\DABBIR~1\AppData\Local\Temp\ccvPYiMk.s 			page 18


 843 042c 18       		.uleb128 0x18
 844 042d 4B050000 		.4byte	.LASF74
 845 0431 0B       		.byte	0xb
 846 0432 1207     		.2byte	0x712
 847 0434 38040000 		.4byte	0x438
 848 0438 19       		.uleb128 0x19
 849 0439 A2000000 		.4byte	0xa2
 850 043d 1A       		.uleb128 0x1a
 851 043e 93020000 		.4byte	.LASF75
 852 0442 93020000 		.4byte	.LASF75
 853 0446 0C       		.byte	0xc
 854 0447 00       		.byte	0
 855 0448 1A       		.uleb128 0x1a
 856 0449 89050000 		.4byte	.LASF76
 857 044d 89050000 		.4byte	.LASF76
 858 0451 0D       		.byte	0xd
 859 0452 8A       		.byte	0x8a
 860 0453 00       		.byte	0
 861              		.section	.debug_abbrev,"",%progbits
 862              	.Ldebug_abbrev0:
 863 0000 01       		.uleb128 0x1
 864 0001 11       		.uleb128 0x11
 865 0002 01       		.byte	0x1
 866 0003 25       		.uleb128 0x25
 867 0004 0E       		.uleb128 0xe
 868 0005 13       		.uleb128 0x13
 869 0006 0B       		.uleb128 0xb
 870 0007 03       		.uleb128 0x3
 871 0008 0E       		.uleb128 0xe
 872 0009 1B       		.uleb128 0x1b
 873 000a 0E       		.uleb128 0xe
 874 000b 55       		.uleb128 0x55
 875 000c 17       		.uleb128 0x17
 876 000d 11       		.uleb128 0x11
 877 000e 01       		.uleb128 0x1
 878 000f 10       		.uleb128 0x10
 879 0010 17       		.uleb128 0x17
 880 0011 00       		.byte	0
 881 0012 00       		.byte	0
 882 0013 02       		.uleb128 0x2
 883 0014 24       		.uleb128 0x24
 884 0015 00       		.byte	0
 885 0016 0B       		.uleb128 0xb
 886 0017 0B       		.uleb128 0xb
 887 0018 3E       		.uleb128 0x3e
 888 0019 0B       		.uleb128 0xb
 889 001a 03       		.uleb128 0x3
 890 001b 0E       		.uleb128 0xe
 891 001c 00       		.byte	0
 892 001d 00       		.byte	0
 893 001e 03       		.uleb128 0x3
 894 001f 16       		.uleb128 0x16
 895 0020 00       		.byte	0
 896 0021 03       		.uleb128 0x3
 897 0022 0E       		.uleb128 0xe
 898 0023 3A       		.uleb128 0x3a
 899 0024 0B       		.uleb128 0xb
ARM GAS  C:\Users\DABBIR~1\AppData\Local\Temp\ccvPYiMk.s 			page 19


 900 0025 3B       		.uleb128 0x3b
 901 0026 0B       		.uleb128 0xb
 902 0027 49       		.uleb128 0x49
 903 0028 13       		.uleb128 0x13
 904 0029 00       		.byte	0
 905 002a 00       		.byte	0
 906 002b 04       		.uleb128 0x4
 907 002c 24       		.uleb128 0x24
 908 002d 00       		.byte	0
 909 002e 0B       		.uleb128 0xb
 910 002f 0B       		.uleb128 0xb
 911 0030 3E       		.uleb128 0x3e
 912 0031 0B       		.uleb128 0xb
 913 0032 03       		.uleb128 0x3
 914 0033 08       		.uleb128 0x8
 915 0034 00       		.byte	0
 916 0035 00       		.byte	0
 917 0036 05       		.uleb128 0x5
 918 0037 0F       		.uleb128 0xf
 919 0038 00       		.byte	0
 920 0039 0B       		.uleb128 0xb
 921 003a 0B       		.uleb128 0xb
 922 003b 00       		.byte	0
 923 003c 00       		.byte	0
 924 003d 06       		.uleb128 0x6
 925 003e 04       		.uleb128 0x4
 926 003f 01       		.byte	0x1
 927 0040 0B       		.uleb128 0xb
 928 0041 0B       		.uleb128 0xb
 929 0042 49       		.uleb128 0x49
 930 0043 13       		.uleb128 0x13
 931 0044 3A       		.uleb128 0x3a
 932 0045 0B       		.uleb128 0xb
 933 0046 3B       		.uleb128 0x3b
 934 0047 0B       		.uleb128 0xb
 935 0048 01       		.uleb128 0x1
 936 0049 13       		.uleb128 0x13
 937 004a 00       		.byte	0
 938 004b 00       		.byte	0
 939 004c 07       		.uleb128 0x7
 940 004d 28       		.uleb128 0x28
 941 004e 00       		.byte	0
 942 004f 03       		.uleb128 0x3
 943 0050 0E       		.uleb128 0xe
 944 0051 1C       		.uleb128 0x1c
 945 0052 0B       		.uleb128 0xb
 946 0053 00       		.byte	0
 947 0054 00       		.byte	0
 948 0055 08       		.uleb128 0x8
 949 0056 28       		.uleb128 0x28
 950 0057 00       		.byte	0
 951 0058 03       		.uleb128 0x3
 952 0059 0E       		.uleb128 0xe
 953 005a 1C       		.uleb128 0x1c
 954 005b 0D       		.uleb128 0xd
 955 005c 00       		.byte	0
 956 005d 00       		.byte	0
ARM GAS  C:\Users\DABBIR~1\AppData\Local\Temp\ccvPYiMk.s 			page 20


 957 005e 09       		.uleb128 0x9
 958 005f 13       		.uleb128 0x13
 959 0060 01       		.byte	0x1
 960 0061 0B       		.uleb128 0xb
 961 0062 0B       		.uleb128 0xb
 962 0063 3A       		.uleb128 0x3a
 963 0064 0B       		.uleb128 0xb
 964 0065 3B       		.uleb128 0x3b
 965 0066 0B       		.uleb128 0xb
 966 0067 01       		.uleb128 0x1
 967 0068 13       		.uleb128 0x13
 968 0069 00       		.byte	0
 969 006a 00       		.byte	0
 970 006b 0A       		.uleb128 0xa
 971 006c 0D       		.uleb128 0xd
 972 006d 00       		.byte	0
 973 006e 03       		.uleb128 0x3
 974 006f 0E       		.uleb128 0xe
 975 0070 3A       		.uleb128 0x3a
 976 0071 0B       		.uleb128 0xb
 977 0072 3B       		.uleb128 0x3b
 978 0073 0B       		.uleb128 0xb
 979 0074 49       		.uleb128 0x49
 980 0075 13       		.uleb128 0x13
 981 0076 38       		.uleb128 0x38
 982 0077 0B       		.uleb128 0xb
 983 0078 00       		.byte	0
 984 0079 00       		.byte	0
 985 007a 0B       		.uleb128 0xb
 986 007b 0F       		.uleb128 0xf
 987 007c 00       		.byte	0
 988 007d 0B       		.uleb128 0xb
 989 007e 0B       		.uleb128 0xb
 990 007f 49       		.uleb128 0x49
 991 0080 13       		.uleb128 0x13
 992 0081 00       		.byte	0
 993 0082 00       		.byte	0
 994 0083 0C       		.uleb128 0xc
 995 0084 2E       		.uleb128 0x2e
 996 0085 01       		.byte	0x1
 997 0086 3F       		.uleb128 0x3f
 998 0087 19       		.uleb128 0x19
 999 0088 03       		.uleb128 0x3
 1000 0089 0E       		.uleb128 0xe
 1001 008a 3A       		.uleb128 0x3a
 1002 008b 0B       		.uleb128 0xb
 1003 008c 3B       		.uleb128 0x3b
 1004 008d 0B       		.uleb128 0xb
 1005 008e 27       		.uleb128 0x27
 1006 008f 19       		.uleb128 0x19
 1007 0090 49       		.uleb128 0x49
 1008 0091 13       		.uleb128 0x13
 1009 0092 11       		.uleb128 0x11
 1010 0093 01       		.uleb128 0x1
 1011 0094 12       		.uleb128 0x12
 1012 0095 06       		.uleb128 0x6
 1013 0096 40       		.uleb128 0x40
ARM GAS  C:\Users\DABBIR~1\AppData\Local\Temp\ccvPYiMk.s 			page 21


 1014 0097 18       		.uleb128 0x18
 1015 0098 9742     		.uleb128 0x2117
 1016 009a 19       		.uleb128 0x19
 1017 009b 01       		.uleb128 0x1
 1018 009c 13       		.uleb128 0x13
 1019 009d 00       		.byte	0
 1020 009e 00       		.byte	0
 1021 009f 0D       		.uleb128 0xd
 1022 00a0 05       		.uleb128 0x5
 1023 00a1 00       		.byte	0
 1024 00a2 03       		.uleb128 0x3
 1025 00a3 0E       		.uleb128 0xe
 1026 00a4 3A       		.uleb128 0x3a
 1027 00a5 0B       		.uleb128 0xb
 1028 00a6 3B       		.uleb128 0x3b
 1029 00a7 0B       		.uleb128 0xb
 1030 00a8 49       		.uleb128 0x49
 1031 00a9 13       		.uleb128 0x13
 1032 00aa 02       		.uleb128 0x2
 1033 00ab 17       		.uleb128 0x17
 1034 00ac 00       		.byte	0
 1035 00ad 00       		.byte	0
 1036 00ae 0E       		.uleb128 0xe
 1037 00af 2E       		.uleb128 0x2e
 1038 00b0 01       		.byte	0x1
 1039 00b1 3F       		.uleb128 0x3f
 1040 00b2 19       		.uleb128 0x19
 1041 00b3 03       		.uleb128 0x3
 1042 00b4 0E       		.uleb128 0xe
 1043 00b5 3A       		.uleb128 0x3a
 1044 00b6 0B       		.uleb128 0xb
 1045 00b7 3B       		.uleb128 0x3b
 1046 00b8 0B       		.uleb128 0xb
 1047 00b9 27       		.uleb128 0x27
 1048 00ba 19       		.uleb128 0x19
 1049 00bb 49       		.uleb128 0x49
 1050 00bc 13       		.uleb128 0x13
 1051 00bd 3C       		.uleb128 0x3c
 1052 00be 19       		.uleb128 0x19
 1053 00bf 01       		.uleb128 0x1
 1054 00c0 13       		.uleb128 0x13
 1055 00c1 00       		.byte	0
 1056 00c2 00       		.byte	0
 1057 00c3 0F       		.uleb128 0xf
 1058 00c4 05       		.uleb128 0x5
 1059 00c5 00       		.byte	0
 1060 00c6 49       		.uleb128 0x49
 1061 00c7 13       		.uleb128 0x13
 1062 00c8 00       		.byte	0
 1063 00c9 00       		.byte	0
 1064 00ca 10       		.uleb128 0x10
 1065 00cb 0B       		.uleb128 0xb
 1066 00cc 01       		.byte	0x1
 1067 00cd 55       		.uleb128 0x55
 1068 00ce 17       		.uleb128 0x17
 1069 00cf 01       		.uleb128 0x1
 1070 00d0 13       		.uleb128 0x13
ARM GAS  C:\Users\DABBIR~1\AppData\Local\Temp\ccvPYiMk.s 			page 22


 1071 00d1 00       		.byte	0
 1072 00d2 00       		.byte	0
 1073 00d3 11       		.uleb128 0x11
 1074 00d4 34       		.uleb128 0x34
 1075 00d5 00       		.byte	0
 1076 00d6 03       		.uleb128 0x3
 1077 00d7 08       		.uleb128 0x8
 1078 00d8 3A       		.uleb128 0x3a
 1079 00d9 0B       		.uleb128 0xb
 1080 00da 3B       		.uleb128 0x3b
 1081 00db 0B       		.uleb128 0xb
 1082 00dc 49       		.uleb128 0x49
 1083 00dd 13       		.uleb128 0x13
 1084 00de 02       		.uleb128 0x2
 1085 00df 17       		.uleb128 0x17
 1086 00e0 00       		.byte	0
 1087 00e1 00       		.byte	0
 1088 00e2 12       		.uleb128 0x12
 1089 00e3 898201   		.uleb128 0x4109
 1090 00e6 00       		.byte	0
 1091 00e7 11       		.uleb128 0x11
 1092 00e8 01       		.uleb128 0x1
 1093 00e9 31       		.uleb128 0x31
 1094 00ea 13       		.uleb128 0x13
 1095 00eb 00       		.byte	0
 1096 00ec 00       		.byte	0
 1097 00ed 13       		.uleb128 0x13
 1098 00ee 0B       		.uleb128 0xb
 1099 00ef 01       		.byte	0x1
 1100 00f0 11       		.uleb128 0x11
 1101 00f1 01       		.uleb128 0x1
 1102 00f2 12       		.uleb128 0x12
 1103 00f3 06       		.uleb128 0x6
 1104 00f4 00       		.byte	0
 1105 00f5 00       		.byte	0
 1106 00f6 14       		.uleb128 0x14
 1107 00f7 34       		.uleb128 0x34
 1108 00f8 00       		.byte	0
 1109 00f9 03       		.uleb128 0x3
 1110 00fa 0E       		.uleb128 0xe
 1111 00fb 3A       		.uleb128 0x3a
 1112 00fc 0B       		.uleb128 0xb
 1113 00fd 3B       		.uleb128 0x3b
 1114 00fe 0B       		.uleb128 0xb
 1115 00ff 49       		.uleb128 0x49
 1116 0100 13       		.uleb128 0x13
 1117 0101 02       		.uleb128 0x2
 1118 0102 18       		.uleb128 0x18
 1119 0103 00       		.byte	0
 1120 0104 00       		.byte	0
 1121 0105 15       		.uleb128 0x15
 1122 0106 05       		.uleb128 0x5
 1123 0107 00       		.byte	0
 1124 0108 03       		.uleb128 0x3
 1125 0109 0E       		.uleb128 0xe
 1126 010a 3A       		.uleb128 0x3a
 1127 010b 0B       		.uleb128 0xb
ARM GAS  C:\Users\DABBIR~1\AppData\Local\Temp\ccvPYiMk.s 			page 23


 1128 010c 3B       		.uleb128 0x3b
 1129 010d 0B       		.uleb128 0xb
 1130 010e 49       		.uleb128 0x49
 1131 010f 13       		.uleb128 0x13
 1132 0110 02       		.uleb128 0x2
 1133 0111 18       		.uleb128 0x18
 1134 0112 00       		.byte	0
 1135 0113 00       		.byte	0
 1136 0114 16       		.uleb128 0x16
 1137 0115 34       		.uleb128 0x34
 1138 0116 00       		.byte	0
 1139 0117 03       		.uleb128 0x3
 1140 0118 0E       		.uleb128 0xe
 1141 0119 3A       		.uleb128 0x3a
 1142 011a 0B       		.uleb128 0xb
 1143 011b 3B       		.uleb128 0x3b
 1144 011c 0B       		.uleb128 0xb
 1145 011d 49       		.uleb128 0x49
 1146 011e 13       		.uleb128 0x13
 1147 011f 02       		.uleb128 0x2
 1148 0120 17       		.uleb128 0x17
 1149 0121 00       		.byte	0
 1150 0122 00       		.byte	0
 1151 0123 17       		.uleb128 0x17
 1152 0124 34       		.uleb128 0x34
 1153 0125 00       		.byte	0
 1154 0126 03       		.uleb128 0x3
 1155 0127 0E       		.uleb128 0xe
 1156 0128 3A       		.uleb128 0x3a
 1157 0129 0B       		.uleb128 0xb
 1158 012a 3B       		.uleb128 0x3b
 1159 012b 0B       		.uleb128 0xb
 1160 012c 49       		.uleb128 0x49
 1161 012d 13       		.uleb128 0x13
 1162 012e 3F       		.uleb128 0x3f
 1163 012f 19       		.uleb128 0x19
 1164 0130 3C       		.uleb128 0x3c
 1165 0131 19       		.uleb128 0x19
 1166 0132 00       		.byte	0
 1167 0133 00       		.byte	0
 1168 0134 18       		.uleb128 0x18
 1169 0135 34       		.uleb128 0x34
 1170 0136 00       		.byte	0
 1171 0137 03       		.uleb128 0x3
 1172 0138 0E       		.uleb128 0xe
 1173 0139 3A       		.uleb128 0x3a
 1174 013a 0B       		.uleb128 0xb
 1175 013b 3B       		.uleb128 0x3b
 1176 013c 05       		.uleb128 0x5
 1177 013d 49       		.uleb128 0x49
 1178 013e 13       		.uleb128 0x13
 1179 013f 3F       		.uleb128 0x3f
 1180 0140 19       		.uleb128 0x19
 1181 0141 3C       		.uleb128 0x3c
 1182 0142 19       		.uleb128 0x19
 1183 0143 00       		.byte	0
 1184 0144 00       		.byte	0
ARM GAS  C:\Users\DABBIR~1\AppData\Local\Temp\ccvPYiMk.s 			page 24


 1185 0145 19       		.uleb128 0x19
 1186 0146 35       		.uleb128 0x35
 1187 0147 00       		.byte	0
 1188 0148 49       		.uleb128 0x49
 1189 0149 13       		.uleb128 0x13
 1190 014a 00       		.byte	0
 1191 014b 00       		.byte	0
 1192 014c 1A       		.uleb128 0x1a
 1193 014d 2E       		.uleb128 0x2e
 1194 014e 00       		.byte	0
 1195 014f 3F       		.uleb128 0x3f
 1196 0150 19       		.uleb128 0x19
 1197 0151 3C       		.uleb128 0x3c
 1198 0152 19       		.uleb128 0x19
 1199 0153 6E       		.uleb128 0x6e
 1200 0154 0E       		.uleb128 0xe
 1201 0155 03       		.uleb128 0x3
 1202 0156 0E       		.uleb128 0xe
 1203 0157 3A       		.uleb128 0x3a
 1204 0158 0B       		.uleb128 0xb
 1205 0159 3B       		.uleb128 0x3b
 1206 015a 0B       		.uleb128 0xb
 1207 015b 00       		.byte	0
 1208 015c 00       		.byte	0
 1209 015d 00       		.byte	0
 1210              		.section	.debug_loc,"",%progbits
 1211              	.Ldebug_loc0:
 1212              	.LLST0:
 1213 0000 00000000 		.4byte	.LVL0
 1214 0004 10000000 		.4byte	.LVL1
 1215 0008 0100     		.2byte	0x1
 1216 000a 50       		.byte	0x50
 1217 000b 10000000 		.4byte	.LVL1
 1218 000f 2E000000 		.4byte	.LVL6
 1219 0013 0100     		.2byte	0x1
 1220 0015 54       		.byte	0x54
 1221 0016 2E000000 		.4byte	.LVL6
 1222 001a 32000000 		.4byte	.LVL7
 1223 001e 0100     		.2byte	0x1
 1224 0020 50       		.byte	0x50
 1225 0021 32000000 		.4byte	.LVL7
 1226 0025 34000000 		.4byte	.LFE102
 1227 0029 0400     		.2byte	0x4
 1228 002b F3       		.byte	0xf3
 1229 002c 01       		.uleb128 0x1
 1230 002d 50       		.byte	0x50
 1231 002e 9F       		.byte	0x9f
 1232 002f 00000000 		.4byte	0
 1233 0033 00000000 		.4byte	0
 1234              	.LLST1:
 1235 0037 00000000 		.4byte	.LVL0
 1236 003b 15000000 		.4byte	.LVL2-1
 1237 003f 0100     		.2byte	0x1
 1238 0041 51       		.byte	0x51
 1239 0042 15000000 		.4byte	.LVL2-1
 1240 0046 2E000000 		.4byte	.LVL6
 1241 004a 0400     		.2byte	0x4
ARM GAS  C:\Users\DABBIR~1\AppData\Local\Temp\ccvPYiMk.s 			page 25


 1242 004c F3       		.byte	0xf3
 1243 004d 01       		.uleb128 0x1
 1244 004e 51       		.byte	0x51
 1245 004f 9F       		.byte	0x9f
 1246 0050 2E000000 		.4byte	.LVL6
 1247 0054 34000000 		.4byte	.LFE102
 1248 0058 0100     		.2byte	0x1
 1249 005a 51       		.byte	0x51
 1250 005b 00000000 		.4byte	0
 1251 005f 00000000 		.4byte	0
 1252              	.LLST2:
 1253 0063 18000000 		.4byte	.LVL3
 1254 0067 1C000000 		.4byte	.LVL4
 1255 006b 0200     		.2byte	0x2
 1256 006d 30       		.byte	0x30
 1257 006e 9F       		.byte	0x9f
 1258 006f 1C000000 		.4byte	.LVL4
 1259 0073 2E000000 		.4byte	.LVL6
 1260 0077 0100     		.2byte	0x1
 1261 0079 53       		.byte	0x53
 1262 007a 00000000 		.4byte	0
 1263 007e 00000000 		.4byte	0
 1264              	.LLST3:
 1265 0082 00000000 		.4byte	.LVL8
 1266 0086 22000000 		.4byte	.LVL10
 1267 008a 0100     		.2byte	0x1
 1268 008c 50       		.byte	0x50
 1269 008d 22000000 		.4byte	.LVL10
 1270 0091 24000000 		.4byte	.LFE103
 1271 0095 0400     		.2byte	0x4
 1272 0097 F3       		.byte	0xf3
 1273 0098 01       		.uleb128 0x1
 1274 0099 50       		.byte	0x50
 1275 009a 9F       		.byte	0x9f
 1276 009b 00000000 		.4byte	0
 1277 009f 00000000 		.4byte	0
 1278              	.LLST4:
 1279 00a3 00000000 		.4byte	.LVL8
 1280 00a7 10000000 		.4byte	.LVL9
 1281 00ab 0100     		.2byte	0x1
 1282 00ad 51       		.byte	0x51
 1283 00ae 10000000 		.4byte	.LVL9
 1284 00b2 24000000 		.4byte	.LFE103
 1285 00b6 0400     		.2byte	0x4
 1286 00b8 F3       		.byte	0xf3
 1287 00b9 01       		.uleb128 0x1
 1288 00ba 51       		.byte	0x51
 1289 00bb 9F       		.byte	0x9f
 1290 00bc 00000000 		.4byte	0
 1291 00c0 00000000 		.4byte	0
 1292              	.LLST5:
 1293 00c4 00000000 		.4byte	.LVL11
 1294 00c8 20000000 		.4byte	.LVL13
 1295 00cc 0100     		.2byte	0x1
 1296 00ce 50       		.byte	0x50
 1297 00cf 20000000 		.4byte	.LVL13
 1298 00d3 22000000 		.4byte	.LFE104
ARM GAS  C:\Users\DABBIR~1\AppData\Local\Temp\ccvPYiMk.s 			page 26


 1299 00d7 0400     		.2byte	0x4
 1300 00d9 F3       		.byte	0xf3
 1301 00da 01       		.uleb128 0x1
 1302 00db 50       		.byte	0x50
 1303 00dc 9F       		.byte	0x9f
 1304 00dd 00000000 		.4byte	0
 1305 00e1 00000000 		.4byte	0
 1306              	.LLST6:
 1307 00e5 00000000 		.4byte	.LVL11
 1308 00e9 0E000000 		.4byte	.LVL12
 1309 00ed 0100     		.2byte	0x1
 1310 00ef 51       		.byte	0x51
 1311 00f0 0E000000 		.4byte	.LVL12
 1312 00f4 22000000 		.4byte	.LFE104
 1313 00f8 0400     		.2byte	0x4
 1314 00fa F3       		.byte	0xf3
 1315 00fb 01       		.uleb128 0x1
 1316 00fc 51       		.byte	0x51
 1317 00fd 9F       		.byte	0x9f
 1318 00fe 00000000 		.4byte	0
 1319 0102 00000000 		.4byte	0
 1320              	.LLST7:
 1321 0106 00000000 		.4byte	.LVL14
 1322 010a 14000000 		.4byte	.LVL17
 1323 010e 0100     		.2byte	0x1
 1324 0110 50       		.byte	0x50
 1325 0111 14000000 		.4byte	.LVL17
 1326 0115 16000000 		.4byte	.LFE105
 1327 0119 0400     		.2byte	0x4
 1328 011b F3       		.byte	0xf3
 1329 011c 01       		.uleb128 0x1
 1330 011d 50       		.byte	0x50
 1331 011e 9F       		.byte	0x9f
 1332 011f 00000000 		.4byte	0
 1333 0123 00000000 		.4byte	0
 1334              	.LLST8:
 1335 0127 00000000 		.4byte	.LVL14
 1336 012b 04000000 		.4byte	.LVL15
 1337 012f 0200     		.2byte	0x2
 1338 0131 30       		.byte	0x30
 1339 0132 9F       		.byte	0x9f
 1340 0133 04000000 		.4byte	.LVL15
 1341 0137 16000000 		.4byte	.LFE105
 1342 013b 0100     		.2byte	0x1
 1343 013d 53       		.byte	0x53
 1344 013e 00000000 		.4byte	0
 1345 0142 00000000 		.4byte	0
 1346              	.LLST9:
 1347 0146 00000000 		.4byte	.LVL18
 1348 014a 0A000000 		.4byte	.LVL20
 1349 014e 0100     		.2byte	0x1
 1350 0150 50       		.byte	0x50
 1351 0151 0A000000 		.4byte	.LVL20
 1352 0155 22000000 		.4byte	.LFE106
 1353 0159 0100     		.2byte	0x1
 1354 015b 55       		.byte	0x55
 1355 015c 00000000 		.4byte	0
ARM GAS  C:\Users\DABBIR~1\AppData\Local\Temp\ccvPYiMk.s 			page 27


 1356 0160 00000000 		.4byte	0
 1357              	.LLST10:
 1358 0164 06000000 		.4byte	.LVL19
 1359 0168 0A000000 		.4byte	.LVL20
 1360 016c 0200     		.2byte	0x2
 1361 016e 30       		.byte	0x30
 1362 016f 9F       		.byte	0x9f
 1363 0170 0A000000 		.4byte	.LVL20
 1364 0174 18000000 		.4byte	.LVL22
 1365 0178 0100     		.2byte	0x1
 1366 017a 54       		.byte	0x54
 1367 017b 1A000000 		.4byte	.LVL23
 1368 017f 22000000 		.4byte	.LFE106
 1369 0183 0100     		.2byte	0x1
 1370 0185 54       		.byte	0x54
 1371 0186 00000000 		.4byte	0
 1372 018a 00000000 		.4byte	0
 1373              	.LLST11:
 1374 018e 00000000 		.4byte	.LVL24
 1375 0192 26000000 		.4byte	.LVL30
 1376 0196 0100     		.2byte	0x1
 1377 0198 50       		.byte	0x50
 1378 0199 26000000 		.4byte	.LVL30
 1379 019d 2A000000 		.4byte	.LFE107
 1380 01a1 0400     		.2byte	0x4
 1381 01a3 F3       		.byte	0xf3
 1382 01a4 01       		.uleb128 0x1
 1383 01a5 50       		.byte	0x50
 1384 01a6 9F       		.byte	0x9f
 1385 01a7 00000000 		.4byte	0
 1386 01ab 00000000 		.4byte	0
 1387              	.LLST12:
 1388 01af 04000000 		.4byte	.LVL25
 1389 01b3 28000000 		.4byte	.LVL31
 1390 01b7 0100     		.2byte	0x1
 1391 01b9 56       		.byte	0x56
 1392 01ba 00000000 		.4byte	0
 1393 01be 00000000 		.4byte	0
 1394              	.LLST13:
 1395 01c2 08000000 		.4byte	.LVL26
 1396 01c6 0A000000 		.4byte	.LVL27
 1397 01ca 0200     		.2byte	0x2
 1398 01cc 30       		.byte	0x30
 1399 01cd 9F       		.byte	0x9f
 1400 01ce 0A000000 		.4byte	.LVL27
 1401 01d2 1E000000 		.4byte	.LVL28
 1402 01d6 0100     		.2byte	0x1
 1403 01d8 53       		.byte	0x53
 1404 01d9 20000000 		.4byte	.LVL29
 1405 01dd 2A000000 		.4byte	.LFE107
 1406 01e1 0100     		.2byte	0x1
 1407 01e3 53       		.byte	0x53
 1408 01e4 00000000 		.4byte	0
 1409 01e8 00000000 		.4byte	0
 1410              		.section	.debug_aranges,"",%progbits
 1411 0000 44000000 		.4byte	0x44
 1412 0004 0200     		.2byte	0x2
ARM GAS  C:\Users\DABBIR~1\AppData\Local\Temp\ccvPYiMk.s 			page 28


 1413 0006 00000000 		.4byte	.Ldebug_info0
 1414 000a 04       		.byte	0x4
 1415 000b 00       		.byte	0
 1416 000c 0000     		.2byte	0
 1417 000e 0000     		.2byte	0
 1418 0010 00000000 		.4byte	.LFB102
 1419 0014 34000000 		.4byte	.LFE102-.LFB102
 1420 0018 00000000 		.4byte	.LFB103
 1421 001c 24000000 		.4byte	.LFE103-.LFB103
 1422 0020 00000000 		.4byte	.LFB104
 1423 0024 22000000 		.4byte	.LFE104-.LFB104
 1424 0028 00000000 		.4byte	.LFB105
 1425 002c 16000000 		.4byte	.LFE105-.LFB105
 1426 0030 00000000 		.4byte	.LFB106
 1427 0034 22000000 		.4byte	.LFE106-.LFB106
 1428 0038 00000000 		.4byte	.LFB107
 1429 003c 2A000000 		.4byte	.LFE107-.LFB107
 1430 0040 00000000 		.4byte	0
 1431 0044 00000000 		.4byte	0
 1432              		.section	.debug_ranges,"",%progbits
 1433              	.Ldebug_ranges0:
 1434 0000 18000000 		.4byte	.LBB2
 1435 0004 2A000000 		.4byte	.LBE2
 1436 0008 2C000000 		.4byte	.LBB3
 1437 000c 2E000000 		.4byte	.LBE3
 1438 0010 00000000 		.4byte	0
 1439 0014 00000000 		.4byte	0
 1440 0018 00000000 		.4byte	.LFB102
 1441 001c 34000000 		.4byte	.LFE102
 1442 0020 00000000 		.4byte	.LFB103
 1443 0024 24000000 		.4byte	.LFE103
 1444 0028 00000000 		.4byte	.LFB104
 1445 002c 22000000 		.4byte	.LFE104
 1446 0030 00000000 		.4byte	.LFB105
 1447 0034 16000000 		.4byte	.LFE105
 1448 0038 00000000 		.4byte	.LFB106
 1449 003c 22000000 		.4byte	.LFE106
 1450 0040 00000000 		.4byte	.LFB107
 1451 0044 2A000000 		.4byte	.LFE107
 1452 0048 00000000 		.4byte	0
 1453 004c 00000000 		.4byte	0
 1454              		.section	.debug_line,"",%progbits
 1455              	.Ldebug_line0:
 1456 0000 1C030000 		.section	.debug_str,"MS",%progbits,1
 1456      02004802 
 1456      00000201 
 1456      FB0E0D00 
 1456      01010101 
 1457              	.LASF72:
 1458 0000 45455F73 		.ascii	"EE_std_endcycle_next_tid\000"
 1458      74645F65 
 1458      6E646379 
 1458      636C655F 
 1458      6E657874 
 1459              	.LASF61:
 1460 0019 63697263 		.ascii	"circularRingbuffer_write\000"
 1460      756C6172 
ARM GAS  C:\Users\DABBIR~1\AppData\Local\Temp\ccvPYiMk.s 			page 29


 1460      52696E67 
 1460      62756666 
 1460      65725F77 
 1461              	.LASF39:
 1462 0032 52435F45 		.ascii	"RC_ERROR_READ_ONLY\000"
 1462      52524F52 
 1462      5F524541 
 1462      445F4F4E 
 1462      4C5900
 1463              	.LASF25:
 1464 0045 52435F53 		.ascii	"RC_SUCCESS\000"
 1464      55434345 
 1464      535300
 1465              	.LASF79:
 1466 0050 433A5C4D 		.ascii	"C:\\My_Files\\College_Documents\\AMA EOS\\EOS\\LAB\\"
 1466      795F4669 
 1466      6C65735C 
 1466      436F6C6C 
 1466      6567655F 
 1467 007e 4C41425F 		.ascii	"LAB_2_Submission\\Json Parser\\code\\w06_criticalRe"
 1467      325F5375 
 1467      626D6973 
 1467      73696F6E 
 1467      5C4A736F 
 1468 00ae 67696F6E 		.ascii	"gion.cydsn\\Lab2_JSONParser01.cydsn\000"
 1468      2E637964 
 1468      736E5C4C 
 1468      6162325F 
 1468      4A534F4E 
 1469              	.LASF57:
 1470 00d1 63697263 		.ascii	"circularRingbuffer_t\000"
 1470      756C6172 
 1470      52696E67 
 1470      62756666 
 1470      65725F74 
 1471              	.LASF59:
 1472 00e6 63697263 		.ascii	"circularRingbuffer_init\000"
 1472      756C6172 
 1472      52696E67 
 1472      62756666 
 1472      65725F69 
 1473              	.LASF40:
 1474 00fe 52435F45 		.ascii	"RC_ERROR_WRITE_ONLY\000"
 1474      52524F52 
 1474      5F575249 
 1474      54455F4F 
 1474      4E4C5900 
 1475              	.LASF2:
 1476 0112 73686F72 		.ascii	"short int\000"
 1476      7420696E 
 1476      7400
 1477              	.LASF31:
 1478 011c 52435F45 		.ascii	"RC_ERROR_OVERRUN\000"
 1478      52524F52 
 1478      5F4F5645 
 1478      5252554E 
 1478      00
ARM GAS  C:\Users\DABBIR~1\AppData\Local\Temp\ccvPYiMk.s 			page 30


 1479              	.LASF43:
 1480 012d 52435F45 		.ascii	"RC_ERROR_WRITE_FAILS\000"
 1480      52524F52 
 1480      5F575249 
 1480      54455F46 
 1480      41494C53 
 1481              	.LASF24:
 1482 0142 73697A65 		.ascii	"sizetype\000"
 1482      74797065 
 1482      00
 1483              	.LASF28:
 1484 014b 52435F45 		.ascii	"RC_ERROR_ZERO\000"
 1484      52524F52 
 1484      5F5A4552 
 1484      4F00
 1485              	.LASF22:
 1486 0159 45455F46 		.ascii	"EE_FREG\000"
 1486      52454700 
 1487              	.LASF42:
 1488 0161 52435F45 		.ascii	"RC_ERROR_READ_FAILS\000"
 1488      52524F52 
 1488      5F524541 
 1488      445F4641 
 1488      494C5300 
 1489              	.LASF20:
 1490 0175 45455F55 		.ascii	"EE_UINT32\000"
 1490      494E5433 
 1490      3200
 1491              	.LASF4:
 1492 017f 5F5F7569 		.ascii	"__uint16_t\000"
 1492      6E743136 
 1492      5F7400
 1493              	.LASF23:
 1494 018a 45455F54 		.ascii	"EE_TID\000"
 1494      494400
 1495              	.LASF53:
 1496 0191 72656164 		.ascii	"read_idx\000"
 1496      5F696478 
 1496      00
 1497              	.LASF60:
 1498 019a 63697263 		.ascii	"circularRingbuffer_read\000"
 1498      756C6172 
 1498      52696E67 
 1498      62756666 
 1498      65725F72 
 1499              	.LASF12:
 1500 01b2 75696E74 		.ascii	"uint8_t\000"
 1500      385F7400 
 1501              	.LASF48:
 1502 01ba 52435F45 		.ascii	"RC_ERROR_INVALID_STATE\000"
 1502      52524F52 
 1502      5F494E56 
 1502      414C4944 
 1502      5F535441 
 1503              	.LASF73:
 1504 01d1 45455F49 		.ascii	"EE_IRQ_nesting_level\000"
 1504      52515F6E 
ARM GAS  C:\Users\DABBIR~1\AppData\Local\Temp\ccvPYiMk.s 			page 31


 1504      65737469 
 1504      6E675F6C 
 1504      6576656C 
 1505              	.LASF19:
 1506 01e6 45455F49 		.ascii	"EE_INT32\000"
 1506      4E543332 
 1506      00
 1507              	.LASF65:
 1508 01ef 63697263 		.ascii	"circularRingbuffer_checkForChar\000"
 1508      756C6172 
 1508      52696E67 
 1508      62756666 
 1508      65725F63 
 1509              	.LASF30:
 1510 020f 52435F45 		.ascii	"RC_ERROR_RANGE\000"
 1510      52524F52 
 1510      5F52414E 
 1510      474500
 1511              	.LASF68:
 1512 021e 6C656E67 		.ascii	"length\000"
 1512      746800
 1513              	.LASF54:
 1514 0225 77726974 		.ascii	"write_idx\000"
 1514      655F6964 
 1514      7800
 1515              	.LASF15:
 1516 022f 666C6F61 		.ascii	"float\000"
 1516      7400
 1517              	.LASF70:
 1518 0235 45455F6F 		.ascii	"EE_oo_IRQ_suspend_status\000"
 1518      6F5F4952 
 1518      515F7375 
 1518      7370656E 
 1518      645F7374 
 1519              	.LASF50:
 1520 024e 52435F45 		.ascii	"RC_ERROR_NOT_IMPLEMENTED\000"
 1520      52524F52 
 1520      5F4E4F54 
 1520      5F494D50 
 1520      4C454D45 
 1521              	.LASF9:
 1522 0267 6C6F6E67 		.ascii	"long long int\000"
 1522      206C6F6E 
 1522      6720696E 
 1522      7400
 1523              	.LASF63:
 1524 0275 63697263 		.ascii	"circularRingbuffer_UART_print\000"
 1524      756C6172 
 1524      52696E67 
 1524      62756666 
 1524      65725F55 
 1525              	.LASF75:
 1526 0293 6D616C6C 		.ascii	"malloc\000"
 1526      6F6300
 1527              	.LASF44:
 1528 029a 52435F45 		.ascii	"RC_ERROR_NOT_MATCH\000"
 1528      52524F52 
ARM GAS  C:\Users\DABBIR~1\AppData\Local\Temp\ccvPYiMk.s 			page 32


 1528      5F4E4F54 
 1528      5F4D4154 
 1528      434800
 1529              	.LASF49:
 1530 02ad 52435F45 		.ascii	"RC_ERROR_UNKNOWN\000"
 1530      52524F52 
 1530      5F554E4B 
 1530      4E4F574E 
 1530      00
 1531              	.LASF7:
 1532 02be 6C6F6E67 		.ascii	"long int\000"
 1532      20696E74 
 1532      00
 1533              	.LASF32:
 1534 02c7 52435F45 		.ascii	"RC_ERROR_UNDERRUN\000"
 1534      52524F52 
 1534      5F554E44 
 1534      45525255 
 1534      4E00
 1535              	.LASF35:
 1536 02d9 52435F45 		.ascii	"RC_ERROR_BUSY\000"
 1536      52524F52 
 1536      5F425553 
 1536      5900
 1537              	.LASF3:
 1538 02e7 5F5F7569 		.ascii	"__uint8_t\000"
 1538      6E74385F 
 1538      7400
 1539              	.LASF41:
 1540 02f1 52435F45 		.ascii	"RC_ERROR_INVALID\000"
 1540      52524F52 
 1540      5F494E56 
 1540      414C4944 
 1540      00
 1541              	.LASF46:
 1542 0302 52435F45 		.ascii	"RC_ERROR_BAD_DATA\000"
 1542      52524F52 
 1542      5F424144 
 1542      5F444154 
 1542      4100
 1543              	.LASF18:
 1544 0314 6C6F6E67 		.ascii	"long double\000"
 1544      20646F75 
 1544      626C6500 
 1545              	.LASF1:
 1546 0320 756E7369 		.ascii	"unsigned char\000"
 1546      676E6564 
 1546      20636861 
 1546      7200
 1547              	.LASF55:
 1548 032e 66696C6C 		.ascii	"filllevel\000"
 1548      6C657665 
 1548      6C00
 1549              	.LASF47:
 1550 0338 52435F45 		.ascii	"RC_ERROR_CANCELED\000"
 1550      52524F52 
 1550      5F43414E 
ARM GAS  C:\Users\DABBIR~1\AppData\Local\Temp\ccvPYiMk.s 			page 33


 1550      43454C45 
 1550      4400
 1551              	.LASF0:
 1552 034a 7369676E 		.ascii	"signed char\000"
 1552      65642063 
 1552      68617200 
 1553              	.LASF10:
 1554 0356 6C6F6E67 		.ascii	"long long unsigned int\000"
 1554      206C6F6E 
 1554      6720756E 
 1554      7369676E 
 1554      65642069 
 1555              	.LASF11:
 1556 036d 756E7369 		.ascii	"unsigned int\000"
 1556      676E6564 
 1556      20696E74 
 1556      00
 1557              	.LASF37:
 1558 037a 52435F45 		.ascii	"RC_ERROR_OPEN\000"
 1558      52524F52 
 1558      5F4F5045 
 1558      4E00
 1559              	.LASF13:
 1560 0388 75696E74 		.ascii	"uint16_t\000"
 1560      31365F74 
 1560      00
 1561              	.LASF27:
 1562 0391 52435F45 		.ascii	"RC_ERROR_NULL\000"
 1562      52524F52 
 1562      5F4E554C 
 1562      4C00
 1563              	.LASF34:
 1564 039f 52435F45 		.ascii	"RC_ERROR_BUFFER_EMTPY\000"
 1564      52524F52 
 1564      5F425546 
 1564      4645525F 
 1564      454D5450 
 1565              	.LASF64:
 1566 03b5 616D6F75 		.ascii	"amountOfData\000"
 1566      6E744F66 
 1566      44617461 
 1566      00
 1567              	.LASF66:
 1568 03c2 73656172 		.ascii	"searchValue\000"
 1568      63685661 
 1568      6C756500 
 1569              	.LASF5:
 1570 03ce 73686F72 		.ascii	"short unsigned int\000"
 1570      7420756E 
 1570      7369676E 
 1570      65642069 
 1570      6E7400
 1571              	.LASF77:
 1572 03e1 474E5520 		.ascii	"GNU C11 5.4.1 20160609 (release) [ARM/embedded-5-br"
 1572      43313120 
 1572      352E342E 
 1572      31203230 
ARM GAS  C:\Users\DABBIR~1\AppData\Local\Temp\ccvPYiMk.s 			page 34


 1572      31363036 
 1573 0414 616E6368 		.ascii	"anch revision 237715] -mcpu=cortex-m3 -mthumb -g -O"
 1573      20726576 
 1573      6973696F 
 1573      6E203233 
 1573      37373135 
 1574 0447 67202D66 		.ascii	"g -ffunction-sections -ffat-lto-objects\000"
 1574      66756E63 
 1574      74696F6E 
 1574      2D736563 
 1574      74696F6E 
 1575              	.LASF17:
 1576 046f 63686172 		.ascii	"char\000"
 1576      00
 1577              	.LASF33:
 1578 0474 52435F45 		.ascii	"RC_ERROR_BUFFER_FULL\000"
 1578      52524F52 
 1578      5F425546 
 1578      4645525F 
 1578      46554C4C 
 1579              	.LASF14:
 1580 0489 696E7433 		.ascii	"int32_t\000"
 1580      325F7400 
 1581              	.LASF6:
 1582 0491 5F5F696E 		.ascii	"__int32_t\000"
 1582      7433325F 
 1582      7400
 1583              	.LASF45:
 1584 049b 52435F45 		.ascii	"RC_ERROR_BAD_PARAM\000"
 1584      52524F52 
 1584      5F424144 
 1584      5F504152 
 1584      414D00
 1585              	.LASF56:
 1586 04ae 64617461 		.ascii	"data\000"
 1586      00
 1587              	.LASF71:
 1588 04b3 45455F41 		.ascii	"EE_ApplicationMode\000"
 1588      70706C69 
 1588      63617469 
 1588      6F6E4D6F 
 1588      646500
 1589              	.LASF8:
 1590 04c6 6C6F6E67 		.ascii	"long unsigned int\000"
 1590      20756E73 
 1590      69676E65 
 1590      6420696E 
 1590      7400
 1591              	.LASF16:
 1592 04d8 646F7562 		.ascii	"double\000"
 1592      6C6500
 1593              	.LASF38:
 1594 04df 52435F45 		.ascii	"RC_ERROR_CHECKSUM\000"
 1594      52524F52 
 1594      5F434845 
 1594      434B5355 
 1594      4D00
ARM GAS  C:\Users\DABBIR~1\AppData\Local\Temp\ccvPYiMk.s 			page 35


 1595              	.LASF21:
 1596 04f1 45455F55 		.ascii	"EE_UREG\000"
 1596      52454700 
 1597              	.LASF52:
 1598 04f9 73697A65 		.ascii	"size\000"
 1598      00
 1599              	.LASF67:
 1600 04fe 6E756D62 		.ascii	"numberOfFoundValues\000"
 1600      65724F66 
 1600      466F756E 
 1600      6456616C 
 1600      75657300 
 1601              	.LASF58:
 1602 0512 72696E67 		.ascii	"ringbuffer\000"
 1602      62756666 
 1602      657200
 1603              	.LASF62:
 1604 051d 63697263 		.ascii	"circularRingbuffer_clear\000"
 1604      756C6172 
 1604      52696E67 
 1604      62756666 
 1604      65725F63 
 1605              	.LASF78:
 1606 0536 63697263 		.ascii	"circularRingbuffer.c\000"
 1606      756C6172 
 1606      52696E67 
 1606      62756666 
 1606      65722E63 
 1607              	.LASF74:
 1608 054b 49544D5F 		.ascii	"ITM_RxBuffer\000"
 1608      52784275 
 1608      66666572 
 1608      00
 1609              	.LASF26:
 1610 0558 52435F45 		.ascii	"RC_ERROR\000"
 1610      52524F52 
 1610      00
 1611              	.LASF29:
 1612 0561 52435F45 		.ascii	"RC_ERROR_MEMORY\000"
 1612      52524F52 
 1612      5F4D454D 
 1612      4F525900 
 1613              	.LASF69:
 1614 0571 45455F6F 		.ascii	"EE_oo_IRQ_disable_count\000"
 1614      6F5F4952 
 1614      515F6469 
 1614      7361626C 
 1614      655F636F 
 1615              	.LASF76:
 1616 0589 55415254 		.ascii	"UART_LOG_PutChar\000"
 1616      5F4C4F47 
 1616      5F507574 
 1616      43686172 
 1616      00
 1617              	.LASF51:
 1618 059a 52435F74 		.ascii	"RC_t\000"
 1618      00
ARM GAS  C:\Users\DABBIR~1\AppData\Local\Temp\ccvPYiMk.s 			page 36


 1619              	.LASF36:
 1620 059f 52435F45 		.ascii	"RC_ERROR_TIME_OUT\000"
 1620      52524F52 
 1620      5F54494D 
 1620      455F4F55 
 1620      5400
 1621              		.ident	"GCC: (GNU Tools for ARM Embedded Processors) 5.4.1 20160609 (release) [ARM/embedded-5-bran
