ARM GAS  C:\Users\DABBIR~1\AppData\Local\Temp\ccvu1vDt.s 			page 1


   1              		.syntax unified
   2              		.cpu cortex-m3
   3              		.fpu softvfp
   4              		.eabi_attribute 20, 1
   5              		.eabi_attribute 21, 1
   6              		.eabi_attribute 23, 3
   7              		.eabi_attribute 24, 1
   8              		.eabi_attribute 25, 1
   9              		.eabi_attribute 26, 1
  10              		.eabi_attribute 30, 1
  11              		.eabi_attribute 34, 1
  12              		.eabi_attribute 18, 4
  13              		.thumb
  14              		.syntax unified
  15              		.file	"cymetadata.c"
  16              		.text
  17              	.Ltext0:
  18              		.cfi_sections	.debug_frame
  19              		.global	cy_metadata
  20              		.global	cy_meta_flashprotect
  21              		.global	cy_meta_wonvl
  22              		.global	cy_meta_custnvl
  23              		.global	cy_meta_configecc
  24              		.section	.cyconfigecc,"a",%progbits
  25              		.align	2
  26              		.type	cy_meta_configecc, %object
  27              		.size	cy_meta_configecc, 1760
  28              	cy_meta_configecc:
  29 0000 03       		.byte	3
  30 0001 64       		.byte	100
  31 0002 00       		.byte	0
  32 0003 40       		.byte	64
  33 0004 02       		.byte	2
  34 0005 65       		.byte	101
  35 0006 00       		.byte	0
  36 0007 40       		.byte	64
  37 0008 01       		.byte	1
  38 0009 07       		.byte	7
  39 000a 01       		.byte	1
  40 000b 40       		.byte	64
  41 000c 5F       		.byte	95
  42 000d 08       		.byte	8
  43 000e 01       		.byte	1
  44 000f 40       		.byte	64
  45 0010 43       		.byte	67
  46 0011 09       		.byte	9
  47 0012 01       		.byte	1
  48 0013 40       		.byte	64
  49 0014 64       		.byte	100
  50 0015 0A       		.byte	10
  51 0016 01       		.byte	1
  52 0017 40       		.byte	64
  53 0018 40       		.byte	64
  54 0019 0B       		.byte	11
  55 001a 01       		.byte	1
  56 001b 40       		.byte	64
  57 001c 4B       		.byte	75
ARM GAS  C:\Users\DABBIR~1\AppData\Local\Temp\ccvu1vDt.s 			page 2


  58 001d 0C       		.byte	12
  59 001e 01       		.byte	1
  60 001f 40       		.byte	64
  61 0020 38       		.byte	56
  62 0021 0D       		.byte	13
  63 0022 01       		.byte	1
  64 0023 40       		.byte	64
  65 0024 01       		.byte	1
  66 0025 15       		.byte	21
  67 0026 01       		.byte	1
  68 0027 40       		.byte	64
  69 0028 47       		.byte	71
  70 0029 18       		.byte	24
  71 002a 01       		.byte	1
  72 002b 40       		.byte	64
  73 002c 46       		.byte	70
  74 002d 19       		.byte	25
  75 002e 01       		.byte	1
  76 002f 40       		.byte	64
  77 0030 21       		.byte	33
  78 0031 1A       		.byte	26
  79 0032 01       		.byte	1
  80 0033 40       		.byte	64
  81 0034 4B       		.byte	75
  82 0035 1B       		.byte	27
  83 0036 01       		.byte	1
  84 0037 40       		.byte	64
  85 0038 02       		.byte	2
  86 0039 40       		.byte	64
  87 003a 01       		.byte	1
  88 003b 40       		.byte	64
  89 003c 01       		.byte	1
  90 003d 41       		.byte	65
  91 003e 01       		.byte	1
  92 003f 40       		.byte	64
  93 0040 03       		.byte	3
  94 0041 42       		.byte	66
  95 0042 01       		.byte	1
  96 0043 40       		.byte	64
  97 0044 02       		.byte	2
  98 0045 43       		.byte	67
  99 0046 01       		.byte	1
 100 0047 40       		.byte	64
 101 0048 04       		.byte	4
 102 0049 44       		.byte	68
 103 004a 01       		.byte	1
 104 004b 40       		.byte	64
 105 004c 02       		.byte	2
 106 004d 45       		.byte	69
 107 004e 01       		.byte	1
 108 004f 40       		.byte	64
 109 0050 01       		.byte	1
 110 0051 46       		.byte	70
 111 0052 01       		.byte	1
 112 0053 40       		.byte	64
 113 0054 01       		.byte	1
 114 0055 48       		.byte	72
ARM GAS  C:\Users\DABBIR~1\AppData\Local\Temp\ccvu1vDt.s 			page 3


 115 0056 01       		.byte	1
 116 0057 40       		.byte	64
 117 0058 03       		.byte	3
 118 0059 49       		.byte	73
 119 005a 01       		.byte	1
 120 005b 40       		.byte	64
 121 005c 08       		.byte	8
 122 005d 4D       		.byte	77
 123 005e 01       		.byte	1
 124 005f 40       		.byte	64
 125 0060 05       		.byte	5
 126 0061 50       		.byte	80
 127 0062 01       		.byte	1
 128 0063 40       		.byte	64
 129 0064 01       		.byte	1
 130 0065 51       		.byte	81
 131 0066 01       		.byte	1
 132 0067 40       		.byte	64
 133 0068 88       		.byte	-120
 134 0069 0F       		.byte	15
 135 006a 8B       		.byte	-117
 136 006b 0D       		.byte	13
 137 006c 8C       		.byte	-116
 138 006d 0F       		.byte	15
 139 006e 89       		.byte	-119
 140 006f 72       		.byte	114
 141 0070 8A       		.byte	-118
 142 0071 38       		.byte	56
 143 0072 EA       		.byte	-22
 144 0073 20       		.byte	32
 145 0074 02       		.byte	2
 146 0075 05       		.byte	5
 147 0076 03       		.byte	3
 148 0077 02       		.byte	2
 149 0078 09       		.byte	9
 150 0079 02       		.byte	2
 151 007a 0A       		.byte	10
 152 007b 08       		.byte	8
 153 007c 0D       		.byte	13
 154 007d 02       		.byte	2
 155 007e 13       		.byte	19
 156 007f 01       		.byte	1
 157 0080 14       		.byte	20
 158 0081 03       		.byte	3
 159 0082 15       		.byte	21
 160 0083 01       		.byte	1
 161 0084 16       		.byte	22
 162 0085 0C       		.byte	12
 163 0086 18       		.byte	24
 164 0087 03       		.byte	3
 165 0088 19       		.byte	25
 166 0089 01       		.byte	1
 167 008a 1A       		.byte	26
 168 008b 04       		.byte	4
 169 008c 1D       		.byte	29
 170 008d 02       		.byte	2
 171 008e 20       		.byte	32
ARM GAS  C:\Users\DABBIR~1\AppData\Local\Temp\ccvu1vDt.s 			page 4


 172 008f 0A       		.byte	10
 173 0090 22       		.byte	34
 174 0091 04       		.byte	4
 175 0092 23       		.byte	35
 176 0093 01       		.byte	1
 177 0094 24       		.byte	36
 178 0095 03       		.byte	3
 179 0096 25       		.byte	37
 180 0097 02       		.byte	2
 181 0098 26       		.byte	38
 182 0099 04       		.byte	4
 183 009a 2B       		.byte	43
 184 009b 01       		.byte	1
 185 009c 2F       		.byte	47
 186 009d 02       		.byte	2
 187 009e 32       		.byte	50
 188 009f 0F       		.byte	15
 189 00a0 33       		.byte	51
 190 00a1 02       		.byte	2
 191 00a2 37       		.byte	55
 192 00a3 01       		.byte	1
 193 00a4 3A       		.byte	58
 194 00a5 08       		.byte	8
 195 00a6 3F       		.byte	63
 196 00a7 44       		.byte	68
 197 00a8 40       		.byte	64
 198 00a9 34       		.byte	52
 199 00aa 41       		.byte	65
 200 00ab 02       		.byte	2
 201 00ac 45       		.byte	69
 202 00ad E0       		.byte	-32
 203 00ae 47       		.byte	71
 204 00af BC       		.byte	-68
 205 00b0 48       		.byte	72
 206 00b1 32       		.byte	50
 207 00b2 49       		.byte	73
 208 00b3 FF       		.byte	-1
 209 00b4 4A       		.byte	74
 210 00b5 FF       		.byte	-1
 211 00b6 4B       		.byte	75
 212 00b7 FF       		.byte	-1
 213 00b8 4E       		.byte	78
 214 00b9 F0       		.byte	-16
 215 00ba 4F       		.byte	79
 216 00bb 44       		.byte	68
 217 00bc 50       		.byte	80
 218 00bd 0C       		.byte	12
 219 00be 54       		.byte	84
 220 00bf 01       		.byte	1
 221 00c0 58       		.byte	88
 222 00c1 04       		.byte	4
 223 00c2 59       		.byte	89
 224 00c3 04       		.byte	4
 225 00c4 5A       		.byte	90
 226 00c5 04       		.byte	4
 227 00c6 5B       		.byte	91
 228 00c7 04       		.byte	4
ARM GAS  C:\Users\DABBIR~1\AppData\Local\Temp\ccvu1vDt.s 			page 5


 229 00c8 5C       		.byte	92
 230 00c9 02       		.byte	2
 231 00ca 5D       		.byte	93
 232 00cb 22       		.byte	34
 233 00cc 5F       		.byte	95
 234 00cd 01       		.byte	1
 235 00ce 66       		.byte	102
 236 00cf C0       		.byte	-64
 237 00d0 6A       		.byte	106
 238 00d1 40       		.byte	64
 239 00d2 6B       		.byte	107
 240 00d3 02       		.byte	2
 241 00d4 84       		.byte	-124
 242 00d5 07       		.byte	7
 243 00d6 87       		.byte	-121
 244 00d7 01       		.byte	1
 245 00d8 8C       		.byte	-116
 246 00d9 04       		.byte	4
 247 00da 8E       		.byte	-114
 248 00db 02       		.byte	2
 249 00dc 90       		.byte	-112
 250 00dd 02       		.byte	2
 251 00de 92       		.byte	-110
 252 00df 04       		.byte	4
 253 00e0 9F       		.byte	-97
 254 00e1 01       		.byte	1
 255 00e2 A4       		.byte	-92
 256 00e3 07       		.byte	7
 257 00e4 AC       		.byte	-84
 258 00e5 01       		.byte	1
 259 00e6 B4       		.byte	-76
 260 00e7 01       		.byte	1
 261 00e8 B6       		.byte	-74
 262 00e9 06       		.byte	6
 263 00ea B7       		.byte	-73
 264 00eb 01       		.byte	1
 265 00ec BF       		.byte	-65
 266 00ed 40       		.byte	64
 267 00ee C0       		.byte	-64
 268 00ef 45       		.byte	69
 269 00f0 C1       		.byte	-63
 270 00f1 06       		.byte	6
 271 00f2 C2       		.byte	-62
 272 00f3 20       		.byte	32
 273 00f4 C5       		.byte	-59
 274 00f5 DE       		.byte	-34
 275 00f6 C6       		.byte	-58
 276 00f7 FB       		.byte	-5
 277 00f8 C7       		.byte	-57
 278 00f9 0C       		.byte	12
 279 00fa C8       		.byte	-56
 280 00fb 1F       		.byte	31
 281 00fc C9       		.byte	-55
 282 00fd FF       		.byte	-1
 283 00fe CA       		.byte	-54
 284 00ff FF       		.byte	-1
 285 0100 CB       		.byte	-53
ARM GAS  C:\Users\DABBIR~1\AppData\Local\Temp\ccvu1vDt.s 			page 6


 286 0101 FF       		.byte	-1
 287 0102 CC       		.byte	-52
 288 0103 22       		.byte	34
 289 0104 CE       		.byte	-50
 290 0105 F0       		.byte	-16
 291 0106 CF       		.byte	-49
 292 0107 08       		.byte	8
 293 0108 D0       		.byte	-48
 294 0109 04       		.byte	4
 295 010a D2       		.byte	-46
 296 010b 80       		.byte	-128
 297 010c D8       		.byte	-40
 298 010d 04       		.byte	4
 299 010e D9       		.byte	-39
 300 010f 04       		.byte	4
 301 0110 DA       		.byte	-38
 302 0111 04       		.byte	4
 303 0112 DB       		.byte	-37
 304 0113 04       		.byte	4
 305 0114 DC       		.byte	-36
 306 0115 02       		.byte	2
 307 0116 DD       		.byte	-35
 308 0117 10       		.byte	16
 309 0118 DF       		.byte	-33
 310 0119 01       		.byte	1
 311 011a E2       		.byte	-30
 312 011b C0       		.byte	-64
 313 011c E4       		.byte	-28
 314 011d 40       		.byte	64
 315 011e E5       		.byte	-27
 316 011f 01       		.byte	1
 317 0120 E6       		.byte	-26
 318 0121 10       		.byte	16
 319 0122 E7       		.byte	-25
 320 0123 11       		.byte	17
 321 0124 E8       		.byte	-24
 322 0125 C0       		.byte	-64
 323 0126 E9       		.byte	-23
 324 0127 01       		.byte	1
 325 0128 EB       		.byte	-21
 326 0129 11       		.byte	17
 327 012a EC       		.byte	-20
 328 012b 40       		.byte	64
 329 012c ED       		.byte	-19
 330 012d 01       		.byte	1
 331 012e EE       		.byte	-18
 332 012f 40       		.byte	64
 333 0130 EF       		.byte	-17
 334 0131 01       		.byte	1
 335 0132 00       		.byte	0
 336 0133 08       		.byte	8
 337 0134 01       		.byte	1
 338 0135 80       		.byte	-128
 339 0136 05       		.byte	5
 340 0137 12       		.byte	18
 341 0138 09       		.byte	9
 342 0139 01       		.byte	1
ARM GAS  C:\Users\DABBIR~1\AppData\Local\Temp\ccvu1vDt.s 			page 7


 343 013a 0E       		.byte	14
 344 013b 20       		.byte	32
 345 013c 0F       		.byte	15
 346 013d 08       		.byte	8
 347 013e 10       		.byte	16
 348 013f 02       		.byte	2
 349 0140 11       		.byte	17
 350 0141 04       		.byte	4
 351 0142 16       		.byte	22
 352 0143 08       		.byte	8
 353 0144 17       		.byte	23
 354 0145 15       		.byte	21
 355 0146 19       		.byte	25
 356 0147 80       		.byte	-128
 357 0148 1A       		.byte	26
 358 0149 04       		.byte	4
 359 014a 1D       		.byte	29
 360 014b 08       		.byte	8
 361 014c 1E       		.byte	30
 362 014d 20       		.byte	32
 363 014e 1F       		.byte	31
 364 014f 04       		.byte	4
 365 0150 22       		.byte	34
 366 0151 80       		.byte	-128
 367 0152 26       		.byte	38
 368 0153 40       		.byte	64
 369 0154 27       		.byte	39
 370 0155 10       		.byte	16
 371 0156 2C       		.byte	44
 372 0157 60       		.byte	96
 373 0158 2D       		.byte	45
 374 0159 02       		.byte	2
 375 015a 2E       		.byte	46
 376 015b 10       		.byte	16
 377 015c 2F       		.byte	47
 378 015d 0A       		.byte	10
 379 015e 31       		.byte	49
 380 015f 80       		.byte	-128
 381 0160 34       		.byte	52
 382 0161 08       		.byte	8
 383 0162 36       		.byte	54
 384 0163 10       		.byte	16
 385 0164 37       		.byte	55
 386 0165 45       		.byte	69
 387 0166 39       		.byte	57
 388 0167 08       		.byte	8
 389 0168 3C       		.byte	60
 390 0169 80       		.byte	-128
 391 016a 3D       		.byte	61
 392 016b 10       		.byte	16
 393 016c 3F       		.byte	63
 394 016d 01       		.byte	1
 395 016e 40       		.byte	64
 396 016f 44       		.byte	68
 397 0170 44       		.byte	68
 398 0171 48       		.byte	72
 399 0172 45       		.byte	69
ARM GAS  C:\Users\DABBIR~1\AppData\Local\Temp\ccvu1vDt.s 			page 8


 400 0173 08       		.byte	8
 401 0174 49       		.byte	73
 402 0175 08       		.byte	8
 403 0176 4A       		.byte	74
 404 0177 09       		.byte	9
 405 0178 4B       		.byte	75
 406 0179 01       		.byte	1
 407 017a 4C       		.byte	76
 408 017b 40       		.byte	64
 409 017c 4D       		.byte	77
 410 017d 01       		.byte	1
 411 017e 52       		.byte	82
 412 017f 54       		.byte	84
 413 0180 57       		.byte	87
 414 0181 0D       		.byte	13
 415 0182 5D       		.byte	93
 416 0183 01       		.byte	1
 417 0184 5E       		.byte	94
 418 0185 98       		.byte	-104
 419 0186 72       		.byte	114
 420 0187 40       		.byte	64
 421 0188 90       		.byte	-112
 422 0189 44       		.byte	68
 423 018a 91       		.byte	-111
 424 018b 10       		.byte	16
 425 018c 94       		.byte	-108
 426 018d 80       		.byte	-128
 427 018e 96       		.byte	-106
 428 018f C0       		.byte	-64
 429 0190 97       		.byte	-105
 430 0191 28       		.byte	40
 431 0192 9B       		.byte	-101
 432 0193 45       		.byte	69
 433 0194 9D       		.byte	-99
 434 0195 0A       		.byte	10
 435 0196 9E       		.byte	-98
 436 0197 46       		.byte	70
 437 0198 A0       		.byte	-96
 438 0199 60       		.byte	96
 439 019a A2       		.byte	-94
 440 019b 0C       		.byte	12
 441 019c A3       		.byte	-93
 442 019d 02       		.byte	2
 443 019e A6       		.byte	-90
 444 019f 01       		.byte	1
 445 01a0 A7       		.byte	-89
 446 01a1 80       		.byte	-128
 447 01a2 B2       		.byte	-78
 448 01a3 40       		.byte	64
 449 01a4 C0       		.byte	-64
 450 01a5 55       		.byte	85
 451 01a6 C2       		.byte	-62
 452 01a7 68       		.byte	104
 453 01a8 C4       		.byte	-60
 454 01a9 35       		.byte	53
 455 01aa CA       		.byte	-54
 456 01ab F0       		.byte	-16
ARM GAS  C:\Users\DABBIR~1\AppData\Local\Temp\ccvu1vDt.s 			page 9


 457 01ac CC       		.byte	-52
 458 01ad F8       		.byte	-8
 459 01ae CE       		.byte	-50
 460 01af B2       		.byte	-78
 461 01b0 D0       		.byte	-48
 462 01b1 E5       		.byte	-27
 463 01b2 D2       		.byte	-46
 464 01b3 0C       		.byte	12
 465 01b4 D6       		.byte	-42
 466 01b5 F0       		.byte	-16
 467 01b6 EA       		.byte	-22
 468 01b7 20       		.byte	32
 469 01b8 05       		.byte	5
 470 01b9 02       		.byte	2
 471 01ba 07       		.byte	7
 472 01bb 0D       		.byte	13
 473 01bc 08       		.byte	8
 474 01bd 02       		.byte	2
 475 01be 09       		.byte	9
 476 01bf 2D       		.byte	45
 477 01c0 0D       		.byte	13
 478 01c1 12       		.byte	18
 479 01c2 0F       		.byte	15
 480 01c3 04       		.byte	4
 481 01c4 11       		.byte	17
 482 01c5 0D       		.byte	13
 483 01c6 12       		.byte	18
 484 01c7 01       		.byte	1
 485 01c8 13       		.byte	19
 486 01c9 20       		.byte	32
 487 01ca 15       		.byte	21
 488 01cb 11       		.byte	17
 489 01cc 17       		.byte	23
 490 01cd 02       		.byte	2
 491 01ce 19       		.byte	25
 492 01cf 2D       		.byte	45
 493 01d0 1D       		.byte	29
 494 01d1 2D       		.byte	45
 495 01d2 21       		.byte	33
 496 01d3 12       		.byte	18
 497 01d4 23       		.byte	35
 498 01d5 08       		.byte	8
 499 01d6 26       		.byte	38
 500 01d7 06       		.byte	6
 501 01d8 2D       		.byte	45
 502 01d9 2D       		.byte	45
 503 01da 31       		.byte	49
 504 01db 20       		.byte	32
 505 01dc 32       		.byte	50
 506 01dd 04       		.byte	4
 507 01de 33       		.byte	51
 508 01df 0F       		.byte	15
 509 01e0 34       		.byte	52
 510 01e1 01       		.byte	1
 511 01e2 35       		.byte	53
 512 01e3 20       		.byte	32
 513 01e4 36       		.byte	54
ARM GAS  C:\Users\DABBIR~1\AppData\Local\Temp\ccvu1vDt.s 			page 10


 514 01e5 02       		.byte	2
 515 01e6 37       		.byte	55
 516 01e7 10       		.byte	16
 517 01e8 3B       		.byte	59
 518 01e9 08       		.byte	8
 519 01ea 3F       		.byte	63
 520 01eb 51       		.byte	81
 521 01ec 40       		.byte	64
 522 01ed 20       		.byte	32
 523 01ee 41       		.byte	65
 524 01ef 01       		.byte	1
 525 01f0 49       		.byte	73
 526 01f1 FF       		.byte	-1
 527 01f2 4A       		.byte	74
 528 01f3 FF       		.byte	-1
 529 01f4 4B       		.byte	75
 530 01f5 FF       		.byte	-1
 531 01f6 4D       		.byte	77
 532 01f7 A0       		.byte	-96
 533 01f8 4F       		.byte	79
 534 01f9 04       		.byte	4
 535 01fa 50       		.byte	80
 536 01fb 18       		.byte	24
 537 01fc 54       		.byte	84
 538 01fd 09       		.byte	9
 539 01fe 58       		.byte	88
 540 01ff 04       		.byte	4
 541 0200 59       		.byte	89
 542 0201 04       		.byte	4
 543 0202 5A       		.byte	90
 544 0203 04       		.byte	4
 545 0204 5B       		.byte	91
 546 0205 04       		.byte	4
 547 0206 5C       		.byte	92
 548 0207 01       		.byte	1
 549 0208 5D       		.byte	93
 550 0209 01       		.byte	1
 551 020a 5F       		.byte	95
 552 020b 01       		.byte	1
 553 020c 60       		.byte	96
 554 020d 40       		.byte	64
 555 020e 62       		.byte	98
 556 020f C0       		.byte	-64
 557 0210 64       		.byte	100
 558 0211 40       		.byte	64
 559 0212 65       		.byte	101
 560 0213 40       		.byte	64
 561 0214 66       		.byte	102
 562 0215 C0       		.byte	-64
 563 0216 68       		.byte	104
 564 0217 C0       		.byte	-64
 565 0218 6A       		.byte	106
 566 0219 C0       		.byte	-64
 567 021a 6C       		.byte	108
 568 021b C0       		.byte	-64
 569 021c 6E       		.byte	110
 570 021d C0       		.byte	-64
ARM GAS  C:\Users\DABBIR~1\AppData\Local\Temp\ccvu1vDt.s 			page 11


 571 021e 83       		.byte	-125
 572 021f 08       		.byte	8
 573 0220 8A       		.byte	-118
 574 0221 06       		.byte	6
 575 0222 8C       		.byte	-116
 576 0223 01       		.byte	1
 577 0224 91       		.byte	-111
 578 0225 1C       		.byte	28
 579 0226 93       		.byte	-109
 580 0227 03       		.byte	3
 581 0228 95       		.byte	-107
 582 0229 01       		.byte	1
 583 022a 97       		.byte	-105
 584 022b 0E       		.byte	14
 585 022c 9E       		.byte	-98
 586 022d 04       		.byte	4
 587 022e A3       		.byte	-93
 588 022f 03       		.byte	3
 589 0230 A6       		.byte	-90
 590 0231 02       		.byte	2
 591 0232 A7       		.byte	-89
 592 0233 1C       		.byte	28
 593 0234 A9       		.byte	-87
 594 0235 01       		.byte	1
 595 0236 AB       		.byte	-85
 596 0237 16       		.byte	22
 597 0238 B0       		.byte	-80
 598 0239 02       		.byte	2
 599 023a B2       		.byte	-78
 600 023b 04       		.byte	4
 601 023c B4       		.byte	-76
 602 023d 01       		.byte	1
 603 023e B5       		.byte	-75
 604 023f 1A       		.byte	26
 605 0240 B7       		.byte	-73
 606 0241 0F       		.byte	15
 607 0242 BB       		.byte	-69
 608 0243 A0       		.byte	-96
 609 0244 BE       		.byte	-66
 610 0245 14       		.byte	20
 611 0246 C0       		.byte	-64
 612 0247 60       		.byte	96
 613 0248 C1       		.byte	-63
 614 0249 01       		.byte	1
 615 024a C5       		.byte	-59
 616 024b D0       		.byte	-48
 617 024c C6       		.byte	-58
 618 024d 12       		.byte	18
 619 024e C8       		.byte	-56
 620 024f 0E       		.byte	14
 621 0250 C9       		.byte	-55
 622 0251 FF       		.byte	-1
 623 0252 CA       		.byte	-54
 624 0253 FF       		.byte	-1
 625 0254 CB       		.byte	-53
 626 0255 FF       		.byte	-1
 627 0256 CD       		.byte	-51
ARM GAS  C:\Users\DABBIR~1\AppData\Local\Temp\ccvu1vDt.s 			page 12


 628 0257 AF       		.byte	-81
 629 0258 CE       		.byte	-50
 630 0259 0F       		.byte	15
 631 025a CF       		.byte	-49
 632 025b 04       		.byte	4
 633 025c D0       		.byte	-48
 634 025d 18       		.byte	24
 635 025e D4       		.byte	-44
 636 025f 05       		.byte	5
 637 0260 D8       		.byte	-40
 638 0261 04       		.byte	4
 639 0262 D9       		.byte	-39
 640 0263 04       		.byte	4
 641 0264 DA       		.byte	-38
 642 0265 04       		.byte	4
 643 0266 DB       		.byte	-37
 644 0267 04       		.byte	4
 645 0268 DC       		.byte	-36
 646 0269 21       		.byte	33
 647 026a DD       		.byte	-35
 648 026b 11       		.byte	17
 649 026c DF       		.byte	-33
 650 026d 01       		.byte	1
 651 026e E0       		.byte	-32
 652 026f 40       		.byte	64
 653 0270 E2       		.byte	-30
 654 0271 C0       		.byte	-64
 655 0272 E4       		.byte	-28
 656 0273 40       		.byte	64
 657 0274 E5       		.byte	-27
 658 0275 40       		.byte	64
 659 0276 E6       		.byte	-26
 660 0277 C0       		.byte	-64
 661 0278 E8       		.byte	-24
 662 0279 C0       		.byte	-64
 663 027a EA       		.byte	-22
 664 027b C0       		.byte	-64
 665 027c EC       		.byte	-20
 666 027d C0       		.byte	-64
 667 027e EE       		.byte	-18
 668 027f C0       		.byte	-64
 669 0280 00       		.byte	0
 670 0281 10       		.byte	16
 671 0282 04       		.byte	4
 672 0283 80       		.byte	-128
 673 0284 05       		.byte	5
 674 0285 20       		.byte	32
 675 0286 08       		.byte	8
 676 0287 08       		.byte	8
 677 0288 09       		.byte	9
 678 0289 08       		.byte	8
 679 028a 0A       		.byte	10
 680 028b 40       		.byte	64
 681 028c 0D       		.byte	13
 682 028d 80       		.byte	-128
 683 028e 12       		.byte	18
 684 028f 10       		.byte	16
ARM GAS  C:\Users\DABBIR~1\AppData\Local\Temp\ccvu1vDt.s 			page 13


 685 0290 16       		.byte	22
 686 0291 14       		.byte	20
 687 0292 17       		.byte	23
 688 0293 10       		.byte	16
 689 0294 18       		.byte	24
 690 0295 10       		.byte	16
 691 0296 19       		.byte	25
 692 0297 A0       		.byte	-96
 693 0298 1A       		.byte	26
 694 0299 04       		.byte	4
 695 029a 1D       		.byte	29
 696 029b 08       		.byte	8
 697 029c 1E       		.byte	30
 698 029d 88       		.byte	-120
 699 029e 20       		.byte	32
 700 029f 04       		.byte	4
 701 02a0 21       		.byte	33
 702 02a1 04       		.byte	4
 703 02a2 22       		.byte	34
 704 02a3 01       		.byte	1
 705 02a4 23       		.byte	35
 706 02a5 01       		.byte	1
 707 02a6 27       		.byte	39
 708 02a7 05       		.byte	5
 709 02a8 29       		.byte	41
 710 02a9 40       		.byte	64
 711 02aa 2B       		.byte	43
 712 02ab 80       		.byte	-128
 713 02ac 2D       		.byte	45
 714 02ad 02       		.byte	2
 715 02ae 2F       		.byte	47
 716 02af 14       		.byte	20
 717 02b0 30       		.byte	48
 718 02b1 20       		.byte	32
 719 02b2 32       		.byte	50
 720 02b3 08       		.byte	8
 721 02b4 33       		.byte	51
 722 02b5 42       		.byte	66
 723 02b6 37       		.byte	55
 724 02b7 05       		.byte	5
 725 02b8 38       		.byte	56
 726 02b9 40       		.byte	64
 727 02ba 39       		.byte	57
 728 02bb 18       		.byte	24
 729 02bc 3E       		.byte	62
 730 02bd 02       		.byte	2
 731 02be 41       		.byte	65
 732 02bf 80       		.byte	-128
 733 02c0 42       		.byte	66
 734 02c1 04       		.byte	4
 735 02c2 45       		.byte	69
 736 02c3 80       		.byte	-128
 737 02c4 4D       		.byte	77
 738 02c5 21       		.byte	33
 739 02c6 55       		.byte	85
 740 02c7 80       		.byte	-128
 741 02c8 56       		.byte	86
ARM GAS  C:\Users\DABBIR~1\AppData\Local\Temp\ccvu1vDt.s 			page 14


 742 02c9 10       		.byte	16
 743 02ca 59       		.byte	89
 744 02cb 08       		.byte	8
 745 02cc 5A       		.byte	90
 746 02cd 82       		.byte	-126
 747 02ce 5B       		.byte	91
 748 02cf 10       		.byte	16
 749 02d0 5C       		.byte	92
 750 02d1 08       		.byte	8
 751 02d2 5D       		.byte	93
 752 02d3 81       		.byte	-127
 753 02d4 63       		.byte	99
 754 02d5 01       		.byte	1
 755 02d6 90       		.byte	-112
 756 02d7 40       		.byte	64
 757 02d8 91       		.byte	-111
 758 02d9 10       		.byte	16
 759 02da 99       		.byte	-103
 760 02db 40       		.byte	64
 761 02dc 9B       		.byte	-101
 762 02dd 40       		.byte	64
 763 02de 9E       		.byte	-98
 764 02df 44       		.byte	68
 765 02e0 A0       		.byte	-96
 766 02e1 60       		.byte	96
 767 02e2 A2       		.byte	-94
 768 02e3 08       		.byte	8
 769 02e4 A3       		.byte	-93
 770 02e5 02       		.byte	2
 771 02e6 A6       		.byte	-90
 772 02e7 01       		.byte	1
 773 02e8 AD       		.byte	-83
 774 02e9 01       		.byte	1
 775 02ea C0       		.byte	-64
 776 02eb C2       		.byte	-62
 777 02ec C2       		.byte	-62
 778 02ed 88       		.byte	-120
 779 02ee C4       		.byte	-60
 780 02ef 24       		.byte	36
 781 02f0 CA       		.byte	-54
 782 02f1 E9       		.byte	-23
 783 02f2 CC       		.byte	-52
 784 02f3 CF       		.byte	-49
 785 02f4 CE       		.byte	-50
 786 02f5 8E       		.byte	-114
 787 02f6 D0       		.byte	-48
 788 02f7 1C       		.byte	28
 789 02f8 D2       		.byte	-46
 790 02f9 20       		.byte	32
 791 02fa D6       		.byte	-42
 792 02fb DF       		.byte	-33
 793 02fc D8       		.byte	-40
 794 02fd 08       		.byte	8
 795 02fe EC       		.byte	-20
 796 02ff 02       		.byte	2
 797 0300 00       		.byte	0
 798 0301 08       		.byte	8
ARM GAS  C:\Users\DABBIR~1\AppData\Local\Temp\ccvu1vDt.s 			page 15


 799 0302 01       		.byte	1
 800 0303 02       		.byte	2
 801 0304 02       		.byte	2
 802 0305 02       		.byte	2
 803 0306 03       		.byte	3
 804 0307 0D       		.byte	13
 805 0308 04       		.byte	4
 806 0309 03       		.byte	3
 807 030a 06       		.byte	6
 808 030b 04       		.byte	4
 809 030c 08       		.byte	8
 810 030d 02       		.byte	2
 811 030e 0C       		.byte	12
 812 030f 0A       		.byte	10
 813 0310 10       		.byte	16
 814 0311 01       		.byte	1
 815 0312 11       		.byte	17
 816 0313 09       		.byte	9
 817 0314 12       		.byte	18
 818 0315 08       		.byte	8
 819 0316 13       		.byte	19
 820 0317 06       		.byte	6
 821 0318 15       		.byte	21
 822 0319 03       		.byte	3
 823 031a 17       		.byte	23
 824 031b 0C       		.byte	12
 825 031c 18       		.byte	24
 826 031d 08       		.byte	8
 827 031e 1A       		.byte	26
 828 031f 02       		.byte	2
 829 0320 1C       		.byte	28
 830 0321 0C       		.byte	12
 831 0322 1E       		.byte	30
 832 0323 03       		.byte	3
 833 0324 24       		.byte	36
 834 0325 08       		.byte	8
 835 0326 28       		.byte	40
 836 0327 02       		.byte	2
 837 0328 2A       		.byte	42
 838 0329 08       		.byte	8
 839 032a 2C       		.byte	44
 840 032b 0A       		.byte	10
 841 032c 2D       		.byte	45
 842 032d 05       		.byte	5
 843 032e 2F       		.byte	47
 844 032f 0A       		.byte	10
 845 0330 30       		.byte	48
 846 0331 0F       		.byte	15
 847 0332 31       		.byte	49
 848 0333 0F       		.byte	15
 849 0334 3A       		.byte	58
 850 0335 02       		.byte	2
 851 0336 3B       		.byte	59
 852 0337 02       		.byte	2
 853 0338 56       		.byte	86
 854 0339 02       		.byte	2
 855 033a 57       		.byte	87
ARM GAS  C:\Users\DABBIR~1\AppData\Local\Temp\ccvu1vDt.s 			page 16


 856 033b 20       		.byte	32
 857 033c 58       		.byte	88
 858 033d 04       		.byte	4
 859 033e 59       		.byte	89
 860 033f 04       		.byte	4
 861 0340 5B       		.byte	91
 862 0341 04       		.byte	4
 863 0342 5F       		.byte	95
 864 0343 01       		.byte	1
 865 0344 80       		.byte	-128
 866 0345 60       		.byte	96
 867 0346 83       		.byte	-125
 868 0347 40       		.byte	64
 869 0348 84       		.byte	-124
 870 0349 04       		.byte	4
 871 034a 85       		.byte	-123
 872 034b 0A       		.byte	10
 873 034c 87       		.byte	-121
 874 034d 30       		.byte	48
 875 034e 88       		.byte	-120
 876 034f 01       		.byte	1
 877 0350 89       		.byte	-119
 878 0351 04       		.byte	4
 879 0352 8B       		.byte	-117
 880 0353 22       		.byte	34
 881 0354 8C       		.byte	-116
 882 0355 04       		.byte	4
 883 0356 8D       		.byte	-115
 884 0357 22       		.byte	34
 885 0358 8F       		.byte	-113
 886 0359 04       		.byte	4
 887 035a 90       		.byte	-112
 888 035b 0A       		.byte	10
 889 035c 91       		.byte	-111
 890 035d 09       		.byte	9
 891 035e 92       		.byte	-110
 892 035f 10       		.byte	16
 893 0360 93       		.byte	-109
 894 0361 F2       		.byte	-14
 895 0362 94       		.byte	-108
 896 0363 07       		.byte	7
 897 0364 95       		.byte	-107
 898 0365 87       		.byte	-121
 899 0366 96       		.byte	-106
 900 0367 38       		.byte	56
 901 0368 97       		.byte	-105
 902 0369 18       		.byte	24
 903 036a 99       		.byte	-103
 904 036b 22       		.byte	34
 905 036c 9B       		.byte	-101
 906 036d 04       		.byte	4
 907 036e 9C       		.byte	-100
 908 036f 56       		.byte	86
 909 0370 9D       		.byte	-99
 910 0371 26       		.byte	38
 911 0372 9E       		.byte	-98
 912 0373 09       		.byte	9
ARM GAS  C:\Users\DABBIR~1\AppData\Local\Temp\ccvu1vDt.s 			page 17


 913 0374 A0       		.byte	-96
 914 0375 04       		.byte	4
 915 0376 A1       		.byte	-95
 916 0377 3A       		.byte	58
 917 0378 A3       		.byte	-93
 918 0379 C5       		.byte	-59
 919 037a A4       		.byte	-92
 920 037b 04       		.byte	4
 921 037c A5       		.byte	-91
 922 037d 04       		.byte	4
 923 037e AA       		.byte	-86
 924 037f 04       		.byte	4
 925 0380 AC       		.byte	-84
 926 0381 04       		.byte	4
 927 0382 AD       		.byte	-83
 928 0383 26       		.byte	38
 929 0384 B1       		.byte	-79
 930 0385 C0       		.byte	-64
 931 0386 B2       		.byte	-78
 932 0387 7F       		.byte	127
 933 0388 B3       		.byte	-77
 934 0389 07       		.byte	7
 935 038a B5       		.byte	-75
 936 038b 38       		.byte	56
 937 038c B8       		.byte	-72
 938 038d 08       		.byte	8
 939 038e BB       		.byte	-69
 940 038f 20       		.byte	32
 941 0390 D8       		.byte	-40
 942 0391 04       		.byte	4
 943 0392 D9       		.byte	-39
 944 0393 04       		.byte	4
 945 0394 DF       		.byte	-33
 946 0395 01       		.byte	1
 947 0396 00       		.byte	0
 948 0397 14       		.byte	20
 949 0398 02       		.byte	2
 950 0399 40       		.byte	64
 951 039a 03       		.byte	3
 952 039b 02       		.byte	2
 953 039c 04       		.byte	4
 954 039d 02       		.byte	2
 955 039e 06       		.byte	6
 956 039f 05       		.byte	5
 957 03a0 07       		.byte	7
 958 03a1 20       		.byte	32
 959 03a2 08       		.byte	8
 960 03a3 40       		.byte	64
 961 03a4 09       		.byte	9
 962 03a5 08       		.byte	8
 963 03a6 0A       		.byte	10
 964 03a7 40       		.byte	64
 965 03a8 0C       		.byte	12
 966 03a9 60       		.byte	96
 967 03aa 0E       		.byte	14
 968 03ab 42       		.byte	66
 969 03ac 10       		.byte	16
ARM GAS  C:\Users\DABBIR~1\AppData\Local\Temp\ccvu1vDt.s 			page 18


 970 03ad 20       		.byte	32
 971 03ae 11       		.byte	17
 972 03af 11       		.byte	17
 973 03b0 12       		.byte	18
 974 03b1 01       		.byte	1
 975 03b2 15       		.byte	21
 976 03b3 10       		.byte	16
 977 03b4 17       		.byte	23
 978 03b5 48       		.byte	72
 979 03b6 18       		.byte	24
 980 03b7 10       		.byte	16
 981 03b8 1C       		.byte	28
 982 03b9 40       		.byte	64
 983 03ba 1D       		.byte	29
 984 03bb 01       		.byte	1
 985 03bc 1E       		.byte	30
 986 03bd 40       		.byte	64
 987 03be 20       		.byte	32
 988 03bf 04       		.byte	4
 989 03c0 21       		.byte	33
 990 03c1 09       		.byte	9
 991 03c2 22       		.byte	34
 992 03c3 08       		.byte	8
 993 03c4 23       		.byte	35
 994 03c5 28       		.byte	40
 995 03c6 25       		.byte	37
 996 03c7 01       		.byte	1
 997 03c8 26       		.byte	38
 998 03c9 02       		.byte	2
 999 03ca 28       		.byte	40
 1000 03cb 40       		.byte	64
 1001 03cc 29       		.byte	41
 1002 03cd 40       		.byte	64
 1003 03ce 2A       		.byte	42
 1004 03cf 04       		.byte	4
 1005 03d0 2E       		.byte	46
 1006 03d1 40       		.byte	64
 1007 03d2 30       		.byte	48
 1008 03d3 20       		.byte	32
 1009 03d4 31       		.byte	49
 1010 03d5 09       		.byte	9
 1011 03d6 33       		.byte	51
 1012 03d7 40       		.byte	64
 1013 03d8 36       		.byte	54
 1014 03d9 09       		.byte	9
 1015 03da 38       		.byte	56
 1016 03db 04       		.byte	4
 1017 03dc 39       		.byte	57
 1018 03dd 52       		.byte	82
 1019 03de 3D       		.byte	61
 1020 03df 02       		.byte	2
 1021 03e0 4D       		.byte	77
 1022 03e1 80       		.byte	-128
 1023 03e2 4E       		.byte	78
 1024 03e3 02       		.byte	2
 1025 03e4 65       		.byte	101
 1026 03e5 80       		.byte	-128
ARM GAS  C:\Users\DABBIR~1\AppData\Local\Temp\ccvu1vDt.s 			page 19


 1027 03e6 6C       		.byte	108
 1028 03e7 21       		.byte	33
 1029 03e8 6D       		.byte	109
 1030 03e9 51       		.byte	81
 1031 03ea 6F       		.byte	111
 1032 03eb 42       		.byte	66
 1033 03ec 74       		.byte	116
 1034 03ed 40       		.byte	64
 1035 03ee 75       		.byte	117
 1036 03ef 40       		.byte	64
 1037 03f0 76       		.byte	118
 1038 03f1 01       		.byte	1
 1039 03f2 94       		.byte	-108
 1040 03f3 10       		.byte	16
 1041 03f4 A8       		.byte	-88
 1042 03f5 10       		.byte	16
 1043 03f6 C0       		.byte	-64
 1044 03f7 FF       		.byte	-1
 1045 03f8 C2       		.byte	-62
 1046 03f9 DD       		.byte	-35
 1047 03fa C4       		.byte	-60
 1048 03fb EF       		.byte	-17
 1049 03fc CA       		.byte	-54
 1050 03fd 1B       		.byte	27
 1051 03fe CC       		.byte	-52
 1052 03ff CF       		.byte	-49
 1053 0400 CE       		.byte	-50
 1054 0401 8F       		.byte	-113
 1055 0402 D8       		.byte	-40
 1056 0403 10       		.byte	16
 1057 0404 EC       		.byte	-20
 1058 0405 01       		.byte	1
 1059 0406 E6       		.byte	-26
 1060 0407 02       		.byte	2
 1061 0408 00       		.byte	0
 1062 0409 02       		.byte	2
 1063 040a 01       		.byte	1
 1064 040b 14       		.byte	20
 1065 040c 02       		.byte	2
 1066 040d 04       		.byte	4
 1067 040e 0C       		.byte	12
 1068 040f 08       		.byte	8
 1069 0410 0E       		.byte	14
 1070 0411 01       		.byte	1
 1071 0412 11       		.byte	17
 1072 0413 1C       		.byte	28
 1073 0414 13       		.byte	19
 1074 0415 02       		.byte	2
 1075 0416 14       		.byte	20
 1076 0417 0D       		.byte	13
 1077 0418 15       		.byte	21
 1078 0419 0C       		.byte	12
 1079 041a 17       		.byte	23
 1080 041b 11       		.byte	17
 1081 041c 19       		.byte	25
 1082 041d 10       		.byte	16
 1083 041e 1B       		.byte	27
ARM GAS  C:\Users\DABBIR~1\AppData\Local\Temp\ccvu1vDt.s 			page 20


 1084 041f 0C       		.byte	12
 1085 0420 1F       		.byte	31
 1086 0421 03       		.byte	3
 1087 0422 21       		.byte	33
 1088 0423 10       		.byte	16
 1089 0424 24       		.byte	36
 1090 0425 0D       		.byte	13
 1091 0426 25       		.byte	37
 1092 0427 09       		.byte	9
 1093 0428 27       		.byte	39
 1094 0429 10       		.byte	16
 1095 042a 31       		.byte	49
 1096 042b 1F       		.byte	31
 1097 042c 32       		.byte	50
 1098 042d 0C       		.byte	12
 1099 042e 34       		.byte	52
 1100 042f 03       		.byte	3
 1101 0430 38       		.byte	56
 1102 0431 28       		.byte	40
 1103 0432 3E       		.byte	62
 1104 0433 04       		.byte	4
 1105 0434 54       		.byte	84
 1106 0435 40       		.byte	64
 1107 0436 58       		.byte	88
 1108 0437 04       		.byte	4
 1109 0438 59       		.byte	89
 1110 0439 04       		.byte	4
 1111 043a 5B       		.byte	91
 1112 043b 04       		.byte	4
 1113 043c 5C       		.byte	92
 1114 043d 22       		.byte	34
 1115 043e 5F       		.byte	95
 1116 043f 01       		.byte	1
 1117 0440 81       		.byte	-127
 1118 0441 01       		.byte	1
 1119 0442 84       		.byte	-124
 1120 0443 33       		.byte	51
 1121 0444 85       		.byte	-123
 1122 0445 18       		.byte	24
 1123 0446 86       		.byte	-122
 1124 0447 0C       		.byte	12
 1125 0448 88       		.byte	-120
 1126 0449 3F       		.byte	63
 1127 044a 89       		.byte	-119
 1128 044b 08       		.byte	8
 1129 044c 8C       		.byte	-116
 1130 044d 02       		.byte	2
 1131 044e 90       		.byte	-112
 1132 044f 01       		.byte	1
 1133 0450 91       		.byte	-111
 1134 0451 27       		.byte	39
 1135 0452 93       		.byte	-109
 1136 0453 18       		.byte	24
 1137 0454 94       		.byte	-108
 1138 0455 03       		.byte	3
 1139 0456 97       		.byte	-105
 1140 0457 26       		.byte	38
ARM GAS  C:\Users\DABBIR~1\AppData\Local\Temp\ccvu1vDt.s 			page 21


 1141 0458 9A       		.byte	-102
 1142 0459 23       		.byte	35
 1143 045a 9C       		.byte	-100
 1144 045b 1F       		.byte	31
 1145 045c 9D       		.byte	-99
 1146 045d 10       		.byte	16
 1147 045e 9E       		.byte	-98
 1148 045f 20       		.byte	32
 1149 0460 A0       		.byte	-96
 1150 0461 08       		.byte	8
 1151 0462 A1       		.byte	-95
 1152 0463 19       		.byte	25
 1153 0464 A3       		.byte	-93
 1154 0465 22       		.byte	34
 1155 0466 A4       		.byte	-92
 1156 0467 04       		.byte	4
 1157 0468 A7       		.byte	-89
 1158 0469 01       		.byte	1
 1159 046a A8       		.byte	-88
 1160 046b 0C       		.byte	12
 1161 046c A9       		.byte	-87
 1162 046d 3F       		.byte	63
 1163 046e AC       		.byte	-84
 1164 046f 1C       		.byte	28
 1165 0470 AD       		.byte	-83
 1166 0471 39       		.byte	57
 1167 0472 AE       		.byte	-82
 1168 0473 23       		.byte	35
 1169 0474 AF       		.byte	-81
 1170 0475 04       		.byte	4
 1171 0476 B0       		.byte	-80
 1172 0477 10       		.byte	16
 1173 0478 B1       		.byte	-79
 1174 0479 1F       		.byte	31
 1175 047a B3       		.byte	-77
 1176 047b 38       		.byte	56
 1177 047c B4       		.byte	-76
 1178 047d 0F       		.byte	15
 1179 047e B6       		.byte	-74
 1180 047f 2C       		.byte	44
 1181 0480 BA       		.byte	-70
 1182 0481 A0       		.byte	-96
 1183 0482 BB       		.byte	-69
 1184 0483 02       		.byte	2
 1185 0484 BE       		.byte	-66
 1186 0485 01       		.byte	1
 1187 0486 D6       		.byte	-42
 1188 0487 02       		.byte	2
 1189 0488 D7       		.byte	-41
 1190 0489 13       		.byte	19
 1191 048a D8       		.byte	-40
 1192 048b 04       		.byte	4
 1193 048c D9       		.byte	-39
 1194 048d 04       		.byte	4
 1195 048e DB       		.byte	-37
 1196 048f 04       		.byte	4
 1197 0490 DC       		.byte	-36
ARM GAS  C:\Users\DABBIR~1\AppData\Local\Temp\ccvu1vDt.s 			page 22


 1198 0491 22       		.byte	34
 1199 0492 DD       		.byte	-35
 1200 0493 20       		.byte	32
 1201 0494 DF       		.byte	-33
 1202 0495 01       		.byte	1
 1203 0496 00       		.byte	0
 1204 0497 24       		.byte	36
 1205 0498 01       		.byte	1
 1206 0499 A0       		.byte	-96
 1207 049a 05       		.byte	5
 1208 049b 02       		.byte	2
 1209 049c 06       		.byte	6
 1210 049d 40       		.byte	64
 1211 049e 07       		.byte	7
 1212 049f 01       		.byte	1
 1213 04a0 08       		.byte	8
 1214 04a1 40       		.byte	64
 1215 04a2 09       		.byte	9
 1216 04a3 01       		.byte	1
 1217 04a4 0A       		.byte	10
 1218 04a5 15       		.byte	21
 1219 04a6 0E       		.byte	14
 1220 04a7 20       		.byte	32
 1221 04a8 10       		.byte	16
 1222 04a9 81       		.byte	-127
 1223 04aa 12       		.byte	18
 1224 04ab 02       		.byte	2
 1225 04ac 13       		.byte	19
 1226 04ad 18       		.byte	24
 1227 04ae 17       		.byte	23
 1228 04af 04       		.byte	4
 1229 04b0 18       		.byte	24
 1230 04b1 04       		.byte	4
 1231 04b2 19       		.byte	25
 1232 04b3 01       		.byte	1
 1233 04b4 1A       		.byte	26
 1234 04b5 01       		.byte	1
 1235 04b6 1D       		.byte	29
 1236 04b7 18       		.byte	24
 1237 04b8 1F       		.byte	31
 1238 04b9 10       		.byte	16
 1239 04ba 21       		.byte	33
 1240 04bb 04       		.byte	4
 1241 04bc 22       		.byte	34
 1242 04bd 02       		.byte	2
 1243 04be 27       		.byte	39
 1244 04bf 40       		.byte	64
 1245 04c0 28       		.byte	40
 1246 04c1 41       		.byte	65
 1247 04c2 29       		.byte	41
 1248 04c3 20       		.byte	32
 1249 04c4 2B       		.byte	43
 1250 04c5 10       		.byte	16
 1251 04c6 2E       		.byte	46
 1252 04c7 02       		.byte	2
 1253 04c8 2F       		.byte	47
 1254 04c9 10       		.byte	16
ARM GAS  C:\Users\DABBIR~1\AppData\Local\Temp\ccvu1vDt.s 			page 23


 1255 04ca 30       		.byte	48
 1256 04cb 84       		.byte	-124
 1257 04cc 33       		.byte	51
 1258 04cd 02       		.byte	2
 1259 04ce 36       		.byte	54
 1260 04cf 10       		.byte	16
 1261 04d0 37       		.byte	55
 1262 04d1 45       		.byte	69
 1263 04d2 38       		.byte	56
 1264 04d3 28       		.byte	40
 1265 04d4 39       		.byte	57
 1266 04d5 02       		.byte	2
 1267 04d6 3F       		.byte	63
 1268 04d7 02       		.byte	2
 1269 04d8 58       		.byte	88
 1270 04d9 04       		.byte	4
 1271 04da 59       		.byte	89
 1272 04db 01       		.byte	1
 1273 04dc 5A       		.byte	90
 1274 04dd 04       		.byte	4
 1275 04de 66       		.byte	102
 1276 04df 18       		.byte	24
 1277 04e0 67       		.byte	103
 1278 04e1 01       		.byte	1
 1279 04e2 68       		.byte	104
 1280 04e3 06       		.byte	6
 1281 04e4 69       		.byte	105
 1282 04e5 04       		.byte	4
 1283 04e6 70       		.byte	112
 1284 04e7 94       		.byte	-108
 1285 04e8 73       		.byte	115
 1286 04e9 18       		.byte	24
 1287 04ea 8C       		.byte	-116
 1288 04eb 04       		.byte	4
 1289 04ec 8E       		.byte	-114
 1290 04ed 40       		.byte	64
 1291 04ee 8F       		.byte	-113
 1292 04ef 02       		.byte	2
 1293 04f0 90       		.byte	-112
 1294 04f1 40       		.byte	64
 1295 04f2 92       		.byte	-110
 1296 04f3 04       		.byte	4
 1297 04f4 93       		.byte	-109
 1298 04f5 01       		.byte	1
 1299 04f6 95       		.byte	-107
 1300 04f7 0C       		.byte	12
 1301 04f8 96       		.byte	-106
 1302 04f9 80       		.byte	-128
 1303 04fa 97       		.byte	-105
 1304 04fb 20       		.byte	32
 1305 04fc 99       		.byte	-103
 1306 04fd 80       		.byte	-128
 1307 04fe 9A       		.byte	-102
 1308 04ff 1C       		.byte	28
 1309 0500 9B       		.byte	-101
 1310 0501 05       		.byte	5
 1311 0502 9D       		.byte	-99
ARM GAS  C:\Users\DABBIR~1\AppData\Local\Temp\ccvu1vDt.s 			page 24


 1312 0503 12       		.byte	18
 1313 0504 9E       		.byte	-98
 1314 0505 02       		.byte	2
 1315 0506 A2       		.byte	-94
 1316 0507 98       		.byte	-104
 1317 0508 A3       		.byte	-93
 1318 0509 01       		.byte	1
 1319 050a A4       		.byte	-92
 1320 050b 06       		.byte	6
 1321 050c A5       		.byte	-91
 1322 050d 81       		.byte	-127
 1323 050e A6       		.byte	-90
 1324 050f 01       		.byte	1
 1325 0510 A7       		.byte	-89
 1326 0511 80       		.byte	-128
 1327 0512 C0       		.byte	-64
 1328 0513 97       		.byte	-105
 1329 0514 C2       		.byte	-62
 1330 0515 2F       		.byte	47
 1331 0516 C4       		.byte	-60
 1332 0517 2F       		.byte	47
 1333 0518 CA       		.byte	-54
 1334 0519 CF       		.byte	-49
 1335 051a CC       		.byte	-52
 1336 051b FB       		.byte	-5
 1337 051c CE       		.byte	-50
 1338 051d 87       		.byte	-121
 1339 051e D6       		.byte	-42
 1340 051f 01       		.byte	1
 1341 0520 D8       		.byte	-40
 1342 0521 70       		.byte	112
 1343 0522 88       		.byte	-120
 1344 0523 19       		.byte	25
 1345 0524 8A       		.byte	-118
 1346 0525 22       		.byte	34
 1347 0526 8C       		.byte	-116
 1348 0527 2E       		.byte	46
 1349 0528 8E       		.byte	-114
 1350 0529 51       		.byte	81
 1351 052a 98       		.byte	-104
 1352 052b 70       		.byte	112
 1353 052c 9C       		.byte	-100
 1354 052d 24       		.byte	36
 1355 052e 9E       		.byte	-98
 1356 052f 48       		.byte	72
 1357 0530 A8       		.byte	-88
 1358 0531 04       		.byte	4
 1359 0532 AC       		.byte	-84
 1360 0533 80       		.byte	-128
 1361 0534 B2       		.byte	-78
 1362 0535 80       		.byte	-128
 1363 0536 B4       		.byte	-76
 1364 0537 78       		.byte	120
 1365 0538 B6       		.byte	-74
 1366 0539 07       		.byte	7
 1367 053a B8       		.byte	-72
 1368 053b 20       		.byte	32
ARM GAS  C:\Users\DABBIR~1\AppData\Local\Temp\ccvu1vDt.s 			page 25


 1369 053c BA       		.byte	-70
 1370 053d 80       		.byte	-128
 1371 053e BE       		.byte	-66
 1372 053f 04       		.byte	4
 1373 0540 C0       		.byte	-64
 1374 0541 03       		.byte	3
 1375 0542 C7       		.byte	-57
 1376 0543 40       		.byte	64
 1377 0544 C9       		.byte	-55
 1378 0545 FF       		.byte	-1
 1379 0546 CA       		.byte	-54
 1380 0547 07       		.byte	7
 1381 0548 CB       		.byte	-53
 1382 0549 FF       		.byte	-1
 1383 054a CC       		.byte	-52
 1384 054b 40       		.byte	64
 1385 054c CD       		.byte	-51
 1386 054d 20       		.byte	32
 1387 054e CE       		.byte	-50
 1388 054f F0       		.byte	-16
 1389 0550 CF       		.byte	-49
 1390 0551 05       		.byte	5
 1391 0552 D0       		.byte	-48
 1392 0553 08       		.byte	8
 1393 0554 D8       		.byte	-40
 1394 0555 04       		.byte	4
 1395 0556 DA       		.byte	-38
 1396 0557 04       		.byte	4
 1397 0558 DD       		.byte	-35
 1398 0559 02       		.byte	2
 1399 055a DF       		.byte	-33
 1400 055b 01       		.byte	1
 1401 055c E0       		.byte	-32
 1402 055d 40       		.byte	64
 1403 055e E1       		.byte	-31
 1404 055f A8       		.byte	-88
 1405 0560 E2       		.byte	-30
 1406 0561 40       		.byte	64
 1407 0562 E3       		.byte	-29
 1408 0563 20       		.byte	32
 1409 0564 00       		.byte	0
 1410 0565 08       		.byte	8
 1411 0566 01       		.byte	1
 1412 0567 80       		.byte	-128
 1413 0568 04       		.byte	4
 1414 0569 40       		.byte	64
 1415 056a 07       		.byte	7
 1416 056b 04       		.byte	4
 1417 056c 08       		.byte	8
 1418 056d 40       		.byte	64
 1419 056e 0A       		.byte	10
 1420 056f 54       		.byte	84
 1421 0570 0E       		.byte	14
 1422 0571 0A       		.byte	10
 1423 0572 10       		.byte	16
 1424 0573 01       		.byte	1
 1425 0574 11       		.byte	17
ARM GAS  C:\Users\DABBIR~1\AppData\Local\Temp\ccvu1vDt.s 			page 26


 1426 0575 06       		.byte	6
 1427 0576 13       		.byte	19
 1428 0577 10       		.byte	16
 1429 0578 16       		.byte	22
 1430 0579 04       		.byte	4
 1431 057a 17       		.byte	23
 1432 057b 40       		.byte	64
 1433 057c 18       		.byte	24
 1434 057d 01       		.byte	1
 1435 057e 19       		.byte	25
 1436 057f 01       		.byte	1
 1437 0580 1A       		.byte	26
 1438 0581 10       		.byte	16
 1439 0582 1B       		.byte	27
 1440 0583 10       		.byte	16
 1441 0584 1D       		.byte	29
 1442 0585 04       		.byte	4
 1443 0586 1E       		.byte	30
 1444 0587 0A       		.byte	10
 1445 0588 1F       		.byte	31
 1446 0589 80       		.byte	-128
 1447 058a 20       		.byte	32
 1448 058b 20       		.byte	32
 1449 058c 21       		.byte	33
 1450 058d 02       		.byte	2
 1451 058e 22       		.byte	34
 1452 058f 40       		.byte	64
 1453 0590 23       		.byte	35
 1454 0591 14       		.byte	20
 1455 0592 28       		.byte	40
 1456 0593 01       		.byte	1
 1457 0594 29       		.byte	41
 1458 0595 08       		.byte	8
 1459 0596 2B       		.byte	43
 1460 0597 80       		.byte	-128
 1461 0598 30       		.byte	48
 1462 0599 40       		.byte	64
 1463 059a 31       		.byte	49
 1464 059b 02       		.byte	2
 1465 059c 32       		.byte	50
 1466 059d 08       		.byte	8
 1467 059e 33       		.byte	51
 1468 059f 04       		.byte	4
 1469 05a0 38       		.byte	56
 1470 05a1 44       		.byte	68
 1471 05a2 3B       		.byte	59
 1472 05a3 10       		.byte	16
 1473 05a4 40       		.byte	64
 1474 05a5 01       		.byte	1
 1475 05a6 41       		.byte	65
 1476 05a7 04       		.byte	4
 1477 05a8 42       		.byte	66
 1478 05a9 44       		.byte	68
 1479 05aa 45       		.byte	69
 1480 05ab 08       		.byte	8
 1481 05ac 49       		.byte	73
 1482 05ad 08       		.byte	8
ARM GAS  C:\Users\DABBIR~1\AppData\Local\Temp\ccvu1vDt.s 			page 27


 1483 05ae 4B       		.byte	75
 1484 05af 10       		.byte	16
 1485 05b0 51       		.byte	81
 1486 05b1 80       		.byte	-128
 1487 05b2 56       		.byte	86
 1488 05b3 42       		.byte	66
 1489 05b4 59       		.byte	89
 1490 05b5 01       		.byte	1
 1491 05b6 62       		.byte	98
 1492 05b7 80       		.byte	-128
 1493 05b8 63       		.byte	99
 1494 05b9 44       		.byte	68
 1495 05ba 81       		.byte	-127
 1496 05bb 04       		.byte	4
 1497 05bc 87       		.byte	-121
 1498 05bd 40       		.byte	64
 1499 05be 89       		.byte	-119
 1500 05bf 01       		.byte	1
 1501 05c0 8D       		.byte	-115
 1502 05c1 01       		.byte	1
 1503 05c2 90       		.byte	-112
 1504 05c3 44       		.byte	68
 1505 05c4 91       		.byte	-111
 1506 05c5 0C       		.byte	12
 1507 05c6 92       		.byte	-110
 1508 05c7 44       		.byte	68
 1509 05c8 95       		.byte	-107
 1510 05c9 02       		.byte	2
 1511 05ca 96       		.byte	-106
 1512 05cb 90       		.byte	-112
 1513 05cc 98       		.byte	-104
 1514 05cd 41       		.byte	65
 1515 05ce 99       		.byte	-103
 1516 05cf 80       		.byte	-128
 1517 05d0 9A       		.byte	-102
 1518 05d1 04       		.byte	4
 1519 05d2 9B       		.byte	-101
 1520 05d3 40       		.byte	64
 1521 05d4 9E       		.byte	-98
 1522 05d5 42       		.byte	66
 1523 05d6 A0       		.byte	-96
 1524 05d7 04       		.byte	4
 1525 05d8 A1       		.byte	-95
 1526 05d9 08       		.byte	8
 1527 05da A2       		.byte	-94
 1528 05db 88       		.byte	-120
 1529 05dc A4       		.byte	-92
 1530 05dd 10       		.byte	16
 1531 05de A5       		.byte	-91
 1532 05df 81       		.byte	-127
 1533 05e0 A6       		.byte	-90
 1534 05e1 01       		.byte	1
 1535 05e2 A7       		.byte	-89
 1536 05e3 90       		.byte	-112
 1537 05e4 C0       		.byte	-64
 1538 05e5 C5       		.byte	-59
 1539 05e6 C2       		.byte	-62
ARM GAS  C:\Users\DABBIR~1\AppData\Local\Temp\ccvu1vDt.s 			page 28


 1540 05e7 CF       		.byte	-49
 1541 05e8 C4       		.byte	-60
 1542 05e9 CF       		.byte	-49
 1543 05ea CA       		.byte	-54
 1544 05eb 0B       		.byte	11
 1545 05ec CC       		.byte	-52
 1546 05ed 0B       		.byte	11
 1547 05ee CE       		.byte	-50
 1548 05ef 0E       		.byte	14
 1549 05f0 D0       		.byte	-48
 1550 05f1 4F       		.byte	79
 1551 05f2 D2       		.byte	-46
 1552 05f3 04       		.byte	4
 1553 05f4 D6       		.byte	-42
 1554 05f5 01       		.byte	1
 1555 05f6 D8       		.byte	-40
 1556 05f7 0D       		.byte	13
 1557 05f8 E4       		.byte	-28
 1558 05f9 01       		.byte	1
 1559 05fa 32       		.byte	50
 1560 05fb 20       		.byte	32
 1561 05fc CC       		.byte	-52
 1562 05fd 10       		.byte	16
 1563 05fe A6       		.byte	-90
 1564 05ff 20       		.byte	32
 1565 0600 53       		.byte	83
 1566 0601 10       		.byte	16
 1567 0602 A6       		.byte	-90
 1568 0603 20       		.byte	32
 1569 0604 D4       		.byte	-44
 1570 0605 20       		.byte	32
 1571 0606 A6       		.byte	-90
 1572 0607 20       		.byte	32
 1573 0608 B3       		.byte	-77
 1574 0609 10       		.byte	16
 1575 060a 70       		.byte	112
 1576 060b 04       		.byte	4
 1577 060c 7E       		.byte	126
 1578 060d 01       		.byte	1
 1579 060e DC       		.byte	-36
 1580 060f 01       		.byte	1
 1581 0610 DE       		.byte	-34
 1582 0611 04       		.byte	4
 1583 0612 96       		.byte	-106
 1584 0613 02       		.byte	2
 1585 0614 A8       		.byte	-88
 1586 0615 04       		.byte	4
 1587 0616 AE       		.byte	-82
 1588 0617 01       		.byte	1
 1589 0618 A6       		.byte	-90
 1590 0619 20       		.byte	32
 1591 061a 86       		.byte	-122
 1592 061b 20       		.byte	32
 1593 061c A6       		.byte	-90
 1594 061d 20       		.byte	32
 1595 061e E6       		.byte	-26
 1596 061f 40       		.byte	64
ARM GAS  C:\Users\DABBIR~1\AppData\Local\Temp\ccvu1vDt.s 			page 29


 1597 0620 12       		.byte	18
 1598 0621 20       		.byte	32
 1599 0622 78       		.byte	120
 1600 0623 80       		.byte	-128
 1601 0624 80       		.byte	-128
 1602 0625 80       		.byte	-128
 1603 0626 8A       		.byte	-118
 1604 0627 20       		.byte	32
 1605 0628 8E       		.byte	-114
 1606 0629 20       		.byte	32
 1607 062a C4       		.byte	-60
 1608 062b 08       		.byte	8
 1609 062c DC       		.byte	-36
 1610 062d 01       		.byte	1
 1611 062e E2       		.byte	-30
 1612 062f 0C       		.byte	12
 1613 0630 00       		.byte	0
 1614 0631 07       		.byte	7
 1615 0632 0C       		.byte	12
 1616 0633 07       		.byte	7
 1617 0634 0E       		.byte	14
 1618 0635 01       		.byte	1
 1619 0636 10       		.byte	16
 1620 0637 05       		.byte	5
 1621 0638 1C       		.byte	28
 1622 0639 05       		.byte	5
 1623 063a 00       		.byte	0
 1624 063b 03       		.byte	3
 1625 063c 10       		.byte	16
 1626 063d 84       		.byte	-124
 1627 063e 00       		.byte	0
 1628 063f 00       		.byte	0
 1629 0640 40       		.byte	64
 1630 0641 00       		.byte	0
 1631 0642 00       		.byte	0
 1632 0643 00       		.byte	0
 1633 0644 00       		.byte	0
 1634 0645 00       		.byte	0
 1635 0646 00       		.byte	0
 1636 0647 00       		.byte	0
 1637 0648 E0       		.byte	-32
 1638 0649 02       		.byte	2
 1639 064a 00       		.byte	0
 1640 064b 00       		.byte	0
 1641 064c 00       		.byte	0
 1642 064d 02       		.byte	2
 1643 064e 00       		.byte	0
 1644 064f 00       		.byte	0
 1645 0650 82       		.byte	-126
 1646 0651 04       		.byte	4
 1647 0652 44       		.byte	68
 1648 0653 00       		.byte	0
 1649 0654 03       		.byte	3
 1650 0655 00       		.byte	0
 1651 0656 00       		.byte	0
 1652 0657 01       		.byte	1
 1653 0658 43       		.byte	67
ARM GAS  C:\Users\DABBIR~1\AppData\Local\Temp\ccvu1vDt.s 			page 30


 1654 0659 00       		.byte	0
 1655 065a A8       		.byte	-88
 1656 065b 04       		.byte	4
 1657 065c 00       		.byte	0
 1658 065d 00       		.byte	0
 1659 065e 03       		.byte	3
 1660 065f 00       		.byte	0
 1661 0660 00       		.byte	0
 1662 0661 00       		.byte	0
 1663 0662 03       		.byte	3
 1664 0663 02       		.byte	2
 1665 0664 21       		.byte	33
 1666 0665 00       		.byte	0
 1667 0666 54       		.byte	84
 1668 0667 04       		.byte	4
 1669 0668 E0       		.byte	-32
 1670 0669 00       		.byte	0
 1671 066a 00       		.byte	0
 1672 066b 01       		.byte	1
 1673 066c 03       		.byte	3
 1674 066d 00       		.byte	0
 1675 066e 00       		.byte	0
 1676 066f 00       		.byte	0
 1677 0670 00       		.byte	0
 1678 0671 00       		.byte	0
 1679 0672 03       		.byte	3
 1680 0673 02       		.byte	2
 1681 0674 03       		.byte	3
 1682 0675 02       		.byte	2
 1683 0676 E0       		.byte	-32
 1684 0677 00       		.byte	0
 1685 0678 10       		.byte	16
 1686 0679 01       		.byte	1
 1687 067a 0C       		.byte	12
 1688 067b 04       		.byte	4
 1689 067c 00       		.byte	0
 1690 067d 02       		.byte	2
 1691 067e 00       		.byte	0
 1692 067f 08       		.byte	8
 1693 0680 00       		.byte	0
 1694 0681 00       		.byte	0
 1695 0682 40       		.byte	64
 1696 0683 50       		.byte	80
 1697 0684 42       		.byte	66
 1698 0685 06       		.byte	6
 1699 0686 03       		.byte	3
 1700 0687 00       		.byte	0
 1701 0688 01       		.byte	1
 1702 0689 0E       		.byte	14
 1703 068a 0C       		.byte	12
 1704 068b 00       		.byte	0
 1705 068c 05       		.byte	5
 1706 068d FF       		.byte	-1
 1707 068e FF       		.byte	-1
 1708 068f FF       		.byte	-1
 1709 0690 62       		.byte	98
 1710 0691 A0       		.byte	-96
ARM GAS  C:\Users\DABBIR~1\AppData\Local\Temp\ccvu1vDt.s 			page 31


 1711 0692 F0       		.byte	-16
 1712 0693 41       		.byte	65
 1713 0694 0C       		.byte	12
 1714 0695 00       		.byte	0
 1715 0696 00       		.byte	0
 1716 0697 00       		.byte	0
 1717 0698 18       		.byte	24
 1718 0699 00       		.byte	0
 1719 069a 04       		.byte	4
 1720 069b 00       		.byte	0
 1721 069c 04       		.byte	4
 1722 069d 04       		.byte	4
 1723 069e 04       		.byte	4
 1724 069f 04       		.byte	4
 1725 06a0 22       		.byte	34
 1726 06a1 22       		.byte	34
 1727 06a2 00       		.byte	0
 1728 06a3 01       		.byte	1
 1729 06a4 00       		.byte	0
 1730 06a5 00       		.byte	0
 1731 06a6 00       		.byte	0
 1732 06a7 00       		.byte	0
 1733 06a8 00       		.byte	0
 1734 06a9 00       		.byte	0
 1735 06aa 40       		.byte	64
 1736 06ab 02       		.byte	2
 1737 06ac 00       		.byte	0
 1738 06ad 10       		.byte	16
 1739 06ae 30       		.byte	48
 1740 06af 10       		.byte	16
 1741 06b0 00       		.byte	0
 1742 06b1 10       		.byte	16
 1743 06b2 10       		.byte	16
 1744 06b3 12       		.byte	18
 1745 06b4 00       		.byte	0
 1746 06b5 00       		.byte	0
 1747 06b6 00       		.byte	0
 1748 06b7 00       		.byte	0
 1749 06b8 00       		.byte	0
 1750 06b9 00       		.byte	0
 1751 06ba 00       		.byte	0
 1752 06bb 00       		.byte	0
 1753 06bc 00       		.byte	0
 1754 06bd 00       		.byte	0
 1755 06be 00       		.byte	0
 1756 06bf 00       		.byte	0
 1757 06c0 00       		.byte	0
 1758 06c1 00       		.byte	0
 1759 06c2 00       		.byte	0
 1760 06c3 00       		.byte	0
 1761 06c4 80       		.byte	-128
 1762 06c5 00       		.byte	0
 1763 06c6 40       		.byte	64
 1764 06c7 BC       		.byte	-68
 1765 06c8 BC       		.byte	-68
 1766 06c9 00       		.byte	0
 1767 06ca B4       		.byte	-76
ARM GAS  C:\Users\DABBIR~1\AppData\Local\Temp\ccvu1vDt.s 			page 32


 1768 06cb 00       		.byte	0
 1769 06cc 00       		.byte	0
 1770 06cd 00       		.byte	0
 1771 06ce 00       		.byte	0
 1772 06cf 00       		.byte	0
 1773 06d0 00       		.byte	0
 1774 06d1 0B       		.byte	11
 1775 06d2 0B       		.byte	11
 1776 06d3 00       		.byte	0
 1777 06d4 00       		.byte	0
 1778 06d5 00       		.byte	0
 1779 06d6 00       		.byte	0
 1780 06d7 00       		.byte	0
 1781 06d8 00       		.byte	0
 1782 06d9 18       		.byte	24
 1783 06da 18       		.byte	24
 1784 06db 00       		.byte	0
 1785 06dc 08       		.byte	8
 1786 06dd 00       		.byte	0
 1787 06de 00       		.byte	0
 1788 06df 00       		.byte	0
 1789              		.section	.cywolatch,"a",%progbits
 1790              		.align	2
 1791              		.type	cy_meta_wonvl, %object
 1792              		.size	cy_meta_wonvl, 4
 1793              	cy_meta_wonvl:
 1794 0000 BC       		.byte	-68
 1795 0001 90       		.byte	-112
 1796 0002 AC       		.byte	-84
 1797 0003 AF       		.byte	-81
 1798              		.section	.cycustnvl,"a",%progbits
 1799              		.align	2
 1800              		.type	cy_meta_custnvl, %object
 1801              		.size	cy_meta_custnvl, 4
 1802              	cy_meta_custnvl:
 1803 0000 00       		.byte	0
 1804 0001 00       		.byte	0
 1805 0002 40       		.byte	64
 1806 0003 05       		.byte	5
 1807              		.section	.cymeta,"a",%progbits
 1808              		.align	2
 1809              		.type	cy_metadata, %object
 1810              		.size	cy_metadata, 12
 1811              	cy_metadata:
 1812 0000 00       		.byte	0
 1813 0001 01       		.byte	1
 1814 0002 2E       		.byte	46
 1815 0003 16       		.byte	22
 1816 0004 10       		.byte	16
 1817 0005 69       		.byte	105
 1818 0006 00       		.byte	0
 1819 0007 01       		.byte	1
 1820 0008 00       		.byte	0
 1821 0009 00       		.byte	0
 1822 000a 00       		.byte	0
 1823 000b 00       		.byte	0
 1824              		.section	.cyflashprotect,"a",%progbits
ARM GAS  C:\Users\DABBIR~1\AppData\Local\Temp\ccvu1vDt.s 			page 33


 1825              		.align	2
 1826              		.type	cy_meta_flashprotect, %object
 1827              		.size	cy_meta_flashprotect, 256
 1828              	cy_meta_flashprotect:
 1829 0000 00000000 		.space	256
 1829      00000000 
 1829      00000000 
 1829      00000000 
 1829      00000000 
 1830              		.text
 1831              	.Letext0:
 1832              		.file 1 "c:\\program files (x86)\\cypress\\psoc creator\\4.4\\psoc creator\\import\\gnu\\arm\\5.4.
 1833              		.file 2 "c:\\program files (x86)\\cypress\\psoc creator\\4.4\\psoc creator\\import\\gnu\\arm\\5.4.
 1834              		.file 3 "Generated_Source\\PSoC5\\cymetadata.c"
 1835              		.section	.debug_info,"",%progbits
 1836              	.Ldebug_info0:
 1837 0000 35010000 		.4byte	0x135
 1838 0004 0400     		.2byte	0x4
 1839 0006 00000000 		.4byte	.Ldebug_abbrev0
 1840 000a 04       		.byte	0x4
 1841 000b 01       		.uleb128 0x1
 1842 000c 24000000 		.4byte	.LASF17
 1843 0010 0C       		.byte	0xc
 1844 0011 FF010000 		.4byte	.LASF18
 1845 0015 5F010000 		.4byte	.LASF19
 1846 0019 00000000 		.4byte	.Ldebug_line0
 1847 001d 02       		.uleb128 0x2
 1848 001e 01       		.byte	0x1
 1849 001f 06       		.byte	0x6
 1850 0020 F3010000 		.4byte	.LASF0
 1851 0024 03       		.uleb128 0x3
 1852 0025 00000000 		.4byte	.LASF9
 1853 0029 01       		.byte	0x1
 1854 002a 1D       		.byte	0x1d
 1855 002b 2F000000 		.4byte	0x2f
 1856 002f 02       		.uleb128 0x2
 1857 0030 01       		.byte	0x1
 1858 0031 08       		.byte	0x8
 1859 0032 16000000 		.4byte	.LASF1
 1860 0036 02       		.uleb128 0x2
 1861 0037 02       		.byte	0x2
 1862 0038 05       		.byte	0x5
 1863 0039 E0010000 		.4byte	.LASF2
 1864 003d 02       		.uleb128 0x2
 1865 003e 02       		.byte	0x2
 1866 003f 07       		.byte	0x7
 1867 0040 C4000000 		.4byte	.LASF3
 1868 0044 02       		.uleb128 0x2
 1869 0045 04       		.byte	0x4
 1870 0046 05       		.byte	0x5
 1871 0047 EA010000 		.4byte	.LASF4
 1872 004b 02       		.uleb128 0x2
 1873 004c 04       		.byte	0x4
 1874 004d 07       		.byte	0x7
 1875 004e B2000000 		.4byte	.LASF5
 1876 0052 02       		.uleb128 0x2
 1877 0053 08       		.byte	0x8
ARM GAS  C:\Users\DABBIR~1\AppData\Local\Temp\ccvu1vDt.s 			page 34


 1878 0054 05       		.byte	0x5
 1879 0055 51010000 		.4byte	.LASF6
 1880 0059 02       		.uleb128 0x2
 1881 005a 08       		.byte	0x8
 1882 005b 07       		.byte	0x7
 1883 005c 06010000 		.4byte	.LASF7
 1884 0060 04       		.uleb128 0x4
 1885 0061 04       		.byte	0x4
 1886 0062 05       		.byte	0x5
 1887 0063 696E7400 		.ascii	"int\000"
 1888 0067 02       		.uleb128 0x2
 1889 0068 04       		.byte	0x4
 1890 0069 07       		.byte	0x7
 1891 006a F9000000 		.4byte	.LASF8
 1892 006e 03       		.uleb128 0x3
 1893 006f 1D010000 		.4byte	.LASF10
 1894 0073 02       		.byte	0x2
 1895 0074 18       		.byte	0x18
 1896 0075 24000000 		.4byte	0x24
 1897 0079 05       		.uleb128 0x5
 1898 007a 91000000 		.4byte	0x91
 1899 007e 8A000000 		.4byte	0x8a
 1900 0082 06       		.uleb128 0x6
 1901 0083 8A000000 		.4byte	0x8a
 1902 0087 DF06     		.2byte	0x6df
 1903 0089 00       		.byte	0
 1904 008a 02       		.uleb128 0x2
 1905 008b 04       		.byte	0x4
 1906 008c 07       		.byte	0x7
 1907 008d 48010000 		.4byte	.LASF11
 1908 0091 07       		.uleb128 0x7
 1909 0092 6E000000 		.4byte	0x6e
 1910 0096 08       		.uleb128 0x8
 1911 0097 E7000000 		.4byte	.LASF12
 1912 009b 03       		.byte	0x3
 1913 009c 1F       		.byte	0x1f
 1914 009d A7000000 		.4byte	0xa7
 1915 00a1 05       		.uleb128 0x5
 1916 00a2 03       		.byte	0x3
 1917 00a3 00000000 		.4byte	cy_meta_configecc
 1918 00a7 07       		.uleb128 0x7
 1919 00a8 79000000 		.4byte	0x79
 1920 00ac 05       		.uleb128 0x5
 1921 00ad 91000000 		.4byte	0x91
 1922 00b1 BC000000 		.4byte	0xbc
 1923 00b5 09       		.uleb128 0x9
 1924 00b6 8A000000 		.4byte	0x8a
 1925 00ba 03       		.byte	0x3
 1926 00bb 00       		.byte	0
 1927 00bc 0A       		.uleb128 0xa
 1928 00bd D7000000 		.4byte	.LASF13
 1929 00c1 03       		.byte	0x3
 1930 00c2 0801     		.2byte	0x108
 1931 00c4 CE000000 		.4byte	0xce
 1932 00c8 05       		.uleb128 0x5
 1933 00c9 03       		.byte	0x3
 1934 00ca 00000000 		.4byte	cy_meta_custnvl
ARM GAS  C:\Users\DABBIR~1\AppData\Local\Temp\ccvu1vDt.s 			page 35


 1935 00ce 07       		.uleb128 0x7
 1936 00cf AC000000 		.4byte	0xac
 1937 00d3 0A       		.uleb128 0xa
 1938 00d4 3A010000 		.4byte	.LASF14
 1939 00d8 03       		.byte	0x3
 1940 00d9 1601     		.2byte	0x116
 1941 00db E5000000 		.4byte	0xe5
 1942 00df 05       		.uleb128 0x5
 1943 00e0 03       		.byte	0x3
 1944 00e1 00000000 		.4byte	cy_meta_wonvl
 1945 00e5 07       		.uleb128 0x7
 1946 00e6 AC000000 		.4byte	0xac
 1947 00ea 05       		.uleb128 0x5
 1948 00eb 91000000 		.4byte	0x91
 1949 00ef FA000000 		.4byte	0xfa
 1950 00f3 09       		.uleb128 0x9
 1951 00f4 8A000000 		.4byte	0x8a
 1952 00f8 FF       		.byte	0xff
 1953 00f9 00       		.byte	0
 1954 00fa 0A       		.uleb128 0xa
 1955 00fb 25010000 		.4byte	.LASF15
 1956 00ff 03       		.byte	0x3
 1957 0100 2401     		.2byte	0x124
 1958 0102 0C010000 		.4byte	0x10c
 1959 0106 05       		.uleb128 0x5
 1960 0107 03       		.byte	0x3
 1961 0108 00000000 		.4byte	cy_meta_flashprotect
 1962 010c 07       		.uleb128 0x7
 1963 010d EA000000 		.4byte	0xea
 1964 0111 05       		.uleb128 0x5
 1965 0112 91000000 		.4byte	0x91
 1966 0116 21010000 		.4byte	0x121
 1967 011a 09       		.uleb128 0x9
 1968 011b 8A000000 		.4byte	0x8a
 1969 011f 0B       		.byte	0xb
 1970 0120 00       		.byte	0
 1971 0121 0A       		.uleb128 0xa
 1972 0122 0A000000 		.4byte	.LASF16
 1973 0126 03       		.byte	0x3
 1974 0127 5101     		.2byte	0x151
 1975 0129 33010000 		.4byte	0x133
 1976 012d 05       		.uleb128 0x5
 1977 012e 03       		.byte	0x3
 1978 012f 00000000 		.4byte	cy_metadata
 1979 0133 07       		.uleb128 0x7
 1980 0134 11010000 		.4byte	0x111
 1981 0138 00       		.byte	0
 1982              		.section	.debug_abbrev,"",%progbits
 1983              	.Ldebug_abbrev0:
 1984 0000 01       		.uleb128 0x1
 1985 0001 11       		.uleb128 0x11
 1986 0002 01       		.byte	0x1
 1987 0003 25       		.uleb128 0x25
 1988 0004 0E       		.uleb128 0xe
 1989 0005 13       		.uleb128 0x13
 1990 0006 0B       		.uleb128 0xb
 1991 0007 03       		.uleb128 0x3
ARM GAS  C:\Users\DABBIR~1\AppData\Local\Temp\ccvu1vDt.s 			page 36


 1992 0008 0E       		.uleb128 0xe
 1993 0009 1B       		.uleb128 0x1b
 1994 000a 0E       		.uleb128 0xe
 1995 000b 10       		.uleb128 0x10
 1996 000c 17       		.uleb128 0x17
 1997 000d 00       		.byte	0
 1998 000e 00       		.byte	0
 1999 000f 02       		.uleb128 0x2
 2000 0010 24       		.uleb128 0x24
 2001 0011 00       		.byte	0
 2002 0012 0B       		.uleb128 0xb
 2003 0013 0B       		.uleb128 0xb
 2004 0014 3E       		.uleb128 0x3e
 2005 0015 0B       		.uleb128 0xb
 2006 0016 03       		.uleb128 0x3
 2007 0017 0E       		.uleb128 0xe
 2008 0018 00       		.byte	0
 2009 0019 00       		.byte	0
 2010 001a 03       		.uleb128 0x3
 2011 001b 16       		.uleb128 0x16
 2012 001c 00       		.byte	0
 2013 001d 03       		.uleb128 0x3
 2014 001e 0E       		.uleb128 0xe
 2015 001f 3A       		.uleb128 0x3a
 2016 0020 0B       		.uleb128 0xb
 2017 0021 3B       		.uleb128 0x3b
 2018 0022 0B       		.uleb128 0xb
 2019 0023 49       		.uleb128 0x49
 2020 0024 13       		.uleb128 0x13
 2021 0025 00       		.byte	0
 2022 0026 00       		.byte	0
 2023 0027 04       		.uleb128 0x4
 2024 0028 24       		.uleb128 0x24
 2025 0029 00       		.byte	0
 2026 002a 0B       		.uleb128 0xb
 2027 002b 0B       		.uleb128 0xb
 2028 002c 3E       		.uleb128 0x3e
 2029 002d 0B       		.uleb128 0xb
 2030 002e 03       		.uleb128 0x3
 2031 002f 08       		.uleb128 0x8
 2032 0030 00       		.byte	0
 2033 0031 00       		.byte	0
 2034 0032 05       		.uleb128 0x5
 2035 0033 01       		.uleb128 0x1
 2036 0034 01       		.byte	0x1
 2037 0035 49       		.uleb128 0x49
 2038 0036 13       		.uleb128 0x13
 2039 0037 01       		.uleb128 0x1
 2040 0038 13       		.uleb128 0x13
 2041 0039 00       		.byte	0
 2042 003a 00       		.byte	0
 2043 003b 06       		.uleb128 0x6
 2044 003c 21       		.uleb128 0x21
 2045 003d 00       		.byte	0
 2046 003e 49       		.uleb128 0x49
 2047 003f 13       		.uleb128 0x13
 2048 0040 2F       		.uleb128 0x2f
ARM GAS  C:\Users\DABBIR~1\AppData\Local\Temp\ccvu1vDt.s 			page 37


 2049 0041 05       		.uleb128 0x5
 2050 0042 00       		.byte	0
 2051 0043 00       		.byte	0
 2052 0044 07       		.uleb128 0x7
 2053 0045 26       		.uleb128 0x26
 2054 0046 00       		.byte	0
 2055 0047 49       		.uleb128 0x49
 2056 0048 13       		.uleb128 0x13
 2057 0049 00       		.byte	0
 2058 004a 00       		.byte	0
 2059 004b 08       		.uleb128 0x8
 2060 004c 34       		.uleb128 0x34
 2061 004d 00       		.byte	0
 2062 004e 03       		.uleb128 0x3
 2063 004f 0E       		.uleb128 0xe
 2064 0050 3A       		.uleb128 0x3a
 2065 0051 0B       		.uleb128 0xb
 2066 0052 3B       		.uleb128 0x3b
 2067 0053 0B       		.uleb128 0xb
 2068 0054 49       		.uleb128 0x49
 2069 0055 13       		.uleb128 0x13
 2070 0056 3F       		.uleb128 0x3f
 2071 0057 19       		.uleb128 0x19
 2072 0058 02       		.uleb128 0x2
 2073 0059 18       		.uleb128 0x18
 2074 005a 00       		.byte	0
 2075 005b 00       		.byte	0
 2076 005c 09       		.uleb128 0x9
 2077 005d 21       		.uleb128 0x21
 2078 005e 00       		.byte	0
 2079 005f 49       		.uleb128 0x49
 2080 0060 13       		.uleb128 0x13
 2081 0061 2F       		.uleb128 0x2f
 2082 0062 0B       		.uleb128 0xb
 2083 0063 00       		.byte	0
 2084 0064 00       		.byte	0
 2085 0065 0A       		.uleb128 0xa
 2086 0066 34       		.uleb128 0x34
 2087 0067 00       		.byte	0
 2088 0068 03       		.uleb128 0x3
 2089 0069 0E       		.uleb128 0xe
 2090 006a 3A       		.uleb128 0x3a
 2091 006b 0B       		.uleb128 0xb
 2092 006c 3B       		.uleb128 0x3b
 2093 006d 05       		.uleb128 0x5
 2094 006e 49       		.uleb128 0x49
 2095 006f 13       		.uleb128 0x13
 2096 0070 3F       		.uleb128 0x3f
 2097 0071 19       		.uleb128 0x19
 2098 0072 02       		.uleb128 0x2
 2099 0073 18       		.uleb128 0x18
 2100 0074 00       		.byte	0
 2101 0075 00       		.byte	0
 2102 0076 00       		.byte	0
 2103              		.section	.debug_aranges,"",%progbits
 2104 0000 14000000 		.4byte	0x14
 2105 0004 0200     		.2byte	0x2
ARM GAS  C:\Users\DABBIR~1\AppData\Local\Temp\ccvu1vDt.s 			page 38


 2106 0006 00000000 		.4byte	.Ldebug_info0
 2107 000a 04       		.byte	0x4
 2108 000b 00       		.byte	0
 2109 000c 0000     		.2byte	0
 2110 000e 0000     		.2byte	0
 2111 0010 00000000 		.4byte	0
 2112 0014 00000000 		.4byte	0
 2113              		.section	.debug_line,"",%progbits
 2114              	.Ldebug_line0:
 2115 0000 3D010000 		.section	.debug_str,"MS",%progbits,1
 2115      02003701 
 2115      00000201 
 2115      FB0E0D00 
 2115      01010101 
 2116              	.LASF9:
 2117 0000 5F5F7569 		.ascii	"__uint8_t\000"
 2117      6E74385F 
 2117      7400
 2118              	.LASF16:
 2119 000a 63795F6D 		.ascii	"cy_metadata\000"
 2119      65746164 
 2119      61746100 
 2120              	.LASF1:
 2121 0016 756E7369 		.ascii	"unsigned char\000"
 2121      676E6564 
 2121      20636861 
 2121      7200
 2122              	.LASF17:
 2123 0024 474E5520 		.ascii	"GNU C11 5.4.1 20160609 (release) [ARM/embedded-5-br"
 2123      43313120 
 2123      352E342E 
 2123      31203230 
 2123      31363036 
 2124 0057 616E6368 		.ascii	"anch revision 237715] -mcpu=cortex-m3 -mthumb -g -O"
 2124      20726576 
 2124      6973696F 
 2124      6E203233 
 2124      37373135 
 2125 008a 67202D66 		.ascii	"g -ffunction-sections -ffat-lto-objects\000"
 2125      66756E63 
 2125      74696F6E 
 2125      2D736563 
 2125      74696F6E 
 2126              	.LASF5:
 2127 00b2 6C6F6E67 		.ascii	"long unsigned int\000"
 2127      20756E73 
 2127      69676E65 
 2127      6420696E 
 2127      7400
 2128              	.LASF3:
 2129 00c4 73686F72 		.ascii	"short unsigned int\000"
 2129      7420756E 
 2129      7369676E 
 2129      65642069 
 2129      6E7400
 2130              	.LASF13:
 2131 00d7 63795F6D 		.ascii	"cy_meta_custnvl\000"
ARM GAS  C:\Users\DABBIR~1\AppData\Local\Temp\ccvu1vDt.s 			page 39


 2131      6574615F 
 2131      63757374 
 2131      6E766C00 
 2132              	.LASF12:
 2133 00e7 63795F6D 		.ascii	"cy_meta_configecc\000"
 2133      6574615F 
 2133      636F6E66 
 2133      69676563 
 2133      6300
 2134              	.LASF8:
 2135 00f9 756E7369 		.ascii	"unsigned int\000"
 2135      676E6564 
 2135      20696E74 
 2135      00
 2136              	.LASF7:
 2137 0106 6C6F6E67 		.ascii	"long long unsigned int\000"
 2137      206C6F6E 
 2137      6720756E 
 2137      7369676E 
 2137      65642069 
 2138              	.LASF10:
 2139 011d 75696E74 		.ascii	"uint8_t\000"
 2139      385F7400 
 2140              	.LASF15:
 2141 0125 63795F6D 		.ascii	"cy_meta_flashprotect\000"
 2141      6574615F 
 2141      666C6173 
 2141      6870726F 
 2141      74656374 
 2142              	.LASF14:
 2143 013a 63795F6D 		.ascii	"cy_meta_wonvl\000"
 2143      6574615F 
 2143      776F6E76 
 2143      6C00
 2144              	.LASF11:
 2145 0148 73697A65 		.ascii	"sizetype\000"
 2145      74797065 
 2145      00
 2146              	.LASF6:
 2147 0151 6C6F6E67 		.ascii	"long long int\000"
 2147      206C6F6E 
 2147      6720696E 
 2147      7400
 2148              	.LASF19:
 2149 015f 433A5C4D 		.ascii	"C:\\My_Files\\College_Documents\\AMA EOS\\EOS\\LAB\\"
 2149      795F4669 
 2149      6C65735C 
 2149      436F6C6C 
 2149      6567655F 
 2150 018d 4C41425F 		.ascii	"LAB_2_Submission\\Json Parser\\code\\w06_criticalRe"
 2150      325F5375 
 2150      626D6973 
 2150      73696F6E 
 2150      5C4A736F 
 2151 01bd 67696F6E 		.ascii	"gion.cydsn\\Lab2_JSONParser01.cydsn\000"
 2151      2E637964 
 2151      736E5C4C 
ARM GAS  C:\Users\DABBIR~1\AppData\Local\Temp\ccvu1vDt.s 			page 40


 2151      6162325F 
 2151      4A534F4E 
 2152              	.LASF2:
 2153 01e0 73686F72 		.ascii	"short int\000"
 2153      7420696E 
 2153      7400
 2154              	.LASF4:
 2155 01ea 6C6F6E67 		.ascii	"long int\000"
 2155      20696E74 
 2155      00
 2156              	.LASF0:
 2157 01f3 7369676E 		.ascii	"signed char\000"
 2157      65642063 
 2157      68617200 
 2158              	.LASF18:
 2159 01ff 47656E65 		.ascii	"Generated_Source\\PSoC5\\cymetadata.c\000"
 2159      72617465 
 2159      645F536F 
 2159      75726365 
 2159      5C50536F 
 2160              		.ident	"GCC: (GNU Tools for ARM Embedded Processors) 5.4.1 20160609 (release) [ARM/embedded-5-bran
