ARM GAS  C:\Users\DABBIR~1\AppData\Local\Temp\cci4P5EK.s 			page 1


   1              		.syntax unified
   2              		.cpu cortex-m3
   3              		.fpu softvfp
   4              		.eabi_attribute 20, 1
   5              		.eabi_attribute 21, 1
   6              		.eabi_attribute 23, 3
   7              		.eabi_attribute 24, 1
   8              		.eabi_attribute 25, 1
   9              		.eabi_attribute 26, 1
  10              		.eabi_attribute 30, 1
  11              		.eabi_attribute 34, 1
  12              		.eabi_attribute 18, 4
  13              		.thumb
  14              		.syntax unified
  15              		.file	"drawer.c"
  16              		.text
  17              	.Ltext0:
  18              		.cfi_sections	.debug_frame
  19              		.section	.text.search,"ax",%progbits
  20              		.align	2
  21              		.global	search
  22              		.thumb
  23              		.thumb_func
  24              		.type	search, %function
  25              	search:
  26              	.LFB2:
  27              		.file 1 "drawer.c"
   1:drawer.c      **** /* ========================================
   2:drawer.c      ****  *
   3:drawer.c      ****  * Copyright YOUR COMPANY, THE YEAR
   4:drawer.c      ****  * All Rights Reserved
   5:drawer.c      ****  * UNPUBLISHED, LICENSED SOFTWARE.
   6:drawer.c      ****  *
   7:drawer.c      ****  * CONFIDENTIAL AND PROPRIETARY INFORMATION
   8:drawer.c      ****  * WHICH IS THE PROPERTY OF your company.
   9:drawer.c      ****  *
  10:drawer.c      ****  * ========================================
  11:drawer.c      **** */
  12:drawer.c      **** 
  13:drawer.c      **** #include "drawer.h"
  14:drawer.c      **** 
  15:drawer.c      **** // lookup-table which maps a string to the value
  16:drawer.c      **** item items[] = {
  17:drawer.c      ****         {"red", 0x001F}, {"blue", 0xF800}, {"green", 0x07E0}, {"white", 0xFFFF},
  18:drawer.c      ****         {"black", 0x0000}, {"magenta", 0xF81F}, {"yellow", 0x07FF}};
  19:drawer.c      **** 
  20:drawer.c      **** // number of items in the lookup table
  21:drawer.c      **** size_t num_items = sizeof(items) / sizeof(item);
  22:drawer.c      **** 
  23:drawer.c      **** // Prototype of function mapArrayToTFTColor
  24:drawer.c      **** void mapArrayToTFTColor(uint8_t* color, uint8_t length, TFT_color_t tft_color);
  25:drawer.c      **** 
  26:drawer.c      **** /**
  27:drawer.c      ****  * Translates a JSON tag into a command type for the TFT
  28:drawer.c      ****  * \param Drawer_t *const me            - [OUT] the next command
  29:drawer.c      ****  * \param Parser_t *const parser        - [IN/OUT] Parser object pointer
  30:drawer.c      ****  * \return RC_SUCCESS if a command was found, RC_ERROR_BUFFER_EMTPY if parsing has come to an end, 
ARM GAS  C:\Users\DABBIR~1\AppData\Local\Temp\cci4P5EK.s 			page 2


  31:drawer.c      ****  */
  32:drawer.c      **** RC_t DRAWER_getNextDrawCommand(Drawer_t *const me, Parser_t *const parser){
  33:drawer.c      ****     jsmntok_t crnt_token;
  34:drawer.c      ****     uint8_t coordinates[4] = {0,0,0,0};
  35:drawer.c      ****     TFT_color_t tft_color;
  36:drawer.c      ****     Drawer_commandType_t command;
  37:drawer.c      ****    
  38:drawer.c      ****     // Return if function call failes
  39:drawer.c      ****     if (PARSER_getNextToken(parser, &crnt_token) != 0){
  40:drawer.c      ****             return RC_ERROR;
  41:drawer.c      ****     }
  42:drawer.c      **** 
  43:drawer.c      ****     // Get next token if token type is object
  44:drawer.c      ****     if (crnt_token.type == JSMN_OBJECT){
  45:drawer.c      ****         PARSER_getNextToken(parser, &crnt_token);
  46:drawer.c      ****     }
  47:drawer.c      ****     
  48:drawer.c      ****         switch(crnt_token.type){            
  49:drawer.c      ****             case JSMN_STRING:
  50:drawer.c      ****                 // Check if content is 'c'
  51:drawer.c      ****                 if(parser->content[crnt_token.start] == 'c'){
  52:drawer.c      ****                     
  53:drawer.c      ****                         // Return if function call failes
  54:drawer.c      ****                     if (PARSER_getNextToken(parser, &crnt_token) != 0){
  55:drawer.c      ****                         return RC_ERROR;
  56:drawer.c      ****                     }
  57:drawer.c      ****                     
  58:drawer.c      ****                     // Check if tokentype is not a string
  59:drawer.c      ****                     if (crnt_token.type != JSMN_STRING){
  60:drawer.c      ****                         return RC_ERROR;
  61:drawer.c      ****                     }
  62:drawer.c      ****             
  63:drawer.c      ****                     // Allocate dynamic array
  64:drawer.c      ****                     uint8_t colorLength = crnt_token.end - crnt_token.start;
  65:drawer.c      ****                     uint8_t *color = (uint8_t*) malloc(colorLength * sizeof(uint8_t)); 
  66:drawer.c      ****                     
  67:drawer.c      ****                     // Get the string which indicates the color
  68:drawer.c      ****                     for(unsigned int it_colorLength = 0; it_colorLength<colorLength; it_colorLength
  69:drawer.c      ****                         color[it_colorLength] = parser->content[crnt_token.start + it_colorLength];
  70:drawer.c      ****                         if(it_colorLength == colorLength-1){
  71:drawer.c      ****                             color[it_colorLength+1] = '\0'; 
  72:drawer.c      ****                         }
  73:drawer.c      ****                     }
  74:drawer.c      ****                     
  75:drawer.c      ****                     // Search for values which correspons with string and set it to tft_color
  76:drawer.c      ****                     item* found = search(items, num_items, color);
  77:drawer.c      ****                     tft_color = found->value;
  78:drawer.c      ****                     
  79:drawer.c      ****                     // Set the command and the color
  80:drawer.c      ****                     me->command = DRAWER_CMD_COLOR; 
  81:drawer.c      ****                     me->data.color = tft_color;
  82:drawer.c      ****                     
  83:drawer.c      ****                     // Free memory
  84:drawer.c      ****                     free(color); 
  85:drawer.c      ****                 } 
  86:drawer.c      ****                 
  87:drawer.c      ****                 else if(parser->content[crnt_token.start] == 'd'){
ARM GAS  C:\Users\DABBIR~1\AppData\Local\Temp\cci4P5EK.s 			page 3


  88:drawer.c      ****                         // Get next token 
  89:drawer.c      ****                         if (PARSER_getNextToken(parser, &crnt_token) != 0){
  90:drawer.c      ****                             return RC_ERROR;
  91:drawer.c      ****                         }
  92:drawer.c      ****                         
  93:drawer.c      ****                         // Go through the next 4 tokens and get the vlaues
  94:drawer.c      ****                         for(int allTokens = 0; allTokens <4; allTokens++){
  95:drawer.c      ****                             // Get next token 
  96:drawer.c      ****                             if (PARSER_getNextToken(parser, &crnt_token) != 0){
  97:drawer.c      ****                                 return RC_ERROR;
  98:drawer.c      ****                             }
  99:drawer.c      ****                             
 100:drawer.c      ****                             // Check if token is a primitive
 101:drawer.c      ****                             if (crnt_token.type != JSMN_PRIMITIVE){
 102:drawer.c      ****                                 return RC_ERROR;
 103:drawer.c      ****                             }
 104:drawer.c      ****                             
 105:drawer.c      ****                             // Allocate memory
 106:drawer.c      ****                             uint8_t primitiveLength = crnt_token.end - crnt_token.start;
 107:drawer.c      ****                             char* coordinate = (char*) malloc(primitiveLength * sizeof(char));
 108:drawer.c      ****                         
 109:drawer.c      ****                             // Get the values as a string
 110:drawer.c      ****                             for(uint8_t it_primitive = 0; it_primitive<primitiveLength; it_primitiv
 111:drawer.c      ****                                 coordinate[it_primitive] = parser->content[crnt_token.start + it_pr
 112:drawer.c      ****                                 if(it_primitive == (primitiveLength - 1)){
 113:drawer.c      ****                                     coordinate[it_primitive+1] = '\0'; 
 114:drawer.c      ****                                 }   
 115:drawer.c      ****                             }
 116:drawer.c      ****                             // Convert string to an integer
 117:drawer.c      ****                             uint8_t value = (uint8_t) atoi(coordinate);
 118:drawer.c      ****                             
 119:drawer.c      ****                             // Free Space
 120:drawer.c      ****                             free(coordinate); 
 121:drawer.c      ****                             
 122:drawer.c      ****                             // Assign value to coordinate array
 123:drawer.c      ****                             me->data.coordinate[allTokens] = value; 
 124:drawer.c      ****                         }
 125:drawer.c      ****                     
 126:drawer.c      ****                         me->command = DRAWER_CMD_DRAW;
 127:drawer.c      ****                 } 
 128:drawer.c      ****             break; 
 129:drawer.c      ****            
 130:drawer.c      ****             default:
 131:drawer.c      ****                 return RC_ERROR; 
 132:drawer.c      ****             break;
 133:drawer.c      ****             }
 134:drawer.c      ****     
 135:drawer.c      ****     return RC_SUCCESS;
 136:drawer.c      **** }
 137:drawer.c      **** 
 138:drawer.c      **** item* search(item* items, size_t size, const char* color){
  28              		.loc 1 138 0
  29              		.cfi_startproc
  30              		@ args = 0, pretend = 0, frame = 0
  31              		@ frame_needed = 0, uses_anonymous_args = 0
  32              	.LVL0:
  33 0000 2DE9F041 		push	{r4, r5, r6, r7, r8, lr}
ARM GAS  C:\Users\DABBIR~1\AppData\Local\Temp\cci4P5EK.s 			page 4


  34              		.cfi_def_cfa_offset 24
  35              		.cfi_offset 4, -24
  36              		.cfi_offset 5, -20
  37              		.cfi_offset 6, -16
  38              		.cfi_offset 7, -12
  39              		.cfi_offset 8, -8
  40              		.cfi_offset 14, -4
  41 0004 0546     		mov	r5, r0
  42 0006 0F46     		mov	r7, r1
  43 0008 9046     		mov	r8, r2
  44              	.LVL1:
  45              	.LBB2:
 139:drawer.c      ****     // Go through lookup table and compare string to string of the lookup table
 140:drawer.c      ****     for (size_t it=0; it<size; it++) {
  46              		.loc 1 140 0
  47 000a 0024     		movs	r4, #0
  48 000c 08E0     		b	.L2
  49              	.LVL2:
  50              	.L4:
 141:drawer.c      ****         // When found return the value
 142:drawer.c      ****         if (strcmp(items[it].color, color) == 0) {
  51              		.loc 1 142 0
  52 000e 05EBC406 		add	r6, r5, r4, lsl #3
  53 0012 4146     		mov	r1, r8
  54 0014 55F83400 		ldr	r0, [r5, r4, lsl #3]
  55 0018 FFF7FEFF 		bl	strcmp
  56              	.LVL3:
  57 001c 18B1     		cbz	r0, .L3
 140:drawer.c      ****         // When found return the value
  58              		.loc 1 140 0 discriminator 2
  59 001e 0134     		adds	r4, r4, #1
  60              	.LVL4:
  61              	.L2:
 140:drawer.c      ****         // When found return the value
  62              		.loc 1 140 0 is_stmt 0 discriminator 1
  63 0020 BC42     		cmp	r4, r7
  64 0022 F4D3     		bcc	.L4
  65              	.LBE2:
 143:drawer.c      ****             return &items[it];
 144:drawer.c      ****         }
 145:drawer.c      ****     }
 146:drawer.c      ****     return NULL;
  66              		.loc 1 146 0 is_stmt 1
  67 0024 0026     		movs	r6, #0
  68              	.L3:
 147:drawer.c      **** }
  69              		.loc 1 147 0
  70 0026 3046     		mov	r0, r6
  71 0028 BDE8F081 		pop	{r4, r5, r6, r7, r8, pc}
  72              		.cfi_endproc
  73              	.LFE2:
  74              		.size	search, .-search
  75              		.section	.text.DRAWER_getNextDrawCommand,"ax",%progbits
  76              		.align	2
  77              		.global	DRAWER_getNextDrawCommand
  78              		.thumb
  79              		.thumb_func
ARM GAS  C:\Users\DABBIR~1\AppData\Local\Temp\cci4P5EK.s 			page 5


  80              		.type	DRAWER_getNextDrawCommand, %function
  81              	DRAWER_getNextDrawCommand:
  82              	.LFB1:
  32:drawer.c      ****     jsmntok_t crnt_token;
  83              		.loc 1 32 0
  84              		.cfi_startproc
  85              		@ args = 0, pretend = 0, frame = 16
  86              		@ frame_needed = 0, uses_anonymous_args = 0
  87              	.LVL5:
  88 0000 2DE9F043 		push	{r4, r5, r6, r7, r8, r9, lr}
  89              		.cfi_def_cfa_offset 28
  90              		.cfi_offset 4, -28
  91              		.cfi_offset 5, -24
  92              		.cfi_offset 6, -20
  93              		.cfi_offset 7, -16
  94              		.cfi_offset 8, -12
  95              		.cfi_offset 9, -8
  96              		.cfi_offset 14, -4
  97 0004 85B0     		sub	sp, sp, #20
  98              		.cfi_def_cfa_offset 48
  99 0006 8146     		mov	r9, r0
 100 0008 0D46     		mov	r5, r1
  39:drawer.c      ****             return RC_ERROR;
 101              		.loc 1 39 0
 102 000a 6946     		mov	r1, sp
 103              	.LVL6:
 104 000c 2846     		mov	r0, r5
 105              	.LVL7:
 106 000e FFF7FEFF 		bl	PARSER_getNextToken
 107              	.LVL8:
 108 0012 0028     		cmp	r0, #0
 109 0014 40F08880 		bne	.L19
 110 0018 0746     		mov	r7, r0
  44:drawer.c      ****         PARSER_getNextToken(parser, &crnt_token);
 111              		.loc 1 44 0
 112 001a 9DF80030 		ldrb	r3, [sp]	@ zero_extendqisi2
 113 001e 012B     		cmp	r3, #1
 114 0020 03D1     		bne	.L8
  45:drawer.c      ****     }
 115              		.loc 1 45 0
 116 0022 6946     		mov	r1, sp
 117 0024 2846     		mov	r0, r5
 118 0026 FFF7FEFF 		bl	PARSER_getNextToken
 119              	.LVL9:
 120              	.L8:
  48:drawer.c      ****             case JSMN_STRING:
 121              		.loc 1 48 0
 122 002a 9DF80030 		ldrb	r3, [sp]	@ zero_extendqisi2
 123 002e 042B     		cmp	r3, #4
 124 0030 7DD1     		bne	.L26
  51:drawer.c      ****                     
 125              		.loc 1 51 0
 126 0032 019B     		ldr	r3, [sp, #4]
 127 0034 2B44     		add	r3, r3, r5
 128 0036 1B7B     		ldrb	r3, [r3, #12]	@ zero_extendqisi2
 129 0038 632B     		cmp	r3, #99
 130 003a 33D1     		bne	.L10
ARM GAS  C:\Users\DABBIR~1\AppData\Local\Temp\cci4P5EK.s 			page 6


 131              	.LBB3:
  54:drawer.c      ****                         return RC_ERROR;
 132              		.loc 1 54 0
 133 003c 6946     		mov	r1, sp
 134 003e 2846     		mov	r0, r5
 135 0040 FFF7FEFF 		bl	PARSER_getNextToken
 136              	.LVL10:
 137 0044 0746     		mov	r7, r0
 138 0046 0028     		cmp	r0, #0
 139 0048 74D1     		bne	.L21
  59:drawer.c      ****                         return RC_ERROR;
 140              		.loc 1 59 0
 141 004a 9DF80030 		ldrb	r3, [sp]	@ zero_extendqisi2
 142 004e 042B     		cmp	r3, #4
 143 0050 73D1     		bne	.L22
  64:drawer.c      ****                     uint8_t *color = (uint8_t*) malloc(colorLength * sizeof(uint8_t)); 
 144              		.loc 1 64 0
 145 0052 019C     		ldr	r4, [sp, #4]
 146 0054 029B     		ldr	r3, [sp, #8]
 147 0056 1C1B     		subs	r4, r3, r4
 148 0058 E4B2     		uxtb	r4, r4
 149              	.LVL11:
  65:drawer.c      ****                     
 150              		.loc 1 65 0
 151 005a A046     		mov	r8, r4
 152 005c 2046     		mov	r0, r4
 153 005e FFF7FEFF 		bl	malloc
 154              	.LVL12:
 155 0062 0646     		mov	r6, r0
 156              	.LVL13:
 157              	.LBB4:
  68:drawer.c      ****                         color[it_colorLength] = parser->content[crnt_token.start + it_colorLength];
 158              		.loc 1 68 0
 159 0064 0023     		movs	r3, #0
 160 0066 0BE0     		b	.L11
 161              	.LVL14:
 162              	.L13:
  69:drawer.c      ****                         if(it_colorLength == colorLength-1){
 163              		.loc 1 69 0
 164 0068 019A     		ldr	r2, [sp, #4]
 165 006a 1A44     		add	r2, r2, r3
 166 006c 2A44     		add	r2, r2, r5
 167 006e 127B     		ldrb	r2, [r2, #12]	@ zero_extendqisi2
 168 0070 F254     		strb	r2, [r6, r3]
  70:drawer.c      ****                             color[it_colorLength+1] = '\0'; 
 169              		.loc 1 70 0
 170 0072 621E     		subs	r2, r4, #1
 171 0074 9342     		cmp	r3, r2
 172 0076 02D1     		bne	.L12
  71:drawer.c      ****                         }
 173              		.loc 1 71 0
 174 0078 5A1C     		adds	r2, r3, #1
 175 007a 0021     		movs	r1, #0
 176 007c B154     		strb	r1, [r6, r2]
 177              	.L12:
  68:drawer.c      ****                         color[it_colorLength] = parser->content[crnt_token.start + it_colorLength];
 178              		.loc 1 68 0 discriminator 2
ARM GAS  C:\Users\DABBIR~1\AppData\Local\Temp\cci4P5EK.s 			page 7


 179 007e 0133     		adds	r3, r3, #1
 180              	.LVL15:
 181              	.L11:
  68:drawer.c      ****                         color[it_colorLength] = parser->content[crnt_token.start + it_colorLength];
 182              		.loc 1 68 0 is_stmt 0 discriminator 1
 183 0080 4345     		cmp	r3, r8
 184 0082 F1D3     		bcc	.L13
 185              	.LBE4:
  76:drawer.c      ****                     tft_color = found->value;
 186              		.loc 1 76 0 is_stmt 1
 187 0084 3448     		ldr	r0, .L28
 188              	.LVL16:
 189 0086 3246     		mov	r2, r6
 190 0088 50F8041B 		ldr	r1, [r0], #4
 191 008c FFF7FEFF 		bl	search
 192              	.LVL17:
  77:drawer.c      ****                     
 193              		.loc 1 77 0
 194 0090 8388     		ldrh	r3, [r0, #4]
 195              	.LVL18:
  80:drawer.c      ****                     me->data.color = tft_color;
 196              		.loc 1 80 0
 197 0092 0022     		movs	r2, #0
 198 0094 89F80020 		strb	r2, [r9]
  81:drawer.c      ****                     
 199              		.loc 1 81 0
 200 0098 A9F80230 		strh	r3, [r9, #2]	@ movhi
  84:drawer.c      ****                 } 
 201              		.loc 1 84 0
 202 009c 3046     		mov	r0, r6
 203              	.LVL19:
 204 009e FFF7FEFF 		bl	free
 205              	.LVL20:
 206              	.LBE3:
 207 00a2 55E0     		b	.L7
 208              	.LVL21:
 209              	.L10:
  87:drawer.c      ****                         // Get next token 
 210              		.loc 1 87 0
 211 00a4 642B     		cmp	r3, #100
 212 00a6 53D1     		bne	.L7
  89:drawer.c      ****                             return RC_ERROR;
 213              		.loc 1 89 0
 214 00a8 6946     		mov	r1, sp
 215 00aa 2846     		mov	r0, r5
 216 00ac FFF7FEFF 		bl	PARSER_getNextToken
 217              	.LVL22:
 218 00b0 0746     		mov	r7, r0
 219 00b2 0028     		cmp	r0, #0
 220 00b4 44D1     		bne	.L23
 221 00b6 4FF00008 		mov	r8, #0
 222 00ba 2EE0     		b	.L14
 223              	.LVL23:
 224              	.L18:
 225              	.LBB5:
 226              	.LBB6:
  96:drawer.c      ****                                 return RC_ERROR;
ARM GAS  C:\Users\DABBIR~1\AppData\Local\Temp\cci4P5EK.s 			page 8


 227              		.loc 1 96 0
 228 00bc 6946     		mov	r1, sp
 229 00be 2846     		mov	r0, r5
 230 00c0 FFF7FEFF 		bl	PARSER_getNextToken
 231              	.LVL24:
 232 00c4 0028     		cmp	r0, #0
 233 00c6 3ED1     		bne	.L24
 101:drawer.c      ****                                 return RC_ERROR;
 234              		.loc 1 101 0
 235 00c8 9DF80030 		ldrb	r3, [sp]	@ zero_extendqisi2
 236 00cc 082B     		cmp	r3, #8
 237 00ce 3DD1     		bne	.L25
 106:drawer.c      ****                             char* coordinate = (char*) malloc(primitiveLength * sizeof(char));
 238              		.loc 1 106 0
 239 00d0 019C     		ldr	r4, [sp, #4]
 240 00d2 029B     		ldr	r3, [sp, #8]
 241 00d4 1C1B     		subs	r4, r3, r4
 242 00d6 E4B2     		uxtb	r4, r4
 243              	.LVL25:
 107:drawer.c      ****                         
 244              		.loc 1 107 0
 245 00d8 2046     		mov	r0, r4
 246 00da FFF7FEFF 		bl	malloc
 247              	.LVL26:
 248 00de 0646     		mov	r6, r0
 249              	.LVL27:
 250              	.LBB7:
 110:drawer.c      ****                                 coordinate[it_primitive] = parser->content[crnt_token.start + it_pr
 251              		.loc 1 110 0
 252 00e0 0023     		movs	r3, #0
 253 00e2 0CE0     		b	.L15
 254              	.LVL28:
 255              	.L17:
 111:drawer.c      ****                                 if(it_primitive == (primitiveLength - 1)){
 256              		.loc 1 111 0
 257 00e4 019A     		ldr	r2, [sp, #4]
 258 00e6 1A44     		add	r2, r2, r3
 259 00e8 2A44     		add	r2, r2, r5
 260 00ea 127B     		ldrb	r2, [r2, #12]	@ zero_extendqisi2
 261 00ec F254     		strb	r2, [r6, r3]
 112:drawer.c      ****                                     coordinate[it_primitive+1] = '\0'; 
 262              		.loc 1 112 0
 263 00ee 621E     		subs	r2, r4, #1
 264 00f0 9342     		cmp	r3, r2
 265 00f2 02D1     		bne	.L16
 113:drawer.c      ****                                 }   
 266              		.loc 1 113 0
 267 00f4 5A1C     		adds	r2, r3, #1
 268 00f6 0021     		movs	r1, #0
 269 00f8 B154     		strb	r1, [r6, r2]
 270              	.L16:
 110:drawer.c      ****                                 coordinate[it_primitive] = parser->content[crnt_token.start + it_pr
 271              		.loc 1 110 0 discriminator 2
 272 00fa 0133     		adds	r3, r3, #1
 273              	.LVL29:
 274 00fc DBB2     		uxtb	r3, r3
 275              	.LVL30:
ARM GAS  C:\Users\DABBIR~1\AppData\Local\Temp\cci4P5EK.s 			page 9


 276              	.L15:
 110:drawer.c      ****                                 coordinate[it_primitive] = parser->content[crnt_token.start + it_pr
 277              		.loc 1 110 0 is_stmt 0 discriminator 1
 278 00fe A342     		cmp	r3, r4
 279 0100 F0D3     		bcc	.L17
 280              	.LBE7:
 117:drawer.c      ****                             
 281              		.loc 1 117 0 is_stmt 1 discriminator 2
 282 0102 3046     		mov	r0, r6
 283              	.LVL31:
 284 0104 FFF7FEFF 		bl	atoi
 285              	.LVL32:
 286 0108 C4B2     		uxtb	r4, r0
 287              	.LVL33:
 120:drawer.c      ****                             
 288              		.loc 1 120 0 discriminator 2
 289 010a 3046     		mov	r0, r6
 290 010c FFF7FEFF 		bl	free
 291              	.LVL34:
 123:drawer.c      ****                         }
 292              		.loc 1 123 0 discriminator 2
 293 0110 09EB0803 		add	r3, r9, r8
 294 0114 9C70     		strb	r4, [r3, #2]
 295              	.LBE6:
  94:drawer.c      ****                             // Get next token 
 296              		.loc 1 94 0 discriminator 2
 297 0116 08F10108 		add	r8, r8, #1
 298              	.LVL35:
 299              	.L14:
  94:drawer.c      ****                             // Get next token 
 300              		.loc 1 94 0 is_stmt 0 discriminator 1
 301 011a B8F1030F 		cmp	r8, #3
 302 011e CDDD     		ble	.L18
 303              	.LBE5:
 126:drawer.c      ****                 } 
 304              		.loc 1 126 0 is_stmt 1
 305 0120 0123     		movs	r3, #1
 306 0122 89F80030 		strb	r3, [r9]
 307 0126 13E0     		b	.L7
 308              	.LVL36:
 309              	.L19:
  40:drawer.c      ****     }
 310              		.loc 1 40 0
 311 0128 4FF0FF37 		mov	r7, #-1
 312 012c 10E0     		b	.L7
 313              	.L26:
 131:drawer.c      ****             break;
 314              		.loc 1 131 0
 315 012e 4FF0FF37 		mov	r7, #-1
 316 0132 0DE0     		b	.L7
 317              	.L21:
 318              	.LBB9:
  55:drawer.c      ****                     }
 319              		.loc 1 55 0
 320 0134 4FF0FF37 		mov	r7, #-1
 321 0138 0AE0     		b	.L7
 322              	.L22:
ARM GAS  C:\Users\DABBIR~1\AppData\Local\Temp\cci4P5EK.s 			page 10


  60:drawer.c      ****                     }
 323              		.loc 1 60 0
 324 013a 4FF0FF37 		mov	r7, #-1
 325 013e 07E0     		b	.L7
 326              	.L23:
 327              	.LBE9:
  90:drawer.c      ****                         }
 328              		.loc 1 90 0
 329 0140 4FF0FF37 		mov	r7, #-1
 330 0144 04E0     		b	.L7
 331              	.LVL37:
 332              	.L24:
 333              	.LBB10:
 334              	.LBB8:
  97:drawer.c      ****                             }
 335              		.loc 1 97 0
 336 0146 4FF0FF37 		mov	r7, #-1
 337 014a 01E0     		b	.L7
 338              	.L25:
 102:drawer.c      ****                             }
 339              		.loc 1 102 0
 340 014c 4FF0FF37 		mov	r7, #-1
 341              	.LVL38:
 342              	.L7:
 343              	.LBE8:
 344              	.LBE10:
 136:drawer.c      **** 
 345              		.loc 1 136 0
 346 0150 3846     		mov	r0, r7
 347 0152 05B0     		add	sp, sp, #20
 348              		.cfi_def_cfa_offset 28
 349              		@ sp needed
 350 0154 BDE8F083 		pop	{r4, r5, r6, r7, r8, r9, pc}
 351              	.LVL39:
 352              	.L29:
 353              		.align	2
 354              	.L28:
 355 0158 00000000 		.word	.LANCHOR0
 356              		.cfi_endproc
 357              	.LFE1:
 358              		.size	DRAWER_getNextDrawCommand, .-DRAWER_getNextDrawCommand
 359              		.global	num_items
 360              		.global	items
 361              		.data
 362              		.align	2
 363              		.set	.LANCHOR0,. + 0
 364              		.type	num_items, %object
 365              		.size	num_items, 4
 366              	num_items:
 367 0000 07000000 		.word	7
 368              		.type	items, %object
 369              		.size	items, 56
 370              	items:
 371 0004 00000000 		.word	.LC0
 372 0008 1F000000 		.word	31
 373 000c 04000000 		.word	.LC1
 374 0010 00F80000 		.word	63488
ARM GAS  C:\Users\DABBIR~1\AppData\Local\Temp\cci4P5EK.s 			page 11


 375 0014 0C000000 		.word	.LC2
 376 0018 E0070000 		.word	2016
 377 001c 14000000 		.word	.LC3
 378 0020 FFFF0000 		.word	65535
 379 0024 1C000000 		.word	.LC4
 380 0028 00000000 		.word	0
 381 002c 24000000 		.word	.LC5
 382 0030 1FF80000 		.word	63519
 383 0034 2C000000 		.word	.LC6
 384 0038 FF070000 		.word	2047
 385              		.section	.rodata.str1.4,"aMS",%progbits,1
 386              		.align	2
 387              	.LC0:
 388 0000 72656400 		.ascii	"red\000"
 389              	.LC1:
 390 0004 626C7565 		.ascii	"blue\000"
 390      00
 391 0009 000000   		.space	3
 392              	.LC2:
 393 000c 67726565 		.ascii	"green\000"
 393      6E00
 394 0012 0000     		.space	2
 395              	.LC3:
 396 0014 77686974 		.ascii	"white\000"
 396      6500
 397 001a 0000     		.space	2
 398              	.LC4:
 399 001c 626C6163 		.ascii	"black\000"
 399      6B00
 400 0022 0000     		.space	2
 401              	.LC5:
 402 0024 6D616765 		.ascii	"magenta\000"
 402      6E746100 
 403              	.LC6:
 404 002c 79656C6C 		.ascii	"yellow\000"
 404      6F7700
 405              		.text
 406              	.Letext0:
 407              		.file 2 ".\\source\\bsw/global.h"
 408              		.file 3 "c:\\program files (x86)\\cypress\\psoc creator\\4.4\\psoc creator\\import\\gnu\\arm\\5.4.
 409              		.file 4 ".\\source\\bsw\\tft/tft.h"
 410              		.file 5 ".\\source\\bsw/jsmn.h"
 411              		.file 6 ".\\source\\bsw/parser.h"
 412              		.file 7 ".\\source\\bsw/drawer.h"
 413              		.file 8 "<built-in>"
 414              		.file 9 "c:\\program files (x86)\\cypress\\psoc creator\\4.4\\psoc creator\\import\\gnu\\arm\\5.4.
 415              		.section	.debug_info,"",%progbits
 416              	.Ldebug_info0:
 417 0000 D3060000 		.4byte	0x6d3
 418 0004 0400     		.2byte	0x4
 419 0006 00000000 		.4byte	.Ldebug_abbrev0
 420 000a 04       		.byte	0x4
 421 000b 01       		.uleb128 0x1
 422 000c 84030000 		.4byte	.LASF95
 423 0010 0C       		.byte	0xc
 424 0011 7B030000 		.4byte	.LASF96
 425 0015 45000000 		.4byte	.LASF97
ARM GAS  C:\Users\DABBIR~1\AppData\Local\Temp\cci4P5EK.s 			page 12


 426 0019 48000000 		.4byte	.Ldebug_ranges0+0x48
 427 001d 00000000 		.4byte	0
 428 0021 00000000 		.4byte	.Ldebug_line0
 429 0025 02       		.uleb128 0x2
 430 0026 01       		.byte	0x1
 431 0027 06       		.byte	0x6
 432 0028 C6010000 		.4byte	.LASF0
 433 002c 03       		.uleb128 0x3
 434 002d 87010000 		.4byte	.LASF3
 435 0031 02       		.byte	0x2
 436 0032 91       		.byte	0x91
 437 0033 37000000 		.4byte	0x37
 438 0037 02       		.uleb128 0x2
 439 0038 01       		.byte	0x1
 440 0039 08       		.byte	0x8
 441 003a C9020000 		.4byte	.LASF1
 442 003e 02       		.uleb128 0x2
 443 003f 02       		.byte	0x2
 444 0040 05       		.byte	0x5
 445 0041 EF000000 		.4byte	.LASF2
 446 0045 03       		.uleb128 0x3
 447 0046 20030000 		.4byte	.LASF4
 448 004a 02       		.byte	0x2
 449 004b 93       		.byte	0x93
 450 004c 50000000 		.4byte	0x50
 451 0050 02       		.uleb128 0x2
 452 0051 02       		.byte	0x2
 453 0052 07       		.byte	0x7
 454 0053 68030000 		.4byte	.LASF5
 455 0057 02       		.uleb128 0x2
 456 0058 04       		.byte	0x4
 457 0059 05       		.byte	0x5
 458 005a 22040000 		.4byte	.LASF6
 459 005e 02       		.uleb128 0x2
 460 005f 04       		.byte	0x4
 461 0060 07       		.byte	0x7
 462 0061 8B040000 		.4byte	.LASF7
 463 0065 02       		.uleb128 0x2
 464 0066 04       		.byte	0x4
 465 0067 04       		.byte	0x4
 466 0068 DB010000 		.4byte	.LASF8
 467 006c 02       		.uleb128 0x2
 468 006d 08       		.byte	0x8
 469 006e 04       		.byte	0x4
 470 006f B4040000 		.4byte	.LASF9
 471 0073 02       		.uleb128 0x2
 472 0074 08       		.byte	0x8
 473 0075 05       		.byte	0x5
 474 0076 EB010000 		.4byte	.LASF10
 475 007a 02       		.uleb128 0x2
 476 007b 08       		.byte	0x8
 477 007c 07       		.byte	0x7
 478 007d E9020000 		.4byte	.LASF11
 479 0081 02       		.uleb128 0x2
 480 0082 01       		.byte	0x1
 481 0083 08       		.byte	0x8
 482 0084 12040000 		.4byte	.LASF12
ARM GAS  C:\Users\DABBIR~1\AppData\Local\Temp\cci4P5EK.s 			page 13


 483 0088 04       		.uleb128 0x4
 484 0089 04       		.byte	0x4
 485 008a 8E000000 		.4byte	0x8e
 486 008e 05       		.uleb128 0x5
 487 008f 81000000 		.4byte	0x81
 488 0093 06       		.uleb128 0x6
 489 0094 04       		.byte	0x4
 490 0095 07       		.uleb128 0x7
 491 0096 01       		.byte	0x1
 492 0097 25000000 		.4byte	0x25
 493 009b 02       		.byte	0x2
 494 009c CF       		.byte	0xcf
 495 009d 3E010000 		.4byte	0x13e
 496 00a1 08       		.uleb128 0x8
 497 00a2 2E000000 		.4byte	.LASF13
 498 00a6 00       		.byte	0
 499 00a7 09       		.uleb128 0x9
 500 00a8 55050000 		.4byte	.LASF14
 501 00ac 7F       		.sleb128 -1
 502 00ad 09       		.uleb128 0x9
 503 00ae 35030000 		.4byte	.LASF15
 504 00b2 7E       		.sleb128 -2
 505 00b3 09       		.uleb128 0x9
 506 00b4 1D010000 		.4byte	.LASF16
 507 00b8 7D       		.sleb128 -3
 508 00b9 09       		.uleb128 0x9
 509 00ba 5E050000 		.4byte	.LASF17
 510 00be 7C       		.sleb128 -4
 511 00bf 09       		.uleb128 0x9
 512 00c0 E7040000 		.4byte	.LASF18
 513 00c4 7B       		.sleb128 -5
 514 00c5 09       		.uleb128 0x9
 515 00c6 F6040000 		.4byte	.LASF19
 516 00ca 7A       		.sleb128 -6
 517 00cb 09       		.uleb128 0x9
 518 00cc 2F020000 		.4byte	.LASF20
 519 00d0 79       		.sleb128 -7
 520 00d1 09       		.uleb128 0x9
 521 00d2 06000000 		.4byte	.LASF21
 522 00d6 78       		.sleb128 -8
 523 00d7 09       		.uleb128 0x9
 524 00d8 43030000 		.4byte	.LASF22
 525 00dc 77       		.sleb128 -9
 526 00dd 09       		.uleb128 0x9
 527 00de 57020000 		.4byte	.LASF23
 528 00e2 76       		.sleb128 -10
 529 00e3 09       		.uleb128 0x9
 530 00e4 A1050000 		.4byte	.LASF24
 531 00e8 75       		.sleb128 -11
 532 00e9 09       		.uleb128 0x9
 533 00ea 12030000 		.4byte	.LASF25
 534 00ee 74       		.sleb128 -12
 535 00ef 09       		.uleb128 0x9
 536 00f0 CA040000 		.4byte	.LASF26
 537 00f4 73       		.sleb128 -13
 538 00f5 09       		.uleb128 0x9
 539 00f6 1B000000 		.4byte	.LASF27
ARM GAS  C:\Users\DABBIR~1\AppData\Local\Temp\cci4P5EK.s 			page 14


 540 00fa 72       		.sleb128 -14
 541 00fb 09       		.uleb128 0x9
 542 00fc DB000000 		.4byte	.LASF28
 543 0100 71       		.sleb128 -15
 544 0101 09       		.uleb128 0x9
 545 0102 85020000 		.4byte	.LASF29
 546 0106 70       		.sleb128 -16
 547 0107 09       		.uleb128 0x9
 548 0108 2B010000 		.4byte	.LASF30
 549 010c 6F       		.sleb128 -17
 550 010d 09       		.uleb128 0x9
 551 010e 34040000 		.4byte	.LASF31
 552 0112 6E       		.sleb128 -18
 553 0113 09       		.uleb128 0x9
 554 0114 0B020000 		.4byte	.LASF32
 555 0118 6D       		.sleb128 -19
 556 0119 09       		.uleb128 0x9
 557 011a 5A040000 		.4byte	.LASF33
 558 011e 6C       		.sleb128 -20
 559 011f 09       		.uleb128 0x9
 560 0120 9C020000 		.4byte	.LASF34
 561 0124 6B       		.sleb128 -21
 562 0125 09       		.uleb128 0x9
 563 0126 1E050000 		.4byte	.LASF35
 564 012a 6A       		.sleb128 -22
 565 012b 09       		.uleb128 0x9
 566 012c 8F010000 		.4byte	.LASF36
 567 0130 69       		.sleb128 -23
 568 0131 09       		.uleb128 0x9
 569 0132 1E020000 		.4byte	.LASF37
 570 0136 68       		.sleb128 -24
 571 0137 09       		.uleb128 0x9
 572 0138 57010000 		.4byte	.LASF38
 573 013c 67       		.sleb128 -25
 574 013d 00       		.byte	0
 575 013e 03       		.uleb128 0x3
 576 013f 9C050000 		.4byte	.LASF39
 577 0143 02       		.byte	0x2
 578 0144 EA       		.byte	0xea
 579 0145 95000000 		.4byte	0x95
 580 0149 0A       		.uleb128 0xa
 581 014a 04       		.byte	0x4
 582 014b 05       		.byte	0x5
 583 014c 696E7400 		.ascii	"int\000"
 584 0150 02       		.uleb128 0x2
 585 0151 04       		.byte	0x4
 586 0152 07       		.byte	0x7
 587 0153 05030000 		.4byte	.LASF40
 588 0157 03       		.uleb128 0x3
 589 0158 F9000000 		.4byte	.LASF41
 590 015c 03       		.byte	0x3
 591 015d D8       		.byte	0xd8
 592 015e 50010000 		.4byte	0x150
 593 0162 02       		.uleb128 0x2
 594 0163 08       		.byte	0x8
 595 0164 04       		.byte	0x4
 596 0165 B3020000 		.4byte	.LASF42
ARM GAS  C:\Users\DABBIR~1\AppData\Local\Temp\cci4P5EK.s 			page 15


 597 0169 02       		.uleb128 0x2
 598 016a 04       		.byte	0x4
 599 016b 07       		.byte	0x7
 600 016c 41020000 		.4byte	.LASF43
 601 0170 04       		.uleb128 0x4
 602 0171 04       		.byte	0x4
 603 0172 81000000 		.4byte	0x81
 604 0176 03       		.uleb128 0x3
 605 0177 39000000 		.4byte	.LASF44
 606 017b 04       		.byte	0x4
 607 017c 38       		.byte	0x38
 608 017d 45000000 		.4byte	0x45
 609 0181 04       		.uleb128 0x4
 610 0182 04       		.byte	0x4
 611 0183 2C000000 		.4byte	0x2c
 612 0187 07       		.uleb128 0x7
 613 0188 01       		.byte	0x1
 614 0189 37000000 		.4byte	0x37
 615 018d 05       		.byte	0x5
 616 018e 2E       		.byte	0x2e
 617 018f B2010000 		.4byte	0x1b2
 618 0193 08       		.uleb128 0x8
 619 0194 0E010000 		.4byte	.LASF45
 620 0198 00       		.byte	0
 621 0199 08       		.uleb128 0x8
 622 019a 88050000 		.4byte	.LASF46
 623 019e 01       		.byte	0x1
 624 019f 08       		.uleb128 0x8
 625 01a0 F9010000 		.4byte	.LASF47
 626 01a4 02       		.byte	0x2
 627 01a5 08       		.uleb128 0x8
 628 01a6 A6010000 		.4byte	.LASF48
 629 01aa 04       		.byte	0x4
 630 01ab 08       		.uleb128 0x8
 631 01ac BB040000 		.4byte	.LASF49
 632 01b0 08       		.byte	0x8
 633 01b1 00       		.byte	0
 634 01b2 03       		.uleb128 0x3
 635 01b3 13050000 		.4byte	.LASF50
 636 01b7 05       		.byte	0x5
 637 01b8 34       		.byte	0x34
 638 01b9 87010000 		.4byte	0x187
 639 01bd 0B       		.uleb128 0xb
 640 01be 00010000 		.4byte	.LASF55
 641 01c2 10       		.byte	0x10
 642 01c3 05       		.byte	0x5
 643 01c4 45       		.byte	0x45
 644 01c5 FA010000 		.4byte	0x1fa
 645 01c9 0C       		.uleb128 0xc
 646 01ca 00030000 		.4byte	.LASF51
 647 01ce 05       		.byte	0x5
 648 01cf 46       		.byte	0x46
 649 01d0 B2010000 		.4byte	0x1b2
 650 01d4 00       		.byte	0
 651 01d5 0C       		.uleb128 0xc
 652 01d6 62030000 		.4byte	.LASF52
 653 01da 05       		.byte	0x5
ARM GAS  C:\Users\DABBIR~1\AppData\Local\Temp\cci4P5EK.s 			page 16


 654 01db 47       		.byte	0x47
 655 01dc 49010000 		.4byte	0x149
 656 01e0 04       		.byte	0x4
 657 01e1 0D       		.uleb128 0xd
 658 01e2 656E6400 		.ascii	"end\000"
 659 01e6 05       		.byte	0x5
 660 01e7 48       		.byte	0x48
 661 01e8 49010000 		.4byte	0x149
 662 01ec 08       		.byte	0x8
 663 01ed 0C       		.uleb128 0xc
 664 01ee DC040000 		.4byte	.LASF53
 665 01f2 05       		.byte	0x5
 666 01f3 49       		.byte	0x49
 667 01f4 49010000 		.4byte	0x149
 668 01f8 0C       		.byte	0xc
 669 01f9 00       		.byte	0
 670 01fa 03       		.uleb128 0x3
 671 01fb 72040000 		.4byte	.LASF54
 672 01ff 05       		.byte	0x5
 673 0200 4D       		.byte	0x4d
 674 0201 BD010000 		.4byte	0x1bd
 675 0205 0B       		.uleb128 0xb
 676 0206 9D040000 		.4byte	.LASF56
 677 020a 0C       		.byte	0xc
 678 020b 05       		.byte	0x5
 679 020c 53       		.byte	0x53
 680 020d 36020000 		.4byte	0x236
 681 0211 0D       		.uleb128 0xd
 682 0212 706F7300 		.ascii	"pos\000"
 683 0216 05       		.byte	0x5
 684 0217 54       		.byte	0x54
 685 0218 50010000 		.4byte	0x150
 686 021c 00       		.byte	0
 687 021d 0C       		.uleb128 0xc
 688 021e 3F010000 		.4byte	.LASF57
 689 0222 05       		.byte	0x5
 690 0223 55       		.byte	0x55
 691 0224 50010000 		.4byte	0x150
 692 0228 04       		.byte	0x4
 693 0229 0C       		.uleb128 0xc
 694 022a 59030000 		.4byte	.LASF58
 695 022e 05       		.byte	0x5
 696 022f 56       		.byte	0x56
 697 0230 49010000 		.4byte	0x149
 698 0234 08       		.byte	0x8
 699 0235 00       		.byte	0
 700 0236 03       		.uleb128 0x3
 701 0237 9D040000 		.4byte	.LASF56
 702 023b 05       		.byte	0x5
 703 023c 57       		.byte	0x57
 704 023d 05020000 		.4byte	0x205
 705 0241 0E       		.uleb128 0xe
 706 0242 E1020000 		.4byte	.LASF59
 707 0246 D808     		.2byte	0x8d8
 708 0248 06       		.byte	0x6
 709 0249 61       		.byte	0x61
 710 024a 8D020000 		.4byte	0x28d
ARM GAS  C:\Users\DABBIR~1\AppData\Local\Temp\cci4P5EK.s 			page 17


 711 024e 0C       		.uleb128 0xc
 712 024f 80010000 		.4byte	.LASF60
 713 0253 06       		.byte	0x6
 714 0254 62       		.byte	0x62
 715 0255 36020000 		.4byte	0x236
 716 0259 00       		.byte	0
 717 025a 0C       		.uleb128 0xc
 718 025b 7C040000 		.4byte	.LASF61
 719 025f 06       		.byte	0x6
 720 0260 63       		.byte	0x63
 721 0261 8D020000 		.4byte	0x28d
 722 0265 0C       		.byte	0xc
 723 0266 0C       		.uleb128 0xc
 724 0267 00000000 		.4byte	.LASF62
 725 026b 06       		.byte	0x6
 726 026c 64       		.byte	0x64
 727 026d 9D020000 		.4byte	0x29d
 728 0271 D4       		.byte	0xd4
 729 0272 0F       		.uleb128 0xf
 730 0273 30050000 		.4byte	.LASF63
 731 0277 06       		.byte	0x6
 732 0278 65       		.byte	0x65
 733 0279 45000000 		.4byte	0x45
 734 027d D408     		.2byte	0x8d4
 735 027f 0F       		.uleb128 0xf
 736 0280 E1010000 		.4byte	.LASF64
 737 0284 06       		.byte	0x6
 738 0285 66       		.byte	0x66
 739 0286 45000000 		.4byte	0x45
 740 028a D608     		.2byte	0x8d6
 741 028c 00       		.byte	0
 742 028d 10       		.uleb128 0x10
 743 028e 81000000 		.4byte	0x81
 744 0292 9D020000 		.4byte	0x29d
 745 0296 11       		.uleb128 0x11
 746 0297 69010000 		.4byte	0x169
 747 029b C7       		.byte	0xc7
 748 029c 00       		.byte	0
 749 029d 10       		.uleb128 0x10
 750 029e FA010000 		.4byte	0x1fa
 751 02a2 AD020000 		.4byte	0x2ad
 752 02a6 11       		.uleb128 0x11
 753 02a7 69010000 		.4byte	0x169
 754 02ab 7F       		.byte	0x7f
 755 02ac 00       		.byte	0
 756 02ad 03       		.uleb128 0x3
 757 02ae 2B040000 		.4byte	.LASF65
 758 02b2 06       		.byte	0x6
 759 02b3 68       		.byte	0x68
 760 02b4 41020000 		.4byte	0x241
 761 02b8 07       		.uleb128 0x7
 762 02b9 01       		.byte	0x1
 763 02ba 37000000 		.4byte	0x37
 764 02be 07       		.byte	0x7
 765 02bf 57       		.byte	0x57
 766 02c0 D1020000 		.4byte	0x2d1
 767 02c4 08       		.uleb128 0x8
ARM GAS  C:\Users\DABBIR~1\AppData\Local\Temp\cci4P5EK.s 			page 18


 768 02c5 49040000 		.4byte	.LASF66
 769 02c9 00       		.byte	0
 770 02ca 08       		.uleb128 0x8
 771 02cb 47010000 		.4byte	.LASF67
 772 02cf 01       		.byte	0x1
 773 02d0 00       		.byte	0
 774 02d1 03       		.uleb128 0x3
 775 02d2 C6000000 		.4byte	.LASF68
 776 02d6 07       		.byte	0x7
 777 02d7 57       		.byte	0x57
 778 02d8 B8020000 		.4byte	0x2b8
 779 02dc 12       		.uleb128 0x12
 780 02dd 04       		.byte	0x4
 781 02de 07       		.byte	0x7
 782 02df 5B       		.byte	0x5b
 783 02e0 FB020000 		.4byte	0x2fb
 784 02e4 13       		.uleb128 0x13
 785 02e5 08010000 		.4byte	.LASF69
 786 02e9 07       		.byte	0x7
 787 02ea 5D       		.byte	0x5d
 788 02eb 76010000 		.4byte	0x176
 789 02ef 13       		.uleb128 0x13
 790 02f0 A9040000 		.4byte	.LASF70
 791 02f4 07       		.byte	0x7
 792 02f5 5E       		.byte	0x5e
 793 02f6 FB020000 		.4byte	0x2fb
 794 02fa 00       		.byte	0
 795 02fb 10       		.uleb128 0x10
 796 02fc 2C000000 		.4byte	0x2c
 797 0300 0B030000 		.4byte	0x30b
 798 0304 11       		.uleb128 0x11
 799 0305 69010000 		.4byte	0x169
 800 0309 03       		.byte	0x3
 801 030a 00       		.byte	0
 802 030b 0B       		.uleb128 0xb
 803 030c D2010000 		.4byte	.LASF71
 804 0310 06       		.byte	0x6
 805 0311 07       		.byte	0x7
 806 0312 59       		.byte	0x59
 807 0313 30030000 		.4byte	0x330
 808 0317 0C       		.uleb128 0xc
 809 0318 94050000 		.4byte	.LASF72
 810 031c 07       		.byte	0x7
 811 031d 5A       		.byte	0x5a
 812 031e D1020000 		.4byte	0x2d1
 813 0322 00       		.byte	0
 814 0323 0C       		.uleb128 0xc
 815 0324 6D040000 		.4byte	.LASF73
 816 0328 07       		.byte	0x7
 817 0329 5F       		.byte	0x5f
 818 032a DC020000 		.4byte	0x2dc
 819 032e 02       		.byte	0x2
 820 032f 00       		.byte	0
 821 0330 03       		.uleb128 0x3
 822 0331 4C050000 		.4byte	.LASF74
 823 0335 07       		.byte	0x7
 824 0336 61       		.byte	0x61
ARM GAS  C:\Users\DABBIR~1\AppData\Local\Temp\cci4P5EK.s 			page 19


 825 0337 0B030000 		.4byte	0x30b
 826 033b 14       		.uleb128 0x14
 827 033c 08       		.byte	0x8
 828 033d 07       		.byte	0x7
 829 033e 63       		.byte	0x63
 830 033f 5C030000 		.4byte	0x35c
 831 0343 0C       		.uleb128 0xc
 832 0344 08010000 		.4byte	.LASF69
 833 0348 07       		.byte	0x7
 834 0349 64       		.byte	0x64
 835 034a 70010000 		.4byte	0x170
 836 034e 00       		.byte	0
 837 034f 0C       		.uleb128 0xc
 838 0350 7A010000 		.4byte	.LASF75
 839 0354 07       		.byte	0x7
 840 0355 65       		.byte	0x65
 841 0356 49010000 		.4byte	0x149
 842 035a 04       		.byte	0x4
 843 035b 00       		.byte	0
 844 035c 03       		.uleb128 0x3
 845 035d 0E050000 		.4byte	.LASF76
 846 0361 07       		.byte	0x7
 847 0362 66       		.byte	0x66
 848 0363 3B030000 		.4byte	0x33b
 849 0367 15       		.uleb128 0x15
 850 0368 84040000 		.4byte	.LASF78
 851 036c 01       		.byte	0x1
 852 036d 8A       		.byte	0x8a
 853 036e D6030000 		.4byte	0x3d6
 854 0372 00000000 		.4byte	.LFB2
 855 0376 2C000000 		.4byte	.LFE2-.LFB2
 856 037a 01       		.uleb128 0x1
 857 037b 9C       		.byte	0x9c
 858 037c D6030000 		.4byte	0x3d6
 859 0380 16       		.uleb128 0x16
 860 0381 96020000 		.4byte	.LASF77
 861 0385 01       		.byte	0x1
 862 0386 8A       		.byte	0x8a
 863 0387 D6030000 		.4byte	0x3d6
 864 038b 00000000 		.4byte	.LLST0
 865 038f 16       		.uleb128 0x16
 866 0390 DC040000 		.4byte	.LASF53
 867 0394 01       		.byte	0x1
 868 0395 8A       		.byte	0x8a
 869 0396 57010000 		.4byte	0x157
 870 039a 1E000000 		.4byte	.LLST1
 871 039e 16       		.uleb128 0x16
 872 039f 08010000 		.4byte	.LASF69
 873 03a3 01       		.byte	0x1
 874 03a4 8A       		.byte	0x8a
 875 03a5 88000000 		.4byte	0x88
 876 03a9 3C000000 		.4byte	.LLST2
 877 03ad 17       		.uleb128 0x17
 878 03ae 0A000000 		.4byte	.LBB2
 879 03b2 1A000000 		.4byte	.LBE2-.LBB2
 880 03b6 18       		.uleb128 0x18
 881 03b7 697400   		.ascii	"it\000"
ARM GAS  C:\Users\DABBIR~1\AppData\Local\Temp\cci4P5EK.s 			page 20


 882 03ba 01       		.byte	0x1
 883 03bb 8C       		.byte	0x8c
 884 03bc 57010000 		.4byte	0x157
 885 03c0 5A000000 		.4byte	.LLST3
 886 03c4 19       		.uleb128 0x19
 887 03c5 1C000000 		.4byte	.LVL3
 888 03c9 9F060000 		.4byte	0x69f
 889 03cd 1A       		.uleb128 0x1a
 890 03ce 01       		.uleb128 0x1
 891 03cf 51       		.byte	0x51
 892 03d0 02       		.uleb128 0x2
 893 03d1 78       		.byte	0x78
 894 03d2 00       		.sleb128 0
 895 03d3 00       		.byte	0
 896 03d4 00       		.byte	0
 897 03d5 00       		.byte	0
 898 03d6 04       		.uleb128 0x4
 899 03d7 04       		.byte	0x4
 900 03d8 5C030000 		.4byte	0x35c
 901 03dc 15       		.uleb128 0x15
 902 03dd 6E050000 		.4byte	.LASF79
 903 03e1 01       		.byte	0x1
 904 03e2 20       		.byte	0x20
 905 03e3 3E010000 		.4byte	0x13e
 906 03e7 00000000 		.4byte	.LFB1
 907 03eb 5C010000 		.4byte	.LFE1-.LFB1
 908 03ef 01       		.uleb128 0x1
 909 03f0 9C       		.byte	0x9c
 910 03f1 57060000 		.4byte	0x657
 911 03f5 1B       		.uleb128 0x1b
 912 03f6 6D6500   		.ascii	"me\000"
 913 03f9 01       		.byte	0x1
 914 03fa 20       		.byte	0x20
 915 03fb 5D060000 		.4byte	0x65d
 916 03ff 79000000 		.4byte	.LLST4
 917 0403 16       		.uleb128 0x16
 918 0404 80010000 		.4byte	.LASF60
 919 0408 01       		.byte	0x1
 920 0409 20       		.byte	0x20
 921 040a 68060000 		.4byte	0x668
 922 040e A5000000 		.4byte	.LLST5
 923 0412 1C       		.uleb128 0x1c
 924 0413 17040000 		.4byte	.LASF80
 925 0417 01       		.byte	0x1
 926 0418 21       		.byte	0x21
 927 0419 FA010000 		.4byte	0x1fa
 928 041d 02       		.uleb128 0x2
 929 041e 91       		.byte	0x91
 930 041f 50       		.sleb128 -48
 931 0420 1D       		.uleb128 0x1d
 932 0421 29030000 		.4byte	.LASF82
 933 0425 01       		.byte	0x1
 934 0426 22       		.byte	0x22
 935 0427 FB020000 		.4byte	0x2fb
 936 042b 1E       		.uleb128 0x1e
 937 042c 70010000 		.4byte	.LASF81
 938 0430 01       		.byte	0x1
ARM GAS  C:\Users\DABBIR~1\AppData\Local\Temp\cci4P5EK.s 			page 21


 939 0431 23       		.byte	0x23
 940 0432 76010000 		.4byte	0x176
 941 0436 D1000000 		.4byte	.LLST6
 942 043a 1D       		.uleb128 0x1d
 943 043b 94050000 		.4byte	.LASF72
 944 043f 01       		.byte	0x1
 945 0440 24       		.byte	0x24
 946 0441 D1020000 		.4byte	0x2d1
 947 0445 1F       		.uleb128 0x1f
 948 0446 00000000 		.4byte	.Ldebug_ranges0+0
 949 044a 1A050000 		.4byte	0x51a
 950 044e 1E       		.uleb128 0x1e
 951 044f 79020000 		.4byte	.LASF83
 952 0453 01       		.byte	0x1
 953 0454 40       		.byte	0x40
 954 0455 2C000000 		.4byte	0x2c
 955 0459 E4000000 		.4byte	.LLST7
 956 045d 1E       		.uleb128 0x1e
 957 045e 08010000 		.4byte	.LASF69
 958 0462 01       		.byte	0x1
 959 0463 41       		.byte	0x41
 960 0464 81010000 		.4byte	0x181
 961 0468 F7000000 		.4byte	.LLST8
 962 046c 20       		.uleb128 0x20
 963 046d 04020000 		.4byte	.LASF88
 964 0471 08       		.byte	0x8
 965 0472 00       		.byte	0
 966 0473 93000000 		.4byte	0x93
 967 0477 81040000 		.4byte	0x481
 968 047b 21       		.uleb128 0x21
 969 047c 50010000 		.4byte	0x150
 970 0480 00       		.byte	0
 971 0481 1E       		.uleb128 0x1e
 972 0482 E1040000 		.4byte	.LASF84
 973 0486 01       		.byte	0x1
 974 0487 4C       		.byte	0x4c
 975 0488 D6030000 		.4byte	0x3d6
 976 048c 15010000 		.4byte	.LLST9
 977 0490 22       		.uleb128 0x22
 978 0491 C1010000 		.4byte	.LASF89
 979 0495 08       		.byte	0x8
 980 0496 00       		.byte	0
 981 0497 A1040000 		.4byte	0x4a1
 982 049b 21       		.uleb128 0x21
 983 049c 93000000 		.4byte	0x93
 984 04a0 00       		.byte	0
 985 04a1 23       		.uleb128 0x23
 986 04a2 64000000 		.4byte	.LBB4
 987 04a6 20000000 		.4byte	.LBE4-.LBB4
 988 04aa BE040000 		.4byte	0x4be
 989 04ae 1E       		.uleb128 0x1e
 990 04af B2010000 		.4byte	.LASF85
 991 04b3 01       		.byte	0x1
 992 04b4 44       		.byte	0x44
 993 04b5 50010000 		.4byte	0x150
 994 04b9 28010000 		.4byte	.LLST10
 995 04bd 00       		.byte	0
ARM GAS  C:\Users\DABBIR~1\AppData\Local\Temp\cci4P5EK.s 			page 22


 996 04be 24       		.uleb128 0x24
 997 04bf 44000000 		.4byte	.LVL10
 998 04c3 AA060000 		.4byte	0x6aa
 999 04c7 D8040000 		.4byte	0x4d8
 1000 04cb 1A       		.uleb128 0x1a
 1001 04cc 01       		.uleb128 0x1
 1002 04cd 50       		.byte	0x50
 1003 04ce 02       		.uleb128 0x2
 1004 04cf 75       		.byte	0x75
 1005 04d0 00       		.sleb128 0
 1006 04d1 1A       		.uleb128 0x1a
 1007 04d2 01       		.uleb128 0x1
 1008 04d3 51       		.byte	0x51
 1009 04d4 02       		.uleb128 0x2
 1010 04d5 7D       		.byte	0x7d
 1011 04d6 00       		.sleb128 0
 1012 04d7 00       		.byte	0
 1013 04d8 24       		.uleb128 0x24
 1014 04d9 62000000 		.4byte	.LVL12
 1015 04dd B5060000 		.4byte	0x6b5
 1016 04e1 EC040000 		.4byte	0x4ec
 1017 04e5 1A       		.uleb128 0x1a
 1018 04e6 01       		.uleb128 0x1
 1019 04e7 50       		.byte	0x50
 1020 04e8 02       		.uleb128 0x2
 1021 04e9 74       		.byte	0x74
 1022 04ea 00       		.sleb128 0
 1023 04eb 00       		.byte	0
 1024 04ec 24       		.uleb128 0x24
 1025 04ed 90000000 		.4byte	.LVL17
 1026 04f1 67030000 		.4byte	0x367
 1027 04f5 09050000 		.4byte	0x509
 1028 04f9 1A       		.uleb128 0x1a
 1029 04fa 01       		.uleb128 0x1
 1030 04fb 50       		.byte	0x50
 1031 04fc 05       		.uleb128 0x5
 1032 04fd 03       		.byte	0x3
 1033 04fe 00000000 		.4byte	.LANCHOR0
 1034 0502 1A       		.uleb128 0x1a
 1035 0503 01       		.uleb128 0x1
 1036 0504 52       		.byte	0x52
 1037 0505 02       		.uleb128 0x2
 1038 0506 76       		.byte	0x76
 1039 0507 00       		.sleb128 0
 1040 0508 00       		.byte	0
 1041 0509 19       		.uleb128 0x19
 1042 050a A2000000 		.4byte	.LVL20
 1043 050e C0060000 		.4byte	0x6c0
 1044 0512 1A       		.uleb128 0x1a
 1045 0513 01       		.uleb128 0x1
 1046 0514 50       		.byte	0x50
 1047 0515 02       		.uleb128 0x2
 1048 0516 76       		.byte	0x76
 1049 0517 00       		.sleb128 0
 1050 0518 00       		.byte	0
 1051 0519 00       		.byte	0
 1052 051a 1F       		.uleb128 0x1f
ARM GAS  C:\Users\DABBIR~1\AppData\Local\Temp\cci4P5EK.s 			page 23


 1053 051b 18000000 		.4byte	.Ldebug_ranges0+0x18
 1054 051f 0C060000 		.4byte	0x60c
 1055 0523 1E       		.uleb128 0x1e
 1056 0524 BF020000 		.4byte	.LASF86
 1057 0528 01       		.byte	0x1
 1058 0529 5E       		.byte	0x5e
 1059 052a 49010000 		.4byte	0x149
 1060 052e 47010000 		.4byte	.LLST11
 1061 0532 25       		.uleb128 0x25
 1062 0533 30000000 		.4byte	.Ldebug_ranges0+0x30
 1063 0537 1E       		.uleb128 0x1e
 1064 0538 3C050000 		.4byte	.LASF87
 1065 053c 01       		.byte	0x1
 1066 053d 6A       		.byte	0x6a
 1067 053e 2C000000 		.4byte	0x2c
 1068 0542 65010000 		.4byte	.LLST12
 1069 0546 1E       		.uleb128 0x1e
 1070 0547 A9040000 		.4byte	.LASF70
 1071 054b 01       		.byte	0x1
 1072 054c 6B       		.byte	0x6b
 1073 054d 70010000 		.4byte	0x170
 1074 0551 78010000 		.4byte	.LLST13
 1075 0555 20       		.uleb128 0x20
 1076 0556 04020000 		.4byte	.LASF88
 1077 055a 08       		.byte	0x8
 1078 055b 00       		.byte	0
 1079 055c 93000000 		.4byte	0x93
 1080 0560 6A050000 		.4byte	0x56a
 1081 0564 21       		.uleb128 0x21
 1082 0565 50010000 		.4byte	0x150
 1083 0569 00       		.byte	0
 1084 056a 1E       		.uleb128 0x1e
 1085 056b 7A010000 		.4byte	.LASF75
 1086 056f 01       		.byte	0x1
 1087 0570 75       		.byte	0x75
 1088 0571 2C000000 		.4byte	0x2c
 1089 0575 96010000 		.4byte	.LLST14
 1090 0579 26       		.uleb128 0x26
 1091 057a AE020000 		.4byte	.LASF90
 1092 057e 01       		.byte	0x1
 1093 057f 75       		.byte	0x75
 1094 0580 49010000 		.4byte	0x149
 1095 0584 8A050000 		.4byte	0x58a
 1096 0588 27       		.uleb128 0x27
 1097 0589 00       		.byte	0
 1098 058a 22       		.uleb128 0x22
 1099 058b C1010000 		.4byte	.LASF89
 1100 058f 08       		.byte	0x8
 1101 0590 00       		.byte	0
 1102 0591 9B050000 		.4byte	0x59b
 1103 0595 21       		.uleb128 0x21
 1104 0596 93000000 		.4byte	0x93
 1105 059a 00       		.byte	0
 1106 059b 23       		.uleb128 0x23
 1107 059c E0000000 		.4byte	.LBB7
 1108 05a0 22000000 		.4byte	.LBE7-.LBB7
 1109 05a4 B8050000 		.4byte	0x5b8
ARM GAS  C:\Users\DABBIR~1\AppData\Local\Temp\cci4P5EK.s 			page 24


 1110 05a8 1E       		.uleb128 0x1e
 1111 05a9 4A020000 		.4byte	.LASF91
 1112 05ad 01       		.byte	0x1
 1113 05ae 6E       		.byte	0x6e
 1114 05af 2C000000 		.4byte	0x2c
 1115 05b3 A9010000 		.4byte	.LLST15
 1116 05b7 00       		.byte	0
 1117 05b8 24       		.uleb128 0x24
 1118 05b9 C4000000 		.4byte	.LVL24
 1119 05bd AA060000 		.4byte	0x6aa
 1120 05c1 D2050000 		.4byte	0x5d2
 1121 05c5 1A       		.uleb128 0x1a
 1122 05c6 01       		.uleb128 0x1
 1123 05c7 50       		.byte	0x50
 1124 05c8 02       		.uleb128 0x2
 1125 05c9 75       		.byte	0x75
 1126 05ca 00       		.sleb128 0
 1127 05cb 1A       		.uleb128 0x1a
 1128 05cc 01       		.uleb128 0x1
 1129 05cd 51       		.byte	0x51
 1130 05ce 02       		.uleb128 0x2
 1131 05cf 7D       		.byte	0x7d
 1132 05d0 00       		.sleb128 0
 1133 05d1 00       		.byte	0
 1134 05d2 24       		.uleb128 0x24
 1135 05d3 DE000000 		.4byte	.LVL26
 1136 05d7 B5060000 		.4byte	0x6b5
 1137 05db E6050000 		.4byte	0x5e6
 1138 05df 1A       		.uleb128 0x1a
 1139 05e0 01       		.uleb128 0x1
 1140 05e1 50       		.byte	0x50
 1141 05e2 02       		.uleb128 0x2
 1142 05e3 74       		.byte	0x74
 1143 05e4 00       		.sleb128 0
 1144 05e5 00       		.byte	0
 1145 05e6 24       		.uleb128 0x24
 1146 05e7 08010000 		.4byte	.LVL32
 1147 05eb CB060000 		.4byte	0x6cb
 1148 05ef FA050000 		.4byte	0x5fa
 1149 05f3 1A       		.uleb128 0x1a
 1150 05f4 01       		.uleb128 0x1
 1151 05f5 50       		.byte	0x50
 1152 05f6 02       		.uleb128 0x2
 1153 05f7 76       		.byte	0x76
 1154 05f8 00       		.sleb128 0
 1155 05f9 00       		.byte	0
 1156 05fa 19       		.uleb128 0x19
 1157 05fb 10010000 		.4byte	.LVL34
 1158 05ff C0060000 		.4byte	0x6c0
 1159 0603 1A       		.uleb128 0x1a
 1160 0604 01       		.uleb128 0x1
 1161 0605 50       		.byte	0x50
 1162 0606 02       		.uleb128 0x2
 1163 0607 76       		.byte	0x76
 1164 0608 00       		.sleb128 0
 1165 0609 00       		.byte	0
 1166 060a 00       		.byte	0
ARM GAS  C:\Users\DABBIR~1\AppData\Local\Temp\cci4P5EK.s 			page 25


 1167 060b 00       		.byte	0
 1168 060c 24       		.uleb128 0x24
 1169 060d 12000000 		.4byte	.LVL8
 1170 0611 AA060000 		.4byte	0x6aa
 1171 0615 26060000 		.4byte	0x626
 1172 0619 1A       		.uleb128 0x1a
 1173 061a 01       		.uleb128 0x1
 1174 061b 50       		.byte	0x50
 1175 061c 02       		.uleb128 0x2
 1176 061d 75       		.byte	0x75
 1177 061e 00       		.sleb128 0
 1178 061f 1A       		.uleb128 0x1a
 1179 0620 01       		.uleb128 0x1
 1180 0621 51       		.byte	0x51
 1181 0622 02       		.uleb128 0x2
 1182 0623 7D       		.byte	0x7d
 1183 0624 00       		.sleb128 0
 1184 0625 00       		.byte	0
 1185 0626 24       		.uleb128 0x24
 1186 0627 2A000000 		.4byte	.LVL9
 1187 062b AA060000 		.4byte	0x6aa
 1188 062f 40060000 		.4byte	0x640
 1189 0633 1A       		.uleb128 0x1a
 1190 0634 01       		.uleb128 0x1
 1191 0635 50       		.byte	0x50
 1192 0636 02       		.uleb128 0x2
 1193 0637 75       		.byte	0x75
 1194 0638 00       		.sleb128 0
 1195 0639 1A       		.uleb128 0x1a
 1196 063a 01       		.uleb128 0x1
 1197 063b 51       		.byte	0x51
 1198 063c 02       		.uleb128 0x2
 1199 063d 7D       		.byte	0x7d
 1200 063e 00       		.sleb128 0
 1201 063f 00       		.byte	0
 1202 0640 19       		.uleb128 0x19
 1203 0641 B0000000 		.4byte	.LVL22
 1204 0645 AA060000 		.4byte	0x6aa
 1205 0649 1A       		.uleb128 0x1a
 1206 064a 01       		.uleb128 0x1
 1207 064b 50       		.byte	0x50
 1208 064c 02       		.uleb128 0x2
 1209 064d 75       		.byte	0x75
 1210 064e 00       		.sleb128 0
 1211 064f 1A       		.uleb128 0x1a
 1212 0650 01       		.uleb128 0x1
 1213 0651 51       		.byte	0x51
 1214 0652 02       		.uleb128 0x2
 1215 0653 7D       		.byte	0x7d
 1216 0654 00       		.sleb128 0
 1217 0655 00       		.byte	0
 1218 0656 00       		.byte	0
 1219 0657 04       		.uleb128 0x4
 1220 0658 04       		.byte	0x4
 1221 0659 30030000 		.4byte	0x330
 1222 065d 05       		.uleb128 0x5
 1223 065e 57060000 		.4byte	0x657
ARM GAS  C:\Users\DABBIR~1\AppData\Local\Temp\cci4P5EK.s 			page 26


 1224 0662 04       		.uleb128 0x4
 1225 0663 04       		.byte	0x4
 1226 0664 AD020000 		.4byte	0x2ad
 1227 0668 05       		.uleb128 0x5
 1228 0669 62060000 		.4byte	0x662
 1229 066d 10       		.uleb128 0x10
 1230 066e 5C030000 		.4byte	0x35c
 1231 0672 7D060000 		.4byte	0x67d
 1232 0676 11       		.uleb128 0x11
 1233 0677 69010000 		.4byte	0x169
 1234 067b 06       		.byte	0x6
 1235 067c 00       		.byte	0
 1236 067d 28       		.uleb128 0x28
 1237 067e 96020000 		.4byte	.LASF77
 1238 0682 01       		.byte	0x1
 1239 0683 10       		.byte	0x10
 1240 0684 6D060000 		.4byte	0x66d
 1241 0688 05       		.uleb128 0x5
 1242 0689 03       		.byte	0x3
 1243 068a 00000000 		.4byte	items
 1244 068e 28       		.uleb128 0x28
 1245 068f D7020000 		.4byte	.LASF92
 1246 0693 01       		.byte	0x1
 1247 0694 15       		.byte	0x15
 1248 0695 57010000 		.4byte	0x157
 1249 0699 05       		.uleb128 0x5
 1250 069a 03       		.byte	0x3
 1251 069b 00000000 		.4byte	num_items
 1252 069f 29       		.uleb128 0x29
 1253 06a0 07050000 		.4byte	.LASF93
 1254 06a4 07050000 		.4byte	.LASF93
 1255 06a8 09       		.byte	0x9
 1256 06a9 1C       		.byte	0x1c
 1257 06aa 29       		.uleb128 0x29
 1258 06ab 65020000 		.4byte	.LASF94
 1259 06af 65020000 		.4byte	.LASF94
 1260 06b3 06       		.byte	0x6
 1261 06b4 9A       		.byte	0x9a
 1262 06b5 29       		.uleb128 0x29
 1263 06b6 04020000 		.4byte	.LASF88
 1264 06ba 04020000 		.4byte	.LASF88
 1265 06be 08       		.byte	0x8
 1266 06bf 00       		.byte	0
 1267 06c0 29       		.uleb128 0x29
 1268 06c1 C1010000 		.4byte	.LASF89
 1269 06c5 C1010000 		.4byte	.LASF89
 1270 06c9 08       		.byte	0x8
 1271 06ca 00       		.byte	0
 1272 06cb 29       		.uleb128 0x29
 1273 06cc AE020000 		.4byte	.LASF90
 1274 06d0 AE020000 		.4byte	.LASF90
 1275 06d4 01       		.byte	0x1
 1276 06d5 75       		.byte	0x75
 1277 06d6 00       		.byte	0
 1278              		.section	.debug_abbrev,"",%progbits
 1279              	.Ldebug_abbrev0:
 1280 0000 01       		.uleb128 0x1
ARM GAS  C:\Users\DABBIR~1\AppData\Local\Temp\cci4P5EK.s 			page 27


 1281 0001 11       		.uleb128 0x11
 1282 0002 01       		.byte	0x1
 1283 0003 25       		.uleb128 0x25
 1284 0004 0E       		.uleb128 0xe
 1285 0005 13       		.uleb128 0x13
 1286 0006 0B       		.uleb128 0xb
 1287 0007 03       		.uleb128 0x3
 1288 0008 0E       		.uleb128 0xe
 1289 0009 1B       		.uleb128 0x1b
 1290 000a 0E       		.uleb128 0xe
 1291 000b 55       		.uleb128 0x55
 1292 000c 17       		.uleb128 0x17
 1293 000d 11       		.uleb128 0x11
 1294 000e 01       		.uleb128 0x1
 1295 000f 10       		.uleb128 0x10
 1296 0010 17       		.uleb128 0x17
 1297 0011 00       		.byte	0
 1298 0012 00       		.byte	0
 1299 0013 02       		.uleb128 0x2
 1300 0014 24       		.uleb128 0x24
 1301 0015 00       		.byte	0
 1302 0016 0B       		.uleb128 0xb
 1303 0017 0B       		.uleb128 0xb
 1304 0018 3E       		.uleb128 0x3e
 1305 0019 0B       		.uleb128 0xb
 1306 001a 03       		.uleb128 0x3
 1307 001b 0E       		.uleb128 0xe
 1308 001c 00       		.byte	0
 1309 001d 00       		.byte	0
 1310 001e 03       		.uleb128 0x3
 1311 001f 16       		.uleb128 0x16
 1312 0020 00       		.byte	0
 1313 0021 03       		.uleb128 0x3
 1314 0022 0E       		.uleb128 0xe
 1315 0023 3A       		.uleb128 0x3a
 1316 0024 0B       		.uleb128 0xb
 1317 0025 3B       		.uleb128 0x3b
 1318 0026 0B       		.uleb128 0xb
 1319 0027 49       		.uleb128 0x49
 1320 0028 13       		.uleb128 0x13
 1321 0029 00       		.byte	0
 1322 002a 00       		.byte	0
 1323 002b 04       		.uleb128 0x4
 1324 002c 0F       		.uleb128 0xf
 1325 002d 00       		.byte	0
 1326 002e 0B       		.uleb128 0xb
 1327 002f 0B       		.uleb128 0xb
 1328 0030 49       		.uleb128 0x49
 1329 0031 13       		.uleb128 0x13
 1330 0032 00       		.byte	0
 1331 0033 00       		.byte	0
 1332 0034 05       		.uleb128 0x5
 1333 0035 26       		.uleb128 0x26
 1334 0036 00       		.byte	0
 1335 0037 49       		.uleb128 0x49
 1336 0038 13       		.uleb128 0x13
 1337 0039 00       		.byte	0
ARM GAS  C:\Users\DABBIR~1\AppData\Local\Temp\cci4P5EK.s 			page 28


 1338 003a 00       		.byte	0
 1339 003b 06       		.uleb128 0x6
 1340 003c 0F       		.uleb128 0xf
 1341 003d 00       		.byte	0
 1342 003e 0B       		.uleb128 0xb
 1343 003f 0B       		.uleb128 0xb
 1344 0040 00       		.byte	0
 1345 0041 00       		.byte	0
 1346 0042 07       		.uleb128 0x7
 1347 0043 04       		.uleb128 0x4
 1348 0044 01       		.byte	0x1
 1349 0045 0B       		.uleb128 0xb
 1350 0046 0B       		.uleb128 0xb
 1351 0047 49       		.uleb128 0x49
 1352 0048 13       		.uleb128 0x13
 1353 0049 3A       		.uleb128 0x3a
 1354 004a 0B       		.uleb128 0xb
 1355 004b 3B       		.uleb128 0x3b
 1356 004c 0B       		.uleb128 0xb
 1357 004d 01       		.uleb128 0x1
 1358 004e 13       		.uleb128 0x13
 1359 004f 00       		.byte	0
 1360 0050 00       		.byte	0
 1361 0051 08       		.uleb128 0x8
 1362 0052 28       		.uleb128 0x28
 1363 0053 00       		.byte	0
 1364 0054 03       		.uleb128 0x3
 1365 0055 0E       		.uleb128 0xe
 1366 0056 1C       		.uleb128 0x1c
 1367 0057 0B       		.uleb128 0xb
 1368 0058 00       		.byte	0
 1369 0059 00       		.byte	0
 1370 005a 09       		.uleb128 0x9
 1371 005b 28       		.uleb128 0x28
 1372 005c 00       		.byte	0
 1373 005d 03       		.uleb128 0x3
 1374 005e 0E       		.uleb128 0xe
 1375 005f 1C       		.uleb128 0x1c
 1376 0060 0D       		.uleb128 0xd
 1377 0061 00       		.byte	0
 1378 0062 00       		.byte	0
 1379 0063 0A       		.uleb128 0xa
 1380 0064 24       		.uleb128 0x24
 1381 0065 00       		.byte	0
 1382 0066 0B       		.uleb128 0xb
 1383 0067 0B       		.uleb128 0xb
 1384 0068 3E       		.uleb128 0x3e
 1385 0069 0B       		.uleb128 0xb
 1386 006a 03       		.uleb128 0x3
 1387 006b 08       		.uleb128 0x8
 1388 006c 00       		.byte	0
 1389 006d 00       		.byte	0
 1390 006e 0B       		.uleb128 0xb
 1391 006f 13       		.uleb128 0x13
 1392 0070 01       		.byte	0x1
 1393 0071 03       		.uleb128 0x3
 1394 0072 0E       		.uleb128 0xe
ARM GAS  C:\Users\DABBIR~1\AppData\Local\Temp\cci4P5EK.s 			page 29


 1395 0073 0B       		.uleb128 0xb
 1396 0074 0B       		.uleb128 0xb
 1397 0075 3A       		.uleb128 0x3a
 1398 0076 0B       		.uleb128 0xb
 1399 0077 3B       		.uleb128 0x3b
 1400 0078 0B       		.uleb128 0xb
 1401 0079 01       		.uleb128 0x1
 1402 007a 13       		.uleb128 0x13
 1403 007b 00       		.byte	0
 1404 007c 00       		.byte	0
 1405 007d 0C       		.uleb128 0xc
 1406 007e 0D       		.uleb128 0xd
 1407 007f 00       		.byte	0
 1408 0080 03       		.uleb128 0x3
 1409 0081 0E       		.uleb128 0xe
 1410 0082 3A       		.uleb128 0x3a
 1411 0083 0B       		.uleb128 0xb
 1412 0084 3B       		.uleb128 0x3b
 1413 0085 0B       		.uleb128 0xb
 1414 0086 49       		.uleb128 0x49
 1415 0087 13       		.uleb128 0x13
 1416 0088 38       		.uleb128 0x38
 1417 0089 0B       		.uleb128 0xb
 1418 008a 00       		.byte	0
 1419 008b 00       		.byte	0
 1420 008c 0D       		.uleb128 0xd
 1421 008d 0D       		.uleb128 0xd
 1422 008e 00       		.byte	0
 1423 008f 03       		.uleb128 0x3
 1424 0090 08       		.uleb128 0x8
 1425 0091 3A       		.uleb128 0x3a
 1426 0092 0B       		.uleb128 0xb
 1427 0093 3B       		.uleb128 0x3b
 1428 0094 0B       		.uleb128 0xb
 1429 0095 49       		.uleb128 0x49
 1430 0096 13       		.uleb128 0x13
 1431 0097 38       		.uleb128 0x38
 1432 0098 0B       		.uleb128 0xb
 1433 0099 00       		.byte	0
 1434 009a 00       		.byte	0
 1435 009b 0E       		.uleb128 0xe
 1436 009c 13       		.uleb128 0x13
 1437 009d 01       		.byte	0x1
 1438 009e 03       		.uleb128 0x3
 1439 009f 0E       		.uleb128 0xe
 1440 00a0 0B       		.uleb128 0xb
 1441 00a1 05       		.uleb128 0x5
 1442 00a2 3A       		.uleb128 0x3a
 1443 00a3 0B       		.uleb128 0xb
 1444 00a4 3B       		.uleb128 0x3b
 1445 00a5 0B       		.uleb128 0xb
 1446 00a6 01       		.uleb128 0x1
 1447 00a7 13       		.uleb128 0x13
 1448 00a8 00       		.byte	0
 1449 00a9 00       		.byte	0
 1450 00aa 0F       		.uleb128 0xf
 1451 00ab 0D       		.uleb128 0xd
ARM GAS  C:\Users\DABBIR~1\AppData\Local\Temp\cci4P5EK.s 			page 30


 1452 00ac 00       		.byte	0
 1453 00ad 03       		.uleb128 0x3
 1454 00ae 0E       		.uleb128 0xe
 1455 00af 3A       		.uleb128 0x3a
 1456 00b0 0B       		.uleb128 0xb
 1457 00b1 3B       		.uleb128 0x3b
 1458 00b2 0B       		.uleb128 0xb
 1459 00b3 49       		.uleb128 0x49
 1460 00b4 13       		.uleb128 0x13
 1461 00b5 38       		.uleb128 0x38
 1462 00b6 05       		.uleb128 0x5
 1463 00b7 00       		.byte	0
 1464 00b8 00       		.byte	0
 1465 00b9 10       		.uleb128 0x10
 1466 00ba 01       		.uleb128 0x1
 1467 00bb 01       		.byte	0x1
 1468 00bc 49       		.uleb128 0x49
 1469 00bd 13       		.uleb128 0x13
 1470 00be 01       		.uleb128 0x1
 1471 00bf 13       		.uleb128 0x13
 1472 00c0 00       		.byte	0
 1473 00c1 00       		.byte	0
 1474 00c2 11       		.uleb128 0x11
 1475 00c3 21       		.uleb128 0x21
 1476 00c4 00       		.byte	0
 1477 00c5 49       		.uleb128 0x49
 1478 00c6 13       		.uleb128 0x13
 1479 00c7 2F       		.uleb128 0x2f
 1480 00c8 0B       		.uleb128 0xb
 1481 00c9 00       		.byte	0
 1482 00ca 00       		.byte	0
 1483 00cb 12       		.uleb128 0x12
 1484 00cc 17       		.uleb128 0x17
 1485 00cd 01       		.byte	0x1
 1486 00ce 0B       		.uleb128 0xb
 1487 00cf 0B       		.uleb128 0xb
 1488 00d0 3A       		.uleb128 0x3a
 1489 00d1 0B       		.uleb128 0xb
 1490 00d2 3B       		.uleb128 0x3b
 1491 00d3 0B       		.uleb128 0xb
 1492 00d4 01       		.uleb128 0x1
 1493 00d5 13       		.uleb128 0x13
 1494 00d6 00       		.byte	0
 1495 00d7 00       		.byte	0
 1496 00d8 13       		.uleb128 0x13
 1497 00d9 0D       		.uleb128 0xd
 1498 00da 00       		.byte	0
 1499 00db 03       		.uleb128 0x3
 1500 00dc 0E       		.uleb128 0xe
 1501 00dd 3A       		.uleb128 0x3a
 1502 00de 0B       		.uleb128 0xb
 1503 00df 3B       		.uleb128 0x3b
 1504 00e0 0B       		.uleb128 0xb
 1505 00e1 49       		.uleb128 0x49
 1506 00e2 13       		.uleb128 0x13
 1507 00e3 00       		.byte	0
 1508 00e4 00       		.byte	0
ARM GAS  C:\Users\DABBIR~1\AppData\Local\Temp\cci4P5EK.s 			page 31


 1509 00e5 14       		.uleb128 0x14
 1510 00e6 13       		.uleb128 0x13
 1511 00e7 01       		.byte	0x1
 1512 00e8 0B       		.uleb128 0xb
 1513 00e9 0B       		.uleb128 0xb
 1514 00ea 3A       		.uleb128 0x3a
 1515 00eb 0B       		.uleb128 0xb
 1516 00ec 3B       		.uleb128 0x3b
 1517 00ed 0B       		.uleb128 0xb
 1518 00ee 01       		.uleb128 0x1
 1519 00ef 13       		.uleb128 0x13
 1520 00f0 00       		.byte	0
 1521 00f1 00       		.byte	0
 1522 00f2 15       		.uleb128 0x15
 1523 00f3 2E       		.uleb128 0x2e
 1524 00f4 01       		.byte	0x1
 1525 00f5 3F       		.uleb128 0x3f
 1526 00f6 19       		.uleb128 0x19
 1527 00f7 03       		.uleb128 0x3
 1528 00f8 0E       		.uleb128 0xe
 1529 00f9 3A       		.uleb128 0x3a
 1530 00fa 0B       		.uleb128 0xb
 1531 00fb 3B       		.uleb128 0x3b
 1532 00fc 0B       		.uleb128 0xb
 1533 00fd 27       		.uleb128 0x27
 1534 00fe 19       		.uleb128 0x19
 1535 00ff 49       		.uleb128 0x49
 1536 0100 13       		.uleb128 0x13
 1537 0101 11       		.uleb128 0x11
 1538 0102 01       		.uleb128 0x1
 1539 0103 12       		.uleb128 0x12
 1540 0104 06       		.uleb128 0x6
 1541 0105 40       		.uleb128 0x40
 1542 0106 18       		.uleb128 0x18
 1543 0107 9742     		.uleb128 0x2117
 1544 0109 19       		.uleb128 0x19
 1545 010a 01       		.uleb128 0x1
 1546 010b 13       		.uleb128 0x13
 1547 010c 00       		.byte	0
 1548 010d 00       		.byte	0
 1549 010e 16       		.uleb128 0x16
 1550 010f 05       		.uleb128 0x5
 1551 0110 00       		.byte	0
 1552 0111 03       		.uleb128 0x3
 1553 0112 0E       		.uleb128 0xe
 1554 0113 3A       		.uleb128 0x3a
 1555 0114 0B       		.uleb128 0xb
 1556 0115 3B       		.uleb128 0x3b
 1557 0116 0B       		.uleb128 0xb
 1558 0117 49       		.uleb128 0x49
 1559 0118 13       		.uleb128 0x13
 1560 0119 02       		.uleb128 0x2
 1561 011a 17       		.uleb128 0x17
 1562 011b 00       		.byte	0
 1563 011c 00       		.byte	0
 1564 011d 17       		.uleb128 0x17
 1565 011e 0B       		.uleb128 0xb
ARM GAS  C:\Users\DABBIR~1\AppData\Local\Temp\cci4P5EK.s 			page 32


 1566 011f 01       		.byte	0x1
 1567 0120 11       		.uleb128 0x11
 1568 0121 01       		.uleb128 0x1
 1569 0122 12       		.uleb128 0x12
 1570 0123 06       		.uleb128 0x6
 1571 0124 00       		.byte	0
 1572 0125 00       		.byte	0
 1573 0126 18       		.uleb128 0x18
 1574 0127 34       		.uleb128 0x34
 1575 0128 00       		.byte	0
 1576 0129 03       		.uleb128 0x3
 1577 012a 08       		.uleb128 0x8
 1578 012b 3A       		.uleb128 0x3a
 1579 012c 0B       		.uleb128 0xb
 1580 012d 3B       		.uleb128 0x3b
 1581 012e 0B       		.uleb128 0xb
 1582 012f 49       		.uleb128 0x49
 1583 0130 13       		.uleb128 0x13
 1584 0131 02       		.uleb128 0x2
 1585 0132 17       		.uleb128 0x17
 1586 0133 00       		.byte	0
 1587 0134 00       		.byte	0
 1588 0135 19       		.uleb128 0x19
 1589 0136 898201   		.uleb128 0x4109
 1590 0139 01       		.byte	0x1
 1591 013a 11       		.uleb128 0x11
 1592 013b 01       		.uleb128 0x1
 1593 013c 31       		.uleb128 0x31
 1594 013d 13       		.uleb128 0x13
 1595 013e 00       		.byte	0
 1596 013f 00       		.byte	0
 1597 0140 1A       		.uleb128 0x1a
 1598 0141 8A8201   		.uleb128 0x410a
 1599 0144 00       		.byte	0
 1600 0145 02       		.uleb128 0x2
 1601 0146 18       		.uleb128 0x18
 1602 0147 9142     		.uleb128 0x2111
 1603 0149 18       		.uleb128 0x18
 1604 014a 00       		.byte	0
 1605 014b 00       		.byte	0
 1606 014c 1B       		.uleb128 0x1b
 1607 014d 05       		.uleb128 0x5
 1608 014e 00       		.byte	0
 1609 014f 03       		.uleb128 0x3
 1610 0150 08       		.uleb128 0x8
 1611 0151 3A       		.uleb128 0x3a
 1612 0152 0B       		.uleb128 0xb
 1613 0153 3B       		.uleb128 0x3b
 1614 0154 0B       		.uleb128 0xb
 1615 0155 49       		.uleb128 0x49
 1616 0156 13       		.uleb128 0x13
 1617 0157 02       		.uleb128 0x2
 1618 0158 17       		.uleb128 0x17
 1619 0159 00       		.byte	0
 1620 015a 00       		.byte	0
 1621 015b 1C       		.uleb128 0x1c
 1622 015c 34       		.uleb128 0x34
ARM GAS  C:\Users\DABBIR~1\AppData\Local\Temp\cci4P5EK.s 			page 33


 1623 015d 00       		.byte	0
 1624 015e 03       		.uleb128 0x3
 1625 015f 0E       		.uleb128 0xe
 1626 0160 3A       		.uleb128 0x3a
 1627 0161 0B       		.uleb128 0xb
 1628 0162 3B       		.uleb128 0x3b
 1629 0163 0B       		.uleb128 0xb
 1630 0164 49       		.uleb128 0x49
 1631 0165 13       		.uleb128 0x13
 1632 0166 02       		.uleb128 0x2
 1633 0167 18       		.uleb128 0x18
 1634 0168 00       		.byte	0
 1635 0169 00       		.byte	0
 1636 016a 1D       		.uleb128 0x1d
 1637 016b 34       		.uleb128 0x34
 1638 016c 00       		.byte	0
 1639 016d 03       		.uleb128 0x3
 1640 016e 0E       		.uleb128 0xe
 1641 016f 3A       		.uleb128 0x3a
 1642 0170 0B       		.uleb128 0xb
 1643 0171 3B       		.uleb128 0x3b
 1644 0172 0B       		.uleb128 0xb
 1645 0173 49       		.uleb128 0x49
 1646 0174 13       		.uleb128 0x13
 1647 0175 00       		.byte	0
 1648 0176 00       		.byte	0
 1649 0177 1E       		.uleb128 0x1e
 1650 0178 34       		.uleb128 0x34
 1651 0179 00       		.byte	0
 1652 017a 03       		.uleb128 0x3
 1653 017b 0E       		.uleb128 0xe
 1654 017c 3A       		.uleb128 0x3a
 1655 017d 0B       		.uleb128 0xb
 1656 017e 3B       		.uleb128 0x3b
 1657 017f 0B       		.uleb128 0xb
 1658 0180 49       		.uleb128 0x49
 1659 0181 13       		.uleb128 0x13
 1660 0182 02       		.uleb128 0x2
 1661 0183 17       		.uleb128 0x17
 1662 0184 00       		.byte	0
 1663 0185 00       		.byte	0
 1664 0186 1F       		.uleb128 0x1f
 1665 0187 0B       		.uleb128 0xb
 1666 0188 01       		.byte	0x1
 1667 0189 55       		.uleb128 0x55
 1668 018a 17       		.uleb128 0x17
 1669 018b 01       		.uleb128 0x1
 1670 018c 13       		.uleb128 0x13
 1671 018d 00       		.byte	0
 1672 018e 00       		.byte	0
 1673 018f 20       		.uleb128 0x20
 1674 0190 2E       		.uleb128 0x2e
 1675 0191 01       		.byte	0x1
 1676 0192 3F       		.uleb128 0x3f
 1677 0193 19       		.uleb128 0x19
 1678 0194 03       		.uleb128 0x3
 1679 0195 0E       		.uleb128 0xe
ARM GAS  C:\Users\DABBIR~1\AppData\Local\Temp\cci4P5EK.s 			page 34


 1680 0196 3A       		.uleb128 0x3a
 1681 0197 0B       		.uleb128 0xb
 1682 0198 3B       		.uleb128 0x3b
 1683 0199 0B       		.uleb128 0xb
 1684 019a 27       		.uleb128 0x27
 1685 019b 19       		.uleb128 0x19
 1686 019c 49       		.uleb128 0x49
 1687 019d 13       		.uleb128 0x13
 1688 019e 3C       		.uleb128 0x3c
 1689 019f 19       		.uleb128 0x19
 1690 01a0 01       		.uleb128 0x1
 1691 01a1 13       		.uleb128 0x13
 1692 01a2 00       		.byte	0
 1693 01a3 00       		.byte	0
 1694 01a4 21       		.uleb128 0x21
 1695 01a5 05       		.uleb128 0x5
 1696 01a6 00       		.byte	0
 1697 01a7 49       		.uleb128 0x49
 1698 01a8 13       		.uleb128 0x13
 1699 01a9 00       		.byte	0
 1700 01aa 00       		.byte	0
 1701 01ab 22       		.uleb128 0x22
 1702 01ac 2E       		.uleb128 0x2e
 1703 01ad 01       		.byte	0x1
 1704 01ae 3F       		.uleb128 0x3f
 1705 01af 19       		.uleb128 0x19
 1706 01b0 03       		.uleb128 0x3
 1707 01b1 0E       		.uleb128 0xe
 1708 01b2 3A       		.uleb128 0x3a
 1709 01b3 0B       		.uleb128 0xb
 1710 01b4 3B       		.uleb128 0x3b
 1711 01b5 0B       		.uleb128 0xb
 1712 01b6 27       		.uleb128 0x27
 1713 01b7 19       		.uleb128 0x19
 1714 01b8 3C       		.uleb128 0x3c
 1715 01b9 19       		.uleb128 0x19
 1716 01ba 01       		.uleb128 0x1
 1717 01bb 13       		.uleb128 0x13
 1718 01bc 00       		.byte	0
 1719 01bd 00       		.byte	0
 1720 01be 23       		.uleb128 0x23
 1721 01bf 0B       		.uleb128 0xb
 1722 01c0 01       		.byte	0x1
 1723 01c1 11       		.uleb128 0x11
 1724 01c2 01       		.uleb128 0x1
 1725 01c3 12       		.uleb128 0x12
 1726 01c4 06       		.uleb128 0x6
 1727 01c5 01       		.uleb128 0x1
 1728 01c6 13       		.uleb128 0x13
 1729 01c7 00       		.byte	0
 1730 01c8 00       		.byte	0
 1731 01c9 24       		.uleb128 0x24
 1732 01ca 898201   		.uleb128 0x4109
 1733 01cd 01       		.byte	0x1
 1734 01ce 11       		.uleb128 0x11
 1735 01cf 01       		.uleb128 0x1
 1736 01d0 31       		.uleb128 0x31
ARM GAS  C:\Users\DABBIR~1\AppData\Local\Temp\cci4P5EK.s 			page 35


 1737 01d1 13       		.uleb128 0x13
 1738 01d2 01       		.uleb128 0x1
 1739 01d3 13       		.uleb128 0x13
 1740 01d4 00       		.byte	0
 1741 01d5 00       		.byte	0
 1742 01d6 25       		.uleb128 0x25
 1743 01d7 0B       		.uleb128 0xb
 1744 01d8 01       		.byte	0x1
 1745 01d9 55       		.uleb128 0x55
 1746 01da 17       		.uleb128 0x17
 1747 01db 00       		.byte	0
 1748 01dc 00       		.byte	0
 1749 01dd 26       		.uleb128 0x26
 1750 01de 2E       		.uleb128 0x2e
 1751 01df 01       		.byte	0x1
 1752 01e0 3F       		.uleb128 0x3f
 1753 01e1 19       		.uleb128 0x19
 1754 01e2 03       		.uleb128 0x3
 1755 01e3 0E       		.uleb128 0xe
 1756 01e4 3A       		.uleb128 0x3a
 1757 01e5 0B       		.uleb128 0xb
 1758 01e6 3B       		.uleb128 0x3b
 1759 01e7 0B       		.uleb128 0xb
 1760 01e8 49       		.uleb128 0x49
 1761 01e9 13       		.uleb128 0x13
 1762 01ea 3C       		.uleb128 0x3c
 1763 01eb 19       		.uleb128 0x19
 1764 01ec 01       		.uleb128 0x1
 1765 01ed 13       		.uleb128 0x13
 1766 01ee 00       		.byte	0
 1767 01ef 00       		.byte	0
 1768 01f0 27       		.uleb128 0x27
 1769 01f1 18       		.uleb128 0x18
 1770 01f2 00       		.byte	0
 1771 01f3 00       		.byte	0
 1772 01f4 00       		.byte	0
 1773 01f5 28       		.uleb128 0x28
 1774 01f6 34       		.uleb128 0x34
 1775 01f7 00       		.byte	0
 1776 01f8 03       		.uleb128 0x3
 1777 01f9 0E       		.uleb128 0xe
 1778 01fa 3A       		.uleb128 0x3a
 1779 01fb 0B       		.uleb128 0xb
 1780 01fc 3B       		.uleb128 0x3b
 1781 01fd 0B       		.uleb128 0xb
 1782 01fe 49       		.uleb128 0x49
 1783 01ff 13       		.uleb128 0x13
 1784 0200 3F       		.uleb128 0x3f
 1785 0201 19       		.uleb128 0x19
 1786 0202 02       		.uleb128 0x2
 1787 0203 18       		.uleb128 0x18
 1788 0204 00       		.byte	0
 1789 0205 00       		.byte	0
 1790 0206 29       		.uleb128 0x29
 1791 0207 2E       		.uleb128 0x2e
 1792 0208 00       		.byte	0
 1793 0209 3F       		.uleb128 0x3f
ARM GAS  C:\Users\DABBIR~1\AppData\Local\Temp\cci4P5EK.s 			page 36


 1794 020a 19       		.uleb128 0x19
 1795 020b 3C       		.uleb128 0x3c
 1796 020c 19       		.uleb128 0x19
 1797 020d 6E       		.uleb128 0x6e
 1798 020e 0E       		.uleb128 0xe
 1799 020f 03       		.uleb128 0x3
 1800 0210 0E       		.uleb128 0xe
 1801 0211 3A       		.uleb128 0x3a
 1802 0212 0B       		.uleb128 0xb
 1803 0213 3B       		.uleb128 0x3b
 1804 0214 0B       		.uleb128 0xb
 1805 0215 00       		.byte	0
 1806 0216 00       		.byte	0
 1807 0217 00       		.byte	0
 1808              		.section	.debug_loc,"",%progbits
 1809              	.Ldebug_loc0:
 1810              	.LLST0:
 1811 0000 00000000 		.4byte	.LVL0
 1812 0004 0E000000 		.4byte	.LVL2
 1813 0008 0100     		.2byte	0x1
 1814 000a 50       		.byte	0x50
 1815 000b 0E000000 		.4byte	.LVL2
 1816 000f 2C000000 		.4byte	.LFE2
 1817 0013 0100     		.2byte	0x1
 1818 0015 55       		.byte	0x55
 1819 0016 00000000 		.4byte	0
 1820 001a 00000000 		.4byte	0
 1821              	.LLST1:
 1822 001e 00000000 		.4byte	.LVL0
 1823 0022 0E000000 		.4byte	.LVL2
 1824 0026 0100     		.2byte	0x1
 1825 0028 51       		.byte	0x51
 1826 0029 0E000000 		.4byte	.LVL2
 1827 002d 2C000000 		.4byte	.LFE2
 1828 0031 0100     		.2byte	0x1
 1829 0033 57       		.byte	0x57
 1830 0034 00000000 		.4byte	0
 1831 0038 00000000 		.4byte	0
 1832              	.LLST2:
 1833 003c 00000000 		.4byte	.LVL0
 1834 0040 0E000000 		.4byte	.LVL2
 1835 0044 0100     		.2byte	0x1
 1836 0046 52       		.byte	0x52
 1837 0047 0E000000 		.4byte	.LVL2
 1838 004b 2C000000 		.4byte	.LFE2
 1839 004f 0100     		.2byte	0x1
 1840 0051 58       		.byte	0x58
 1841 0052 00000000 		.4byte	0
 1842 0056 00000000 		.4byte	0
 1843              	.LLST3:
 1844 005a 0A000000 		.4byte	.LVL1
 1845 005e 0E000000 		.4byte	.LVL2
 1846 0062 0200     		.2byte	0x2
 1847 0064 30       		.byte	0x30
 1848 0065 9F       		.byte	0x9f
 1849 0066 0E000000 		.4byte	.LVL2
 1850 006a 2C000000 		.4byte	.LFE2
ARM GAS  C:\Users\DABBIR~1\AppData\Local\Temp\cci4P5EK.s 			page 37


 1851 006e 0100     		.2byte	0x1
 1852 0070 54       		.byte	0x54
 1853 0071 00000000 		.4byte	0
 1854 0075 00000000 		.4byte	0
 1855              	.LLST4:
 1856 0079 00000000 		.4byte	.LVL5
 1857 007d 0E000000 		.4byte	.LVL7
 1858 0081 0100     		.2byte	0x1
 1859 0083 50       		.byte	0x50
 1860 0084 0E000000 		.4byte	.LVL7
 1861 0088 58010000 		.4byte	.LVL39
 1862 008c 0100     		.2byte	0x1
 1863 008e 59       		.byte	0x59
 1864 008f 58010000 		.4byte	.LVL39
 1865 0093 5C010000 		.4byte	.LFE1
 1866 0097 0400     		.2byte	0x4
 1867 0099 F3       		.byte	0xf3
 1868 009a 01       		.uleb128 0x1
 1869 009b 50       		.byte	0x50
 1870 009c 9F       		.byte	0x9f
 1871 009d 00000000 		.4byte	0
 1872 00a1 00000000 		.4byte	0
 1873              	.LLST5:
 1874 00a5 00000000 		.4byte	.LVL5
 1875 00a9 0C000000 		.4byte	.LVL6
 1876 00ad 0100     		.2byte	0x1
 1877 00af 51       		.byte	0x51
 1878 00b0 0C000000 		.4byte	.LVL6
 1879 00b4 58010000 		.4byte	.LVL39
 1880 00b8 0100     		.2byte	0x1
 1881 00ba 55       		.byte	0x55
 1882 00bb 58010000 		.4byte	.LVL39
 1883 00bf 5C010000 		.4byte	.LFE1
 1884 00c3 0400     		.2byte	0x4
 1885 00c5 F3       		.byte	0xf3
 1886 00c6 01       		.uleb128 0x1
 1887 00c7 51       		.byte	0x51
 1888 00c8 9F       		.byte	0x9f
 1889 00c9 00000000 		.4byte	0
 1890 00cd 00000000 		.4byte	0
 1891              	.LLST6:
 1892 00d1 92000000 		.4byte	.LVL18
 1893 00d5 A1000000 		.4byte	.LVL20-1
 1894 00d9 0100     		.2byte	0x1
 1895 00db 53       		.byte	0x53
 1896 00dc 00000000 		.4byte	0
 1897 00e0 00000000 		.4byte	0
 1898              	.LLST7:
 1899 00e4 5A000000 		.4byte	.LVL11
 1900 00e8 A4000000 		.4byte	.LVL21
 1901 00ec 0100     		.2byte	0x1
 1902 00ee 54       		.byte	0x54
 1903 00ef 00000000 		.4byte	0
 1904 00f3 00000000 		.4byte	0
 1905              	.LLST8:
 1906 00f7 64000000 		.4byte	.LVL13
 1907 00fb 86000000 		.4byte	.LVL16
ARM GAS  C:\Users\DABBIR~1\AppData\Local\Temp\cci4P5EK.s 			page 38


 1908 00ff 0100     		.2byte	0x1
 1909 0101 50       		.byte	0x50
 1910 0102 86000000 		.4byte	.LVL16
 1911 0106 A4000000 		.4byte	.LVL21
 1912 010a 0100     		.2byte	0x1
 1913 010c 56       		.byte	0x56
 1914 010d 00000000 		.4byte	0
 1915 0111 00000000 		.4byte	0
 1916              	.LLST9:
 1917 0115 90000000 		.4byte	.LVL17
 1918 0119 9E000000 		.4byte	.LVL19
 1919 011d 0100     		.2byte	0x1
 1920 011f 50       		.byte	0x50
 1921 0120 00000000 		.4byte	0
 1922 0124 00000000 		.4byte	0
 1923              	.LLST10:
 1924 0128 64000000 		.4byte	.LVL13
 1925 012c 68000000 		.4byte	.LVL14
 1926 0130 0200     		.2byte	0x2
 1927 0132 30       		.byte	0x30
 1928 0133 9F       		.byte	0x9f
 1929 0134 68000000 		.4byte	.LVL14
 1930 0138 8F000000 		.4byte	.LVL17-1
 1931 013c 0100     		.2byte	0x1
 1932 013e 53       		.byte	0x53
 1933 013f 00000000 		.4byte	0
 1934 0143 00000000 		.4byte	0
 1935              	.LLST11:
 1936 0147 BC000000 		.4byte	.LVL23
 1937 014b 28010000 		.4byte	.LVL36
 1938 014f 0100     		.2byte	0x1
 1939 0151 58       		.byte	0x58
 1940 0152 46010000 		.4byte	.LVL37
 1941 0156 50010000 		.4byte	.LVL38
 1942 015a 0100     		.2byte	0x1
 1943 015c 58       		.byte	0x58
 1944 015d 00000000 		.4byte	0
 1945 0161 00000000 		.4byte	0
 1946              	.LLST12:
 1947 0165 D8000000 		.4byte	.LVL25
 1948 0169 0A010000 		.4byte	.LVL33
 1949 016d 0100     		.2byte	0x1
 1950 016f 54       		.byte	0x54
 1951 0170 00000000 		.4byte	0
 1952 0174 00000000 		.4byte	0
 1953              	.LLST13:
 1954 0178 E0000000 		.4byte	.LVL27
 1955 017c 04010000 		.4byte	.LVL31
 1956 0180 0100     		.2byte	0x1
 1957 0182 50       		.byte	0x50
 1958 0183 04010000 		.4byte	.LVL31
 1959 0187 1A010000 		.4byte	.LVL35
 1960 018b 0100     		.2byte	0x1
 1961 018d 56       		.byte	0x56
 1962 018e 00000000 		.4byte	0
 1963 0192 00000000 		.4byte	0
 1964              	.LLST14:
ARM GAS  C:\Users\DABBIR~1\AppData\Local\Temp\cci4P5EK.s 			page 39


 1965 0196 0A010000 		.4byte	.LVL33
 1966 019a 1A010000 		.4byte	.LVL35
 1967 019e 0100     		.2byte	0x1
 1968 01a0 54       		.byte	0x54
 1969 01a1 00000000 		.4byte	0
 1970 01a5 00000000 		.4byte	0
 1971              	.LLST15:
 1972 01a9 E0000000 		.4byte	.LVL27
 1973 01ad E4000000 		.4byte	.LVL28
 1974 01b1 0200     		.2byte	0x2
 1975 01b3 30       		.byte	0x30
 1976 01b4 9F       		.byte	0x9f
 1977 01b5 E4000000 		.4byte	.LVL28
 1978 01b9 FC000000 		.4byte	.LVL29
 1979 01bd 0100     		.2byte	0x1
 1980 01bf 53       		.byte	0x53
 1981 01c0 FE000000 		.4byte	.LVL30
 1982 01c4 07010000 		.4byte	.LVL32-1
 1983 01c8 0100     		.2byte	0x1
 1984 01ca 53       		.byte	0x53
 1985 01cb 00000000 		.4byte	0
 1986 01cf 00000000 		.4byte	0
 1987              		.section	.debug_aranges,"",%progbits
 1988 0000 24000000 		.4byte	0x24
 1989 0004 0200     		.2byte	0x2
 1990 0006 00000000 		.4byte	.Ldebug_info0
 1991 000a 04       		.byte	0x4
 1992 000b 00       		.byte	0
 1993 000c 0000     		.2byte	0
 1994 000e 0000     		.2byte	0
 1995 0010 00000000 		.4byte	.LFB2
 1996 0014 2C000000 		.4byte	.LFE2-.LFB2
 1997 0018 00000000 		.4byte	.LFB1
 1998 001c 5C010000 		.4byte	.LFE1-.LFB1
 1999 0020 00000000 		.4byte	0
 2000 0024 00000000 		.4byte	0
 2001              		.section	.debug_ranges,"",%progbits
 2002              	.Ldebug_ranges0:
 2003 0000 3C000000 		.4byte	.LBB3
 2004 0004 A2000000 		.4byte	.LBE3
 2005 0008 34010000 		.4byte	.LBB9
 2006 000c 40010000 		.4byte	.LBE9
 2007 0010 00000000 		.4byte	0
 2008 0014 00000000 		.4byte	0
 2009 0018 BC000000 		.4byte	.LBB5
 2010 001c 20010000 		.4byte	.LBE5
 2011 0020 46010000 		.4byte	.LBB10
 2012 0024 50010000 		.4byte	.LBE10
 2013 0028 00000000 		.4byte	0
 2014 002c 00000000 		.4byte	0
 2015 0030 BC000000 		.4byte	.LBB6
 2016 0034 16010000 		.4byte	.LBE6
 2017 0038 46010000 		.4byte	.LBB8
 2018 003c 50010000 		.4byte	.LBE8
 2019 0040 00000000 		.4byte	0
 2020 0044 00000000 		.4byte	0
 2021 0048 00000000 		.4byte	.LFB2
ARM GAS  C:\Users\DABBIR~1\AppData\Local\Temp\cci4P5EK.s 			page 40


 2022 004c 2C000000 		.4byte	.LFE2
 2023 0050 00000000 		.4byte	.LFB1
 2024 0054 5C010000 		.4byte	.LFE1
 2025 0058 00000000 		.4byte	0
 2026 005c 00000000 		.4byte	0
 2027              		.section	.debug_line,"",%progbits
 2028              	.Ldebug_line0:
 2029 0000 16020000 		.section	.debug_str,"MS",%progbits,1
 2029      02007801 
 2029      00000201 
 2029      FB0E0D00 
 2029      01010101 
 2030              	.LASF62:
 2031 0000 746F6B65 		.ascii	"token\000"
 2031      6E00
 2032              	.LASF21:
 2033 0006 52435F45 		.ascii	"RC_ERROR_BUFFER_FULL\000"
 2033      52524F52 
 2033      5F425546 
 2033      4645525F 
 2033      46554C4C 
 2034              	.LASF27:
 2035 001b 52435F45 		.ascii	"RC_ERROR_READ_ONLY\000"
 2035      52524F52 
 2035      5F524541 
 2035      445F4F4E 
 2035      4C5900
 2036              	.LASF13:
 2037 002e 52435F53 		.ascii	"RC_SUCCESS\000"
 2037      55434345 
 2037      535300
 2038              	.LASF44:
 2039 0039 5446545F 		.ascii	"TFT_color_t\000"
 2039      636F6C6F 
 2039      725F7400 
 2040              	.LASF97:
 2041 0045 433A5C4D 		.ascii	"C:\\My_Files\\College_Documents\\AMA EOS\\EOS\\LAB\\"
 2041      795F4669 
 2041      6C65735C 
 2041      436F6C6C 
 2041      6567655F 
 2042 0073 4C41425F 		.ascii	"LAB_2_Submission\\Json Parser\\code\\w06_criticalRe"
 2042      325F5375 
 2042      626D6973 
 2042      73696F6E 
 2042      5C4A736F 
 2043 00a3 67696F6E 		.ascii	"gion.cydsn\\Lab2_JSONParser01.cydsn\000"
 2043      2E637964 
 2043      736E5C4C 
 2043      6162325F 
 2043      4A534F4E 
 2044              	.LASF68:
 2045 00c6 44726177 		.ascii	"Drawer_commandType_t\000"
 2045      65725F63 
 2045      6F6D6D61 
 2045      6E645479 
 2045      70655F74 
ARM GAS  C:\Users\DABBIR~1\AppData\Local\Temp\cci4P5EK.s 			page 41


 2046              	.LASF28:
 2047 00db 52435F45 		.ascii	"RC_ERROR_WRITE_ONLY\000"
 2047      52524F52 
 2047      5F575249 
 2047      54455F4F 
 2047      4E4C5900 
 2048              	.LASF2:
 2049 00ef 73686F72 		.ascii	"short int\000"
 2049      7420696E 
 2049      7400
 2050              	.LASF41:
 2051 00f9 73697A65 		.ascii	"size_t\000"
 2051      5F7400
 2052              	.LASF55:
 2053 0100 6A736D6E 		.ascii	"jsmntok\000"
 2053      746F6B00 
 2054              	.LASF69:
 2055 0108 636F6C6F 		.ascii	"color\000"
 2055      7200
 2056              	.LASF45:
 2057 010e 4A534D4E 		.ascii	"JSMN_UNDEFINED\000"
 2057      5F554E44 
 2057      4546494E 
 2057      454400
 2058              	.LASF16:
 2059 011d 52435F45 		.ascii	"RC_ERROR_ZERO\000"
 2059      52524F52 
 2059      5F5A4552 
 2059      4F00
 2060              	.LASF30:
 2061 012b 52435F45 		.ascii	"RC_ERROR_READ_FAILS\000"
 2061      52524F52 
 2061      5F524541 
 2061      445F4641 
 2061      494C5300 
 2062              	.LASF57:
 2063 013f 746F6B6E 		.ascii	"toknext\000"
 2063      65787400 
 2064              	.LASF67:
 2065 0147 44524157 		.ascii	"DRAWER_CMD_DRAW\000"
 2065      45525F43 
 2065      4D445F44 
 2065      52415700 
 2066              	.LASF38:
 2067 0157 52435F45 		.ascii	"RC_ERROR_NOT_IMPLEMENTED\000"
 2067      52524F52 
 2067      5F4E4F54 
 2067      5F494D50 
 2067      4C454D45 
 2068              	.LASF81:
 2069 0170 7466745F 		.ascii	"tft_color\000"
 2069      636F6C6F 
 2069      7200
 2070              	.LASF75:
 2071 017a 76616C75 		.ascii	"value\000"
 2071      6500
 2072              	.LASF60:
ARM GAS  C:\Users\DABBIR~1\AppData\Local\Temp\cci4P5EK.s 			page 42


 2073 0180 70617273 		.ascii	"parser\000"
 2073      657200
 2074              	.LASF3:
 2075 0187 75696E74 		.ascii	"uint8_t\000"
 2075      385F7400 
 2076              	.LASF36:
 2077 018f 52435F45 		.ascii	"RC_ERROR_INVALID_STATE\000"
 2077      52524F52 
 2077      5F494E56 
 2077      414C4944 
 2077      5F535441 
 2078              	.LASF48:
 2079 01a6 4A534D4E 		.ascii	"JSMN_STRING\000"
 2079      5F535452 
 2079      494E4700 
 2080              	.LASF85:
 2081 01b2 69745F63 		.ascii	"it_colorLength\000"
 2081      6F6C6F72 
 2081      4C656E67 
 2081      746800
 2082              	.LASF89:
 2083 01c1 66726565 		.ascii	"free\000"
 2083      00
 2084              	.LASF0:
 2085 01c6 7369676E 		.ascii	"signed char\000"
 2085      65642063 
 2085      68617200 
 2086              	.LASF71:
 2087 01d2 73436F6D 		.ascii	"sCommand\000"
 2087      6D616E64 
 2087      00
 2088              	.LASF8:
 2089 01db 666C6F61 		.ascii	"float\000"
 2089      7400
 2090              	.LASF64:
 2091 01e1 6E657874 		.ascii	"nextToken\000"
 2091      546F6B65 
 2091      6E00
 2092              	.LASF10:
 2093 01eb 6C6F6E67 		.ascii	"long long int\000"
 2093      206C6F6E 
 2093      6720696E 
 2093      7400
 2094              	.LASF47:
 2095 01f9 4A534D4E 		.ascii	"JSMN_ARRAY\000"
 2095      5F415252 
 2095      415900
 2096              	.LASF88:
 2097 0204 6D616C6C 		.ascii	"malloc\000"
 2097      6F6300
 2098              	.LASF32:
 2099 020b 52435F45 		.ascii	"RC_ERROR_NOT_MATCH\000"
 2099      52524F52 
 2099      5F4E4F54 
 2099      5F4D4154 
 2099      434800
 2100              	.LASF37:
ARM GAS  C:\Users\DABBIR~1\AppData\Local\Temp\cci4P5EK.s 			page 43


 2101 021e 52435F45 		.ascii	"RC_ERROR_UNKNOWN\000"
 2101      52524F52 
 2101      5F554E4B 
 2101      4E4F574E 
 2101      00
 2102              	.LASF20:
 2103 022f 52435F45 		.ascii	"RC_ERROR_UNDERRUN\000"
 2103      52524F52 
 2103      5F554E44 
 2103      45525255 
 2103      4E00
 2104              	.LASF43:
 2105 0241 73697A65 		.ascii	"sizetype\000"
 2105      74797065 
 2105      00
 2106              	.LASF91:
 2107 024a 69745F70 		.ascii	"it_primitive\000"
 2107      72696D69 
 2107      74697665 
 2107      00
 2108              	.LASF23:
 2109 0257 52435F45 		.ascii	"RC_ERROR_BUSY\000"
 2109      52524F52 
 2109      5F425553 
 2109      5900
 2110              	.LASF94:
 2111 0265 50415253 		.ascii	"PARSER_getNextToken\000"
 2111      45525F67 
 2111      65744E65 
 2111      7874546F 
 2111      6B656E00 
 2112              	.LASF83:
 2113 0279 636F6C6F 		.ascii	"colorLength\000"
 2113      724C656E 
 2113      67746800 
 2114              	.LASF29:
 2115 0285 52435F45 		.ascii	"RC_ERROR_INVALID\000"
 2115      52524F52 
 2115      5F494E56 
 2115      414C4944 
 2115      00
 2116              	.LASF77:
 2117 0296 6974656D 		.ascii	"items\000"
 2117      7300
 2118              	.LASF34:
 2119 029c 52435F45 		.ascii	"RC_ERROR_BAD_DATA\000"
 2119      52524F52 
 2119      5F424144 
 2119      5F444154 
 2119      4100
 2120              	.LASF90:
 2121 02ae 61746F69 		.ascii	"atoi\000"
 2121      00
 2122              	.LASF42:
 2123 02b3 6C6F6E67 		.ascii	"long double\000"
 2123      20646F75 
 2123      626C6500 
ARM GAS  C:\Users\DABBIR~1\AppData\Local\Temp\cci4P5EK.s 			page 44


 2124              	.LASF86:
 2125 02bf 616C6C54 		.ascii	"allTokens\000"
 2125      6F6B656E 
 2125      7300
 2126              	.LASF1:
 2127 02c9 756E7369 		.ascii	"unsigned char\000"
 2127      676E6564 
 2127      20636861 
 2127      7200
 2128              	.LASF92:
 2129 02d7 6E756D5F 		.ascii	"num_items\000"
 2129      6974656D 
 2129      7300
 2130              	.LASF59:
 2131 02e1 73506172 		.ascii	"sParser\000"
 2131      73657200 
 2132              	.LASF11:
 2133 02e9 6C6F6E67 		.ascii	"long long unsigned int\000"
 2133      206C6F6E 
 2133      6720756E 
 2133      7369676E 
 2133      65642069 
 2134              	.LASF51:
 2135 0300 74797065 		.ascii	"type\000"
 2135      00
 2136              	.LASF40:
 2137 0305 756E7369 		.ascii	"unsigned int\000"
 2137      676E6564 
 2137      20696E74 
 2137      00
 2138              	.LASF25:
 2139 0312 52435F45 		.ascii	"RC_ERROR_OPEN\000"
 2139      52524F52 
 2139      5F4F5045 
 2139      4E00
 2140              	.LASF4:
 2141 0320 75696E74 		.ascii	"uint16_t\000"
 2141      31365F74 
 2141      00
 2142              	.LASF82:
 2143 0329 636F6F72 		.ascii	"coordinates\000"
 2143      64696E61 
 2143      74657300 
 2144              	.LASF15:
 2145 0335 52435F45 		.ascii	"RC_ERROR_NULL\000"
 2145      52524F52 
 2145      5F4E554C 
 2145      4C00
 2146              	.LASF22:
 2147 0343 52435F45 		.ascii	"RC_ERROR_BUFFER_EMTPY\000"
 2147      52524F52 
 2147      5F425546 
 2147      4645525F 
 2147      454D5450 
 2148              	.LASF58:
 2149 0359 746F6B73 		.ascii	"toksuper\000"
 2149      75706572 
ARM GAS  C:\Users\DABBIR~1\AppData\Local\Temp\cci4P5EK.s 			page 45


 2149      00
 2150              	.LASF52:
 2151 0362 73746172 		.ascii	"start\000"
 2151      7400
 2152              	.LASF5:
 2153 0368 73686F72 		.ascii	"short unsigned int\000"
 2153      7420756E 
 2153      7369676E 
 2153      65642069 
 2153      6E7400
 2154              	.LASF96:
 2155 037b 64726177 		.ascii	"drawer.c\000"
 2155      65722E63 
 2155      00
 2156              	.LASF95:
 2157 0384 474E5520 		.ascii	"GNU C11 5.4.1 20160609 (release) [ARM/embedded-5-br"
 2157      43313120 
 2157      352E342E 
 2157      31203230 
 2157      31363036 
 2158 03b7 616E6368 		.ascii	"anch revision 237715] -mcpu=cortex-m3 -mthumb -g -O"
 2158      20726576 
 2158      6973696F 
 2158      6E203233 
 2158      37373135 
 2159 03ea 67202D66 		.ascii	"g -ffunction-sections -ffat-lto-objects\000"
 2159      66756E63 
 2159      74696F6E 
 2159      2D736563 
 2159      74696F6E 
 2160              	.LASF12:
 2161 0412 63686172 		.ascii	"char\000"
 2161      00
 2162              	.LASF80:
 2163 0417 63726E74 		.ascii	"crnt_token\000"
 2163      5F746F6B 
 2163      656E00
 2164              	.LASF6:
 2165 0422 6C6F6E67 		.ascii	"long int\000"
 2165      20696E74 
 2165      00
 2166              	.LASF65:
 2167 042b 50617273 		.ascii	"Parser_t\000"
 2167      65725F74 
 2167      00
 2168              	.LASF31:
 2169 0434 52435F45 		.ascii	"RC_ERROR_WRITE_FAILS\000"
 2169      52524F52 
 2169      5F575249 
 2169      54455F46 
 2169      41494C53 
 2170              	.LASF66:
 2171 0449 44524157 		.ascii	"DRAWER_CMD_COLOR\000"
 2171      45525F43 
 2171      4D445F43 
 2171      4F4C4F52 
 2171      00
ARM GAS  C:\Users\DABBIR~1\AppData\Local\Temp\cci4P5EK.s 			page 46


 2172              	.LASF33:
 2173 045a 52435F45 		.ascii	"RC_ERROR_BAD_PARAM\000"
 2173      52524F52 
 2173      5F424144 
 2173      5F504152 
 2173      414D00
 2174              	.LASF73:
 2175 046d 64617461 		.ascii	"data\000"
 2175      00
 2176              	.LASF54:
 2177 0472 6A736D6E 		.ascii	"jsmntok_t\000"
 2177      746F6B5F 
 2177      7400
 2178              	.LASF61:
 2179 047c 636F6E74 		.ascii	"content\000"
 2179      656E7400 
 2180              	.LASF78:
 2181 0484 73656172 		.ascii	"search\000"
 2181      636800
 2182              	.LASF7:
 2183 048b 6C6F6E67 		.ascii	"long unsigned int\000"
 2183      20756E73 
 2183      69676E65 
 2183      6420696E 
 2183      7400
 2184              	.LASF56:
 2185 049d 6A736D6E 		.ascii	"jsmn_parser\000"
 2185      5F706172 
 2185      73657200 
 2186              	.LASF70:
 2187 04a9 636F6F72 		.ascii	"coordinate\000"
 2187      64696E61 
 2187      746500
 2188              	.LASF9:
 2189 04b4 646F7562 		.ascii	"double\000"
 2189      6C6500
 2190              	.LASF49:
 2191 04bb 4A534D4E 		.ascii	"JSMN_PRIMITIVE\000"
 2191      5F505249 
 2191      4D495449 
 2191      564500
 2192              	.LASF26:
 2193 04ca 52435F45 		.ascii	"RC_ERROR_CHECKSUM\000"
 2193      52524F52 
 2193      5F434845 
 2193      434B5355 
 2193      4D00
 2194              	.LASF53:
 2195 04dc 73697A65 		.ascii	"size\000"
 2195      00
 2196              	.LASF84:
 2197 04e1 666F756E 		.ascii	"found\000"
 2197      6400
 2198              	.LASF18:
 2199 04e7 52435F45 		.ascii	"RC_ERROR_RANGE\000"
 2199      52524F52 
 2199      5F52414E 
ARM GAS  C:\Users\DABBIR~1\AppData\Local\Temp\cci4P5EK.s 			page 47


 2199      474500
 2200              	.LASF19:
 2201 04f6 52435F45 		.ascii	"RC_ERROR_OVERRUN\000"
 2201      52524F52 
 2201      5F4F5645 
 2201      5252554E 
 2201      00
 2202              	.LASF93:
 2203 0507 73747263 		.ascii	"strcmp\000"
 2203      6D7000
 2204              	.LASF76:
 2205 050e 6974656D 		.ascii	"item\000"
 2205      00
 2206              	.LASF50:
 2207 0513 6A736D6E 		.ascii	"jsmntype_t\000"
 2207      74797065 
 2207      5F7400
 2208              	.LASF35:
 2209 051e 52435F45 		.ascii	"RC_ERROR_CANCELED\000"
 2209      52524F52 
 2209      5F43414E 
 2209      43454C45 
 2209      4400
 2210              	.LASF63:
 2211 0530 6E657874 		.ascii	"nextFreePos\000"
 2211      46726565 
 2211      506F7300 
 2212              	.LASF87:
 2213 053c 7072696D 		.ascii	"primitiveLength\000"
 2213      69746976 
 2213      654C656E 
 2213      67746800 
 2214              	.LASF74:
 2215 054c 44726177 		.ascii	"Drawer_t\000"
 2215      65725F74 
 2215      00
 2216              	.LASF14:
 2217 0555 52435F45 		.ascii	"RC_ERROR\000"
 2217      52524F52 
 2217      00
 2218              	.LASF17:
 2219 055e 52435F45 		.ascii	"RC_ERROR_MEMORY\000"
 2219      52524F52 
 2219      5F4D454D 
 2219      4F525900 
 2220              	.LASF79:
 2221 056e 44524157 		.ascii	"DRAWER_getNextDrawCommand\000"
 2221      45525F67 
 2221      65744E65 
 2221      78744472 
 2221      6177436F 
 2222              	.LASF46:
 2223 0588 4A534D4E 		.ascii	"JSMN_OBJECT\000"
 2223      5F4F424A 
 2223      45435400 
 2224              	.LASF72:
 2225 0594 636F6D6D 		.ascii	"command\000"
ARM GAS  C:\Users\DABBIR~1\AppData\Local\Temp\cci4P5EK.s 			page 48


 2225      616E6400 
 2226              	.LASF39:
 2227 059c 52435F74 		.ascii	"RC_t\000"
 2227      00
 2228              	.LASF24:
 2229 05a1 52435F45 		.ascii	"RC_ERROR_TIME_OUT\000"
 2229      52524F52 
 2229      5F54494D 
 2229      455F4F55 
 2229      5400
 2230              		.ident	"GCC: (GNU Tools for ARM Embedded Processors) 5.4.1 20160609 (release) [ARM/embedded-5-bran
