ARM GAS  C:\Users\DABBIR~1\AppData\Local\Temp\ccxZm3Gg.s 			page 1


   1              		.syntax unified
   2              		.cpu cortex-m3
   3              		.fpu softvfp
   4              		.eabi_attribute 20, 1
   5              		.eabi_attribute 21, 1
   6              		.eabi_attribute 23, 3
   7              		.eabi_attribute 24, 1
   8              		.eabi_attribute 25, 1
   9              		.eabi_attribute 26, 1
  10              		.eabi_attribute 30, 1
  11              		.eabi_attribute 34, 1
  12              		.eabi_attribute 18, 4
  13              		.thumb
  14              		.syntax unified
  15              		.file	"ErikaOS_1_ee_iparam.c"
  16              		.text
  17              	.Ltext0:
  18              		.cfi_sections	.debug_frame
  19              		.global	EE_os_invalid_param
  20              		.section	.rodata
  21              		.align	2
  22              		.type	EE_os_invalid_param, %object
  23              		.size	EE_os_invalid_param, 4
  24              	EE_os_invalid_param:
  25 0000 FFFFFFFF 		.word	-1
  26              		.text
  27              	.Letext0:
  28              		.file 1 "Generated_Source\\PSoC5\\ErikaOS_1_common_ee_types.inc"
  29              		.file 2 "Generated_Source\\PSoC5\\ErikaOS_1_cortex_mx_ee_cpu.inc"
  30              		.file 3 "Generated_Source\\PSoC5\\ErikaOS_1_ee_oo_common.inc"
  31              		.file 4 "Generated_Source\\PSoC5\\ErikaOS_1_common_ee_primitives.inc"
  32              		.file 5 "Generated_Source\\PSoC5\\ErikaOS_1_cortex_mx_ee_context.inc"
  33              		.file 6 "Generated_Source\\PSoC5\\ErikaOS_1_ee_iparam.c"
  34              		.file 7 "Generated_Source\\PSoC5\\ErikaOS_1_ee_oo_intfunc.inc"
  35              		.file 8 "Generated_Source\\PSoC5\\ErikaOS_1_ee_oo_internal.inc"
  36              		.section	.debug_info,"",%progbits
  37              	.Ldebug_info0:
  38 0000 8B020000 		.4byte	0x28b
  39 0004 0400     		.2byte	0x4
  40 0006 00000000 		.4byte	.Ldebug_abbrev0
  41 000a 04       		.byte	0x4
  42 000b 01       		.uleb128 0x1
  43 000c 2B030000 		.4byte	.LASF46
  44 0010 0C       		.byte	0xc
  45 0011 F3020000 		.4byte	.LASF47
  46 0015 E1000000 		.4byte	.LASF48
  47 0019 00000000 		.4byte	.Ldebug_line0
  48 001d 02       		.uleb128 0x2
  49 001e 01       		.byte	0x1
  50 001f 06       		.byte	0x6
  51 0020 BB010000 		.4byte	.LASF0
  52 0024 02       		.uleb128 0x2
  53 0025 01       		.byte	0x1
  54 0026 08       		.byte	0x8
  55 0027 AD010000 		.4byte	.LASF1
  56 002b 02       		.uleb128 0x2
  57 002c 02       		.byte	0x2
ARM GAS  C:\Users\DABBIR~1\AppData\Local\Temp\ccxZm3Gg.s 			page 2


  58 002d 05       		.byte	0x5
  59 002e 4B000000 		.4byte	.LASF2
  60 0032 02       		.uleb128 0x2
  61 0033 02       		.byte	0x2
  62 0034 07       		.byte	0x7
  63 0035 31020000 		.4byte	.LASF3
  64 0039 02       		.uleb128 0x2
  65 003a 04       		.byte	0x4
  66 003b 05       		.byte	0x5
  67 003c 62010000 		.4byte	.LASF4
  68 0040 02       		.uleb128 0x2
  69 0041 04       		.byte	0x4
  70 0042 07       		.byte	0x7
  71 0043 7B020000 		.4byte	.LASF5
  72 0047 02       		.uleb128 0x2
  73 0048 08       		.byte	0x8
  74 0049 05       		.byte	0x5
  75 004a BB000000 		.4byte	.LASF6
  76 004e 02       		.uleb128 0x2
  77 004f 08       		.byte	0x8
  78 0050 07       		.byte	0x7
  79 0051 C7010000 		.4byte	.LASF7
  80 0055 03       		.uleb128 0x3
  81 0056 04       		.byte	0x4
  82 0057 05       		.byte	0x5
  83 0058 696E7400 		.ascii	"int\000"
  84 005c 02       		.uleb128 0x2
  85 005d 04       		.byte	0x4
  86 005e 07       		.byte	0x7
  87 005f EA010000 		.4byte	.LASF8
  88 0063 02       		.uleb128 0x2
  89 0064 08       		.byte	0x8
  90 0065 04       		.byte	0x4
  91 0066 A1010000 		.4byte	.LASF9
  92 006a 04       		.uleb128 0x4
  93 006b C9000000 		.4byte	.LASF10
  94 006f 01       		.byte	0x1
  95 0070 3F       		.byte	0x3f
  96 0071 1D000000 		.4byte	0x1d
  97 0075 04       		.uleb128 0x4
  98 0076 55020000 		.4byte	.LASF11
  99 007a 01       		.byte	0x1
 100 007b 52       		.byte	0x52
 101 007c 32000000 		.4byte	0x32
 102 0080 04       		.uleb128 0x4
 103 0081 28020000 		.4byte	.LASF12
 104 0085 01       		.byte	0x1
 105 0086 53       		.byte	0x53
 106 0087 55000000 		.4byte	0x55
 107 008b 04       		.uleb128 0x4
 108 008c 7A000000 		.4byte	.LASF13
 109 0090 01       		.byte	0x1
 110 0091 54       		.byte	0x54
 111 0092 5C000000 		.4byte	0x5c
 112 0096 04       		.uleb128 0x4
 113 0097 0E000000 		.4byte	.LASF14
 114 009b 02       		.byte	0x2
ARM GAS  C:\Users\DABBIR~1\AppData\Local\Temp\ccxZm3Gg.s 			page 3


 115 009c 4D       		.byte	0x4d
 116 009d 8B000000 		.4byte	0x8b
 117 00a1 04       		.uleb128 0x4
 118 00a2 72000000 		.4byte	.LASF15
 119 00a6 02       		.byte	0x2
 120 00a7 4F       		.byte	0x4f
 121 00a8 8B000000 		.4byte	0x8b
 122 00ac 04       		.uleb128 0x4
 123 00ad 8D020000 		.4byte	.LASF16
 124 00b1 02       		.byte	0x2
 125 00b2 54       		.byte	0x54
 126 00b3 96000000 		.4byte	0x96
 127 00b7 04       		.uleb128 0x4
 128 00b8 95000000 		.4byte	.LASF17
 129 00bc 02       		.byte	0x2
 130 00bd 78       		.byte	0x78
 131 00be 80000000 		.4byte	0x80
 132 00c2 05       		.uleb128 0x5
 133 00c3 D1000000 		.4byte	.LASF18
 134 00c7 03       		.byte	0x3
 135 00c8 1101     		.2byte	0x111
 136 00ca 75000000 		.4byte	0x75
 137 00ce 05       		.uleb128 0x5
 138 00cf DE010000 		.4byte	.LASF19
 139 00d3 03       		.byte	0x3
 140 00d4 FA01     		.2byte	0x1fa
 141 00d6 DA000000 		.4byte	0xda
 142 00da 06       		.uleb128 0x6
 143 00db 04       		.byte	0x4
 144 00dc B7000000 		.4byte	0xb7
 145 00e0 05       		.uleb128 0x5
 146 00e1 A5020000 		.4byte	.LASF20
 147 00e5 03       		.byte	0x3
 148 00e6 0002     		.2byte	0x200
 149 00e8 EC000000 		.4byte	0xec
 150 00ec 06       		.uleb128 0x6
 151 00ed 04       		.byte	0x4
 152 00ee 96000000 		.4byte	0x96
 153 00f2 05       		.uleb128 0x5
 154 00f3 16000000 		.4byte	.LASF21
 155 00f7 03       		.byte	0x3
 156 00f8 2F02     		.2byte	0x22f
 157 00fa EC000000 		.4byte	0xec
 158 00fe 07       		.uleb128 0x7
 159 00ff 44020000 		.4byte	.LASF49
 160 0103 04       		.byte	0x4
 161 0104 03       		.byte	0x3
 162 0105 2806     		.2byte	0x628
 163 0107 3C010000 		.4byte	0x13c
 164 010b 08       		.uleb128 0x8
 165 010c D1030000 		.4byte	.LASF22
 166 0110 03       		.byte	0x3
 167 0111 2906     		.2byte	0x629
 168 0113 96000000 		.4byte	0x96
 169 0117 08       		.uleb128 0x8
 170 0118 5F020000 		.4byte	.LASF23
 171 011c 03       		.byte	0x3
ARM GAS  C:\Users\DABBIR~1\AppData\Local\Temp\ccxZm3Gg.s 			page 4


 172 011d 2A06     		.2byte	0x62a
 173 011f CE000000 		.4byte	0xce
 174 0123 08       		.uleb128 0x8
 175 0124 C3020000 		.4byte	.LASF24
 176 0128 03       		.byte	0x3
 177 0129 2B06     		.2byte	0x62b
 178 012b E0000000 		.4byte	0xe0
 179 012f 08       		.uleb128 0x8
 180 0130 B1000000 		.4byte	.LASF25
 181 0134 03       		.byte	0x3
 182 0135 3106     		.2byte	0x631
 183 0137 F2000000 		.4byte	0xf2
 184 013b 00       		.byte	0
 185 013c 05       		.uleb128 0x5
 186 013d F7010000 		.4byte	.LASF26
 187 0141 03       		.byte	0x3
 188 0142 4606     		.2byte	0x646
 189 0144 FE000000 		.4byte	0xfe
 190 0148 09       		.uleb128 0x9
 191 0149 9C000000 		.4byte	.LASF27
 192 014d 04       		.byte	0x4
 193 014e 44       		.byte	0x44
 194 014f 96000000 		.4byte	0x96
 195 0153 09       		.uleb128 0x9
 196 0154 0F020000 		.4byte	.LASF28
 197 0158 05       		.byte	0x5
 198 0159 48       		.byte	0x48
 199 015a B7000000 		.4byte	0xb7
 200 015e 0A       		.uleb128 0xa
 201 015f 75010000 		.4byte	0x175
 202 0163 6E010000 		.4byte	0x16e
 203 0167 0B       		.uleb128 0xb
 204 0168 6E010000 		.4byte	0x16e
 205 016c 03       		.byte	0x3
 206 016d 00       		.byte	0
 207 016e 02       		.uleb128 0x2
 208 016f 04       		.byte	0x4
 209 0170 07       		.byte	0x7
 210 0171 69000000 		.4byte	.LASF29
 211 0175 0C       		.uleb128 0xc
 212 0176 96000000 		.4byte	0x96
 213 017a 09       		.uleb128 0x9
 214 017b 84000000 		.4byte	.LASF30
 215 017f 03       		.byte	0x3
 216 0180 B2       		.byte	0xb2
 217 0181 85010000 		.4byte	0x185
 218 0185 0C       		.uleb128 0xc
 219 0186 5E010000 		.4byte	0x15e
 220 018a 09       		.uleb128 0x9
 221 018b DF020000 		.4byte	.LASF31
 222 018f 03       		.byte	0x3
 223 0190 B3       		.byte	0xb3
 224 0191 95010000 		.4byte	0x195
 225 0195 0C       		.uleb128 0xc
 226 0196 5E010000 		.4byte	0x15e
 227 019a 0A       		.uleb128 0xa
 228 019b 96000000 		.4byte	0x96
ARM GAS  C:\Users\DABBIR~1\AppData\Local\Temp\ccxZm3Gg.s 			page 5


 229 019f AA010000 		.4byte	0x1aa
 230 01a3 0B       		.uleb128 0xb
 231 01a4 6E010000 		.4byte	0x16e
 232 01a8 03       		.byte	0x3
 233 01a9 00       		.byte	0
 234 01aa 09       		.uleb128 0x9
 235 01ab D2020000 		.4byte	.LASF32
 236 01af 03       		.byte	0x3
 237 01b0 CA       		.byte	0xca
 238 01b1 9A010000 		.4byte	0x19a
 239 01b5 0A       		.uleb128 0xa
 240 01b6 B7000000 		.4byte	0xb7
 241 01ba C5010000 		.4byte	0x1c5
 242 01be 0B       		.uleb128 0xb
 243 01bf 6E010000 		.4byte	0x16e
 244 01c3 03       		.byte	0x3
 245 01c4 00       		.byte	0
 246 01c5 09       		.uleb128 0x9
 247 01c6 20030000 		.4byte	.LASF33
 248 01ca 03       		.byte	0x3
 249 01cb D2       		.byte	0xd2
 250 01cc B5010000 		.4byte	0x1b5
 251 01d0 09       		.uleb128 0x9
 252 01d1 03020000 		.4byte	.LASF34
 253 01d5 03       		.byte	0x3
 254 01d6 DA       		.byte	0xda
 255 01d7 9A010000 		.4byte	0x19a
 256 01db 09       		.uleb128 0x9
 257 01dc 99020000 		.4byte	.LASF35
 258 01e0 03       		.byte	0x3
 259 01e1 E2       		.byte	0xe2
 260 01e2 B7000000 		.4byte	0xb7
 261 01e6 09       		.uleb128 0x9
 262 01e7 92010000 		.4byte	.LASF36
 263 01eb 03       		.byte	0x3
 264 01ec F7       		.byte	0xf7
 265 01ed 96000000 		.4byte	0x96
 266 01f1 0D       		.uleb128 0xd
 267 01f2 00000000 		.4byte	.LASF37
 268 01f6 03       		.byte	0x3
 269 01f7 3F01     		.2byte	0x13f
 270 01f9 C2000000 		.4byte	0xc2
 271 01fd 0D       		.uleb128 0xd
 272 01fe 27000000 		.4byte	.LASF38
 273 0202 03       		.byte	0x3
 274 0203 5C01     		.2byte	0x15c
 275 0205 9A010000 		.4byte	0x19a
 276 0209 0A       		.uleb128 0xa
 277 020a AC000000 		.4byte	0xac
 278 020e 19020000 		.4byte	0x219
 279 0212 0B       		.uleb128 0xb
 280 0213 6E010000 		.4byte	0x16e
 281 0217 03       		.byte	0x3
 282 0218 00       		.byte	0
 283 0219 0D       		.uleb128 0xd
 284 021a 3A000000 		.4byte	.LASF39
 285 021e 03       		.byte	0x3
ARM GAS  C:\Users\DABBIR~1\AppData\Local\Temp\ccxZm3Gg.s 			page 6


 286 021f 6701     		.2byte	0x167
 287 0221 09020000 		.4byte	0x209
 288 0225 0E       		.uleb128 0xe
 289 0226 55000000 		.4byte	.LASF40
 290 022a 06       		.byte	0x6
 291 022b 39       		.byte	0x39
 292 022c 36020000 		.4byte	0x236
 293 0230 05       		.uleb128 0x5
 294 0231 03       		.byte	0x3
 295 0232 00000000 		.4byte	EE_os_invalid_param
 296 0236 0C       		.uleb128 0xc
 297 0237 3C010000 		.4byte	0x13c
 298 023b 09       		.uleb128 0x9
 299 023c B9030000 		.4byte	.LASF41
 300 0240 07       		.byte	0x7
 301 0241 40       		.byte	0x40
 302 0242 96000000 		.4byte	0x96
 303 0246 09       		.uleb128 0x9
 304 0247 6B010000 		.4byte	.LASF42
 305 024b 07       		.byte	0x7
 306 024c 47       		.byte	0x47
 307 024d A1000000 		.4byte	0xa1
 308 0251 09       		.uleb128 0x9
 309 0252 68020000 		.4byte	.LASF43
 310 0256 07       		.byte	0x7
 311 0257 4A       		.byte	0x4a
 312 0258 96000000 		.4byte	0x96
 313 025c 0A       		.uleb128 0xa
 314 025d 6C020000 		.4byte	0x26c
 315 0261 6C020000 		.4byte	0x26c
 316 0265 0B       		.uleb128 0xb
 317 0266 6E010000 		.4byte	0x16e
 318 026a FF       		.byte	0xff
 319 026b 00       		.byte	0
 320 026c 0C       		.uleb128 0xc
 321 026d 6A000000 		.4byte	0x6a
 322 0271 0D       		.uleb128 0xd
 323 0272 B6020000 		.4byte	.LASF44
 324 0276 08       		.byte	0x8
 325 0277 AB01     		.2byte	0x1ab
 326 0279 7D020000 		.4byte	0x27d
 327 027d 0C       		.uleb128 0xc
 328 027e 5C020000 		.4byte	0x25c
 329 0282 0D       		.uleb128 0xd
 330 0283 84010000 		.4byte	.LASF45
 331 0287 08       		.byte	0x8
 332 0288 1602     		.2byte	0x216
 333 028a 96000000 		.4byte	0x96
 334 028e 00       		.byte	0
 335              		.section	.debug_abbrev,"",%progbits
 336              	.Ldebug_abbrev0:
 337 0000 01       		.uleb128 0x1
 338 0001 11       		.uleb128 0x11
 339 0002 01       		.byte	0x1
 340 0003 25       		.uleb128 0x25
 341 0004 0E       		.uleb128 0xe
 342 0005 13       		.uleb128 0x13
ARM GAS  C:\Users\DABBIR~1\AppData\Local\Temp\ccxZm3Gg.s 			page 7


 343 0006 0B       		.uleb128 0xb
 344 0007 03       		.uleb128 0x3
 345 0008 0E       		.uleb128 0xe
 346 0009 1B       		.uleb128 0x1b
 347 000a 0E       		.uleb128 0xe
 348 000b 10       		.uleb128 0x10
 349 000c 17       		.uleb128 0x17
 350 000d 00       		.byte	0
 351 000e 00       		.byte	0
 352 000f 02       		.uleb128 0x2
 353 0010 24       		.uleb128 0x24
 354 0011 00       		.byte	0
 355 0012 0B       		.uleb128 0xb
 356 0013 0B       		.uleb128 0xb
 357 0014 3E       		.uleb128 0x3e
 358 0015 0B       		.uleb128 0xb
 359 0016 03       		.uleb128 0x3
 360 0017 0E       		.uleb128 0xe
 361 0018 00       		.byte	0
 362 0019 00       		.byte	0
 363 001a 03       		.uleb128 0x3
 364 001b 24       		.uleb128 0x24
 365 001c 00       		.byte	0
 366 001d 0B       		.uleb128 0xb
 367 001e 0B       		.uleb128 0xb
 368 001f 3E       		.uleb128 0x3e
 369 0020 0B       		.uleb128 0xb
 370 0021 03       		.uleb128 0x3
 371 0022 08       		.uleb128 0x8
 372 0023 00       		.byte	0
 373 0024 00       		.byte	0
 374 0025 04       		.uleb128 0x4
 375 0026 16       		.uleb128 0x16
 376 0027 00       		.byte	0
 377 0028 03       		.uleb128 0x3
 378 0029 0E       		.uleb128 0xe
 379 002a 3A       		.uleb128 0x3a
 380 002b 0B       		.uleb128 0xb
 381 002c 3B       		.uleb128 0x3b
 382 002d 0B       		.uleb128 0xb
 383 002e 49       		.uleb128 0x49
 384 002f 13       		.uleb128 0x13
 385 0030 00       		.byte	0
 386 0031 00       		.byte	0
 387 0032 05       		.uleb128 0x5
 388 0033 16       		.uleb128 0x16
 389 0034 00       		.byte	0
 390 0035 03       		.uleb128 0x3
 391 0036 0E       		.uleb128 0xe
 392 0037 3A       		.uleb128 0x3a
 393 0038 0B       		.uleb128 0xb
 394 0039 3B       		.uleb128 0x3b
 395 003a 05       		.uleb128 0x5
 396 003b 49       		.uleb128 0x49
 397 003c 13       		.uleb128 0x13
 398 003d 00       		.byte	0
 399 003e 00       		.byte	0
ARM GAS  C:\Users\DABBIR~1\AppData\Local\Temp\ccxZm3Gg.s 			page 8


 400 003f 06       		.uleb128 0x6
 401 0040 0F       		.uleb128 0xf
 402 0041 00       		.byte	0
 403 0042 0B       		.uleb128 0xb
 404 0043 0B       		.uleb128 0xb
 405 0044 49       		.uleb128 0x49
 406 0045 13       		.uleb128 0x13
 407 0046 00       		.byte	0
 408 0047 00       		.byte	0
 409 0048 07       		.uleb128 0x7
 410 0049 17       		.uleb128 0x17
 411 004a 01       		.byte	0x1
 412 004b 03       		.uleb128 0x3
 413 004c 0E       		.uleb128 0xe
 414 004d 0B       		.uleb128 0xb
 415 004e 0B       		.uleb128 0xb
 416 004f 3A       		.uleb128 0x3a
 417 0050 0B       		.uleb128 0xb
 418 0051 3B       		.uleb128 0x3b
 419 0052 05       		.uleb128 0x5
 420 0053 01       		.uleb128 0x1
 421 0054 13       		.uleb128 0x13
 422 0055 00       		.byte	0
 423 0056 00       		.byte	0
 424 0057 08       		.uleb128 0x8
 425 0058 0D       		.uleb128 0xd
 426 0059 00       		.byte	0
 427 005a 03       		.uleb128 0x3
 428 005b 0E       		.uleb128 0xe
 429 005c 3A       		.uleb128 0x3a
 430 005d 0B       		.uleb128 0xb
 431 005e 3B       		.uleb128 0x3b
 432 005f 05       		.uleb128 0x5
 433 0060 49       		.uleb128 0x49
 434 0061 13       		.uleb128 0x13
 435 0062 00       		.byte	0
 436 0063 00       		.byte	0
 437 0064 09       		.uleb128 0x9
 438 0065 34       		.uleb128 0x34
 439 0066 00       		.byte	0
 440 0067 03       		.uleb128 0x3
 441 0068 0E       		.uleb128 0xe
 442 0069 3A       		.uleb128 0x3a
 443 006a 0B       		.uleb128 0xb
 444 006b 3B       		.uleb128 0x3b
 445 006c 0B       		.uleb128 0xb
 446 006d 49       		.uleb128 0x49
 447 006e 13       		.uleb128 0x13
 448 006f 3F       		.uleb128 0x3f
 449 0070 19       		.uleb128 0x19
 450 0071 3C       		.uleb128 0x3c
 451 0072 19       		.uleb128 0x19
 452 0073 00       		.byte	0
 453 0074 00       		.byte	0
 454 0075 0A       		.uleb128 0xa
 455 0076 01       		.uleb128 0x1
 456 0077 01       		.byte	0x1
ARM GAS  C:\Users\DABBIR~1\AppData\Local\Temp\ccxZm3Gg.s 			page 9


 457 0078 49       		.uleb128 0x49
 458 0079 13       		.uleb128 0x13
 459 007a 01       		.uleb128 0x1
 460 007b 13       		.uleb128 0x13
 461 007c 00       		.byte	0
 462 007d 00       		.byte	0
 463 007e 0B       		.uleb128 0xb
 464 007f 21       		.uleb128 0x21
 465 0080 00       		.byte	0
 466 0081 49       		.uleb128 0x49
 467 0082 13       		.uleb128 0x13
 468 0083 2F       		.uleb128 0x2f
 469 0084 0B       		.uleb128 0xb
 470 0085 00       		.byte	0
 471 0086 00       		.byte	0
 472 0087 0C       		.uleb128 0xc
 473 0088 26       		.uleb128 0x26
 474 0089 00       		.byte	0
 475 008a 49       		.uleb128 0x49
 476 008b 13       		.uleb128 0x13
 477 008c 00       		.byte	0
 478 008d 00       		.byte	0
 479 008e 0D       		.uleb128 0xd
 480 008f 34       		.uleb128 0x34
 481 0090 00       		.byte	0
 482 0091 03       		.uleb128 0x3
 483 0092 0E       		.uleb128 0xe
 484 0093 3A       		.uleb128 0x3a
 485 0094 0B       		.uleb128 0xb
 486 0095 3B       		.uleb128 0x3b
 487 0096 05       		.uleb128 0x5
 488 0097 49       		.uleb128 0x49
 489 0098 13       		.uleb128 0x13
 490 0099 3F       		.uleb128 0x3f
 491 009a 19       		.uleb128 0x19
 492 009b 3C       		.uleb128 0x3c
 493 009c 19       		.uleb128 0x19
 494 009d 00       		.byte	0
 495 009e 00       		.byte	0
 496 009f 0E       		.uleb128 0xe
 497 00a0 34       		.uleb128 0x34
 498 00a1 00       		.byte	0
 499 00a2 03       		.uleb128 0x3
 500 00a3 0E       		.uleb128 0xe
 501 00a4 3A       		.uleb128 0x3a
 502 00a5 0B       		.uleb128 0xb
 503 00a6 3B       		.uleb128 0x3b
 504 00a7 0B       		.uleb128 0xb
 505 00a8 49       		.uleb128 0x49
 506 00a9 13       		.uleb128 0x13
 507 00aa 3F       		.uleb128 0x3f
 508 00ab 19       		.uleb128 0x19
 509 00ac 02       		.uleb128 0x2
 510 00ad 18       		.uleb128 0x18
 511 00ae 00       		.byte	0
 512 00af 00       		.byte	0
 513 00b0 00       		.byte	0
ARM GAS  C:\Users\DABBIR~1\AppData\Local\Temp\ccxZm3Gg.s 			page 10


 514              		.section	.debug_aranges,"",%progbits
 515 0000 14000000 		.4byte	0x14
 516 0004 0200     		.2byte	0x2
 517 0006 00000000 		.4byte	.Ldebug_info0
 518 000a 04       		.byte	0x4
 519 000b 00       		.byte	0
 520 000c 0000     		.2byte	0
 521 000e 0000     		.2byte	0
 522 0010 00000000 		.4byte	0
 523 0014 00000000 		.4byte	0
 524              		.section	.debug_line,"",%progbits
 525              	.Ldebug_line0:
 526 0000 35010000 		.section	.debug_str,"MS",%progbits,1
 526      02002F01 
 526      00000201 
 526      FB0E0D00 
 526      01010101 
 527              	.LASF37:
 528 0000 45455F72 		.ascii	"EE_rq_bitmask\000"
 528      715F6269 
 528      746D6173 
 528      6B00
 529              	.LASF14:
 530 000e 45455F55 		.ascii	"EE_UREG\000"
 530      52454700 
 531              	.LASF21:
 532 0016 4576656E 		.ascii	"EventMaskRefType\000"
 532      744D6173 
 532      6B526566 
 532      54797065 
 532      00
 533              	.LASF38:
 534 0027 45455F74 		.ascii	"EE_th_event_active\000"
 534      685F6576 
 534      656E745F 
 534      61637469 
 534      766500
 535              	.LASF39:
 536 003a 45455F74 		.ascii	"EE_th_waswaiting\000"
 536      685F7761 
 536      73776169 
 536      74696E67 
 536      00
 537              	.LASF2:
 538 004b 73686F72 		.ascii	"short int\000"
 538      7420696E 
 538      7400
 539              	.LASF40:
 540 0055 45455F6F 		.ascii	"EE_os_invalid_param\000"
 540      735F696E 
 540      76616C69 
 540      645F7061 
 540      72616D00 
 541              	.LASF29:
 542 0069 73697A65 		.ascii	"sizetype\000"
 542      74797065 
 542      00
ARM GAS  C:\Users\DABBIR~1\AppData\Local\Temp\ccxZm3Gg.s 			page 11


 543              	.LASF15:
 544 0072 45455F46 		.ascii	"EE_FREG\000"
 544      52454700 
 545              	.LASF13:
 546 007a 45455F55 		.ascii	"EE_UINT32\000"
 546      494E5433 
 546      3200
 547              	.LASF30:
 548 0084 45455F74 		.ascii	"EE_th_ready_prio\000"
 548      685F7265 
 548      6164795F 
 548      7072696F 
 548      00
 549              	.LASF17:
 550 0095 45455F54 		.ascii	"EE_TID\000"
 550      494400
 551              	.LASF27:
 552 009c 45455F49 		.ascii	"EE_IRQ_nesting_level\000"
 552      52515F6E 
 552      65737469 
 552      6E675F6C 
 552      6576656C 
 553              	.LASF25:
 554 00b1 6576656E 		.ascii	"event_ref\000"
 554      745F7265 
 554      6600
 555              	.LASF6:
 556 00bb 6C6F6E67 		.ascii	"long long int\000"
 556      206C6F6E 
 556      6720696E 
 556      7400
 557              	.LASF10:
 558 00c9 45455F49 		.ascii	"EE_INT8\000"
 558      4E543800 
 559              	.LASF18:
 560 00d1 45455F54 		.ascii	"EE_TYPE_RQ_MASK\000"
 560      5950455F 
 560      52515F4D 
 560      41534B00 
 561              	.LASF48:
 562 00e1 433A5C4D 		.ascii	"C:\\My_Files\\College_Documents\\AMA EOS\\EOS\\LAB\\"
 562      795F4669 
 562      6C65735C 
 562      436F6C6C 
 562      6567655F 
 563 010f 4C41425F 		.ascii	"LAB_2_Submission\\Json Parser\\code\\w06_criticalRe"
 563      325F5375 
 563      626D6973 
 563      73696F6E 
 563      5C4A736F 
 564 013f 67696F6E 		.ascii	"gion.cydsn\\Lab2_JSONParser01.cydsn\000"
 564      2E637964 
 564      736E5C4C 
 564      6162325F 
 564      4A534F4E 
 565              	.LASF4:
 566 0162 6C6F6E67 		.ascii	"long int\000"
ARM GAS  C:\Users\DABBIR~1\AppData\Local\Temp\ccxZm3Gg.s 			page 12


 566      20696E74 
 566      00
 567              	.LASF42:
 568 016b 45455F6F 		.ascii	"EE_oo_IRQ_suspend_status\000"
 568      6F5F4952 
 568      515F7375 
 568      7370656E 
 568      645F7374 
 569              	.LASF45:
 570 0184 45455F69 		.ascii	"EE_isr2_index\000"
 570      7372325F 
 570      696E6465 
 570      7800
 571              	.LASF36:
 572 0192 45455F73 		.ascii	"EE_sys_ceiling\000"
 572      79735F63 
 572      65696C69 
 572      6E6700
 573              	.LASF9:
 574 01a1 6C6F6E67 		.ascii	"long double\000"
 574      20646F75 
 574      626C6500 
 575              	.LASF1:
 576 01ad 756E7369 		.ascii	"unsigned char\000"
 576      676E6564 
 576      20636861 
 576      7200
 577              	.LASF0:
 578 01bb 7369676E 		.ascii	"signed char\000"
 578      65642063 
 578      68617200 
 579              	.LASF7:
 580 01c7 6C6F6E67 		.ascii	"long long unsigned int\000"
 580      206C6F6E 
 580      6720756E 
 580      7369676E 
 580      65642069 
 581              	.LASF19:
 582 01de 5461736B 		.ascii	"TaskRefType\000"
 582      52656654 
 582      79706500 
 583              	.LASF8:
 584 01ea 756E7369 		.ascii	"unsigned int\000"
 584      676E6564 
 584      20696E74 
 584      00
 585              	.LASF26:
 586 01f7 45455F6F 		.ascii	"EE_os_param\000"
 586      735F7061 
 586      72616D00 
 587              	.LASF34:
 588 0203 45455F74 		.ascii	"EE_th_rnact\000"
 588      685F726E 
 588      61637400 
 589              	.LASF28:
 590 020f 45455F73 		.ascii	"EE_std_endcycle_next_tid\000"
 590      74645F65 
ARM GAS  C:\Users\DABBIR~1\AppData\Local\Temp\ccxZm3Gg.s 			page 13


 590      6E646379 
 590      636C655F 
 590      6E657874 
 591              	.LASF12:
 592 0228 45455F49 		.ascii	"EE_INT32\000"
 592      4E543332 
 592      00
 593              	.LASF3:
 594 0231 73686F72 		.ascii	"short unsigned int\000"
 594      7420756E 
 594      7369676E 
 594      65642069 
 594      6E7400
 595              	.LASF49:
 596 0244 45455F6F 		.ascii	"EE_os_param_type\000"
 596      735F7061 
 596      72616D5F 
 596      74797065 
 596      00
 597              	.LASF11:
 598 0255 45455F55 		.ascii	"EE_UINT16\000"
 598      494E5431 
 598      3600
 599              	.LASF23:
 600 025f 7461736B 		.ascii	"task_ref\000"
 600      5F726566 
 600      00
 601              	.LASF43:
 602 0268 45455F41 		.ascii	"EE_ApplicationMode\000"
 602      70706C69 
 602      63617469 
 602      6F6E4D6F 
 602      646500
 603              	.LASF5:
 604 027b 6C6F6E67 		.ascii	"long unsigned int\000"
 604      20756E73 
 604      69676E65 
 604      6420696E 
 604      7400
 605              	.LASF16:
 606 028d 45455F54 		.ascii	"EE_TYPEBOOL\000"
 606      59504542 
 606      4F4F4C00 
 607              	.LASF35:
 608 0299 45455F73 		.ascii	"EE_stkfirst\000"
 608      746B6669 
 608      72737400 
 609              	.LASF20:
 610 02a5 5461736B 		.ascii	"TaskStateRefType\000"
 610      53746174 
 610      65526566 
 610      54797065 
 610      00
 611              	.LASF44:
 612 02b6 45455F72 		.ascii	"EE_rq_lookup\000"
 612      715F6C6F 
 612      6F6B7570 
ARM GAS  C:\Users\DABBIR~1\AppData\Local\Temp\ccxZm3Gg.s 			page 14


 612      00
 613              	.LASF24:
 614 02c3 7461736B 		.ascii	"task_state_ref\000"
 614      5F737461 
 614      74655F72 
 614      656600
 615              	.LASF32:
 616 02d2 45455F74 		.ascii	"EE_th_status\000"
 616      685F7374 
 616      61747573 
 616      00
 617              	.LASF31:
 618 02df 45455F74 		.ascii	"EE_th_dispatch_prio\000"
 618      685F6469 
 618      73706174 
 618      63685F70 
 618      72696F00 
 619              	.LASF47:
 620 02f3 47656E65 		.ascii	"Generated_Source\\PSoC5\\ErikaOS_1_ee_iparam.c\000"
 620      72617465 
 620      645F536F 
 620      75726365 
 620      5C50536F 
 621              	.LASF33:
 622 0320 45455F74 		.ascii	"EE_th_next\000"
 622      685F6E65 
 622      787400
 623              	.LASF46:
 624 032b 474E5520 		.ascii	"GNU C11 5.4.1 20160609 (release) [ARM/embedded-5-br"
 624      43313120 
 624      352E342E 
 624      31203230 
 624      31363036 
 625 035e 616E6368 		.ascii	"anch revision 237715] -mcpu=cortex-m3 -mthumb -g -O"
 625      20726576 
 625      6973696F 
 625      6E203233 
 625      37373135 
 626 0391 67202D66 		.ascii	"g -ffunction-sections -ffat-lto-objects\000"
 626      66756E63 
 626      74696F6E 
 626      2D736563 
 626      74696F6E 
 627              	.LASF41:
 628 03b9 45455F6F 		.ascii	"EE_oo_IRQ_disable_count\000"
 628      6F5F4952 
 628      515F6469 
 628      7361626C 
 628      655F636F 
 629              	.LASF22:
 630 03d1 76616C75 		.ascii	"value_param\000"
 630      655F7061 
 630      72616D00 
 631              		.ident	"GCC: (GNU Tools for ARM Embedded Processors) 5.4.1 20160609 (release) [ARM/embedded-5-bran
