ARM GAS  C:\Users\DABBIR~1\AppData\Local\Temp\cct4bnyl.s 			page 1


   1              		.syntax unified
   2              		.cpu cortex-m3
   3              		.fpu softvfp
   4              		.eabi_attribute 20, 1
   5              		.eabi_attribute 21, 1
   6              		.eabi_attribute 23, 3
   7              		.eabi_attribute 24, 1
   8              		.eabi_attribute 25, 1
   9              		.eabi_attribute 26, 1
  10              		.eabi_attribute 30, 1
  11              		.eabi_attribute 34, 1
  12              		.eabi_attribute 18, 4
  13              		.thumb
  14              		.syntax unified
  15              		.file	"ErikaOS_1_ee_shtdown.c"
  16              		.text
  17              	.Ltext0:
  18              		.cfi_sections	.debug_frame
  19              		.section	.text.EE_oo_shutdown,"ax",%progbits
  20              		.align	2
  21              		.thumb
  22              		.thumb_func
  23              		.type	EE_oo_shutdown, %function
  24              	EE_oo_shutdown:
  25              	.LFB60:
  26              		.file 1 "Generated_Source\\PSoC5\\ErikaOS_1_ee_shtdown.c"
   1:Generated_Source\PSoC5/ErikaOS_1_ee_shtdown.c **** /* ###*B*###
   2:Generated_Source\PSoC5/ErikaOS_1_ee_shtdown.c ****  * ERIKA Enterprise - a tiny RTOS for small microcontrollers
   3:Generated_Source\PSoC5/ErikaOS_1_ee_shtdown.c ****  *
   4:Generated_Source\PSoC5/ErikaOS_1_ee_shtdown.c ****  * Copyright (C) 2002-2008  Evidence Srl
   5:Generated_Source\PSoC5/ErikaOS_1_ee_shtdown.c ****  *
   6:Generated_Source\PSoC5/ErikaOS_1_ee_shtdown.c ****  * This file is part of ERIKA Enterprise.
   7:Generated_Source\PSoC5/ErikaOS_1_ee_shtdown.c ****  *
   8:Generated_Source\PSoC5/ErikaOS_1_ee_shtdown.c ****  * ERIKA Enterprise is free software; you can redistribute it
   9:Generated_Source\PSoC5/ErikaOS_1_ee_shtdown.c ****  * and/or modify it under the terms of the GNU General Public License
  10:Generated_Source\PSoC5/ErikaOS_1_ee_shtdown.c ****  * version 2 as published by the Free Software Foundation, 
  11:Generated_Source\PSoC5/ErikaOS_1_ee_shtdown.c ****  * (with a special exception described below).
  12:Generated_Source\PSoC5/ErikaOS_1_ee_shtdown.c ****  *
  13:Generated_Source\PSoC5/ErikaOS_1_ee_shtdown.c ****  * Linking this code statically or dynamically with other modules is
  14:Generated_Source\PSoC5/ErikaOS_1_ee_shtdown.c ****  * making a combined work based on this code.  Thus, the terms and
  15:Generated_Source\PSoC5/ErikaOS_1_ee_shtdown.c ****  * conditions of the GNU General Public License cover the whole
  16:Generated_Source\PSoC5/ErikaOS_1_ee_shtdown.c ****  * combination.
  17:Generated_Source\PSoC5/ErikaOS_1_ee_shtdown.c ****  *
  18:Generated_Source\PSoC5/ErikaOS_1_ee_shtdown.c ****  * As a special exception, the copyright holders of this library give you
  19:Generated_Source\PSoC5/ErikaOS_1_ee_shtdown.c ****  * permission to link this code with independent modules to produce an
  20:Generated_Source\PSoC5/ErikaOS_1_ee_shtdown.c ****  * executable, regardless of the license terms of these independent
  21:Generated_Source\PSoC5/ErikaOS_1_ee_shtdown.c ****  * modules, and to copy and distribute the resulting executable under
  22:Generated_Source\PSoC5/ErikaOS_1_ee_shtdown.c ****  * terms of your choice, provided that you also meet, for each linked
  23:Generated_Source\PSoC5/ErikaOS_1_ee_shtdown.c ****  * independent module, the terms and conditions of the license of that
  24:Generated_Source\PSoC5/ErikaOS_1_ee_shtdown.c ****  * module.  An independent module is a module which is not derived from
  25:Generated_Source\PSoC5/ErikaOS_1_ee_shtdown.c ****  * or based on this library.  If you modify this code, you may extend
  26:Generated_Source\PSoC5/ErikaOS_1_ee_shtdown.c ****  * this exception to your version of the code, but you are not
  27:Generated_Source\PSoC5/ErikaOS_1_ee_shtdown.c ****  * obligated to do so.  If you do not wish to do so, delete this
  28:Generated_Source\PSoC5/ErikaOS_1_ee_shtdown.c ****  * exception statement from your version.
  29:Generated_Source\PSoC5/ErikaOS_1_ee_shtdown.c ****  *
  30:Generated_Source\PSoC5/ErikaOS_1_ee_shtdown.c ****  * ERIKA Enterprise is distributed in the hope that it will be
  31:Generated_Source\PSoC5/ErikaOS_1_ee_shtdown.c ****  * useful, but WITHOUT ANY WARRANTY; without even the implied warranty
ARM GAS  C:\Users\DABBIR~1\AppData\Local\Temp\cct4bnyl.s 			page 2


  32:Generated_Source\PSoC5/ErikaOS_1_ee_shtdown.c ****  * of MERCHANTABILITY or FITNESS FOR A PARTICULAR PURPOSE.  See the
  33:Generated_Source\PSoC5/ErikaOS_1_ee_shtdown.c ****  * GNU General Public License version 2 for more details.
  34:Generated_Source\PSoC5/ErikaOS_1_ee_shtdown.c ****  *
  35:Generated_Source\PSoC5/ErikaOS_1_ee_shtdown.c ****  * You should have received a copy of the GNU General Public License
  36:Generated_Source\PSoC5/ErikaOS_1_ee_shtdown.c ****  * version 2 along with ERIKA Enterprise; if not, write to the
  37:Generated_Source\PSoC5/ErikaOS_1_ee_shtdown.c ****  * Free Software Foundation, Inc., 51 Franklin Street, Fifth Floor,
  38:Generated_Source\PSoC5/ErikaOS_1_ee_shtdown.c ****  * Boston, MA 02110-1301 USA.
  39:Generated_Source\PSoC5/ErikaOS_1_ee_shtdown.c ****  * ###*E*### */
  40:Generated_Source\PSoC5/ErikaOS_1_ee_shtdown.c **** 
  41:Generated_Source\PSoC5/ErikaOS_1_ee_shtdown.c **** /*
  42:Generated_Source\PSoC5/ErikaOS_1_ee_shtdown.c ****  * Author: 2002 Paolo Gai
  43:Generated_Source\PSoC5/ErikaOS_1_ee_shtdown.c ****  * CVS: $Id: ee_shtdown.c,v 1.1 2005/07/16 12:23:42 pj Exp $
  44:Generated_Source\PSoC5/ErikaOS_1_ee_shtdown.c ****  */
  45:Generated_Source\PSoC5/ErikaOS_1_ee_shtdown.c **** 
  46:Generated_Source\PSoC5/ErikaOS_1_ee_shtdown.c **** /*
  47:Generated_Source\PSoC5/ErikaOS_1_ee_shtdown.c ****  * PSoC Port and API Generation
  48:Generated_Source\PSoC5/ErikaOS_1_ee_shtdown.c ****  * Carlos Fernando Meier Martinez
  49:Generated_Source\PSoC5/ErikaOS_1_ee_shtdown.c ****  * Hochschule Darmstadt, Germany. 2017.
  50:Generated_Source\PSoC5/ErikaOS_1_ee_shtdown.c ****  */
  51:Generated_Source\PSoC5/ErikaOS_1_ee_shtdown.c **** 
  52:Generated_Source\PSoC5/ErikaOS_1_ee_shtdown.c **** #include "ErikaOS_1_ee_internal.inc"
  53:Generated_Source\PSoC5/ErikaOS_1_ee_shtdown.c **** 
  54:Generated_Source\PSoC5/ErikaOS_1_ee_shtdown.c **** /* ShutdownOS
  55:Generated_Source\PSoC5/ErikaOS_1_ee_shtdown.c **** 
  56:Generated_Source\PSoC5/ErikaOS_1_ee_shtdown.c ****   - This function simply calls ShutdownHook.
  57:Generated_Source\PSoC5/ErikaOS_1_ee_shtdown.c **** 
  58:Generated_Source\PSoC5/ErikaOS_1_ee_shtdown.c ****   - NOTE: it is not specified into the standard if the ShutdownHook
  59:Generated_Source\PSoC5/ErikaOS_1_ee_shtdown.c ****     have to be called with interrupts disabled or not. The behavior I
  60:Generated_Source\PSoC5/ErikaOS_1_ee_shtdown.c ****     chose is the same for the StartupHook.
  61:Generated_Source\PSoC5/ErikaOS_1_ee_shtdown.c **** 
  62:Generated_Source\PSoC5/ErikaOS_1_ee_shtdown.c ****   - It seems that the only thing that this function has to do is to call
  63:Generated_Source\PSoC5/ErikaOS_1_ee_shtdown.c ****     the ShutdownHook... In any case, if the ShutdownHook returns, a system
  64:Generated_Source\PSoC5/ErikaOS_1_ee_shtdown.c ****     reset is issued!
  65:Generated_Source\PSoC5/ErikaOS_1_ee_shtdown.c **** 
  66:Generated_Source\PSoC5/ErikaOS_1_ee_shtdown.c **** */
  67:Generated_Source\PSoC5/ErikaOS_1_ee_shtdown.c **** 
  68:Generated_Source\PSoC5/ErikaOS_1_ee_shtdown.c **** 
  69:Generated_Source\PSoC5/ErikaOS_1_ee_shtdown.c **** #ifndef __PRIVATE_SHUTDOWNOS__
  70:Generated_Source\PSoC5/ErikaOS_1_ee_shtdown.c **** 
  71:Generated_Source\PSoC5/ErikaOS_1_ee_shtdown.c **** /* If MemMap.inc support is enabled (i.e. because memory protection): use it */
  72:Generated_Source\PSoC5/ErikaOS_1_ee_shtdown.c **** #ifdef EE_SUPPORT_MEMMAP_H
  73:Generated_Source\PSoC5/ErikaOS_1_ee_shtdown.c **** /* Put the following code in ee_kernel_text */
  74:Generated_Source\PSoC5/ErikaOS_1_ee_shtdown.c **** #define OS_START_SEC_CODE
  75:Generated_Source\PSoC5/ErikaOS_1_ee_shtdown.c **** #include "MemMap.inc"
  76:Generated_Source\PSoC5/ErikaOS_1_ee_shtdown.c **** #endif /* EE_SUPPORT_MEMMAP_H */
  77:Generated_Source\PSoC5/ErikaOS_1_ee_shtdown.c **** 
  78:Generated_Source\PSoC5/ErikaOS_1_ee_shtdown.c **** static void EE_oo_shutdown(void);
  79:Generated_Source\PSoC5/ErikaOS_1_ee_shtdown.c **** 
  80:Generated_Source\PSoC5/ErikaOS_1_ee_shtdown.c **** static void EE_oo_shutdown(void)
  81:Generated_Source\PSoC5/ErikaOS_1_ee_shtdown.c **** {
  27              		.loc 1 81 0
  28              		.cfi_startproc
  29              		@ Volatile: function does not return.
  30              		@ args = 0, pretend = 0, frame = 0
  31              		@ frame_needed = 0, uses_anonymous_args = 0
  32              		@ link register save eliminated.
  82:Generated_Source\PSoC5/ErikaOS_1_ee_shtdown.c ****   EE_oo_started = 0U;
ARM GAS  C:\Users\DABBIR~1\AppData\Local\Temp\cct4bnyl.s 			page 3


  33              		.loc 1 82 0
  34 0000 0022     		movs	r2, #0
  35 0002 014B     		ldr	r3, .L3
  36 0004 1A60     		str	r2, [r3]
  37              	.L2:
  38 0006 FEE7     		b	.L2
  39              	.L4:
  40              		.align	2
  41              	.L3:
  42 0008 00000000 		.word	EE_oo_started
  43              		.cfi_endproc
  44              	.LFE60:
  45              		.size	EE_oo_shutdown, .-EE_oo_shutdown
  46              		.section	.text.EE_oo_ShutdownOS_internal,"ax",%progbits
  47              		.align	2
  48              		.global	EE_oo_ShutdownOS_internal
  49              		.thumb
  50              		.thumb_func
  51              		.type	EE_oo_ShutdownOS_internal, %function
  52              	EE_oo_ShutdownOS_internal:
  53              	.LFB62:
  83:Generated_Source\PSoC5/ErikaOS_1_ee_shtdown.c ****   for(;;) {
  84:Generated_Source\PSoC5/ErikaOS_1_ee_shtdown.c ****     ;
  85:Generated_Source\PSoC5/ErikaOS_1_ee_shtdown.c ****   }
  86:Generated_Source\PSoC5/ErikaOS_1_ee_shtdown.c **** }
  87:Generated_Source\PSoC5/ErikaOS_1_ee_shtdown.c **** 
  88:Generated_Source\PSoC5/ErikaOS_1_ee_shtdown.c **** #ifdef __OO_HAS_SHUTDOWNHOOK__
  89:Generated_Source\PSoC5/ErikaOS_1_ee_shtdown.c **** static void EE_oo_call_ShutdownHook(StatusType Error);
  90:Generated_Source\PSoC5/ErikaOS_1_ee_shtdown.c **** 
  91:Generated_Source\PSoC5/ErikaOS_1_ee_shtdown.c **** static void EE_oo_call_ShutdownHook(StatusType Error)
  92:Generated_Source\PSoC5/ErikaOS_1_ee_shtdown.c **** {
  93:Generated_Source\PSoC5/ErikaOS_1_ee_shtdown.c ****   /* Set the context excution at ShutdownHook */
  94:Generated_Source\PSoC5/ErikaOS_1_ee_shtdown.c ****   EE_as_set_execution_context( ShutdownHook_Context );
  95:Generated_Source\PSoC5/ErikaOS_1_ee_shtdown.c ****   ShutdownHook(Error);
  96:Generated_Source\PSoC5/ErikaOS_1_ee_shtdown.c **** }
  97:Generated_Source\PSoC5/ErikaOS_1_ee_shtdown.c **** #else
  98:Generated_Source\PSoC5/ErikaOS_1_ee_shtdown.c **** __INLINE__ void  EE_oo_call_ShutdownHook(StatusType Error);
  99:Generated_Source\PSoC5/ErikaOS_1_ee_shtdown.c **** 
 100:Generated_Source\PSoC5/ErikaOS_1_ee_shtdown.c **** __INLINE__ void  EE_oo_call_ShutdownHook(StatusType Error)
 101:Generated_Source\PSoC5/ErikaOS_1_ee_shtdown.c **** {
 102:Generated_Source\PSoC5/ErikaOS_1_ee_shtdown.c **** }
 103:Generated_Source\PSoC5/ErikaOS_1_ee_shtdown.c **** #endif
 104:Generated_Source\PSoC5/ErikaOS_1_ee_shtdown.c **** 
 105:Generated_Source\PSoC5/ErikaOS_1_ee_shtdown.c **** void EE_oo_ShutdownOS_internal(StatusType Error)
 106:Generated_Source\PSoC5/ErikaOS_1_ee_shtdown.c **** {
  54              		.loc 1 106 0
  55              		.cfi_startproc
  56              		@ Volatile: function does not return.
  57              		@ args = 0, pretend = 0, frame = 0
  58              		@ frame_needed = 0, uses_anonymous_args = 0
  59              	.LVL0:
  60 0000 08B5     		push	{r3, lr}
  61              		.cfi_def_cfa_offset 8
  62              		.cfi_offset 3, -8
  63              		.cfi_offset 14, -4
 107:Generated_Source\PSoC5/ErikaOS_1_ee_shtdown.c ****   /* [OS071]: If the PostTaskHook() is configured, the Operating System shall
 108:Generated_Source\PSoC5/ErikaOS_1_ee_shtdown.c ****       not call the hook if ShutdownOS() is called. */
ARM GAS  C:\Users\DABBIR~1\AppData\Local\Temp\cct4bnyl.s 			page 4


 109:Generated_Source\PSoC5/ErikaOS_1_ee_shtdown.c **** #if 0
 110:Generated_Source\PSoC5/ErikaOS_1_ee_shtdown.c ****   EE_oo_call_PostTaskHook();
 111:Generated_Source\PSoC5/ErikaOS_1_ee_shtdown.c **** #endif
 112:Generated_Source\PSoC5/ErikaOS_1_ee_shtdown.c ****   
 113:Generated_Source\PSoC5/ErikaOS_1_ee_shtdown.c ****   /* Definitely stop the timing protection. I cannot use EE_as_tp_active_stop,
 114:Generated_Source\PSoC5/ErikaOS_1_ee_shtdown.c ****      because it will restart Reclamation Time Frames Budget */
 115:Generated_Source\PSoC5/ErikaOS_1_ee_shtdown.c ****   EE_hal_tp_stop();
 116:Generated_Source\PSoC5/ErikaOS_1_ee_shtdown.c ****   EE_as_tp_active_set(INVALID_TIMING_PROTECTION);
 117:Generated_Source\PSoC5/ErikaOS_1_ee_shtdown.c **** 
 118:Generated_Source\PSoC5/ErikaOS_1_ee_shtdown.c **** #ifdef EE_AS_USER_SPINLOCKS__
 119:Generated_Source\PSoC5/ErikaOS_1_ee_shtdown.c ****   /* [OS620]: ShutdownOS shall release all spinlocks which are occupied by the
 120:Generated_Source\PSoC5/ErikaOS_1_ee_shtdown.c ****        calling core. (BSW4080021) */
 121:Generated_Source\PSoC5/ErikaOS_1_ee_shtdown.c ****   {
 122:Generated_Source\PSoC5/ErikaOS_1_ee_shtdown.c ****     register EE_TYPESPIN spinlock_id;
 123:Generated_Source\PSoC5/ErikaOS_1_ee_shtdown.c **** 
 124:Generated_Source\PSoC5/ErikaOS_1_ee_shtdown.c ****     spinlock_id = EE_as_spinlocks_last[EE_CURRENTCPU];
 125:Generated_Source\PSoC5/ErikaOS_1_ee_shtdown.c ****     while ( spinlock_id != INVALID_SPINLOCK )
 126:Generated_Source\PSoC5/ErikaOS_1_ee_shtdown.c ****     {
 127:Generated_Source\PSoC5/ErikaOS_1_ee_shtdown.c ****       /* Remove the last entry from the data structure */
 128:Generated_Source\PSoC5/ErikaOS_1_ee_shtdown.c ****       EE_as_spinlocks_last[EE_CURRENTCPU] = EE_as_spinlocks_stack[spinlock_id];
 129:Generated_Source\PSoC5/ErikaOS_1_ee_shtdown.c **** 
 130:Generated_Source\PSoC5/ErikaOS_1_ee_shtdown.c ****       /* Free the spinlock */
 131:Generated_Source\PSoC5/ErikaOS_1_ee_shtdown.c ****       EE_as_spinlocks_locker_core[spinlock_id] = INVALID_CORE_ID;
 132:Generated_Source\PSoC5/ErikaOS_1_ee_shtdown.c ****       EE_as_spinlocks_locker_task_or_isr2[spinlock_id] = EE_NIL;
 133:Generated_Source\PSoC5/ErikaOS_1_ee_shtdown.c **** 
 134:Generated_Source\PSoC5/ErikaOS_1_ee_shtdown.c ****       /* Release the lock */
 135:Generated_Source\PSoC5/ErikaOS_1_ee_shtdown.c ****       EE_hal_spin_out(spinlock_id);
 136:Generated_Source\PSoC5/ErikaOS_1_ee_shtdown.c **** 
 137:Generated_Source\PSoC5/ErikaOS_1_ee_shtdown.c ****       spinlock_id = EE_as_spinlocks_last[EE_CURRENTCPU];
 138:Generated_Source\PSoC5/ErikaOS_1_ee_shtdown.c ****     }
 139:Generated_Source\PSoC5/ErikaOS_1_ee_shtdown.c ****   }
 140:Generated_Source\PSoC5/ErikaOS_1_ee_shtdown.c **** #endif /* EE_AS_USER_SPINLOCKS__ */
 141:Generated_Source\PSoC5/ErikaOS_1_ee_shtdown.c **** 
 142:Generated_Source\PSoC5/ErikaOS_1_ee_shtdown.c **** #ifdef EE_AS_OSAPPLICATIONS__
 143:Generated_Source\PSoC5/ErikaOS_1_ee_shtdown.c ****   /* [OS586]: During the shutdown, the OS-Application specific ShutdownHook
 144:Generated_Source\PSoC5/ErikaOS_1_ee_shtdown.c ****       shall be called on the core on which the corresponding OS-Application
 145:Generated_Source\PSoC5/ErikaOS_1_ee_shtdown.c ****       is bound. (BSW4080007) */
 146:Generated_Source\PSoC5/ErikaOS_1_ee_shtdown.c ****   {
 147:Generated_Source\PSoC5/ErikaOS_1_ee_shtdown.c ****     register  ApplicationType i;
 148:Generated_Source\PSoC5/ErikaOS_1_ee_shtdown.c ****     /* Set the context execution at ShutdownHook Context */
 149:Generated_Source\PSoC5/ErikaOS_1_ee_shtdown.c ****     EE_as_set_execution_context( ShutdownHook_Context );
 150:Generated_Source\PSoC5/ErikaOS_1_ee_shtdown.c ****     /* ApplID 0 is always reserved by the Kernel */
 151:Generated_Source\PSoC5/ErikaOS_1_ee_shtdown.c ****     for ( i = 1U; i < EE_MAX_APP; ++i ) {
 152:Generated_Source\PSoC5/ErikaOS_1_ee_shtdown.c ****       register EE_STATUSHOOKTYPE shutdown_hook =
 153:Generated_Source\PSoC5/ErikaOS_1_ee_shtdown.c ****         EE_as_Application_shutdownhook[i];
 154:Generated_Source\PSoC5/ErikaOS_1_ee_shtdown.c **** 
 155:Generated_Source\PSoC5/ErikaOS_1_ee_shtdown.c ****       if ( shutdown_hook != 0U ) {
 156:Generated_Source\PSoC5/ErikaOS_1_ee_shtdown.c ****         /* [OS225]: The Operating System module shall execute an
 157:Generated_Source\PSoC5/ErikaOS_1_ee_shtdown.c ****             application-specific shutdown hook with the access rights of the
 158:Generated_Source\PSoC5/ErikaOS_1_ee_shtdown.c ****             associated OS-Application. */
 159:Generated_Source\PSoC5/ErikaOS_1_ee_shtdown.c ****         EE_hal_call_app_status_hook(Error, shutdown_hook, i);
 160:Generated_Source\PSoC5/ErikaOS_1_ee_shtdown.c ****       }
 161:Generated_Source\PSoC5/ErikaOS_1_ee_shtdown.c ****     }
 162:Generated_Source\PSoC5/ErikaOS_1_ee_shtdown.c ****   }
 163:Generated_Source\PSoC5/ErikaOS_1_ee_shtdown.c **** #endif /* EE_AS_OSAPPLICATIONS__ */
 164:Generated_Source\PSoC5/ErikaOS_1_ee_shtdown.c **** 
 165:Generated_Source\PSoC5/ErikaOS_1_ee_shtdown.c **** #ifdef EE_AS_RPC__
ARM GAS  C:\Users\DABBIR~1\AppData\Local\Temp\cct4bnyl.s 			page 5


 166:Generated_Source\PSoC5/ErikaOS_1_ee_shtdown.c ****   {
 167:Generated_Source\PSoC5/ErikaOS_1_ee_shtdown.c ****     register EE_TYPESPIN spinlock_id = EE_as_core_spinlocks[EE_CURRENTCPU];
 168:Generated_Source\PSoC5/ErikaOS_1_ee_shtdown.c **** 
 169:Generated_Source\PSoC5/ErikaOS_1_ee_shtdown.c ****     /* Check global ShutdownAllCores flag in a critical section */
 170:Generated_Source\PSoC5/ErikaOS_1_ee_shtdown.c ****     EE_hal_spin_in( spinlock_id );
 171:Generated_Source\PSoC5/ErikaOS_1_ee_shtdown.c **** 
 172:Generated_Source\PSoC5/ErikaOS_1_ee_shtdown.c ****     if ( EE_as_shutdown_all_cores_flag != 0U )
 173:Generated_Source\PSoC5/ErikaOS_1_ee_shtdown.c ****     {
 174:Generated_Source\PSoC5/ErikaOS_1_ee_shtdown.c ****       /* Release this core spinlock */
 175:Generated_Source\PSoC5/ErikaOS_1_ee_shtdown.c ****       EE_hal_spin_out( spinlock_id );
 176:Generated_Source\PSoC5/ErikaOS_1_ee_shtdown.c **** 
 177:Generated_Source\PSoC5/ErikaOS_1_ee_shtdown.c ****       /* [OS587]: Before calling the global ShutdownHook, all cores shall be
 178:Generated_Source\PSoC5/ErikaOS_1_ee_shtdown.c ****           synchronized. (BSW4080007) */
 179:Generated_Source\PSoC5/ErikaOS_1_ee_shtdown.c ****       EE_hal_sync_barrier(&EE_shutdownos_barrier, &EE_as_shutdown_mask);
 180:Generated_Source\PSoC5/ErikaOS_1_ee_shtdown.c ****     } else {
 181:Generated_Source\PSoC5/ErikaOS_1_ee_shtdown.c ****       /* Remove this core from the waiting mask: this core has already reached
 182:Generated_Source\PSoC5/ErikaOS_1_ee_shtdown.c ****          the barrier */
 183:Generated_Source\PSoC5/ErikaOS_1_ee_shtdown.c ****       EE_as_shutdown_mask &= (~( (EE_UREG)1U << EE_CURRENTCPU ));
 184:Generated_Source\PSoC5/ErikaOS_1_ee_shtdown.c **** 
 185:Generated_Source\PSoC5/ErikaOS_1_ee_shtdown.c ****       /* Release this core spinlock */
 186:Generated_Source\PSoC5/ErikaOS_1_ee_shtdown.c ****       EE_hal_spin_out( spinlock_id );
 187:Generated_Source\PSoC5/ErikaOS_1_ee_shtdown.c ****     }
 188:Generated_Source\PSoC5/ErikaOS_1_ee_shtdown.c ****   }
 189:Generated_Source\PSoC5/ErikaOS_1_ee_shtdown.c **** #endif /* EE_AS_RPC__ */
 190:Generated_Source\PSoC5/ErikaOS_1_ee_shtdown.c **** 
 191:Generated_Source\PSoC5/ErikaOS_1_ee_shtdown.c ****   /* [OS588]: The global ShutdownHook shall be called on all cores.
 192:Generated_Source\PSoC5/ErikaOS_1_ee_shtdown.c ****       (BSW4080007) */
 193:Generated_Source\PSoC5/ErikaOS_1_ee_shtdown.c ****   EE_oo_call_ShutdownHook(Error);
 194:Generated_Source\PSoC5/ErikaOS_1_ee_shtdown.c **** 
 195:Generated_Source\PSoC5/ErikaOS_1_ee_shtdown.c ****   EE_ORTI_set_service_out(EE_SERVICETRACE_SHUTDOWNOS);
 196:Generated_Source\PSoC5/ErikaOS_1_ee_shtdown.c **** 
 197:Generated_Source\PSoC5/ErikaOS_1_ee_shtdown.c ****   EE_oo_shutdown();
  64              		.loc 1 197 0
  65 0002 FFF7FEFF 		bl	EE_oo_shutdown
  66              	.LVL1:
  67              		.cfi_endproc
  68              	.LFE62:
  69              		.size	EE_oo_ShutdownOS_internal, .-EE_oo_ShutdownOS_internal
  70 0006 00BF     		.section	.text.EE_oo_ShutdownOS,"ax",%progbits
  71              		.align	2
  72              		.global	EE_oo_ShutdownOS
  73              		.thumb
  74              		.thumb_func
  75              		.type	EE_oo_ShutdownOS, %function
  76              	EE_oo_ShutdownOS:
  77              	.LFB63:
 198:Generated_Source\PSoC5/ErikaOS_1_ee_shtdown.c **** }
 199:Generated_Source\PSoC5/ErikaOS_1_ee_shtdown.c **** 
 200:Generated_Source\PSoC5/ErikaOS_1_ee_shtdown.c **** void EE_oo_ShutdownOS( StatusType Error )
 201:Generated_Source\PSoC5/ErikaOS_1_ee_shtdown.c **** {
  78              		.loc 1 201 0
  79              		.cfi_startproc
  80              		@ Volatile: function does not return.
  81              		@ args = 0, pretend = 0, frame = 0
  82              		@ frame_needed = 0, uses_anonymous_args = 0
  83              	.LVL2:
  84 0000 08B5     		push	{r3, lr}
ARM GAS  C:\Users\DABBIR~1\AppData\Local\Temp\cct4bnyl.s 			page 6


  85              		.cfi_def_cfa_offset 8
  86              		.cfi_offset 3, -8
  87              		.cfi_offset 14, -4
  88              	.LBB18:
  89              	.LBB19:
  90              	.LBB20:
  91              		.file 2 "Generated_Source\\PSoC5\\ErikaOS_1_cortex_mx_ee_cpu.inc"
   1:Generated_Source\PSoC5/ErikaOS_1_cortex_mx_ee_cpu.inc **** /* ###*B*###
   2:Generated_Source\PSoC5/ErikaOS_1_cortex_mx_ee_cpu.inc ****  * ERIKA Enterprise - a tiny RTOS for small microcontrollers
   3:Generated_Source\PSoC5/ErikaOS_1_cortex_mx_ee_cpu.inc ****  *
   4:Generated_Source\PSoC5/ErikaOS_1_cortex_mx_ee_cpu.inc ****  * Copyright (C) 2002-2011  Evidence Srl
   5:Generated_Source\PSoC5/ErikaOS_1_cortex_mx_ee_cpu.inc ****  *
   6:Generated_Source\PSoC5/ErikaOS_1_cortex_mx_ee_cpu.inc ****  * This file is part of ERIKA Enterprise.
   7:Generated_Source\PSoC5/ErikaOS_1_cortex_mx_ee_cpu.inc ****  *
   8:Generated_Source\PSoC5/ErikaOS_1_cortex_mx_ee_cpu.inc ****  * ERIKA Enterprise is free software; you can redistribute it
   9:Generated_Source\PSoC5/ErikaOS_1_cortex_mx_ee_cpu.inc ****  * and/or modify it under the terms of the GNU General Public License
  10:Generated_Source\PSoC5/ErikaOS_1_cortex_mx_ee_cpu.inc ****  * version 2 as published by the Free Software Foundation, 
  11:Generated_Source\PSoC5/ErikaOS_1_cortex_mx_ee_cpu.inc ****  * (with a special exception described below).
  12:Generated_Source\PSoC5/ErikaOS_1_cortex_mx_ee_cpu.inc ****  *
  13:Generated_Source\PSoC5/ErikaOS_1_cortex_mx_ee_cpu.inc ****  * Linking this code statically or dynamically with other modules is
  14:Generated_Source\PSoC5/ErikaOS_1_cortex_mx_ee_cpu.inc ****  * making a combined work based on this code.  Thus, the terms and
  15:Generated_Source\PSoC5/ErikaOS_1_cortex_mx_ee_cpu.inc ****  * conditions of the GNU General Public License cover the whole
  16:Generated_Source\PSoC5/ErikaOS_1_cortex_mx_ee_cpu.inc ****  * combination.
  17:Generated_Source\PSoC5/ErikaOS_1_cortex_mx_ee_cpu.inc ****  *
  18:Generated_Source\PSoC5/ErikaOS_1_cortex_mx_ee_cpu.inc ****  * As a special exception, the copyright holders of this library give you
  19:Generated_Source\PSoC5/ErikaOS_1_cortex_mx_ee_cpu.inc ****  * permission to link this code with independent modules to produce an
  20:Generated_Source\PSoC5/ErikaOS_1_cortex_mx_ee_cpu.inc ****  * executable, regardless of the license terms of these independent
  21:Generated_Source\PSoC5/ErikaOS_1_cortex_mx_ee_cpu.inc ****  * modules, and to copy and distribute the resulting executable under
  22:Generated_Source\PSoC5/ErikaOS_1_cortex_mx_ee_cpu.inc ****  * terms of your choice, provided that you also meet, for each linked
  23:Generated_Source\PSoC5/ErikaOS_1_cortex_mx_ee_cpu.inc ****  * independent module, the terms and conditions of the license of that
  24:Generated_Source\PSoC5/ErikaOS_1_cortex_mx_ee_cpu.inc ****  * module.  An independent module is a module which is not derived from
  25:Generated_Source\PSoC5/ErikaOS_1_cortex_mx_ee_cpu.inc ****  * or based on this library.  If you modify this code, you may extend
  26:Generated_Source\PSoC5/ErikaOS_1_cortex_mx_ee_cpu.inc ****  * this exception to your version of the code, but you are not
  27:Generated_Source\PSoC5/ErikaOS_1_cortex_mx_ee_cpu.inc ****  * obligated to do so.  If you do not wish to do so, delete this
  28:Generated_Source\PSoC5/ErikaOS_1_cortex_mx_ee_cpu.inc ****  * exception statement from your version.
  29:Generated_Source\PSoC5/ErikaOS_1_cortex_mx_ee_cpu.inc ****  *
  30:Generated_Source\PSoC5/ErikaOS_1_cortex_mx_ee_cpu.inc ****  * ERIKA Enterprise is distributed in the hope that it will be
  31:Generated_Source\PSoC5/ErikaOS_1_cortex_mx_ee_cpu.inc ****  * useful, but WITHOUT ANY WARRANTY; without even the implied warranty
  32:Generated_Source\PSoC5/ErikaOS_1_cortex_mx_ee_cpu.inc ****  * of MERCHANTABILITY or FITNESS FOR A PARTICULAR PURPOSE.  See the
  33:Generated_Source\PSoC5/ErikaOS_1_cortex_mx_ee_cpu.inc ****  * GNU General Public License version 2 for more details.
  34:Generated_Source\PSoC5/ErikaOS_1_cortex_mx_ee_cpu.inc ****  *
  35:Generated_Source\PSoC5/ErikaOS_1_cortex_mx_ee_cpu.inc ****  * You should have received a copy of the GNU General Public License
  36:Generated_Source\PSoC5/ErikaOS_1_cortex_mx_ee_cpu.inc ****  * version 2 along with ERIKA Enterprise; if not, write to the
  37:Generated_Source\PSoC5/ErikaOS_1_cortex_mx_ee_cpu.inc ****  * Free Software Foundation, Inc., 51 Franklin Street, Fifth Floor,
  38:Generated_Source\PSoC5/ErikaOS_1_cortex_mx_ee_cpu.inc ****  * Boston, MA 02110-1301 USA.
  39:Generated_Source\PSoC5/ErikaOS_1_cortex_mx_ee_cpu.inc ****  * ###*E*### */
  40:Generated_Source\PSoC5/ErikaOS_1_cortex_mx_ee_cpu.inc **** 
  41:Generated_Source\PSoC5/ErikaOS_1_cortex_mx_ee_cpu.inc **** /** 
  42:Generated_Source\PSoC5/ErikaOS_1_cortex_mx_ee_cpu.inc **** 	@file ee_cpu.h
  43:Generated_Source\PSoC5/ErikaOS_1_cortex_mx_ee_cpu.inc **** 	@brief CPU-dependent part of HAL. Derived from pkg/cpu/pic30/inc/ee_cpu.h
  44:Generated_Source\PSoC5/ErikaOS_1_cortex_mx_ee_cpu.inc **** 	@author Gianluca Franchino
  45:Generated_Source\PSoC5/ErikaOS_1_cortex_mx_ee_cpu.inc **** 	@author Giuseppe Serano
  46:Generated_Source\PSoC5/ErikaOS_1_cortex_mx_ee_cpu.inc **** 	@date 2011
  47:Generated_Source\PSoC5/ErikaOS_1_cortex_mx_ee_cpu.inc **** */ 
  48:Generated_Source\PSoC5/ErikaOS_1_cortex_mx_ee_cpu.inc ****     
  49:Generated_Source\PSoC5/ErikaOS_1_cortex_mx_ee_cpu.inc **** /*
  50:Generated_Source\PSoC5/ErikaOS_1_cortex_mx_ee_cpu.inc ****  * PSoC Port and API Generation
ARM GAS  C:\Users\DABBIR~1\AppData\Local\Temp\cct4bnyl.s 			page 7


  51:Generated_Source\PSoC5/ErikaOS_1_cortex_mx_ee_cpu.inc ****  * Carlos Fernando Meier Martinez
  52:Generated_Source\PSoC5/ErikaOS_1_cortex_mx_ee_cpu.inc ****  * Hochschule Darmstadt, Germany. 2017.
  53:Generated_Source\PSoC5/ErikaOS_1_cortex_mx_ee_cpu.inc ****  */
  54:Generated_Source\PSoC5/ErikaOS_1_cortex_mx_ee_cpu.inc **** 
  55:Generated_Source\PSoC5/ErikaOS_1_cortex_mx_ee_cpu.inc **** #ifndef __INCLUDE_CORTEX_MX_EE_CPU_H__
  56:Generated_Source\PSoC5/ErikaOS_1_cortex_mx_ee_cpu.inc **** #define __INCLUDE_CORTEX_MX_EE_CPU_H__
  57:Generated_Source\PSoC5/ErikaOS_1_cortex_mx_ee_cpu.inc **** 
  58:Generated_Source\PSoC5/ErikaOS_1_cortex_mx_ee_cpu.inc **** #include "ErikaOS_1_eecfg.inc"
  59:Generated_Source\PSoC5/ErikaOS_1_cortex_mx_ee_cpu.inc **** 
  60:Generated_Source\PSoC5/ErikaOS_1_cortex_mx_ee_cpu.inc **** 
  61:Generated_Source\PSoC5/ErikaOS_1_cortex_mx_ee_cpu.inc **** #ifdef __GNU__
  62:Generated_Source\PSoC5/ErikaOS_1_cortex_mx_ee_cpu.inc **** #include "ErikaOS_1_common_ee_compiler_gcc.inc"
  63:Generated_Source\PSoC5/ErikaOS_1_cortex_mx_ee_cpu.inc **** #endif
  64:Generated_Source\PSoC5/ErikaOS_1_cortex_mx_ee_cpu.inc **** 
  65:Generated_Source\PSoC5/ErikaOS_1_cortex_mx_ee_cpu.inc **** /* Initial stack offset (in words): Used in multistack. */
  66:Generated_Source\PSoC5/ErikaOS_1_cortex_mx_ee_cpu.inc **** #ifndef CORTEX_MX_INIT_TOS_OFFSET
  67:Generated_Source\PSoC5/ErikaOS_1_cortex_mx_ee_cpu.inc **** #define CORTEX_MX_INIT_TOS_OFFSET 10
  68:Generated_Source\PSoC5/ErikaOS_1_cortex_mx_ee_cpu.inc **** #endif
  69:Generated_Source\PSoC5/ErikaOS_1_cortex_mx_ee_cpu.inc **** 
  70:Generated_Source\PSoC5/ErikaOS_1_cortex_mx_ee_cpu.inc **** /*************************************************************************
  71:Generated_Source\PSoC5/ErikaOS_1_cortex_mx_ee_cpu.inc ****  HAL Types and structures
  72:Generated_Source\PSoC5/ErikaOS_1_cortex_mx_ee_cpu.inc ****  *************************************************************************/
  73:Generated_Source\PSoC5/ErikaOS_1_cortex_mx_ee_cpu.inc **** 
  74:Generated_Source\PSoC5/ErikaOS_1_cortex_mx_ee_cpu.inc **** /* Primitive data types */
  75:Generated_Source\PSoC5/ErikaOS_1_cortex_mx_ee_cpu.inc **** #include "ErikaOS_1_common_ee_types.inc"
  76:Generated_Source\PSoC5/ErikaOS_1_cortex_mx_ee_cpu.inc **** 
  77:Generated_Source\PSoC5/ErikaOS_1_cortex_mx_ee_cpu.inc **** typedef EE_UINT32 EE_UREG;
  78:Generated_Source\PSoC5/ErikaOS_1_cortex_mx_ee_cpu.inc **** typedef EE_INT32  EE_SREG;
  79:Generated_Source\PSoC5/ErikaOS_1_cortex_mx_ee_cpu.inc **** typedef EE_UINT32 EE_FREG;
  80:Generated_Source\PSoC5/ErikaOS_1_cortex_mx_ee_cpu.inc **** #define EE_UREG_SIZE 4
  81:Generated_Source\PSoC5/ErikaOS_1_cortex_mx_ee_cpu.inc **** 
  82:Generated_Source\PSoC5/ErikaOS_1_cortex_mx_ee_cpu.inc **** /* boolean type */
  83:Generated_Source\PSoC5/ErikaOS_1_cortex_mx_ee_cpu.inc **** #ifndef EE_TYPEBOOL
  84:Generated_Source\PSoC5/ErikaOS_1_cortex_mx_ee_cpu.inc **** typedef EE_UREG EE_TYPEBOOL;
  85:Generated_Source\PSoC5/ErikaOS_1_cortex_mx_ee_cpu.inc **** #endif
  86:Generated_Source\PSoC5/ErikaOS_1_cortex_mx_ee_cpu.inc **** 
  87:Generated_Source\PSoC5/ErikaOS_1_cortex_mx_ee_cpu.inc **** /* boolean true define */
  88:Generated_Source\PSoC5/ErikaOS_1_cortex_mx_ee_cpu.inc **** #ifndef EE_TRUE
  89:Generated_Source\PSoC5/ErikaOS_1_cortex_mx_ee_cpu.inc **** #define EE_TRUE ((EE_TYPEBOOL)1U)
  90:Generated_Source\PSoC5/ErikaOS_1_cortex_mx_ee_cpu.inc **** #endif
  91:Generated_Source\PSoC5/ErikaOS_1_cortex_mx_ee_cpu.inc **** 
  92:Generated_Source\PSoC5/ErikaOS_1_cortex_mx_ee_cpu.inc **** /* boolean false define */
  93:Generated_Source\PSoC5/ErikaOS_1_cortex_mx_ee_cpu.inc **** #ifndef EE_FALSE
  94:Generated_Source\PSoC5/ErikaOS_1_cortex_mx_ee_cpu.inc **** #define EE_FALSE ((EE_TYPEBOOL)0U)
  95:Generated_Source\PSoC5/ErikaOS_1_cortex_mx_ee_cpu.inc **** #endif
  96:Generated_Source\PSoC5/ErikaOS_1_cortex_mx_ee_cpu.inc **** 
  97:Generated_Source\PSoC5/ErikaOS_1_cortex_mx_ee_cpu.inc **** #define	EE_HWREG_PTR		volatile EE_UREG *
  98:Generated_Source\PSoC5/ErikaOS_1_cortex_mx_ee_cpu.inc **** #define	EE_HWREG_ADDR(x)	((EE_HWREG_PTR)(x))
  99:Generated_Source\PSoC5/ErikaOS_1_cortex_mx_ee_cpu.inc **** #define	EE_HWREG(x)		(*EE_HWREG_ADDR(x))
 100:Generated_Source\PSoC5/ErikaOS_1_cortex_mx_ee_cpu.inc **** 
 101:Generated_Source\PSoC5/ErikaOS_1_cortex_mx_ee_cpu.inc **** #ifdef __GNU__
 102:Generated_Source\PSoC5/ErikaOS_1_cortex_mx_ee_cpu.inc **** 
 103:Generated_Source\PSoC5/ErikaOS_1_cortex_mx_ee_cpu.inc **** /* Get current SP */
 104:Generated_Source\PSoC5/ErikaOS_1_cortex_mx_ee_cpu.inc **** __INLINE__ EE_UINT32  __current_sp(void)
 105:Generated_Source\PSoC5/ErikaOS_1_cortex_mx_ee_cpu.inc **** {
 106:Generated_Source\PSoC5/ErikaOS_1_cortex_mx_ee_cpu.inc **** EE_UINT32 temp;
 107:Generated_Source\PSoC5/ErikaOS_1_cortex_mx_ee_cpu.inc **** __ASM ("mov %0, sp" : "=r" (temp) : );
ARM GAS  C:\Users\DABBIR~1\AppData\Local\Temp\cct4bnyl.s 			page 8


 108:Generated_Source\PSoC5/ErikaOS_1_cortex_mx_ee_cpu.inc **** return temp;
 109:Generated_Source\PSoC5/ErikaOS_1_cortex_mx_ee_cpu.inc **** }
 110:Generated_Source\PSoC5/ErikaOS_1_cortex_mx_ee_cpu.inc **** 
 111:Generated_Source\PSoC5/ErikaOS_1_cortex_mx_ee_cpu.inc **** /* Set a breakpoint */
 112:Generated_Source\PSoC5/ErikaOS_1_cortex_mx_ee_cpu.inc **** #define __breakpoint(value)	__ASM ("bkpt "#value)
 113:Generated_Source\PSoC5/ErikaOS_1_cortex_mx_ee_cpu.inc **** 
 114:Generated_Source\PSoC5/ErikaOS_1_cortex_mx_ee_cpu.inc **** #endif
 115:Generated_Source\PSoC5/ErikaOS_1_cortex_mx_ee_cpu.inc **** 
 116:Generated_Source\PSoC5/ErikaOS_1_cortex_mx_ee_cpu.inc **** /* ISR Priority representation type */
 117:Generated_Source\PSoC5/ErikaOS_1_cortex_mx_ee_cpu.inc **** typedef EE_UREG EE_TYPEISR2PRIO;
 118:Generated_Source\PSoC5/ErikaOS_1_cortex_mx_ee_cpu.inc **** 
 119:Generated_Source\PSoC5/ErikaOS_1_cortex_mx_ee_cpu.inc **** /* Thread IDs */
 120:Generated_Source\PSoC5/ErikaOS_1_cortex_mx_ee_cpu.inc **** typedef EE_INT32 EE_TID;
 121:Generated_Source\PSoC5/ErikaOS_1_cortex_mx_ee_cpu.inc **** 
 122:Generated_Source\PSoC5/ErikaOS_1_cortex_mx_ee_cpu.inc **** /* Thread IDs - unsigned version*/
 123:Generated_Source\PSoC5/ErikaOS_1_cortex_mx_ee_cpu.inc **** typedef EE_UINT32 EE_UTID;
 124:Generated_Source\PSoC5/ErikaOS_1_cortex_mx_ee_cpu.inc **** 
 125:Generated_Source\PSoC5/ErikaOS_1_cortex_mx_ee_cpu.inc **** /* Used by the common layer to decide whether to start a new thread */
 126:Generated_Source\PSoC5/ErikaOS_1_cortex_mx_ee_cpu.inc **** #define TID_IS_STACKED_MARK 0x80000000
 127:Generated_Source\PSoC5/ErikaOS_1_cortex_mx_ee_cpu.inc **** 
 128:Generated_Source\PSoC5/ErikaOS_1_cortex_mx_ee_cpu.inc **** /* EE_TYPEIRQ is currently unused */
 129:Generated_Source\PSoC5/ErikaOS_1_cortex_mx_ee_cpu.inc **** 
 130:Generated_Source\PSoC5/ErikaOS_1_cortex_mx_ee_cpu.inc **** /* XXX: define EE_TIME? */
 131:Generated_Source\PSoC5/ErikaOS_1_cortex_mx_ee_cpu.inc **** 
 132:Generated_Source\PSoC5/ErikaOS_1_cortex_mx_ee_cpu.inc **** /* Use the "standard" implementation */
 133:Generated_Source\PSoC5/ErikaOS_1_cortex_mx_ee_cpu.inc **** #include "ErikaOS_1_common_ee_hal_structs.inc"
 134:Generated_Source\PSoC5/ErikaOS_1_cortex_mx_ee_cpu.inc **** 
 135:Generated_Source\PSoC5/ErikaOS_1_cortex_mx_ee_cpu.inc **** /******************************************************************************
 136:Generated_Source\PSoC5/ErikaOS_1_cortex_mx_ee_cpu.inc ****  Application dependent data types
 137:Generated_Source\PSoC5/ErikaOS_1_cortex_mx_ee_cpu.inc ****  ******************************************************************************/
 138:Generated_Source\PSoC5/ErikaOS_1_cortex_mx_ee_cpu.inc **** 
 139:Generated_Source\PSoC5/ErikaOS_1_cortex_mx_ee_cpu.inc **** #ifdef	__HAS_TYPES_H__
 140:Generated_Source\PSoC5/ErikaOS_1_cortex_mx_ee_cpu.inc **** #include	"types.h"
 141:Generated_Source\PSoC5/ErikaOS_1_cortex_mx_ee_cpu.inc **** #endif
 142:Generated_Source\PSoC5/ErikaOS_1_cortex_mx_ee_cpu.inc **** 
 143:Generated_Source\PSoC5/ErikaOS_1_cortex_mx_ee_cpu.inc **** /******************************************************************************
 144:Generated_Source\PSoC5/ErikaOS_1_cortex_mx_ee_cpu.inc ****  CPU Peripherals
 145:Generated_Source\PSoC5/ErikaOS_1_cortex_mx_ee_cpu.inc ****  ******************************************************************************/
 146:Generated_Source\PSoC5/ErikaOS_1_cortex_mx_ee_cpu.inc **** 
 147:Generated_Source\PSoC5/ErikaOS_1_cortex_mx_ee_cpu.inc **** #ifdef __CORTEX_MX__
 148:Generated_Source\PSoC5/ErikaOS_1_cortex_mx_ee_cpu.inc **** #include "ErikaOS_1_cortex_mx_ee_nvic.inc"
 149:Generated_Source\PSoC5/ErikaOS_1_cortex_mx_ee_cpu.inc **** #include "ErikaOS_1_cortex_mx_ee_systick.inc"
 150:Generated_Source\PSoC5/ErikaOS_1_cortex_mx_ee_cpu.inc **** #endif
 151:Generated_Source\PSoC5/ErikaOS_1_cortex_mx_ee_cpu.inc **** 
 152:Generated_Source\PSoC5/ErikaOS_1_cortex_mx_ee_cpu.inc **** /******************************************************************************
 153:Generated_Source\PSoC5/ErikaOS_1_cortex_mx_ee_cpu.inc ****  HAL Variables
 154:Generated_Source\PSoC5/ErikaOS_1_cortex_mx_ee_cpu.inc ****  ******************************************************************************/
 155:Generated_Source\PSoC5/ErikaOS_1_cortex_mx_ee_cpu.inc **** 
 156:Generated_Source\PSoC5/ErikaOS_1_cortex_mx_ee_cpu.inc **** #ifdef __MULTI__
 157:Generated_Source\PSoC5/ErikaOS_1_cortex_mx_ee_cpu.inc **** 
 158:Generated_Source\PSoC5/ErikaOS_1_cortex_mx_ee_cpu.inc **** /* Top-of-stack of each private stack */
 159:Generated_Source\PSoC5/ErikaOS_1_cortex_mx_ee_cpu.inc **** extern struct EE_TOS EE_cortex_mx_system_tos[];
 160:Generated_Source\PSoC5/ErikaOS_1_cortex_mx_ee_cpu.inc **** //#define	EE_std_system_tos EE_cortex_mx_system_tos
 161:Generated_Source\PSoC5/ErikaOS_1_cortex_mx_ee_cpu.inc **** 
 162:Generated_Source\PSoC5/ErikaOS_1_cortex_mx_ee_cpu.inc **** /* Index of the current stack */
 163:Generated_Source\PSoC5/ErikaOS_1_cortex_mx_ee_cpu.inc **** extern EE_UREG EE_cortex_mx_active_tos;
 164:Generated_Source\PSoC5/ErikaOS_1_cortex_mx_ee_cpu.inc **** #define	EE_hal_active_tos EE_cortex_mx_active_tos
ARM GAS  C:\Users\DABBIR~1\AppData\Local\Temp\cct4bnyl.s 			page 9


 165:Generated_Source\PSoC5/ErikaOS_1_cortex_mx_ee_cpu.inc **** 
 166:Generated_Source\PSoC5/ErikaOS_1_cortex_mx_ee_cpu.inc **** /*extern	EE_UREG EE_pic30_thread_tos[];
 167:Generated_Source\PSoC5/ErikaOS_1_cortex_mx_ee_cpu.inc **** #define	EE_std_thread_tos EE_pic30_thread_tos */
 168:Generated_Source\PSoC5/ErikaOS_1_cortex_mx_ee_cpu.inc **** #endif /* __MULTI__ */
 169:Generated_Source\PSoC5/ErikaOS_1_cortex_mx_ee_cpu.inc **** 
 170:Generated_Source\PSoC5/ErikaOS_1_cortex_mx_ee_cpu.inc **** /*********************************************************************
 171:Generated_Source\PSoC5/ErikaOS_1_cortex_mx_ee_cpu.inc ****  Cortex M0 interrupt disabling/enabling
 172:Generated_Source\PSoC5/ErikaOS_1_cortex_mx_ee_cpu.inc ****  *********************************************************************/
 173:Generated_Source\PSoC5/ErikaOS_1_cortex_mx_ee_cpu.inc **** 
 174:Generated_Source\PSoC5/ErikaOS_1_cortex_mx_ee_cpu.inc **** /* Used to check the value returned by EE_cortex_mx_disableIRQ */
 175:Generated_Source\PSoC5/ErikaOS_1_cortex_mx_ee_cpu.inc **** #define EE_cortex_mx_are_IRQs_enabled(ie) ((ie) ^ 1)
 176:Generated_Source\PSoC5/ErikaOS_1_cortex_mx_ee_cpu.inc **** 
 177:Generated_Source\PSoC5/ErikaOS_1_cortex_mx_ee_cpu.inc **** /**
 178:Generated_Source\PSoC5/ErikaOS_1_cortex_mx_ee_cpu.inc ****  * Enable interrupts
 179:Generated_Source\PSoC5/ErikaOS_1_cortex_mx_ee_cpu.inc ****  */
 180:Generated_Source\PSoC5/ErikaOS_1_cortex_mx_ee_cpu.inc **** __INLINE__ void  EE_cortex_mx_enableIRQ(void)
 181:Generated_Source\PSoC5/ErikaOS_1_cortex_mx_ee_cpu.inc **** {
 182:Generated_Source\PSoC5/ErikaOS_1_cortex_mx_ee_cpu.inc **** #ifdef __IAR__
 183:Generated_Source\PSoC5/ErikaOS_1_cortex_mx_ee_cpu.inc **** 	__ASM ("cpsie i");
 184:Generated_Source\PSoC5/ErikaOS_1_cortex_mx_ee_cpu.inc **** #else	/* __IAR__ */
 185:Generated_Source\PSoC5/ErikaOS_1_cortex_mx_ee_cpu.inc **** #ifdef __CCS__
 186:Generated_Source\PSoC5/ErikaOS_1_cortex_mx_ee_cpu.inc **** 	__ASM ("    cpsie    i\n");
 187:Generated_Source\PSoC5/ErikaOS_1_cortex_mx_ee_cpu.inc **** #else	/* __CCS__ */
 188:Generated_Source\PSoC5/ErikaOS_1_cortex_mx_ee_cpu.inc **** #ifdef __KEIL__
 189:Generated_Source\PSoC5/ErikaOS_1_cortex_mx_ee_cpu.inc **** 	__enable_irq();
 190:Generated_Source\PSoC5/ErikaOS_1_cortex_mx_ee_cpu.inc **** #else	/* __KEIL__ */
 191:Generated_Source\PSoC5/ErikaOS_1_cortex_mx_ee_cpu.inc **** 	__ASM volatile("cpsie i");
 192:Generated_Source\PSoC5/ErikaOS_1_cortex_mx_ee_cpu.inc **** #endif	/* !__KEIL__ */
 193:Generated_Source\PSoC5/ErikaOS_1_cortex_mx_ee_cpu.inc **** #endif	/* !__CCS__ */
 194:Generated_Source\PSoC5/ErikaOS_1_cortex_mx_ee_cpu.inc **** #endif	/* !__IAR__ */
 195:Generated_Source\PSoC5/ErikaOS_1_cortex_mx_ee_cpu.inc **** }
 196:Generated_Source\PSoC5/ErikaOS_1_cortex_mx_ee_cpu.inc **** 
 197:Generated_Source\PSoC5/ErikaOS_1_cortex_mx_ee_cpu.inc **** /**
 198:Generated_Source\PSoC5/ErikaOS_1_cortex_mx_ee_cpu.inc ****  * Disable interrupts
 199:Generated_Source\PSoC5/ErikaOS_1_cortex_mx_ee_cpu.inc ****  */
 200:Generated_Source\PSoC5/ErikaOS_1_cortex_mx_ee_cpu.inc **** __INLINE__ void  EE_cortex_mx_disableIRQ(void)
 201:Generated_Source\PSoC5/ErikaOS_1_cortex_mx_ee_cpu.inc **** {
 202:Generated_Source\PSoC5/ErikaOS_1_cortex_mx_ee_cpu.inc **** #ifdef __IAR__
 203:Generated_Source\PSoC5/ErikaOS_1_cortex_mx_ee_cpu.inc **** 	__ASM ("cpsid i");
 204:Generated_Source\PSoC5/ErikaOS_1_cortex_mx_ee_cpu.inc **** #else	/* __IAR__ */
 205:Generated_Source\PSoC5/ErikaOS_1_cortex_mx_ee_cpu.inc **** #ifdef __CCS__
 206:Generated_Source\PSoC5/ErikaOS_1_cortex_mx_ee_cpu.inc **** 	__ASM ("    cpsid    i\n");
 207:Generated_Source\PSoC5/ErikaOS_1_cortex_mx_ee_cpu.inc **** #else	/* __CCS__ */
 208:Generated_Source\PSoC5/ErikaOS_1_cortex_mx_ee_cpu.inc **** #ifdef __KEIL__
 209:Generated_Source\PSoC5/ErikaOS_1_cortex_mx_ee_cpu.inc **** 	__disable_irq();
 210:Generated_Source\PSoC5/ErikaOS_1_cortex_mx_ee_cpu.inc **** #else	/* __KEIL__ */
 211:Generated_Source\PSoC5/ErikaOS_1_cortex_mx_ee_cpu.inc **** 	__ASM volatile("cpsid i");
  92              		.loc 2 211 0
  93              		.syntax unified
  94              	@ 211 "Generated_Source\PSoC5\ErikaOS_1_cortex_mx_ee_cpu.inc" 1
  95 0002 72B6     		cpsid i
  96              	@ 0 "" 2
  97              		.thumb
  98              		.syntax unified
  99              	.LBE20:
 100              	.LBE19:
 101              	.LBE18:
ARM GAS  C:\Users\DABBIR~1\AppData\Local\Temp\cct4bnyl.s 			page 10


 202:Generated_Source\PSoC5/ErikaOS_1_ee_shtdown.c ****   /* Primitive Lock Procedure */
 203:Generated_Source\PSoC5/ErikaOS_1_ee_shtdown.c ****   EE_OS_FOREVER_CRITICAL_SECTION();
 204:Generated_Source\PSoC5/ErikaOS_1_ee_shtdown.c **** 
 205:Generated_Source\PSoC5/ErikaOS_1_ee_shtdown.c ****   EE_ORTI_set_service_in(EE_SERVICETRACE_SHUTDOWNOS);
 206:Generated_Source\PSoC5/ErikaOS_1_ee_shtdown.c **** 
 207:Generated_Source\PSoC5/ErikaOS_1_ee_shtdown.c **** #ifdef EE_SERVICE_PROTECTION__
 208:Generated_Source\PSoC5/ErikaOS_1_ee_shtdown.c ****   /* [OS093]: If interrupts are disabled/suspended by a Task/OsIsr and the
 209:Generated_Source\PSoC5/ErikaOS_1_ee_shtdown.c ****       Task/OsIsr calls any OS service (excluding the interrupt services)
 210:Generated_Source\PSoC5/ErikaOS_1_ee_shtdown.c ****       then the Operating System shall ignore the service AND shall return
 211:Generated_Source\PSoC5/ErikaOS_1_ee_shtdown.c ****       E_OS_DISABLEDINT if the service returns a StatusType value. */
 212:Generated_Source\PSoC5/ErikaOS_1_ee_shtdown.c ****   /* [OS088]: If an OS-Application makes a service call from the wrong context
 213:Generated_Source\PSoC5/ErikaOS_1_ee_shtdown.c ****       AND is currently not inside a Category 1 ISR the Operating System module
 214:Generated_Source\PSoC5/ErikaOS_1_ee_shtdown.c ****       shall not perform the requested action (the service call shall have no
 215:Generated_Source\PSoC5/ErikaOS_1_ee_shtdown.c ****       effect), and return E_OS_CALLEVEL (see [12], section 13.1) or the
 216:Generated_Source\PSoC5/ErikaOS_1_ee_shtdown.c ****       "invalid value" of the service. (BSW11009, BSW11013) */
 217:Generated_Source\PSoC5/ErikaOS_1_ee_shtdown.c ****   /* ShutdownOS is callable by Task and ISR2, ErrorHook and StartupHook */
 218:Generated_Source\PSoC5/ErikaOS_1_ee_shtdown.c ****   if ( EE_oo_check_disableint_error() ) {
 219:Generated_Source\PSoC5/ErikaOS_1_ee_shtdown.c ****     EE_ORTI_set_service_out(EE_SERVICETRACE_SHUTDOWNOS);
 220:Generated_Source\PSoC5/ErikaOS_1_ee_shtdown.c ****   } else if ( (EE_as_execution_context > ErrorHook_Context) &&
 221:Generated_Source\PSoC5/ErikaOS_1_ee_shtdown.c ****     (EE_as_execution_context != StartupHook_Context) )
 222:Generated_Source\PSoC5/ErikaOS_1_ee_shtdown.c ****   {
 223:Generated_Source\PSoC5/ErikaOS_1_ee_shtdown.c ****     EE_ORTI_set_service_out(EE_SERVICETRACE_SHUTDOWNOS);
 224:Generated_Source\PSoC5/ErikaOS_1_ee_shtdown.c ****   } else
 225:Generated_Source\PSoC5/ErikaOS_1_ee_shtdown.c **** #endif /* EE_SERVICE_PROTECTION__ */
 226:Generated_Source\PSoC5/ErikaOS_1_ee_shtdown.c **** #ifdef EE_AS_OSAPPLICATIONS__
 227:Generated_Source\PSoC5/ErikaOS_1_ee_shtdown.c ****   /* [OS054]: The Operating System module shall ignore calls to ShutdownOS()
 228:Generated_Source\PSoC5/ErikaOS_1_ee_shtdown.c ****       from non-trusted OS-Applications. */
 229:Generated_Source\PSoC5/ErikaOS_1_ee_shtdown.c ****   if ( EE_as_Application_ROM[EE_as_active_app].Mode != EE_MEMPROT_TRUST_MODE ) {
 230:Generated_Source\PSoC5/ErikaOS_1_ee_shtdown.c ****     EE_ORTI_set_service_out(EE_SERVICETRACE_SHUTDOWNOS);
 231:Generated_Source\PSoC5/ErikaOS_1_ee_shtdown.c ****   } else
 232:Generated_Source\PSoC5/ErikaOS_1_ee_shtdown.c **** #endif /* EE_AS_OSAPPLICATIONS__ */
 233:Generated_Source\PSoC5/ErikaOS_1_ee_shtdown.c ****   {
 234:Generated_Source\PSoC5/ErikaOS_1_ee_shtdown.c ****     /* This won't never return... */
 235:Generated_Source\PSoC5/ErikaOS_1_ee_shtdown.c ****     EE_oo_ShutdownOS_internal(Error);
 102              		.loc 1 235 0
 103 0004 FFF7FEFF 		bl	EE_oo_ShutdownOS_internal
 104              	.LVL3:
 105              		.cfi_endproc
 106              	.LFE63:
 107              		.size	EE_oo_ShutdownOS, .-EE_oo_ShutdownOS
 108              		.text
 109              	.Letext0:
 110              		.file 3 "Generated_Source\\PSoC5\\ErikaOS_1_common_ee_types.inc"
 111              		.file 4 "Generated_Source\\PSoC5\\ErikaOS_1_ee_oo_common.inc"
 112              		.file 5 "Generated_Source\\PSoC5\\ErikaOS_1_common_ee_primitives.inc"
 113              		.file 6 "Generated_Source\\PSoC5\\ErikaOS_1_cortex_mx_ee_context.inc"
 114              		.file 7 "Generated_Source\\PSoC5\\ErikaOS_1_ee_oo_intfunc.inc"
 115              		.file 8 "Generated_Source\\PSoC5\\ErikaOS_1_ee_oo_internal.inc"
 116              		.section	.debug_info,"",%progbits
 117              	.Ldebug_info0:
 118 0000 31030000 		.4byte	0x331
 119 0004 0400     		.2byte	0x4
 120 0006 00000000 		.4byte	.Ldebug_abbrev0
 121 000a 04       		.byte	0x4
 122 000b 01       		.uleb128 0x1
 123 000c 7A030000 		.4byte	.LASF49
 124 0010 0C       		.byte	0xc
ARM GAS  C:\Users\DABBIR~1\AppData\Local\Temp\cct4bnyl.s 			page 11


 125 0011 80000000 		.4byte	.LASF50
 126 0015 43010000 		.4byte	.LASF51
 127 0019 00000000 		.4byte	.Ldebug_ranges0+0
 128 001d 00000000 		.4byte	0
 129 0021 00000000 		.4byte	.Ldebug_line0
 130 0025 02       		.uleb128 0x2
 131 0026 01       		.byte	0x1
 132 0027 06       		.byte	0x6
 133 0028 30020000 		.4byte	.LASF0
 134 002c 02       		.uleb128 0x2
 135 002d 01       		.byte	0x1
 136 002e 08       		.byte	0x8
 137 002f 0A020000 		.4byte	.LASF1
 138 0033 02       		.uleb128 0x2
 139 0034 02       		.byte	0x2
 140 0035 05       		.byte	0x5
 141 0036 6B000000 		.4byte	.LASF2
 142 003a 02       		.uleb128 0x2
 143 003b 02       		.byte	0x2
 144 003c 07       		.byte	0x7
 145 003d AF020000 		.4byte	.LASF3
 146 0041 02       		.uleb128 0x2
 147 0042 04       		.byte	0x4
 148 0043 05       		.byte	0x5
 149 0044 C4010000 		.4byte	.LASF4
 150 0048 02       		.uleb128 0x2
 151 0049 04       		.byte	0x4
 152 004a 07       		.byte	0x7
 153 004b E5020000 		.4byte	.LASF5
 154 004f 02       		.uleb128 0x2
 155 0050 08       		.byte	0x8
 156 0051 05       		.byte	0x5
 157 0052 04010000 		.4byte	.LASF6
 158 0056 02       		.uleb128 0x2
 159 0057 08       		.byte	0x8
 160 0058 07       		.byte	0x7
 161 0059 3C020000 		.4byte	.LASF7
 162 005d 03       		.uleb128 0x3
 163 005e 04       		.byte	0x4
 164 005f 05       		.byte	0x5
 165 0060 696E7400 		.ascii	"int\000"
 166 0064 02       		.uleb128 0x2
 167 0065 04       		.byte	0x4
 168 0066 07       		.byte	0x7
 169 0067 53020000 		.4byte	.LASF8
 170 006b 02       		.uleb128 0x2
 171 006c 08       		.byte	0x8
 172 006d 04       		.byte	0x4
 173 006e FE010000 		.4byte	.LASF9
 174 0072 04       		.uleb128 0x4
 175 0073 00000000 		.4byte	.LASF10
 176 0077 03       		.byte	0x3
 177 0078 3E       		.byte	0x3e
 178 0079 2C000000 		.4byte	0x2c
 179 007d 04       		.uleb128 0x4
 180 007e 12010000 		.4byte	.LASF11
 181 0082 03       		.byte	0x3
ARM GAS  C:\Users\DABBIR~1\AppData\Local\Temp\cct4bnyl.s 			page 12


 182 0083 3F       		.byte	0x3f
 183 0084 25000000 		.4byte	0x25
 184 0088 04       		.uleb128 0x4
 185 0089 C2020000 		.4byte	.LASF12
 186 008d 03       		.byte	0x3
 187 008e 52       		.byte	0x52
 188 008f 3A000000 		.4byte	0x3a
 189 0093 04       		.uleb128 0x4
 190 0094 97020000 		.4byte	.LASF13
 191 0098 03       		.byte	0x3
 192 0099 53       		.byte	0x53
 193 009a 5D000000 		.4byte	0x5d
 194 009e 04       		.uleb128 0x4
 195 009f B6000000 		.4byte	.LASF14
 196 00a3 03       		.byte	0x3
 197 00a4 54       		.byte	0x54
 198 00a5 64000000 		.4byte	0x64
 199 00a9 04       		.uleb128 0x4
 200 00aa 17000000 		.4byte	.LASF15
 201 00ae 02       		.byte	0x2
 202 00af 4D       		.byte	0x4d
 203 00b0 9E000000 		.4byte	0x9e
 204 00b4 04       		.uleb128 0x4
 205 00b5 AE000000 		.4byte	.LASF16
 206 00b9 02       		.byte	0x2
 207 00ba 4F       		.byte	0x4f
 208 00bb 9E000000 		.4byte	0x9e
 209 00bf 04       		.uleb128 0x4
 210 00c0 F7020000 		.4byte	.LASF17
 211 00c4 02       		.byte	0x2
 212 00c5 54       		.byte	0x54
 213 00c6 A9000000 		.4byte	0xa9
 214 00ca 04       		.uleb128 0x4
 215 00cb D1000000 		.4byte	.LASF18
 216 00cf 02       		.byte	0x2
 217 00d0 78       		.byte	0x78
 218 00d1 93000000 		.4byte	0x93
 219 00d5 05       		.uleb128 0x5
 220 00d6 33010000 		.4byte	.LASF19
 221 00da 04       		.byte	0x4
 222 00db 1101     		.2byte	0x111
 223 00dd 88000000 		.4byte	0x88
 224 00e1 05       		.uleb128 0x5
 225 00e2 75000000 		.4byte	.LASF20
 226 00e6 04       		.byte	0x4
 227 00e7 2103     		.2byte	0x321
 228 00e9 2C000000 		.4byte	0x2c
 229 00ed 06       		.uleb128 0x6
 230 00ee 18020000 		.4byte	.LASF26
 231 00f2 02       		.byte	0x2
 232 00f3 C8       		.byte	0xc8
 233 00f4 03       		.byte	0x3
 234 00f5 07       		.uleb128 0x7
 235 00f6 CD010000 		.4byte	.LASF21
 236 00fa 04       		.byte	0x4
 237 00fb 9703     		.2byte	0x397
 238 00fd 03       		.byte	0x3
ARM GAS  C:\Users\DABBIR~1\AppData\Local\Temp\cct4bnyl.s 			page 13


 239 00fe 0F010000 		.4byte	0x10f
 240 0102 08       		.uleb128 0x8
 241 0103 73727600 		.ascii	"srv\000"
 242 0107 04       		.byte	0x4
 243 0108 9703     		.2byte	0x397
 244 010a 72000000 		.4byte	0x72
 245 010e 00       		.byte	0
 246 010f 07       		.uleb128 0x7
 247 0110 20040000 		.4byte	.LASF22
 248 0114 04       		.byte	0x4
 249 0115 A803     		.2byte	0x3a8
 250 0117 03       		.byte	0x3
 251 0118 28010000 		.4byte	0x128
 252 011c 08       		.uleb128 0x8
 253 011d 696400   		.ascii	"id\000"
 254 0120 04       		.byte	0x4
 255 0121 A803     		.2byte	0x3a8
 256 0123 72000000 		.4byte	0x72
 257 0127 00       		.byte	0
 258 0128 09       		.uleb128 0x9
 259 0129 20030000 		.4byte	.LASF23
 260 012d 01       		.byte	0x1
 261 012e 64       		.byte	0x64
 262 012f 03       		.byte	0x3
 263 0130 40010000 		.4byte	0x140
 264 0134 0A       		.uleb128 0xa
 265 0135 CC020000 		.4byte	.LASF24
 266 0139 01       		.byte	0x1
 267 013a 64       		.byte	0x64
 268 013b E1000000 		.4byte	0xe1
 269 013f 00       		.byte	0
 270 0140 07       		.uleb128 0x7
 271 0141 ED000000 		.4byte	.LASF25
 272 0145 04       		.byte	0x4
 273 0146 A303     		.2byte	0x3a3
 274 0148 03       		.byte	0x3
 275 0149 59010000 		.4byte	0x159
 276 014d 08       		.uleb128 0x8
 277 014e 696400   		.ascii	"id\000"
 278 0151 04       		.byte	0x4
 279 0152 A303     		.2byte	0x3a3
 280 0154 72000000 		.4byte	0x72
 281 0158 00       		.byte	0
 282 0159 0B       		.uleb128 0xb
 283 015a 60020000 		.4byte	.LASF27
 284 015e 02       		.byte	0x2
 285 015f 9C01     		.2byte	0x19c
 286 0161 03       		.byte	0x3
 287 0162 0C       		.uleb128 0xc
 288 0163 A0020000 		.4byte	.LASF52
 289 0167 01       		.byte	0x1
 290 0168 50       		.byte	0x50
 291 0169 00000000 		.4byte	.LFB60
 292 016d 0C000000 		.4byte	.LFE60-.LFB60
 293 0171 01       		.uleb128 0x1
 294 0172 9C       		.byte	0x9c
 295 0173 0D       		.uleb128 0xd
ARM GAS  C:\Users\DABBIR~1\AppData\Local\Temp\cct4bnyl.s 			page 14


 296 0174 2D000000 		.4byte	.LASF28
 297 0178 01       		.byte	0x1
 298 0179 69       		.byte	0x69
 299 017a 00000000 		.4byte	.LFB62
 300 017e 06000000 		.4byte	.LFE62-.LFB62
 301 0182 01       		.uleb128 0x1
 302 0183 9C       		.byte	0x9c
 303 0184 A1010000 		.4byte	0x1a1
 304 0188 0E       		.uleb128 0xe
 305 0189 CC020000 		.4byte	.LASF24
 306 018d 01       		.byte	0x1
 307 018e 69       		.byte	0x69
 308 018f E1000000 		.4byte	0xe1
 309 0193 00000000 		.4byte	.LLST0
 310 0197 0F       		.uleb128 0xf
 311 0198 06000000 		.4byte	.LVL1
 312 019c 62010000 		.4byte	0x162
 313 01a0 00       		.byte	0
 314 01a1 0D       		.uleb128 0xd
 315 01a2 03030000 		.4byte	.LASF29
 316 01a6 01       		.byte	0x1
 317 01a7 C8       		.byte	0xc8
 318 01a8 00000000 		.4byte	.LFB63
 319 01ac 08000000 		.4byte	.LFE63-.LFB63
 320 01b0 01       		.uleb128 0x1
 321 01b1 9C       		.byte	0x9c
 322 01b2 F3010000 		.4byte	0x1f3
 323 01b6 0E       		.uleb128 0xe
 324 01b7 CC020000 		.4byte	.LASF24
 325 01bb 01       		.byte	0x1
 326 01bc C8       		.byte	0xc8
 327 01bd E1000000 		.4byte	0xe1
 328 01c1 21000000 		.4byte	.LLST1
 329 01c5 10       		.uleb128 0x10
 330 01c6 59010000 		.4byte	0x159
 331 01ca 02000000 		.4byte	.LBB18
 332 01ce 02000000 		.4byte	.LBE18-.LBB18
 333 01d2 01       		.byte	0x1
 334 01d3 CB       		.byte	0xcb
 335 01d4 E9010000 		.4byte	0x1e9
 336 01d8 11       		.uleb128 0x11
 337 01d9 ED000000 		.4byte	0xed
 338 01dd 02000000 		.4byte	.LBB19
 339 01e1 02000000 		.4byte	.LBE19-.LBB19
 340 01e5 02       		.byte	0x2
 341 01e6 9E01     		.2byte	0x19e
 342 01e8 00       		.byte	0
 343 01e9 0F       		.uleb128 0xf
 344 01ea 08000000 		.4byte	.LVL3
 345 01ee 73010000 		.4byte	0x173
 346 01f2 00       		.byte	0
 347 01f3 12       		.uleb128 0x12
 348 01f4 D8000000 		.4byte	.LASF30
 349 01f8 05       		.byte	0x5
 350 01f9 44       		.byte	0x44
 351 01fa A9000000 		.4byte	0xa9
 352 01fe 12       		.uleb128 0x12
ARM GAS  C:\Users\DABBIR~1\AppData\Local\Temp\cct4bnyl.s 			page 15


 353 01ff 7E020000 		.4byte	.LASF31
 354 0203 06       		.byte	0x6
 355 0204 48       		.byte	0x48
 356 0205 CA000000 		.4byte	0xca
 357 0209 13       		.uleb128 0x13
 358 020a 20020000 		.4byte	0x220
 359 020e 19020000 		.4byte	0x219
 360 0212 14       		.uleb128 0x14
 361 0213 19020000 		.4byte	0x219
 362 0217 03       		.byte	0x3
 363 0218 00       		.byte	0
 364 0219 02       		.uleb128 0x2
 365 021a 04       		.byte	0x4
 366 021b 07       		.byte	0x7
 367 021c 38030000 		.4byte	.LASF32
 368 0220 15       		.uleb128 0x15
 369 0221 A9000000 		.4byte	0xa9
 370 0225 12       		.uleb128 0x12
 371 0226 C0000000 		.4byte	.LASF33
 372 022a 04       		.byte	0x4
 373 022b B2       		.byte	0xb2
 374 022c 30020000 		.4byte	0x230
 375 0230 15       		.uleb128 0x15
 376 0231 09020000 		.4byte	0x209
 377 0235 12       		.uleb128 0x12
 378 0236 5B030000 		.4byte	.LASF34
 379 023a 04       		.byte	0x4
 380 023b B3       		.byte	0xb3
 381 023c 40020000 		.4byte	0x240
 382 0240 15       		.uleb128 0x15
 383 0241 09020000 		.4byte	0x209
 384 0245 13       		.uleb128 0x13
 385 0246 A9000000 		.4byte	0xa9
 386 024a 55020000 		.4byte	0x255
 387 024e 14       		.uleb128 0x14
 388 024f 19020000 		.4byte	0x219
 389 0253 03       		.byte	0x3
 390 0254 00       		.byte	0
 391 0255 12       		.uleb128 0x12
 392 0256 4E030000 		.4byte	.LASF35
 393 025a 04       		.byte	0x4
 394 025b CA       		.byte	0xca
 395 025c 45020000 		.4byte	0x245
 396 0260 13       		.uleb128 0x13
 397 0261 CA000000 		.4byte	0xca
 398 0265 70020000 		.4byte	0x270
 399 0269 14       		.uleb128 0x14
 400 026a 19020000 		.4byte	0x219
 401 026e 03       		.byte	0x3
 402 026f 00       		.byte	0
 403 0270 12       		.uleb128 0x12
 404 0271 6F030000 		.4byte	.LASF36
 405 0275 04       		.byte	0x4
 406 0276 D2       		.byte	0xd2
 407 0277 60020000 		.4byte	0x260
 408 027b 12       		.uleb128 0x12
 409 027c 72020000 		.4byte	.LASF37
ARM GAS  C:\Users\DABBIR~1\AppData\Local\Temp\cct4bnyl.s 			page 16


 410 0280 04       		.byte	0x4
 411 0281 DA       		.byte	0xda
 412 0282 45020000 		.4byte	0x245
 413 0286 12       		.uleb128 0x12
 414 0287 14030000 		.4byte	.LASF38
 415 028b 04       		.byte	0x4
 416 028c E2       		.byte	0xe2
 417 028d CA000000 		.4byte	0xca
 418 0291 12       		.uleb128 0x12
 419 0292 EF010000 		.4byte	.LASF39
 420 0296 04       		.byte	0x4
 421 0297 F7       		.byte	0xf7
 422 0298 A9000000 		.4byte	0xa9
 423 029c 16       		.uleb128 0x16
 424 029d 09000000 		.4byte	.LASF40
 425 02a1 04       		.byte	0x4
 426 02a2 3F01     		.2byte	0x13f
 427 02a4 D5000000 		.4byte	0xd5
 428 02a8 16       		.uleb128 0x16
 429 02a9 47000000 		.4byte	.LASF41
 430 02ad 04       		.byte	0x4
 431 02ae 5C01     		.2byte	0x15c
 432 02b0 45020000 		.4byte	0x245
 433 02b4 13       		.uleb128 0x13
 434 02b5 BF000000 		.4byte	0xbf
 435 02b9 C4020000 		.4byte	0x2c4
 436 02bd 14       		.uleb128 0x14
 437 02be 19020000 		.4byte	0x219
 438 02c2 03       		.byte	0x3
 439 02c3 00       		.byte	0
 440 02c4 16       		.uleb128 0x16
 441 02c5 5A000000 		.4byte	.LASF42
 442 02c9 04       		.byte	0x4
 443 02ca 6701     		.2byte	0x167
 444 02cc B4020000 		.4byte	0x2b4
 445 02d0 12       		.uleb128 0x12
 446 02d1 08040000 		.4byte	.LASF43
 447 02d5 07       		.byte	0x7
 448 02d6 40       		.byte	0x40
 449 02d7 A9000000 		.4byte	0xa9
 450 02db 12       		.uleb128 0x12
 451 02dc 1A010000 		.4byte	.LASF44
 452 02e0 07       		.byte	0x7
 453 02e1 47       		.byte	0x47
 454 02e2 B4000000 		.4byte	0xb4
 455 02e6 12       		.uleb128 0x12
 456 02e7 D2020000 		.4byte	.LASF45
 457 02eb 07       		.byte	0x7
 458 02ec 4A       		.byte	0x4a
 459 02ed A9000000 		.4byte	0xa9
 460 02f1 16       		.uleb128 0x16
 461 02f2 1F000000 		.4byte	.LASF46
 462 02f6 08       		.byte	0x8
 463 02f7 9F01     		.2byte	0x19f
 464 02f9 FD020000 		.4byte	0x2fd
 465 02fd 17       		.uleb128 0x17
 466 02fe A9000000 		.4byte	0xa9
ARM GAS  C:\Users\DABBIR~1\AppData\Local\Temp\cct4bnyl.s 			page 17


 467 0302 13       		.uleb128 0x13
 468 0303 12030000 		.4byte	0x312
 469 0307 12030000 		.4byte	0x312
 470 030b 14       		.uleb128 0x14
 471 030c 19020000 		.4byte	0x219
 472 0310 FF       		.byte	0xff
 473 0311 00       		.byte	0
 474 0312 15       		.uleb128 0x15
 475 0313 7D000000 		.4byte	0x7d
 476 0317 16       		.uleb128 0x16
 477 0318 41030000 		.4byte	.LASF47
 478 031c 08       		.byte	0x8
 479 031d AB01     		.2byte	0x1ab
 480 031f 23030000 		.4byte	0x323
 481 0323 15       		.uleb128 0x15
 482 0324 02030000 		.4byte	0x302
 483 0328 16       		.uleb128 0x16
 484 0329 E1010000 		.4byte	.LASF48
 485 032d 08       		.byte	0x8
 486 032e 1602     		.2byte	0x216
 487 0330 A9000000 		.4byte	0xa9
 488 0334 00       		.byte	0
 489              		.section	.debug_abbrev,"",%progbits
 490              	.Ldebug_abbrev0:
 491 0000 01       		.uleb128 0x1
 492 0001 11       		.uleb128 0x11
 493 0002 01       		.byte	0x1
 494 0003 25       		.uleb128 0x25
 495 0004 0E       		.uleb128 0xe
 496 0005 13       		.uleb128 0x13
 497 0006 0B       		.uleb128 0xb
 498 0007 03       		.uleb128 0x3
 499 0008 0E       		.uleb128 0xe
 500 0009 1B       		.uleb128 0x1b
 501 000a 0E       		.uleb128 0xe
 502 000b 55       		.uleb128 0x55
 503 000c 17       		.uleb128 0x17
 504 000d 11       		.uleb128 0x11
 505 000e 01       		.uleb128 0x1
 506 000f 10       		.uleb128 0x10
 507 0010 17       		.uleb128 0x17
 508 0011 00       		.byte	0
 509 0012 00       		.byte	0
 510 0013 02       		.uleb128 0x2
 511 0014 24       		.uleb128 0x24
 512 0015 00       		.byte	0
 513 0016 0B       		.uleb128 0xb
 514 0017 0B       		.uleb128 0xb
 515 0018 3E       		.uleb128 0x3e
 516 0019 0B       		.uleb128 0xb
 517 001a 03       		.uleb128 0x3
 518 001b 0E       		.uleb128 0xe
 519 001c 00       		.byte	0
 520 001d 00       		.byte	0
 521 001e 03       		.uleb128 0x3
 522 001f 24       		.uleb128 0x24
 523 0020 00       		.byte	0
ARM GAS  C:\Users\DABBIR~1\AppData\Local\Temp\cct4bnyl.s 			page 18


 524 0021 0B       		.uleb128 0xb
 525 0022 0B       		.uleb128 0xb
 526 0023 3E       		.uleb128 0x3e
 527 0024 0B       		.uleb128 0xb
 528 0025 03       		.uleb128 0x3
 529 0026 08       		.uleb128 0x8
 530 0027 00       		.byte	0
 531 0028 00       		.byte	0
 532 0029 04       		.uleb128 0x4
 533 002a 16       		.uleb128 0x16
 534 002b 00       		.byte	0
 535 002c 03       		.uleb128 0x3
 536 002d 0E       		.uleb128 0xe
 537 002e 3A       		.uleb128 0x3a
 538 002f 0B       		.uleb128 0xb
 539 0030 3B       		.uleb128 0x3b
 540 0031 0B       		.uleb128 0xb
 541 0032 49       		.uleb128 0x49
 542 0033 13       		.uleb128 0x13
 543 0034 00       		.byte	0
 544 0035 00       		.byte	0
 545 0036 05       		.uleb128 0x5
 546 0037 16       		.uleb128 0x16
 547 0038 00       		.byte	0
 548 0039 03       		.uleb128 0x3
 549 003a 0E       		.uleb128 0xe
 550 003b 3A       		.uleb128 0x3a
 551 003c 0B       		.uleb128 0xb
 552 003d 3B       		.uleb128 0x3b
 553 003e 05       		.uleb128 0x5
 554 003f 49       		.uleb128 0x49
 555 0040 13       		.uleb128 0x13
 556 0041 00       		.byte	0
 557 0042 00       		.byte	0
 558 0043 06       		.uleb128 0x6
 559 0044 2E       		.uleb128 0x2e
 560 0045 00       		.byte	0
 561 0046 03       		.uleb128 0x3
 562 0047 0E       		.uleb128 0xe
 563 0048 3A       		.uleb128 0x3a
 564 0049 0B       		.uleb128 0xb
 565 004a 3B       		.uleb128 0x3b
 566 004b 0B       		.uleb128 0xb
 567 004c 27       		.uleb128 0x27
 568 004d 19       		.uleb128 0x19
 569 004e 20       		.uleb128 0x20
 570 004f 0B       		.uleb128 0xb
 571 0050 00       		.byte	0
 572 0051 00       		.byte	0
 573 0052 07       		.uleb128 0x7
 574 0053 2E       		.uleb128 0x2e
 575 0054 01       		.byte	0x1
 576 0055 03       		.uleb128 0x3
 577 0056 0E       		.uleb128 0xe
 578 0057 3A       		.uleb128 0x3a
 579 0058 0B       		.uleb128 0xb
 580 0059 3B       		.uleb128 0x3b
ARM GAS  C:\Users\DABBIR~1\AppData\Local\Temp\cct4bnyl.s 			page 19


 581 005a 05       		.uleb128 0x5
 582 005b 27       		.uleb128 0x27
 583 005c 19       		.uleb128 0x19
 584 005d 20       		.uleb128 0x20
 585 005e 0B       		.uleb128 0xb
 586 005f 01       		.uleb128 0x1
 587 0060 13       		.uleb128 0x13
 588 0061 00       		.byte	0
 589 0062 00       		.byte	0
 590 0063 08       		.uleb128 0x8
 591 0064 05       		.uleb128 0x5
 592 0065 00       		.byte	0
 593 0066 03       		.uleb128 0x3
 594 0067 08       		.uleb128 0x8
 595 0068 3A       		.uleb128 0x3a
 596 0069 0B       		.uleb128 0xb
 597 006a 3B       		.uleb128 0x3b
 598 006b 05       		.uleb128 0x5
 599 006c 49       		.uleb128 0x49
 600 006d 13       		.uleb128 0x13
 601 006e 00       		.byte	0
 602 006f 00       		.byte	0
 603 0070 09       		.uleb128 0x9
 604 0071 2E       		.uleb128 0x2e
 605 0072 01       		.byte	0x1
 606 0073 03       		.uleb128 0x3
 607 0074 0E       		.uleb128 0xe
 608 0075 3A       		.uleb128 0x3a
 609 0076 0B       		.uleb128 0xb
 610 0077 3B       		.uleb128 0x3b
 611 0078 0B       		.uleb128 0xb
 612 0079 27       		.uleb128 0x27
 613 007a 19       		.uleb128 0x19
 614 007b 20       		.uleb128 0x20
 615 007c 0B       		.uleb128 0xb
 616 007d 01       		.uleb128 0x1
 617 007e 13       		.uleb128 0x13
 618 007f 00       		.byte	0
 619 0080 00       		.byte	0
 620 0081 0A       		.uleb128 0xa
 621 0082 05       		.uleb128 0x5
 622 0083 00       		.byte	0
 623 0084 03       		.uleb128 0x3
 624 0085 0E       		.uleb128 0xe
 625 0086 3A       		.uleb128 0x3a
 626 0087 0B       		.uleb128 0xb
 627 0088 3B       		.uleb128 0x3b
 628 0089 0B       		.uleb128 0xb
 629 008a 49       		.uleb128 0x49
 630 008b 13       		.uleb128 0x13
 631 008c 00       		.byte	0
 632 008d 00       		.byte	0
 633 008e 0B       		.uleb128 0xb
 634 008f 2E       		.uleb128 0x2e
 635 0090 00       		.byte	0
 636 0091 03       		.uleb128 0x3
 637 0092 0E       		.uleb128 0xe
ARM GAS  C:\Users\DABBIR~1\AppData\Local\Temp\cct4bnyl.s 			page 20


 638 0093 3A       		.uleb128 0x3a
 639 0094 0B       		.uleb128 0xb
 640 0095 3B       		.uleb128 0x3b
 641 0096 05       		.uleb128 0x5
 642 0097 27       		.uleb128 0x27
 643 0098 19       		.uleb128 0x19
 644 0099 20       		.uleb128 0x20
 645 009a 0B       		.uleb128 0xb
 646 009b 00       		.byte	0
 647 009c 00       		.byte	0
 648 009d 0C       		.uleb128 0xc
 649 009e 2E       		.uleb128 0x2e
 650 009f 00       		.byte	0
 651 00a0 03       		.uleb128 0x3
 652 00a1 0E       		.uleb128 0xe
 653 00a2 3A       		.uleb128 0x3a
 654 00a3 0B       		.uleb128 0xb
 655 00a4 3B       		.uleb128 0x3b
 656 00a5 0B       		.uleb128 0xb
 657 00a6 27       		.uleb128 0x27
 658 00a7 19       		.uleb128 0x19
 659 00a8 8701     		.uleb128 0x87
 660 00aa 19       		.uleb128 0x19
 661 00ab 11       		.uleb128 0x11
 662 00ac 01       		.uleb128 0x1
 663 00ad 12       		.uleb128 0x12
 664 00ae 06       		.uleb128 0x6
 665 00af 40       		.uleb128 0x40
 666 00b0 18       		.uleb128 0x18
 667 00b1 9742     		.uleb128 0x2117
 668 00b3 19       		.uleb128 0x19
 669 00b4 00       		.byte	0
 670 00b5 00       		.byte	0
 671 00b6 0D       		.uleb128 0xd
 672 00b7 2E       		.uleb128 0x2e
 673 00b8 01       		.byte	0x1
 674 00b9 3F       		.uleb128 0x3f
 675 00ba 19       		.uleb128 0x19
 676 00bb 03       		.uleb128 0x3
 677 00bc 0E       		.uleb128 0xe
 678 00bd 3A       		.uleb128 0x3a
 679 00be 0B       		.uleb128 0xb
 680 00bf 3B       		.uleb128 0x3b
 681 00c0 0B       		.uleb128 0xb
 682 00c1 27       		.uleb128 0x27
 683 00c2 19       		.uleb128 0x19
 684 00c3 8701     		.uleb128 0x87
 685 00c5 19       		.uleb128 0x19
 686 00c6 11       		.uleb128 0x11
 687 00c7 01       		.uleb128 0x1
 688 00c8 12       		.uleb128 0x12
 689 00c9 06       		.uleb128 0x6
 690 00ca 40       		.uleb128 0x40
 691 00cb 18       		.uleb128 0x18
 692 00cc 9742     		.uleb128 0x2117
 693 00ce 19       		.uleb128 0x19
 694 00cf 01       		.uleb128 0x1
ARM GAS  C:\Users\DABBIR~1\AppData\Local\Temp\cct4bnyl.s 			page 21


 695 00d0 13       		.uleb128 0x13
 696 00d1 00       		.byte	0
 697 00d2 00       		.byte	0
 698 00d3 0E       		.uleb128 0xe
 699 00d4 05       		.uleb128 0x5
 700 00d5 00       		.byte	0
 701 00d6 03       		.uleb128 0x3
 702 00d7 0E       		.uleb128 0xe
 703 00d8 3A       		.uleb128 0x3a
 704 00d9 0B       		.uleb128 0xb
 705 00da 3B       		.uleb128 0x3b
 706 00db 0B       		.uleb128 0xb
 707 00dc 49       		.uleb128 0x49
 708 00dd 13       		.uleb128 0x13
 709 00de 02       		.uleb128 0x2
 710 00df 17       		.uleb128 0x17
 711 00e0 00       		.byte	0
 712 00e1 00       		.byte	0
 713 00e2 0F       		.uleb128 0xf
 714 00e3 898201   		.uleb128 0x4109
 715 00e6 00       		.byte	0
 716 00e7 11       		.uleb128 0x11
 717 00e8 01       		.uleb128 0x1
 718 00e9 31       		.uleb128 0x31
 719 00ea 13       		.uleb128 0x13
 720 00eb 00       		.byte	0
 721 00ec 00       		.byte	0
 722 00ed 10       		.uleb128 0x10
 723 00ee 1D       		.uleb128 0x1d
 724 00ef 01       		.byte	0x1
 725 00f0 31       		.uleb128 0x31
 726 00f1 13       		.uleb128 0x13
 727 00f2 11       		.uleb128 0x11
 728 00f3 01       		.uleb128 0x1
 729 00f4 12       		.uleb128 0x12
 730 00f5 06       		.uleb128 0x6
 731 00f6 58       		.uleb128 0x58
 732 00f7 0B       		.uleb128 0xb
 733 00f8 59       		.uleb128 0x59
 734 00f9 0B       		.uleb128 0xb
 735 00fa 01       		.uleb128 0x1
 736 00fb 13       		.uleb128 0x13
 737 00fc 00       		.byte	0
 738 00fd 00       		.byte	0
 739 00fe 11       		.uleb128 0x11
 740 00ff 1D       		.uleb128 0x1d
 741 0100 00       		.byte	0
 742 0101 31       		.uleb128 0x31
 743 0102 13       		.uleb128 0x13
 744 0103 11       		.uleb128 0x11
 745 0104 01       		.uleb128 0x1
 746 0105 12       		.uleb128 0x12
 747 0106 06       		.uleb128 0x6
 748 0107 58       		.uleb128 0x58
 749 0108 0B       		.uleb128 0xb
 750 0109 59       		.uleb128 0x59
 751 010a 05       		.uleb128 0x5
ARM GAS  C:\Users\DABBIR~1\AppData\Local\Temp\cct4bnyl.s 			page 22


 752 010b 00       		.byte	0
 753 010c 00       		.byte	0
 754 010d 12       		.uleb128 0x12
 755 010e 34       		.uleb128 0x34
 756 010f 00       		.byte	0
 757 0110 03       		.uleb128 0x3
 758 0111 0E       		.uleb128 0xe
 759 0112 3A       		.uleb128 0x3a
 760 0113 0B       		.uleb128 0xb
 761 0114 3B       		.uleb128 0x3b
 762 0115 0B       		.uleb128 0xb
 763 0116 49       		.uleb128 0x49
 764 0117 13       		.uleb128 0x13
 765 0118 3F       		.uleb128 0x3f
 766 0119 19       		.uleb128 0x19
 767 011a 3C       		.uleb128 0x3c
 768 011b 19       		.uleb128 0x19
 769 011c 00       		.byte	0
 770 011d 00       		.byte	0
 771 011e 13       		.uleb128 0x13
 772 011f 01       		.uleb128 0x1
 773 0120 01       		.byte	0x1
 774 0121 49       		.uleb128 0x49
 775 0122 13       		.uleb128 0x13
 776 0123 01       		.uleb128 0x1
 777 0124 13       		.uleb128 0x13
 778 0125 00       		.byte	0
 779 0126 00       		.byte	0
 780 0127 14       		.uleb128 0x14
 781 0128 21       		.uleb128 0x21
 782 0129 00       		.byte	0
 783 012a 49       		.uleb128 0x49
 784 012b 13       		.uleb128 0x13
 785 012c 2F       		.uleb128 0x2f
 786 012d 0B       		.uleb128 0xb
 787 012e 00       		.byte	0
 788 012f 00       		.byte	0
 789 0130 15       		.uleb128 0x15
 790 0131 26       		.uleb128 0x26
 791 0132 00       		.byte	0
 792 0133 49       		.uleb128 0x49
 793 0134 13       		.uleb128 0x13
 794 0135 00       		.byte	0
 795 0136 00       		.byte	0
 796 0137 16       		.uleb128 0x16
 797 0138 34       		.uleb128 0x34
 798 0139 00       		.byte	0
 799 013a 03       		.uleb128 0x3
 800 013b 0E       		.uleb128 0xe
 801 013c 3A       		.uleb128 0x3a
 802 013d 0B       		.uleb128 0xb
 803 013e 3B       		.uleb128 0x3b
 804 013f 05       		.uleb128 0x5
 805 0140 49       		.uleb128 0x49
 806 0141 13       		.uleb128 0x13
 807 0142 3F       		.uleb128 0x3f
 808 0143 19       		.uleb128 0x19
ARM GAS  C:\Users\DABBIR~1\AppData\Local\Temp\cct4bnyl.s 			page 23


 809 0144 3C       		.uleb128 0x3c
 810 0145 19       		.uleb128 0x19
 811 0146 00       		.byte	0
 812 0147 00       		.byte	0
 813 0148 17       		.uleb128 0x17
 814 0149 35       		.uleb128 0x35
 815 014a 00       		.byte	0
 816 014b 49       		.uleb128 0x49
 817 014c 13       		.uleb128 0x13
 818 014d 00       		.byte	0
 819 014e 00       		.byte	0
 820 014f 00       		.byte	0
 821              		.section	.debug_loc,"",%progbits
 822              	.Ldebug_loc0:
 823              	.LLST0:
 824 0000 00000000 		.4byte	.LVL0
 825 0004 05000000 		.4byte	.LVL1-1
 826 0008 0100     		.2byte	0x1
 827 000a 50       		.byte	0x50
 828 000b 05000000 		.4byte	.LVL1-1
 829 000f 06000000 		.4byte	.LFE62
 830 0013 0400     		.2byte	0x4
 831 0015 F3       		.byte	0xf3
 832 0016 01       		.uleb128 0x1
 833 0017 50       		.byte	0x50
 834 0018 9F       		.byte	0x9f
 835 0019 00000000 		.4byte	0
 836 001d 00000000 		.4byte	0
 837              	.LLST1:
 838 0021 00000000 		.4byte	.LVL2
 839 0025 07000000 		.4byte	.LVL3-1
 840 0029 0100     		.2byte	0x1
 841 002b 50       		.byte	0x50
 842 002c 07000000 		.4byte	.LVL3-1
 843 0030 08000000 		.4byte	.LFE63
 844 0034 0400     		.2byte	0x4
 845 0036 F3       		.byte	0xf3
 846 0037 01       		.uleb128 0x1
 847 0038 50       		.byte	0x50
 848 0039 9F       		.byte	0x9f
 849 003a 00000000 		.4byte	0
 850 003e 00000000 		.4byte	0
 851              		.section	.debug_aranges,"",%progbits
 852 0000 2C000000 		.4byte	0x2c
 853 0004 0200     		.2byte	0x2
 854 0006 00000000 		.4byte	.Ldebug_info0
 855 000a 04       		.byte	0x4
 856 000b 00       		.byte	0
 857 000c 0000     		.2byte	0
 858 000e 0000     		.2byte	0
 859 0010 00000000 		.4byte	.LFB60
 860 0014 0C000000 		.4byte	.LFE60-.LFB60
 861 0018 00000000 		.4byte	.LFB62
 862 001c 06000000 		.4byte	.LFE62-.LFB62
 863 0020 00000000 		.4byte	.LFB63
 864 0024 08000000 		.4byte	.LFE63-.LFB63
 865 0028 00000000 		.4byte	0
ARM GAS  C:\Users\DABBIR~1\AppData\Local\Temp\cct4bnyl.s 			page 24


 866 002c 00000000 		.4byte	0
 867              		.section	.debug_ranges,"",%progbits
 868              	.Ldebug_ranges0:
 869 0000 00000000 		.4byte	.LFB60
 870 0004 0C000000 		.4byte	.LFE60
 871 0008 00000000 		.4byte	.LFB62
 872 000c 06000000 		.4byte	.LFE62
 873 0010 00000000 		.4byte	.LFB63
 874 0014 08000000 		.4byte	.LFE63
 875 0018 00000000 		.4byte	0
 876 001c 00000000 		.4byte	0
 877              		.section	.debug_line,"",%progbits
 878              	.Ldebug_line0:
 879 0000 75010000 		.section	.debug_str,"MS",%progbits,1
 879      02003001 
 879      00000201 
 879      FB0E0D00 
 879      01010101 
 880              	.LASF10:
 881 0000 45455F55 		.ascii	"EE_UINT8\000"
 881      494E5438 
 881      00
 882              	.LASF40:
 883 0009 45455F72 		.ascii	"EE_rq_bitmask\000"
 883      715F6269 
 883      746D6173 
 883      6B00
 884              	.LASF15:
 885 0017 45455F55 		.ascii	"EE_UREG\000"
 885      52454700 
 886              	.LASF46:
 887 001f 45455F6F 		.ascii	"EE_oo_started\000"
 887      6F5F7374 
 887      61727465 
 887      6400
 888              	.LASF28:
 889 002d 45455F6F 		.ascii	"EE_oo_ShutdownOS_internal\000"
 889      6F5F5368 
 889      7574646F 
 889      776E4F53 
 889      5F696E74 
 890              	.LASF41:
 891 0047 45455F74 		.ascii	"EE_th_event_active\000"
 891      685F6576 
 891      656E745F 
 891      61637469 
 891      766500
 892              	.LASF42:
 893 005a 45455F74 		.ascii	"EE_th_waswaiting\000"
 893      685F7761 
 893      73776169 
 893      74696E67 
 893      00
 894              	.LASF2:
 895 006b 73686F72 		.ascii	"short int\000"
 895      7420696E 
 895      7400
ARM GAS  C:\Users\DABBIR~1\AppData\Local\Temp\cct4bnyl.s 			page 25


 896              	.LASF20:
 897 0075 53746174 		.ascii	"StatusType\000"
 897      75735479 
 897      706500
 898              	.LASF50:
 899 0080 47656E65 		.ascii	"Generated_Source\\PSoC5\\ErikaOS_1_ee_shtdown.c\000"
 899      72617465 
 899      645F536F 
 899      75726365 
 899      5C50536F 
 900              	.LASF16:
 901 00ae 45455F46 		.ascii	"EE_FREG\000"
 901      52454700 
 902              	.LASF14:
 903 00b6 45455F55 		.ascii	"EE_UINT32\000"
 903      494E5433 
 903      3200
 904              	.LASF33:
 905 00c0 45455F74 		.ascii	"EE_th_ready_prio\000"
 905      685F7265 
 905      6164795F 
 905      7072696F 
 905      00
 906              	.LASF18:
 907 00d1 45455F54 		.ascii	"EE_TID\000"
 907      494400
 908              	.LASF30:
 909 00d8 45455F49 		.ascii	"EE_IRQ_nesting_level\000"
 909      52515F6E 
 909      65737469 
 909      6E675F6C 
 909      6576656C 
 910              	.LASF25:
 911 00ed 45455F4F 		.ascii	"EE_ORTI_set_service_in\000"
 911      5254495F 
 911      7365745F 
 911      73657276 
 911      6963655F 
 912              	.LASF6:
 913 0104 6C6F6E67 		.ascii	"long long int\000"
 913      206C6F6E 
 913      6720696E 
 913      7400
 914              	.LASF11:
 915 0112 45455F49 		.ascii	"EE_INT8\000"
 915      4E543800 
 916              	.LASF44:
 917 011a 45455F6F 		.ascii	"EE_oo_IRQ_suspend_status\000"
 917      6F5F4952 
 917      515F7375 
 917      7370656E 
 917      645F7374 
 918              	.LASF19:
 919 0133 45455F54 		.ascii	"EE_TYPE_RQ_MASK\000"
 919      5950455F 
 919      52515F4D 
 919      41534B00 
ARM GAS  C:\Users\DABBIR~1\AppData\Local\Temp\cct4bnyl.s 			page 26


 920              	.LASF51:
 921 0143 433A5C4D 		.ascii	"C:\\My_Files\\College_Documents\\AMA EOS\\EOS\\LAB\\"
 921      795F4669 
 921      6C65735C 
 921      436F6C6C 
 921      6567655F 
 922 0171 4C41425F 		.ascii	"LAB_2_Submission\\Json Parser\\code\\w06_criticalRe"
 922      325F5375 
 922      626D6973 
 922      73696F6E 
 922      5C4A736F 
 923 01a1 67696F6E 		.ascii	"gion.cydsn\\Lab2_JSONParser01.cydsn\000"
 923      2E637964 
 923      736E5C4C 
 923      6162325F 
 923      4A534F4E 
 924              	.LASF4:
 925 01c4 6C6F6E67 		.ascii	"long int\000"
 925      20696E74 
 925      00
 926              	.LASF21:
 927 01cd 45455F4F 		.ascii	"EE_ORTI_set_service\000"
 927      5254495F 
 927      7365745F 
 927      73657276 
 927      69636500 
 928              	.LASF48:
 929 01e1 45455F69 		.ascii	"EE_isr2_index\000"
 929      7372325F 
 929      696E6465 
 929      7800
 930              	.LASF39:
 931 01ef 45455F73 		.ascii	"EE_sys_ceiling\000"
 931      79735F63 
 931      65696C69 
 931      6E6700
 932              	.LASF9:
 933 01fe 6C6F6E67 		.ascii	"long double\000"
 933      20646F75 
 933      626C6500 
 934              	.LASF1:
 935 020a 756E7369 		.ascii	"unsigned char\000"
 935      676E6564 
 935      20636861 
 935      7200
 936              	.LASF26:
 937 0218 45455F63 		.ascii	"EE_cortex_mx_disableIRQ\000"
 937      6F727465 
 937      785F6D78 
 937      5F646973 
 937      61626C65 
 938              	.LASF0:
 939 0230 7369676E 		.ascii	"signed char\000"
 939      65642063 
 939      68617200 
 940              	.LASF7:
 941 023c 6C6F6E67 		.ascii	"long long unsigned int\000"
ARM GAS  C:\Users\DABBIR~1\AppData\Local\Temp\cct4bnyl.s 			page 27


 941      206C6F6E 
 941      6720756E 
 941      7369676E 
 941      65642069 
 942              	.LASF8:
 943 0253 756E7369 		.ascii	"unsigned int\000"
 943      676E6564 
 943      20696E74 
 943      00
 944              	.LASF27:
 945 0260 45455F68 		.ascii	"EE_hal_disableIRQ\000"
 945      616C5F64 
 945      69736162 
 945      6C654952 
 945      5100
 946              	.LASF37:
 947 0272 45455F74 		.ascii	"EE_th_rnact\000"
 947      685F726E 
 947      61637400 
 948              	.LASF31:
 949 027e 45455F73 		.ascii	"EE_std_endcycle_next_tid\000"
 949      74645F65 
 949      6E646379 
 949      636C655F 
 949      6E657874 
 950              	.LASF13:
 951 0297 45455F49 		.ascii	"EE_INT32\000"
 951      4E543332 
 951      00
 952              	.LASF52:
 953 02a0 45455F6F 		.ascii	"EE_oo_shutdown\000"
 953      6F5F7368 
 953      7574646F 
 953      776E00
 954              	.LASF3:
 955 02af 73686F72 		.ascii	"short unsigned int\000"
 955      7420756E 
 955      7369676E 
 955      65642069 
 955      6E7400
 956              	.LASF12:
 957 02c2 45455F55 		.ascii	"EE_UINT16\000"
 957      494E5431 
 957      3600
 958              	.LASF24:
 959 02cc 4572726F 		.ascii	"Error\000"
 959      7200
 960              	.LASF45:
 961 02d2 45455F41 		.ascii	"EE_ApplicationMode\000"
 961      70706C69 
 961      63617469 
 961      6F6E4D6F 
 961      646500
 962              	.LASF5:
 963 02e5 6C6F6E67 		.ascii	"long unsigned int\000"
 963      20756E73 
 963      69676E65 
ARM GAS  C:\Users\DABBIR~1\AppData\Local\Temp\cct4bnyl.s 			page 28


 963      6420696E 
 963      7400
 964              	.LASF17:
 965 02f7 45455F54 		.ascii	"EE_TYPEBOOL\000"
 965      59504542 
 965      4F4F4C00 
 966              	.LASF29:
 967 0303 45455F6F 		.ascii	"EE_oo_ShutdownOS\000"
 967      6F5F5368 
 967      7574646F 
 967      776E4F53 
 967      00
 968              	.LASF38:
 969 0314 45455F73 		.ascii	"EE_stkfirst\000"
 969      746B6669 
 969      72737400 
 970              	.LASF23:
 971 0320 45455F6F 		.ascii	"EE_oo_call_ShutdownHook\000"
 971      6F5F6361 
 971      6C6C5F53 
 971      68757464 
 971      6F776E48 
 972              	.LASF32:
 973 0338 73697A65 		.ascii	"sizetype\000"
 973      74797065 
 973      00
 974              	.LASF47:
 975 0341 45455F72 		.ascii	"EE_rq_lookup\000"
 975      715F6C6F 
 975      6F6B7570 
 975      00
 976              	.LASF35:
 977 034e 45455F74 		.ascii	"EE_th_status\000"
 977      685F7374 
 977      61747573 
 977      00
 978              	.LASF34:
 979 035b 45455F74 		.ascii	"EE_th_dispatch_prio\000"
 979      685F6469 
 979      73706174 
 979      63685F70 
 979      72696F00 
 980              	.LASF36:
 981 036f 45455F74 		.ascii	"EE_th_next\000"
 981      685F6E65 
 981      787400
 982              	.LASF49:
 983 037a 474E5520 		.ascii	"GNU C11 5.4.1 20160609 (release) [ARM/embedded-5-br"
 983      43313120 
 983      352E342E 
 983      31203230 
 983      31363036 
 984 03ad 616E6368 		.ascii	"anch revision 237715] -mcpu=cortex-m3 -mthumb -g -O"
 984      20726576 
 984      6973696F 
 984      6E203233 
 984      37373135 
ARM GAS  C:\Users\DABBIR~1\AppData\Local\Temp\cct4bnyl.s 			page 29


 985 03e0 67202D66 		.ascii	"g -ffunction-sections -ffat-lto-objects\000"
 985      66756E63 
 985      74696F6E 
 985      2D736563 
 985      74696F6E 
 986              	.LASF43:
 987 0408 45455F6F 		.ascii	"EE_oo_IRQ_disable_count\000"
 987      6F5F4952 
 987      515F6469 
 987      7361626C 
 987      655F636F 
 988              	.LASF22:
 989 0420 45455F4F 		.ascii	"EE_ORTI_set_service_out\000"
 989      5254495F 
 989      7365745F 
 989      73657276 
 989      6963655F 
 990              		.ident	"GCC: (GNU Tools for ARM Embedded Processors) 5.4.1 20160609 (release) [ARM/embedded-5-bran
