ARM GAS  C:\Users\DABBIR~1\AppData\Local\Temp\ccU8OWWA.s 			page 1


   1              		.syntax unified
   2              		.cpu cortex-m3
   3              		.fpu softvfp
   4              		.eabi_attribute 20, 1
   5              		.eabi_attribute 21, 1
   6              		.eabi_attribute 23, 3
   7              		.eabi_attribute 24, 1
   8              		.eabi_attribute 25, 1
   9              		.eabi_attribute 26, 1
  10              		.eabi_attribute 30, 1
  11              		.eabi_attribute 34, 1
  12              		.eabi_attribute 18, 4
  13              		.thumb
  14              		.syntax unified
  15              		.file	"ErikaOS_1_ee_rq_exchg.c"
  16              		.text
  17              	.Ltext0:
  18              		.cfi_sections	.debug_frame
  19              		.section	.text.EE_rq2stk_exchange,"ax",%progbits
  20              		.align	2
  21              		.global	EE_rq2stk_exchange
  22              		.thumb
  23              		.thumb_func
  24              		.type	EE_rq2stk_exchange, %function
  25              	EE_rq2stk_exchange:
  26              	.LFB60:
  27              		.file 1 "Generated_Source\\PSoC5\\ErikaOS_1_ee_rq_exchg.c"
   1:Generated_Source\PSoC5/ErikaOS_1_ee_rq_exchg.c **** /* ###*B*###
   2:Generated_Source\PSoC5/ErikaOS_1_ee_rq_exchg.c ****  * ERIKA Enterprise - a tiny RTOS for small microcontrollers
   3:Generated_Source\PSoC5/ErikaOS_1_ee_rq_exchg.c ****  *
   4:Generated_Source\PSoC5/ErikaOS_1_ee_rq_exchg.c ****  * Copyright (C) 2002-2008  Evidence Srl
   5:Generated_Source\PSoC5/ErikaOS_1_ee_rq_exchg.c ****  *
   6:Generated_Source\PSoC5/ErikaOS_1_ee_rq_exchg.c ****  * This file is part of ERIKA Enterprise.
   7:Generated_Source\PSoC5/ErikaOS_1_ee_rq_exchg.c ****  *
   8:Generated_Source\PSoC5/ErikaOS_1_ee_rq_exchg.c ****  * ERIKA Enterprise is free software; you can redistribute it
   9:Generated_Source\PSoC5/ErikaOS_1_ee_rq_exchg.c ****  * and/or modify it under the terms of the GNU General Public License
  10:Generated_Source\PSoC5/ErikaOS_1_ee_rq_exchg.c ****  * version 2 as published by the Free Software Foundation, 
  11:Generated_Source\PSoC5/ErikaOS_1_ee_rq_exchg.c ****  * (with a special exception described below).
  12:Generated_Source\PSoC5/ErikaOS_1_ee_rq_exchg.c ****  *
  13:Generated_Source\PSoC5/ErikaOS_1_ee_rq_exchg.c ****  * Linking this code statically or dynamically with other modules is
  14:Generated_Source\PSoC5/ErikaOS_1_ee_rq_exchg.c ****  * making a combined work based on this code.  Thus, the terms and
  15:Generated_Source\PSoC5/ErikaOS_1_ee_rq_exchg.c ****  * conditions of the GNU General Public License cover the whole
  16:Generated_Source\PSoC5/ErikaOS_1_ee_rq_exchg.c ****  * combination.
  17:Generated_Source\PSoC5/ErikaOS_1_ee_rq_exchg.c ****  *
  18:Generated_Source\PSoC5/ErikaOS_1_ee_rq_exchg.c ****  * As a special exception, the copyright holders of this library give you
  19:Generated_Source\PSoC5/ErikaOS_1_ee_rq_exchg.c ****  * permission to link this code with independent modules to produce an
  20:Generated_Source\PSoC5/ErikaOS_1_ee_rq_exchg.c ****  * executable, regardless of the license terms of these independent
  21:Generated_Source\PSoC5/ErikaOS_1_ee_rq_exchg.c ****  * modules, and to copy and distribute the resulting executable under
  22:Generated_Source\PSoC5/ErikaOS_1_ee_rq_exchg.c ****  * terms of your choice, provided that you also meet, for each linked
  23:Generated_Source\PSoC5/ErikaOS_1_ee_rq_exchg.c ****  * independent module, the terms and conditions of the license of that
  24:Generated_Source\PSoC5/ErikaOS_1_ee_rq_exchg.c ****  * module.  An independent module is a module which is not derived from
  25:Generated_Source\PSoC5/ErikaOS_1_ee_rq_exchg.c ****  * or based on this library.  If you modify this code, you may extend
  26:Generated_Source\PSoC5/ErikaOS_1_ee_rq_exchg.c ****  * this exception to your version of the code, but you are not
  27:Generated_Source\PSoC5/ErikaOS_1_ee_rq_exchg.c ****  * obligated to do so.  If you do not wish to do so, delete this
  28:Generated_Source\PSoC5/ErikaOS_1_ee_rq_exchg.c ****  * exception statement from your version.
  29:Generated_Source\PSoC5/ErikaOS_1_ee_rq_exchg.c ****  *
  30:Generated_Source\PSoC5/ErikaOS_1_ee_rq_exchg.c ****  * ERIKA Enterprise is distributed in the hope that it will be
ARM GAS  C:\Users\DABBIR~1\AppData\Local\Temp\ccU8OWWA.s 			page 2


  31:Generated_Source\PSoC5/ErikaOS_1_ee_rq_exchg.c ****  * useful, but WITHOUT ANY WARRANTY; without even the implied warranty
  32:Generated_Source\PSoC5/ErikaOS_1_ee_rq_exchg.c ****  * of MERCHANTABILITY or FITNESS FOR A PARTICULAR PURPOSE.  See the
  33:Generated_Source\PSoC5/ErikaOS_1_ee_rq_exchg.c ****  * GNU General Public License version 2 for more details.
  34:Generated_Source\PSoC5/ErikaOS_1_ee_rq_exchg.c ****  *
  35:Generated_Source\PSoC5/ErikaOS_1_ee_rq_exchg.c ****  * You should have received a copy of the GNU General Public License
  36:Generated_Source\PSoC5/ErikaOS_1_ee_rq_exchg.c ****  * version 2 along with ERIKA Enterprise; if not, write to the
  37:Generated_Source\PSoC5/ErikaOS_1_ee_rq_exchg.c ****  * Free Software Foundation, Inc., 51 Franklin Street, Fifth Floor,
  38:Generated_Source\PSoC5/ErikaOS_1_ee_rq_exchg.c ****  * Boston, MA 02110-1301 USA.
  39:Generated_Source\PSoC5/ErikaOS_1_ee_rq_exchg.c ****  * ###*E*### */
  40:Generated_Source\PSoC5/ErikaOS_1_ee_rq_exchg.c **** 
  41:Generated_Source\PSoC5/ErikaOS_1_ee_rq_exchg.c **** /*
  42:Generated_Source\PSoC5/ErikaOS_1_ee_rq_exchg.c ****  * Author: 2002-2004 Paolo Gai
  43:Generated_Source\PSoC5/ErikaOS_1_ee_rq_exchg.c ****  * CVS: $Id: ee_rq_exchg.c,v 1.1 2005/07/16 12:23:42 pj Exp $
  44:Generated_Source\PSoC5/ErikaOS_1_ee_rq_exchg.c ****  */
  45:Generated_Source\PSoC5/ErikaOS_1_ee_rq_exchg.c **** 
  46:Generated_Source\PSoC5/ErikaOS_1_ee_rq_exchg.c **** /*
  47:Generated_Source\PSoC5/ErikaOS_1_ee_rq_exchg.c ****  * PSoC Port and API Generation
  48:Generated_Source\PSoC5/ErikaOS_1_ee_rq_exchg.c ****  * Carlos Fernando Meier Martinez
  49:Generated_Source\PSoC5/ErikaOS_1_ee_rq_exchg.c ****  * Hochschule Darmstadt, Germany. 2017.
  50:Generated_Source\PSoC5/ErikaOS_1_ee_rq_exchg.c ****  */
  51:Generated_Source\PSoC5/ErikaOS_1_ee_rq_exchg.c **** 
  52:Generated_Source\PSoC5/ErikaOS_1_ee_rq_exchg.c **** #include "ErikaOS_1_ee_internal.inc"
  53:Generated_Source\PSoC5/ErikaOS_1_ee_rq_exchg.c **** 
  54:Generated_Source\PSoC5/ErikaOS_1_ee_rq_exchg.c **** #ifndef __PRIVATE_RQ2STK_EXCHANGE__
  55:Generated_Source\PSoC5/ErikaOS_1_ee_rq_exchg.c **** 
  56:Generated_Source\PSoC5/ErikaOS_1_ee_rq_exchg.c **** #if (defined(__OO_BCC1__)) || (defined(__OO_ECC1__))
  57:Generated_Source\PSoC5/ErikaOS_1_ee_rq_exchg.c **** EE_TID EE_rq2stk_exchange(void)
  58:Generated_Source\PSoC5/ErikaOS_1_ee_rq_exchg.c **** {
  59:Generated_Source\PSoC5/ErikaOS_1_ee_rq_exchg.c ****   EE_TID temp;
  60:Generated_Source\PSoC5/ErikaOS_1_ee_rq_exchg.c **** 
  61:Generated_Source\PSoC5/ErikaOS_1_ee_rq_exchg.c ****   temp = EE_rq_first;
  62:Generated_Source\PSoC5/ErikaOS_1_ee_rq_exchg.c ****   
  63:Generated_Source\PSoC5/ErikaOS_1_ee_rq_exchg.c ****   /* extract the first task from the ready queue */
  64:Generated_Source\PSoC5/ErikaOS_1_ee_rq_exchg.c ****   EE_rq_first = EE_th_next[temp]; 
  65:Generated_Source\PSoC5/ErikaOS_1_ee_rq_exchg.c ****   /* insert the extracted task on the topo of the stack */
  66:Generated_Source\PSoC5/ErikaOS_1_ee_rq_exchg.c ****   EE_th_next[temp] = EE_stkfirst;
  67:Generated_Source\PSoC5/ErikaOS_1_ee_rq_exchg.c ****   EE_stkfirst = temp;
  68:Generated_Source\PSoC5/ErikaOS_1_ee_rq_exchg.c **** 
  69:Generated_Source\PSoC5/ErikaOS_1_ee_rq_exchg.c ****   return temp;
  70:Generated_Source\PSoC5/ErikaOS_1_ee_rq_exchg.c **** }
  71:Generated_Source\PSoC5/ErikaOS_1_ee_rq_exchg.c **** #endif
  72:Generated_Source\PSoC5/ErikaOS_1_ee_rq_exchg.c **** 
  73:Generated_Source\PSoC5/ErikaOS_1_ee_rq_exchg.c **** #if (defined(__OO_BCC2__)) || (defined(__OO_ECC2__))
  74:Generated_Source\PSoC5/ErikaOS_1_ee_rq_exchg.c **** EE_TID EE_rq2stk_exchange(void)
  75:Generated_Source\PSoC5/ErikaOS_1_ee_rq_exchg.c **** {
  28              		.loc 1 75 0
  29              		.cfi_startproc
  30              		@ args = 0, pretend = 0, frame = 0
  31              		@ frame_needed = 0, uses_anonymous_args = 0
  32              		@ link register save eliminated.
  33 0000 F0B4     		push	{r4, r5, r6, r7}
  34              		.cfi_def_cfa_offset 16
  35              		.cfi_offset 4, -16
  36              		.cfi_offset 5, -12
  37              		.cfi_offset 6, -8
  38              		.cfi_offset 7, -4
  76:Generated_Source\PSoC5/ErikaOS_1_ee_rq_exchg.c ****   EE_INT8 x;    /* the first non-empty queue */
ARM GAS  C:\Users\DABBIR~1\AppData\Local\Temp\ccU8OWWA.s 			page 3


  77:Generated_Source\PSoC5/ErikaOS_1_ee_rq_exchg.c ****   EE_TID temp;   /* the TID to be inserted in the top of the stack */
  78:Generated_Source\PSoC5/ErikaOS_1_ee_rq_exchg.c ****   EE_TYPEPAIR y; /* used to free the descriptor */
  79:Generated_Source\PSoC5/ErikaOS_1_ee_rq_exchg.c **** 
  80:Generated_Source\PSoC5/ErikaOS_1_ee_rq_exchg.c **** #if defined(__OO_ECC2__)
  81:Generated_Source\PSoC5/ErikaOS_1_ee_rq_exchg.c ****   /* lookup at bits 15-9 */
  82:Generated_Source\PSoC5/ErikaOS_1_ee_rq_exchg.c ****   x = EE_rq_lookup[(EE_rq_bitmask & 0xFF00U) >> 8];
  39              		.loc 1 82 0
  40 0002 184B     		ldr	r3, .L6
  41 0004 1988     		ldrh	r1, [r3]
  42 0006 0B0A     		lsrs	r3, r1, #8
  43 0008 174A     		ldr	r2, .L6+4
  44 000a D356     		ldrsb	r3, [r2, r3]
  45              	.LVL0:
  83:Generated_Source\PSoC5/ErikaOS_1_ee_rq_exchg.c ****   if (x == (EE_INT8)-1) {
  46              		.loc 1 83 0
  47 000c B3F1FF3F 		cmp	r3, #-1
  48 0010 01D1     		bne	.L2
  84:Generated_Source\PSoC5/ErikaOS_1_ee_rq_exchg.c ****     x = EE_rq_lookup[EE_rq_bitmask];
  49              		.loc 1 84 0
  50 0012 5356     		ldrsb	r3, [r2, r1]
  51              	.LVL1:
  52 0014 01E0     		b	.L3
  53              	.L2:
  85:Generated_Source\PSoC5/ErikaOS_1_ee_rq_exchg.c ****   } else {
  86:Generated_Source\PSoC5/ErikaOS_1_ee_rq_exchg.c ****     x += (EE_INT8)8;
  54              		.loc 1 86 0
  55 0016 0833     		adds	r3, r3, #8
  56              	.LVL2:
  57 0018 5BB2     		sxtb	r3, r3
  58              	.LVL3:
  59              	.L3:
  87:Generated_Source\PSoC5/ErikaOS_1_ee_rq_exchg.c ****   }
  88:Generated_Source\PSoC5/ErikaOS_1_ee_rq_exchg.c **** #else
  89:Generated_Source\PSoC5/ErikaOS_1_ee_rq_exchg.c ****   x = EE_rq_lookup[EE_rq_bitmask];
  90:Generated_Source\PSoC5/ErikaOS_1_ee_rq_exchg.c **** #endif
  91:Generated_Source\PSoC5/ErikaOS_1_ee_rq_exchg.c **** 
  92:Generated_Source\PSoC5/ErikaOS_1_ee_rq_exchg.c ****   /* now x contains the highest priority non-empty queue number */
  93:Generated_Source\PSoC5/ErikaOS_1_ee_rq_exchg.c **** 
  94:Generated_Source\PSoC5/ErikaOS_1_ee_rq_exchg.c ****   /* get the TID to insert in the stacked queue */
  95:Generated_Source\PSoC5/ErikaOS_1_ee_rq_exchg.c ****   temp = EE_rq_pairs_tid[EE_rq_queues_head[x]];
  60              		.loc 1 95 0
  61 001a 144D     		ldr	r5, .L6+8
  62 001c 55F82320 		ldr	r2, [r5, r3, lsl #2]
  63 0020 1348     		ldr	r0, .L6+12
  64 0022 50F82200 		ldr	r0, [r0, r2, lsl #2]
  65              	.LVL4:
  96:Generated_Source\PSoC5/ErikaOS_1_ee_rq_exchg.c **** 
  97:Generated_Source\PSoC5/ErikaOS_1_ee_rq_exchg.c ****   /* free the descriptor */
  98:Generated_Source\PSoC5/ErikaOS_1_ee_rq_exchg.c ****   y = EE_rq_queues_head[x];
  99:Generated_Source\PSoC5/ErikaOS_1_ee_rq_exchg.c ****   EE_rq_queues_head[x] = EE_rq_pairs_next[EE_rq_queues_head[x]];
  66              		.loc 1 99 0
  67 0026 134E     		ldr	r6, .L6+16
  68 0028 56F82240 		ldr	r4, [r6, r2, lsl #2]
  69 002c 45F82340 		str	r4, [r5, r3, lsl #2]
 100:Generated_Source\PSoC5/ErikaOS_1_ee_rq_exchg.c ****   EE_rq_pairs_next[y] = EE_rq_free;
  70              		.loc 1 100 0
  71 0030 114D     		ldr	r5, .L6+20
ARM GAS  C:\Users\DABBIR~1\AppData\Local\Temp\ccU8OWWA.s 			page 4


  72 0032 2F68     		ldr	r7, [r5]
  73 0034 46F82270 		str	r7, [r6, r2, lsl #2]
 101:Generated_Source\PSoC5/ErikaOS_1_ee_rq_exchg.c ****   EE_rq_free = y;
  74              		.loc 1 101 0
  75 0038 2A60     		str	r2, [r5]
 102:Generated_Source\PSoC5/ErikaOS_1_ee_rq_exchg.c ****   
 103:Generated_Source\PSoC5/ErikaOS_1_ee_rq_exchg.c ****   if (EE_rq_queues_head[x] == (EE_SREG)-1) {
  76              		.loc 1 103 0
  77 003a B4F1FF3F 		cmp	r4, #-1
  78 003e 09D1     		bne	.L4
 104:Generated_Source\PSoC5/ErikaOS_1_ee_rq_exchg.c ****     EE_rq_queues_tail[x] = -1;
  79              		.loc 1 104 0
  80 0040 0E4A     		ldr	r2, .L6+24
  81              	.LVL5:
  82 0042 42F82340 		str	r4, [r2, r3, lsl #2]
 105:Generated_Source\PSoC5/ErikaOS_1_ee_rq_exchg.c ****     /* reset the (x)th bit in the bitfield; casts are for MISRA compliance */
 106:Generated_Source\PSoC5/ErikaOS_1_ee_rq_exchg.c ****     EE_rq_bitmask &= (EE_TYPE_RQ_MASK)~((EE_TYPE_RQ_MASK)((EE_TYPE_RQ_MASK)1U << x));
  83              		.loc 1 106 0
  84 0046 0122     		movs	r2, #1
  85 0048 02FA03F3 		lsl	r3, r2, r3
  86              	.LVL6:
  87 004c 21EA0301 		bic	r1, r1, r3
  88 0050 044B     		ldr	r3, .L6
  89 0052 1980     		strh	r1, [r3]	@ movhi
  90              	.L4:
 107:Generated_Source\PSoC5/ErikaOS_1_ee_rq_exchg.c ****   }
 108:Generated_Source\PSoC5/ErikaOS_1_ee_rq_exchg.c **** 
 109:Generated_Source\PSoC5/ErikaOS_1_ee_rq_exchg.c ****   /* insert the extracted task on the top of the stack */
 110:Generated_Source\PSoC5/ErikaOS_1_ee_rq_exchg.c ****   EE_th_next[temp] = EE_stkfirst;
  91              		.loc 1 110 0
  92 0054 0A4B     		ldr	r3, .L6+28
  93 0056 1968     		ldr	r1, [r3]
  94 0058 0A4A     		ldr	r2, .L6+32
  95 005a 42F82010 		str	r1, [r2, r0, lsl #2]
 111:Generated_Source\PSoC5/ErikaOS_1_ee_rq_exchg.c ****   EE_stkfirst = temp;
  96              		.loc 1 111 0
  97 005e 1860     		str	r0, [r3]
 112:Generated_Source\PSoC5/ErikaOS_1_ee_rq_exchg.c **** 
 113:Generated_Source\PSoC5/ErikaOS_1_ee_rq_exchg.c ****   return temp;
 114:Generated_Source\PSoC5/ErikaOS_1_ee_rq_exchg.c **** }
  98              		.loc 1 114 0
  99 0060 F0BC     		pop	{r4, r5, r6, r7}
 100              		.cfi_restore 7
 101              		.cfi_restore 6
 102              		.cfi_restore 5
 103              		.cfi_restore 4
 104              		.cfi_def_cfa_offset 0
 105              	.LVL7:
 106 0062 7047     		bx	lr
 107              	.L7:
 108              		.align	2
 109              	.L6:
 110 0064 00000000 		.word	EE_rq_bitmask
 111 0068 00000000 		.word	EE_rq_lookup
 112 006c 00000000 		.word	EE_rq_queues_head
 113 0070 00000000 		.word	EE_rq_pairs_tid
 114 0074 00000000 		.word	EE_rq_pairs_next
ARM GAS  C:\Users\DABBIR~1\AppData\Local\Temp\ccU8OWWA.s 			page 5


 115 0078 00000000 		.word	EE_rq_free
 116 007c 00000000 		.word	EE_rq_queues_tail
 117 0080 00000000 		.word	EE_stkfirst
 118 0084 00000000 		.word	EE_th_next
 119              		.cfi_endproc
 120              	.LFE60:
 121              		.size	EE_rq2stk_exchange, .-EE_rq2stk_exchange
 122              		.text
 123              	.Letext0:
 124              		.file 2 "Generated_Source\\PSoC5\\ErikaOS_1_common_ee_types.inc"
 125              		.file 3 "Generated_Source\\PSoC5\\ErikaOS_1_cortex_mx_ee_cpu.inc"
 126              		.file 4 "Generated_Source\\PSoC5\\ErikaOS_1_ee_oo_common.inc"
 127              		.file 5 "Generated_Source\\PSoC5\\ErikaOS_1_common_ee_primitives.inc"
 128              		.file 6 "Generated_Source\\PSoC5\\ErikaOS_1_cortex_mx_ee_context.inc"
 129              		.file 7 "Generated_Source\\PSoC5\\ErikaOS_1_ee_oo_intfunc.inc"
 130              		.file 8 "Generated_Source\\PSoC5\\ErikaOS_1_ee_oo_internal.inc"
 131              		.section	.debug_info,"",%progbits
 132              	.Ldebug_info0:
 133 0000 AB020000 		.4byte	0x2ab
 134 0004 0400     		.2byte	0x4
 135 0006 00000000 		.4byte	.Ldebug_abbrev0
 136 000a 04       		.byte	0x4
 137 000b 01       		.uleb128 0x1
 138 000c 1C030000 		.4byte	.LASF44
 139 0010 0C       		.byte	0xc
 140 0011 00000000 		.4byte	.LASF45
 141 0015 F5000000 		.4byte	.LASF46
 142 0019 00000000 		.4byte	.Ldebug_ranges0+0
 143 001d 00000000 		.4byte	0
 144 0021 00000000 		.4byte	.Ldebug_line0
 145 0025 02       		.uleb128 0x2
 146 0026 01       		.byte	0x1
 147 0027 06       		.byte	0x6
 148 0028 FB010000 		.4byte	.LASF0
 149 002c 02       		.uleb128 0x2
 150 002d 01       		.byte	0x1
 151 002e 08       		.byte	0x8
 152 002f E5010000 		.4byte	.LASF1
 153 0033 02       		.uleb128 0x2
 154 0034 02       		.byte	0x2
 155 0035 05       		.byte	0x5
 156 0036 5A000000 		.4byte	.LASF2
 157 003a 02       		.uleb128 0x2
 158 003b 02       		.byte	0x2
 159 003c 07       		.byte	0x7
 160 003d 59020000 		.4byte	.LASF3
 161 0041 02       		.uleb128 0x2
 162 0042 04       		.byte	0x4
 163 0043 05       		.byte	0x5
 164 0044 76010000 		.4byte	.LASF4
 165 0048 02       		.uleb128 0x2
 166 0049 04       		.byte	0x4
 167 004a 07       		.byte	0x7
 168 004b 89020000 		.4byte	.LASF5
 169 004f 02       		.uleb128 0x2
 170 0050 08       		.byte	0x8
 171 0051 05       		.byte	0x5
ARM GAS  C:\Users\DABBIR~1\AppData\Local\Temp\ccU8OWWA.s 			page 6


 172 0052 CF000000 		.4byte	.LASF6
 173 0056 02       		.uleb128 0x2
 174 0057 08       		.byte	0x8
 175 0058 07       		.byte	0x7
 176 0059 07020000 		.4byte	.LASF7
 177 005d 03       		.uleb128 0x3
 178 005e 04       		.byte	0x4
 179 005f 05       		.byte	0x5
 180 0060 696E7400 		.ascii	"int\000"
 181 0064 02       		.uleb128 0x2
 182 0065 04       		.byte	0x4
 183 0066 07       		.byte	0x7
 184 0067 1E020000 		.4byte	.LASF8
 185 006b 02       		.uleb128 0x2
 186 006c 08       		.byte	0x8
 187 006d 04       		.byte	0x4
 188 006e CB010000 		.4byte	.LASF9
 189 0072 04       		.uleb128 0x4
 190 0073 DD000000 		.4byte	.LASF10
 191 0077 02       		.byte	0x2
 192 0078 3F       		.byte	0x3f
 193 0079 25000000 		.4byte	0x25
 194 007d 04       		.uleb128 0x4
 195 007e 6C020000 		.4byte	.LASF11
 196 0082 02       		.byte	0x2
 197 0083 52       		.byte	0x52
 198 0084 3A000000 		.4byte	0x3a
 199 0088 04       		.uleb128 0x4
 200 0089 50020000 		.4byte	.LASF12
 201 008d 02       		.byte	0x2
 202 008e 53       		.byte	0x53
 203 008f 5D000000 		.4byte	0x5d
 204 0093 04       		.uleb128 0x4
 205 0094 75000000 		.4byte	.LASF13
 206 0098 02       		.byte	0x2
 207 0099 54       		.byte	0x54
 208 009a 64000000 		.4byte	0x64
 209 009e 04       		.uleb128 0x4
 210 009f 2F000000 		.4byte	.LASF14
 211 00a3 03       		.byte	0x3
 212 00a4 4D       		.byte	0x4d
 213 00a5 93000000 		.4byte	0x93
 214 00a9 04       		.uleb128 0x4
 215 00aa F3010000 		.4byte	.LASF15
 216 00ae 03       		.byte	0x3
 217 00af 4E       		.byte	0x4e
 218 00b0 88000000 		.4byte	0x88
 219 00b4 04       		.uleb128 0x4
 220 00b5 6D000000 		.4byte	.LASF16
 221 00b9 03       		.byte	0x3
 222 00ba 4F       		.byte	0x4f
 223 00bb 93000000 		.4byte	0x93
 224 00bf 04       		.uleb128 0x4
 225 00c0 9B020000 		.4byte	.LASF17
 226 00c4 03       		.byte	0x3
 227 00c5 54       		.byte	0x54
 228 00c6 9E000000 		.4byte	0x9e
ARM GAS  C:\Users\DABBIR~1\AppData\Local\Temp\ccU8OWWA.s 			page 7


 229 00ca 04       		.uleb128 0x4
 230 00cb A2000000 		.4byte	.LASF18
 231 00cf 03       		.byte	0x3
 232 00d0 78       		.byte	0x78
 233 00d1 88000000 		.4byte	0x88
 234 00d5 05       		.uleb128 0x5
 235 00d6 E5000000 		.4byte	.LASF19
 236 00da 04       		.byte	0x4
 237 00db 1101     		.2byte	0x111
 238 00dd 7D000000 		.4byte	0x7d
 239 00e1 06       		.uleb128 0x6
 240 00e2 B8010000 		.4byte	.LASF47
 241 00e6 01       		.byte	0x1
 242 00e7 4A       		.byte	0x4a
 243 00e8 CA000000 		.4byte	0xca
 244 00ec 00000000 		.4byte	.LFB60
 245 00f0 88000000 		.4byte	.LFE60-.LFB60
 246 00f4 01       		.uleb128 0x1
 247 00f5 9C       		.byte	0x9c
 248 00f6 22010000 		.4byte	0x122
 249 00fa 07       		.uleb128 0x7
 250 00fb 7800     		.ascii	"x\000"
 251 00fd 01       		.byte	0x1
 252 00fe 4C       		.byte	0x4c
 253 00ff 72000000 		.4byte	0x72
 254 0103 00000000 		.4byte	.LLST0
 255 0107 08       		.uleb128 0x8
 256 0108 55000000 		.4byte	.LASF20
 257 010c 01       		.byte	0x1
 258 010d 4D       		.byte	0x4d
 259 010e CA000000 		.4byte	0xca
 260 0112 01       		.uleb128 0x1
 261 0113 50       		.byte	0x50
 262 0114 07       		.uleb128 0x7
 263 0115 7900     		.ascii	"y\000"
 264 0117 01       		.byte	0x1
 265 0118 4E       		.byte	0x4e
 266 0119 A9000000 		.4byte	0xa9
 267 011d 2B000000 		.4byte	.LLST1
 268 0121 00       		.byte	0
 269 0122 09       		.uleb128 0x9
 270 0123 BA000000 		.4byte	.LASF21
 271 0127 05       		.byte	0x5
 272 0128 44       		.byte	0x44
 273 0129 9E000000 		.4byte	0x9e
 274 012d 09       		.uleb128 0x9
 275 012e 37020000 		.4byte	.LASF22
 276 0132 06       		.byte	0x6
 277 0133 48       		.byte	0x48
 278 0134 CA000000 		.4byte	0xca
 279 0138 0A       		.uleb128 0xa
 280 0139 4F010000 		.4byte	0x14f
 281 013d 48010000 		.4byte	0x148
 282 0141 0B       		.uleb128 0xb
 283 0142 48010000 		.4byte	0x148
 284 0146 03       		.byte	0x3
 285 0147 00       		.byte	0
ARM GAS  C:\Users\DABBIR~1\AppData\Local\Temp\ccU8OWWA.s 			page 8


 286 0148 02       		.uleb128 0x2
 287 0149 04       		.byte	0x4
 288 014a 07       		.byte	0x7
 289 014b 64000000 		.4byte	.LASF23
 290 014f 0C       		.uleb128 0xc
 291 0150 9E000000 		.4byte	0x9e
 292 0154 09       		.uleb128 0x9
 293 0155 7F000000 		.4byte	.LASF24
 294 0159 04       		.byte	0x4
 295 015a B2       		.byte	0xb2
 296 015b 5F010000 		.4byte	0x15f
 297 015f 0C       		.uleb128 0xc
 298 0160 38010000 		.4byte	0x138
 299 0164 09       		.uleb128 0x9
 300 0165 EB020000 		.4byte	.LASF25
 301 0169 04       		.byte	0x4
 302 016a B3       		.byte	0xb3
 303 016b 6F010000 		.4byte	0x16f
 304 016f 0C       		.uleb128 0xc
 305 0170 38010000 		.4byte	0x138
 306 0174 0A       		.uleb128 0xa
 307 0175 9E000000 		.4byte	0x9e
 308 0179 84010000 		.4byte	0x184
 309 017d 0B       		.uleb128 0xb
 310 017e 48010000 		.4byte	0x148
 311 0182 03       		.byte	0x3
 312 0183 00       		.byte	0
 313 0184 09       		.uleb128 0x9
 314 0185 DE020000 		.4byte	.LASF26
 315 0189 04       		.byte	0x4
 316 018a CA       		.byte	0xca
 317 018b 74010000 		.4byte	0x174
 318 018f 0A       		.uleb128 0xa
 319 0190 CA000000 		.4byte	0xca
 320 0194 9F010000 		.4byte	0x19f
 321 0198 0B       		.uleb128 0xb
 322 0199 48010000 		.4byte	0x148
 323 019d 03       		.byte	0x3
 324 019e 00       		.byte	0
 325 019f 09       		.uleb128 0x9
 326 01a0 FF020000 		.4byte	.LASF27
 327 01a4 04       		.byte	0x4
 328 01a5 D2       		.byte	0xd2
 329 01a6 8F010000 		.4byte	0x18f
 330 01aa 09       		.uleb128 0x9
 331 01ab 2B020000 		.4byte	.LASF28
 332 01af 04       		.byte	0x4
 333 01b0 DA       		.byte	0xda
 334 01b1 74010000 		.4byte	0x174
 335 01b5 09       		.uleb128 0x9
 336 01b6 A7020000 		.4byte	.LASF29
 337 01ba 04       		.byte	0x4
 338 01bb E2       		.byte	0xe2
 339 01bc CA000000 		.4byte	0xca
 340 01c0 09       		.uleb128 0x9
 341 01c1 A9010000 		.4byte	.LASF30
 342 01c5 04       		.byte	0x4
ARM GAS  C:\Users\DABBIR~1\AppData\Local\Temp\ccU8OWWA.s 			page 9


 343 01c6 F7       		.byte	0xf7
 344 01c7 9E000000 		.4byte	0x9e
 345 01cb 0A       		.uleb128 0xa
 346 01cc A9000000 		.4byte	0xa9
 347 01d0 DB010000 		.4byte	0x1db
 348 01d4 0B       		.uleb128 0xb
 349 01d5 48010000 		.4byte	0x148
 350 01d9 0F       		.byte	0xf
 351 01da 00       		.byte	0
 352 01db 0D       		.uleb128 0xd
 353 01dc 90000000 		.4byte	.LASF31
 354 01e0 04       		.byte	0x4
 355 01e1 2501     		.2byte	0x125
 356 01e3 CB010000 		.4byte	0x1cb
 357 01e7 0D       		.uleb128 0xd
 358 01e8 0A030000 		.4byte	.LASF32
 359 01ec 04       		.byte	0x4
 360 01ed 2601     		.2byte	0x126
 361 01ef CB010000 		.4byte	0x1cb
 362 01f3 0A       		.uleb128 0xa
 363 01f4 A9000000 		.4byte	0xa9
 364 01f8 03020000 		.4byte	0x203
 365 01fc 0B       		.uleb128 0xb
 366 01fd 48010000 		.4byte	0x148
 367 0201 03       		.byte	0x3
 368 0202 00       		.byte	0
 369 0203 0D       		.uleb128 0xd
 370 0204 98010000 		.4byte	.LASF33
 371 0208 04       		.byte	0x4
 372 0209 2C01     		.2byte	0x12c
 373 020b F3010000 		.4byte	0x1f3
 374 020f 0D       		.uleb128 0xd
 375 0210 B3020000 		.4byte	.LASF34
 376 0214 04       		.byte	0x4
 377 0215 3C01     		.2byte	0x13c
 378 0217 8F010000 		.4byte	0x18f
 379 021b 0D       		.uleb128 0xd
 380 021c C3020000 		.4byte	.LASF35
 381 0220 04       		.byte	0x4
 382 0221 3F01     		.2byte	0x13f
 383 0223 D5000000 		.4byte	0xd5
 384 0227 0D       		.uleb128 0xd
 385 0228 37000000 		.4byte	.LASF36
 386 022c 04       		.byte	0x4
 387 022d 4101     		.2byte	0x141
 388 022f A9000000 		.4byte	0xa9
 389 0233 0D       		.uleb128 0xd
 390 0234 42000000 		.4byte	.LASF37
 391 0238 04       		.byte	0x4
 392 0239 5C01     		.2byte	0x15c
 393 023b 74010000 		.4byte	0x174
 394 023f 0A       		.uleb128 0xa
 395 0240 BF000000 		.4byte	0xbf
 396 0244 4F020000 		.4byte	0x24f
 397 0248 0B       		.uleb128 0xb
 398 0249 48010000 		.4byte	0x148
 399 024d 03       		.byte	0x3
ARM GAS  C:\Users\DABBIR~1\AppData\Local\Temp\ccU8OWWA.s 			page 10


 400 024e 00       		.byte	0
 401 024f 0D       		.uleb128 0xd
 402 0250 A9000000 		.4byte	.LASF38
 403 0254 04       		.byte	0x4
 404 0255 6701     		.2byte	0x167
 405 0257 3F020000 		.4byte	0x23f
 406 025b 09       		.uleb128 0x9
 407 025c AA030000 		.4byte	.LASF39
 408 0260 07       		.byte	0x7
 409 0261 40       		.byte	0x40
 410 0262 9E000000 		.4byte	0x9e
 411 0266 09       		.uleb128 0x9
 412 0267 7F010000 		.4byte	.LASF40
 413 026b 07       		.byte	0x7
 414 026c 47       		.byte	0x47
 415 026d B4000000 		.4byte	0xb4
 416 0271 09       		.uleb128 0x9
 417 0272 76020000 		.4byte	.LASF41
 418 0276 07       		.byte	0x7
 419 0277 4A       		.byte	0x4a
 420 0278 9E000000 		.4byte	0x9e
 421 027c 0A       		.uleb128 0xa
 422 027d 8C020000 		.4byte	0x28c
 423 0281 8C020000 		.4byte	0x28c
 424 0285 0B       		.uleb128 0xb
 425 0286 48010000 		.4byte	0x148
 426 028a FF       		.byte	0xff
 427 028b 00       		.byte	0
 428 028c 0C       		.uleb128 0xc
 429 028d 72000000 		.4byte	0x72
 430 0291 0D       		.uleb128 0xd
 431 0292 D1020000 		.4byte	.LASF42
 432 0296 08       		.byte	0x8
 433 0297 AB01     		.2byte	0x1ab
 434 0299 9D020000 		.4byte	0x29d
 435 029d 0C       		.uleb128 0xc
 436 029e 7C020000 		.4byte	0x27c
 437 02a2 0D       		.uleb128 0xd
 438 02a3 D7010000 		.4byte	.LASF43
 439 02a7 08       		.byte	0x8
 440 02a8 1602     		.2byte	0x216
 441 02aa 9E000000 		.4byte	0x9e
 442 02ae 00       		.byte	0
 443              		.section	.debug_abbrev,"",%progbits
 444              	.Ldebug_abbrev0:
 445 0000 01       		.uleb128 0x1
 446 0001 11       		.uleb128 0x11
 447 0002 01       		.byte	0x1
 448 0003 25       		.uleb128 0x25
 449 0004 0E       		.uleb128 0xe
 450 0005 13       		.uleb128 0x13
 451 0006 0B       		.uleb128 0xb
 452 0007 03       		.uleb128 0x3
 453 0008 0E       		.uleb128 0xe
 454 0009 1B       		.uleb128 0x1b
 455 000a 0E       		.uleb128 0xe
 456 000b 55       		.uleb128 0x55
ARM GAS  C:\Users\DABBIR~1\AppData\Local\Temp\ccU8OWWA.s 			page 11


 457 000c 17       		.uleb128 0x17
 458 000d 11       		.uleb128 0x11
 459 000e 01       		.uleb128 0x1
 460 000f 10       		.uleb128 0x10
 461 0010 17       		.uleb128 0x17
 462 0011 00       		.byte	0
 463 0012 00       		.byte	0
 464 0013 02       		.uleb128 0x2
 465 0014 24       		.uleb128 0x24
 466 0015 00       		.byte	0
 467 0016 0B       		.uleb128 0xb
 468 0017 0B       		.uleb128 0xb
 469 0018 3E       		.uleb128 0x3e
 470 0019 0B       		.uleb128 0xb
 471 001a 03       		.uleb128 0x3
 472 001b 0E       		.uleb128 0xe
 473 001c 00       		.byte	0
 474 001d 00       		.byte	0
 475 001e 03       		.uleb128 0x3
 476 001f 24       		.uleb128 0x24
 477 0020 00       		.byte	0
 478 0021 0B       		.uleb128 0xb
 479 0022 0B       		.uleb128 0xb
 480 0023 3E       		.uleb128 0x3e
 481 0024 0B       		.uleb128 0xb
 482 0025 03       		.uleb128 0x3
 483 0026 08       		.uleb128 0x8
 484 0027 00       		.byte	0
 485 0028 00       		.byte	0
 486 0029 04       		.uleb128 0x4
 487 002a 16       		.uleb128 0x16
 488 002b 00       		.byte	0
 489 002c 03       		.uleb128 0x3
 490 002d 0E       		.uleb128 0xe
 491 002e 3A       		.uleb128 0x3a
 492 002f 0B       		.uleb128 0xb
 493 0030 3B       		.uleb128 0x3b
 494 0031 0B       		.uleb128 0xb
 495 0032 49       		.uleb128 0x49
 496 0033 13       		.uleb128 0x13
 497 0034 00       		.byte	0
 498 0035 00       		.byte	0
 499 0036 05       		.uleb128 0x5
 500 0037 16       		.uleb128 0x16
 501 0038 00       		.byte	0
 502 0039 03       		.uleb128 0x3
 503 003a 0E       		.uleb128 0xe
 504 003b 3A       		.uleb128 0x3a
 505 003c 0B       		.uleb128 0xb
 506 003d 3B       		.uleb128 0x3b
 507 003e 05       		.uleb128 0x5
 508 003f 49       		.uleb128 0x49
 509 0040 13       		.uleb128 0x13
 510 0041 00       		.byte	0
 511 0042 00       		.byte	0
 512 0043 06       		.uleb128 0x6
 513 0044 2E       		.uleb128 0x2e
ARM GAS  C:\Users\DABBIR~1\AppData\Local\Temp\ccU8OWWA.s 			page 12


 514 0045 01       		.byte	0x1
 515 0046 3F       		.uleb128 0x3f
 516 0047 19       		.uleb128 0x19
 517 0048 03       		.uleb128 0x3
 518 0049 0E       		.uleb128 0xe
 519 004a 3A       		.uleb128 0x3a
 520 004b 0B       		.uleb128 0xb
 521 004c 3B       		.uleb128 0x3b
 522 004d 0B       		.uleb128 0xb
 523 004e 27       		.uleb128 0x27
 524 004f 19       		.uleb128 0x19
 525 0050 49       		.uleb128 0x49
 526 0051 13       		.uleb128 0x13
 527 0052 11       		.uleb128 0x11
 528 0053 01       		.uleb128 0x1
 529 0054 12       		.uleb128 0x12
 530 0055 06       		.uleb128 0x6
 531 0056 40       		.uleb128 0x40
 532 0057 18       		.uleb128 0x18
 533 0058 9742     		.uleb128 0x2117
 534 005a 19       		.uleb128 0x19
 535 005b 01       		.uleb128 0x1
 536 005c 13       		.uleb128 0x13
 537 005d 00       		.byte	0
 538 005e 00       		.byte	0
 539 005f 07       		.uleb128 0x7
 540 0060 34       		.uleb128 0x34
 541 0061 00       		.byte	0
 542 0062 03       		.uleb128 0x3
 543 0063 08       		.uleb128 0x8
 544 0064 3A       		.uleb128 0x3a
 545 0065 0B       		.uleb128 0xb
 546 0066 3B       		.uleb128 0x3b
 547 0067 0B       		.uleb128 0xb
 548 0068 49       		.uleb128 0x49
 549 0069 13       		.uleb128 0x13
 550 006a 02       		.uleb128 0x2
 551 006b 17       		.uleb128 0x17
 552 006c 00       		.byte	0
 553 006d 00       		.byte	0
 554 006e 08       		.uleb128 0x8
 555 006f 34       		.uleb128 0x34
 556 0070 00       		.byte	0
 557 0071 03       		.uleb128 0x3
 558 0072 0E       		.uleb128 0xe
 559 0073 3A       		.uleb128 0x3a
 560 0074 0B       		.uleb128 0xb
 561 0075 3B       		.uleb128 0x3b
 562 0076 0B       		.uleb128 0xb
 563 0077 49       		.uleb128 0x49
 564 0078 13       		.uleb128 0x13
 565 0079 02       		.uleb128 0x2
 566 007a 18       		.uleb128 0x18
 567 007b 00       		.byte	0
 568 007c 00       		.byte	0
 569 007d 09       		.uleb128 0x9
 570 007e 34       		.uleb128 0x34
ARM GAS  C:\Users\DABBIR~1\AppData\Local\Temp\ccU8OWWA.s 			page 13


 571 007f 00       		.byte	0
 572 0080 03       		.uleb128 0x3
 573 0081 0E       		.uleb128 0xe
 574 0082 3A       		.uleb128 0x3a
 575 0083 0B       		.uleb128 0xb
 576 0084 3B       		.uleb128 0x3b
 577 0085 0B       		.uleb128 0xb
 578 0086 49       		.uleb128 0x49
 579 0087 13       		.uleb128 0x13
 580 0088 3F       		.uleb128 0x3f
 581 0089 19       		.uleb128 0x19
 582 008a 3C       		.uleb128 0x3c
 583 008b 19       		.uleb128 0x19
 584 008c 00       		.byte	0
 585 008d 00       		.byte	0
 586 008e 0A       		.uleb128 0xa
 587 008f 01       		.uleb128 0x1
 588 0090 01       		.byte	0x1
 589 0091 49       		.uleb128 0x49
 590 0092 13       		.uleb128 0x13
 591 0093 01       		.uleb128 0x1
 592 0094 13       		.uleb128 0x13
 593 0095 00       		.byte	0
 594 0096 00       		.byte	0
 595 0097 0B       		.uleb128 0xb
 596 0098 21       		.uleb128 0x21
 597 0099 00       		.byte	0
 598 009a 49       		.uleb128 0x49
 599 009b 13       		.uleb128 0x13
 600 009c 2F       		.uleb128 0x2f
 601 009d 0B       		.uleb128 0xb
 602 009e 00       		.byte	0
 603 009f 00       		.byte	0
 604 00a0 0C       		.uleb128 0xc
 605 00a1 26       		.uleb128 0x26
 606 00a2 00       		.byte	0
 607 00a3 49       		.uleb128 0x49
 608 00a4 13       		.uleb128 0x13
 609 00a5 00       		.byte	0
 610 00a6 00       		.byte	0
 611 00a7 0D       		.uleb128 0xd
 612 00a8 34       		.uleb128 0x34
 613 00a9 00       		.byte	0
 614 00aa 03       		.uleb128 0x3
 615 00ab 0E       		.uleb128 0xe
 616 00ac 3A       		.uleb128 0x3a
 617 00ad 0B       		.uleb128 0xb
 618 00ae 3B       		.uleb128 0x3b
 619 00af 05       		.uleb128 0x5
 620 00b0 49       		.uleb128 0x49
 621 00b1 13       		.uleb128 0x13
 622 00b2 3F       		.uleb128 0x3f
 623 00b3 19       		.uleb128 0x19
 624 00b4 3C       		.uleb128 0x3c
 625 00b5 19       		.uleb128 0x19
 626 00b6 00       		.byte	0
 627 00b7 00       		.byte	0
ARM GAS  C:\Users\DABBIR~1\AppData\Local\Temp\ccU8OWWA.s 			page 14


 628 00b8 00       		.byte	0
 629              		.section	.debug_loc,"",%progbits
 630              	.Ldebug_loc0:
 631              	.LLST0:
 632 0000 0C000000 		.4byte	.LVL0
 633 0004 18000000 		.4byte	.LVL2
 634 0008 0100     		.2byte	0x1
 635 000a 53       		.byte	0x53
 636 000b 18000000 		.4byte	.LVL2
 637 000f 1A000000 		.4byte	.LVL3
 638 0013 0300     		.2byte	0x3
 639 0015 73       		.byte	0x73
 640 0016 78       		.sleb128 -8
 641 0017 9F       		.byte	0x9f
 642 0018 1A000000 		.4byte	.LVL3
 643 001c 4C000000 		.4byte	.LVL6
 644 0020 0100     		.2byte	0x1
 645 0022 53       		.byte	0x53
 646 0023 00000000 		.4byte	0
 647 0027 00000000 		.4byte	0
 648              	.LLST1:
 649 002b 26000000 		.4byte	.LVL4
 650 002f 42000000 		.4byte	.LVL5
 651 0033 0100     		.2byte	0x1
 652 0035 52       		.byte	0x52
 653 0036 42000000 		.4byte	.LVL5
 654 003a 62000000 		.4byte	.LVL7
 655 003e 0200     		.2byte	0x2
 656 0040 75       		.byte	0x75
 657 0041 00       		.sleb128 0
 658 0042 00000000 		.4byte	0
 659 0046 00000000 		.4byte	0
 660              		.section	.debug_aranges,"",%progbits
 661 0000 1C000000 		.4byte	0x1c
 662 0004 0200     		.2byte	0x2
 663 0006 00000000 		.4byte	.Ldebug_info0
 664 000a 04       		.byte	0x4
 665 000b 00       		.byte	0
 666 000c 0000     		.2byte	0
 667 000e 0000     		.2byte	0
 668 0010 00000000 		.4byte	.LFB60
 669 0014 88000000 		.4byte	.LFE60-.LFB60
 670 0018 00000000 		.4byte	0
 671 001c 00000000 		.4byte	0
 672              		.section	.debug_ranges,"",%progbits
 673              	.Ldebug_ranges0:
 674 0000 00000000 		.4byte	.LFB60
 675 0004 88000000 		.4byte	.LFE60
 676 0008 00000000 		.4byte	0
 677 000c 00000000 		.4byte	0
 678              		.section	.debug_line,"",%progbits
 679              	.Ldebug_line0:
 680 0000 57010000 		.section	.debug_str,"MS",%progbits,1
 680      02003101 
 680      00000201 
 680      FB0E0D00 
 680      01010101 
ARM GAS  C:\Users\DABBIR~1\AppData\Local\Temp\ccU8OWWA.s 			page 15


 681              	.LASF45:
 682 0000 47656E65 		.ascii	"Generated_Source\\PSoC5\\ErikaOS_1_ee_rq_exchg.c\000"
 682      72617465 
 682      645F536F 
 682      75726365 
 682      5C50536F 
 683              	.LASF14:
 684 002f 45455F55 		.ascii	"EE_UREG\000"
 684      52454700 
 685              	.LASF36:
 686 0037 45455F72 		.ascii	"EE_rq_free\000"
 686      715F6672 
 686      656500
 687              	.LASF37:
 688 0042 45455F74 		.ascii	"EE_th_event_active\000"
 688      685F6576 
 688      656E745F 
 688      61637469 
 688      766500
 689              	.LASF20:
 690 0055 74656D70 		.ascii	"temp\000"
 690      00
 691              	.LASF2:
 692 005a 73686F72 		.ascii	"short int\000"
 692      7420696E 
 692      7400
 693              	.LASF23:
 694 0064 73697A65 		.ascii	"sizetype\000"
 694      74797065 
 694      00
 695              	.LASF16:
 696 006d 45455F46 		.ascii	"EE_FREG\000"
 696      52454700 
 697              	.LASF13:
 698 0075 45455F55 		.ascii	"EE_UINT32\000"
 698      494E5433 
 698      3200
 699              	.LASF24:
 700 007f 45455F74 		.ascii	"EE_th_ready_prio\000"
 700      685F7265 
 700      6164795F 
 700      7072696F 
 700      00
 701              	.LASF31:
 702 0090 45455F72 		.ascii	"EE_rq_queues_head\000"
 702      715F7175 
 702      65756573 
 702      5F686561 
 702      6400
 703              	.LASF18:
 704 00a2 45455F54 		.ascii	"EE_TID\000"
 704      494400
 705              	.LASF38:
 706 00a9 45455F74 		.ascii	"EE_th_waswaiting\000"
 706      685F7761 
 706      73776169 
 706      74696E67 
ARM GAS  C:\Users\DABBIR~1\AppData\Local\Temp\ccU8OWWA.s 			page 16


 706      00
 707              	.LASF21:
 708 00ba 45455F49 		.ascii	"EE_IRQ_nesting_level\000"
 708      52515F6E 
 708      65737469 
 708      6E675F6C 
 708      6576656C 
 709              	.LASF6:
 710 00cf 6C6F6E67 		.ascii	"long long int\000"
 710      206C6F6E 
 710      6720696E 
 710      7400
 711              	.LASF10:
 712 00dd 45455F49 		.ascii	"EE_INT8\000"
 712      4E543800 
 713              	.LASF19:
 714 00e5 45455F54 		.ascii	"EE_TYPE_RQ_MASK\000"
 714      5950455F 
 714      52515F4D 
 714      41534B00 
 715              	.LASF46:
 716 00f5 433A5C4D 		.ascii	"C:\\My_Files\\College_Documents\\AMA EOS\\EOS\\LAB\\"
 716      795F4669 
 716      6C65735C 
 716      436F6C6C 
 716      6567655F 
 717 0123 4C41425F 		.ascii	"LAB_2_Submission\\Json Parser\\code\\w06_criticalRe"
 717      325F5375 
 717      626D6973 
 717      73696F6E 
 717      5C4A736F 
 718 0153 67696F6E 		.ascii	"gion.cydsn\\Lab2_JSONParser01.cydsn\000"
 718      2E637964 
 718      736E5C4C 
 718      6162325F 
 718      4A534F4E 
 719              	.LASF4:
 720 0176 6C6F6E67 		.ascii	"long int\000"
 720      20696E74 
 720      00
 721              	.LASF40:
 722 017f 45455F6F 		.ascii	"EE_oo_IRQ_suspend_status\000"
 722      6F5F4952 
 722      515F7375 
 722      7370656E 
 722      645F7374 
 723              	.LASF33:
 724 0198 45455F72 		.ascii	"EE_rq_pairs_next\000"
 724      715F7061 
 724      6972735F 
 724      6E657874 
 724      00
 725              	.LASF30:
 726 01a9 45455F73 		.ascii	"EE_sys_ceiling\000"
 726      79735F63 
 726      65696C69 
 726      6E6700
ARM GAS  C:\Users\DABBIR~1\AppData\Local\Temp\ccU8OWWA.s 			page 17


 727              	.LASF47:
 728 01b8 45455F72 		.ascii	"EE_rq2stk_exchange\000"
 728      71327374 
 728      6B5F6578 
 728      6368616E 
 728      676500
 729              	.LASF9:
 730 01cb 6C6F6E67 		.ascii	"long double\000"
 730      20646F75 
 730      626C6500 
 731              	.LASF43:
 732 01d7 45455F69 		.ascii	"EE_isr2_index\000"
 732      7372325F 
 732      696E6465 
 732      7800
 733              	.LASF1:
 734 01e5 756E7369 		.ascii	"unsigned char\000"
 734      676E6564 
 734      20636861 
 734      7200
 735              	.LASF15:
 736 01f3 45455F53 		.ascii	"EE_SREG\000"
 736      52454700 
 737              	.LASF0:
 738 01fb 7369676E 		.ascii	"signed char\000"
 738      65642063 
 738      68617200 
 739              	.LASF7:
 740 0207 6C6F6E67 		.ascii	"long long unsigned int\000"
 740      206C6F6E 
 740      6720756E 
 740      7369676E 
 740      65642069 
 741              	.LASF8:
 742 021e 756E7369 		.ascii	"unsigned int\000"
 742      676E6564 
 742      20696E74 
 742      00
 743              	.LASF28:
 744 022b 45455F74 		.ascii	"EE_th_rnact\000"
 744      685F726E 
 744      61637400 
 745              	.LASF22:
 746 0237 45455F73 		.ascii	"EE_std_endcycle_next_tid\000"
 746      74645F65 
 746      6E646379 
 746      636C655F 
 746      6E657874 
 747              	.LASF12:
 748 0250 45455F49 		.ascii	"EE_INT32\000"
 748      4E543332 
 748      00
 749              	.LASF3:
 750 0259 73686F72 		.ascii	"short unsigned int\000"
 750      7420756E 
 750      7369676E 
 750      65642069 
ARM GAS  C:\Users\DABBIR~1\AppData\Local\Temp\ccU8OWWA.s 			page 18


 750      6E7400
 751              	.LASF11:
 752 026c 45455F55 		.ascii	"EE_UINT16\000"
 752      494E5431 
 752      3600
 753              	.LASF41:
 754 0276 45455F41 		.ascii	"EE_ApplicationMode\000"
 754      70706C69 
 754      63617469 
 754      6F6E4D6F 
 754      646500
 755              	.LASF5:
 756 0289 6C6F6E67 		.ascii	"long unsigned int\000"
 756      20756E73 
 756      69676E65 
 756      6420696E 
 756      7400
 757              	.LASF17:
 758 029b 45455F54 		.ascii	"EE_TYPEBOOL\000"
 758      59504542 
 758      4F4F4C00 
 759              	.LASF29:
 760 02a7 45455F73 		.ascii	"EE_stkfirst\000"
 760      746B6669 
 760      72737400 
 761              	.LASF34:
 762 02b3 45455F72 		.ascii	"EE_rq_pairs_tid\000"
 762      715F7061 
 762      6972735F 
 762      74696400 
 763              	.LASF35:
 764 02c3 45455F72 		.ascii	"EE_rq_bitmask\000"
 764      715F6269 
 764      746D6173 
 764      6B00
 765              	.LASF42:
 766 02d1 45455F72 		.ascii	"EE_rq_lookup\000"
 766      715F6C6F 
 766      6F6B7570 
 766      00
 767              	.LASF26:
 768 02de 45455F74 		.ascii	"EE_th_status\000"
 768      685F7374 
 768      61747573 
 768      00
 769              	.LASF25:
 770 02eb 45455F74 		.ascii	"EE_th_dispatch_prio\000"
 770      685F6469 
 770      73706174 
 770      63685F70 
 770      72696F00 
 771              	.LASF27:
 772 02ff 45455F74 		.ascii	"EE_th_next\000"
 772      685F6E65 
 772      787400
 773              	.LASF32:
 774 030a 45455F72 		.ascii	"EE_rq_queues_tail\000"
ARM GAS  C:\Users\DABBIR~1\AppData\Local\Temp\ccU8OWWA.s 			page 19


 774      715F7175 
 774      65756573 
 774      5F746169 
 774      6C00
 775              	.LASF44:
 776 031c 474E5520 		.ascii	"GNU C11 5.4.1 20160609 (release) [ARM/embedded-5-br"
 776      43313120 
 776      352E342E 
 776      31203230 
 776      31363036 
 777 034f 616E6368 		.ascii	"anch revision 237715] -mcpu=cortex-m3 -mthumb -g -O"
 777      20726576 
 777      6973696F 
 777      6E203233 
 777      37373135 
 778 0382 67202D66 		.ascii	"g -ffunction-sections -ffat-lto-objects\000"
 778      66756E63 
 778      74696F6E 
 778      2D736563 
 778      74696F6E 
 779              	.LASF39:
 780 03aa 45455F6F 		.ascii	"EE_oo_IRQ_disable_count\000"
 780      6F5F4952 
 780      515F6469 
 780      7361626C 
 780      655F636F 
 781              		.ident	"GCC: (GNU Tools for ARM Embedded Processors) 5.4.1 20160609 (release) [ARM/embedded-5-bran
