ARM GAS  C:\Users\DABBIR~1\AppData\Local\Temp\cc7G0JGO.s 			page 1


   1              		.syntax unified
   2              		.cpu cortex-m3
   3              		.fpu softvfp
   4              		.eabi_attribute 20, 1
   5              		.eabi_attribute 21, 1
   6              		.eabi_attribute 23, 3
   7              		.eabi_attribute 24, 1
   8              		.eabi_attribute 25, 1
   9              		.eabi_attribute 26, 1
  10              		.eabi_attribute 30, 1
  11              		.eabi_attribute 34, 1
  12              		.eabi_attribute 18, 4
  13              		.thumb
  14              		.syntax unified
  15              		.file	"ErikaOS_1_ee_tnterm.c"
  16              		.text
  17              	.Ltext0:
  18              		.cfi_sections	.debug_frame
  19              		.section	.text.EE_thread_not_terminated,"ax",%progbits
  20              		.align	2
  21              		.global	EE_thread_not_terminated
  22              		.thumb
  23              		.thumb_func
  24              		.type	EE_thread_not_terminated, %function
  25              	EE_thread_not_terminated:
  26              	.LFB60:
  27              		.file 1 "Generated_Source\\PSoC5\\ErikaOS_1_ee_tnterm.c"
   1:Generated_Source\PSoC5/ErikaOS_1_ee_tnterm.c **** /* ###*B*###
   2:Generated_Source\PSoC5/ErikaOS_1_ee_tnterm.c ****  * ERIKA Enterprise - a tiny RTOS for small microcontrollers
   3:Generated_Source\PSoC5/ErikaOS_1_ee_tnterm.c ****  *
   4:Generated_Source\PSoC5/ErikaOS_1_ee_tnterm.c ****  * Copyright (C) 2002-2011  Evidence Srl
   5:Generated_Source\PSoC5/ErikaOS_1_ee_tnterm.c ****  *
   6:Generated_Source\PSoC5/ErikaOS_1_ee_tnterm.c ****  * This file is part of ERIKA Enterprise.
   7:Generated_Source\PSoC5/ErikaOS_1_ee_tnterm.c ****  *
   8:Generated_Source\PSoC5/ErikaOS_1_ee_tnterm.c ****  * ERIKA Enterprise is free software; you can redistribute it
   9:Generated_Source\PSoC5/ErikaOS_1_ee_tnterm.c ****  * and/or modify it under the terms of the GNU General Public License
  10:Generated_Source\PSoC5/ErikaOS_1_ee_tnterm.c ****  * version 2 as published by the Free Software Foundation, 
  11:Generated_Source\PSoC5/ErikaOS_1_ee_tnterm.c ****  * (with a special exception described below).
  12:Generated_Source\PSoC5/ErikaOS_1_ee_tnterm.c ****  *
  13:Generated_Source\PSoC5/ErikaOS_1_ee_tnterm.c ****  * Linking this code statically or dynamically with other modules is
  14:Generated_Source\PSoC5/ErikaOS_1_ee_tnterm.c ****  * making a combined work based on this code.  Thus, the terms and
  15:Generated_Source\PSoC5/ErikaOS_1_ee_tnterm.c ****  * conditions of the GNU General Public License cover the whole
  16:Generated_Source\PSoC5/ErikaOS_1_ee_tnterm.c ****  * combination.
  17:Generated_Source\PSoC5/ErikaOS_1_ee_tnterm.c ****  *
  18:Generated_Source\PSoC5/ErikaOS_1_ee_tnterm.c ****  * As a special exception, the copyright holders of this library give you
  19:Generated_Source\PSoC5/ErikaOS_1_ee_tnterm.c ****  * permission to link this code with independent modules to produce an
  20:Generated_Source\PSoC5/ErikaOS_1_ee_tnterm.c ****  * executable, regardless of the license terms of these independent
  21:Generated_Source\PSoC5/ErikaOS_1_ee_tnterm.c ****  * modules, and to copy and distribute the resulting executable under
  22:Generated_Source\PSoC5/ErikaOS_1_ee_tnterm.c ****  * terms of your choice, provided that you also meet, for each linked
  23:Generated_Source\PSoC5/ErikaOS_1_ee_tnterm.c ****  * independent module, the terms and conditions of the license of that
  24:Generated_Source\PSoC5/ErikaOS_1_ee_tnterm.c ****  * module.  An independent module is a module which is not derived from
  25:Generated_Source\PSoC5/ErikaOS_1_ee_tnterm.c ****  * or based on this library.  If you modify this code, you may extend
  26:Generated_Source\PSoC5/ErikaOS_1_ee_tnterm.c ****  * this exception to your version of the code, but you are not
  27:Generated_Source\PSoC5/ErikaOS_1_ee_tnterm.c ****  * obligated to do so.  If you do not wish to do so, delete this
  28:Generated_Source\PSoC5/ErikaOS_1_ee_tnterm.c ****  * exception statement from your version.
  29:Generated_Source\PSoC5/ErikaOS_1_ee_tnterm.c ****  *
  30:Generated_Source\PSoC5/ErikaOS_1_ee_tnterm.c ****  * ERIKA Enterprise is distributed in the hope that it will be
ARM GAS  C:\Users\DABBIR~1\AppData\Local\Temp\cc7G0JGO.s 			page 2


  31:Generated_Source\PSoC5/ErikaOS_1_ee_tnterm.c ****  * useful, but WITHOUT ANY WARRANTY; without even the implied warranty
  32:Generated_Source\PSoC5/ErikaOS_1_ee_tnterm.c ****  * of MERCHANTABILITY or FITNESS FOR A PARTICULAR PURPOSE.  See the
  33:Generated_Source\PSoC5/ErikaOS_1_ee_tnterm.c ****  * GNU General Public License version 2 for more details.
  34:Generated_Source\PSoC5/ErikaOS_1_ee_tnterm.c ****  *
  35:Generated_Source\PSoC5/ErikaOS_1_ee_tnterm.c ****  * You should have received a copy of the GNU General Public License
  36:Generated_Source\PSoC5/ErikaOS_1_ee_tnterm.c ****  * version 2 along with ERIKA Enterprise; if not, write to the
  37:Generated_Source\PSoC5/ErikaOS_1_ee_tnterm.c ****  * Free Software Foundation, Inc., 51 Franklin Street, Fifth Floor,
  38:Generated_Source\PSoC5/ErikaOS_1_ee_tnterm.c ****  * Boston, MA 02110-1301 USA.
  39:Generated_Source\PSoC5/ErikaOS_1_ee_tnterm.c ****  * ###*E*### */
  40:Generated_Source\PSoC5/ErikaOS_1_ee_tnterm.c **** 
  41:Generated_Source\PSoC5/ErikaOS_1_ee_tnterm.c **** /*
  42:Generated_Source\PSoC5/ErikaOS_1_ee_tnterm.c ****  * Author: 2011 Errico Guidieri
  43:Generated_Source\PSoC5/ErikaOS_1_ee_tnterm.c ****  */
  44:Generated_Source\PSoC5/ErikaOS_1_ee_tnterm.c **** 
  45:Generated_Source\PSoC5/ErikaOS_1_ee_tnterm.c **** /*
  46:Generated_Source\PSoC5/ErikaOS_1_ee_tnterm.c ****  * PSoC Port and API Generation
  47:Generated_Source\PSoC5/ErikaOS_1_ee_tnterm.c ****  * Carlos Fernando Meier Martinez
  48:Generated_Source\PSoC5/ErikaOS_1_ee_tnterm.c ****  * Hochschule Darmstadt, Germany. 2017.
  49:Generated_Source\PSoC5/ErikaOS_1_ee_tnterm.c ****  */
  50:Generated_Source\PSoC5/ErikaOS_1_ee_tnterm.c **** 
  51:Generated_Source\PSoC5/ErikaOS_1_ee_tnterm.c **** #include "ErikaOS_1_ee_internal.inc"
  52:Generated_Source\PSoC5/ErikaOS_1_ee_tnterm.c **** 
  53:Generated_Source\PSoC5/ErikaOS_1_ee_tnterm.c **** /* EE_thread_not_terminated:
  54:Generated_Source\PSoC5/ErikaOS_1_ee_tnterm.c ****    - This is the function that is called if task body doesn't call correctly
  55:Generated_Source\PSoC5/ErikaOS_1_ee_tnterm.c ****      TerminateTask
  56:Generated_Source\PSoC5/ErikaOS_1_ee_tnterm.c ****    Needed tuo fulfill Autosar OS software requirements OS052 OS069 OS070 OS239
  57:Generated_Source\PSoC5/ErikaOS_1_ee_tnterm.c **** */
  58:Generated_Source\PSoC5/ErikaOS_1_ee_tnterm.c **** 
  59:Generated_Source\PSoC5/ErikaOS_1_ee_tnterm.c **** #ifndef PRIVATE_THREANTERMINATED
  60:Generated_Source\PSoC5/ErikaOS_1_ee_tnterm.c **** void EE_thread_not_terminated(void)
  61:Generated_Source\PSoC5/ErikaOS_1_ee_tnterm.c **** {
  28              		.loc 1 61 0
  29              		.cfi_startproc
  30              		@ args = 0, pretend = 0, frame = 0
  31              		@ frame_needed = 0, uses_anonymous_args = 0
  32 0000 10B5     		push	{r4, lr}
  33              		.cfi_def_cfa_offset 8
  34              		.cfi_offset 4, -8
  35              		.cfi_offset 14, -4
  36              	.LBB10:
  37              	.LBB11:
  38              	.LBB12:
  39              		.file 2 "Generated_Source\\PSoC5\\ErikaOS_1_cortex_mx_ee_cpu.inc"
   1:Generated_Source\PSoC5/ErikaOS_1_cortex_mx_ee_cpu.inc **** /* ###*B*###
   2:Generated_Source\PSoC5/ErikaOS_1_cortex_mx_ee_cpu.inc ****  * ERIKA Enterprise - a tiny RTOS for small microcontrollers
   3:Generated_Source\PSoC5/ErikaOS_1_cortex_mx_ee_cpu.inc ****  *
   4:Generated_Source\PSoC5/ErikaOS_1_cortex_mx_ee_cpu.inc ****  * Copyright (C) 2002-2011  Evidence Srl
   5:Generated_Source\PSoC5/ErikaOS_1_cortex_mx_ee_cpu.inc ****  *
   6:Generated_Source\PSoC5/ErikaOS_1_cortex_mx_ee_cpu.inc ****  * This file is part of ERIKA Enterprise.
   7:Generated_Source\PSoC5/ErikaOS_1_cortex_mx_ee_cpu.inc ****  *
   8:Generated_Source\PSoC5/ErikaOS_1_cortex_mx_ee_cpu.inc ****  * ERIKA Enterprise is free software; you can redistribute it
   9:Generated_Source\PSoC5/ErikaOS_1_cortex_mx_ee_cpu.inc ****  * and/or modify it under the terms of the GNU General Public License
  10:Generated_Source\PSoC5/ErikaOS_1_cortex_mx_ee_cpu.inc ****  * version 2 as published by the Free Software Foundation, 
  11:Generated_Source\PSoC5/ErikaOS_1_cortex_mx_ee_cpu.inc ****  * (with a special exception described below).
  12:Generated_Source\PSoC5/ErikaOS_1_cortex_mx_ee_cpu.inc ****  *
  13:Generated_Source\PSoC5/ErikaOS_1_cortex_mx_ee_cpu.inc ****  * Linking this code statically or dynamically with other modules is
  14:Generated_Source\PSoC5/ErikaOS_1_cortex_mx_ee_cpu.inc ****  * making a combined work based on this code.  Thus, the terms and
ARM GAS  C:\Users\DABBIR~1\AppData\Local\Temp\cc7G0JGO.s 			page 3


  15:Generated_Source\PSoC5/ErikaOS_1_cortex_mx_ee_cpu.inc ****  * conditions of the GNU General Public License cover the whole
  16:Generated_Source\PSoC5/ErikaOS_1_cortex_mx_ee_cpu.inc ****  * combination.
  17:Generated_Source\PSoC5/ErikaOS_1_cortex_mx_ee_cpu.inc ****  *
  18:Generated_Source\PSoC5/ErikaOS_1_cortex_mx_ee_cpu.inc ****  * As a special exception, the copyright holders of this library give you
  19:Generated_Source\PSoC5/ErikaOS_1_cortex_mx_ee_cpu.inc ****  * permission to link this code with independent modules to produce an
  20:Generated_Source\PSoC5/ErikaOS_1_cortex_mx_ee_cpu.inc ****  * executable, regardless of the license terms of these independent
  21:Generated_Source\PSoC5/ErikaOS_1_cortex_mx_ee_cpu.inc ****  * modules, and to copy and distribute the resulting executable under
  22:Generated_Source\PSoC5/ErikaOS_1_cortex_mx_ee_cpu.inc ****  * terms of your choice, provided that you also meet, for each linked
  23:Generated_Source\PSoC5/ErikaOS_1_cortex_mx_ee_cpu.inc ****  * independent module, the terms and conditions of the license of that
  24:Generated_Source\PSoC5/ErikaOS_1_cortex_mx_ee_cpu.inc ****  * module.  An independent module is a module which is not derived from
  25:Generated_Source\PSoC5/ErikaOS_1_cortex_mx_ee_cpu.inc ****  * or based on this library.  If you modify this code, you may extend
  26:Generated_Source\PSoC5/ErikaOS_1_cortex_mx_ee_cpu.inc ****  * this exception to your version of the code, but you are not
  27:Generated_Source\PSoC5/ErikaOS_1_cortex_mx_ee_cpu.inc ****  * obligated to do so.  If you do not wish to do so, delete this
  28:Generated_Source\PSoC5/ErikaOS_1_cortex_mx_ee_cpu.inc ****  * exception statement from your version.
  29:Generated_Source\PSoC5/ErikaOS_1_cortex_mx_ee_cpu.inc ****  *
  30:Generated_Source\PSoC5/ErikaOS_1_cortex_mx_ee_cpu.inc ****  * ERIKA Enterprise is distributed in the hope that it will be
  31:Generated_Source\PSoC5/ErikaOS_1_cortex_mx_ee_cpu.inc ****  * useful, but WITHOUT ANY WARRANTY; without even the implied warranty
  32:Generated_Source\PSoC5/ErikaOS_1_cortex_mx_ee_cpu.inc ****  * of MERCHANTABILITY or FITNESS FOR A PARTICULAR PURPOSE.  See the
  33:Generated_Source\PSoC5/ErikaOS_1_cortex_mx_ee_cpu.inc ****  * GNU General Public License version 2 for more details.
  34:Generated_Source\PSoC5/ErikaOS_1_cortex_mx_ee_cpu.inc ****  *
  35:Generated_Source\PSoC5/ErikaOS_1_cortex_mx_ee_cpu.inc ****  * You should have received a copy of the GNU General Public License
  36:Generated_Source\PSoC5/ErikaOS_1_cortex_mx_ee_cpu.inc ****  * version 2 along with ERIKA Enterprise; if not, write to the
  37:Generated_Source\PSoC5/ErikaOS_1_cortex_mx_ee_cpu.inc ****  * Free Software Foundation, Inc., 51 Franklin Street, Fifth Floor,
  38:Generated_Source\PSoC5/ErikaOS_1_cortex_mx_ee_cpu.inc ****  * Boston, MA 02110-1301 USA.
  39:Generated_Source\PSoC5/ErikaOS_1_cortex_mx_ee_cpu.inc ****  * ###*E*### */
  40:Generated_Source\PSoC5/ErikaOS_1_cortex_mx_ee_cpu.inc **** 
  41:Generated_Source\PSoC5/ErikaOS_1_cortex_mx_ee_cpu.inc **** /** 
  42:Generated_Source\PSoC5/ErikaOS_1_cortex_mx_ee_cpu.inc **** 	@file ee_cpu.h
  43:Generated_Source\PSoC5/ErikaOS_1_cortex_mx_ee_cpu.inc **** 	@brief CPU-dependent part of HAL. Derived from pkg/cpu/pic30/inc/ee_cpu.h
  44:Generated_Source\PSoC5/ErikaOS_1_cortex_mx_ee_cpu.inc **** 	@author Gianluca Franchino
  45:Generated_Source\PSoC5/ErikaOS_1_cortex_mx_ee_cpu.inc **** 	@author Giuseppe Serano
  46:Generated_Source\PSoC5/ErikaOS_1_cortex_mx_ee_cpu.inc **** 	@date 2011
  47:Generated_Source\PSoC5/ErikaOS_1_cortex_mx_ee_cpu.inc **** */ 
  48:Generated_Source\PSoC5/ErikaOS_1_cortex_mx_ee_cpu.inc ****     
  49:Generated_Source\PSoC5/ErikaOS_1_cortex_mx_ee_cpu.inc **** /*
  50:Generated_Source\PSoC5/ErikaOS_1_cortex_mx_ee_cpu.inc ****  * PSoC Port and API Generation
  51:Generated_Source\PSoC5/ErikaOS_1_cortex_mx_ee_cpu.inc ****  * Carlos Fernando Meier Martinez
  52:Generated_Source\PSoC5/ErikaOS_1_cortex_mx_ee_cpu.inc ****  * Hochschule Darmstadt, Germany. 2017.
  53:Generated_Source\PSoC5/ErikaOS_1_cortex_mx_ee_cpu.inc ****  */
  54:Generated_Source\PSoC5/ErikaOS_1_cortex_mx_ee_cpu.inc **** 
  55:Generated_Source\PSoC5/ErikaOS_1_cortex_mx_ee_cpu.inc **** #ifndef __INCLUDE_CORTEX_MX_EE_CPU_H__
  56:Generated_Source\PSoC5/ErikaOS_1_cortex_mx_ee_cpu.inc **** #define __INCLUDE_CORTEX_MX_EE_CPU_H__
  57:Generated_Source\PSoC5/ErikaOS_1_cortex_mx_ee_cpu.inc **** 
  58:Generated_Source\PSoC5/ErikaOS_1_cortex_mx_ee_cpu.inc **** #include "ErikaOS_1_eecfg.inc"
  59:Generated_Source\PSoC5/ErikaOS_1_cortex_mx_ee_cpu.inc **** 
  60:Generated_Source\PSoC5/ErikaOS_1_cortex_mx_ee_cpu.inc **** 
  61:Generated_Source\PSoC5/ErikaOS_1_cortex_mx_ee_cpu.inc **** #ifdef __GNU__
  62:Generated_Source\PSoC5/ErikaOS_1_cortex_mx_ee_cpu.inc **** #include "ErikaOS_1_common_ee_compiler_gcc.inc"
  63:Generated_Source\PSoC5/ErikaOS_1_cortex_mx_ee_cpu.inc **** #endif
  64:Generated_Source\PSoC5/ErikaOS_1_cortex_mx_ee_cpu.inc **** 
  65:Generated_Source\PSoC5/ErikaOS_1_cortex_mx_ee_cpu.inc **** /* Initial stack offset (in words): Used in multistack. */
  66:Generated_Source\PSoC5/ErikaOS_1_cortex_mx_ee_cpu.inc **** #ifndef CORTEX_MX_INIT_TOS_OFFSET
  67:Generated_Source\PSoC5/ErikaOS_1_cortex_mx_ee_cpu.inc **** #define CORTEX_MX_INIT_TOS_OFFSET 10
  68:Generated_Source\PSoC5/ErikaOS_1_cortex_mx_ee_cpu.inc **** #endif
  69:Generated_Source\PSoC5/ErikaOS_1_cortex_mx_ee_cpu.inc **** 
  70:Generated_Source\PSoC5/ErikaOS_1_cortex_mx_ee_cpu.inc **** /*************************************************************************
  71:Generated_Source\PSoC5/ErikaOS_1_cortex_mx_ee_cpu.inc ****  HAL Types and structures
ARM GAS  C:\Users\DABBIR~1\AppData\Local\Temp\cc7G0JGO.s 			page 4


  72:Generated_Source\PSoC5/ErikaOS_1_cortex_mx_ee_cpu.inc ****  *************************************************************************/
  73:Generated_Source\PSoC5/ErikaOS_1_cortex_mx_ee_cpu.inc **** 
  74:Generated_Source\PSoC5/ErikaOS_1_cortex_mx_ee_cpu.inc **** /* Primitive data types */
  75:Generated_Source\PSoC5/ErikaOS_1_cortex_mx_ee_cpu.inc **** #include "ErikaOS_1_common_ee_types.inc"
  76:Generated_Source\PSoC5/ErikaOS_1_cortex_mx_ee_cpu.inc **** 
  77:Generated_Source\PSoC5/ErikaOS_1_cortex_mx_ee_cpu.inc **** typedef EE_UINT32 EE_UREG;
  78:Generated_Source\PSoC5/ErikaOS_1_cortex_mx_ee_cpu.inc **** typedef EE_INT32  EE_SREG;
  79:Generated_Source\PSoC5/ErikaOS_1_cortex_mx_ee_cpu.inc **** typedef EE_UINT32 EE_FREG;
  80:Generated_Source\PSoC5/ErikaOS_1_cortex_mx_ee_cpu.inc **** #define EE_UREG_SIZE 4
  81:Generated_Source\PSoC5/ErikaOS_1_cortex_mx_ee_cpu.inc **** 
  82:Generated_Source\PSoC5/ErikaOS_1_cortex_mx_ee_cpu.inc **** /* boolean type */
  83:Generated_Source\PSoC5/ErikaOS_1_cortex_mx_ee_cpu.inc **** #ifndef EE_TYPEBOOL
  84:Generated_Source\PSoC5/ErikaOS_1_cortex_mx_ee_cpu.inc **** typedef EE_UREG EE_TYPEBOOL;
  85:Generated_Source\PSoC5/ErikaOS_1_cortex_mx_ee_cpu.inc **** #endif
  86:Generated_Source\PSoC5/ErikaOS_1_cortex_mx_ee_cpu.inc **** 
  87:Generated_Source\PSoC5/ErikaOS_1_cortex_mx_ee_cpu.inc **** /* boolean true define */
  88:Generated_Source\PSoC5/ErikaOS_1_cortex_mx_ee_cpu.inc **** #ifndef EE_TRUE
  89:Generated_Source\PSoC5/ErikaOS_1_cortex_mx_ee_cpu.inc **** #define EE_TRUE ((EE_TYPEBOOL)1U)
  90:Generated_Source\PSoC5/ErikaOS_1_cortex_mx_ee_cpu.inc **** #endif
  91:Generated_Source\PSoC5/ErikaOS_1_cortex_mx_ee_cpu.inc **** 
  92:Generated_Source\PSoC5/ErikaOS_1_cortex_mx_ee_cpu.inc **** /* boolean false define */
  93:Generated_Source\PSoC5/ErikaOS_1_cortex_mx_ee_cpu.inc **** #ifndef EE_FALSE
  94:Generated_Source\PSoC5/ErikaOS_1_cortex_mx_ee_cpu.inc **** #define EE_FALSE ((EE_TYPEBOOL)0U)
  95:Generated_Source\PSoC5/ErikaOS_1_cortex_mx_ee_cpu.inc **** #endif
  96:Generated_Source\PSoC5/ErikaOS_1_cortex_mx_ee_cpu.inc **** 
  97:Generated_Source\PSoC5/ErikaOS_1_cortex_mx_ee_cpu.inc **** #define	EE_HWREG_PTR		volatile EE_UREG *
  98:Generated_Source\PSoC5/ErikaOS_1_cortex_mx_ee_cpu.inc **** #define	EE_HWREG_ADDR(x)	((EE_HWREG_PTR)(x))
  99:Generated_Source\PSoC5/ErikaOS_1_cortex_mx_ee_cpu.inc **** #define	EE_HWREG(x)		(*EE_HWREG_ADDR(x))
 100:Generated_Source\PSoC5/ErikaOS_1_cortex_mx_ee_cpu.inc **** 
 101:Generated_Source\PSoC5/ErikaOS_1_cortex_mx_ee_cpu.inc **** #ifdef __GNU__
 102:Generated_Source\PSoC5/ErikaOS_1_cortex_mx_ee_cpu.inc **** 
 103:Generated_Source\PSoC5/ErikaOS_1_cortex_mx_ee_cpu.inc **** /* Get current SP */
 104:Generated_Source\PSoC5/ErikaOS_1_cortex_mx_ee_cpu.inc **** __INLINE__ EE_UINT32  __current_sp(void)
 105:Generated_Source\PSoC5/ErikaOS_1_cortex_mx_ee_cpu.inc **** {
 106:Generated_Source\PSoC5/ErikaOS_1_cortex_mx_ee_cpu.inc **** EE_UINT32 temp;
 107:Generated_Source\PSoC5/ErikaOS_1_cortex_mx_ee_cpu.inc **** __ASM ("mov %0, sp" : "=r" (temp) : );
 108:Generated_Source\PSoC5/ErikaOS_1_cortex_mx_ee_cpu.inc **** return temp;
 109:Generated_Source\PSoC5/ErikaOS_1_cortex_mx_ee_cpu.inc **** }
 110:Generated_Source\PSoC5/ErikaOS_1_cortex_mx_ee_cpu.inc **** 
 111:Generated_Source\PSoC5/ErikaOS_1_cortex_mx_ee_cpu.inc **** /* Set a breakpoint */
 112:Generated_Source\PSoC5/ErikaOS_1_cortex_mx_ee_cpu.inc **** #define __breakpoint(value)	__ASM ("bkpt "#value)
 113:Generated_Source\PSoC5/ErikaOS_1_cortex_mx_ee_cpu.inc **** 
 114:Generated_Source\PSoC5/ErikaOS_1_cortex_mx_ee_cpu.inc **** #endif
 115:Generated_Source\PSoC5/ErikaOS_1_cortex_mx_ee_cpu.inc **** 
 116:Generated_Source\PSoC5/ErikaOS_1_cortex_mx_ee_cpu.inc **** /* ISR Priority representation type */
 117:Generated_Source\PSoC5/ErikaOS_1_cortex_mx_ee_cpu.inc **** typedef EE_UREG EE_TYPEISR2PRIO;
 118:Generated_Source\PSoC5/ErikaOS_1_cortex_mx_ee_cpu.inc **** 
 119:Generated_Source\PSoC5/ErikaOS_1_cortex_mx_ee_cpu.inc **** /* Thread IDs */
 120:Generated_Source\PSoC5/ErikaOS_1_cortex_mx_ee_cpu.inc **** typedef EE_INT32 EE_TID;
 121:Generated_Source\PSoC5/ErikaOS_1_cortex_mx_ee_cpu.inc **** 
 122:Generated_Source\PSoC5/ErikaOS_1_cortex_mx_ee_cpu.inc **** /* Thread IDs - unsigned version*/
 123:Generated_Source\PSoC5/ErikaOS_1_cortex_mx_ee_cpu.inc **** typedef EE_UINT32 EE_UTID;
 124:Generated_Source\PSoC5/ErikaOS_1_cortex_mx_ee_cpu.inc **** 
 125:Generated_Source\PSoC5/ErikaOS_1_cortex_mx_ee_cpu.inc **** /* Used by the common layer to decide whether to start a new thread */
 126:Generated_Source\PSoC5/ErikaOS_1_cortex_mx_ee_cpu.inc **** #define TID_IS_STACKED_MARK 0x80000000
 127:Generated_Source\PSoC5/ErikaOS_1_cortex_mx_ee_cpu.inc **** 
 128:Generated_Source\PSoC5/ErikaOS_1_cortex_mx_ee_cpu.inc **** /* EE_TYPEIRQ is currently unused */
ARM GAS  C:\Users\DABBIR~1\AppData\Local\Temp\cc7G0JGO.s 			page 5


 129:Generated_Source\PSoC5/ErikaOS_1_cortex_mx_ee_cpu.inc **** 
 130:Generated_Source\PSoC5/ErikaOS_1_cortex_mx_ee_cpu.inc **** /* XXX: define EE_TIME? */
 131:Generated_Source\PSoC5/ErikaOS_1_cortex_mx_ee_cpu.inc **** 
 132:Generated_Source\PSoC5/ErikaOS_1_cortex_mx_ee_cpu.inc **** /* Use the "standard" implementation */
 133:Generated_Source\PSoC5/ErikaOS_1_cortex_mx_ee_cpu.inc **** #include "ErikaOS_1_common_ee_hal_structs.inc"
 134:Generated_Source\PSoC5/ErikaOS_1_cortex_mx_ee_cpu.inc **** 
 135:Generated_Source\PSoC5/ErikaOS_1_cortex_mx_ee_cpu.inc **** /******************************************************************************
 136:Generated_Source\PSoC5/ErikaOS_1_cortex_mx_ee_cpu.inc ****  Application dependent data types
 137:Generated_Source\PSoC5/ErikaOS_1_cortex_mx_ee_cpu.inc ****  ******************************************************************************/
 138:Generated_Source\PSoC5/ErikaOS_1_cortex_mx_ee_cpu.inc **** 
 139:Generated_Source\PSoC5/ErikaOS_1_cortex_mx_ee_cpu.inc **** #ifdef	__HAS_TYPES_H__
 140:Generated_Source\PSoC5/ErikaOS_1_cortex_mx_ee_cpu.inc **** #include	"types.h"
 141:Generated_Source\PSoC5/ErikaOS_1_cortex_mx_ee_cpu.inc **** #endif
 142:Generated_Source\PSoC5/ErikaOS_1_cortex_mx_ee_cpu.inc **** 
 143:Generated_Source\PSoC5/ErikaOS_1_cortex_mx_ee_cpu.inc **** /******************************************************************************
 144:Generated_Source\PSoC5/ErikaOS_1_cortex_mx_ee_cpu.inc ****  CPU Peripherals
 145:Generated_Source\PSoC5/ErikaOS_1_cortex_mx_ee_cpu.inc ****  ******************************************************************************/
 146:Generated_Source\PSoC5/ErikaOS_1_cortex_mx_ee_cpu.inc **** 
 147:Generated_Source\PSoC5/ErikaOS_1_cortex_mx_ee_cpu.inc **** #ifdef __CORTEX_MX__
 148:Generated_Source\PSoC5/ErikaOS_1_cortex_mx_ee_cpu.inc **** #include "ErikaOS_1_cortex_mx_ee_nvic.inc"
 149:Generated_Source\PSoC5/ErikaOS_1_cortex_mx_ee_cpu.inc **** #include "ErikaOS_1_cortex_mx_ee_systick.inc"
 150:Generated_Source\PSoC5/ErikaOS_1_cortex_mx_ee_cpu.inc **** #endif
 151:Generated_Source\PSoC5/ErikaOS_1_cortex_mx_ee_cpu.inc **** 
 152:Generated_Source\PSoC5/ErikaOS_1_cortex_mx_ee_cpu.inc **** /******************************************************************************
 153:Generated_Source\PSoC5/ErikaOS_1_cortex_mx_ee_cpu.inc ****  HAL Variables
 154:Generated_Source\PSoC5/ErikaOS_1_cortex_mx_ee_cpu.inc ****  ******************************************************************************/
 155:Generated_Source\PSoC5/ErikaOS_1_cortex_mx_ee_cpu.inc **** 
 156:Generated_Source\PSoC5/ErikaOS_1_cortex_mx_ee_cpu.inc **** #ifdef __MULTI__
 157:Generated_Source\PSoC5/ErikaOS_1_cortex_mx_ee_cpu.inc **** 
 158:Generated_Source\PSoC5/ErikaOS_1_cortex_mx_ee_cpu.inc **** /* Top-of-stack of each private stack */
 159:Generated_Source\PSoC5/ErikaOS_1_cortex_mx_ee_cpu.inc **** extern struct EE_TOS EE_cortex_mx_system_tos[];
 160:Generated_Source\PSoC5/ErikaOS_1_cortex_mx_ee_cpu.inc **** //#define	EE_std_system_tos EE_cortex_mx_system_tos
 161:Generated_Source\PSoC5/ErikaOS_1_cortex_mx_ee_cpu.inc **** 
 162:Generated_Source\PSoC5/ErikaOS_1_cortex_mx_ee_cpu.inc **** /* Index of the current stack */
 163:Generated_Source\PSoC5/ErikaOS_1_cortex_mx_ee_cpu.inc **** extern EE_UREG EE_cortex_mx_active_tos;
 164:Generated_Source\PSoC5/ErikaOS_1_cortex_mx_ee_cpu.inc **** #define	EE_hal_active_tos EE_cortex_mx_active_tos
 165:Generated_Source\PSoC5/ErikaOS_1_cortex_mx_ee_cpu.inc **** 
 166:Generated_Source\PSoC5/ErikaOS_1_cortex_mx_ee_cpu.inc **** /*extern	EE_UREG EE_pic30_thread_tos[];
 167:Generated_Source\PSoC5/ErikaOS_1_cortex_mx_ee_cpu.inc **** #define	EE_std_thread_tos EE_pic30_thread_tos */
 168:Generated_Source\PSoC5/ErikaOS_1_cortex_mx_ee_cpu.inc **** #endif /* __MULTI__ */
 169:Generated_Source\PSoC5/ErikaOS_1_cortex_mx_ee_cpu.inc **** 
 170:Generated_Source\PSoC5/ErikaOS_1_cortex_mx_ee_cpu.inc **** /*********************************************************************
 171:Generated_Source\PSoC5/ErikaOS_1_cortex_mx_ee_cpu.inc ****  Cortex M0 interrupt disabling/enabling
 172:Generated_Source\PSoC5/ErikaOS_1_cortex_mx_ee_cpu.inc ****  *********************************************************************/
 173:Generated_Source\PSoC5/ErikaOS_1_cortex_mx_ee_cpu.inc **** 
 174:Generated_Source\PSoC5/ErikaOS_1_cortex_mx_ee_cpu.inc **** /* Used to check the value returned by EE_cortex_mx_disableIRQ */
 175:Generated_Source\PSoC5/ErikaOS_1_cortex_mx_ee_cpu.inc **** #define EE_cortex_mx_are_IRQs_enabled(ie) ((ie) ^ 1)
 176:Generated_Source\PSoC5/ErikaOS_1_cortex_mx_ee_cpu.inc **** 
 177:Generated_Source\PSoC5/ErikaOS_1_cortex_mx_ee_cpu.inc **** /**
 178:Generated_Source\PSoC5/ErikaOS_1_cortex_mx_ee_cpu.inc ****  * Enable interrupts
 179:Generated_Source\PSoC5/ErikaOS_1_cortex_mx_ee_cpu.inc ****  */
 180:Generated_Source\PSoC5/ErikaOS_1_cortex_mx_ee_cpu.inc **** __INLINE__ void  EE_cortex_mx_enableIRQ(void)
 181:Generated_Source\PSoC5/ErikaOS_1_cortex_mx_ee_cpu.inc **** {
 182:Generated_Source\PSoC5/ErikaOS_1_cortex_mx_ee_cpu.inc **** #ifdef __IAR__
 183:Generated_Source\PSoC5/ErikaOS_1_cortex_mx_ee_cpu.inc **** 	__ASM ("cpsie i");
 184:Generated_Source\PSoC5/ErikaOS_1_cortex_mx_ee_cpu.inc **** #else	/* __IAR__ */
 185:Generated_Source\PSoC5/ErikaOS_1_cortex_mx_ee_cpu.inc **** #ifdef __CCS__
ARM GAS  C:\Users\DABBIR~1\AppData\Local\Temp\cc7G0JGO.s 			page 6


 186:Generated_Source\PSoC5/ErikaOS_1_cortex_mx_ee_cpu.inc **** 	__ASM ("    cpsie    i\n");
 187:Generated_Source\PSoC5/ErikaOS_1_cortex_mx_ee_cpu.inc **** #else	/* __CCS__ */
 188:Generated_Source\PSoC5/ErikaOS_1_cortex_mx_ee_cpu.inc **** #ifdef __KEIL__
 189:Generated_Source\PSoC5/ErikaOS_1_cortex_mx_ee_cpu.inc **** 	__enable_irq();
 190:Generated_Source\PSoC5/ErikaOS_1_cortex_mx_ee_cpu.inc **** #else	/* __KEIL__ */
 191:Generated_Source\PSoC5/ErikaOS_1_cortex_mx_ee_cpu.inc **** 	__ASM volatile("cpsie i");
 192:Generated_Source\PSoC5/ErikaOS_1_cortex_mx_ee_cpu.inc **** #endif	/* !__KEIL__ */
 193:Generated_Source\PSoC5/ErikaOS_1_cortex_mx_ee_cpu.inc **** #endif	/* !__CCS__ */
 194:Generated_Source\PSoC5/ErikaOS_1_cortex_mx_ee_cpu.inc **** #endif	/* !__IAR__ */
 195:Generated_Source\PSoC5/ErikaOS_1_cortex_mx_ee_cpu.inc **** }
 196:Generated_Source\PSoC5/ErikaOS_1_cortex_mx_ee_cpu.inc **** 
 197:Generated_Source\PSoC5/ErikaOS_1_cortex_mx_ee_cpu.inc **** /**
 198:Generated_Source\PSoC5/ErikaOS_1_cortex_mx_ee_cpu.inc ****  * Disable interrupts
 199:Generated_Source\PSoC5/ErikaOS_1_cortex_mx_ee_cpu.inc ****  */
 200:Generated_Source\PSoC5/ErikaOS_1_cortex_mx_ee_cpu.inc **** __INLINE__ void  EE_cortex_mx_disableIRQ(void)
 201:Generated_Source\PSoC5/ErikaOS_1_cortex_mx_ee_cpu.inc **** {
 202:Generated_Source\PSoC5/ErikaOS_1_cortex_mx_ee_cpu.inc **** #ifdef __IAR__
 203:Generated_Source\PSoC5/ErikaOS_1_cortex_mx_ee_cpu.inc **** 	__ASM ("cpsid i");
 204:Generated_Source\PSoC5/ErikaOS_1_cortex_mx_ee_cpu.inc **** #else	/* __IAR__ */
 205:Generated_Source\PSoC5/ErikaOS_1_cortex_mx_ee_cpu.inc **** #ifdef __CCS__
 206:Generated_Source\PSoC5/ErikaOS_1_cortex_mx_ee_cpu.inc **** 	__ASM ("    cpsid    i\n");
 207:Generated_Source\PSoC5/ErikaOS_1_cortex_mx_ee_cpu.inc **** #else	/* __CCS__ */
 208:Generated_Source\PSoC5/ErikaOS_1_cortex_mx_ee_cpu.inc **** #ifdef __KEIL__
 209:Generated_Source\PSoC5/ErikaOS_1_cortex_mx_ee_cpu.inc **** 	__disable_irq();
 210:Generated_Source\PSoC5/ErikaOS_1_cortex_mx_ee_cpu.inc **** #else	/* __KEIL__ */
 211:Generated_Source\PSoC5/ErikaOS_1_cortex_mx_ee_cpu.inc **** 	__ASM volatile("cpsid i");
  40              		.loc 2 211 0
  41              		.syntax unified
  42              	@ 211 "Generated_Source\PSoC5\ErikaOS_1_cortex_mx_ee_cpu.inc" 1
  43 0002 72B6     		cpsid i
  44              	@ 0 "" 2
  45              		.thumb
  46              		.syntax unified
  47              	.LBE12:
  48              	.LBE11:
  49              	.LBE10:
  50              	.LBB13:
  51              	.LBB14:
  52              		.file 3 "Generated_Source\\PSoC5\\ErikaOS_1_ee_oo_internal.inc"
   1:Generated_Source\PSoC5/ErikaOS_1_ee_oo_internal.inc **** /* ###*B*###
   2:Generated_Source\PSoC5/ErikaOS_1_ee_oo_internal.inc ****  * ERIKA Enterprise - a tiny RTOS for small microcontrollers
   3:Generated_Source\PSoC5/ErikaOS_1_ee_oo_internal.inc ****  *
   4:Generated_Source\PSoC5/ErikaOS_1_ee_oo_internal.inc ****  * Copyright (C) 2002-2008  Evidence Srl
   5:Generated_Source\PSoC5/ErikaOS_1_ee_oo_internal.inc ****  *
   6:Generated_Source\PSoC5/ErikaOS_1_ee_oo_internal.inc ****  * This file is part of ERIKA Enterprise.
   7:Generated_Source\PSoC5/ErikaOS_1_ee_oo_internal.inc ****  *
   8:Generated_Source\PSoC5/ErikaOS_1_ee_oo_internal.inc ****  * ERIKA Enterprise is free software; you can redistribute it
   9:Generated_Source\PSoC5/ErikaOS_1_ee_oo_internal.inc ****  * and/or modify it under the terms of the GNU General Public License
  10:Generated_Source\PSoC5/ErikaOS_1_ee_oo_internal.inc ****  * version 2 as published by the Free Software Foundation, 
  11:Generated_Source\PSoC5/ErikaOS_1_ee_oo_internal.inc ****  * (with a special exception described below).
  12:Generated_Source\PSoC5/ErikaOS_1_ee_oo_internal.inc ****  *
  13:Generated_Source\PSoC5/ErikaOS_1_ee_oo_internal.inc ****  * Linking this code statically or dynamically with other modules is
  14:Generated_Source\PSoC5/ErikaOS_1_ee_oo_internal.inc ****  * making a combined work based on this code.  Thus, the terms and
  15:Generated_Source\PSoC5/ErikaOS_1_ee_oo_internal.inc ****  * conditions of the GNU General Public License cover the whole
  16:Generated_Source\PSoC5/ErikaOS_1_ee_oo_internal.inc ****  * combination.
  17:Generated_Source\PSoC5/ErikaOS_1_ee_oo_internal.inc ****  *
  18:Generated_Source\PSoC5/ErikaOS_1_ee_oo_internal.inc ****  * As a special exception, the copyright holders of this library give you
ARM GAS  C:\Users\DABBIR~1\AppData\Local\Temp\cc7G0JGO.s 			page 7


  19:Generated_Source\PSoC5/ErikaOS_1_ee_oo_internal.inc ****  * permission to link this code with independent modules to produce an
  20:Generated_Source\PSoC5/ErikaOS_1_ee_oo_internal.inc ****  * executable, regardless of the license terms of these independent
  21:Generated_Source\PSoC5/ErikaOS_1_ee_oo_internal.inc ****  * modules, and to copy and distribute the resulting executable under
  22:Generated_Source\PSoC5/ErikaOS_1_ee_oo_internal.inc ****  * terms of your choice, provided that you also meet, for each linked
  23:Generated_Source\PSoC5/ErikaOS_1_ee_oo_internal.inc ****  * independent module, the terms and conditions of the license of that
  24:Generated_Source\PSoC5/ErikaOS_1_ee_oo_internal.inc ****  * module.  An independent module is a module which is not derived from
  25:Generated_Source\PSoC5/ErikaOS_1_ee_oo_internal.inc ****  * or based on this library.  If you modify this code, you may extend
  26:Generated_Source\PSoC5/ErikaOS_1_ee_oo_internal.inc ****  * this exception to your version of the code, but you are not
  27:Generated_Source\PSoC5/ErikaOS_1_ee_oo_internal.inc ****  * obligated to do so.  If you do not wish to do so, delete this
  28:Generated_Source\PSoC5/ErikaOS_1_ee_oo_internal.inc ****  * exception statement from your version.
  29:Generated_Source\PSoC5/ErikaOS_1_ee_oo_internal.inc ****  *
  30:Generated_Source\PSoC5/ErikaOS_1_ee_oo_internal.inc ****  * ERIKA Enterprise is distributed in the hope that it will be
  31:Generated_Source\PSoC5/ErikaOS_1_ee_oo_internal.inc ****  * useful, but WITHOUT ANY WARRANTY; without even the implied warranty
  32:Generated_Source\PSoC5/ErikaOS_1_ee_oo_internal.inc ****  * of MERCHANTABILITY or FITNESS FOR A PARTICULAR PURPOSE.  See the
  33:Generated_Source\PSoC5/ErikaOS_1_ee_oo_internal.inc ****  * GNU General Public License version 2 for more details.
  34:Generated_Source\PSoC5/ErikaOS_1_ee_oo_internal.inc ****  *
  35:Generated_Source\PSoC5/ErikaOS_1_ee_oo_internal.inc ****  * You should have received a copy of the GNU General Public License
  36:Generated_Source\PSoC5/ErikaOS_1_ee_oo_internal.inc ****  * version 2 along with ERIKA Enterprise; if not, write to the
  37:Generated_Source\PSoC5/ErikaOS_1_ee_oo_internal.inc ****  * Free Software Foundation, Inc., 51 Franklin Street, Fifth Floor,
  38:Generated_Source\PSoC5/ErikaOS_1_ee_oo_internal.inc ****  * Boston, MA 02110-1301 USA.
  39:Generated_Source\PSoC5/ErikaOS_1_ee_oo_internal.inc ****  * ###*E*### */
  40:Generated_Source\PSoC5/ErikaOS_1_ee_oo_internal.inc **** 
  41:Generated_Source\PSoC5/ErikaOS_1_ee_oo_internal.inc **** /*
  42:Generated_Source\PSoC5/ErikaOS_1_ee_oo_internal.inc ****  * Author: 2002 Paolo Gai
  43:Generated_Source\PSoC5/ErikaOS_1_ee_oo_internal.inc ****  * CVS: $Id: ee_internal.h,v 1.6 2006/12/03 22:07:50 pj Exp $
  44:Generated_Source\PSoC5/ErikaOS_1_ee_oo_internal.inc ****  */
  45:Generated_Source\PSoC5/ErikaOS_1_ee_oo_internal.inc **** 
  46:Generated_Source\PSoC5/ErikaOS_1_ee_oo_internal.inc **** /*
  47:Generated_Source\PSoC5/ErikaOS_1_ee_oo_internal.inc ****  * PSoC Port and API Generation
  48:Generated_Source\PSoC5/ErikaOS_1_ee_oo_internal.inc ****  * Carlos Fernando Meier Martinez
  49:Generated_Source\PSoC5/ErikaOS_1_ee_oo_internal.inc ****  * Hochschule Darmstadt, Germany. 2017.
  50:Generated_Source\PSoC5/ErikaOS_1_ee_oo_internal.inc ****  */
  51:Generated_Source\PSoC5/ErikaOS_1_ee_oo_internal.inc **** 
  52:Generated_Source\PSoC5/ErikaOS_1_ee_oo_internal.inc **** #ifndef PKG_KERNEL_OO_INC_EE_OO_INTERNAL_H
  53:Generated_Source\PSoC5/ErikaOS_1_ee_oo_internal.inc **** #define PKG_KERNEL_OO_INC_EE_OO_INTERNAL_H
  54:Generated_Source\PSoC5/ErikaOS_1_ee_oo_internal.inc **** 
  55:Generated_Source\PSoC5/ErikaOS_1_ee_oo_internal.inc **** #include "ErikaOS_1_ee_oo_common.inc"
  56:Generated_Source\PSoC5/ErikaOS_1_ee_oo_internal.inc **** #include "ErikaOS_1_ee_oo_intfunc.inc"
  57:Generated_Source\PSoC5/ErikaOS_1_ee_oo_internal.inc **** #include "ErikaOS_1_ee_oo_irq.inc"
  58:Generated_Source\PSoC5/ErikaOS_1_ee_oo_internal.inc **** #if (__OO_configUSE_TRACE_FACILITY == 1)
  59:Generated_Source\PSoC5/ErikaOS_1_ee_oo_internal.inc **** #include "trcKernelPort.h" 
  60:Generated_Source\PSoC5/ErikaOS_1_ee_oo_internal.inc **** #endif
  61:Generated_Source\PSoC5/ErikaOS_1_ee_oo_internal.inc **** /*******************************************************************************
  62:Generated_Source\PSoC5/ErikaOS_1_ee_oo_internal.inc ****  *                    New Error Handling Internal Utilities
  63:Generated_Source\PSoC5/ErikaOS_1_ee_oo_internal.inc ****  ******************************************************************************/
  64:Generated_Source\PSoC5/ErikaOS_1_ee_oo_internal.inc **** 
  65:Generated_Source\PSoC5/ErikaOS_1_ee_oo_internal.inc **** /* Error Parameters Utilities Macros */
  66:Generated_Source\PSoC5/ErikaOS_1_ee_oo_internal.inc **** #define EE_OS_PARAM(param_name)   EE_os_param param_name
  67:Generated_Source\PSoC5/ErikaOS_1_ee_oo_internal.inc **** #define EE_OS_PARAM_VALUE(param_name, param_value)  \
  68:Generated_Source\PSoC5/ErikaOS_1_ee_oo_internal.inc ****   ((param_name).value_param = (param_value))
  69:Generated_Source\PSoC5/ErikaOS_1_ee_oo_internal.inc **** 
  70:Generated_Source\PSoC5/ErikaOS_1_ee_oo_internal.inc **** #define EE_OS_PARAM_REF(param_name, param_field, param_ref) \
  71:Generated_Source\PSoC5/ErikaOS_1_ee_oo_internal.inc ****   ((param_name).param_field = (param_ref))
  72:Generated_Source\PSoC5/ErikaOS_1_ee_oo_internal.inc **** 
  73:Generated_Source\PSoC5/ErikaOS_1_ee_oo_internal.inc **** #ifdef __OO_HAS_ERRORHOOK__
  74:Generated_Source\PSoC5/ErikaOS_1_ee_oo_internal.inc **** /* Error Parameters Data Structure Utilities Macros from user space */
  75:Generated_Source\PSoC5/ErikaOS_1_ee_oo_internal.inc **** #define EE_OS_ERROR_PARAMETERS()  EE_oo_ErrorHook_parameters error_parameters
ARM GAS  C:\Users\DABBIR~1\AppData\Local\Temp\cc7G0JGO.s 			page 8


  76:Generated_Source\PSoC5/ErikaOS_1_ee_oo_internal.inc **** 
  77:Generated_Source\PSoC5/ErikaOS_1_ee_oo_internal.inc **** #define EE_OS_ERROR_PARAMETERS_INIT(param1_in,param2_in,param3_in)  \
  78:Generated_Source\PSoC5/ErikaOS_1_ee_oo_internal.inc ****   EE_oo_ErrorHook_parameters error_parameters = { param1_in, param2_in, \
  79:Generated_Source\PSoC5/ErikaOS_1_ee_oo_internal.inc ****     param3_in }
  80:Generated_Source\PSoC5/ErikaOS_1_ee_oo_internal.inc **** 
  81:Generated_Source\PSoC5/ErikaOS_1_ee_oo_internal.inc **** #define EE_OS_ERROR_PARAMETERS_PARAM1_VALUE(param1_value) \
  82:Generated_Source\PSoC5/ErikaOS_1_ee_oo_internal.inc ****   (error_parameters.param1.value_param = param1_value)
  83:Generated_Source\PSoC5/ErikaOS_1_ee_oo_internal.inc **** #define EE_OS_ERROR_PARAMETERS_PARAM2_VALUE(param2_value) \
  84:Generated_Source\PSoC5/ErikaOS_1_ee_oo_internal.inc ****   (error_parameters.param2.value_param = param2_value)
  85:Generated_Source\PSoC5/ErikaOS_1_ee_oo_internal.inc **** #define EE_OS_ERROR_PARAMETERS_PARAM3_VALUE(param3_value) \
  86:Generated_Source\PSoC5/ErikaOS_1_ee_oo_internal.inc ****   (error_parameters.param3.value_param = param3_value)
  87:Generated_Source\PSoC5/ErikaOS_1_ee_oo_internal.inc **** 
  88:Generated_Source\PSoC5/ErikaOS_1_ee_oo_internal.inc **** #define EE_OS_ERROR_PARAMETERS_PARAM1_REF(param_field,param_ref)  \
  89:Generated_Source\PSoC5/ErikaOS_1_ee_oo_internal.inc ****   (error_parameters.param1.param_field = (param_ref))
  90:Generated_Source\PSoC5/ErikaOS_1_ee_oo_internal.inc **** #define EE_OS_ERROR_PARAMETERS_PARAM2_REF(param_field,param_ref)  \
  91:Generated_Source\PSoC5/ErikaOS_1_ee_oo_internal.inc ****   (error_parameters.param2.param_field = (param_ref))
  92:Generated_Source\PSoC5/ErikaOS_1_ee_oo_internal.inc **** #define EE_OS_ERROR_PARAMETERS_PARAM3_REF(param_field,param_ref)  \
  93:Generated_Source\PSoC5/ErikaOS_1_ee_oo_internal.inc ****   (error_parameters.param3.param_field = (param_ref))
  94:Generated_Source\PSoC5/ErikaOS_1_ee_oo_internal.inc **** #else /* __OO_HAS_ERRORHOOK__ */
  95:Generated_Source\PSoC5/ErikaOS_1_ee_oo_internal.inc **** #define EE_OS_ERROR_PARAMETERS()                                    ((void)0)
  96:Generated_Source\PSoC5/ErikaOS_1_ee_oo_internal.inc **** 
  97:Generated_Source\PSoC5/ErikaOS_1_ee_oo_internal.inc **** #define EE_OS_ERROR_PARAMETERS_INIT(param1_in,param2_in,param3_in)  ((void)0)
  98:Generated_Source\PSoC5/ErikaOS_1_ee_oo_internal.inc **** 
  99:Generated_Source\PSoC5/ErikaOS_1_ee_oo_internal.inc **** #define EE_OS_ERROR_PARAMETERS_PARAM1_VALUE(param1_value)           ((void)0)
 100:Generated_Source\PSoC5/ErikaOS_1_ee_oo_internal.inc **** #define EE_OS_ERROR_PARAMETERS_PARAM2_VALUE(param2_value)           ((void)0)
 101:Generated_Source\PSoC5/ErikaOS_1_ee_oo_internal.inc **** #define EE_OS_ERROR_PARAMETERS_PARAM3_VALUE(param3_value)           ((void)0)
 102:Generated_Source\PSoC5/ErikaOS_1_ee_oo_internal.inc **** 
 103:Generated_Source\PSoC5/ErikaOS_1_ee_oo_internal.inc **** #define EE_OS_ERROR_PARAMETERS_PARAM1_REF(param_field,param_ref)    ((void)0)
 104:Generated_Source\PSoC5/ErikaOS_1_ee_oo_internal.inc **** #define EE_OS_ERROR_PARAMETERS_PARAM2_REF(param_field,param_ref)    ((void)0)
 105:Generated_Source\PSoC5/ErikaOS_1_ee_oo_internal.inc **** #define EE_OS_ERROR_PARAMETERS_PARAM3_REF(param_field,param_ref)    ((void)0)
 106:Generated_Source\PSoC5/ErikaOS_1_ee_oo_internal.inc **** #endif /* __OO_HAS_ERRORHOOK__ */
 107:Generated_Source\PSoC5/ErikaOS_1_ee_oo_internal.inc **** 
 108:Generated_Source\PSoC5/ErikaOS_1_ee_oo_internal.inc **** /* Error Handling */
 109:Generated_Source\PSoC5/ErikaOS_1_ee_oo_internal.inc **** #ifdef __OO_HAS_ERRORHOOK__
 110:Generated_Source\PSoC5/ErikaOS_1_ee_oo_internal.inc **** #ifndef  __OO_ERRORHOOK_NOMACROS__
 111:Generated_Source\PSoC5/ErikaOS_1_ee_oo_internal.inc **** 
 112:Generated_Source\PSoC5/ErikaOS_1_ee_oo_internal.inc **** __INLINE__ void  EE_os_fill_error_data( OSServiceIdType
 113:Generated_Source\PSoC5/ErikaOS_1_ee_oo_internal.inc ****   ServiceID, EE_os_param param1, EE_os_param param2, EE_os_param param3 )
 114:Generated_Source\PSoC5/ErikaOS_1_ee_oo_internal.inc **** {
 115:Generated_Source\PSoC5/ErikaOS_1_ee_oo_internal.inc ****   register EE_oo_ErrorHook_parameters * const
 116:Generated_Source\PSoC5/ErikaOS_1_ee_oo_internal.inc ****     p_errorhook_parameter = EE_oo_get_errorhook_data();
 117:Generated_Source\PSoC5/ErikaOS_1_ee_oo_internal.inc ****   (*EE_oo_get_errorhook_service_id()) = ServiceID;
 118:Generated_Source\PSoC5/ErikaOS_1_ee_oo_internal.inc ****   p_errorhook_parameter->param1 = param1;
 119:Generated_Source\PSoC5/ErikaOS_1_ee_oo_internal.inc ****   p_errorhook_parameter->param2 = param2;
 120:Generated_Source\PSoC5/ErikaOS_1_ee_oo_internal.inc ****   p_errorhook_parameter->param3 = param3;
 121:Generated_Source\PSoC5/ErikaOS_1_ee_oo_internal.inc **** }
 122:Generated_Source\PSoC5/ErikaOS_1_ee_oo_internal.inc **** #else /* !__OO_ERRORHOOK_NOMACROS__ */
 123:Generated_Source\PSoC5/ErikaOS_1_ee_oo_internal.inc **** 
 124:Generated_Source\PSoC5/ErikaOS_1_ee_oo_internal.inc **** #define EE_os_fill_error_data(ServiceID,param1,param2,param3) ((void)0)
 125:Generated_Source\PSoC5/ErikaOS_1_ee_oo_internal.inc **** #endif /* !__OO_ERRORHOOK_NOMACROS__ */
 126:Generated_Source\PSoC5/ErikaOS_1_ee_oo_internal.inc **** 
 127:Generated_Source\PSoC5/ErikaOS_1_ee_oo_internal.inc **** __INLINE__ void  EE_os_notify_error( OSServiceIdType ServiceID,
 128:Generated_Source\PSoC5/ErikaOS_1_ee_oo_internal.inc ****   EE_os_param param1, EE_os_param param2, EE_os_param param3,
 129:Generated_Source\PSoC5/ErikaOS_1_ee_oo_internal.inc ****   StatusType Error )
 130:Generated_Source\PSoC5/ErikaOS_1_ee_oo_internal.inc **** {
 131:Generated_Source\PSoC5/ErikaOS_1_ee_oo_internal.inc ****   EE_ORTI_set_lasterror(Error);
 132:Generated_Source\PSoC5/ErikaOS_1_ee_oo_internal.inc ****   if ( EE_ErrorHook_nested_flag == 0U )
ARM GAS  C:\Users\DABBIR~1\AppData\Local\Temp\cc7G0JGO.s 			page 9


 133:Generated_Source\PSoC5/ErikaOS_1_ee_oo_internal.inc ****   {
 134:Generated_Source\PSoC5/ErikaOS_1_ee_oo_internal.inc ****     EE_os_fill_error_data(ServiceID, param1, param2, param3);
 135:Generated_Source\PSoC5/ErikaOS_1_ee_oo_internal.inc ****     EE_ErrorHook_nested_flag = 1U;
 136:Generated_Source\PSoC5/ErikaOS_1_ee_oo_internal.inc ****     EE_oo_call_ErrorHook(Error);
 137:Generated_Source\PSoC5/ErikaOS_1_ee_oo_internal.inc ****     EE_ErrorHook_nested_flag = 0U;
 138:Generated_Source\PSoC5/ErikaOS_1_ee_oo_internal.inc ****   }
 139:Generated_Source\PSoC5/ErikaOS_1_ee_oo_internal.inc **** }
 140:Generated_Source\PSoC5/ErikaOS_1_ee_oo_internal.inc **** 
 141:Generated_Source\PSoC5/ErikaOS_1_ee_oo_internal.inc **** #ifndef __EE_MEMORY_PROTECTION__
 142:Generated_Source\PSoC5/ErikaOS_1_ee_oo_internal.inc **** __INLINE__ void  EE_os_notify_error_from_us(
 143:Generated_Source\PSoC5/ErikaOS_1_ee_oo_internal.inc ****   OSServiceIdType ServiceID, const EE_oo_ErrorHook_parameters * const
 144:Generated_Source\PSoC5/ErikaOS_1_ee_oo_internal.inc ****     error_parameters_ref, StatusType Error )
 145:Generated_Source\PSoC5/ErikaOS_1_ee_oo_internal.inc **** {
 146:Generated_Source\PSoC5/ErikaOS_1_ee_oo_internal.inc ****   if ( error_parameters_ref != NULL ) {
 147:Generated_Source\PSoC5/ErikaOS_1_ee_oo_internal.inc ****     register EE_FREG const flag = EE_hal_begin_nested_primitive();
 148:Generated_Source\PSoC5/ErikaOS_1_ee_oo_internal.inc ****     EE_os_notify_error(ServiceID, error_parameters_ref->param1,
 149:Generated_Source\PSoC5/ErikaOS_1_ee_oo_internal.inc ****       error_parameters_ref->param2, error_parameters_ref->param3, Error);
 150:Generated_Source\PSoC5/ErikaOS_1_ee_oo_internal.inc ****     EE_hal_end_nested_primitive(flag);
 151:Generated_Source\PSoC5/ErikaOS_1_ee_oo_internal.inc ****   }
 152:Generated_Source\PSoC5/ErikaOS_1_ee_oo_internal.inc **** }
 153:Generated_Source\PSoC5/ErikaOS_1_ee_oo_internal.inc **** #else /* !__EE_MEMORY_PROTECTION__ */
 154:Generated_Source\PSoC5/ErikaOS_1_ee_oo_internal.inc **** /* If MemMap.h support is enabled (i.e. because memory protection): use it */
 155:Generated_Source\PSoC5/ErikaOS_1_ee_oo_internal.inc **** #ifdef EE_SUPPORT_MEMMAP_H
 156:Generated_Source\PSoC5/ErikaOS_1_ee_oo_internal.inc **** /* The following code belong to ERIKA API section ee_api_text */
 157:Generated_Source\PSoC5/ErikaOS_1_ee_oo_internal.inc **** #define API_START_SEC_CODE
 158:Generated_Source\PSoC5/ErikaOS_1_ee_oo_internal.inc **** #include "MemMap.inc"
 159:Generated_Source\PSoC5/ErikaOS_1_ee_oo_internal.inc **** #endif /* EE_SUPPORT_MEMMAP_H */
 160:Generated_Source\PSoC5/ErikaOS_1_ee_oo_internal.inc **** 
 161:Generated_Source\PSoC5/ErikaOS_1_ee_oo_internal.inc **** void EE_os_notify_error_from_us( OSServiceIdType ServiceID,
 162:Generated_Source\PSoC5/ErikaOS_1_ee_oo_internal.inc ****   const EE_oo_ErrorHook_parameters * const error_parameters_ref,
 163:Generated_Source\PSoC5/ErikaOS_1_ee_oo_internal.inc ****   StatusType Error );
 164:Generated_Source\PSoC5/ErikaOS_1_ee_oo_internal.inc **** 
 165:Generated_Source\PSoC5/ErikaOS_1_ee_oo_internal.inc **** #ifdef EE_SUPPORT_MEMMAP_H
 166:Generated_Source\PSoC5/ErikaOS_1_ee_oo_internal.inc **** #define API_STOP_SEC_CODE
 167:Generated_Source\PSoC5/ErikaOS_1_ee_oo_internal.inc **** #include "MemMap.inc"
 168:Generated_Source\PSoC5/ErikaOS_1_ee_oo_internal.inc **** #endif /* EE_SUPPORT_MEMMAP_H */
 169:Generated_Source\PSoC5/ErikaOS_1_ee_oo_internal.inc **** #endif /* !__EE_MEMORY_PROTECTION__ */
 170:Generated_Source\PSoC5/ErikaOS_1_ee_oo_internal.inc **** #else /* __OO_HAS_ERRORHOOK__ */
 171:Generated_Source\PSoC5/ErikaOS_1_ee_oo_internal.inc **** 
 172:Generated_Source\PSoC5/ErikaOS_1_ee_oo_internal.inc **** /* Macro used for remapping to prevent compiler warnings on unused parameters */
 173:Generated_Source\PSoC5/ErikaOS_1_ee_oo_internal.inc **** #define EE_os_notify_error(k,j,x,y,z) EE_os_notify_error_impl(z)
 174:Generated_Source\PSoC5/ErikaOS_1_ee_oo_internal.inc **** 
 175:Generated_Source\PSoC5/ErikaOS_1_ee_oo_internal.inc **** __INLINE__ void  EE_os_notify_error_impl(StatusType Error)
 176:Generated_Source\PSoC5/ErikaOS_1_ee_oo_internal.inc **** {
 177:Generated_Source\PSoC5/ErikaOS_1_ee_oo_internal.inc ****   EE_ORTI_set_lasterror(Error);
 178:Generated_Source\PSoC5/ErikaOS_1_ee_oo_internal.inc **** }
 179:Generated_Source\PSoC5/ErikaOS_1_ee_oo_internal.inc **** 
 180:Generated_Source\PSoC5/ErikaOS_1_ee_oo_internal.inc **** /* Macro used for remapping to prevent compiler warnings on unused parameters */
 181:Generated_Source\PSoC5/ErikaOS_1_ee_oo_internal.inc **** #define EE_os_notify_error_from_us(x,y,z) EE_os_notify_error_from_us_impl(z)
 182:Generated_Source\PSoC5/ErikaOS_1_ee_oo_internal.inc **** 
 183:Generated_Source\PSoC5/ErikaOS_1_ee_oo_internal.inc **** __INLINE__ void  EE_os_notify_error_from_us_impl(
 184:Generated_Source\PSoC5/ErikaOS_1_ee_oo_internal.inc ****   StatusType Error )
 185:Generated_Source\PSoC5/ErikaOS_1_ee_oo_internal.inc **** {
 186:Generated_Source\PSoC5/ErikaOS_1_ee_oo_internal.inc ****   EE_ORTI_set_lasterror(Error);
 187:Generated_Source\PSoC5/ErikaOS_1_ee_oo_internal.inc **** }
 188:Generated_Source\PSoC5/ErikaOS_1_ee_oo_internal.inc **** #endif /* __OO_HAS_ERRORHOOK__ */
 189:Generated_Source\PSoC5/ErikaOS_1_ee_oo_internal.inc **** 
ARM GAS  C:\Users\DABBIR~1\AppData\Local\Temp\cc7G0JGO.s 			page 10


 190:Generated_Source\PSoC5/ErikaOS_1_ee_oo_internal.inc **** /*******************************************************************************
 191:Generated_Source\PSoC5/ErikaOS_1_ee_oo_internal.inc ****  *                  Kernel Critical Section Utility Macros
 192:Generated_Source\PSoC5/ErikaOS_1_ee_oo_internal.inc ****  ******************************************************************************/
 193:Generated_Source\PSoC5/ErikaOS_1_ee_oo_internal.inc **** #ifndef __EE_MEMORY_PROTECTION__
 194:Generated_Source\PSoC5/ErikaOS_1_ee_oo_internal.inc **** 
 195:Generated_Source\PSoC5/ErikaOS_1_ee_oo_internal.inc **** #define EE_OS_DECLARE_CRITICAL_SECTION()  register EE_FREG flag
 196:Generated_Source\PSoC5/ErikaOS_1_ee_oo_internal.inc **** 
 197:Generated_Source\PSoC5/ErikaOS_1_ee_oo_internal.inc **** #define EE_OS_ENTER_CRITICAL_SECTION()          \
 198:Generated_Source\PSoC5/ErikaOS_1_ee_oo_internal.inc ****   do {                                          \
 199:Generated_Source\PSoC5/ErikaOS_1_ee_oo_internal.inc ****     flag = EE_hal_begin_nested_primitive();     \
 200:Generated_Source\PSoC5/ErikaOS_1_ee_oo_internal.inc ****     EE_as_tp_active_pause_and_update_budgets(); \
 201:Generated_Source\PSoC5/ErikaOS_1_ee_oo_internal.inc ****   } while ( 0 )
 202:Generated_Source\PSoC5/ErikaOS_1_ee_oo_internal.inc **** 
 203:Generated_Source\PSoC5/ErikaOS_1_ee_oo_internal.inc **** #define EE_OS_DECLARE_AND_ENTER_CRITICAL_SECTION()  \
 204:Generated_Source\PSoC5/ErikaOS_1_ee_oo_internal.inc ****   EE_OS_DECLARE_CRITICAL_SECTION();                 \
 205:Generated_Source\PSoC5/ErikaOS_1_ee_oo_internal.inc ****   EE_OS_ENTER_CRITICAL_SECTION()
 206:Generated_Source\PSoC5/ErikaOS_1_ee_oo_internal.inc **** 
 207:Generated_Source\PSoC5/ErikaOS_1_ee_oo_internal.inc **** #define EE_OS_EXIT_CRITICAL_SECTION()             \
 208:Generated_Source\PSoC5/ErikaOS_1_ee_oo_internal.inc ****   do {                                            \
 209:Generated_Source\PSoC5/ErikaOS_1_ee_oo_internal.inc ****     EE_as_tp_active_update_budgets_and_restart(); \
 210:Generated_Source\PSoC5/ErikaOS_1_ee_oo_internal.inc ****     EE_hal_end_nested_primitive(flag);            \
 211:Generated_Source\PSoC5/ErikaOS_1_ee_oo_internal.inc ****   } while ( 0 )
 212:Generated_Source\PSoC5/ErikaOS_1_ee_oo_internal.inc **** 
 213:Generated_Source\PSoC5/ErikaOS_1_ee_oo_internal.inc **** #define EE_OS_FOREVER_CRITICAL_SECTION()          \
 214:Generated_Source\PSoC5/ErikaOS_1_ee_oo_internal.inc ****   do {                                            \
 215:Generated_Source\PSoC5/ErikaOS_1_ee_oo_internal.inc ****     EE_hal_disableIRQ();                          \
 216:Generated_Source\PSoC5/ErikaOS_1_ee_oo_internal.inc ****     EE_as_tp_active_pause_and_update_budgets();   \
 217:Generated_Source\PSoC5/ErikaOS_1_ee_oo_internal.inc ****   } while ( 0 )
 218:Generated_Source\PSoC5/ErikaOS_1_ee_oo_internal.inc **** 
 219:Generated_Source\PSoC5/ErikaOS_1_ee_oo_internal.inc **** #else /* !__EE_MEMORY_PROTECTION__ */
 220:Generated_Source\PSoC5/ErikaOS_1_ee_oo_internal.inc **** /* TP in any case have to be handled in Service Implementation. Syscall
 221:Generated_Source\PSoC5/ErikaOS_1_ee_oo_internal.inc ****    mechanism can be implement in C language and, in that case, a function call
 222:Generated_Source\PSoC5/ErikaOS_1_ee_oo_internal.inc ****    cannot be done in syscall handler. */
 223:Generated_Source\PSoC5/ErikaOS_1_ee_oo_internal.inc **** #define EE_OS_DECLARE_CRITICAL_SECTION()            ((void)0)
 224:Generated_Source\PSoC5/ErikaOS_1_ee_oo_internal.inc **** #define EE_OS_ENTER_CRITICAL_SECTION()              \
 225:Generated_Source\PSoC5/ErikaOS_1_ee_oo_internal.inc ****   EE_as_tp_active_pause_and_update_budgets()
 226:Generated_Source\PSoC5/ErikaOS_1_ee_oo_internal.inc **** #define EE_OS_DECLARE_AND_ENTER_CRITICAL_SECTION()  \
 227:Generated_Source\PSoC5/ErikaOS_1_ee_oo_internal.inc ****   EE_as_tp_active_pause_and_update_budgets()
 228:Generated_Source\PSoC5/ErikaOS_1_ee_oo_internal.inc **** #define EE_OS_EXIT_CRITICAL_SECTION()               \
 229:Generated_Source\PSoC5/ErikaOS_1_ee_oo_internal.inc ****   EE_as_tp_active_update_budgets_and_restart()
 230:Generated_Source\PSoC5/ErikaOS_1_ee_oo_internal.inc **** #define EE_OS_FOREVER_CRITICAL_SECTION()			\
 231:Generated_Source\PSoC5/ErikaOS_1_ee_oo_internal.inc ****   EE_as_tp_active_pause_and_update_budgets()
 232:Generated_Source\PSoC5/ErikaOS_1_ee_oo_internal.inc **** #endif /* !__EE_MEMORY_PROTECTION__ */
 233:Generated_Source\PSoC5/ErikaOS_1_ee_oo_internal.inc **** 
 234:Generated_Source\PSoC5/ErikaOS_1_ee_oo_internal.inc **** /* return the first stacked task (the running task) without extracting it 
 235:Generated_Source\PSoC5/ErikaOS_1_ee_oo_internal.inc ****    we suppose that this function can be called ALSO at interrupt ENABLED!!!
 236:Generated_Source\PSoC5/ErikaOS_1_ee_oo_internal.inc ****    (see WaitEvent.c) */
 237:Generated_Source\PSoC5/ErikaOS_1_ee_oo_internal.inc **** #ifndef __PRIVATE_STK_QUERYFIRST__
 238:Generated_Source\PSoC5/ErikaOS_1_ee_oo_internal.inc **** __INLINE__ EE_TID  EE_stk_queryfirst(void)
 239:Generated_Source\PSoC5/ErikaOS_1_ee_oo_internal.inc **** {
 240:Generated_Source\PSoC5/ErikaOS_1_ee_oo_internal.inc ****     return EE_stkfirst;  
  53              		.loc 3 240 0
  54 0004 034B     		ldr	r3, .L3
  55 0006 1C68     		ldr	r4, [r3]
  56              	.LBE14:
  57              	.LBE13:
  62:Generated_Source\PSoC5/ErikaOS_1_ee_tnterm.c ****   register EE_TID current;
ARM GAS  C:\Users\DABBIR~1\AppData\Local\Temp\cc7G0JGO.s 			page 11


  63:Generated_Source\PSoC5/ErikaOS_1_ee_tnterm.c **** 
  64:Generated_Source\PSoC5/ErikaOS_1_ee_tnterm.c ****   /* IRQ disabling for primitive atomicity (It doesn't make sense use
  65:Generated_Source\PSoC5/ErikaOS_1_ee_tnterm.c ****      EE_hal_begin_nested_primitive because at the end of the function I won't
  66:Generated_Source\PSoC5/ErikaOS_1_ee_tnterm.c ****      call EE_hal_end_nested_primitive) */
  67:Generated_Source\PSoC5/ErikaOS_1_ee_tnterm.c ****   EE_hal_disableIRQ();
  68:Generated_Source\PSoC5/ErikaOS_1_ee_tnterm.c **** 
  69:Generated_Source\PSoC5/ErikaOS_1_ee_tnterm.c ****   current = EE_stk_queryfirst();
  70:Generated_Source\PSoC5/ErikaOS_1_ee_tnterm.c **** 
  71:Generated_Source\PSoC5/ErikaOS_1_ee_tnterm.c ****   /* [OS069]: If a task returns from its entry function without making a
  72:Generated_Source\PSoC5/ErikaOS_1_ee_tnterm.c ****       TerminateTask() or ChainTask() call AND the error hook is configured,
  73:Generated_Source\PSoC5/ErikaOS_1_ee_tnterm.c ****       the Operating System shall call the ErrorHook() 
  74:Generated_Source\PSoC5/ErikaOS_1_ee_tnterm.c ****       (this is done regardless of whether the task causes other errors,
  75:Generated_Source\PSoC5/ErikaOS_1_ee_tnterm.c ****        e.g. E_OS_RESOURCE) with status E_OS_MISSINGEND before the task leaves
  76:Generated_Source\PSoC5/ErikaOS_1_ee_tnterm.c ****       the RUNNING state. */
  77:Generated_Source\PSoC5/ErikaOS_1_ee_tnterm.c ****   EE_ORTI_set_lasterror(E_OS_MISSINGEND);
  78:Generated_Source\PSoC5/ErikaOS_1_ee_tnterm.c ****   EE_oo_notify_error_service(OSId_TaskBody, E_OS_MISSINGEND);
  79:Generated_Source\PSoC5/ErikaOS_1_ee_tnterm.c **** 
  80:Generated_Source\PSoC5/ErikaOS_1_ee_tnterm.c ****   /* [OS070]: If a task returns from the entry function without making a
  81:Generated_Source\PSoC5/ErikaOS_1_ee_tnterm.c ****       TerminateTask() or ChainTask() call and still holds OSEK Resources,
  82:Generated_Source\PSoC5/ErikaOS_1_ee_tnterm.c ****       the Operating System shall release them. */
  83:Generated_Source\PSoC5/ErikaOS_1_ee_tnterm.c ****   (void)EE_oo_release_all_resources(current);
  58              		.loc 1 83 0
  59 0008 2046     		mov	r0, r4
  60 000a FFF7FEFF 		bl	EE_oo_release_all_resources
  61              	.LVL0:
  84:Generated_Source\PSoC5/ErikaOS_1_ee_tnterm.c **** 
  85:Generated_Source\PSoC5/ErikaOS_1_ee_tnterm.c ****   /* Force spinlocks release */
  86:Generated_Source\PSoC5/ErikaOS_1_ee_tnterm.c **** #ifdef EE_AS_USER_SPINLOCKS__
  87:Generated_Source\PSoC5/ErikaOS_1_ee_tnterm.c ****   (void)EE_as_release_all_spinlocks(current);
  88:Generated_Source\PSoC5/ErikaOS_1_ee_tnterm.c **** #endif /* EE_AS_USER_SPINLOCKS__ */
  89:Generated_Source\PSoC5/ErikaOS_1_ee_tnterm.c **** 
  90:Generated_Source\PSoC5/ErikaOS_1_ee_tnterm.c ****   /* [OS052], [OS239]: terminate task + call PostTaskHook + ISRs counters reset
  91:Generated_Source\PSoC5/ErikaOS_1_ee_tnterm.c ****       in EE_thread_end_instance. Interrupts enabling is done by
  92:Generated_Source\PSoC5/ErikaOS_1_ee_tnterm.c ****       EE_std_run_task_code (cpu/common ee_context.c) */
  93:Generated_Source\PSoC5/ErikaOS_1_ee_tnterm.c ****   EE_hal_terminate_task(current);
  62              		.loc 1 93 0
  63 000e 2046     		mov	r0, r4
  64 0010 FFF7FEFF 		bl	EE_hal_terminate_task
  65              	.LVL1:
  66              	.L4:
  67              		.align	2
  68              	.L3:
  69 0014 00000000 		.word	EE_stkfirst
  70              		.cfi_endproc
  71              	.LFE60:
  72              		.size	EE_thread_not_terminated, .-EE_thread_not_terminated
  73              		.text
  74              	.Letext0:
  75              		.file 4 "Generated_Source\\PSoC5\\ErikaOS_1_common_ee_types.inc"
  76              		.file 5 "Generated_Source\\PSoC5\\ErikaOS_1_ee_oo_common.inc"
  77              		.file 6 "Generated_Source\\PSoC5\\ErikaOS_1_common_ee_primitives.inc"
  78              		.file 7 "Generated_Source\\PSoC5\\ErikaOS_1_cortex_mx_ee_context.inc"
  79              		.file 8 "Generated_Source\\PSoC5\\ErikaOS_1_ee_oo_intfunc.inc"
  80              		.file 9 "Generated_Source\\PSoC5\\ErikaOS_1_cortex_mx_ee_internal.inc"
  81              		.section	.debug_info,"",%progbits
  82              	.Ldebug_info0:
  83 0000 AF020000 		.4byte	0x2af
ARM GAS  C:\Users\DABBIR~1\AppData\Local\Temp\cc7G0JGO.s 			page 12


  84 0004 0400     		.2byte	0x4
  85 0006 00000000 		.4byte	.Ldebug_abbrev0
  86 000a 04       		.byte	0x4
  87 000b 01       		.uleb128 0x1
  88 000c 39030000 		.4byte	.LASF41
  89 0010 0C       		.byte	0xc
  90 0011 CC000000 		.4byte	.LASF42
  91 0015 11010000 		.4byte	.LASF43
  92 0019 00000000 		.4byte	.Ldebug_ranges0+0
  93 001d 00000000 		.4byte	0
  94 0021 00000000 		.4byte	.Ldebug_line0
  95 0025 02       		.uleb128 0x2
  96 0026 01       		.byte	0x1
  97 0027 06       		.byte	0x6
  98 0028 19020000 		.4byte	.LASF0
  99 002c 02       		.uleb128 0x2
 100 002d 01       		.byte	0x1
 101 002e 08       		.byte	0x8
 102 002f F3010000 		.4byte	.LASF1
 103 0033 02       		.uleb128 0x2
 104 0034 02       		.byte	0x2
 105 0035 05       		.byte	0x5
 106 0036 3A000000 		.4byte	.LASF2
 107 003a 02       		.uleb128 0x2
 108 003b 02       		.byte	0x2
 109 003c 07       		.byte	0x7
 110 003d A6020000 		.4byte	.LASF3
 111 0041 02       		.uleb128 0x2
 112 0042 04       		.byte	0x4
 113 0043 05       		.byte	0x5
 114 0044 92010000 		.4byte	.LASF4
 115 0048 02       		.uleb128 0x2
 116 0049 04       		.byte	0x4
 117 004a 07       		.byte	0x7
 118 004b D6020000 		.4byte	.LASF5
 119 004f 02       		.uleb128 0x2
 120 0050 08       		.byte	0x8
 121 0051 05       		.byte	0x5
 122 0052 55000000 		.4byte	.LASF6
 123 0056 02       		.uleb128 0x2
 124 0057 08       		.byte	0x8
 125 0058 07       		.byte	0x7
 126 0059 25020000 		.4byte	.LASF7
 127 005d 03       		.uleb128 0x3
 128 005e 04       		.byte	0x4
 129 005f 05       		.byte	0x5
 130 0060 696E7400 		.ascii	"int\000"
 131 0064 02       		.uleb128 0x2
 132 0065 04       		.byte	0x4
 133 0066 07       		.byte	0x7
 134 0067 4E020000 		.4byte	.LASF8
 135 006b 02       		.uleb128 0x2
 136 006c 08       		.byte	0x8
 137 006d 04       		.byte	0x4
 138 006e E7010000 		.4byte	.LASF9
 139 0072 04       		.uleb128 0x4
 140 0073 F9000000 		.4byte	.LASF10
ARM GAS  C:\Users\DABBIR~1\AppData\Local\Temp\cc7G0JGO.s 			page 13


 141 0077 04       		.byte	0x4
 142 0078 3F       		.byte	0x3f
 143 0079 25000000 		.4byte	0x25
 144 007d 04       		.uleb128 0x4
 145 007e B9020000 		.4byte	.LASF11
 146 0082 04       		.byte	0x4
 147 0083 52       		.byte	0x52
 148 0084 3A000000 		.4byte	0x3a
 149 0088 04       		.uleb128 0x4
 150 0089 81020000 		.4byte	.LASF12
 151 008d 04       		.byte	0x4
 152 008e 53       		.byte	0x53
 153 008f 5D000000 		.4byte	0x5d
 154 0093 04       		.uleb128 0x4
 155 0094 63000000 		.4byte	.LASF13
 156 0098 04       		.byte	0x4
 157 0099 54       		.byte	0x54
 158 009a 64000000 		.4byte	0x64
 159 009e 04       		.uleb128 0x4
 160 009f 0E000000 		.4byte	.LASF14
 161 00a3 02       		.byte	0x2
 162 00a4 4D       		.byte	0x4d
 163 00a5 93000000 		.4byte	0x93
 164 00a9 04       		.uleb128 0x4
 165 00aa 4D000000 		.4byte	.LASF15
 166 00ae 02       		.byte	0x2
 167 00af 4F       		.byte	0x4f
 168 00b0 93000000 		.4byte	0x93
 169 00b4 04       		.uleb128 0x4
 170 00b5 E8020000 		.4byte	.LASF16
 171 00b9 02       		.byte	0x2
 172 00ba 54       		.byte	0x54
 173 00bb 9E000000 		.4byte	0x9e
 174 00bf 04       		.uleb128 0x4
 175 00c0 7E000000 		.4byte	.LASF17
 176 00c4 02       		.byte	0x2
 177 00c5 78       		.byte	0x78
 178 00c6 88000000 		.4byte	0x88
 179 00ca 05       		.uleb128 0x5
 180 00cb 01010000 		.4byte	.LASF18
 181 00cf 05       		.byte	0x5
 182 00d0 1101     		.2byte	0x111
 183 00d2 7D000000 		.4byte	0x7d
 184 00d6 06       		.uleb128 0x6
 185 00d7 01020000 		.4byte	.LASF19
 186 00db 02       		.byte	0x2
 187 00dc C8       		.byte	0xc8
 188 00dd 03       		.byte	0x3
 189 00de 07       		.uleb128 0x7
 190 00df 3C020000 		.4byte	.LASF44
 191 00e3 03       		.byte	0x3
 192 00e4 EE       		.byte	0xee
 193 00e5 BF000000 		.4byte	0xbf
 194 00e9 03       		.byte	0x3
 195 00ea 08       		.uleb128 0x8
 196 00eb 5B020000 		.4byte	.LASF20
 197 00ef 02       		.byte	0x2
ARM GAS  C:\Users\DABBIR~1\AppData\Local\Temp\cc7G0JGO.s 			page 14


 198 00f0 9C01     		.2byte	0x19c
 199 00f2 03       		.byte	0x3
 200 00f3 09       		.uleb128 0x9
 201 00f4 B3000000 		.4byte	.LASF45
 202 00f8 01       		.byte	0x1
 203 00f9 3C       		.byte	0x3c
 204 00fa 00000000 		.4byte	.LFB60
 205 00fe 18000000 		.4byte	.LFE60-.LFB60
 206 0102 01       		.uleb128 0x1
 207 0103 9C       		.byte	0x9c
 208 0104 6B010000 		.4byte	0x16b
 209 0108 0A       		.uleb128 0xa
 210 0109 79020000 		.4byte	.LASF46
 211 010d 01       		.byte	0x1
 212 010e 3E       		.byte	0x3e
 213 010f BF000000 		.4byte	0xbf
 214 0113 0B       		.uleb128 0xb
 215 0114 EA000000 		.4byte	0xea
 216 0118 02000000 		.4byte	.LBB10
 217 011c 02000000 		.4byte	.LBE10-.LBB10
 218 0120 01       		.byte	0x1
 219 0121 43       		.byte	0x43
 220 0122 37010000 		.4byte	0x137
 221 0126 0C       		.uleb128 0xc
 222 0127 D6000000 		.4byte	0xd6
 223 012b 02000000 		.4byte	.LBB11
 224 012f 02000000 		.4byte	.LBE11-.LBB11
 225 0133 02       		.byte	0x2
 226 0134 9E01     		.2byte	0x19e
 227 0136 00       		.byte	0
 228 0137 0D       		.uleb128 0xd
 229 0138 DE000000 		.4byte	0xde
 230 013c 04000000 		.4byte	.LBB13
 231 0140 04000000 		.4byte	.LBE13-.LBB13
 232 0144 01       		.byte	0x1
 233 0145 45       		.byte	0x45
 234 0146 0E       		.uleb128 0xe
 235 0147 0E000000 		.4byte	.LVL0
 236 014b 9B020000 		.4byte	0x29b
 237 014f 5A010000 		.4byte	0x15a
 238 0153 0F       		.uleb128 0xf
 239 0154 01       		.uleb128 0x1
 240 0155 50       		.byte	0x50
 241 0156 02       		.uleb128 0x2
 242 0157 74       		.byte	0x74
 243 0158 00       		.sleb128 0
 244 0159 00       		.byte	0
 245 015a 10       		.uleb128 0x10
 246 015b 14000000 		.4byte	.LVL1
 247 015f A7020000 		.4byte	0x2a7
 248 0163 0F       		.uleb128 0xf
 249 0164 01       		.uleb128 0x1
 250 0165 50       		.byte	0x50
 251 0166 02       		.uleb128 0x2
 252 0167 74       		.byte	0x74
 253 0168 00       		.sleb128 0
 254 0169 00       		.byte	0
ARM GAS  C:\Users\DABBIR~1\AppData\Local\Temp\cc7G0JGO.s 			page 15


 255 016a 00       		.byte	0
 256 016b 11       		.uleb128 0x11
 257 016c 85000000 		.4byte	.LASF21
 258 0170 06       		.byte	0x6
 259 0171 44       		.byte	0x44
 260 0172 9E000000 		.4byte	0x9e
 261 0176 11       		.uleb128 0x11
 262 0177 9A000000 		.4byte	.LASF22
 263 017b 07       		.byte	0x7
 264 017c 48       		.byte	0x48
 265 017d BF000000 		.4byte	0xbf
 266 0181 12       		.uleb128 0x12
 267 0182 98010000 		.4byte	0x198
 268 0186 91010000 		.4byte	0x191
 269 018a 13       		.uleb128 0x13
 270 018b 91010000 		.4byte	0x191
 271 018f 03       		.byte	0x3
 272 0190 00       		.byte	0
 273 0191 02       		.uleb128 0x2
 274 0192 04       		.byte	0x4
 275 0193 07       		.byte	0x7
 276 0194 44000000 		.4byte	.LASF23
 277 0198 14       		.uleb128 0x14
 278 0199 9E000000 		.4byte	0x9e
 279 019d 11       		.uleb128 0x11
 280 019e 6D000000 		.4byte	.LASF24
 281 01a2 05       		.byte	0x5
 282 01a3 B2       		.byte	0xb2
 283 01a4 A8010000 		.4byte	0x1a8
 284 01a8 14       		.uleb128 0x14
 285 01a9 81010000 		.4byte	0x181
 286 01ad 11       		.uleb128 0x11
 287 01ae 1A030000 		.4byte	.LASF25
 288 01b2 05       		.byte	0x5
 289 01b3 B3       		.byte	0xb3
 290 01b4 B8010000 		.4byte	0x1b8
 291 01b8 14       		.uleb128 0x14
 292 01b9 81010000 		.4byte	0x181
 293 01bd 12       		.uleb128 0x12
 294 01be 9E000000 		.4byte	0x9e
 295 01c2 CD010000 		.4byte	0x1cd
 296 01c6 13       		.uleb128 0x13
 297 01c7 91010000 		.4byte	0x191
 298 01cb 03       		.byte	0x3
 299 01cc 00       		.byte	0
 300 01cd 11       		.uleb128 0x11
 301 01ce 0D030000 		.4byte	.LASF26
 302 01d2 05       		.byte	0x5
 303 01d3 CA       		.byte	0xca
 304 01d4 BD010000 		.4byte	0x1bd
 305 01d8 12       		.uleb128 0x12
 306 01d9 BF000000 		.4byte	0xbf
 307 01dd E8010000 		.4byte	0x1e8
 308 01e1 13       		.uleb128 0x13
 309 01e2 91010000 		.4byte	0x191
 310 01e6 03       		.byte	0x3
 311 01e7 00       		.byte	0
ARM GAS  C:\Users\DABBIR~1\AppData\Local\Temp\cc7G0JGO.s 			page 16


 312 01e8 11       		.uleb128 0x11
 313 01e9 2E030000 		.4byte	.LASF27
 314 01ed 05       		.byte	0x5
 315 01ee D2       		.byte	0xd2
 316 01ef D8010000 		.4byte	0x1d8
 317 01f3 11       		.uleb128 0x11
 318 01f4 6D020000 		.4byte	.LASF28
 319 01f8 05       		.byte	0x5
 320 01f9 DA       		.byte	0xda
 321 01fa BD010000 		.4byte	0x1bd
 322 01fe 11       		.uleb128 0x11
 323 01ff F4020000 		.4byte	.LASF29
 324 0203 05       		.byte	0x5
 325 0204 E2       		.byte	0xe2
 326 0205 BF000000 		.4byte	0xbf
 327 0209 11       		.uleb128 0x11
 328 020a D8010000 		.4byte	.LASF30
 329 020e 05       		.byte	0x5
 330 020f F7       		.byte	0xf7
 331 0210 9E000000 		.4byte	0x9e
 332 0214 15       		.uleb128 0x15
 333 0215 00000000 		.4byte	.LASF31
 334 0219 05       		.byte	0x5
 335 021a 3F01     		.2byte	0x13f
 336 021c CA000000 		.4byte	0xca
 337 0220 15       		.uleb128 0x15
 338 0221 16000000 		.4byte	.LASF32
 339 0225 05       		.byte	0x5
 340 0226 5C01     		.2byte	0x15c
 341 0228 BD010000 		.4byte	0x1bd
 342 022c 12       		.uleb128 0x12
 343 022d B4000000 		.4byte	0xb4
 344 0231 3C020000 		.4byte	0x23c
 345 0235 13       		.uleb128 0x13
 346 0236 91010000 		.4byte	0x191
 347 023a 03       		.byte	0x3
 348 023b 00       		.byte	0
 349 023c 15       		.uleb128 0x15
 350 023d 29000000 		.4byte	.LASF33
 351 0241 05       		.byte	0x5
 352 0242 6701     		.2byte	0x167
 353 0244 2C020000 		.4byte	0x22c
 354 0248 11       		.uleb128 0x11
 355 0249 C7030000 		.4byte	.LASF34
 356 024d 08       		.byte	0x8
 357 024e 40       		.byte	0x40
 358 024f 9E000000 		.4byte	0x9e
 359 0253 11       		.uleb128 0x11
 360 0254 9B010000 		.4byte	.LASF35
 361 0258 08       		.byte	0x8
 362 0259 47       		.byte	0x47
 363 025a A9000000 		.4byte	0xa9
 364 025e 11       		.uleb128 0x11
 365 025f C3020000 		.4byte	.LASF36
 366 0263 08       		.byte	0x8
 367 0264 4A       		.byte	0x4a
 368 0265 9E000000 		.4byte	0x9e
ARM GAS  C:\Users\DABBIR~1\AppData\Local\Temp\cc7G0JGO.s 			page 17


 369 0269 12       		.uleb128 0x12
 370 026a 79020000 		.4byte	0x279
 371 026e 79020000 		.4byte	0x279
 372 0272 13       		.uleb128 0x13
 373 0273 91010000 		.4byte	0x191
 374 0277 FF       		.byte	0xff
 375 0278 00       		.byte	0
 376 0279 14       		.uleb128 0x14
 377 027a 72000000 		.4byte	0x72
 378 027e 15       		.uleb128 0x15
 379 027f 00030000 		.4byte	.LASF37
 380 0283 03       		.byte	0x3
 381 0284 AB01     		.2byte	0x1ab
 382 0286 8A020000 		.4byte	0x28a
 383 028a 14       		.uleb128 0x14
 384 028b 69020000 		.4byte	0x269
 385 028f 15       		.uleb128 0x15
 386 0290 B4010000 		.4byte	.LASF38
 387 0294 03       		.byte	0x3
 388 0295 1602     		.2byte	0x216
 389 0297 9E000000 		.4byte	0x9e
 390 029b 16       		.uleb128 0x16
 391 029c 8A020000 		.4byte	.LASF39
 392 02a0 8A020000 		.4byte	.LASF39
 393 02a4 03       		.byte	0x3
 394 02a5 FF01     		.2byte	0x1ff
 395 02a7 17       		.uleb128 0x17
 396 02a8 C2010000 		.4byte	.LASF40
 397 02ac C2010000 		.4byte	.LASF40
 398 02b0 09       		.byte	0x9
 399 02b1 C0       		.byte	0xc0
 400 02b2 00       		.byte	0
 401              		.section	.debug_abbrev,"",%progbits
 402              	.Ldebug_abbrev0:
 403 0000 01       		.uleb128 0x1
 404 0001 11       		.uleb128 0x11
 405 0002 01       		.byte	0x1
 406 0003 25       		.uleb128 0x25
 407 0004 0E       		.uleb128 0xe
 408 0005 13       		.uleb128 0x13
 409 0006 0B       		.uleb128 0xb
 410 0007 03       		.uleb128 0x3
 411 0008 0E       		.uleb128 0xe
 412 0009 1B       		.uleb128 0x1b
 413 000a 0E       		.uleb128 0xe
 414 000b 55       		.uleb128 0x55
 415 000c 17       		.uleb128 0x17
 416 000d 11       		.uleb128 0x11
 417 000e 01       		.uleb128 0x1
 418 000f 10       		.uleb128 0x10
 419 0010 17       		.uleb128 0x17
 420 0011 00       		.byte	0
 421 0012 00       		.byte	0
 422 0013 02       		.uleb128 0x2
 423 0014 24       		.uleb128 0x24
 424 0015 00       		.byte	0
 425 0016 0B       		.uleb128 0xb
ARM GAS  C:\Users\DABBIR~1\AppData\Local\Temp\cc7G0JGO.s 			page 18


 426 0017 0B       		.uleb128 0xb
 427 0018 3E       		.uleb128 0x3e
 428 0019 0B       		.uleb128 0xb
 429 001a 03       		.uleb128 0x3
 430 001b 0E       		.uleb128 0xe
 431 001c 00       		.byte	0
 432 001d 00       		.byte	0
 433 001e 03       		.uleb128 0x3
 434 001f 24       		.uleb128 0x24
 435 0020 00       		.byte	0
 436 0021 0B       		.uleb128 0xb
 437 0022 0B       		.uleb128 0xb
 438 0023 3E       		.uleb128 0x3e
 439 0024 0B       		.uleb128 0xb
 440 0025 03       		.uleb128 0x3
 441 0026 08       		.uleb128 0x8
 442 0027 00       		.byte	0
 443 0028 00       		.byte	0
 444 0029 04       		.uleb128 0x4
 445 002a 16       		.uleb128 0x16
 446 002b 00       		.byte	0
 447 002c 03       		.uleb128 0x3
 448 002d 0E       		.uleb128 0xe
 449 002e 3A       		.uleb128 0x3a
 450 002f 0B       		.uleb128 0xb
 451 0030 3B       		.uleb128 0x3b
 452 0031 0B       		.uleb128 0xb
 453 0032 49       		.uleb128 0x49
 454 0033 13       		.uleb128 0x13
 455 0034 00       		.byte	0
 456 0035 00       		.byte	0
 457 0036 05       		.uleb128 0x5
 458 0037 16       		.uleb128 0x16
 459 0038 00       		.byte	0
 460 0039 03       		.uleb128 0x3
 461 003a 0E       		.uleb128 0xe
 462 003b 3A       		.uleb128 0x3a
 463 003c 0B       		.uleb128 0xb
 464 003d 3B       		.uleb128 0x3b
 465 003e 05       		.uleb128 0x5
 466 003f 49       		.uleb128 0x49
 467 0040 13       		.uleb128 0x13
 468 0041 00       		.byte	0
 469 0042 00       		.byte	0
 470 0043 06       		.uleb128 0x6
 471 0044 2E       		.uleb128 0x2e
 472 0045 00       		.byte	0
 473 0046 03       		.uleb128 0x3
 474 0047 0E       		.uleb128 0xe
 475 0048 3A       		.uleb128 0x3a
 476 0049 0B       		.uleb128 0xb
 477 004a 3B       		.uleb128 0x3b
 478 004b 0B       		.uleb128 0xb
 479 004c 27       		.uleb128 0x27
 480 004d 19       		.uleb128 0x19
 481 004e 20       		.uleb128 0x20
 482 004f 0B       		.uleb128 0xb
ARM GAS  C:\Users\DABBIR~1\AppData\Local\Temp\cc7G0JGO.s 			page 19


 483 0050 00       		.byte	0
 484 0051 00       		.byte	0
 485 0052 07       		.uleb128 0x7
 486 0053 2E       		.uleb128 0x2e
 487 0054 00       		.byte	0
 488 0055 03       		.uleb128 0x3
 489 0056 0E       		.uleb128 0xe
 490 0057 3A       		.uleb128 0x3a
 491 0058 0B       		.uleb128 0xb
 492 0059 3B       		.uleb128 0x3b
 493 005a 0B       		.uleb128 0xb
 494 005b 27       		.uleb128 0x27
 495 005c 19       		.uleb128 0x19
 496 005d 49       		.uleb128 0x49
 497 005e 13       		.uleb128 0x13
 498 005f 20       		.uleb128 0x20
 499 0060 0B       		.uleb128 0xb
 500 0061 00       		.byte	0
 501 0062 00       		.byte	0
 502 0063 08       		.uleb128 0x8
 503 0064 2E       		.uleb128 0x2e
 504 0065 00       		.byte	0
 505 0066 03       		.uleb128 0x3
 506 0067 0E       		.uleb128 0xe
 507 0068 3A       		.uleb128 0x3a
 508 0069 0B       		.uleb128 0xb
 509 006a 3B       		.uleb128 0x3b
 510 006b 05       		.uleb128 0x5
 511 006c 27       		.uleb128 0x27
 512 006d 19       		.uleb128 0x19
 513 006e 20       		.uleb128 0x20
 514 006f 0B       		.uleb128 0xb
 515 0070 00       		.byte	0
 516 0071 00       		.byte	0
 517 0072 09       		.uleb128 0x9
 518 0073 2E       		.uleb128 0x2e
 519 0074 01       		.byte	0x1
 520 0075 3F       		.uleb128 0x3f
 521 0076 19       		.uleb128 0x19
 522 0077 03       		.uleb128 0x3
 523 0078 0E       		.uleb128 0xe
 524 0079 3A       		.uleb128 0x3a
 525 007a 0B       		.uleb128 0xb
 526 007b 3B       		.uleb128 0x3b
 527 007c 0B       		.uleb128 0xb
 528 007d 27       		.uleb128 0x27
 529 007e 19       		.uleb128 0x19
 530 007f 8701     		.uleb128 0x87
 531 0081 19       		.uleb128 0x19
 532 0082 11       		.uleb128 0x11
 533 0083 01       		.uleb128 0x1
 534 0084 12       		.uleb128 0x12
 535 0085 06       		.uleb128 0x6
 536 0086 40       		.uleb128 0x40
 537 0087 18       		.uleb128 0x18
 538 0088 9742     		.uleb128 0x2117
 539 008a 19       		.uleb128 0x19
ARM GAS  C:\Users\DABBIR~1\AppData\Local\Temp\cc7G0JGO.s 			page 20


 540 008b 01       		.uleb128 0x1
 541 008c 13       		.uleb128 0x13
 542 008d 00       		.byte	0
 543 008e 00       		.byte	0
 544 008f 0A       		.uleb128 0xa
 545 0090 34       		.uleb128 0x34
 546 0091 00       		.byte	0
 547 0092 03       		.uleb128 0x3
 548 0093 0E       		.uleb128 0xe
 549 0094 3A       		.uleb128 0x3a
 550 0095 0B       		.uleb128 0xb
 551 0096 3B       		.uleb128 0x3b
 552 0097 0B       		.uleb128 0xb
 553 0098 49       		.uleb128 0x49
 554 0099 13       		.uleb128 0x13
 555 009a 00       		.byte	0
 556 009b 00       		.byte	0
 557 009c 0B       		.uleb128 0xb
 558 009d 1D       		.uleb128 0x1d
 559 009e 01       		.byte	0x1
 560 009f 31       		.uleb128 0x31
 561 00a0 13       		.uleb128 0x13
 562 00a1 11       		.uleb128 0x11
 563 00a2 01       		.uleb128 0x1
 564 00a3 12       		.uleb128 0x12
 565 00a4 06       		.uleb128 0x6
 566 00a5 58       		.uleb128 0x58
 567 00a6 0B       		.uleb128 0xb
 568 00a7 59       		.uleb128 0x59
 569 00a8 0B       		.uleb128 0xb
 570 00a9 01       		.uleb128 0x1
 571 00aa 13       		.uleb128 0x13
 572 00ab 00       		.byte	0
 573 00ac 00       		.byte	0
 574 00ad 0C       		.uleb128 0xc
 575 00ae 1D       		.uleb128 0x1d
 576 00af 00       		.byte	0
 577 00b0 31       		.uleb128 0x31
 578 00b1 13       		.uleb128 0x13
 579 00b2 11       		.uleb128 0x11
 580 00b3 01       		.uleb128 0x1
 581 00b4 12       		.uleb128 0x12
 582 00b5 06       		.uleb128 0x6
 583 00b6 58       		.uleb128 0x58
 584 00b7 0B       		.uleb128 0xb
 585 00b8 59       		.uleb128 0x59
 586 00b9 05       		.uleb128 0x5
 587 00ba 00       		.byte	0
 588 00bb 00       		.byte	0
 589 00bc 0D       		.uleb128 0xd
 590 00bd 1D       		.uleb128 0x1d
 591 00be 00       		.byte	0
 592 00bf 31       		.uleb128 0x31
 593 00c0 13       		.uleb128 0x13
 594 00c1 11       		.uleb128 0x11
 595 00c2 01       		.uleb128 0x1
 596 00c3 12       		.uleb128 0x12
ARM GAS  C:\Users\DABBIR~1\AppData\Local\Temp\cc7G0JGO.s 			page 21


 597 00c4 06       		.uleb128 0x6
 598 00c5 58       		.uleb128 0x58
 599 00c6 0B       		.uleb128 0xb
 600 00c7 59       		.uleb128 0x59
 601 00c8 0B       		.uleb128 0xb
 602 00c9 00       		.byte	0
 603 00ca 00       		.byte	0
 604 00cb 0E       		.uleb128 0xe
 605 00cc 898201   		.uleb128 0x4109
 606 00cf 01       		.byte	0x1
 607 00d0 11       		.uleb128 0x11
 608 00d1 01       		.uleb128 0x1
 609 00d2 31       		.uleb128 0x31
 610 00d3 13       		.uleb128 0x13
 611 00d4 01       		.uleb128 0x1
 612 00d5 13       		.uleb128 0x13
 613 00d6 00       		.byte	0
 614 00d7 00       		.byte	0
 615 00d8 0F       		.uleb128 0xf
 616 00d9 8A8201   		.uleb128 0x410a
 617 00dc 00       		.byte	0
 618 00dd 02       		.uleb128 0x2
 619 00de 18       		.uleb128 0x18
 620 00df 9142     		.uleb128 0x2111
 621 00e1 18       		.uleb128 0x18
 622 00e2 00       		.byte	0
 623 00e3 00       		.byte	0
 624 00e4 10       		.uleb128 0x10
 625 00e5 898201   		.uleb128 0x4109
 626 00e8 01       		.byte	0x1
 627 00e9 11       		.uleb128 0x11
 628 00ea 01       		.uleb128 0x1
 629 00eb 31       		.uleb128 0x31
 630 00ec 13       		.uleb128 0x13
 631 00ed 00       		.byte	0
 632 00ee 00       		.byte	0
 633 00ef 11       		.uleb128 0x11
 634 00f0 34       		.uleb128 0x34
 635 00f1 00       		.byte	0
 636 00f2 03       		.uleb128 0x3
 637 00f3 0E       		.uleb128 0xe
 638 00f4 3A       		.uleb128 0x3a
 639 00f5 0B       		.uleb128 0xb
 640 00f6 3B       		.uleb128 0x3b
 641 00f7 0B       		.uleb128 0xb
 642 00f8 49       		.uleb128 0x49
 643 00f9 13       		.uleb128 0x13
 644 00fa 3F       		.uleb128 0x3f
 645 00fb 19       		.uleb128 0x19
 646 00fc 3C       		.uleb128 0x3c
 647 00fd 19       		.uleb128 0x19
 648 00fe 00       		.byte	0
 649 00ff 00       		.byte	0
 650 0100 12       		.uleb128 0x12
 651 0101 01       		.uleb128 0x1
 652 0102 01       		.byte	0x1
 653 0103 49       		.uleb128 0x49
ARM GAS  C:\Users\DABBIR~1\AppData\Local\Temp\cc7G0JGO.s 			page 22


 654 0104 13       		.uleb128 0x13
 655 0105 01       		.uleb128 0x1
 656 0106 13       		.uleb128 0x13
 657 0107 00       		.byte	0
 658 0108 00       		.byte	0
 659 0109 13       		.uleb128 0x13
 660 010a 21       		.uleb128 0x21
 661 010b 00       		.byte	0
 662 010c 49       		.uleb128 0x49
 663 010d 13       		.uleb128 0x13
 664 010e 2F       		.uleb128 0x2f
 665 010f 0B       		.uleb128 0xb
 666 0110 00       		.byte	0
 667 0111 00       		.byte	0
 668 0112 14       		.uleb128 0x14
 669 0113 26       		.uleb128 0x26
 670 0114 00       		.byte	0
 671 0115 49       		.uleb128 0x49
 672 0116 13       		.uleb128 0x13
 673 0117 00       		.byte	0
 674 0118 00       		.byte	0
 675 0119 15       		.uleb128 0x15
 676 011a 34       		.uleb128 0x34
 677 011b 00       		.byte	0
 678 011c 03       		.uleb128 0x3
 679 011d 0E       		.uleb128 0xe
 680 011e 3A       		.uleb128 0x3a
 681 011f 0B       		.uleb128 0xb
 682 0120 3B       		.uleb128 0x3b
 683 0121 05       		.uleb128 0x5
 684 0122 49       		.uleb128 0x49
 685 0123 13       		.uleb128 0x13
 686 0124 3F       		.uleb128 0x3f
 687 0125 19       		.uleb128 0x19
 688 0126 3C       		.uleb128 0x3c
 689 0127 19       		.uleb128 0x19
 690 0128 00       		.byte	0
 691 0129 00       		.byte	0
 692 012a 16       		.uleb128 0x16
 693 012b 2E       		.uleb128 0x2e
 694 012c 00       		.byte	0
 695 012d 3F       		.uleb128 0x3f
 696 012e 19       		.uleb128 0x19
 697 012f 3C       		.uleb128 0x3c
 698 0130 19       		.uleb128 0x19
 699 0131 6E       		.uleb128 0x6e
 700 0132 0E       		.uleb128 0xe
 701 0133 03       		.uleb128 0x3
 702 0134 0E       		.uleb128 0xe
 703 0135 3A       		.uleb128 0x3a
 704 0136 0B       		.uleb128 0xb
 705 0137 3B       		.uleb128 0x3b
 706 0138 05       		.uleb128 0x5
 707 0139 00       		.byte	0
 708 013a 00       		.byte	0
 709 013b 17       		.uleb128 0x17
 710 013c 2E       		.uleb128 0x2e
ARM GAS  C:\Users\DABBIR~1\AppData\Local\Temp\cc7G0JGO.s 			page 23


 711 013d 00       		.byte	0
 712 013e 3F       		.uleb128 0x3f
 713 013f 19       		.uleb128 0x19
 714 0140 3C       		.uleb128 0x3c
 715 0141 19       		.uleb128 0x19
 716 0142 6E       		.uleb128 0x6e
 717 0143 0E       		.uleb128 0xe
 718 0144 03       		.uleb128 0x3
 719 0145 0E       		.uleb128 0xe
 720 0146 3A       		.uleb128 0x3a
 721 0147 0B       		.uleb128 0xb
 722 0148 3B       		.uleb128 0x3b
 723 0149 0B       		.uleb128 0xb
 724 014a 00       		.byte	0
 725 014b 00       		.byte	0
 726 014c 00       		.byte	0
 727              		.section	.debug_aranges,"",%progbits
 728 0000 1C000000 		.4byte	0x1c
 729 0004 0200     		.2byte	0x2
 730 0006 00000000 		.4byte	.Ldebug_info0
 731 000a 04       		.byte	0x4
 732 000b 00       		.byte	0
 733 000c 0000     		.2byte	0
 734 000e 0000     		.2byte	0
 735 0010 00000000 		.4byte	.LFB60
 736 0014 18000000 		.4byte	.LFE60-.LFB60
 737 0018 00000000 		.4byte	0
 738 001c 00000000 		.4byte	0
 739              		.section	.debug_ranges,"",%progbits
 740              	.Ldebug_ranges0:
 741 0000 00000000 		.4byte	.LFB60
 742 0004 18000000 		.4byte	.LFE60
 743 0008 00000000 		.4byte	0
 744 000c 00000000 		.4byte	0
 745              		.section	.debug_line,"",%progbits
 746              	.Ldebug_line0:
 747 0000 7F010000 		.section	.debug_str,"MS",%progbits,1
 747      02005601 
 747      00000201 
 747      FB0E0D00 
 747      01010101 
 748              	.LASF31:
 749 0000 45455F72 		.ascii	"EE_rq_bitmask\000"
 749      715F6269 
 749      746D6173 
 749      6B00
 750              	.LASF14:
 751 000e 45455F55 		.ascii	"EE_UREG\000"
 751      52454700 
 752              	.LASF32:
 753 0016 45455F74 		.ascii	"EE_th_event_active\000"
 753      685F6576 
 753      656E745F 
 753      61637469 
 753      766500
 754              	.LASF33:
 755 0029 45455F74 		.ascii	"EE_th_waswaiting\000"
ARM GAS  C:\Users\DABBIR~1\AppData\Local\Temp\cc7G0JGO.s 			page 24


 755      685F7761 
 755      73776169 
 755      74696E67 
 755      00
 756              	.LASF2:
 757 003a 73686F72 		.ascii	"short int\000"
 757      7420696E 
 757      7400
 758              	.LASF23:
 759 0044 73697A65 		.ascii	"sizetype\000"
 759      74797065 
 759      00
 760              	.LASF15:
 761 004d 45455F46 		.ascii	"EE_FREG\000"
 761      52454700 
 762              	.LASF6:
 763 0055 6C6F6E67 		.ascii	"long long int\000"
 763      206C6F6E 
 763      6720696E 
 763      7400
 764              	.LASF13:
 765 0063 45455F55 		.ascii	"EE_UINT32\000"
 765      494E5433 
 765      3200
 766              	.LASF24:
 767 006d 45455F74 		.ascii	"EE_th_ready_prio\000"
 767      685F7265 
 767      6164795F 
 767      7072696F 
 767      00
 768              	.LASF17:
 769 007e 45455F54 		.ascii	"EE_TID\000"
 769      494400
 770              	.LASF21:
 771 0085 45455F49 		.ascii	"EE_IRQ_nesting_level\000"
 771      52515F6E 
 771      65737469 
 771      6E675F6C 
 771      6576656C 
 772              	.LASF22:
 773 009a 45455F73 		.ascii	"EE_std_endcycle_next_tid\000"
 773      74645F65 
 773      6E646379 
 773      636C655F 
 773      6E657874 
 774              	.LASF45:
 775 00b3 45455F74 		.ascii	"EE_thread_not_terminated\000"
 775      68726561 
 775      645F6E6F 
 775      745F7465 
 775      726D696E 
 776              	.LASF42:
 777 00cc 47656E65 		.ascii	"Generated_Source\\PSoC5\\ErikaOS_1_ee_tnterm.c\000"
 777      72617465 
 777      645F536F 
 777      75726365 
 777      5C50536F 
ARM GAS  C:\Users\DABBIR~1\AppData\Local\Temp\cc7G0JGO.s 			page 25


 778              	.LASF10:
 779 00f9 45455F49 		.ascii	"EE_INT8\000"
 779      4E543800 
 780              	.LASF18:
 781 0101 45455F54 		.ascii	"EE_TYPE_RQ_MASK\000"
 781      5950455F 
 781      52515F4D 
 781      41534B00 
 782              	.LASF43:
 783 0111 433A5C4D 		.ascii	"C:\\My_Files\\College_Documents\\AMA EOS\\EOS\\LAB\\"
 783      795F4669 
 783      6C65735C 
 783      436F6C6C 
 783      6567655F 
 784 013f 4C41425F 		.ascii	"LAB_2_Submission\\Json Parser\\code\\w06_criticalRe"
 784      325F5375 
 784      626D6973 
 784      73696F6E 
 784      5C4A736F 
 785 016f 67696F6E 		.ascii	"gion.cydsn\\Lab2_JSONParser01.cydsn\000"
 785      2E637964 
 785      736E5C4C 
 785      6162325F 
 785      4A534F4E 
 786              	.LASF4:
 787 0192 6C6F6E67 		.ascii	"long int\000"
 787      20696E74 
 787      00
 788              	.LASF35:
 789 019b 45455F6F 		.ascii	"EE_oo_IRQ_suspend_status\000"
 789      6F5F4952 
 789      515F7375 
 789      7370656E 
 789      645F7374 
 790              	.LASF38:
 791 01b4 45455F69 		.ascii	"EE_isr2_index\000"
 791      7372325F 
 791      696E6465 
 791      7800
 792              	.LASF40:
 793 01c2 45455F68 		.ascii	"EE_hal_terminate_task\000"
 793      616C5F74 
 793      65726D69 
 793      6E617465 
 793      5F746173 
 794              	.LASF30:
 795 01d8 45455F73 		.ascii	"EE_sys_ceiling\000"
 795      79735F63 
 795      65696C69 
 795      6E6700
 796              	.LASF9:
 797 01e7 6C6F6E67 		.ascii	"long double\000"
 797      20646F75 
 797      626C6500 
 798              	.LASF1:
 799 01f3 756E7369 		.ascii	"unsigned char\000"
 799      676E6564 
ARM GAS  C:\Users\DABBIR~1\AppData\Local\Temp\cc7G0JGO.s 			page 26


 799      20636861 
 799      7200
 800              	.LASF19:
 801 0201 45455F63 		.ascii	"EE_cortex_mx_disableIRQ\000"
 801      6F727465 
 801      785F6D78 
 801      5F646973 
 801      61626C65 
 802              	.LASF0:
 803 0219 7369676E 		.ascii	"signed char\000"
 803      65642063 
 803      68617200 
 804              	.LASF7:
 805 0225 6C6F6E67 		.ascii	"long long unsigned int\000"
 805      206C6F6E 
 805      6720756E 
 805      7369676E 
 805      65642069 
 806              	.LASF44:
 807 023c 45455F73 		.ascii	"EE_stk_queryfirst\000"
 807      746B5F71 
 807      75657279 
 807      66697273 
 807      7400
 808              	.LASF8:
 809 024e 756E7369 		.ascii	"unsigned int\000"
 809      676E6564 
 809      20696E74 
 809      00
 810              	.LASF20:
 811 025b 45455F68 		.ascii	"EE_hal_disableIRQ\000"
 811      616C5F64 
 811      69736162 
 811      6C654952 
 811      5100
 812              	.LASF28:
 813 026d 45455F74 		.ascii	"EE_th_rnact\000"
 813      685F726E 
 813      61637400 
 814              	.LASF46:
 815 0279 63757272 		.ascii	"current\000"
 815      656E7400 
 816              	.LASF12:
 817 0281 45455F49 		.ascii	"EE_INT32\000"
 817      4E543332 
 817      00
 818              	.LASF39:
 819 028a 45455F6F 		.ascii	"EE_oo_release_all_resources\000"
 819      6F5F7265 
 819      6C656173 
 819      655F616C 
 819      6C5F7265 
 820              	.LASF3:
 821 02a6 73686F72 		.ascii	"short unsigned int\000"
 821      7420756E 
 821      7369676E 
 821      65642069 
ARM GAS  C:\Users\DABBIR~1\AppData\Local\Temp\cc7G0JGO.s 			page 27


 821      6E7400
 822              	.LASF11:
 823 02b9 45455F55 		.ascii	"EE_UINT16\000"
 823      494E5431 
 823      3600
 824              	.LASF36:
 825 02c3 45455F41 		.ascii	"EE_ApplicationMode\000"
 825      70706C69 
 825      63617469 
 825      6F6E4D6F 
 825      646500
 826              	.LASF5:
 827 02d6 6C6F6E67 		.ascii	"long unsigned int\000"
 827      20756E73 
 827      69676E65 
 827      6420696E 
 827      7400
 828              	.LASF16:
 829 02e8 45455F54 		.ascii	"EE_TYPEBOOL\000"
 829      59504542 
 829      4F4F4C00 
 830              	.LASF29:
 831 02f4 45455F73 		.ascii	"EE_stkfirst\000"
 831      746B6669 
 831      72737400 
 832              	.LASF37:
 833 0300 45455F72 		.ascii	"EE_rq_lookup\000"
 833      715F6C6F 
 833      6F6B7570 
 833      00
 834              	.LASF26:
 835 030d 45455F74 		.ascii	"EE_th_status\000"
 835      685F7374 
 835      61747573 
 835      00
 836              	.LASF25:
 837 031a 45455F74 		.ascii	"EE_th_dispatch_prio\000"
 837      685F6469 
 837      73706174 
 837      63685F70 
 837      72696F00 
 838              	.LASF27:
 839 032e 45455F74 		.ascii	"EE_th_next\000"
 839      685F6E65 
 839      787400
 840              	.LASF41:
 841 0339 474E5520 		.ascii	"GNU C11 5.4.1 20160609 (release) [ARM/embedded-5-br"
 841      43313120 
 841      352E342E 
 841      31203230 
 841      31363036 
 842 036c 616E6368 		.ascii	"anch revision 237715] -mcpu=cortex-m3 -mthumb -g -O"
 842      20726576 
 842      6973696F 
 842      6E203233 
 842      37373135 
 843 039f 67202D66 		.ascii	"g -ffunction-sections -ffat-lto-objects\000"
ARM GAS  C:\Users\DABBIR~1\AppData\Local\Temp\cc7G0JGO.s 			page 28


 843      66756E63 
 843      74696F6E 
 843      2D736563 
 843      74696F6E 
 844              	.LASF34:
 845 03c7 45455F6F 		.ascii	"EE_oo_IRQ_disable_count\000"
 845      6F5F4952 
 845      515F6469 
 845      7361626C 
 845      655F636F 
 846              		.ident	"GCC: (GNU Tools for ARM Embedded Processors) 5.4.1 20160609 (release) [ARM/embedded-5-bran
