ARM GAS  C:\Users\DABBIR~1\AppData\Local\Temp\ccW7E5AN.s 			page 1


   1              		.syntax unified
   2              		.cpu cortex-m3
   3              		.fpu softvfp
   4              		.eabi_attribute 20, 1
   5              		.eabi_attribute 21, 1
   6              		.eabi_attribute 23, 3
   7              		.eabi_attribute 24, 1
   8              		.eabi_attribute 25, 1
   9              		.eabi_attribute 26, 1
  10              		.eabi_attribute 30, 1
  11              		.eabi_attribute 34, 1
  12              		.eabi_attribute 18, 4
  13              		.thumb
  14              		.syntax unified
  15              		.file	"ErikaOS_1_ee_rq_first.c"
  16              		.text
  17              	.Ltext0:
  18              		.cfi_sections	.debug_frame
  19              		.section	.text.EE_rq_queryfirst,"ax",%progbits
  20              		.align	2
  21              		.global	EE_rq_queryfirst
  22              		.thumb
  23              		.thumb_func
  24              		.type	EE_rq_queryfirst, %function
  25              	EE_rq_queryfirst:
  26              	.LFB60:
  27              		.file 1 "Generated_Source\\PSoC5\\ErikaOS_1_ee_rq_first.c"
   1:Generated_Source\PSoC5/ErikaOS_1_ee_rq_first.c **** /* ###*B*###
   2:Generated_Source\PSoC5/ErikaOS_1_ee_rq_first.c ****  * ERIKA Enterprise - a tiny RTOS for small microcontrollers
   3:Generated_Source\PSoC5/ErikaOS_1_ee_rq_first.c ****  *
   4:Generated_Source\PSoC5/ErikaOS_1_ee_rq_first.c ****  * Copyright (C) 2002-2008  Evidence Srl
   5:Generated_Source\PSoC5/ErikaOS_1_ee_rq_first.c ****  *
   6:Generated_Source\PSoC5/ErikaOS_1_ee_rq_first.c ****  * This file is part of ERIKA Enterprise.
   7:Generated_Source\PSoC5/ErikaOS_1_ee_rq_first.c ****  *
   8:Generated_Source\PSoC5/ErikaOS_1_ee_rq_first.c ****  * ERIKA Enterprise is free software; you can redistribute it
   9:Generated_Source\PSoC5/ErikaOS_1_ee_rq_first.c ****  * and/or modify it under the terms of the GNU General Public License
  10:Generated_Source\PSoC5/ErikaOS_1_ee_rq_first.c ****  * version 2 as published by the Free Software Foundation, 
  11:Generated_Source\PSoC5/ErikaOS_1_ee_rq_first.c ****  * (with a special exception described below).
  12:Generated_Source\PSoC5/ErikaOS_1_ee_rq_first.c ****  *
  13:Generated_Source\PSoC5/ErikaOS_1_ee_rq_first.c ****  * Linking this code statically or dynamically with other modules is
  14:Generated_Source\PSoC5/ErikaOS_1_ee_rq_first.c ****  * making a combined work based on this code.  Thus, the terms and
  15:Generated_Source\PSoC5/ErikaOS_1_ee_rq_first.c ****  * conditions of the GNU General Public License cover the whole
  16:Generated_Source\PSoC5/ErikaOS_1_ee_rq_first.c ****  * combination.
  17:Generated_Source\PSoC5/ErikaOS_1_ee_rq_first.c ****  *
  18:Generated_Source\PSoC5/ErikaOS_1_ee_rq_first.c ****  * As a special exception, the copyright holders of this library give you
  19:Generated_Source\PSoC5/ErikaOS_1_ee_rq_first.c ****  * permission to link this code with independent modules to produce an
  20:Generated_Source\PSoC5/ErikaOS_1_ee_rq_first.c ****  * executable, regardless of the license terms of these independent
  21:Generated_Source\PSoC5/ErikaOS_1_ee_rq_first.c ****  * modules, and to copy and distribute the resulting executable under
  22:Generated_Source\PSoC5/ErikaOS_1_ee_rq_first.c ****  * terms of your choice, provided that you also meet, for each linked
  23:Generated_Source\PSoC5/ErikaOS_1_ee_rq_first.c ****  * independent module, the terms and conditions of the license of that
  24:Generated_Source\PSoC5/ErikaOS_1_ee_rq_first.c ****  * module.  An independent module is a module which is not derived from
  25:Generated_Source\PSoC5/ErikaOS_1_ee_rq_first.c ****  * or based on this library.  If you modify this code, you may extend
  26:Generated_Source\PSoC5/ErikaOS_1_ee_rq_first.c ****  * this exception to your version of the code, but you are not
  27:Generated_Source\PSoC5/ErikaOS_1_ee_rq_first.c ****  * obligated to do so.  If you do not wish to do so, delete this
  28:Generated_Source\PSoC5/ErikaOS_1_ee_rq_first.c ****  * exception statement from your version.
  29:Generated_Source\PSoC5/ErikaOS_1_ee_rq_first.c ****  *
  30:Generated_Source\PSoC5/ErikaOS_1_ee_rq_first.c ****  * ERIKA Enterprise is distributed in the hope that it will be
ARM GAS  C:\Users\DABBIR~1\AppData\Local\Temp\ccW7E5AN.s 			page 2


  31:Generated_Source\PSoC5/ErikaOS_1_ee_rq_first.c ****  * useful, but WITHOUT ANY WARRANTY; without even the implied warranty
  32:Generated_Source\PSoC5/ErikaOS_1_ee_rq_first.c ****  * of MERCHANTABILITY or FITNESS FOR A PARTICULAR PURPOSE.  See the
  33:Generated_Source\PSoC5/ErikaOS_1_ee_rq_first.c ****  * GNU General Public License version 2 for more details.
  34:Generated_Source\PSoC5/ErikaOS_1_ee_rq_first.c ****  *
  35:Generated_Source\PSoC5/ErikaOS_1_ee_rq_first.c ****  * You should have received a copy of the GNU General Public License
  36:Generated_Source\PSoC5/ErikaOS_1_ee_rq_first.c ****  * version 2 along with ERIKA Enterprise; if not, write to the
  37:Generated_Source\PSoC5/ErikaOS_1_ee_rq_first.c ****  * Free Software Foundation, Inc., 51 Franklin Street, Fifth Floor,
  38:Generated_Source\PSoC5/ErikaOS_1_ee_rq_first.c ****  * Boston, MA 02110-1301 USA.
  39:Generated_Source\PSoC5/ErikaOS_1_ee_rq_first.c ****  * ###*E*### */
  40:Generated_Source\PSoC5/ErikaOS_1_ee_rq_first.c **** 
  41:Generated_Source\PSoC5/ErikaOS_1_ee_rq_first.c **** /*
  42:Generated_Source\PSoC5/ErikaOS_1_ee_rq_first.c ****  * Author: 2002-2004 Paolo Gai
  43:Generated_Source\PSoC5/ErikaOS_1_ee_rq_first.c ****  * CVS: $Id: ee_rq_first.c,v 1.1 2005/07/16 12:23:42 pj Exp $
  44:Generated_Source\PSoC5/ErikaOS_1_ee_rq_first.c ****  */
  45:Generated_Source\PSoC5/ErikaOS_1_ee_rq_first.c **** 
  46:Generated_Source\PSoC5/ErikaOS_1_ee_rq_first.c **** /*
  47:Generated_Source\PSoC5/ErikaOS_1_ee_rq_first.c ****  * PSoC Port and API Generation
  48:Generated_Source\PSoC5/ErikaOS_1_ee_rq_first.c ****  * Carlos Fernando Meier Martinez
  49:Generated_Source\PSoC5/ErikaOS_1_ee_rq_first.c ****  * Hochschule Darmstadt, Germany. 2017.
  50:Generated_Source\PSoC5/ErikaOS_1_ee_rq_first.c ****  */
  51:Generated_Source\PSoC5/ErikaOS_1_ee_rq_first.c **** 
  52:Generated_Source\PSoC5/ErikaOS_1_ee_rq_first.c **** #include "ErikaOS_1_ee_internal.inc"
  53:Generated_Source\PSoC5/ErikaOS_1_ee_rq_first.c **** 
  54:Generated_Source\PSoC5/ErikaOS_1_ee_rq_first.c **** #ifndef __PRIVATE_RQ2STK_EXCHANGE__
  55:Generated_Source\PSoC5/ErikaOS_1_ee_rq_first.c **** 
  56:Generated_Source\PSoC5/ErikaOS_1_ee_rq_first.c **** #if defined(__OO_BCC2__) || defined(__OO_ECC2__)
  57:Generated_Source\PSoC5/ErikaOS_1_ee_rq_first.c **** EE_TID EE_rq_queryfirst(void)
  58:Generated_Source\PSoC5/ErikaOS_1_ee_rq_first.c **** {
  28              		.loc 1 58 0
  29              		.cfi_startproc
  30              		@ args = 0, pretend = 0, frame = 0
  31              		@ frame_needed = 0, uses_anonymous_args = 0
  32              		@ link register save eliminated.
  59:Generated_Source\PSoC5/ErikaOS_1_ee_rq_first.c ****   EE_INT8 x;
  60:Generated_Source\PSoC5/ErikaOS_1_ee_rq_first.c **** 
  61:Generated_Source\PSoC5/ErikaOS_1_ee_rq_first.c **** #if defined(__OO_ECC2__)
  62:Generated_Source\PSoC5/ErikaOS_1_ee_rq_first.c ****   /* lookup at bits 15-9 */
  63:Generated_Source\PSoC5/ErikaOS_1_ee_rq_first.c ****   x = EE_rq_lookup[(EE_rq_bitmask & 0xFF00U) >> 8];
  33              		.loc 1 63 0
  34 0000 0C4B     		ldr	r3, .L6
  35 0002 1A88     		ldrh	r2, [r3]
  36 0004 130A     		lsrs	r3, r2, #8
  37 0006 0C49     		ldr	r1, .L6+4
  38 0008 CB56     		ldrsb	r3, [r1, r3]
  39              	.LVL0:
  64:Generated_Source\PSoC5/ErikaOS_1_ee_rq_first.c ****   if (x == (EE_INT8)-1) {
  40              		.loc 1 64 0
  41 000a B3F1FF3F 		cmp	r3, #-1
  42 000e 01D1     		bne	.L2
  65:Generated_Source\PSoC5/ErikaOS_1_ee_rq_first.c ****     x = EE_rq_lookup[EE_rq_bitmask];
  43              		.loc 1 65 0
  44 0010 8B56     		ldrsb	r3, [r1, r2]
  45              	.LVL1:
  46 0012 01E0     		b	.L3
  47              	.L2:
  66:Generated_Source\PSoC5/ErikaOS_1_ee_rq_first.c ****   } else {
  67:Generated_Source\PSoC5/ErikaOS_1_ee_rq_first.c ****     x += (EE_INT8)8;
ARM GAS  C:\Users\DABBIR~1\AppData\Local\Temp\ccW7E5AN.s 			page 3


  48              		.loc 1 67 0
  49 0014 0833     		adds	r3, r3, #8
  50              	.LVL2:
  51 0016 5BB2     		sxtb	r3, r3
  52              	.LVL3:
  53              	.L3:
  68:Generated_Source\PSoC5/ErikaOS_1_ee_rq_first.c ****   }
  69:Generated_Source\PSoC5/ErikaOS_1_ee_rq_first.c **** #else
  70:Generated_Source\PSoC5/ErikaOS_1_ee_rq_first.c ****   x = EE_rq_lookup[EE_rq_bitmask];
  71:Generated_Source\PSoC5/ErikaOS_1_ee_rq_first.c **** #endif
  72:Generated_Source\PSoC5/ErikaOS_1_ee_rq_first.c **** 
  73:Generated_Source\PSoC5/ErikaOS_1_ee_rq_first.c ****   /* now x contains the highest priority non-empty queue number */
  74:Generated_Source\PSoC5/ErikaOS_1_ee_rq_first.c ****   if (x == (EE_INT8)-1) {
  54              		.loc 1 74 0
  55 0018 B3F1FF3F 		cmp	r3, #-1
  56 001c 06D0     		beq	.L5
  75:Generated_Source\PSoC5/ErikaOS_1_ee_rq_first.c ****     return EE_NIL;
  76:Generated_Source\PSoC5/ErikaOS_1_ee_rq_first.c ****   } else {
  77:Generated_Source\PSoC5/ErikaOS_1_ee_rq_first.c ****     return EE_rq_pairs_tid[EE_rq_queues_head[x]];
  57              		.loc 1 77 0
  58 001e 074A     		ldr	r2, .L6+8
  59 0020 52F82320 		ldr	r2, [r2, r3, lsl #2]
  60 0024 064B     		ldr	r3, .L6+12
  61              	.LVL4:
  62 0026 53F82200 		ldr	r0, [r3, r2, lsl #2]
  63 002a 7047     		bx	lr
  64              	.LVL5:
  65              	.L5:
  75:Generated_Source\PSoC5/ErikaOS_1_ee_rq_first.c ****     return EE_NIL;
  66              		.loc 1 75 0
  67 002c 4FF0FF30 		mov	r0, #-1
  78:Generated_Source\PSoC5/ErikaOS_1_ee_rq_first.c ****   }
  79:Generated_Source\PSoC5/ErikaOS_1_ee_rq_first.c **** }
  68              		.loc 1 79 0
  69 0030 7047     		bx	lr
  70              	.L7:
  71 0032 00BF     		.align	2
  72              	.L6:
  73 0034 00000000 		.word	EE_rq_bitmask
  74 0038 00000000 		.word	EE_rq_lookup
  75 003c 00000000 		.word	EE_rq_queues_head
  76 0040 00000000 		.word	EE_rq_pairs_tid
  77              		.cfi_endproc
  78              	.LFE60:
  79              		.size	EE_rq_queryfirst, .-EE_rq_queryfirst
  80              		.text
  81              	.Letext0:
  82              		.file 2 "Generated_Source\\PSoC5\\ErikaOS_1_common_ee_types.inc"
  83              		.file 3 "Generated_Source\\PSoC5\\ErikaOS_1_cortex_mx_ee_cpu.inc"
  84              		.file 4 "Generated_Source\\PSoC5\\ErikaOS_1_ee_oo_common.inc"
  85              		.file 5 "Generated_Source\\PSoC5\\ErikaOS_1_common_ee_primitives.inc"
  86              		.file 6 "Generated_Source\\PSoC5\\ErikaOS_1_cortex_mx_ee_context.inc"
  87              		.file 7 "Generated_Source\\PSoC5\\ErikaOS_1_ee_oo_intfunc.inc"
  88              		.file 8 "Generated_Source\\PSoC5\\ErikaOS_1_ee_oo_internal.inc"
  89              		.section	.debug_info,"",%progbits
  90              	.Ldebug_info0:
  91 0000 5D020000 		.4byte	0x25d
ARM GAS  C:\Users\DABBIR~1\AppData\Local\Temp\ccW7E5AN.s 			page 4


  92 0004 0400     		.2byte	0x4
  93 0006 00000000 		.4byte	.Ldebug_abbrev0
  94 000a 04       		.byte	0x4
  95 000b 01       		.uleb128 0x1
  96 000c E7020000 		.4byte	.LASF40
  97 0010 0C       		.byte	0xc
  98 0011 49020000 		.4byte	.LASF41
  99 0015 B6000000 		.4byte	.LASF42
 100 0019 00000000 		.4byte	.Ldebug_ranges0+0
 101 001d 00000000 		.4byte	0
 102 0021 00000000 		.4byte	.Ldebug_line0
 103 0025 02       		.uleb128 0x2
 104 0026 01       		.byte	0x1
 105 0027 06       		.byte	0x6
 106 0028 98010000 		.4byte	.LASF0
 107 002c 02       		.uleb128 0x2
 108 002d 01       		.byte	0x1
 109 002e 08       		.byte	0x8
 110 002f 82010000 		.4byte	.LASF1
 111 0033 02       		.uleb128 0x2
 112 0034 02       		.byte	0x2
 113 0035 05       		.byte	0x5
 114 0036 2C000000 		.4byte	.LASF2
 115 003a 02       		.uleb128 0x2
 116 003b 02       		.byte	0x2
 117 003c 07       		.byte	0x7
 118 003d F6010000 		.4byte	.LASF3
 119 0041 02       		.uleb128 0x2
 120 0042 04       		.byte	0x4
 121 0043 05       		.byte	0x5
 122 0044 37010000 		.4byte	.LASF4
 123 0048 02       		.uleb128 0x2
 124 0049 04       		.byte	0x4
 125 004a 07       		.byte	0x7
 126 004b 37020000 		.4byte	.LASF5
 127 004f 02       		.uleb128 0x2
 128 0050 08       		.byte	0x8
 129 0051 05       		.byte	0x5
 130 0052 90000000 		.4byte	.LASF6
 131 0056 02       		.uleb128 0x2
 132 0057 08       		.byte	0x8
 133 0058 07       		.byte	0x7
 134 0059 A4010000 		.4byte	.LASF7
 135 005d 03       		.uleb128 0x3
 136 005e 04       		.byte	0x4
 137 005f 05       		.byte	0x5
 138 0060 696E7400 		.ascii	"int\000"
 139 0064 02       		.uleb128 0x2
 140 0065 04       		.byte	0x4
 141 0066 07       		.byte	0x7
 142 0067 BB010000 		.4byte	.LASF8
 143 006b 02       		.uleb128 0x2
 144 006c 08       		.byte	0x8
 145 006d 04       		.byte	0x4
 146 006e 76010000 		.4byte	.LASF9
 147 0072 04       		.uleb128 0x4
 148 0073 9E000000 		.4byte	.LASF10
ARM GAS  C:\Users\DABBIR~1\AppData\Local\Temp\ccW7E5AN.s 			page 5


 149 0077 02       		.byte	0x2
 150 0078 3F       		.byte	0x3f
 151 0079 25000000 		.4byte	0x25
 152 007d 04       		.uleb128 0x4
 153 007e 09020000 		.4byte	.LASF11
 154 0082 02       		.byte	0x2
 155 0083 52       		.byte	0x52
 156 0084 3A000000 		.4byte	0x3a
 157 0088 04       		.uleb128 0x4
 158 0089 ED010000 		.4byte	.LASF12
 159 008d 02       		.byte	0x2
 160 008e 53       		.byte	0x53
 161 008f 5D000000 		.4byte	0x5d
 162 0093 04       		.uleb128 0x4
 163 0094 47000000 		.4byte	.LASF13
 164 0098 02       		.byte	0x2
 165 0099 54       		.byte	0x54
 166 009a 64000000 		.4byte	0x64
 167 009e 04       		.uleb128 0x4
 168 009f 00000000 		.4byte	.LASF14
 169 00a3 03       		.byte	0x3
 170 00a4 4D       		.byte	0x4d
 171 00a5 93000000 		.4byte	0x93
 172 00a9 04       		.uleb128 0x4
 173 00aa 90010000 		.4byte	.LASF15
 174 00ae 03       		.byte	0x3
 175 00af 4E       		.byte	0x4e
 176 00b0 88000000 		.4byte	0x88
 177 00b4 04       		.uleb128 0x4
 178 00b5 3F000000 		.4byte	.LASF16
 179 00b9 03       		.byte	0x3
 180 00ba 4F       		.byte	0x4f
 181 00bb 93000000 		.4byte	0x93
 182 00bf 04       		.uleb128 0x4
 183 00c0 78020000 		.4byte	.LASF17
 184 00c4 03       		.byte	0x3
 185 00c5 54       		.byte	0x54
 186 00c6 9E000000 		.4byte	0x9e
 187 00ca 04       		.uleb128 0x4
 188 00cb 74000000 		.4byte	.LASF18
 189 00cf 03       		.byte	0x3
 190 00d0 78       		.byte	0x78
 191 00d1 88000000 		.4byte	0x88
 192 00d5 05       		.uleb128 0x5
 193 00d6 A6000000 		.4byte	.LASF19
 194 00da 04       		.byte	0x4
 195 00db 1101     		.2byte	0x111
 196 00dd 7D000000 		.4byte	0x7d
 197 00e1 06       		.uleb128 0x6
 198 00e2 13020000 		.4byte	.LASF43
 199 00e6 01       		.byte	0x1
 200 00e7 39       		.byte	0x39
 201 00e8 CA000000 		.4byte	0xca
 202 00ec 00000000 		.4byte	.LFB60
 203 00f0 44000000 		.4byte	.LFE60-.LFB60
 204 00f4 01       		.uleb128 0x1
 205 00f5 9C       		.byte	0x9c
ARM GAS  C:\Users\DABBIR~1\AppData\Local\Temp\ccW7E5AN.s 			page 6


 206 00f6 08010000 		.4byte	0x108
 207 00fa 07       		.uleb128 0x7
 208 00fb 7800     		.ascii	"x\000"
 209 00fd 01       		.byte	0x1
 210 00fe 3B       		.byte	0x3b
 211 00ff 72000000 		.4byte	0x72
 212 0103 00000000 		.4byte	.LLST0
 213 0107 00       		.byte	0
 214 0108 08       		.uleb128 0x8
 215 0109 7B000000 		.4byte	.LASF20
 216 010d 05       		.byte	0x5
 217 010e 44       		.byte	0x44
 218 010f 9E000000 		.4byte	0x9e
 219 0113 08       		.uleb128 0x8
 220 0114 D4010000 		.4byte	.LASF21
 221 0118 06       		.byte	0x6
 222 0119 48       		.byte	0x48
 223 011a CA000000 		.4byte	0xca
 224 011e 09       		.uleb128 0x9
 225 011f 35010000 		.4byte	0x135
 226 0123 2E010000 		.4byte	0x12e
 227 0127 0A       		.uleb128 0xa
 228 0128 2E010000 		.4byte	0x12e
 229 012c 03       		.byte	0x3
 230 012d 00       		.byte	0
 231 012e 02       		.uleb128 0x2
 232 012f 04       		.byte	0x4
 233 0130 07       		.byte	0x7
 234 0131 36000000 		.4byte	.LASF22
 235 0135 0B       		.uleb128 0xb
 236 0136 9E000000 		.4byte	0x9e
 237 013a 08       		.uleb128 0x8
 238 013b 51000000 		.4byte	.LASF23
 239 013f 04       		.byte	0x4
 240 0140 B2       		.byte	0xb2
 241 0141 45010000 		.4byte	0x145
 242 0145 0B       		.uleb128 0xb
 243 0146 1E010000 		.4byte	0x11e
 244 014a 08       		.uleb128 0x8
 245 014b C8020000 		.4byte	.LASF24
 246 014f 04       		.byte	0x4
 247 0150 B3       		.byte	0xb3
 248 0151 55010000 		.4byte	0x155
 249 0155 0B       		.uleb128 0xb
 250 0156 1E010000 		.4byte	0x11e
 251 015a 09       		.uleb128 0x9
 252 015b 9E000000 		.4byte	0x9e
 253 015f 6A010000 		.4byte	0x16a
 254 0163 0A       		.uleb128 0xa
 255 0164 2E010000 		.4byte	0x12e
 256 0168 03       		.byte	0x3
 257 0169 00       		.byte	0
 258 016a 08       		.uleb128 0x8
 259 016b BB020000 		.4byte	.LASF25
 260 016f 04       		.byte	0x4
 261 0170 CA       		.byte	0xca
 262 0171 5A010000 		.4byte	0x15a
ARM GAS  C:\Users\DABBIR~1\AppData\Local\Temp\ccW7E5AN.s 			page 7


 263 0175 09       		.uleb128 0x9
 264 0176 CA000000 		.4byte	0xca
 265 017a 85010000 		.4byte	0x185
 266 017e 0A       		.uleb128 0xa
 267 017f 2E010000 		.4byte	0x12e
 268 0183 03       		.byte	0x3
 269 0184 00       		.byte	0
 270 0185 08       		.uleb128 0x8
 271 0186 DC020000 		.4byte	.LASF26
 272 018a 04       		.byte	0x4
 273 018b D2       		.byte	0xd2
 274 018c 75010000 		.4byte	0x175
 275 0190 08       		.uleb128 0x8
 276 0191 C8010000 		.4byte	.LASF27
 277 0195 04       		.byte	0x4
 278 0196 DA       		.byte	0xda
 279 0197 5A010000 		.4byte	0x15a
 280 019b 08       		.uleb128 0x8
 281 019c 84020000 		.4byte	.LASF28
 282 01a0 04       		.byte	0x4
 283 01a1 E2       		.byte	0xe2
 284 01a2 CA000000 		.4byte	0xca
 285 01a6 08       		.uleb128 0x8
 286 01a7 67010000 		.4byte	.LASF29
 287 01ab 04       		.byte	0x4
 288 01ac F7       		.byte	0xf7
 289 01ad 9E000000 		.4byte	0x9e
 290 01b1 09       		.uleb128 0x9
 291 01b2 A9000000 		.4byte	0xa9
 292 01b6 C1010000 		.4byte	0x1c1
 293 01ba 0A       		.uleb128 0xa
 294 01bb 2E010000 		.4byte	0x12e
 295 01bf 0F       		.byte	0xf
 296 01c0 00       		.byte	0
 297 01c1 0C       		.uleb128 0xc
 298 01c2 62000000 		.4byte	.LASF30
 299 01c6 04       		.byte	0x4
 300 01c7 2501     		.2byte	0x125
 301 01c9 B1010000 		.4byte	0x1b1
 302 01cd 0C       		.uleb128 0xc
 303 01ce 90020000 		.4byte	.LASF31
 304 01d2 04       		.byte	0x4
 305 01d3 3C01     		.2byte	0x13c
 306 01d5 75010000 		.4byte	0x175
 307 01d9 0C       		.uleb128 0xc
 308 01da A0020000 		.4byte	.LASF32
 309 01de 04       		.byte	0x4
 310 01df 3F01     		.2byte	0x13f
 311 01e1 D5000000 		.4byte	0xd5
 312 01e5 0C       		.uleb128 0xc
 313 01e6 08000000 		.4byte	.LASF33
 314 01ea 04       		.byte	0x4
 315 01eb 5C01     		.2byte	0x15c
 316 01ed 5A010000 		.4byte	0x15a
 317 01f1 09       		.uleb128 0x9
 318 01f2 BF000000 		.4byte	0xbf
 319 01f6 01020000 		.4byte	0x201
ARM GAS  C:\Users\DABBIR~1\AppData\Local\Temp\ccW7E5AN.s 			page 8


 320 01fa 0A       		.uleb128 0xa
 321 01fb 2E010000 		.4byte	0x12e
 322 01ff 03       		.byte	0x3
 323 0200 00       		.byte	0
 324 0201 0C       		.uleb128 0xc
 325 0202 1B000000 		.4byte	.LASF34
 326 0206 04       		.byte	0x4
 327 0207 6701     		.2byte	0x167
 328 0209 F1010000 		.4byte	0x1f1
 329 020d 08       		.uleb128 0x8
 330 020e 75030000 		.4byte	.LASF35
 331 0212 07       		.byte	0x7
 332 0213 40       		.byte	0x40
 333 0214 9E000000 		.4byte	0x9e
 334 0218 08       		.uleb128 0x8
 335 0219 40010000 		.4byte	.LASF36
 336 021d 07       		.byte	0x7
 337 021e 47       		.byte	0x47
 338 021f B4000000 		.4byte	0xb4
 339 0223 08       		.uleb128 0x8
 340 0224 24020000 		.4byte	.LASF37
 341 0228 07       		.byte	0x7
 342 0229 4A       		.byte	0x4a
 343 022a 9E000000 		.4byte	0x9e
 344 022e 09       		.uleb128 0x9
 345 022f 3E020000 		.4byte	0x23e
 346 0233 3E020000 		.4byte	0x23e
 347 0237 0A       		.uleb128 0xa
 348 0238 2E010000 		.4byte	0x12e
 349 023c FF       		.byte	0xff
 350 023d 00       		.byte	0
 351 023e 0B       		.uleb128 0xb
 352 023f 72000000 		.4byte	0x72
 353 0243 0C       		.uleb128 0xc
 354 0244 AE020000 		.4byte	.LASF38
 355 0248 08       		.byte	0x8
 356 0249 AB01     		.2byte	0x1ab
 357 024b 4F020000 		.4byte	0x24f
 358 024f 0B       		.uleb128 0xb
 359 0250 2E020000 		.4byte	0x22e
 360 0254 0C       		.uleb128 0xc
 361 0255 59010000 		.4byte	.LASF39
 362 0259 08       		.byte	0x8
 363 025a 1602     		.2byte	0x216
 364 025c 9E000000 		.4byte	0x9e
 365 0260 00       		.byte	0
 366              		.section	.debug_abbrev,"",%progbits
 367              	.Ldebug_abbrev0:
 368 0000 01       		.uleb128 0x1
 369 0001 11       		.uleb128 0x11
 370 0002 01       		.byte	0x1
 371 0003 25       		.uleb128 0x25
 372 0004 0E       		.uleb128 0xe
 373 0005 13       		.uleb128 0x13
 374 0006 0B       		.uleb128 0xb
 375 0007 03       		.uleb128 0x3
 376 0008 0E       		.uleb128 0xe
ARM GAS  C:\Users\DABBIR~1\AppData\Local\Temp\ccW7E5AN.s 			page 9


 377 0009 1B       		.uleb128 0x1b
 378 000a 0E       		.uleb128 0xe
 379 000b 55       		.uleb128 0x55
 380 000c 17       		.uleb128 0x17
 381 000d 11       		.uleb128 0x11
 382 000e 01       		.uleb128 0x1
 383 000f 10       		.uleb128 0x10
 384 0010 17       		.uleb128 0x17
 385 0011 00       		.byte	0
 386 0012 00       		.byte	0
 387 0013 02       		.uleb128 0x2
 388 0014 24       		.uleb128 0x24
 389 0015 00       		.byte	0
 390 0016 0B       		.uleb128 0xb
 391 0017 0B       		.uleb128 0xb
 392 0018 3E       		.uleb128 0x3e
 393 0019 0B       		.uleb128 0xb
 394 001a 03       		.uleb128 0x3
 395 001b 0E       		.uleb128 0xe
 396 001c 00       		.byte	0
 397 001d 00       		.byte	0
 398 001e 03       		.uleb128 0x3
 399 001f 24       		.uleb128 0x24
 400 0020 00       		.byte	0
 401 0021 0B       		.uleb128 0xb
 402 0022 0B       		.uleb128 0xb
 403 0023 3E       		.uleb128 0x3e
 404 0024 0B       		.uleb128 0xb
 405 0025 03       		.uleb128 0x3
 406 0026 08       		.uleb128 0x8
 407 0027 00       		.byte	0
 408 0028 00       		.byte	0
 409 0029 04       		.uleb128 0x4
 410 002a 16       		.uleb128 0x16
 411 002b 00       		.byte	0
 412 002c 03       		.uleb128 0x3
 413 002d 0E       		.uleb128 0xe
 414 002e 3A       		.uleb128 0x3a
 415 002f 0B       		.uleb128 0xb
 416 0030 3B       		.uleb128 0x3b
 417 0031 0B       		.uleb128 0xb
 418 0032 49       		.uleb128 0x49
 419 0033 13       		.uleb128 0x13
 420 0034 00       		.byte	0
 421 0035 00       		.byte	0
 422 0036 05       		.uleb128 0x5
 423 0037 16       		.uleb128 0x16
 424 0038 00       		.byte	0
 425 0039 03       		.uleb128 0x3
 426 003a 0E       		.uleb128 0xe
 427 003b 3A       		.uleb128 0x3a
 428 003c 0B       		.uleb128 0xb
 429 003d 3B       		.uleb128 0x3b
 430 003e 05       		.uleb128 0x5
 431 003f 49       		.uleb128 0x49
 432 0040 13       		.uleb128 0x13
 433 0041 00       		.byte	0
ARM GAS  C:\Users\DABBIR~1\AppData\Local\Temp\ccW7E5AN.s 			page 10


 434 0042 00       		.byte	0
 435 0043 06       		.uleb128 0x6
 436 0044 2E       		.uleb128 0x2e
 437 0045 01       		.byte	0x1
 438 0046 3F       		.uleb128 0x3f
 439 0047 19       		.uleb128 0x19
 440 0048 03       		.uleb128 0x3
 441 0049 0E       		.uleb128 0xe
 442 004a 3A       		.uleb128 0x3a
 443 004b 0B       		.uleb128 0xb
 444 004c 3B       		.uleb128 0x3b
 445 004d 0B       		.uleb128 0xb
 446 004e 27       		.uleb128 0x27
 447 004f 19       		.uleb128 0x19
 448 0050 49       		.uleb128 0x49
 449 0051 13       		.uleb128 0x13
 450 0052 11       		.uleb128 0x11
 451 0053 01       		.uleb128 0x1
 452 0054 12       		.uleb128 0x12
 453 0055 06       		.uleb128 0x6
 454 0056 40       		.uleb128 0x40
 455 0057 18       		.uleb128 0x18
 456 0058 9742     		.uleb128 0x2117
 457 005a 19       		.uleb128 0x19
 458 005b 01       		.uleb128 0x1
 459 005c 13       		.uleb128 0x13
 460 005d 00       		.byte	0
 461 005e 00       		.byte	0
 462 005f 07       		.uleb128 0x7
 463 0060 34       		.uleb128 0x34
 464 0061 00       		.byte	0
 465 0062 03       		.uleb128 0x3
 466 0063 08       		.uleb128 0x8
 467 0064 3A       		.uleb128 0x3a
 468 0065 0B       		.uleb128 0xb
 469 0066 3B       		.uleb128 0x3b
 470 0067 0B       		.uleb128 0xb
 471 0068 49       		.uleb128 0x49
 472 0069 13       		.uleb128 0x13
 473 006a 02       		.uleb128 0x2
 474 006b 17       		.uleb128 0x17
 475 006c 00       		.byte	0
 476 006d 00       		.byte	0
 477 006e 08       		.uleb128 0x8
 478 006f 34       		.uleb128 0x34
 479 0070 00       		.byte	0
 480 0071 03       		.uleb128 0x3
 481 0072 0E       		.uleb128 0xe
 482 0073 3A       		.uleb128 0x3a
 483 0074 0B       		.uleb128 0xb
 484 0075 3B       		.uleb128 0x3b
 485 0076 0B       		.uleb128 0xb
 486 0077 49       		.uleb128 0x49
 487 0078 13       		.uleb128 0x13
 488 0079 3F       		.uleb128 0x3f
 489 007a 19       		.uleb128 0x19
 490 007b 3C       		.uleb128 0x3c
ARM GAS  C:\Users\DABBIR~1\AppData\Local\Temp\ccW7E5AN.s 			page 11


 491 007c 19       		.uleb128 0x19
 492 007d 00       		.byte	0
 493 007e 00       		.byte	0
 494 007f 09       		.uleb128 0x9
 495 0080 01       		.uleb128 0x1
 496 0081 01       		.byte	0x1
 497 0082 49       		.uleb128 0x49
 498 0083 13       		.uleb128 0x13
 499 0084 01       		.uleb128 0x1
 500 0085 13       		.uleb128 0x13
 501 0086 00       		.byte	0
 502 0087 00       		.byte	0
 503 0088 0A       		.uleb128 0xa
 504 0089 21       		.uleb128 0x21
 505 008a 00       		.byte	0
 506 008b 49       		.uleb128 0x49
 507 008c 13       		.uleb128 0x13
 508 008d 2F       		.uleb128 0x2f
 509 008e 0B       		.uleb128 0xb
 510 008f 00       		.byte	0
 511 0090 00       		.byte	0
 512 0091 0B       		.uleb128 0xb
 513 0092 26       		.uleb128 0x26
 514 0093 00       		.byte	0
 515 0094 49       		.uleb128 0x49
 516 0095 13       		.uleb128 0x13
 517 0096 00       		.byte	0
 518 0097 00       		.byte	0
 519 0098 0C       		.uleb128 0xc
 520 0099 34       		.uleb128 0x34
 521 009a 00       		.byte	0
 522 009b 03       		.uleb128 0x3
 523 009c 0E       		.uleb128 0xe
 524 009d 3A       		.uleb128 0x3a
 525 009e 0B       		.uleb128 0xb
 526 009f 3B       		.uleb128 0x3b
 527 00a0 05       		.uleb128 0x5
 528 00a1 49       		.uleb128 0x49
 529 00a2 13       		.uleb128 0x13
 530 00a3 3F       		.uleb128 0x3f
 531 00a4 19       		.uleb128 0x19
 532 00a5 3C       		.uleb128 0x3c
 533 00a6 19       		.uleb128 0x19
 534 00a7 00       		.byte	0
 535 00a8 00       		.byte	0
 536 00a9 00       		.byte	0
 537              		.section	.debug_loc,"",%progbits
 538              	.Ldebug_loc0:
 539              	.LLST0:
 540 0000 0A000000 		.4byte	.LVL0
 541 0004 16000000 		.4byte	.LVL2
 542 0008 0100     		.2byte	0x1
 543 000a 53       		.byte	0x53
 544 000b 16000000 		.4byte	.LVL2
 545 000f 18000000 		.4byte	.LVL3
 546 0013 0300     		.2byte	0x3
 547 0015 73       		.byte	0x73
ARM GAS  C:\Users\DABBIR~1\AppData\Local\Temp\ccW7E5AN.s 			page 12


 548 0016 78       		.sleb128 -8
 549 0017 9F       		.byte	0x9f
 550 0018 18000000 		.4byte	.LVL3
 551 001c 26000000 		.4byte	.LVL4
 552 0020 0100     		.2byte	0x1
 553 0022 53       		.byte	0x53
 554 0023 2C000000 		.4byte	.LVL5
 555 0027 44000000 		.4byte	.LFE60
 556 002b 0100     		.2byte	0x1
 557 002d 53       		.byte	0x53
 558 002e 00000000 		.4byte	0
 559 0032 00000000 		.4byte	0
 560              		.section	.debug_aranges,"",%progbits
 561 0000 1C000000 		.4byte	0x1c
 562 0004 0200     		.2byte	0x2
 563 0006 00000000 		.4byte	.Ldebug_info0
 564 000a 04       		.byte	0x4
 565 000b 00       		.byte	0
 566 000c 0000     		.2byte	0
 567 000e 0000     		.2byte	0
 568 0010 00000000 		.4byte	.LFB60
 569 0014 44000000 		.4byte	.LFE60-.LFB60
 570 0018 00000000 		.4byte	0
 571 001c 00000000 		.4byte	0
 572              		.section	.debug_ranges,"",%progbits
 573              	.Ldebug_ranges0:
 574 0000 00000000 		.4byte	.LFB60
 575 0004 44000000 		.4byte	.LFE60
 576 0008 00000000 		.4byte	0
 577 000c 00000000 		.4byte	0
 578              		.section	.debug_line,"",%progbits
 579              	.Ldebug_line0:
 580 0000 4E010000 		.section	.debug_str,"MS",%progbits,1
 580      02003101 
 580      00000201 
 580      FB0E0D00 
 580      01010101 
 581              	.LASF14:
 582 0000 45455F55 		.ascii	"EE_UREG\000"
 582      52454700 
 583              	.LASF33:
 584 0008 45455F74 		.ascii	"EE_th_event_active\000"
 584      685F6576 
 584      656E745F 
 584      61637469 
 584      766500
 585              	.LASF34:
 586 001b 45455F74 		.ascii	"EE_th_waswaiting\000"
 586      685F7761 
 586      73776169 
 586      74696E67 
 586      00
 587              	.LASF2:
 588 002c 73686F72 		.ascii	"short int\000"
 588      7420696E 
 588      7400
 589              	.LASF22:
ARM GAS  C:\Users\DABBIR~1\AppData\Local\Temp\ccW7E5AN.s 			page 13


 590 0036 73697A65 		.ascii	"sizetype\000"
 590      74797065 
 590      00
 591              	.LASF16:
 592 003f 45455F46 		.ascii	"EE_FREG\000"
 592      52454700 
 593              	.LASF13:
 594 0047 45455F55 		.ascii	"EE_UINT32\000"
 594      494E5433 
 594      3200
 595              	.LASF23:
 596 0051 45455F74 		.ascii	"EE_th_ready_prio\000"
 596      685F7265 
 596      6164795F 
 596      7072696F 
 596      00
 597              	.LASF30:
 598 0062 45455F72 		.ascii	"EE_rq_queues_head\000"
 598      715F7175 
 598      65756573 
 598      5F686561 
 598      6400
 599              	.LASF18:
 600 0074 45455F54 		.ascii	"EE_TID\000"
 600      494400
 601              	.LASF20:
 602 007b 45455F49 		.ascii	"EE_IRQ_nesting_level\000"
 602      52515F6E 
 602      65737469 
 602      6E675F6C 
 602      6576656C 
 603              	.LASF6:
 604 0090 6C6F6E67 		.ascii	"long long int\000"
 604      206C6F6E 
 604      6720696E 
 604      7400
 605              	.LASF10:
 606 009e 45455F49 		.ascii	"EE_INT8\000"
 606      4E543800 
 607              	.LASF19:
 608 00a6 45455F54 		.ascii	"EE_TYPE_RQ_MASK\000"
 608      5950455F 
 608      52515F4D 
 608      41534B00 
 609              	.LASF42:
 610 00b6 433A5C4D 		.ascii	"C:\\My_Files\\College_Documents\\AMA EOS\\EOS\\LAB\\"
 610      795F4669 
 610      6C65735C 
 610      436F6C6C 
 610      6567655F 
 611 00e4 4C41425F 		.ascii	"LAB_2_Submission\\Json Parser\\code\\w06_criticalRe"
 611      325F5375 
 611      626D6973 
 611      73696F6E 
 611      5C4A736F 
 612 0114 67696F6E 		.ascii	"gion.cydsn\\Lab2_JSONParser01.cydsn\000"
 612      2E637964 
ARM GAS  C:\Users\DABBIR~1\AppData\Local\Temp\ccW7E5AN.s 			page 14


 612      736E5C4C 
 612      6162325F 
 612      4A534F4E 
 613              	.LASF4:
 614 0137 6C6F6E67 		.ascii	"long int\000"
 614      20696E74 
 614      00
 615              	.LASF36:
 616 0140 45455F6F 		.ascii	"EE_oo_IRQ_suspend_status\000"
 616      6F5F4952 
 616      515F7375 
 616      7370656E 
 616      645F7374 
 617              	.LASF39:
 618 0159 45455F69 		.ascii	"EE_isr2_index\000"
 618      7372325F 
 618      696E6465 
 618      7800
 619              	.LASF29:
 620 0167 45455F73 		.ascii	"EE_sys_ceiling\000"
 620      79735F63 
 620      65696C69 
 620      6E6700
 621              	.LASF9:
 622 0176 6C6F6E67 		.ascii	"long double\000"
 622      20646F75 
 622      626C6500 
 623              	.LASF1:
 624 0182 756E7369 		.ascii	"unsigned char\000"
 624      676E6564 
 624      20636861 
 624      7200
 625              	.LASF15:
 626 0190 45455F53 		.ascii	"EE_SREG\000"
 626      52454700 
 627              	.LASF0:
 628 0198 7369676E 		.ascii	"signed char\000"
 628      65642063 
 628      68617200 
 629              	.LASF7:
 630 01a4 6C6F6E67 		.ascii	"long long unsigned int\000"
 630      206C6F6E 
 630      6720756E 
 630      7369676E 
 630      65642069 
 631              	.LASF8:
 632 01bb 756E7369 		.ascii	"unsigned int\000"
 632      676E6564 
 632      20696E74 
 632      00
 633              	.LASF27:
 634 01c8 45455F74 		.ascii	"EE_th_rnact\000"
 634      685F726E 
 634      61637400 
 635              	.LASF21:
 636 01d4 45455F73 		.ascii	"EE_std_endcycle_next_tid\000"
 636      74645F65 
ARM GAS  C:\Users\DABBIR~1\AppData\Local\Temp\ccW7E5AN.s 			page 15


 636      6E646379 
 636      636C655F 
 636      6E657874 
 637              	.LASF12:
 638 01ed 45455F49 		.ascii	"EE_INT32\000"
 638      4E543332 
 638      00
 639              	.LASF3:
 640 01f6 73686F72 		.ascii	"short unsigned int\000"
 640      7420756E 
 640      7369676E 
 640      65642069 
 640      6E7400
 641              	.LASF11:
 642 0209 45455F55 		.ascii	"EE_UINT16\000"
 642      494E5431 
 642      3600
 643              	.LASF43:
 644 0213 45455F72 		.ascii	"EE_rq_queryfirst\000"
 644      715F7175 
 644      65727966 
 644      69727374 
 644      00
 645              	.LASF37:
 646 0224 45455F41 		.ascii	"EE_ApplicationMode\000"
 646      70706C69 
 646      63617469 
 646      6F6E4D6F 
 646      646500
 647              	.LASF5:
 648 0237 6C6F6E67 		.ascii	"long unsigned int\000"
 648      20756E73 
 648      69676E65 
 648      6420696E 
 648      7400
 649              	.LASF41:
 650 0249 47656E65 		.ascii	"Generated_Source\\PSoC5\\ErikaOS_1_ee_rq_first.c\000"
 650      72617465 
 650      645F536F 
 650      75726365 
 650      5C50536F 
 651              	.LASF17:
 652 0278 45455F54 		.ascii	"EE_TYPEBOOL\000"
 652      59504542 
 652      4F4F4C00 
 653              	.LASF28:
 654 0284 45455F73 		.ascii	"EE_stkfirst\000"
 654      746B6669 
 654      72737400 
 655              	.LASF31:
 656 0290 45455F72 		.ascii	"EE_rq_pairs_tid\000"
 656      715F7061 
 656      6972735F 
 656      74696400 
 657              	.LASF32:
 658 02a0 45455F72 		.ascii	"EE_rq_bitmask\000"
 658      715F6269 
ARM GAS  C:\Users\DABBIR~1\AppData\Local\Temp\ccW7E5AN.s 			page 16


 658      746D6173 
 658      6B00
 659              	.LASF38:
 660 02ae 45455F72 		.ascii	"EE_rq_lookup\000"
 660      715F6C6F 
 660      6F6B7570 
 660      00
 661              	.LASF25:
 662 02bb 45455F74 		.ascii	"EE_th_status\000"
 662      685F7374 
 662      61747573 
 662      00
 663              	.LASF24:
 664 02c8 45455F74 		.ascii	"EE_th_dispatch_prio\000"
 664      685F6469 
 664      73706174 
 664      63685F70 
 664      72696F00 
 665              	.LASF26:
 666 02dc 45455F74 		.ascii	"EE_th_next\000"
 666      685F6E65 
 666      787400
 667              	.LASF40:
 668 02e7 474E5520 		.ascii	"GNU C11 5.4.1 20160609 (release) [ARM/embedded-5-br"
 668      43313120 
 668      352E342E 
 668      31203230 
 668      31363036 
 669 031a 616E6368 		.ascii	"anch revision 237715] -mcpu=cortex-m3 -mthumb -g -O"
 669      20726576 
 669      6973696F 
 669      6E203233 
 669      37373135 
 670 034d 67202D66 		.ascii	"g -ffunction-sections -ffat-lto-objects\000"
 670      66756E63 
 670      74696F6E 
 670      2D736563 
 670      74696F6E 
 671              	.LASF35:
 672 0375 45455F6F 		.ascii	"EE_oo_IRQ_disable_count\000"
 672      6F5F4952 
 672      515F6469 
 672      7361626C 
 672      655F636F 
 673              		.ident	"GCC: (GNU Tools for ARM Embedded Processors) 5.4.1 20160609 (release) [ARM/embedded-5-bran
