ARM GAS  C:\Users\DABBIR~1\AppData\Local\Temp\ccmKprjD.s 			page 1


   1              		.syntax unified
   2              		.cpu cortex-m3
   3              		.fpu softvfp
   4              		.eabi_attribute 20, 1
   5              		.eabi_attribute 21, 1
   6              		.eabi_attribute 23, 3
   7              		.eabi_attribute 24, 1
   8              		.eabi_attribute 25, 1
   9              		.eabi_attribute 26, 1
  10              		.eabi_attribute 30, 1
  11              		.eabi_attribute 34, 1
  12              		.eabi_attribute 18, 4
  13              		.thumb
  14              		.syntax unified
  15              		.file	"ErikaOS_1_eecfg.c"
  16              		.text
  17              	.Ltext0:
  18              		.cfi_sections	.debug_frame
  19              		.global	EE_oo_autostart_task_data
  20              		.comm	EE_ApplicationMode,4,4
  21              		.global	EE_ALARM_ID
  22              		.global	EE_ALARM_NAME
  23              		.comm	EE_isr2_nesting_level,4,4
  24              		.global	EE_resource_isr2_ceiling
  25              		.comm	EE_isr2_oldpriority,8,4
  26              		.global	EE_resource_isr2_priority
  27              		.comm	EE_resource_oldceiling,8,4
  28              		.global	EE_resource_ceiling
  29              		.global	EE_resource_locked
  30              		.global	EE_resource_stack
  31              		.global	EE_th_resource_last
  32              		.global	EE_th_is_extended
  33              		.global	EE_th_waswaiting
  34              		.global	EE_th_event_waitmask
  35              		.global	EE_th_event_active
  36              		.global	EE_th_terminate_nextask
  37              		.global	EE_rq_free
  38              		.comm	EE_rq_pairs_tid,16,4
  39              		.global	EE_rq_pairs_next
  40              		.global	EE_rq_link
  41              		.global	EE_th_rnact_max
  42              		.global	EE_th_rnact
  43              		.global	EE_rq_bitmask
  44              		.global	EE_rq_queues_tail
  45              		.global	EE_rq_queues_head
  46              		.global	EE_sys_ceiling
  47              		.global	EE_stkfirst
  48              		.global	EE_th_next
  49              		.global	EE_th_status
  50              		.global	EE_th_dispatch_prio
  51              		.global	EE_EVENT_ID
  52              		.global	EE_EVENT_NAME
  53              		.global	EE_RESOURCE_ID
  54              		.global	EE_RESOURCE_NAME
  55              		.global	EE_TASK_NAME
  56              		.global	EE_th_ready_prio
  57              		.global	EE_terminate_real_th_body
ARM GAS  C:\Users\DABBIR~1\AppData\Local\Temp\ccmKprjD.s 			page 2


  58              		.comm	EE_terminate_data,16,4
  59              		.global	EE_hal_thread_body
  60              		.global	EE_cortex_mx_IRQ_tos
  61              		.global	EE_cortex_mx_active_tos
  62              		.global	EE_cortex_mx_system_tos
  63              		.global	EE_std_thread_tos
  64              		.comm	EE_cortex_mx_stack_9,512,4
  65              		.comm	EE_cortex_mx_stack_2,1000,4
  66              		.comm	EE_cortex_mx_stack_1,4000,4
  67              		.section	.rodata
  68              		.align	2
  69              		.type	EE_oo_autostart_task_data, %object
  70              		.size	EE_oo_autostart_task_data, 8
  71              	EE_oo_autostart_task_data:
  72 0000 01000000 		.word	1
  73 0004 08000000 		.word	EE_oo_autostart_task_mode_OSDEFAULTAPPMODE
  74              		.type	EE_oo_autostart_task_mode_OSDEFAULTAPPMODE, %object
  75              		.size	EE_oo_autostart_task_mode_OSDEFAULTAPPMODE, 4
  76              	EE_oo_autostart_task_mode_OSDEFAULTAPPMODE:
  77 0008 03000000 		.word	3
  78              		.type	EE_ALARM_ID, %object
  79              		.size	EE_ALARM_ID, 0
  80              	EE_ALARM_ID:
  81              		.type	EE_resource_isr2_ceiling, %object
  82              		.size	EE_resource_isr2_ceiling, 8
  83              	EE_resource_isr2_ceiling:
  84 000c 00010000 		.word	256
  85 0010 00000000 		.word	0
  86              		.type	EE_resource_isr2_priority, %object
  87              		.size	EE_resource_isr2_priority, 8
  88              	EE_resource_isr2_priority:
  89 0014 2F000000 		.word	47
  90 0018 00000000 		.word	0
  91              		.type	EE_resource_ceiling, %object
  92              		.size	EE_resource_ceiling, 8
  93              	EE_resource_ceiling:
  94 001c 00010000 		.word	256
  95 0020 20000000 		.word	32
  96              		.type	EE_th_is_extended, %object
  97              		.size	EE_th_is_extended, 16
  98              	EE_th_is_extended:
  99 0024 01000000 		.word	1
 100 0028 01000000 		.word	1
 101 002c 00000000 		.word	0
 102 0030 00000000 		.word	0
 103              		.type	EE_th_rnact_max, %object
 104              		.size	EE_th_rnact_max, 16
 105              	EE_th_rnact_max:
 106 0034 01000000 		.word	1
 107 0038 01000000 		.word	1
 108 003c 01000000 		.word	1
 109 0040 01000000 		.word	1
 110              		.type	EE_th_dispatch_prio, %object
 111              		.size	EE_th_dispatch_prio, 16
 112              	EE_th_dispatch_prio:
 113 0044 20000000 		.word	32
 114 0048 08000000 		.word	8
ARM GAS  C:\Users\DABBIR~1\AppData\Local\Temp\ccmKprjD.s 			page 3


 115 004c 01000000 		.word	1
 116 0050 80000000 		.word	128
 117              		.type	EE_EVENT_ID, %object
 118              		.size	EE_EVENT_ID, 8
 119              	EE_EVENT_ID:
 120 0054 01000000 		.word	1
 121 0058 02000000 		.word	2
 122              		.type	EE_RESOURCE_ID, %object
 123              		.size	EE_RESOURCE_ID, 8
 124              	EE_RESOURCE_ID:
 125 005c 00000000 		.word	0
 126 0060 01000000 		.word	1
 127              		.type	EE_th_ready_prio, %object
 128              		.size	EE_th_ready_prio, 16
 129              	EE_th_ready_prio:
 130 0064 20000000 		.word	32
 131 0068 08000000 		.word	8
 132 006c 01000000 		.word	1
 133 0070 40000000 		.word	64
 134              		.type	EE_terminate_real_th_body, %object
 135              		.size	EE_terminate_real_th_body, 16
 136              	EE_terminate_real_th_body:
 137 0074 00000000 		.word	Functsk_json_parser
 138 0078 00000000 		.word	Functsk_hmi
 139 007c 00000000 		.word	Functsk_background
 140 0080 00000000 		.word	Functsk_init
 141              		.type	EE_hal_thread_body, %object
 142              		.size	EE_hal_thread_body, 16
 143              	EE_hal_thread_body:
 144 0084 00000000 		.word	EE_oo_thread_stub
 145 0088 00000000 		.word	EE_oo_thread_stub
 146 008c 00000000 		.word	EE_oo_thread_stub
 147 0090 00000000 		.word	EE_oo_thread_stub
 148              		.type	EE_std_thread_tos, %object
 149              		.size	EE_std_thread_tos, 20
 150              	EE_std_thread_tos:
 151 0094 00000000 		.word	0
 152 0098 01000000 		.word	1
 153 009c 02000000 		.word	2
 154 00a0 00000000 		.word	0
 155 00a4 00000000 		.word	0
 156              		.data
 157              		.align	2
 158              		.type	EE_resource_stack, %object
 159              		.size	EE_resource_stack, 8
 160              	EE_resource_stack:
 161 0000 FFFFFFFF 		.word	-1
 162 0004 FFFFFFFF 		.word	-1
 163              		.type	EE_th_resource_last, %object
 164              		.size	EE_th_resource_last, 20
 165              	EE_th_resource_last:
 166 0008 FFFFFFFF 		.word	-1
 167 000c FFFFFFFF 		.word	-1
 168 0010 FFFFFFFF 		.word	-1
 169 0014 FFFFFFFF 		.word	-1
 170 0018 FFFFFFFF 		.word	-1
 171              		.type	EE_th_terminate_nextask, %object
ARM GAS  C:\Users\DABBIR~1\AppData\Local\Temp\ccmKprjD.s 			page 4


 172              		.size	EE_th_terminate_nextask, 16
 173              	EE_th_terminate_nextask:
 174 001c FFFFFFFF 		.word	-1
 175 0020 FFFFFFFF 		.word	-1
 176 0024 FFFFFFFF 		.word	-1
 177 0028 FFFFFFFF 		.word	-1
 178              		.type	EE_rq_pairs_next, %object
 179              		.size	EE_rq_pairs_next, 16
 180              	EE_rq_pairs_next:
 181 002c 01000000 		.word	1
 182 0030 02000000 		.word	2
 183 0034 03000000 		.word	3
 184 0038 FFFFFFFF 		.word	-1
 185              		.type	EE_rq_link, %object
 186              		.size	EE_rq_link, 16
 187              	EE_rq_link:
 188 003c 05000000 		.word	5
 189 0040 03000000 		.word	3
 190 0044 00000000 		.word	0
 191 0048 06000000 		.word	6
 192              		.type	EE_th_rnact, %object
 193              		.size	EE_th_rnact, 16
 194              	EE_th_rnact:
 195 004c 01000000 		.word	1
 196 0050 01000000 		.word	1
 197 0054 01000000 		.word	1
 198 0058 01000000 		.word	1
 199              		.type	EE_rq_queues_tail, %object
 200              		.size	EE_rq_queues_tail, 64
 201              	EE_rq_queues_tail:
 202 005c FFFFFFFF 		.word	-1
 203 0060 FFFFFFFF 		.word	-1
 204 0064 FFFFFFFF 		.word	-1
 205 0068 FFFFFFFF 		.word	-1
 206 006c FFFFFFFF 		.word	-1
 207 0070 FFFFFFFF 		.word	-1
 208 0074 FFFFFFFF 		.word	-1
 209 0078 FFFFFFFF 		.word	-1
 210 007c FFFFFFFF 		.word	-1
 211 0080 FFFFFFFF 		.word	-1
 212 0084 FFFFFFFF 		.word	-1
 213 0088 FFFFFFFF 		.word	-1
 214 008c FFFFFFFF 		.word	-1
 215 0090 FFFFFFFF 		.word	-1
 216 0094 FFFFFFFF 		.word	-1
 217 0098 FFFFFFFF 		.word	-1
 218              		.type	EE_rq_queues_head, %object
 219              		.size	EE_rq_queues_head, 64
 220              	EE_rq_queues_head:
 221 009c FFFFFFFF 		.word	-1
 222 00a0 FFFFFFFF 		.word	-1
 223 00a4 FFFFFFFF 		.word	-1
 224 00a8 FFFFFFFF 		.word	-1
 225 00ac FFFFFFFF 		.word	-1
 226 00b0 FFFFFFFF 		.word	-1
 227 00b4 FFFFFFFF 		.word	-1
 228 00b8 FFFFFFFF 		.word	-1
ARM GAS  C:\Users\DABBIR~1\AppData\Local\Temp\ccmKprjD.s 			page 5


 229 00bc FFFFFFFF 		.word	-1
 230 00c0 FFFFFFFF 		.word	-1
 231 00c4 FFFFFFFF 		.word	-1
 232 00c8 FFFFFFFF 		.word	-1
 233 00cc FFFFFFFF 		.word	-1
 234 00d0 FFFFFFFF 		.word	-1
 235 00d4 FFFFFFFF 		.word	-1
 236 00d8 FFFFFFFF 		.word	-1
 237              		.type	EE_stkfirst, %object
 238              		.size	EE_stkfirst, 4
 239              	EE_stkfirst:
 240 00dc FFFFFFFF 		.word	-1
 241              		.type	EE_th_next, %object
 242              		.size	EE_th_next, 16
 243              	EE_th_next:
 244 00e0 FFFFFFFF 		.word	-1
 245 00e4 FFFFFFFF 		.word	-1
 246 00e8 FFFFFFFF 		.word	-1
 247 00ec FFFFFFFF 		.word	-1
 248              		.type	EE_th_status, %object
 249              		.size	EE_th_status, 16
 250              	EE_th_status:
 251 00f0 03000000 		.word	3
 252 00f4 03000000 		.word	3
 253 00f8 03000000 		.word	3
 254 00fc 03000000 		.word	3
 255              		.type	EE_EVENT_NAME, %object
 256              		.size	EE_EVENT_NAME, 8
 257              	EE_EVENT_NAME:
 258 0100 00000000 		.word	.LC0
 259 0104 0C000000 		.word	.LC1
 260              		.type	EE_RESOURCE_NAME, %object
 261              		.size	EE_RESOURCE_NAME, 8
 262              	EE_RESOURCE_NAME:
 263 0108 20000000 		.word	.LC2
 264 010c 30000000 		.word	.LC3
 265              		.type	EE_TASK_NAME, %object
 266              		.size	EE_TASK_NAME, 16
 267              	EE_TASK_NAME:
 268 0110 3C000000 		.word	.LC4
 269 0114 4C000000 		.word	.LC5
 270 0118 54000000 		.word	.LC6
 271 011c 64000000 		.word	.LC7
 272              		.type	EE_cortex_mx_IRQ_tos, %object
 273              		.size	EE_cortex_mx_IRQ_tos, 4
 274              	EE_cortex_mx_IRQ_tos:
 275 0120 00020000 		.word	EE_cortex_mx_stack_9+512
 276              		.type	EE_cortex_mx_system_tos, %object
 277              		.size	EE_cortex_mx_system_tos, 12
 278              	EE_cortex_mx_system_tos:
 279 0124 00000000 		.word	0
 280 0128 780F0000 		.word	EE_cortex_mx_stack_1+3960
 281 012c C0030000 		.word	EE_cortex_mx_stack_2+960
 282              		.section	.rodata.str1.4,"aMS",%progbits,1
 283              		.align	2
 284              	.LC0:
 285 0000 65765F72 		.ascii	"ev_received\000"
ARM GAS  C:\Users\DABBIR~1\AppData\Local\Temp\ccmKprjD.s 			page 6


 285      65636569 
 285      76656400 
 286              	.LC1:
 287 000c 65765F64 		.ascii	"ev_drawing_command\000"
 287      72617769 
 287      6E675F63 
 287      6F6D6D61 
 287      6E6400
 288 001f 00       		.space	1
 289              	.LC2:
 290 0020 72696E67 		.ascii	"ringbuffer_res\000"
 290      62756666 
 290      65725F72 
 290      657300
 291 002f 00       		.space	1
 292              	.LC3:
 293 0030 64726177 		.ascii	"drawing_res\000"
 293      696E675F 
 293      72657300 
 294              	.LC4:
 295 003c 74736B5F 		.ascii	"tsk_json_parser\000"
 295      6A736F6E 
 295      5F706172 
 295      73657200 
 296              	.LC5:
 297 004c 74736B5F 		.ascii	"tsk_hmi\000"
 297      686D6900 
 298              	.LC6:
 299 0054 74736B5F 		.ascii	"tsk_background\000"
 299      6261636B 
 299      67726F75 
 299      6E6400
 300 0063 00       		.space	1
 301              	.LC7:
 302 0064 74736B5F 		.ascii	"tsk_init\000"
 302      696E6974 
 302      00
 303              		.bss
 304              		.align	2
 305              		.type	EE_ALARM_NAME, %object
 306              		.size	EE_ALARM_NAME, 0
 307              	EE_ALARM_NAME:
 308              		.type	EE_resource_locked, %object
 309              		.size	EE_resource_locked, 8
 310              	EE_resource_locked:
 311 0000 00000000 		.space	8
 311      00000000 
 312              		.type	EE_th_waswaiting, %object
 313              		.size	EE_th_waswaiting, 16
 314              	EE_th_waswaiting:
 315 0008 00000000 		.space	16
 315      00000000 
 315      00000000 
 315      00000000 
 316              		.type	EE_th_event_waitmask, %object
 317              		.size	EE_th_event_waitmask, 16
 318              	EE_th_event_waitmask:
ARM GAS  C:\Users\DABBIR~1\AppData\Local\Temp\ccmKprjD.s 			page 7


 319 0018 00000000 		.space	16
 319      00000000 
 319      00000000 
 319      00000000 
 320              		.type	EE_th_event_active, %object
 321              		.size	EE_th_event_active, 16
 322              	EE_th_event_active:
 323 0028 00000000 		.space	16
 323      00000000 
 323      00000000 
 323      00000000 
 324              		.type	EE_rq_free, %object
 325              		.size	EE_rq_free, 4
 326              	EE_rq_free:
 327 0038 00000000 		.space	4
 328              		.type	EE_rq_bitmask, %object
 329              		.size	EE_rq_bitmask, 2
 330              	EE_rq_bitmask:
 331 003c 0000     		.space	2
 332 003e 0000     		.space	2
 333              		.type	EE_sys_ceiling, %object
 334              		.size	EE_sys_ceiling, 4
 335              	EE_sys_ceiling:
 336 0040 00000000 		.space	4
 337              		.type	EE_cortex_mx_active_tos, %object
 338              		.size	EE_cortex_mx_active_tos, 4
 339              	EE_cortex_mx_active_tos:
 340 0044 00000000 		.space	4
 341              		.text
 342              	.Letext0:
 343              		.file 1 "Generated_Source\\PSoC5\\ErikaOS_1_common_ee_types.inc"
 344              		.file 2 "Generated_Source\\PSoC5\\ErikaOS_1_cortex_mx_ee_cpu.inc"
 345              		.file 3 "Generated_Source\\PSoC5\\ErikaOS_1_ee_oo_common.inc"
 346              		.file 4 "Generated_Source\\PSoC5\\ErikaOS_1_common_ee_hal_structs.inc"
 347              		.file 5 "Generated_Source\\PSoC5\\ErikaOS_1_eecfg.c"
 348              		.file 6 "Generated_Source\\PSoC5\\ErikaOS_1_ee_oo_intfunc.inc"
 349              		.file 7 "Generated_Source\\PSoC5\\ErikaOS_1_cortex_mx_ee_context.inc"
 350              		.file 8 "Generated_Source\\PSoC5\\ErikaOS_1_common_ee_primitives.inc"
 351              		.section	.debug_info,"",%progbits
 352              	.Ldebug_info0:
 353 0000 0B070000 		.4byte	0x70b
 354 0004 0400     		.2byte	0x4
 355 0006 00000000 		.4byte	.Ldebug_abbrev0
 356 000a 04       		.byte	0x4
 357 000b 01       		.uleb128 0x1
 358 000c 9F050000 		.4byte	.LASF80
 359 0010 0C       		.byte	0xc
 360 0011 0D050000 		.4byte	.LASF81
 361 0015 C7010000 		.4byte	.LASF82
 362 0019 00000000 		.4byte	.Ldebug_line0
 363 001d 02       		.uleb128 0x2
 364 001e 01       		.byte	0x1
 365 001f 06       		.byte	0x6
 366 0020 FE020000 		.4byte	.LASF0
 367 0024 02       		.uleb128 0x2
 368 0025 01       		.byte	0x1
 369 0026 08       		.byte	0x8
ARM GAS  C:\Users\DABBIR~1\AppData\Local\Temp\ccmKprjD.s 			page 8


 370 0027 CF020000 		.4byte	.LASF1
 371 002b 02       		.uleb128 0x2
 372 002c 02       		.byte	0x2
 373 002d 05       		.byte	0x5
 374 002e A0000000 		.4byte	.LASF2
 375 0032 02       		.uleb128 0x2
 376 0033 02       		.byte	0x2
 377 0034 07       		.byte	0x7
 378 0035 AD030000 		.4byte	.LASF3
 379 0039 02       		.uleb128 0x2
 380 003a 04       		.byte	0x4
 381 003b 05       		.byte	0x5
 382 003c 48020000 		.4byte	.LASF4
 383 0040 02       		.uleb128 0x2
 384 0041 04       		.byte	0x4
 385 0042 07       		.byte	0x7
 386 0043 1E040000 		.4byte	.LASF5
 387 0047 02       		.uleb128 0x2
 388 0048 08       		.byte	0x8
 389 0049 05       		.byte	0x5
 390 004a 9A010000 		.4byte	.LASF6
 391 004e 02       		.uleb128 0x2
 392 004f 08       		.byte	0x8
 393 0050 07       		.byte	0x7
 394 0051 0A030000 		.4byte	.LASF7
 395 0055 03       		.uleb128 0x3
 396 0056 04       		.byte	0x4
 397 0057 05       		.byte	0x5
 398 0058 696E7400 		.ascii	"int\000"
 399 005c 02       		.uleb128 0x2
 400 005d 04       		.byte	0x4
 401 005e 07       		.byte	0x7
 402 005f 33030000 		.4byte	.LASF8
 403 0063 02       		.uleb128 0x2
 404 0064 08       		.byte	0x8
 405 0065 04       		.byte	0x4
 406 0066 C3020000 		.4byte	.LASF9
 407 006a 04       		.uleb128 0x4
 408 006b D2030000 		.4byte	.LASF10
 409 006f 01       		.byte	0x1
 410 0070 52       		.byte	0x52
 411 0071 32000000 		.4byte	0x32
 412 0075 04       		.uleb128 0x4
 413 0076 8F030000 		.4byte	.LASF11
 414 007a 01       		.byte	0x1
 415 007b 53       		.byte	0x53
 416 007c 55000000 		.4byte	0x55
 417 0080 04       		.uleb128 0x4
 418 0081 F6000000 		.4byte	.LASF12
 419 0085 01       		.byte	0x1
 420 0086 54       		.byte	0x54
 421 0087 5C000000 		.4byte	0x5c
 422 008b 04       		.uleb128 0x4
 423 008c 5F010000 		.4byte	.LASF13
 424 0090 01       		.byte	0x1
 425 0091 64       		.byte	0x64
 426 0092 96000000 		.4byte	0x96
ARM GAS  C:\Users\DABBIR~1\AppData\Local\Temp\ccmKprjD.s 			page 9


 427 0096 05       		.uleb128 0x5
 428 0097 04       		.byte	0x4
 429 0098 06       		.uleb128 0x6
 430 0099 04       		.byte	0x4
 431 009a 9E000000 		.4byte	0x9e
 432 009e 07       		.uleb128 0x7
 433 009f 04       		.uleb128 0x4
 434 00a0 E8030000 		.4byte	.LASF14
 435 00a4 01       		.byte	0x1
 436 00a5 73       		.byte	0x73
 437 00a6 98000000 		.4byte	0x98
 438 00aa 04       		.uleb128 0x4
 439 00ab 3E000000 		.4byte	.LASF15
 440 00af 02       		.byte	0x2
 441 00b0 4D       		.byte	0x4d
 442 00b1 80000000 		.4byte	0x80
 443 00b5 04       		.uleb128 0x4
 444 00b6 F6020000 		.4byte	.LASF16
 445 00ba 02       		.byte	0x2
 446 00bb 4E       		.byte	0x4e
 447 00bc 75000000 		.4byte	0x75
 448 00c0 04       		.uleb128 0x4
 449 00c1 DA000000 		.4byte	.LASF17
 450 00c5 02       		.byte	0x2
 451 00c6 4F       		.byte	0x4f
 452 00c7 80000000 		.4byte	0x80
 453 00cb 04       		.uleb128 0x4
 454 00cc 43040000 		.4byte	.LASF18
 455 00d0 02       		.byte	0x2
 456 00d1 54       		.byte	0x54
 457 00d2 AA000000 		.4byte	0xaa
 458 00d6 04       		.uleb128 0x4
 459 00d7 2A010000 		.4byte	.LASF19
 460 00db 02       		.byte	0x2
 461 00dc 75       		.byte	0x75
 462 00dd AA000000 		.4byte	0xaa
 463 00e1 04       		.uleb128 0x4
 464 00e2 23010000 		.4byte	.LASF20
 465 00e6 02       		.byte	0x2
 466 00e7 78       		.byte	0x78
 467 00e8 75000000 		.4byte	0x75
 468 00ec 08       		.uleb128 0x8
 469 00ed DE040000 		.4byte	.LASF22
 470 00f1 04       		.byte	0x4
 471 00f2 04       		.byte	0x4
 472 00f3 4D       		.byte	0x4d
 473 00f4 05010000 		.4byte	0x105
 474 00f8 09       		.uleb128 0x9
 475 00f9 AE040000 		.4byte	.LASF24
 476 00fd 04       		.byte	0x4
 477 00fe 4E       		.byte	0x4e
 478 00ff 8B000000 		.4byte	0x8b
 479 0103 00       		.byte	0
 480 0104 00       		.byte	0
 481 0105 0A       		.uleb128 0xa
 482 0106 B7010000 		.4byte	.LASF21
 483 010a 03       		.byte	0x3
ARM GAS  C:\Users\DABBIR~1\AppData\Local\Temp\ccmKprjD.s 			page 10


 484 010b 1101     		.2byte	0x111
 485 010d 6A000000 		.4byte	0x6a
 486 0111 0B       		.uleb128 0xb
 487 0112 94040000 		.4byte	.LASF23
 488 0116 08       		.byte	0x8
 489 0117 03       		.byte	0x3
 490 0118 0E04     		.2byte	0x40e
 491 011a 38010000 		.4byte	0x138
 492 011e 0C       		.uleb128 0xc
 493 011f 6E7400   		.ascii	"nt\000"
 494 0122 03       		.byte	0x3
 495 0123 0F04     		.2byte	0x40f
 496 0125 AA000000 		.4byte	0xaa
 497 0129 00       		.byte	0
 498 012a 0D       		.uleb128 0xd
 499 012b C5000000 		.4byte	.LASF25
 500 012f 03       		.byte	0x3
 501 0130 1004     		.2byte	0x410
 502 0132 48010000 		.4byte	0x148
 503 0136 04       		.byte	0x4
 504 0137 00       		.byte	0
 505 0138 0E       		.uleb128 0xe
 506 0139 43010000 		.4byte	0x143
 507 013d 43010000 		.4byte	0x143
 508 0141 0F       		.uleb128 0xf
 509 0142 00       		.byte	0
 510 0143 10       		.uleb128 0x10
 511 0144 E1000000 		.4byte	0xe1
 512 0148 06       		.uleb128 0x6
 513 0149 04       		.byte	0x4
 514 014a 38010000 		.4byte	0x138
 515 014e 0E       		.uleb128 0xe
 516 014f 43010000 		.4byte	0x143
 517 0153 5E010000 		.4byte	0x15e
 518 0157 11       		.uleb128 0x11
 519 0158 5E010000 		.4byte	0x15e
 520 015c 00       		.byte	0
 521 015d 00       		.byte	0
 522 015e 02       		.uleb128 0x2
 523 015f 04       		.byte	0x4
 524 0160 07       		.byte	0x7
 525 0161 BC000000 		.4byte	.LASF26
 526 0165 12       		.uleb128 0x12
 527 0166 57050000 		.4byte	.LASF83
 528 016a 05       		.byte	0x5
 529 016b 6507     		.2byte	0x765
 530 016d 77010000 		.4byte	0x177
 531 0171 05       		.uleb128 0x5
 532 0172 03       		.byte	0x3
 533 0173 08000000 		.4byte	EE_oo_autostart_task_mode_OSDEFAULTAPPMODE
 534 0177 10       		.uleb128 0x10
 535 0178 4E010000 		.4byte	0x14e
 536 017c 0E       		.uleb128 0xe
 537 017d 8C010000 		.4byte	0x18c
 538 0181 8C010000 		.4byte	0x18c
 539 0185 11       		.uleb128 0x11
 540 0186 5E010000 		.4byte	0x15e
ARM GAS  C:\Users\DABBIR~1\AppData\Local\Temp\ccmKprjD.s 			page 11


 541 018a 03       		.byte	0x3
 542 018b 00       		.byte	0
 543 018c 10       		.uleb128 0x10
 544 018d 9F000000 		.4byte	0x9f
 545 0191 13       		.uleb128 0x13
 546 0192 7C010000 		.4byte	.LASF27
 547 0196 05       		.byte	0x5
 548 0197 D2       		.byte	0xd2
 549 0198 A2010000 		.4byte	0x1a2
 550 019c 05       		.uleb128 0x5
 551 019d 03       		.byte	0x3
 552 019e 00000000 		.4byte	EE_hal_thread_body
 553 01a2 10       		.uleb128 0x10
 554 01a3 7C010000 		.4byte	0x17c
 555 01a7 0E       		.uleb128 0xe
 556 01a8 B7010000 		.4byte	0x1b7
 557 01ac B7010000 		.4byte	0x1b7
 558 01b0 11       		.uleb128 0x11
 559 01b1 5E010000 		.4byte	0x15e
 560 01b5 04       		.byte	0x4
 561 01b6 00       		.byte	0
 562 01b7 10       		.uleb128 0x10
 563 01b8 AA000000 		.4byte	0xaa
 564 01bc 13       		.uleb128 0x13
 565 01bd 21030000 		.4byte	.LASF28
 566 01c1 05       		.byte	0x5
 567 01c2 71       		.byte	0x71
 568 01c3 CD010000 		.4byte	0x1cd
 569 01c7 05       		.uleb128 0x5
 570 01c8 03       		.byte	0x3
 571 01c9 00000000 		.4byte	EE_std_thread_tos
 572 01cd 10       		.uleb128 0x10
 573 01ce A7010000 		.4byte	0x1a7
 574 01d2 0E       		.uleb128 0xe
 575 01d3 80000000 		.4byte	0x80
 576 01d7 E2010000 		.4byte	0x1e2
 577 01db 11       		.uleb128 0x11
 578 01dc 5E010000 		.4byte	0x15e
 579 01e0 03       		.byte	0x3
 580 01e1 00       		.byte	0
 581 01e2 13       		.uleb128 0x13
 582 01e3 7D000000 		.4byte	.LASF29
 583 01e7 05       		.byte	0x5
 584 01e8 ED       		.byte	0xed
 585 01e9 D2010000 		.4byte	0x1d2
 586 01ed 05       		.uleb128 0x5
 587 01ee 03       		.byte	0x3
 588 01ef 00000000 		.4byte	EE_terminate_data
 589 01f3 13       		.uleb128 0x13
 590 01f4 89020000 		.4byte	.LASF30
 591 01f8 05       		.byte	0x5
 592 01f9 F0       		.byte	0xf0
 593 01fa 04020000 		.4byte	0x204
 594 01fe 05       		.uleb128 0x5
 595 01ff 03       		.byte	0x3
 596 0200 00000000 		.4byte	EE_terminate_real_th_body
 597 0204 10       		.uleb128 0x10
ARM GAS  C:\Users\DABBIR~1\AppData\Local\Temp\ccmKprjD.s 			page 12


 598 0205 7C010000 		.4byte	0x17c
 599 0209 0E       		.uleb128 0xe
 600 020a EC000000 		.4byte	0xec
 601 020e 19020000 		.4byte	0x219
 602 0212 11       		.uleb128 0x11
 603 0213 5E010000 		.4byte	0x15e
 604 0217 02       		.byte	0x2
 605 0218 00       		.byte	0
 606 0219 13       		.uleb128 0x13
 607 021a 65000000 		.4byte	.LASF31
 608 021e 05       		.byte	0x5
 609 021f 8D       		.byte	0x8d
 610 0220 09020000 		.4byte	0x209
 611 0224 05       		.uleb128 0x5
 612 0225 03       		.byte	0x3
 613 0226 00000000 		.4byte	EE_cortex_mx_system_tos
 614 022a 13       		.uleb128 0x13
 615 022b 18000000 		.4byte	.LASF32
 616 022f 05       		.byte	0x5
 617 0230 A9       		.byte	0xa9
 618 0231 AA000000 		.4byte	0xaa
 619 0235 05       		.uleb128 0x5
 620 0236 03       		.byte	0x3
 621 0237 00000000 		.4byte	EE_cortex_mx_active_tos
 622 023b 0E       		.uleb128 0xe
 623 023c B7010000 		.4byte	0x1b7
 624 0240 4B020000 		.4byte	0x24b
 625 0244 11       		.uleb128 0x11
 626 0245 5E010000 		.4byte	0x15e
 627 0249 03       		.byte	0x3
 628 024a 00       		.byte	0
 629 024b 14       		.uleb128 0x14
 630 024c CA000000 		.4byte	.LASF33
 631 0250 05       		.byte	0x5
 632 0251 E202     		.2byte	0x2e2
 633 0253 5D020000 		.4byte	0x25d
 634 0257 05       		.uleb128 0x5
 635 0258 03       		.byte	0x3
 636 0259 00000000 		.4byte	EE_th_rnact_max
 637 025d 10       		.uleb128 0x10
 638 025e 3B020000 		.4byte	0x23b
 639 0262 14       		.uleb128 0x14
 640 0263 00010000 		.4byte	.LASF34
 641 0267 05       		.byte	0x5
 642 0268 0C01     		.2byte	0x10c
 643 026a 74020000 		.4byte	0x274
 644 026e 05       		.uleb128 0x5
 645 026f 03       		.byte	0x3
 646 0270 00000000 		.4byte	EE_th_ready_prio
 647 0274 10       		.uleb128 0x10
 648 0275 3B020000 		.4byte	0x23b
 649 0279 14       		.uleb128 0x14
 650 027a 43050000 		.4byte	.LASF35
 651 027e 05       		.byte	0x5
 652 027f 4502     		.2byte	0x245
 653 0281 8B020000 		.4byte	0x28b
 654 0285 05       		.uleb128 0x5
ARM GAS  C:\Users\DABBIR~1\AppData\Local\Temp\ccmKprjD.s 			page 13


 655 0286 03       		.byte	0x3
 656 0287 00000000 		.4byte	EE_th_dispatch_prio
 657 028b 10       		.uleb128 0x10
 658 028c 3B020000 		.4byte	0x23b
 659 0290 0E       		.uleb128 0xe
 660 0291 A0020000 		.4byte	0x2a0
 661 0295 A0020000 		.4byte	0x2a0
 662 0299 11       		.uleb128 0x11
 663 029a 5E010000 		.4byte	0x15e
 664 029e 03       		.byte	0x3
 665 029f 00       		.byte	0
 666 02a0 06       		.uleb128 0x6
 667 02a1 04       		.byte	0x4
 668 02a2 AD020000 		.4byte	0x2ad
 669 02a6 02       		.uleb128 0x2
 670 02a7 01       		.byte	0x1
 671 02a8 08       		.byte	0x8
 672 02a9 CD030000 		.4byte	.LASF36
 673 02ad 10       		.uleb128 0x10
 674 02ae A6020000 		.4byte	0x2a6
 675 02b2 14       		.uleb128 0x14
 676 02b3 C0030000 		.4byte	.LASF37
 677 02b7 05       		.byte	0x5
 678 02b8 2801     		.2byte	0x128
 679 02ba 90020000 		.4byte	0x290
 680 02be 05       		.uleb128 0x5
 681 02bf 03       		.byte	0x3
 682 02c0 00000000 		.4byte	EE_TASK_NAME
 683 02c4 0E       		.uleb128 0xe
 684 02c5 A0020000 		.4byte	0x2a0
 685 02c9 D4020000 		.4byte	0x2d4
 686 02cd 11       		.uleb128 0x11
 687 02ce 5E010000 		.4byte	0x15e
 688 02d2 01       		.byte	0x1
 689 02d3 00       		.byte	0
 690 02d4 14       		.uleb128 0x14
 691 02d5 B6040000 		.4byte	.LASF38
 692 02d9 05       		.byte	0x5
 693 02da 8101     		.2byte	0x181
 694 02dc C4020000 		.4byte	0x2c4
 695 02e0 05       		.uleb128 0x5
 696 02e1 03       		.byte	0x3
 697 02e2 00000000 		.4byte	EE_EVENT_NAME
 698 02e6 0E       		.uleb128 0xe
 699 02e7 A0020000 		.4byte	0x2a0
 700 02eb F5020000 		.4byte	0x2f5
 701 02ef 15       		.uleb128 0x15
 702 02f0 5E010000 		.4byte	0x15e
 703 02f4 00       		.byte	0
 704 02f5 14       		.uleb128 0x14
 705 02f6 51010000 		.4byte	.LASF39
 706 02fa 05       		.byte	0x5
 707 02fb 3D06     		.2byte	0x63d
 708 02fd E6020000 		.4byte	0x2e6
 709 0301 05       		.uleb128 0x5
 710 0302 03       		.byte	0x3
 711 0303 00000000 		.4byte	EE_ALARM_NAME
ARM GAS  C:\Users\DABBIR~1\AppData\Local\Temp\ccmKprjD.s 			page 14


 712 0307 14       		.uleb128 0x14
 713 0308 5F060000 		.4byte	.LASF40
 714 030c 05       		.byte	0x5
 715 030d 4601     		.2byte	0x146
 716 030f C4020000 		.4byte	0x2c4
 717 0313 05       		.uleb128 0x5
 718 0314 03       		.byte	0x3
 719 0315 00000000 		.4byte	EE_RESOURCE_NAME
 720 0319 0E       		.uleb128 0xe
 721 031a 29030000 		.4byte	0x329
 722 031e 29030000 		.4byte	0x329
 723 0322 11       		.uleb128 0x11
 724 0323 5E010000 		.4byte	0x15e
 725 0327 01       		.byte	0x1
 726 0328 00       		.byte	0
 727 0329 10       		.uleb128 0x10
 728 032a 40000000 		.4byte	0x40
 729 032e 14       		.uleb128 0x14
 730 032f A8010000 		.4byte	.LASF41
 731 0333 05       		.byte	0x5
 732 0334 6201     		.2byte	0x162
 733 0336 40030000 		.4byte	0x340
 734 033a 05       		.uleb128 0x5
 735 033b 03       		.byte	0x3
 736 033c 00000000 		.4byte	EE_RESOURCE_ID
 737 0340 10       		.uleb128 0x10
 738 0341 19030000 		.4byte	0x319
 739 0345 14       		.uleb128 0x14
 740 0346 7D020000 		.4byte	.LASF42
 741 034a 05       		.byte	0x5
 742 034b E201     		.2byte	0x1e2
 743 034d 57030000 		.4byte	0x357
 744 0351 05       		.uleb128 0x5
 745 0352 03       		.byte	0x3
 746 0353 00000000 		.4byte	EE_EVENT_ID
 747 0357 10       		.uleb128 0x10
 748 0358 19030000 		.4byte	0x319
 749 035c 0E       		.uleb128 0xe
 750 035d 29030000 		.4byte	0x329
 751 0361 6B030000 		.4byte	0x36b
 752 0365 15       		.uleb128 0x15
 753 0366 5E010000 		.4byte	0x15e
 754 036a 00       		.byte	0
 755 036b 14       		.uleb128 0x14
 756 036c DC030000 		.4byte	.LASF43
 757 0370 05       		.byte	0x5
 758 0371 5906     		.2byte	0x659
 759 0373 7D030000 		.4byte	0x37d
 760 0377 05       		.uleb128 0x5
 761 0378 03       		.byte	0x3
 762 0379 00000000 		.4byte	EE_ALARM_ID
 763 037d 10       		.uleb128 0x10
 764 037e 5C030000 		.4byte	0x35c
 765 0382 0E       		.uleb128 0xe
 766 0383 AA000000 		.4byte	0xaa
 767 0387 92030000 		.4byte	0x392
 768 038b 11       		.uleb128 0x11
ARM GAS  C:\Users\DABBIR~1\AppData\Local\Temp\ccmKprjD.s 			page 15


 769 038c 5E010000 		.4byte	0x15e
 770 0390 03       		.byte	0x3
 771 0391 00       		.byte	0
 772 0392 14       		.uleb128 0x14
 773 0393 36050000 		.4byte	.LASF44
 774 0397 05       		.byte	0x5
 775 0398 8102     		.2byte	0x281
 776 039a 82030000 		.4byte	0x382
 777 039e 05       		.uleb128 0x5
 778 039f 03       		.byte	0x3
 779 03a0 00000000 		.4byte	EE_th_status
 780 03a4 0E       		.uleb128 0xe
 781 03a5 E1000000 		.4byte	0xe1
 782 03a9 B4030000 		.4byte	0x3b4
 783 03ad 11       		.uleb128 0x11
 784 03ae 5E010000 		.4byte	0x15e
 785 03b2 03       		.byte	0x3
 786 03b3 00       		.byte	0
 787 03b4 14       		.uleb128 0x14
 788 03b5 82050000 		.4byte	.LASF45
 789 03b9 05       		.byte	0x5
 790 03ba 9D02     		.2byte	0x29d
 791 03bc A4030000 		.4byte	0x3a4
 792 03c0 05       		.uleb128 0x5
 793 03c1 03       		.byte	0x3
 794 03c2 00000000 		.4byte	EE_th_next
 795 03c6 14       		.uleb128 0x14
 796 03c7 6A030000 		.4byte	.LASF46
 797 03cb 05       		.byte	0x5
 798 03cc C702     		.2byte	0x2c7
 799 03ce 82030000 		.4byte	0x382
 800 03d2 05       		.uleb128 0x5
 801 03d3 03       		.byte	0x3
 802 03d4 00000000 		.4byte	EE_th_rnact
 803 03d8 14       		.uleb128 0x14
 804 03d9 00000000 		.4byte	.LASF47
 805 03dd 05       		.byte	0x5
 806 03de 7703     		.2byte	0x377
 807 03e0 A4030000 		.4byte	0x3a4
 808 03e4 05       		.uleb128 0x5
 809 03e5 03       		.byte	0x3
 810 03e6 00000000 		.4byte	EE_th_terminate_nextask
 811 03ea 14       		.uleb128 0x14
 812 03eb 63040000 		.4byte	.LASF48
 813 03ef 05       		.byte	0x5
 814 03f0 B902     		.2byte	0x2b9
 815 03f2 E1000000 		.4byte	0xe1
 816 03f6 05       		.uleb128 0x5
 817 03f7 03       		.byte	0x3
 818 03f8 00000000 		.4byte	EE_stkfirst
 819 03fc 14       		.uleb128 0x14
 820 03fd B4020000 		.4byte	.LASF49
 821 0401 05       		.byte	0x5
 822 0402 BC02     		.2byte	0x2bc
 823 0404 AA000000 		.4byte	0xaa
 824 0408 05       		.uleb128 0x5
 825 0409 03       		.byte	0x3
ARM GAS  C:\Users\DABBIR~1\AppData\Local\Temp\ccmKprjD.s 			page 16


 826 040a 00000000 		.4byte	EE_sys_ceiling
 827 040e 14       		.uleb128 0x14
 828 040f 8F010000 		.4byte	.LASF50
 829 0413 05       		.byte	0x5
 830 0414 FD02     		.2byte	0x2fd
 831 0416 82030000 		.4byte	0x382
 832 041a 05       		.uleb128 0x5
 833 041b 03       		.byte	0x3
 834 041c 00000000 		.4byte	EE_rq_link
 835 0420 0E       		.uleb128 0xe
 836 0421 B5000000 		.4byte	0xb5
 837 0425 30040000 		.4byte	0x430
 838 0429 11       		.uleb128 0x11
 839 042a 5E010000 		.4byte	0x15e
 840 042e 0F       		.byte	0xf
 841 042f 00       		.byte	0
 842 0430 14       		.uleb128 0x14
 843 0431 11010000 		.4byte	.LASF51
 844 0435 05       		.byte	0x5
 845 0436 BF02     		.2byte	0x2bf
 846 0438 20040000 		.4byte	0x420
 847 043c 05       		.uleb128 0x5
 848 043d 03       		.byte	0x3
 849 043e 00000000 		.4byte	EE_rq_queues_head
 850 0442 14       		.uleb128 0x14
 851 0443 8D050000 		.4byte	.LASF52
 852 0447 05       		.byte	0x5
 853 0448 C102     		.2byte	0x2c1
 854 044a 20040000 		.4byte	0x420
 855 044e 05       		.uleb128 0x5
 856 044f 03       		.byte	0x3
 857 0450 00000000 		.4byte	EE_rq_queues_tail
 858 0454 0E       		.uleb128 0xe
 859 0455 B5000000 		.4byte	0xb5
 860 0459 64040000 		.4byte	0x464
 861 045d 11       		.uleb128 0x11
 862 045e 5E010000 		.4byte	0x15e
 863 0462 03       		.byte	0x3
 864 0463 00       		.byte	0
 865 0464 14       		.uleb128 0x14
 866 0465 A3020000 		.4byte	.LASF53
 867 0469 05       		.byte	0x5
 868 046a 1B03     		.2byte	0x31b
 869 046c 54040000 		.4byte	0x454
 870 0470 05       		.uleb128 0x5
 871 0471 03       		.byte	0x3
 872 0472 00000000 		.4byte	EE_rq_pairs_next
 873 0476 14       		.uleb128 0x14
 874 0477 84040000 		.4byte	.LASF54
 875 047b 05       		.byte	0x5
 876 047c 7003     		.2byte	0x370
 877 047e A4030000 		.4byte	0x3a4
 878 0482 05       		.uleb128 0x5
 879 0483 03       		.byte	0x3
 880 0484 00000000 		.4byte	EE_rq_pairs_tid
 881 0488 14       		.uleb128 0x14
 882 0489 30000000 		.4byte	.LASF55
ARM GAS  C:\Users\DABBIR~1\AppData\Local\Temp\ccmKprjD.s 			page 17


 883 048d 05       		.byte	0x5
 884 048e C402     		.2byte	0x2c4
 885 0490 05010000 		.4byte	0x105
 886 0494 05       		.uleb128 0x5
 887 0495 03       		.byte	0x3
 888 0496 00000000 		.4byte	EE_rq_bitmask
 889 049a 14       		.uleb128 0x14
 890 049b 5A000000 		.4byte	.LASF56
 891 049f 05       		.byte	0x5
 892 04a0 7303     		.2byte	0x373
 893 04a2 B5000000 		.4byte	0xb5
 894 04a6 05       		.uleb128 0x5
 895 04a7 03       		.byte	0x3
 896 04a8 00000000 		.4byte	EE_rq_free
 897 04ac 14       		.uleb128 0x14
 898 04ad 30040000 		.4byte	.LASF57
 899 04b1 05       		.byte	0x5
 900 04b2 9A03     		.2byte	0x39a
 901 04b4 82030000 		.4byte	0x382
 902 04b8 05       		.uleb128 0x5
 903 04b9 03       		.byte	0x3
 904 04ba 00000000 		.4byte	EE_th_event_active
 905 04be 14       		.uleb128 0x14
 906 04bf 6F040000 		.4byte	.LASF58
 907 04c3 05       		.byte	0x5
 908 04c4 B603     		.2byte	0x3b6
 909 04c6 82030000 		.4byte	0x382
 910 04ca 05       		.uleb128 0x5
 911 04cb 03       		.byte	0x3
 912 04cc 00000000 		.4byte	EE_th_event_waitmask
 913 04d0 0E       		.uleb128 0xe
 914 04d1 CB000000 		.4byte	0xcb
 915 04d5 E0040000 		.4byte	0x4e0
 916 04d9 11       		.uleb128 0x11
 917 04da 5E010000 		.4byte	0x15e
 918 04de 03       		.byte	0x3
 919 04df 00       		.byte	0
 920 04e0 14       		.uleb128 0x14
 921 04e1 8F000000 		.4byte	.LASF59
 922 04e5 05       		.byte	0x5
 923 04e6 D203     		.2byte	0x3d2
 924 04e8 D0040000 		.4byte	0x4d0
 925 04ec 05       		.uleb128 0x5
 926 04ed 03       		.byte	0x3
 927 04ee 00000000 		.4byte	EE_th_waswaiting
 928 04f2 14       		.uleb128 0x14
 929 04f3 AA000000 		.4byte	.LASF60
 930 04f7 05       		.byte	0x5
 931 04f8 EE03     		.2byte	0x3ee
 932 04fa 04050000 		.4byte	0x504
 933 04fe 05       		.uleb128 0x5
 934 04ff 03       		.byte	0x3
 935 0500 00000000 		.4byte	EE_th_is_extended
 936 0504 10       		.uleb128 0x10
 937 0505 3B020000 		.4byte	0x23b
 938 0509 0E       		.uleb128 0xe
 939 050a B7010000 		.4byte	0x1b7
ARM GAS  C:\Users\DABBIR~1\AppData\Local\Temp\ccmKprjD.s 			page 18


 940 050e 19050000 		.4byte	0x519
 941 0512 11       		.uleb128 0x11
 942 0513 5E010000 		.4byte	0x15e
 943 0517 01       		.byte	0x1
 944 0518 00       		.byte	0
 945 0519 14       		.uleb128 0x14
 946 051a 46000000 		.4byte	.LASF61
 947 051e 05       		.byte	0x5
 948 051f B504     		.2byte	0x4b5
 949 0521 2B050000 		.4byte	0x52b
 950 0525 05       		.uleb128 0x5
 951 0526 03       		.byte	0x3
 952 0527 00000000 		.4byte	EE_resource_ceiling
 953 052b 10       		.uleb128 0x10
 954 052c 09050000 		.4byte	0x509
 955 0530 0E       		.uleb128 0xe
 956 0531 40050000 		.4byte	0x540
 957 0535 40050000 		.4byte	0x540
 958 0539 11       		.uleb128 0x11
 959 053a 5E010000 		.4byte	0x15e
 960 053e 01       		.byte	0x1
 961 053f 00       		.byte	0
 962 0540 10       		.uleb128 0x10
 963 0541 D6000000 		.4byte	0xd6
 964 0545 14       		.uleb128 0x14
 965 0546 C4040000 		.4byte	.LASF62
 966 054a 05       		.byte	0x5
 967 054b F804     		.2byte	0x4f8
 968 054d 57050000 		.4byte	0x557
 969 0551 05       		.uleb128 0x5
 970 0552 03       		.byte	0x3
 971 0553 00000000 		.4byte	EE_resource_isr2_priority
 972 0557 10       		.uleb128 0x10
 973 0558 30050000 		.4byte	0x530
 974 055c 0E       		.uleb128 0xe
 975 055d AA000000 		.4byte	0xaa
 976 0561 6C050000 		.4byte	0x56c
 977 0565 11       		.uleb128 0x11
 978 0566 5E010000 		.4byte	0x15e
 979 056a 01       		.byte	0x1
 980 056b 00       		.byte	0
 981 056c 14       		.uleb128 0x14
 982 056d 3A010000 		.4byte	.LASF63
 983 0571 05       		.byte	0x5
 984 0572 F404     		.2byte	0x4f4
 985 0574 5C050000 		.4byte	0x55c
 986 0578 05       		.uleb128 0x5
 987 0579 03       		.byte	0x3
 988 057a 00000000 		.4byte	EE_resource_oldceiling
 989 057e 0E       		.uleb128 0xe
 990 057f D6000000 		.4byte	0xd6
 991 0583 8E050000 		.4byte	0x58e
 992 0587 11       		.uleb128 0x11
 993 0588 5E010000 		.4byte	0x15e
 994 058c 01       		.byte	0x1
 995 058d 00       		.byte	0
 996 058e 14       		.uleb128 0x14
ARM GAS  C:\Users\DABBIR~1\AppData\Local\Temp\ccmKprjD.s 			page 19


 997 058f E2000000 		.4byte	.LASF64
 998 0593 05       		.byte	0x5
 999 0594 7405     		.2byte	0x574
 1000 0596 7E050000 		.4byte	0x57e
 1001 059a 05       		.uleb128 0x5
 1002 059b 03       		.byte	0x3
 1003 059c 00000000 		.4byte	EE_isr2_oldpriority
 1004 05a0 0E       		.uleb128 0xe
 1005 05a1 CB000000 		.4byte	0xcb
 1006 05a5 B0050000 		.4byte	0x5b0
 1007 05a9 11       		.uleb128 0x11
 1008 05aa 5E010000 		.4byte	0x15e
 1009 05ae 01       		.byte	0x1
 1010 05af 00       		.byte	0
 1011 05b0 14       		.uleb128 0x14
 1012 05b1 6A020000 		.4byte	.LASF65
 1013 05b5 05       		.byte	0x5
 1014 05b6 9404     		.2byte	0x494
 1015 05b8 A0050000 		.4byte	0x5a0
 1016 05bc 05       		.uleb128 0x5
 1017 05bd 03       		.byte	0x3
 1018 05be 00000000 		.4byte	EE_resource_locked
 1019 05c2 0E       		.uleb128 0xe
 1020 05c3 AA000000 		.4byte	0xaa
 1021 05c7 D2050000 		.4byte	0x5d2
 1022 05cb 11       		.uleb128 0x11
 1023 05cc 5E010000 		.4byte	0x15e
 1024 05d0 04       		.byte	0x4
 1025 05d1 00       		.byte	0
 1026 05d2 14       		.uleb128 0x14
 1027 05d3 4F040000 		.4byte	.LASF66
 1028 05d7 05       		.byte	0x5
 1029 05d8 3704     		.2byte	0x437
 1030 05da C2050000 		.4byte	0x5c2
 1031 05de 05       		.uleb128 0x5
 1032 05df 03       		.byte	0x3
 1033 05e0 00000000 		.4byte	EE_th_resource_last
 1034 05e4 14       		.uleb128 0x14
 1035 05e5 FB040000 		.4byte	.LASF67
 1036 05e9 05       		.byte	0x5
 1037 05ea 7004     		.2byte	0x470
 1038 05ec 5C050000 		.4byte	0x55c
 1039 05f0 05       		.uleb128 0x5
 1040 05f1 03       		.byte	0x3
 1041 05f2 00000000 		.4byte	EE_resource_stack
 1042 05f6 0E       		.uleb128 0xe
 1043 05f7 AA000000 		.4byte	0xaa
 1044 05fb 06060000 		.4byte	0x606
 1045 05ff 11       		.uleb128 0x11
 1046 0600 5E010000 		.4byte	0x15e
 1047 0604 00       		.byte	0
 1048 0605 00       		.byte	0
 1049 0606 14       		.uleb128 0x14
 1050 0607 E5040000 		.4byte	.LASF68
 1051 060b 05       		.byte	0x5
 1052 060c F405     		.2byte	0x5f4
 1053 060e F6050000 		.4byte	0x5f6
ARM GAS  C:\Users\DABBIR~1\AppData\Local\Temp\ccmKprjD.s 			page 20


 1054 0612 05       		.uleb128 0x5
 1055 0613 03       		.byte	0x3
 1056 0614 00000000 		.4byte	EE_isr2_nesting_level
 1057 0618 0E       		.uleb128 0xe
 1058 0619 28060000 		.4byte	0x628
 1059 061d 28060000 		.4byte	0x628
 1060 0621 11       		.uleb128 0x11
 1061 0622 5E010000 		.4byte	0x15e
 1062 0626 00       		.byte	0
 1063 0627 00       		.byte	0
 1064 0628 10       		.uleb128 0x10
 1065 0629 11010000 		.4byte	0x111
 1066 062d 14       		.uleb128 0x14
 1067 062e 2D060000 		.4byte	.LASF69
 1068 0632 05       		.byte	0x5
 1069 0633 9607     		.2byte	0x796
 1070 0635 3F060000 		.4byte	0x63f
 1071 0639 05       		.uleb128 0x5
 1072 063a 03       		.byte	0x3
 1073 063b 00000000 		.4byte	EE_oo_autostart_task_data
 1074 063f 10       		.uleb128 0x10
 1075 0640 18060000 		.4byte	0x618
 1076 0644 16       		.uleb128 0x16
 1077 0645 47060000 		.4byte	.LASF70
 1078 0649 06       		.byte	0x6
 1079 064a 40       		.byte	0x40
 1080 064b AA000000 		.4byte	0xaa
 1081 064f 16       		.uleb128 0x16
 1082 0650 51020000 		.4byte	.LASF71
 1083 0654 06       		.byte	0x6
 1084 0655 47       		.byte	0x47
 1085 0656 C0000000 		.4byte	0xc0
 1086 065a 14       		.uleb128 0x14
 1087 065b 0B040000 		.4byte	.LASF72
 1088 065f 05       		.byte	0x5
 1089 0660 5C07     		.2byte	0x75c
 1090 0662 AA000000 		.4byte	0xaa
 1091 0666 05       		.uleb128 0x5
 1092 0667 03       		.byte	0x3
 1093 0668 00000000 		.4byte	EE_ApplicationMode
 1094 066c 16       		.uleb128 0x16
 1095 066d 76030000 		.4byte	.LASF73
 1096 0671 07       		.byte	0x7
 1097 0672 48       		.byte	0x48
 1098 0673 E1000000 		.4byte	0xe1
 1099 0677 16       		.uleb128 0x16
 1100 0678 67010000 		.4byte	.LASF74
 1101 067c 08       		.byte	0x8
 1102 067d 44       		.byte	0x44
 1103 067e AA000000 		.4byte	0xaa
 1104 0682 13       		.uleb128 0x13
 1105 0683 F6030000 		.4byte	.LASF75
 1106 0687 05       		.byte	0x5
 1107 0688 AD       		.byte	0xad
 1108 0689 EC000000 		.4byte	0xec
 1109 068d 05       		.uleb128 0x5
 1110 068e 03       		.byte	0x3
ARM GAS  C:\Users\DABBIR~1\AppData\Local\Temp\ccmKprjD.s 			page 21


 1111 068f 00000000 		.4byte	EE_cortex_mx_IRQ_tos
 1112 0693 0E       		.uleb128 0xe
 1113 0694 55000000 		.4byte	0x55
 1114 0698 A4060000 		.4byte	0x6a4
 1115 069c 17       		.uleb128 0x17
 1116 069d 5E010000 		.4byte	0x15e
 1117 06a1 E703     		.2byte	0x3e7
 1118 06a3 00       		.byte	0
 1119 06a4 13       		.uleb128 0x13
 1120 06a5 40030000 		.4byte	.LASF76
 1121 06a9 05       		.byte	0x5
 1122 06aa 11       		.byte	0x11
 1123 06ab 93060000 		.4byte	0x693
 1124 06af 05       		.uleb128 0x5
 1125 06b0 03       		.byte	0x3
 1126 06b1 00000000 		.4byte	EE_cortex_mx_stack_1
 1127 06b5 0E       		.uleb128 0xe
 1128 06b6 55000000 		.4byte	0x55
 1129 06ba C5060000 		.4byte	0x6c5
 1130 06be 11       		.uleb128 0x11
 1131 06bf 5E010000 		.4byte	0x15e
 1132 06c3 F9       		.byte	0xf9
 1133 06c4 00       		.byte	0
 1134 06c5 13       		.uleb128 0x13
 1135 06c6 55030000 		.4byte	.LASF77
 1136 06ca 05       		.byte	0x5
 1137 06cb 15       		.byte	0x15
 1138 06cc B5060000 		.4byte	0x6b5
 1139 06d0 05       		.uleb128 0x5
 1140 06d1 03       		.byte	0x3
 1141 06d2 00000000 		.4byte	EE_cortex_mx_stack_2
 1142 06d6 0E       		.uleb128 0xe
 1143 06d7 55000000 		.4byte	0x55
 1144 06db E6060000 		.4byte	0x6e6
 1145 06df 11       		.uleb128 0x11
 1146 06e0 5E010000 		.4byte	0x15e
 1147 06e4 7F       		.byte	0x7f
 1148 06e5 00       		.byte	0
 1149 06e6 13       		.uleb128 0x13
 1150 06e7 98030000 		.4byte	.LASF78
 1151 06eb 05       		.byte	0x5
 1152 06ec 32       		.byte	0x32
 1153 06ed D6060000 		.4byte	0x6d6
 1154 06f1 05       		.uleb128 0x5
 1155 06f2 03       		.byte	0x3
 1156 06f3 00000000 		.4byte	EE_cortex_mx_stack_9
 1157 06f7 14       		.uleb128 0x14
 1158 06f8 DD020000 		.4byte	.LASF79
 1159 06fc 05       		.byte	0x5
 1160 06fd 7605     		.2byte	0x576
 1161 06ff 09070000 		.4byte	0x709
 1162 0703 05       		.uleb128 0x5
 1163 0704 03       		.byte	0x3
 1164 0705 00000000 		.4byte	EE_resource_isr2_ceiling
 1165 0709 10       		.uleb128 0x10
 1166 070a 09050000 		.4byte	0x509
 1167 070e 00       		.byte	0
ARM GAS  C:\Users\DABBIR~1\AppData\Local\Temp\ccmKprjD.s 			page 22


 1168              		.section	.debug_abbrev,"",%progbits
 1169              	.Ldebug_abbrev0:
 1170 0000 01       		.uleb128 0x1
 1171 0001 11       		.uleb128 0x11
 1172 0002 01       		.byte	0x1
 1173 0003 25       		.uleb128 0x25
 1174 0004 0E       		.uleb128 0xe
 1175 0005 13       		.uleb128 0x13
 1176 0006 0B       		.uleb128 0xb
 1177 0007 03       		.uleb128 0x3
 1178 0008 0E       		.uleb128 0xe
 1179 0009 1B       		.uleb128 0x1b
 1180 000a 0E       		.uleb128 0xe
 1181 000b 10       		.uleb128 0x10
 1182 000c 17       		.uleb128 0x17
 1183 000d 00       		.byte	0
 1184 000e 00       		.byte	0
 1185 000f 02       		.uleb128 0x2
 1186 0010 24       		.uleb128 0x24
 1187 0011 00       		.byte	0
 1188 0012 0B       		.uleb128 0xb
 1189 0013 0B       		.uleb128 0xb
 1190 0014 3E       		.uleb128 0x3e
 1191 0015 0B       		.uleb128 0xb
 1192 0016 03       		.uleb128 0x3
 1193 0017 0E       		.uleb128 0xe
 1194 0018 00       		.byte	0
 1195 0019 00       		.byte	0
 1196 001a 03       		.uleb128 0x3
 1197 001b 24       		.uleb128 0x24
 1198 001c 00       		.byte	0
 1199 001d 0B       		.uleb128 0xb
 1200 001e 0B       		.uleb128 0xb
 1201 001f 3E       		.uleb128 0x3e
 1202 0020 0B       		.uleb128 0xb
 1203 0021 03       		.uleb128 0x3
 1204 0022 08       		.uleb128 0x8
 1205 0023 00       		.byte	0
 1206 0024 00       		.byte	0
 1207 0025 04       		.uleb128 0x4
 1208 0026 16       		.uleb128 0x16
 1209 0027 00       		.byte	0
 1210 0028 03       		.uleb128 0x3
 1211 0029 0E       		.uleb128 0xe
 1212 002a 3A       		.uleb128 0x3a
 1213 002b 0B       		.uleb128 0xb
 1214 002c 3B       		.uleb128 0x3b
 1215 002d 0B       		.uleb128 0xb
 1216 002e 49       		.uleb128 0x49
 1217 002f 13       		.uleb128 0x13
 1218 0030 00       		.byte	0
 1219 0031 00       		.byte	0
 1220 0032 05       		.uleb128 0x5
 1221 0033 0F       		.uleb128 0xf
 1222 0034 00       		.byte	0
 1223 0035 0B       		.uleb128 0xb
 1224 0036 0B       		.uleb128 0xb
ARM GAS  C:\Users\DABBIR~1\AppData\Local\Temp\ccmKprjD.s 			page 23


 1225 0037 00       		.byte	0
 1226 0038 00       		.byte	0
 1227 0039 06       		.uleb128 0x6
 1228 003a 0F       		.uleb128 0xf
 1229 003b 00       		.byte	0
 1230 003c 0B       		.uleb128 0xb
 1231 003d 0B       		.uleb128 0xb
 1232 003e 49       		.uleb128 0x49
 1233 003f 13       		.uleb128 0x13
 1234 0040 00       		.byte	0
 1235 0041 00       		.byte	0
 1236 0042 07       		.uleb128 0x7
 1237 0043 15       		.uleb128 0x15
 1238 0044 00       		.byte	0
 1239 0045 27       		.uleb128 0x27
 1240 0046 19       		.uleb128 0x19
 1241 0047 00       		.byte	0
 1242 0048 00       		.byte	0
 1243 0049 08       		.uleb128 0x8
 1244 004a 13       		.uleb128 0x13
 1245 004b 01       		.byte	0x1
 1246 004c 03       		.uleb128 0x3
 1247 004d 0E       		.uleb128 0xe
 1248 004e 0B       		.uleb128 0xb
 1249 004f 0B       		.uleb128 0xb
 1250 0050 3A       		.uleb128 0x3a
 1251 0051 0B       		.uleb128 0xb
 1252 0052 3B       		.uleb128 0x3b
 1253 0053 0B       		.uleb128 0xb
 1254 0054 01       		.uleb128 0x1
 1255 0055 13       		.uleb128 0x13
 1256 0056 00       		.byte	0
 1257 0057 00       		.byte	0
 1258 0058 09       		.uleb128 0x9
 1259 0059 0D       		.uleb128 0xd
 1260 005a 00       		.byte	0
 1261 005b 03       		.uleb128 0x3
 1262 005c 0E       		.uleb128 0xe
 1263 005d 3A       		.uleb128 0x3a
 1264 005e 0B       		.uleb128 0xb
 1265 005f 3B       		.uleb128 0x3b
 1266 0060 0B       		.uleb128 0xb
 1267 0061 49       		.uleb128 0x49
 1268 0062 13       		.uleb128 0x13
 1269 0063 38       		.uleb128 0x38
 1270 0064 0B       		.uleb128 0xb
 1271 0065 00       		.byte	0
 1272 0066 00       		.byte	0
 1273 0067 0A       		.uleb128 0xa
 1274 0068 16       		.uleb128 0x16
 1275 0069 00       		.byte	0
 1276 006a 03       		.uleb128 0x3
 1277 006b 0E       		.uleb128 0xe
 1278 006c 3A       		.uleb128 0x3a
 1279 006d 0B       		.uleb128 0xb
 1280 006e 3B       		.uleb128 0x3b
 1281 006f 05       		.uleb128 0x5
ARM GAS  C:\Users\DABBIR~1\AppData\Local\Temp\ccmKprjD.s 			page 24


 1282 0070 49       		.uleb128 0x49
 1283 0071 13       		.uleb128 0x13
 1284 0072 00       		.byte	0
 1285 0073 00       		.byte	0
 1286 0074 0B       		.uleb128 0xb
 1287 0075 13       		.uleb128 0x13
 1288 0076 01       		.byte	0x1
 1289 0077 03       		.uleb128 0x3
 1290 0078 0E       		.uleb128 0xe
 1291 0079 0B       		.uleb128 0xb
 1292 007a 0B       		.uleb128 0xb
 1293 007b 3A       		.uleb128 0x3a
 1294 007c 0B       		.uleb128 0xb
 1295 007d 3B       		.uleb128 0x3b
 1296 007e 05       		.uleb128 0x5
 1297 007f 01       		.uleb128 0x1
 1298 0080 13       		.uleb128 0x13
 1299 0081 00       		.byte	0
 1300 0082 00       		.byte	0
 1301 0083 0C       		.uleb128 0xc
 1302 0084 0D       		.uleb128 0xd
 1303 0085 00       		.byte	0
 1304 0086 03       		.uleb128 0x3
 1305 0087 08       		.uleb128 0x8
 1306 0088 3A       		.uleb128 0x3a
 1307 0089 0B       		.uleb128 0xb
 1308 008a 3B       		.uleb128 0x3b
 1309 008b 05       		.uleb128 0x5
 1310 008c 49       		.uleb128 0x49
 1311 008d 13       		.uleb128 0x13
 1312 008e 38       		.uleb128 0x38
 1313 008f 0B       		.uleb128 0xb
 1314 0090 00       		.byte	0
 1315 0091 00       		.byte	0
 1316 0092 0D       		.uleb128 0xd
 1317 0093 0D       		.uleb128 0xd
 1318 0094 00       		.byte	0
 1319 0095 03       		.uleb128 0x3
 1320 0096 0E       		.uleb128 0xe
 1321 0097 3A       		.uleb128 0x3a
 1322 0098 0B       		.uleb128 0xb
 1323 0099 3B       		.uleb128 0x3b
 1324 009a 05       		.uleb128 0x5
 1325 009b 49       		.uleb128 0x49
 1326 009c 13       		.uleb128 0x13
 1327 009d 38       		.uleb128 0x38
 1328 009e 0B       		.uleb128 0xb
 1329 009f 00       		.byte	0
 1330 00a0 00       		.byte	0
 1331 00a1 0E       		.uleb128 0xe
 1332 00a2 01       		.uleb128 0x1
 1333 00a3 01       		.byte	0x1
 1334 00a4 49       		.uleb128 0x49
 1335 00a5 13       		.uleb128 0x13
 1336 00a6 01       		.uleb128 0x1
 1337 00a7 13       		.uleb128 0x13
 1338 00a8 00       		.byte	0
ARM GAS  C:\Users\DABBIR~1\AppData\Local\Temp\ccmKprjD.s 			page 25


 1339 00a9 00       		.byte	0
 1340 00aa 0F       		.uleb128 0xf
 1341 00ab 21       		.uleb128 0x21
 1342 00ac 00       		.byte	0
 1343 00ad 00       		.byte	0
 1344 00ae 00       		.byte	0
 1345 00af 10       		.uleb128 0x10
 1346 00b0 26       		.uleb128 0x26
 1347 00b1 00       		.byte	0
 1348 00b2 49       		.uleb128 0x49
 1349 00b3 13       		.uleb128 0x13
 1350 00b4 00       		.byte	0
 1351 00b5 00       		.byte	0
 1352 00b6 11       		.uleb128 0x11
 1353 00b7 21       		.uleb128 0x21
 1354 00b8 00       		.byte	0
 1355 00b9 49       		.uleb128 0x49
 1356 00ba 13       		.uleb128 0x13
 1357 00bb 2F       		.uleb128 0x2f
 1358 00bc 0B       		.uleb128 0xb
 1359 00bd 00       		.byte	0
 1360 00be 00       		.byte	0
 1361 00bf 12       		.uleb128 0x12
 1362 00c0 34       		.uleb128 0x34
 1363 00c1 00       		.byte	0
 1364 00c2 03       		.uleb128 0x3
 1365 00c3 0E       		.uleb128 0xe
 1366 00c4 3A       		.uleb128 0x3a
 1367 00c5 0B       		.uleb128 0xb
 1368 00c6 3B       		.uleb128 0x3b
 1369 00c7 05       		.uleb128 0x5
 1370 00c8 49       		.uleb128 0x49
 1371 00c9 13       		.uleb128 0x13
 1372 00ca 02       		.uleb128 0x2
 1373 00cb 18       		.uleb128 0x18
 1374 00cc 00       		.byte	0
 1375 00cd 00       		.byte	0
 1376 00ce 13       		.uleb128 0x13
 1377 00cf 34       		.uleb128 0x34
 1378 00d0 00       		.byte	0
 1379 00d1 03       		.uleb128 0x3
 1380 00d2 0E       		.uleb128 0xe
 1381 00d3 3A       		.uleb128 0x3a
 1382 00d4 0B       		.uleb128 0xb
 1383 00d5 3B       		.uleb128 0x3b
 1384 00d6 0B       		.uleb128 0xb
 1385 00d7 49       		.uleb128 0x49
 1386 00d8 13       		.uleb128 0x13
 1387 00d9 3F       		.uleb128 0x3f
 1388 00da 19       		.uleb128 0x19
 1389 00db 02       		.uleb128 0x2
 1390 00dc 18       		.uleb128 0x18
 1391 00dd 00       		.byte	0
 1392 00de 00       		.byte	0
 1393 00df 14       		.uleb128 0x14
 1394 00e0 34       		.uleb128 0x34
 1395 00e1 00       		.byte	0
ARM GAS  C:\Users\DABBIR~1\AppData\Local\Temp\ccmKprjD.s 			page 26


 1396 00e2 03       		.uleb128 0x3
 1397 00e3 0E       		.uleb128 0xe
 1398 00e4 3A       		.uleb128 0x3a
 1399 00e5 0B       		.uleb128 0xb
 1400 00e6 3B       		.uleb128 0x3b
 1401 00e7 05       		.uleb128 0x5
 1402 00e8 49       		.uleb128 0x49
 1403 00e9 13       		.uleb128 0x13
 1404 00ea 3F       		.uleb128 0x3f
 1405 00eb 19       		.uleb128 0x19
 1406 00ec 02       		.uleb128 0x2
 1407 00ed 18       		.uleb128 0x18
 1408 00ee 00       		.byte	0
 1409 00ef 00       		.byte	0
 1410 00f0 15       		.uleb128 0x15
 1411 00f1 21       		.uleb128 0x21
 1412 00f2 00       		.byte	0
 1413 00f3 49       		.uleb128 0x49
 1414 00f4 13       		.uleb128 0x13
 1415 00f5 00       		.byte	0
 1416 00f6 00       		.byte	0
 1417 00f7 16       		.uleb128 0x16
 1418 00f8 34       		.uleb128 0x34
 1419 00f9 00       		.byte	0
 1420 00fa 03       		.uleb128 0x3
 1421 00fb 0E       		.uleb128 0xe
 1422 00fc 3A       		.uleb128 0x3a
 1423 00fd 0B       		.uleb128 0xb
 1424 00fe 3B       		.uleb128 0x3b
 1425 00ff 0B       		.uleb128 0xb
 1426 0100 49       		.uleb128 0x49
 1427 0101 13       		.uleb128 0x13
 1428 0102 3F       		.uleb128 0x3f
 1429 0103 19       		.uleb128 0x19
 1430 0104 3C       		.uleb128 0x3c
 1431 0105 19       		.uleb128 0x19
 1432 0106 00       		.byte	0
 1433 0107 00       		.byte	0
 1434 0108 17       		.uleb128 0x17
 1435 0109 21       		.uleb128 0x21
 1436 010a 00       		.byte	0
 1437 010b 49       		.uleb128 0x49
 1438 010c 13       		.uleb128 0x13
 1439 010d 2F       		.uleb128 0x2f
 1440 010e 05       		.uleb128 0x5
 1441 010f 00       		.byte	0
 1442 0110 00       		.byte	0
 1443 0111 00       		.byte	0
 1444              		.section	.debug_aranges,"",%progbits
 1445 0000 14000000 		.4byte	0x14
 1446 0004 0200     		.2byte	0x2
 1447 0006 00000000 		.4byte	.Ldebug_info0
 1448 000a 04       		.byte	0x4
 1449 000b 00       		.byte	0
 1450 000c 0000     		.2byte	0
 1451 000e 0000     		.2byte	0
 1452 0010 00000000 		.4byte	0
ARM GAS  C:\Users\DABBIR~1\AppData\Local\Temp\ccmKprjD.s 			page 27


 1453 0014 00000000 		.4byte	0
 1454              		.section	.debug_line,"",%progbits
 1455              	.Ldebug_line0:
 1456 0000 38010000 		.section	.debug_str,"MS",%progbits,1
 1456      02003201 
 1456      00000201 
 1456      FB0E0D00 
 1456      01010101 
 1457              	.LASF47:
 1458 0000 45455F74 		.ascii	"EE_th_terminate_nextask\000"
 1458      685F7465 
 1458      726D696E 
 1458      6174655F 
 1458      6E657874 
 1459              	.LASF32:
 1460 0018 45455F63 		.ascii	"EE_cortex_mx_active_tos\000"
 1460      6F727465 
 1460      785F6D78 
 1460      5F616374 
 1460      6976655F 
 1461              	.LASF55:
 1462 0030 45455F72 		.ascii	"EE_rq_bitmask\000"
 1462      715F6269 
 1462      746D6173 
 1462      6B00
 1463              	.LASF15:
 1464 003e 45455F55 		.ascii	"EE_UREG\000"
 1464      52454700 
 1465              	.LASF61:
 1466 0046 45455F72 		.ascii	"EE_resource_ceiling\000"
 1466      65736F75 
 1466      7263655F 
 1466      6365696C 
 1466      696E6700 
 1467              	.LASF56:
 1468 005a 45455F72 		.ascii	"EE_rq_free\000"
 1468      715F6672 
 1468      656500
 1469              	.LASF31:
 1470 0065 45455F63 		.ascii	"EE_cortex_mx_system_tos\000"
 1470      6F727465 
 1470      785F6D78 
 1470      5F737973 
 1470      74656D5F 
 1471              	.LASF29:
 1472 007d 45455F74 		.ascii	"EE_terminate_data\000"
 1472      65726D69 
 1472      6E617465 
 1472      5F646174 
 1472      6100
 1473              	.LASF59:
 1474 008f 45455F74 		.ascii	"EE_th_waswaiting\000"
 1474      685F7761 
 1474      73776169 
 1474      74696E67 
 1474      00
 1475              	.LASF2:
ARM GAS  C:\Users\DABBIR~1\AppData\Local\Temp\ccmKprjD.s 			page 28


 1476 00a0 73686F72 		.ascii	"short int\000"
 1476      7420696E 
 1476      7400
 1477              	.LASF60:
 1478 00aa 45455F74 		.ascii	"EE_th_is_extended\000"
 1478      685F6973 
 1478      5F657874 
 1478      656E6465 
 1478      6400
 1479              	.LASF26:
 1480 00bc 73697A65 		.ascii	"sizetype\000"
 1480      74797065 
 1480      00
 1481              	.LASF25:
 1482 00c5 7461736B 		.ascii	"task\000"
 1482      00
 1483              	.LASF33:
 1484 00ca 45455F74 		.ascii	"EE_th_rnact_max\000"
 1484      685F726E 
 1484      6163745F 
 1484      6D617800 
 1485              	.LASF17:
 1486 00da 45455F46 		.ascii	"EE_FREG\000"
 1486      52454700 
 1487              	.LASF64:
 1488 00e2 45455F69 		.ascii	"EE_isr2_oldpriority\000"
 1488      7372325F 
 1488      6F6C6470 
 1488      72696F72 
 1488      69747900 
 1489              	.LASF12:
 1490 00f6 45455F55 		.ascii	"EE_UINT32\000"
 1490      494E5433 
 1490      3200
 1491              	.LASF34:
 1492 0100 45455F74 		.ascii	"EE_th_ready_prio\000"
 1492      685F7265 
 1492      6164795F 
 1492      7072696F 
 1492      00
 1493              	.LASF51:
 1494 0111 45455F72 		.ascii	"EE_rq_queues_head\000"
 1494      715F7175 
 1494      65756573 
 1494      5F686561 
 1494      6400
 1495              	.LASF20:
 1496 0123 45455F54 		.ascii	"EE_TID\000"
 1496      494400
 1497              	.LASF19:
 1498 012a 45455F54 		.ascii	"EE_TYPEISR2PRIO\000"
 1498      59504549 
 1498      53523250 
 1498      52494F00 
 1499              	.LASF63:
 1500 013a 45455F72 		.ascii	"EE_resource_oldceiling\000"
 1500      65736F75 
ARM GAS  C:\Users\DABBIR~1\AppData\Local\Temp\ccmKprjD.s 			page 29


 1500      7263655F 
 1500      6F6C6463 
 1500      65696C69 
 1501              	.LASF39:
 1502 0151 45455F41 		.ascii	"EE_ALARM_NAME\000"
 1502      4C41524D 
 1502      5F4E414D 
 1502      4500
 1503              	.LASF13:
 1504 015f 45455F41 		.ascii	"EE_ADDR\000"
 1504      44445200 
 1505              	.LASF74:
 1506 0167 45455F49 		.ascii	"EE_IRQ_nesting_level\000"
 1506      52515F6E 
 1506      65737469 
 1506      6E675F6C 
 1506      6576656C 
 1507              	.LASF27:
 1508 017c 45455F68 		.ascii	"EE_hal_thread_body\000"
 1508      616C5F74 
 1508      68726561 
 1508      645F626F 
 1508      647900
 1509              	.LASF50:
 1510 018f 45455F72 		.ascii	"EE_rq_link\000"
 1510      715F6C69 
 1510      6E6B00
 1511              	.LASF6:
 1512 019a 6C6F6E67 		.ascii	"long long int\000"
 1512      206C6F6E 
 1512      6720696E 
 1512      7400
 1513              	.LASF41:
 1514 01a8 45455F52 		.ascii	"EE_RESOURCE_ID\000"
 1514      45534F55 
 1514      5243455F 
 1514      494400
 1515              	.LASF21:
 1516 01b7 45455F54 		.ascii	"EE_TYPE_RQ_MASK\000"
 1516      5950455F 
 1516      52515F4D 
 1516      41534B00 
 1517              	.LASF82:
 1518 01c7 433A5C4D 		.ascii	"C:\\My_Files\\College_Documents\\AMA EOS\\EOS\\LAB\\"
 1518      795F4669 
 1518      6C65735C 
 1518      436F6C6C 
 1518      6567655F 
 1519 01f5 4C41425F 		.ascii	"LAB_2_Submission\\Json Parser\\code\\w06_criticalRe"
 1519      325F5375 
 1519      626D6973 
 1519      73696F6E 
 1519      5C4A736F 
 1520 0225 67696F6E 		.ascii	"gion.cydsn\\Lab2_JSONParser01.cydsn\000"
 1520      2E637964 
 1520      736E5C4C 
 1520      6162325F 
ARM GAS  C:\Users\DABBIR~1\AppData\Local\Temp\ccmKprjD.s 			page 30


 1520      4A534F4E 
 1521              	.LASF4:
 1522 0248 6C6F6E67 		.ascii	"long int\000"
 1522      20696E74 
 1522      00
 1523              	.LASF71:
 1524 0251 45455F6F 		.ascii	"EE_oo_IRQ_suspend_status\000"
 1524      6F5F4952 
 1524      515F7375 
 1524      7370656E 
 1524      645F7374 
 1525              	.LASF65:
 1526 026a 45455F72 		.ascii	"EE_resource_locked\000"
 1526      65736F75 
 1526      7263655F 
 1526      6C6F636B 
 1526      656400
 1527              	.LASF42:
 1528 027d 45455F45 		.ascii	"EE_EVENT_ID\000"
 1528      56454E54 
 1528      5F494400 
 1529              	.LASF30:
 1530 0289 45455F74 		.ascii	"EE_terminate_real_th_body\000"
 1530      65726D69 
 1530      6E617465 
 1530      5F726561 
 1530      6C5F7468 
 1531              	.LASF53:
 1532 02a3 45455F72 		.ascii	"EE_rq_pairs_next\000"
 1532      715F7061 
 1532      6972735F 
 1532      6E657874 
 1532      00
 1533              	.LASF49:
 1534 02b4 45455F73 		.ascii	"EE_sys_ceiling\000"
 1534      79735F63 
 1534      65696C69 
 1534      6E6700
 1535              	.LASF9:
 1536 02c3 6C6F6E67 		.ascii	"long double\000"
 1536      20646F75 
 1536      626C6500 
 1537              	.LASF1:
 1538 02cf 756E7369 		.ascii	"unsigned char\000"
 1538      676E6564 
 1538      20636861 
 1538      7200
 1539              	.LASF79:
 1540 02dd 45455F72 		.ascii	"EE_resource_isr2_ceiling\000"
 1540      65736F75 
 1540      7263655F 
 1540      69737232 
 1540      5F636569 
 1541              	.LASF16:
 1542 02f6 45455F53 		.ascii	"EE_SREG\000"
 1542      52454700 
 1543              	.LASF0:
ARM GAS  C:\Users\DABBIR~1\AppData\Local\Temp\ccmKprjD.s 			page 31


 1544 02fe 7369676E 		.ascii	"signed char\000"
 1544      65642063 
 1544      68617200 
 1545              	.LASF7:
 1546 030a 6C6F6E67 		.ascii	"long long unsigned int\000"
 1546      206C6F6E 
 1546      6720756E 
 1546      7369676E 
 1546      65642069 
 1547              	.LASF28:
 1548 0321 45455F73 		.ascii	"EE_std_thread_tos\000"
 1548      74645F74 
 1548      68726561 
 1548      645F746F 
 1548      7300
 1549              	.LASF8:
 1550 0333 756E7369 		.ascii	"unsigned int\000"
 1550      676E6564 
 1550      20696E74 
 1550      00
 1551              	.LASF76:
 1552 0340 45455F63 		.ascii	"EE_cortex_mx_stack_1\000"
 1552      6F727465 
 1552      785F6D78 
 1552      5F737461 
 1552      636B5F31 
 1553              	.LASF77:
 1554 0355 45455F63 		.ascii	"EE_cortex_mx_stack_2\000"
 1554      6F727465 
 1554      785F6D78 
 1554      5F737461 
 1554      636B5F32 
 1555              	.LASF46:
 1556 036a 45455F74 		.ascii	"EE_th_rnact\000"
 1556      685F726E 
 1556      61637400 
 1557              	.LASF73:
 1558 0376 45455F73 		.ascii	"EE_std_endcycle_next_tid\000"
 1558      74645F65 
 1558      6E646379 
 1558      636C655F 
 1558      6E657874 
 1559              	.LASF11:
 1560 038f 45455F49 		.ascii	"EE_INT32\000"
 1560      4E543332 
 1560      00
 1561              	.LASF78:
 1562 0398 45455F63 		.ascii	"EE_cortex_mx_stack_9\000"
 1562      6F727465 
 1562      785F6D78 
 1562      5F737461 
 1562      636B5F39 
 1563              	.LASF3:
 1564 03ad 73686F72 		.ascii	"short unsigned int\000"
 1564      7420756E 
 1564      7369676E 
 1564      65642069 
ARM GAS  C:\Users\DABBIR~1\AppData\Local\Temp\ccmKprjD.s 			page 32


 1564      6E7400
 1565              	.LASF37:
 1566 03c0 45455F54 		.ascii	"EE_TASK_NAME\000"
 1566      41534B5F 
 1566      4E414D45 
 1566      00
 1567              	.LASF36:
 1568 03cd 63686172 		.ascii	"char\000"
 1568      00
 1569              	.LASF10:
 1570 03d2 45455F55 		.ascii	"EE_UINT16\000"
 1570      494E5431 
 1570      3600
 1571              	.LASF43:
 1572 03dc 45455F41 		.ascii	"EE_ALARM_ID\000"
 1572      4C41524D 
 1572      5F494400 
 1573              	.LASF14:
 1574 03e8 45455F54 		.ascii	"EE_THREAD_PTR\000"
 1574      48524541 
 1574      445F5054 
 1574      5200
 1575              	.LASF75:
 1576 03f6 45455F63 		.ascii	"EE_cortex_mx_IRQ_tos\000"
 1576      6F727465 
 1576      785F6D78 
 1576      5F495251 
 1576      5F746F73 
 1577              	.LASF72:
 1578 040b 45455F41 		.ascii	"EE_ApplicationMode\000"
 1578      70706C69 
 1578      63617469 
 1578      6F6E4D6F 
 1578      646500
 1579              	.LASF5:
 1580 041e 6C6F6E67 		.ascii	"long unsigned int\000"
 1580      20756E73 
 1580      69676E65 
 1580      6420696E 
 1580      7400
 1581              	.LASF57:
 1582 0430 45455F74 		.ascii	"EE_th_event_active\000"
 1582      685F6576 
 1582      656E745F 
 1582      61637469 
 1582      766500
 1583              	.LASF18:
 1584 0443 45455F54 		.ascii	"EE_TYPEBOOL\000"
 1584      59504542 
 1584      4F4F4C00 
 1585              	.LASF66:
 1586 044f 45455F74 		.ascii	"EE_th_resource_last\000"
 1586      685F7265 
 1586      736F7572 
 1586      63655F6C 
 1586      61737400 
 1587              	.LASF48:
ARM GAS  C:\Users\DABBIR~1\AppData\Local\Temp\ccmKprjD.s 			page 33


 1588 0463 45455F73 		.ascii	"EE_stkfirst\000"
 1588      746B6669 
 1588      72737400 
 1589              	.LASF58:
 1590 046f 45455F74 		.ascii	"EE_th_event_waitmask\000"
 1590      685F6576 
 1590      656E745F 
 1590      77616974 
 1590      6D61736B 
 1591              	.LASF54:
 1592 0484 45455F72 		.ascii	"EE_rq_pairs_tid\000"
 1592      715F7061 
 1592      6972735F 
 1592      74696400 
 1593              	.LASF23:
 1594 0494 45455F6F 		.ascii	"EE_oo_autostart_task_type\000"
 1594      6F5F6175 
 1594      746F7374 
 1594      6172745F 
 1594      7461736B 
 1595              	.LASF24:
 1596 04ae 5359535F 		.ascii	"SYS_tos\000"
 1596      746F7300 
 1597              	.LASF38:
 1598 04b6 45455F45 		.ascii	"EE_EVENT_NAME\000"
 1598      56454E54 
 1598      5F4E414D 
 1598      4500
 1599              	.LASF62:
 1600 04c4 45455F72 		.ascii	"EE_resource_isr2_priority\000"
 1600      65736F75 
 1600      7263655F 
 1600      69737232 
 1600      5F707269 
 1601              	.LASF22:
 1602 04de 45455F54 		.ascii	"EE_TOS\000"
 1602      4F5300
 1603              	.LASF68:
 1604 04e5 45455F69 		.ascii	"EE_isr2_nesting_level\000"
 1604      7372325F 
 1604      6E657374 
 1604      696E675F 
 1604      6C657665 
 1605              	.LASF67:
 1606 04fb 45455F72 		.ascii	"EE_resource_stack\000"
 1606      65736F75 
 1606      7263655F 
 1606      73746163 
 1606      6B00
 1607              	.LASF81:
 1608 050d 47656E65 		.ascii	"Generated_Source\\PSoC5\\ErikaOS_1_eecfg.c\000"
 1608      72617465 
 1608      645F536F 
 1608      75726365 
 1608      5C50536F 
 1609              	.LASF44:
 1610 0536 45455F74 		.ascii	"EE_th_status\000"
ARM GAS  C:\Users\DABBIR~1\AppData\Local\Temp\ccmKprjD.s 			page 34


 1610      685F7374 
 1610      61747573 
 1610      00
 1611              	.LASF35:
 1612 0543 45455F74 		.ascii	"EE_th_dispatch_prio\000"
 1612      685F6469 
 1612      73706174 
 1612      63685F70 
 1612      72696F00 
 1613              	.LASF83:
 1614 0557 45455F6F 		.ascii	"EE_oo_autostart_task_mode_OSDEFAULTAPPMODE\000"
 1614      6F5F6175 
 1614      746F7374 
 1614      6172745F 
 1614      7461736B 
 1615              	.LASF45:
 1616 0582 45455F74 		.ascii	"EE_th_next\000"
 1616      685F6E65 
 1616      787400
 1617              	.LASF52:
 1618 058d 45455F72 		.ascii	"EE_rq_queues_tail\000"
 1618      715F7175 
 1618      65756573 
 1618      5F746169 
 1618      6C00
 1619              	.LASF80:
 1620 059f 474E5520 		.ascii	"GNU C11 5.4.1 20160609 (release) [ARM/embedded-5-br"
 1620      43313120 
 1620      352E342E 
 1620      31203230 
 1620      31363036 
 1621 05d2 616E6368 		.ascii	"anch revision 237715] -mcpu=cortex-m3 -mthumb -g -O"
 1621      20726576 
 1621      6973696F 
 1621      6E203233 
 1621      37373135 
 1622 0605 67202D66 		.ascii	"g -ffunction-sections -ffat-lto-objects\000"
 1622      66756E63 
 1622      74696F6E 
 1622      2D736563 
 1622      74696F6E 
 1623              	.LASF69:
 1624 062d 45455F6F 		.ascii	"EE_oo_autostart_task_data\000"
 1624      6F5F6175 
 1624      746F7374 
 1624      6172745F 
 1624      7461736B 
 1625              	.LASF70:
 1626 0647 45455F6F 		.ascii	"EE_oo_IRQ_disable_count\000"
 1626      6F5F4952 
 1626      515F6469 
 1626      7361626C 
 1626      655F636F 
 1627              	.LASF40:
 1628 065f 45455F52 		.ascii	"EE_RESOURCE_NAME\000"
 1628      45534F55 
 1628      5243455F 
ARM GAS  C:\Users\DABBIR~1\AppData\Local\Temp\ccmKprjD.s 			page 35


 1628      4E414D45 
 1628      00
 1629              		.ident	"GCC: (GNU Tools for ARM Embedded Processors) 5.4.1 20160609 (release) [ARM/embedded-5-bran
