ARM GAS  C:\Users\DABBIR~1\AppData\Local\Temp\ccB21wSV.s 			page 1


   1              		.syntax unified
   2              		.cpu cortex-m3
   3              		.fpu softvfp
   4              		.eabi_attribute 20, 1
   5              		.eabi_attribute 21, 1
   6              		.eabi_attribute 23, 3
   7              		.eabi_attribute 24, 1
   8              		.eabi_attribute 25, 1
   9              		.eabi_attribute 26, 1
  10              		.eabi_attribute 30, 1
  11              		.eabi_attribute 34, 1
  12              		.eabi_attribute 18, 4
  13              		.thumb
  14              		.syntax unified
  15              		.file	"ErikaOS_1_ee_tstub.c"
  16              		.text
  17              	.Ltext0:
  18              		.cfi_sections	.debug_frame
  19              		.section	.text.EE_oo_thread_stub,"ax",%progbits
  20              		.align	2
  21              		.global	EE_oo_thread_stub
  22              		.thumb
  23              		.thumb_func
  24              		.type	EE_oo_thread_stub, %function
  25              	EE_oo_thread_stub:
  26              	.LFB60:
  27              		.file 1 "Generated_Source\\PSoC5\\ErikaOS_1_ee_tstub.c"
   1:Generated_Source\PSoC5/ErikaOS_1_ee_tstub.c **** /* ###*B*###
   2:Generated_Source\PSoC5/ErikaOS_1_ee_tstub.c ****  * ERIKA Enterprise - a tiny RTOS for small microcontrollers
   3:Generated_Source\PSoC5/ErikaOS_1_ee_tstub.c ****  *
   4:Generated_Source\PSoC5/ErikaOS_1_ee_tstub.c ****  * Copyright (C) 2002-2008  Evidence Srl
   5:Generated_Source\PSoC5/ErikaOS_1_ee_tstub.c ****  *
   6:Generated_Source\PSoC5/ErikaOS_1_ee_tstub.c ****  * This file is part of ERIKA Enterprise.
   7:Generated_Source\PSoC5/ErikaOS_1_ee_tstub.c ****  *
   8:Generated_Source\PSoC5/ErikaOS_1_ee_tstub.c ****  * ERIKA Enterprise is free software; you can redistribute it
   9:Generated_Source\PSoC5/ErikaOS_1_ee_tstub.c ****  * and/or modify it under the terms of the GNU General Public License
  10:Generated_Source\PSoC5/ErikaOS_1_ee_tstub.c ****  * version 2 as published by the Free Software Foundation, 
  11:Generated_Source\PSoC5/ErikaOS_1_ee_tstub.c ****  * (with a special exception described below).
  12:Generated_Source\PSoC5/ErikaOS_1_ee_tstub.c ****  *
  13:Generated_Source\PSoC5/ErikaOS_1_ee_tstub.c ****  * Linking this code statically or dynamically with other modules is
  14:Generated_Source\PSoC5/ErikaOS_1_ee_tstub.c ****  * making a combined work based on this code.  Thus, the terms and
  15:Generated_Source\PSoC5/ErikaOS_1_ee_tstub.c ****  * conditions of the GNU General Public License cover the whole
  16:Generated_Source\PSoC5/ErikaOS_1_ee_tstub.c ****  * combination.
  17:Generated_Source\PSoC5/ErikaOS_1_ee_tstub.c ****  *
  18:Generated_Source\PSoC5/ErikaOS_1_ee_tstub.c ****  * As a special exception, the copyright holders of this library give you
  19:Generated_Source\PSoC5/ErikaOS_1_ee_tstub.c ****  * permission to link this code with independent modules to produce an
  20:Generated_Source\PSoC5/ErikaOS_1_ee_tstub.c ****  * executable, regardless of the license terms of these independent
  21:Generated_Source\PSoC5/ErikaOS_1_ee_tstub.c ****  * modules, and to copy and distribute the resulting executable under
  22:Generated_Source\PSoC5/ErikaOS_1_ee_tstub.c ****  * terms of your choice, provided that you also meet, for each linked
  23:Generated_Source\PSoC5/ErikaOS_1_ee_tstub.c ****  * independent module, the terms and conditions of the license of that
  24:Generated_Source\PSoC5/ErikaOS_1_ee_tstub.c ****  * module.  An independent module is a module which is not derived from
  25:Generated_Source\PSoC5/ErikaOS_1_ee_tstub.c ****  * or based on this library.  If you modify this code, you may extend
  26:Generated_Source\PSoC5/ErikaOS_1_ee_tstub.c ****  * this exception to your version of the code, but you are not
  27:Generated_Source\PSoC5/ErikaOS_1_ee_tstub.c ****  * obligated to do so.  If you do not wish to do so, delete this
  28:Generated_Source\PSoC5/ErikaOS_1_ee_tstub.c ****  * exception statement from your version.
  29:Generated_Source\PSoC5/ErikaOS_1_ee_tstub.c ****  *
  30:Generated_Source\PSoC5/ErikaOS_1_ee_tstub.c ****  * ERIKA Enterprise is distributed in the hope that it will be
ARM GAS  C:\Users\DABBIR~1\AppData\Local\Temp\ccB21wSV.s 			page 2


  31:Generated_Source\PSoC5/ErikaOS_1_ee_tstub.c ****  * useful, but WITHOUT ANY WARRANTY; without even the implied warranty
  32:Generated_Source\PSoC5/ErikaOS_1_ee_tstub.c ****  * of MERCHANTABILITY or FITNESS FOR A PARTICULAR PURPOSE.  See the
  33:Generated_Source\PSoC5/ErikaOS_1_ee_tstub.c ****  * GNU General Public License version 2 for more details.
  34:Generated_Source\PSoC5/ErikaOS_1_ee_tstub.c ****  *
  35:Generated_Source\PSoC5/ErikaOS_1_ee_tstub.c ****  * You should have received a copy of the GNU General Public License
  36:Generated_Source\PSoC5/ErikaOS_1_ee_tstub.c ****  * version 2 along with ERIKA Enterprise; if not, write to the
  37:Generated_Source\PSoC5/ErikaOS_1_ee_tstub.c ****  * Free Software Foundation, Inc., 51 Franklin Street, Fifth Floor,
  38:Generated_Source\PSoC5/ErikaOS_1_ee_tstub.c ****  * Boston, MA 02110-1301 USA.
  39:Generated_Source\PSoC5/ErikaOS_1_ee_tstub.c ****  * ###*E*### */
  40:Generated_Source\PSoC5/ErikaOS_1_ee_tstub.c **** 
  41:Generated_Source\PSoC5/ErikaOS_1_ee_tstub.c **** /*
  42:Generated_Source\PSoC5/ErikaOS_1_ee_tstub.c ****  * Author: 2002-2004 Paolo Gai
  43:Generated_Source\PSoC5/ErikaOS_1_ee_tstub.c ****  * CVS: $Id: ee_tstub.c,v 1.1 2005/07/16 12:23:42 pj Exp $
  44:Generated_Source\PSoC5/ErikaOS_1_ee_tstub.c ****  */
  45:Generated_Source\PSoC5/ErikaOS_1_ee_tstub.c **** 
  46:Generated_Source\PSoC5/ErikaOS_1_ee_tstub.c **** /*
  47:Generated_Source\PSoC5/ErikaOS_1_ee_tstub.c ****  * PSoC Port and API Generation
  48:Generated_Source\PSoC5/ErikaOS_1_ee_tstub.c ****  * Carlos Fernando Meier Martinez
  49:Generated_Source\PSoC5/ErikaOS_1_ee_tstub.c ****  * Hochschule Darmstadt, Germany. 2017.
  50:Generated_Source\PSoC5/ErikaOS_1_ee_tstub.c ****  */
  51:Generated_Source\PSoC5/ErikaOS_1_ee_tstub.c **** #include "ErikaOS_1_ee_tracing.h"
  52:Generated_Source\PSoC5/ErikaOS_1_ee_tstub.c **** 
  53:Generated_Source\PSoC5/ErikaOS_1_ee_tstub.c **** #include "ErikaOS_1_ee_internal.inc"
  54:Generated_Source\PSoC5/ErikaOS_1_ee_tstub.c **** 
  55:Generated_Source\PSoC5/ErikaOS_1_ee_tstub.c **** /* TerminateStub:
  56:Generated_Source\PSoC5/ErikaOS_1_ee_tstub.c ****    - This is the function that is called as the "real thread body" of 
  57:Generated_Source\PSoC5/ErikaOS_1_ee_tstub.c ****      an OO task.
  58:Generated_Source\PSoC5/ErikaOS_1_ee_tstub.c ****    - This function is not called if a task use only a terminate_task at 
  59:Generated_Source\PSoC5/ErikaOS_1_ee_tstub.c ****      the end of the thread. In some architectures, this can lead 
  60:Generated_Source\PSoC5/ErikaOS_1_ee_tstub.c ****      to some stack savings...
  61:Generated_Source\PSoC5/ErikaOS_1_ee_tstub.c **** */
  62:Generated_Source\PSoC5/ErikaOS_1_ee_tstub.c **** 
  63:Generated_Source\PSoC5/ErikaOS_1_ee_tstub.c **** #if (__OO_configUSE_TRACE_FACILITY == 1)
  64:Generated_Source\PSoC5/ErikaOS_1_ee_tstub.c **** #include "trcKernelPort.h"
  65:Generated_Source\PSoC5/ErikaOS_1_ee_tstub.c **** #endif
  66:Generated_Source\PSoC5/ErikaOS_1_ee_tstub.c **** 
  67:Generated_Source\PSoC5/ErikaOS_1_ee_tstub.c **** #ifndef __PRIVATE_THREADSTUB__
  68:Generated_Source\PSoC5/ErikaOS_1_ee_tstub.c **** void EE_oo_thread_stub(void)
  69:Generated_Source\PSoC5/ErikaOS_1_ee_tstub.c **** {
  28              		.loc 1 69 0
  29              		.cfi_startproc
  30              		@ args = 0, pretend = 0, frame = 0
  31              		@ frame_needed = 0, uses_anonymous_args = 0
  32 0000 08B5     		push	{r3, lr}
  33              		.cfi_def_cfa_offset 8
  34              		.cfi_offset 3, -8
  35              		.cfi_offset 14, -4
  70:Generated_Source\PSoC5/ErikaOS_1_ee_tstub.c ****   register EE_TID temp;
  71:Generated_Source\PSoC5/ErikaOS_1_ee_tstub.c **** 
  72:Generated_Source\PSoC5/ErikaOS_1_ee_tstub.c **** #if (__OO_configUSE_TRACE_FACILITY == 1)
  73:Generated_Source\PSoC5/ErikaOS_1_ee_tstub.c ****   traceMOVED_TASK_TO_READY_STATE(EE_stk_queryfirst());
  74:Generated_Source\PSoC5/ErikaOS_1_ee_tstub.c ****   traceTASK_SWITCHED_IN(EE_stk_queryfirst(), EE_th_ready_prio[EE_stk_queryfirst()]);
  75:Generated_Source\PSoC5/ErikaOS_1_ee_tstub.c **** #endif
  76:Generated_Source\PSoC5/ErikaOS_1_ee_tstub.c **** 
  77:Generated_Source\PSoC5/ErikaOS_1_ee_tstub.c ****   EE_oo_call_PreTaskHook();
  78:Generated_Source\PSoC5/ErikaOS_1_ee_tstub.c **** 
  79:Generated_Source\PSoC5/ErikaOS_1_ee_tstub.c ****   temp = EE_stk_queryfirst();
ARM GAS  C:\Users\DABBIR~1\AppData\Local\Temp\ccB21wSV.s 			page 3


  80:Generated_Source\PSoC5/ErikaOS_1_ee_tstub.c **** 
  81:Generated_Source\PSoC5/ErikaOS_1_ee_tstub.c ****   EE_hal_terminate_savestk(temp);
  36              		.loc 1 81 0
  37 0002 024B     		ldr	r3, .L3
  38 0004 1868     		ldr	r0, [r3]
  39 0006 FFF7FEFF 		bl	EE_hal_terminate_savestk
  40              	.LVL0:
  41 000a 08BD     		pop	{r3, pc}
  42              	.L4:
  43              		.align	2
  44              	.L3:
  45 000c 00000000 		.word	EE_stkfirst
  46              		.cfi_endproc
  47              	.LFE60:
  48              		.size	EE_oo_thread_stub, .-EE_oo_thread_stub
  49              		.text
  50              	.Letext0:
  51              		.file 2 "Generated_Source\\PSoC5\\ErikaOS_1_common_ee_types.inc"
  52              		.file 3 "Generated_Source\\PSoC5\\ErikaOS_1_cortex_mx_ee_cpu.inc"
  53              		.file 4 "Generated_Source\\PSoC5\\ErikaOS_1_ee_oo_common.inc"
  54              		.file 5 "Generated_Source\\PSoC5\\ErikaOS_1_common_ee_primitives.inc"
  55              		.file 6 "Generated_Source\\PSoC5\\ErikaOS_1_cortex_mx_ee_context.inc"
  56              		.file 7 "Generated_Source\\PSoC5\\ErikaOS_1_ee_oo_intfunc.inc"
  57              		.file 8 "Generated_Source\\PSoC5\\ErikaOS_1_ee_oo_internal.inc"
  58              		.file 9 "Generated_Source\\PSoC5\\ErikaOS_1_cortex_mx_ee_internal.inc"
  59              		.section	.debug_info,"",%progbits
  60              	.Ldebug_info0:
  61 0000 C3020000 		.4byte	0x2c3
  62 0004 0400     		.2byte	0x4
  63 0006 00000000 		.4byte	.Ldebug_abbrev0
  64 000a 04       		.byte	0x4
  65 000b 01       		.uleb128 0x1
  66 000c D5030000 		.4byte	.LASF49
  67 0010 0C       		.byte	0xc
  68 0011 97030000 		.4byte	.LASF50
  69 0015 28010000 		.4byte	.LASF51
  70 0019 00000000 		.4byte	.Ldebug_ranges0+0
  71 001d 00000000 		.4byte	0
  72 0021 00000000 		.4byte	.Ldebug_line0
  73 0025 02       		.uleb128 0x2
  74 0026 01       		.byte	0x1
  75 0027 06       		.byte	0x6
  76 0028 33020000 		.4byte	.LASF0
  77 002c 02       		.uleb128 0x2
  78 002d 01       		.byte	0x1
  79 002e 08       		.byte	0x8
  80 002f 25020000 		.4byte	.LASF1
  81 0033 02       		.uleb128 0x2
  82 0034 02       		.byte	0x2
  83 0035 05       		.byte	0x5
  84 0036 54000000 		.4byte	.LASF2
  85 003a 02       		.uleb128 0x2
  86 003b 02       		.byte	0x2
  87 003c 07       		.byte	0x7
  88 003d B0020000 		.4byte	.LASF3
  89 0041 02       		.uleb128 0x2
  90 0042 04       		.byte	0x4
ARM GAS  C:\Users\DABBIR~1\AppData\Local\Temp\ccB21wSV.s 			page 4


  91 0043 05       		.byte	0x5
  92 0044 A9010000 		.4byte	.LASF4
  93 0048 02       		.uleb128 0x2
  94 0049 04       		.byte	0x4
  95 004a 07       		.byte	0x7
  96 004b F6020000 		.4byte	.LASF5
  97 004f 02       		.uleb128 0x2
  98 0050 08       		.byte	0x8
  99 0051 05       		.byte	0x5
 100 0052 02010000 		.4byte	.LASF6
 101 0056 02       		.uleb128 0x2
 102 0057 08       		.byte	0x8
 103 0058 07       		.byte	0x7
 104 0059 3F020000 		.4byte	.LASF7
 105 005d 03       		.uleb128 0x3
 106 005e 04       		.byte	0x4
 107 005f 05       		.byte	0x5
 108 0060 696E7400 		.ascii	"int\000"
 109 0064 02       		.uleb128 0x2
 110 0065 04       		.byte	0x4
 111 0066 07       		.byte	0x7
 112 0067 68020000 		.4byte	.LASF8
 113 006b 02       		.uleb128 0x2
 114 006c 08       		.byte	0x8
 115 006d 04       		.byte	0x4
 116 006e 04020000 		.4byte	.LASF9
 117 0072 04       		.uleb128 0x4
 118 0073 10010000 		.4byte	.LASF10
 119 0077 02       		.byte	0x2
 120 0078 3F       		.byte	0x3f
 121 0079 25000000 		.4byte	0x25
 122 007d 04       		.uleb128 0x4
 123 007e C3020000 		.4byte	.LASF11
 124 0082 02       		.byte	0x2
 125 0083 52       		.byte	0x52
 126 0084 3A000000 		.4byte	0x3a
 127 0088 04       		.uleb128 0x4
 128 0089 9A020000 		.4byte	.LASF12
 129 008d 02       		.byte	0x2
 130 008e 53       		.byte	0x53
 131 008f 5D000000 		.4byte	0x5d
 132 0093 04       		.uleb128 0x4
 133 0094 78000000 		.4byte	.LASF13
 134 0098 02       		.byte	0x2
 135 0099 54       		.byte	0x54
 136 009a 64000000 		.4byte	0x64
 137 009e 04       		.uleb128 0x4
 138 009f 1D000000 		.4byte	.LASF14
 139 00a3 03       		.byte	0x3
 140 00a4 4D       		.byte	0x4d
 141 00a5 93000000 		.4byte	0x93
 142 00a9 04       		.uleb128 0x4
 143 00aa 70000000 		.4byte	.LASF15
 144 00ae 03       		.byte	0x3
 145 00af 4F       		.byte	0x4f
 146 00b0 93000000 		.4byte	0x93
 147 00b4 04       		.uleb128 0x4
ARM GAS  C:\Users\DABBIR~1\AppData\Local\Temp\ccB21wSV.s 			page 5


 148 00b5 08030000 		.4byte	.LASF16
 149 00b9 03       		.byte	0x3
 150 00ba 54       		.byte	0x54
 151 00bb 9E000000 		.4byte	0x9e
 152 00bf 04       		.uleb128 0x4
 153 00c0 B9000000 		.4byte	.LASF17
 154 00c4 03       		.byte	0x3
 155 00c5 78       		.byte	0x78
 156 00c6 88000000 		.4byte	0x88
 157 00ca 05       		.uleb128 0x5
 158 00cb 18010000 		.4byte	.LASF18
 159 00cf 04       		.byte	0x4
 160 00d0 1101     		.2byte	0x111
 161 00d2 7D000000 		.4byte	0x7d
 162 00d6 06       		.uleb128 0x6
 163 00d7 01       		.byte	0x1
 164 00d8 2C000000 		.4byte	0x2c
 165 00dc 04       		.byte	0x4
 166 00dd 5904     		.2byte	0x459
 167 00df 26010000 		.4byte	0x126
 168 00e3 07       		.uleb128 0x7
 169 00e4 00000000 		.4byte	.LASF19
 170 00e8 00       		.byte	0
 171 00e9 07       		.uleb128 0x7
 172 00ea A3020000 		.4byte	.LASF20
 173 00ee 01       		.byte	0x1
 174 00ef 07       		.uleb128 0x7
 175 00f0 AC000000 		.4byte	.LASF21
 176 00f4 02       		.byte	0x2
 177 00f5 07       		.uleb128 0x7
 178 00f6 5E000000 		.4byte	.LASF22
 179 00fa 03       		.byte	0x3
 180 00fb 07       		.uleb128 0x7
 181 00fc 20030000 		.4byte	.LASF23
 182 0100 04       		.byte	0x4
 183 0101 07       		.uleb128 0x7
 184 0102 37030000 		.4byte	.LASF24
 185 0106 05       		.byte	0x5
 186 0107 07       		.uleb128 0x7
 187 0108 4B030000 		.4byte	.LASF25
 188 010c 06       		.byte	0x6
 189 010d 07       		.uleb128 0x7
 190 010e 6E040000 		.4byte	.LASF26
 191 0112 07       		.byte	0x7
 192 0113 07       		.uleb128 0x7
 193 0114 10020000 		.4byte	.LASF27
 194 0118 08       		.byte	0x8
 195 0119 07       		.uleb128 0x7
 196 011a CD020000 		.4byte	.LASF28
 197 011e 09       		.byte	0x9
 198 011f 07       		.uleb128 0x7
 199 0120 F5000000 		.4byte	.LASF29
 200 0124 0A       		.byte	0xa
 201 0125 00       		.byte	0
 202 0126 05       		.uleb128 0x5
 203 0127 C0000000 		.4byte	.LASF30
 204 012b 04       		.byte	0x4
ARM GAS  C:\Users\DABBIR~1\AppData\Local\Temp\ccB21wSV.s 			page 6


 205 012c 6504     		.2byte	0x465
 206 012e D6000000 		.4byte	0xd6
 207 0132 08       		.uleb128 0x8
 208 0133 D9010000 		.4byte	.LASF52
 209 0137 04       		.byte	0x4
 210 0138 8404     		.2byte	0x484
 211 013a 03       		.byte	0x3
 212 013b 4C010000 		.4byte	0x14c
 213 013f 09       		.uleb128 0x9
 214 0140 63747800 		.ascii	"ctx\000"
 215 0144 04       		.byte	0x4
 216 0145 8504     		.2byte	0x485
 217 0147 26010000 		.4byte	0x126
 218 014b 00       		.byte	0
 219 014c 0A       		.uleb128 0xa
 220 014d 56020000 		.4byte	.LASF53
 221 0151 08       		.byte	0x8
 222 0152 EE       		.byte	0xee
 223 0153 BF000000 		.4byte	0xbf
 224 0157 03       		.byte	0x3
 225 0158 0B       		.uleb128 0xb
 226 0159 25000000 		.4byte	.LASF54
 227 015d 08       		.byte	0x8
 228 015e 8D01     		.2byte	0x18d
 229 0160 03       		.byte	0x3
 230 0161 0C       		.uleb128 0xc
 231 0162 C3030000 		.4byte	.LASF55
 232 0166 01       		.byte	0x1
 233 0167 44       		.byte	0x44
 234 0168 00000000 		.4byte	.LFB60
 235 016c 10000000 		.4byte	.LFE60-.LFB60
 236 0170 01       		.uleb128 0x1
 237 0171 9C       		.byte	0x9c
 238 0172 8B010000 		.4byte	0x18b
 239 0176 0D       		.uleb128 0xd
 240 0177 4F000000 		.4byte	.LASF56
 241 017b 01       		.byte	0x1
 242 017c 46       		.byte	0x46
 243 017d BF000000 		.4byte	0xbf
 244 0181 0E       		.uleb128 0xe
 245 0182 0A000000 		.4byte	.LVL0
 246 0186 BB020000 		.4byte	0x2bb
 247 018a 00       		.byte	0
 248 018b 0F       		.uleb128 0xf
 249 018c E0000000 		.4byte	.LASF31
 250 0190 05       		.byte	0x5
 251 0191 44       		.byte	0x44
 252 0192 9E000000 		.4byte	0x9e
 253 0196 0F       		.uleb128 0xf
 254 0197 81020000 		.4byte	.LASF32
 255 019b 06       		.byte	0x6
 256 019c 48       		.byte	0x48
 257 019d BF000000 		.4byte	0xbf
 258 01a1 10       		.uleb128 0x10
 259 01a2 B8010000 		.4byte	0x1b8
 260 01a6 B1010000 		.4byte	0x1b1
 261 01aa 11       		.uleb128 0x11
ARM GAS  C:\Users\DABBIR~1\AppData\Local\Temp\ccB21wSV.s 			page 7


 262 01ab B1010000 		.4byte	0x1b1
 263 01af 03       		.byte	0x3
 264 01b0 00       		.byte	0
 265 01b1 02       		.uleb128 0x2
 266 01b2 04       		.byte	0x4
 267 01b3 07       		.byte	0x7
 268 01b4 60030000 		.4byte	.LASF33
 269 01b8 12       		.uleb128 0x12
 270 01b9 9E000000 		.4byte	0x9e
 271 01bd 0F       		.uleb128 0xf
 272 01be 9B000000 		.4byte	.LASF34
 273 01c2 04       		.byte	0x4
 274 01c3 B2       		.byte	0xb2
 275 01c4 C8010000 		.4byte	0x1c8
 276 01c8 12       		.uleb128 0x12
 277 01c9 A1010000 		.4byte	0x1a1
 278 01cd 0F       		.uleb128 0xf
 279 01ce 83030000 		.4byte	.LASF35
 280 01d2 04       		.byte	0x4
 281 01d3 B3       		.byte	0xb3
 282 01d4 D8010000 		.4byte	0x1d8
 283 01d8 12       		.uleb128 0x12
 284 01d9 A1010000 		.4byte	0x1a1
 285 01dd 10       		.uleb128 0x10
 286 01de 9E000000 		.4byte	0x9e
 287 01e2 ED010000 		.4byte	0x1ed
 288 01e6 11       		.uleb128 0x11
 289 01e7 B1010000 		.4byte	0x1b1
 290 01eb 03       		.byte	0x3
 291 01ec 00       		.byte	0
 292 01ed 0F       		.uleb128 0xf
 293 01ee 76030000 		.4byte	.LASF36
 294 01f2 04       		.byte	0x4
 295 01f3 CA       		.byte	0xca
 296 01f4 DD010000 		.4byte	0x1dd
 297 01f8 10       		.uleb128 0x10
 298 01f9 BF000000 		.4byte	0xbf
 299 01fd 08020000 		.4byte	0x208
 300 0201 11       		.uleb128 0x11
 301 0202 B1010000 		.4byte	0x1b1
 302 0206 03       		.byte	0x3
 303 0207 00       		.byte	0
 304 0208 0F       		.uleb128 0xf
 305 0209 63040000 		.4byte	.LASF37
 306 020d 04       		.byte	0x4
 307 020e D2       		.byte	0xd2
 308 020f F8010000 		.4byte	0x1f8
 309 0213 0F       		.uleb128 0xf
 310 0214 75020000 		.4byte	.LASF38
 311 0218 04       		.byte	0x4
 312 0219 DA       		.byte	0xda
 313 021a DD010000 		.4byte	0x1dd
 314 021e 0F       		.uleb128 0xf
 315 021f 14030000 		.4byte	.LASF39
 316 0223 04       		.byte	0x4
 317 0224 E2       		.byte	0xe2
 318 0225 BF000000 		.4byte	0xbf
ARM GAS  C:\Users\DABBIR~1\AppData\Local\Temp\ccB21wSV.s 			page 8


 319 0229 0F       		.uleb128 0xf
 320 022a F5010000 		.4byte	.LASF40
 321 022e 04       		.byte	0x4
 322 022f F7       		.byte	0xf7
 323 0230 9E000000 		.4byte	0x9e
 324 0234 13       		.uleb128 0x13
 325 0235 0F000000 		.4byte	.LASF41
 326 0239 04       		.byte	0x4
 327 023a 3F01     		.2byte	0x13f
 328 023c CA000000 		.4byte	0xca
 329 0240 13       		.uleb128 0x13
 330 0241 3C000000 		.4byte	.LASF42
 331 0245 04       		.byte	0x4
 332 0246 5C01     		.2byte	0x15c
 333 0248 DD010000 		.4byte	0x1dd
 334 024c 10       		.uleb128 0x10
 335 024d B4000000 		.4byte	0xb4
 336 0251 5C020000 		.4byte	0x25c
 337 0255 11       		.uleb128 0x11
 338 0256 B1010000 		.4byte	0x1b1
 339 025a 03       		.byte	0x3
 340 025b 00       		.byte	0
 341 025c 13       		.uleb128 0x13
 342 025d CF000000 		.4byte	.LASF43
 343 0261 04       		.byte	0x4
 344 0262 6701     		.2byte	0x167
 345 0264 4C020000 		.4byte	0x24c
 346 0268 0F       		.uleb128 0xf
 347 0269 82040000 		.4byte	.LASF44
 348 026d 07       		.byte	0x7
 349 026e 40       		.byte	0x40
 350 026f 9E000000 		.4byte	0x9e
 351 0273 0F       		.uleb128 0xf
 352 0274 B2010000 		.4byte	.LASF45
 353 0278 07       		.byte	0x7
 354 0279 47       		.byte	0x47
 355 027a A9000000 		.4byte	0xa9
 356 027e 0F       		.uleb128 0xf
 357 027f E3020000 		.4byte	.LASF46
 358 0283 07       		.byte	0x7
 359 0284 4A       		.byte	0x4a
 360 0285 9E000000 		.4byte	0x9e
 361 0289 10       		.uleb128 0x10
 362 028a 99020000 		.4byte	0x299
 363 028e 99020000 		.4byte	0x299
 364 0292 11       		.uleb128 0x11
 365 0293 B1010000 		.4byte	0x1b1
 366 0297 FF       		.byte	0xff
 367 0298 00       		.byte	0
 368 0299 12       		.uleb128 0x12
 369 029a 72000000 		.4byte	0x72
 370 029e 13       		.uleb128 0x13
 371 029f 69030000 		.4byte	.LASF47
 372 02a3 08       		.byte	0x8
 373 02a4 AB01     		.2byte	0x1ab
 374 02a6 AA020000 		.4byte	0x2aa
 375 02aa 12       		.uleb128 0x12
ARM GAS  C:\Users\DABBIR~1\AppData\Local\Temp\ccB21wSV.s 			page 9


 376 02ab 89020000 		.4byte	0x289
 377 02af 13       		.uleb128 0x13
 378 02b0 CB010000 		.4byte	.LASF48
 379 02b4 08       		.byte	0x8
 380 02b5 1602     		.2byte	0x216
 381 02b7 9E000000 		.4byte	0x9e
 382 02bb 14       		.uleb128 0x14
 383 02bc 82000000 		.4byte	.LASF57
 384 02c0 82000000 		.4byte	.LASF57
 385 02c4 09       		.byte	0x9
 386 02c5 BC       		.byte	0xbc
 387 02c6 00       		.byte	0
 388              		.section	.debug_abbrev,"",%progbits
 389              	.Ldebug_abbrev0:
 390 0000 01       		.uleb128 0x1
 391 0001 11       		.uleb128 0x11
 392 0002 01       		.byte	0x1
 393 0003 25       		.uleb128 0x25
 394 0004 0E       		.uleb128 0xe
 395 0005 13       		.uleb128 0x13
 396 0006 0B       		.uleb128 0xb
 397 0007 03       		.uleb128 0x3
 398 0008 0E       		.uleb128 0xe
 399 0009 1B       		.uleb128 0x1b
 400 000a 0E       		.uleb128 0xe
 401 000b 55       		.uleb128 0x55
 402 000c 17       		.uleb128 0x17
 403 000d 11       		.uleb128 0x11
 404 000e 01       		.uleb128 0x1
 405 000f 10       		.uleb128 0x10
 406 0010 17       		.uleb128 0x17
 407 0011 00       		.byte	0
 408 0012 00       		.byte	0
 409 0013 02       		.uleb128 0x2
 410 0014 24       		.uleb128 0x24
 411 0015 00       		.byte	0
 412 0016 0B       		.uleb128 0xb
 413 0017 0B       		.uleb128 0xb
 414 0018 3E       		.uleb128 0x3e
 415 0019 0B       		.uleb128 0xb
 416 001a 03       		.uleb128 0x3
 417 001b 0E       		.uleb128 0xe
 418 001c 00       		.byte	0
 419 001d 00       		.byte	0
 420 001e 03       		.uleb128 0x3
 421 001f 24       		.uleb128 0x24
 422 0020 00       		.byte	0
 423 0021 0B       		.uleb128 0xb
 424 0022 0B       		.uleb128 0xb
 425 0023 3E       		.uleb128 0x3e
 426 0024 0B       		.uleb128 0xb
 427 0025 03       		.uleb128 0x3
 428 0026 08       		.uleb128 0x8
 429 0027 00       		.byte	0
 430 0028 00       		.byte	0
 431 0029 04       		.uleb128 0x4
 432 002a 16       		.uleb128 0x16
ARM GAS  C:\Users\DABBIR~1\AppData\Local\Temp\ccB21wSV.s 			page 10


 433 002b 00       		.byte	0
 434 002c 03       		.uleb128 0x3
 435 002d 0E       		.uleb128 0xe
 436 002e 3A       		.uleb128 0x3a
 437 002f 0B       		.uleb128 0xb
 438 0030 3B       		.uleb128 0x3b
 439 0031 0B       		.uleb128 0xb
 440 0032 49       		.uleb128 0x49
 441 0033 13       		.uleb128 0x13
 442 0034 00       		.byte	0
 443 0035 00       		.byte	0
 444 0036 05       		.uleb128 0x5
 445 0037 16       		.uleb128 0x16
 446 0038 00       		.byte	0
 447 0039 03       		.uleb128 0x3
 448 003a 0E       		.uleb128 0xe
 449 003b 3A       		.uleb128 0x3a
 450 003c 0B       		.uleb128 0xb
 451 003d 3B       		.uleb128 0x3b
 452 003e 05       		.uleb128 0x5
 453 003f 49       		.uleb128 0x49
 454 0040 13       		.uleb128 0x13
 455 0041 00       		.byte	0
 456 0042 00       		.byte	0
 457 0043 06       		.uleb128 0x6
 458 0044 04       		.uleb128 0x4
 459 0045 01       		.byte	0x1
 460 0046 0B       		.uleb128 0xb
 461 0047 0B       		.uleb128 0xb
 462 0048 49       		.uleb128 0x49
 463 0049 13       		.uleb128 0x13
 464 004a 3A       		.uleb128 0x3a
 465 004b 0B       		.uleb128 0xb
 466 004c 3B       		.uleb128 0x3b
 467 004d 05       		.uleb128 0x5
 468 004e 01       		.uleb128 0x1
 469 004f 13       		.uleb128 0x13
 470 0050 00       		.byte	0
 471 0051 00       		.byte	0
 472 0052 07       		.uleb128 0x7
 473 0053 28       		.uleb128 0x28
 474 0054 00       		.byte	0
 475 0055 03       		.uleb128 0x3
 476 0056 0E       		.uleb128 0xe
 477 0057 1C       		.uleb128 0x1c
 478 0058 0B       		.uleb128 0xb
 479 0059 00       		.byte	0
 480 005a 00       		.byte	0
 481 005b 08       		.uleb128 0x8
 482 005c 2E       		.uleb128 0x2e
 483 005d 01       		.byte	0x1
 484 005e 03       		.uleb128 0x3
 485 005f 0E       		.uleb128 0xe
 486 0060 3A       		.uleb128 0x3a
 487 0061 0B       		.uleb128 0xb
 488 0062 3B       		.uleb128 0x3b
 489 0063 05       		.uleb128 0x5
ARM GAS  C:\Users\DABBIR~1\AppData\Local\Temp\ccB21wSV.s 			page 11


 490 0064 27       		.uleb128 0x27
 491 0065 19       		.uleb128 0x19
 492 0066 20       		.uleb128 0x20
 493 0067 0B       		.uleb128 0xb
 494 0068 01       		.uleb128 0x1
 495 0069 13       		.uleb128 0x13
 496 006a 00       		.byte	0
 497 006b 00       		.byte	0
 498 006c 09       		.uleb128 0x9
 499 006d 05       		.uleb128 0x5
 500 006e 00       		.byte	0
 501 006f 03       		.uleb128 0x3
 502 0070 08       		.uleb128 0x8
 503 0071 3A       		.uleb128 0x3a
 504 0072 0B       		.uleb128 0xb
 505 0073 3B       		.uleb128 0x3b
 506 0074 05       		.uleb128 0x5
 507 0075 49       		.uleb128 0x49
 508 0076 13       		.uleb128 0x13
 509 0077 00       		.byte	0
 510 0078 00       		.byte	0
 511 0079 0A       		.uleb128 0xa
 512 007a 2E       		.uleb128 0x2e
 513 007b 00       		.byte	0
 514 007c 03       		.uleb128 0x3
 515 007d 0E       		.uleb128 0xe
 516 007e 3A       		.uleb128 0x3a
 517 007f 0B       		.uleb128 0xb
 518 0080 3B       		.uleb128 0x3b
 519 0081 0B       		.uleb128 0xb
 520 0082 27       		.uleb128 0x27
 521 0083 19       		.uleb128 0x19
 522 0084 49       		.uleb128 0x49
 523 0085 13       		.uleb128 0x13
 524 0086 20       		.uleb128 0x20
 525 0087 0B       		.uleb128 0xb
 526 0088 00       		.byte	0
 527 0089 00       		.byte	0
 528 008a 0B       		.uleb128 0xb
 529 008b 2E       		.uleb128 0x2e
 530 008c 00       		.byte	0
 531 008d 03       		.uleb128 0x3
 532 008e 0E       		.uleb128 0xe
 533 008f 3A       		.uleb128 0x3a
 534 0090 0B       		.uleb128 0xb
 535 0091 3B       		.uleb128 0x3b
 536 0092 05       		.uleb128 0x5
 537 0093 27       		.uleb128 0x27
 538 0094 19       		.uleb128 0x19
 539 0095 20       		.uleb128 0x20
 540 0096 0B       		.uleb128 0xb
 541 0097 00       		.byte	0
 542 0098 00       		.byte	0
 543 0099 0C       		.uleb128 0xc
 544 009a 2E       		.uleb128 0x2e
 545 009b 01       		.byte	0x1
 546 009c 3F       		.uleb128 0x3f
ARM GAS  C:\Users\DABBIR~1\AppData\Local\Temp\ccB21wSV.s 			page 12


 547 009d 19       		.uleb128 0x19
 548 009e 03       		.uleb128 0x3
 549 009f 0E       		.uleb128 0xe
 550 00a0 3A       		.uleb128 0x3a
 551 00a1 0B       		.uleb128 0xb
 552 00a2 3B       		.uleb128 0x3b
 553 00a3 0B       		.uleb128 0xb
 554 00a4 27       		.uleb128 0x27
 555 00a5 19       		.uleb128 0x19
 556 00a6 11       		.uleb128 0x11
 557 00a7 01       		.uleb128 0x1
 558 00a8 12       		.uleb128 0x12
 559 00a9 06       		.uleb128 0x6
 560 00aa 40       		.uleb128 0x40
 561 00ab 18       		.uleb128 0x18
 562 00ac 9742     		.uleb128 0x2117
 563 00ae 19       		.uleb128 0x19
 564 00af 01       		.uleb128 0x1
 565 00b0 13       		.uleb128 0x13
 566 00b1 00       		.byte	0
 567 00b2 00       		.byte	0
 568 00b3 0D       		.uleb128 0xd
 569 00b4 34       		.uleb128 0x34
 570 00b5 00       		.byte	0
 571 00b6 03       		.uleb128 0x3
 572 00b7 0E       		.uleb128 0xe
 573 00b8 3A       		.uleb128 0x3a
 574 00b9 0B       		.uleb128 0xb
 575 00ba 3B       		.uleb128 0x3b
 576 00bb 0B       		.uleb128 0xb
 577 00bc 49       		.uleb128 0x49
 578 00bd 13       		.uleb128 0x13
 579 00be 00       		.byte	0
 580 00bf 00       		.byte	0
 581 00c0 0E       		.uleb128 0xe
 582 00c1 898201   		.uleb128 0x4109
 583 00c4 00       		.byte	0
 584 00c5 11       		.uleb128 0x11
 585 00c6 01       		.uleb128 0x1
 586 00c7 31       		.uleb128 0x31
 587 00c8 13       		.uleb128 0x13
 588 00c9 00       		.byte	0
 589 00ca 00       		.byte	0
 590 00cb 0F       		.uleb128 0xf
 591 00cc 34       		.uleb128 0x34
 592 00cd 00       		.byte	0
 593 00ce 03       		.uleb128 0x3
 594 00cf 0E       		.uleb128 0xe
 595 00d0 3A       		.uleb128 0x3a
 596 00d1 0B       		.uleb128 0xb
 597 00d2 3B       		.uleb128 0x3b
 598 00d3 0B       		.uleb128 0xb
 599 00d4 49       		.uleb128 0x49
 600 00d5 13       		.uleb128 0x13
 601 00d6 3F       		.uleb128 0x3f
 602 00d7 19       		.uleb128 0x19
 603 00d8 3C       		.uleb128 0x3c
ARM GAS  C:\Users\DABBIR~1\AppData\Local\Temp\ccB21wSV.s 			page 13


 604 00d9 19       		.uleb128 0x19
 605 00da 00       		.byte	0
 606 00db 00       		.byte	0
 607 00dc 10       		.uleb128 0x10
 608 00dd 01       		.uleb128 0x1
 609 00de 01       		.byte	0x1
 610 00df 49       		.uleb128 0x49
 611 00e0 13       		.uleb128 0x13
 612 00e1 01       		.uleb128 0x1
 613 00e2 13       		.uleb128 0x13
 614 00e3 00       		.byte	0
 615 00e4 00       		.byte	0
 616 00e5 11       		.uleb128 0x11
 617 00e6 21       		.uleb128 0x21
 618 00e7 00       		.byte	0
 619 00e8 49       		.uleb128 0x49
 620 00e9 13       		.uleb128 0x13
 621 00ea 2F       		.uleb128 0x2f
 622 00eb 0B       		.uleb128 0xb
 623 00ec 00       		.byte	0
 624 00ed 00       		.byte	0
 625 00ee 12       		.uleb128 0x12
 626 00ef 26       		.uleb128 0x26
 627 00f0 00       		.byte	0
 628 00f1 49       		.uleb128 0x49
 629 00f2 13       		.uleb128 0x13
 630 00f3 00       		.byte	0
 631 00f4 00       		.byte	0
 632 00f5 13       		.uleb128 0x13
 633 00f6 34       		.uleb128 0x34
 634 00f7 00       		.byte	0
 635 00f8 03       		.uleb128 0x3
 636 00f9 0E       		.uleb128 0xe
 637 00fa 3A       		.uleb128 0x3a
 638 00fb 0B       		.uleb128 0xb
 639 00fc 3B       		.uleb128 0x3b
 640 00fd 05       		.uleb128 0x5
 641 00fe 49       		.uleb128 0x49
 642 00ff 13       		.uleb128 0x13
 643 0100 3F       		.uleb128 0x3f
 644 0101 19       		.uleb128 0x19
 645 0102 3C       		.uleb128 0x3c
 646 0103 19       		.uleb128 0x19
 647 0104 00       		.byte	0
 648 0105 00       		.byte	0
 649 0106 14       		.uleb128 0x14
 650 0107 2E       		.uleb128 0x2e
 651 0108 00       		.byte	0
 652 0109 3F       		.uleb128 0x3f
 653 010a 19       		.uleb128 0x19
 654 010b 3C       		.uleb128 0x3c
 655 010c 19       		.uleb128 0x19
 656 010d 6E       		.uleb128 0x6e
 657 010e 0E       		.uleb128 0xe
 658 010f 03       		.uleb128 0x3
 659 0110 0E       		.uleb128 0xe
 660 0111 3A       		.uleb128 0x3a
ARM GAS  C:\Users\DABBIR~1\AppData\Local\Temp\ccB21wSV.s 			page 14


 661 0112 0B       		.uleb128 0xb
 662 0113 3B       		.uleb128 0x3b
 663 0114 0B       		.uleb128 0xb
 664 0115 00       		.byte	0
 665 0116 00       		.byte	0
 666 0117 00       		.byte	0
 667              		.section	.debug_aranges,"",%progbits
 668 0000 1C000000 		.4byte	0x1c
 669 0004 0200     		.2byte	0x2
 670 0006 00000000 		.4byte	.Ldebug_info0
 671 000a 04       		.byte	0x4
 672 000b 00       		.byte	0
 673 000c 0000     		.2byte	0
 674 000e 0000     		.2byte	0
 675 0010 00000000 		.4byte	.LFB60
 676 0014 10000000 		.4byte	.LFE60-.LFB60
 677 0018 00000000 		.4byte	0
 678 001c 00000000 		.4byte	0
 679              		.section	.debug_ranges,"",%progbits
 680              	.Ldebug_ranges0:
 681 0000 00000000 		.4byte	.LFB60
 682 0004 10000000 		.4byte	.LFE60
 683 0008 00000000 		.4byte	0
 684 000c 00000000 		.4byte	0
 685              		.section	.debug_line,"",%progbits
 686              	.Ldebug_line0:
 687 0000 6E010000 		.section	.debug_str,"MS",%progbits,1
 687      02005501 
 687      00000201 
 687      FB0E0D00 
 687      01010101 
 688              	.LASF19:
 689 0000 4B65726E 		.ascii	"Kernel_Context\000"
 689      656C5F43 
 689      6F6E7465 
 689      787400
 690              	.LASF41:
 691 000f 45455F72 		.ascii	"EE_rq_bitmask\000"
 691      715F6269 
 691      746D6173 
 691      6B00
 692              	.LASF14:
 693 001d 45455F55 		.ascii	"EE_UREG\000"
 693      52454700 
 694              	.LASF54:
 695 0025 45455F6F 		.ascii	"EE_oo_call_PreTaskHook\000"
 695      6F5F6361 
 695      6C6C5F50 
 695      72655461 
 695      736B486F 
 696              	.LASF42:
 697 003c 45455F74 		.ascii	"EE_th_event_active\000"
 697      685F6576 
 697      656E745F 
 697      61637469 
 697      766500
 698              	.LASF56:
ARM GAS  C:\Users\DABBIR~1\AppData\Local\Temp\ccB21wSV.s 			page 15


 699 004f 74656D70 		.ascii	"temp\000"
 699      00
 700              	.LASF2:
 701 0054 73686F72 		.ascii	"short int\000"
 701      7420696E 
 701      7400
 702              	.LASF22:
 703 005e 4572726F 		.ascii	"ErrorHook_Context\000"
 703      72486F6F 
 703      6B5F436F 
 703      6E746578 
 703      7400
 704              	.LASF15:
 705 0070 45455F46 		.ascii	"EE_FREG\000"
 705      52454700 
 706              	.LASF13:
 707 0078 45455F55 		.ascii	"EE_UINT32\000"
 707      494E5433 
 707      3200
 708              	.LASF57:
 709 0082 45455F68 		.ascii	"EE_hal_terminate_savestk\000"
 709      616C5F74 
 709      65726D69 
 709      6E617465 
 709      5F736176 
 710              	.LASF34:
 711 009b 45455F74 		.ascii	"EE_th_ready_prio\000"
 711      685F7265 
 711      6164795F 
 711      7072696F 
 711      00
 712              	.LASF21:
 713 00ac 49535232 		.ascii	"ISR2_Context\000"
 713      5F436F6E 
 713      74657874 
 713      00
 714              	.LASF17:
 715 00b9 45455F54 		.ascii	"EE_TID\000"
 715      494400
 716              	.LASF30:
 717 00c0 45455F54 		.ascii	"EE_TYPECONTEXT\000"
 717      59504543 
 717      4F4E5445 
 717      585400
 718              	.LASF43:
 719 00cf 45455F74 		.ascii	"EE_th_waswaiting\000"
 719      685F7761 
 719      73776169 
 719      74696E67 
 719      00
 720              	.LASF31:
 721 00e0 45455F49 		.ascii	"EE_IRQ_nesting_level\000"
 721      52515F6E 
 721      65737469 
 721      6E675F6C 
 721      6576656C 
 722              	.LASF29:
ARM GAS  C:\Users\DABBIR~1\AppData\Local\Temp\ccB21wSV.s 			page 16


 723 00f5 49646C65 		.ascii	"Idle_Context\000"
 723      5F436F6E 
 723      74657874 
 723      00
 724              	.LASF6:
 725 0102 6C6F6E67 		.ascii	"long long int\000"
 725      206C6F6E 
 725      6720696E 
 725      7400
 726              	.LASF10:
 727 0110 45455F49 		.ascii	"EE_INT8\000"
 727      4E543800 
 728              	.LASF18:
 729 0118 45455F54 		.ascii	"EE_TYPE_RQ_MASK\000"
 729      5950455F 
 729      52515F4D 
 729      41534B00 
 730              	.LASF51:
 731 0128 433A5C4D 		.ascii	"C:\\My_Files\\College_Documents\\AMA EOS\\EOS\\LAB\\"
 731      795F4669 
 731      6C65735C 
 731      436F6C6C 
 731      6567655F 
 732 0156 4C41425F 		.ascii	"LAB_2_Submission\\Json Parser\\code\\w06_criticalRe"
 732      325F5375 
 732      626D6973 
 732      73696F6E 
 732      5C4A736F 
 733 0186 67696F6E 		.ascii	"gion.cydsn\\Lab2_JSONParser01.cydsn\000"
 733      2E637964 
 733      736E5C4C 
 733      6162325F 
 733      4A534F4E 
 734              	.LASF4:
 735 01a9 6C6F6E67 		.ascii	"long int\000"
 735      20696E74 
 735      00
 736              	.LASF45:
 737 01b2 45455F6F 		.ascii	"EE_oo_IRQ_suspend_status\000"
 737      6F5F4952 
 737      515F7375 
 737      7370656E 
 737      645F7374 
 738              	.LASF48:
 739 01cb 45455F69 		.ascii	"EE_isr2_index\000"
 739      7372325F 
 739      696E6465 
 739      7800
 740              	.LASF52:
 741 01d9 45455F61 		.ascii	"EE_as_set_execution_context\000"
 741      735F7365 
 741      745F6578 
 741      65637574 
 741      696F6E5F 
 742              	.LASF40:
 743 01f5 45455F73 		.ascii	"EE_sys_ceiling\000"
 743      79735F63 
ARM GAS  C:\Users\DABBIR~1\AppData\Local\Temp\ccB21wSV.s 			page 17


 743      65696C69 
 743      6E6700
 744              	.LASF9:
 745 0204 6C6F6E67 		.ascii	"long double\000"
 745      20646F75 
 745      626C6500 
 746              	.LASF27:
 747 0210 53687574 		.ascii	"ShutdownHook_Context\000"
 747      646F776E 
 747      486F6F6B 
 747      5F436F6E 
 747      74657874 
 748              	.LASF1:
 749 0225 756E7369 		.ascii	"unsigned char\000"
 749      676E6564 
 749      20636861 
 749      7200
 750              	.LASF0:
 751 0233 7369676E 		.ascii	"signed char\000"
 751      65642063 
 751      68617200 
 752              	.LASF7:
 753 023f 6C6F6E67 		.ascii	"long long unsigned int\000"
 753      206C6F6E 
 753      6720756E 
 753      7369676E 
 753      65642069 
 754              	.LASF53:
 755 0256 45455F73 		.ascii	"EE_stk_queryfirst\000"
 755      746B5F71 
 755      75657279 
 755      66697273 
 755      7400
 756              	.LASF8:
 757 0268 756E7369 		.ascii	"unsigned int\000"
 757      676E6564 
 757      20696E74 
 757      00
 758              	.LASF38:
 759 0275 45455F74 		.ascii	"EE_th_rnact\000"
 759      685F726E 
 759      61637400 
 760              	.LASF32:
 761 0281 45455F73 		.ascii	"EE_std_endcycle_next_tid\000"
 761      74645F65 
 761      6E646379 
 761      636C655F 
 761      6E657874 
 762              	.LASF12:
 763 029a 45455F49 		.ascii	"EE_INT32\000"
 763      4E543332 
 763      00
 764              	.LASF20:
 765 02a3 5441534B 		.ascii	"TASK_Context\000"
 765      5F436F6E 
 765      74657874 
 765      00
ARM GAS  C:\Users\DABBIR~1\AppData\Local\Temp\ccB21wSV.s 			page 18


 766              	.LASF3:
 767 02b0 73686F72 		.ascii	"short unsigned int\000"
 767      7420756E 
 767      7369676E 
 767      65642069 
 767      6E7400
 768              	.LASF11:
 769 02c3 45455F55 		.ascii	"EE_UINT16\000"
 769      494E5431 
 769      3600
 770              	.LASF28:
 771 02cd 416C6172 		.ascii	"AlarmCallback_Context\000"
 771      6D43616C 
 771      6C626163 
 771      6B5F436F 
 771      6E746578 
 772              	.LASF46:
 773 02e3 45455F41 		.ascii	"EE_ApplicationMode\000"
 773      70706C69 
 773      63617469 
 773      6F6E4D6F 
 773      646500
 774              	.LASF5:
 775 02f6 6C6F6E67 		.ascii	"long unsigned int\000"
 775      20756E73 
 775      69676E65 
 775      6420696E 
 775      7400
 776              	.LASF16:
 777 0308 45455F54 		.ascii	"EE_TYPEBOOL\000"
 777      59504542 
 777      4F4F4C00 
 778              	.LASF39:
 779 0314 45455F73 		.ascii	"EE_stkfirst\000"
 779      746B6669 
 779      72737400 
 780              	.LASF23:
 781 0320 50726F74 		.ascii	"ProtectionHook_Context\000"
 781      65637469 
 781      6F6E486F 
 781      6F6B5F43 
 781      6F6E7465 
 782              	.LASF24:
 783 0337 50726554 		.ascii	"PreTaskHook_Context\000"
 783      61736B48 
 783      6F6F6B5F 
 783      436F6E74 
 783      65787400 
 784              	.LASF25:
 785 034b 506F7374 		.ascii	"PostTaskHook_Context\000"
 785      5461736B 
 785      486F6F6B 
 785      5F436F6E 
 785      74657874 
 786              	.LASF33:
 787 0360 73697A65 		.ascii	"sizetype\000"
 787      74797065 
ARM GAS  C:\Users\DABBIR~1\AppData\Local\Temp\ccB21wSV.s 			page 19


 787      00
 788              	.LASF47:
 789 0369 45455F72 		.ascii	"EE_rq_lookup\000"
 789      715F6C6F 
 789      6F6B7570 
 789      00
 790              	.LASF36:
 791 0376 45455F74 		.ascii	"EE_th_status\000"
 791      685F7374 
 791      61747573 
 791      00
 792              	.LASF35:
 793 0383 45455F74 		.ascii	"EE_th_dispatch_prio\000"
 793      685F6469 
 793      73706174 
 793      63685F70 
 793      72696F00 
 794              	.LASF50:
 795 0397 47656E65 		.ascii	"Generated_Source\\PSoC5\\ErikaOS_1_ee_tstub.c\000"
 795      72617465 
 795      645F536F 
 795      75726365 
 795      5C50536F 
 796              	.LASF55:
 797 03c3 45455F6F 		.ascii	"EE_oo_thread_stub\000"
 797      6F5F7468 
 797      72656164 
 797      5F737475 
 797      6200
 798              	.LASF49:
 799 03d5 474E5520 		.ascii	"GNU C11 5.4.1 20160609 (release) [ARM/embedded-5-br"
 799      43313120 
 799      352E342E 
 799      31203230 
 799      31363036 
 800 0408 616E6368 		.ascii	"anch revision 237715] -mcpu=cortex-m3 -mthumb -g -O"
 800      20726576 
 800      6973696F 
 800      6E203233 
 800      37373135 
 801 043b 67202D66 		.ascii	"g -ffunction-sections -ffat-lto-objects\000"
 801      66756E63 
 801      74696F6E 
 801      2D736563 
 801      74696F6E 
 802              	.LASF37:
 803 0463 45455F74 		.ascii	"EE_th_next\000"
 803      685F6E65 
 803      787400
 804              	.LASF26:
 805 046e 53746172 		.ascii	"StartupHook_Context\000"
 805      74757048 
 805      6F6F6B5F 
 805      436F6E74 
 805      65787400 
 806              	.LASF44:
 807 0482 45455F6F 		.ascii	"EE_oo_IRQ_disable_count\000"
ARM GAS  C:\Users\DABBIR~1\AppData\Local\Temp\ccB21wSV.s 			page 20


 807      6F5F4952 
 807      515F6469 
 807      7361626C 
 807      655F636F 
 808              		.ident	"GCC: (GNU Tools for ARM Embedded Processors) 5.4.1 20160609 (release) [ARM/embedded-5-bran
