ARM GAS  C:\Users\DABBIR~1\AppData\Local\Temp\ccK7vgIR.s 			page 1


   1              		.syntax unified
   2              		.cpu cortex-m3
   3              		.fpu softvfp
   4              		.eabi_attribute 20, 1
   5              		.eabi_attribute 21, 1
   6              		.eabi_attribute 23, 3
   7              		.eabi_attribute 24, 1
   8              		.eabi_attribute 25, 1
   9              		.eabi_attribute 26, 1
  10              		.eabi_attribute 30, 1
  11              		.eabi_attribute 34, 1
  12              		.eabi_attribute 18, 4
  13              		.thumb
  14              		.syntax unified
  15              		.file	"ErikaOS_1_ee_rq_inser.c"
  16              		.text
  17              	.Ltext0:
  18              		.cfi_sections	.debug_frame
  19              		.section	.text.EE_rq_insert,"ax",%progbits
  20              		.align	2
  21              		.global	EE_rq_insert
  22              		.thumb
  23              		.thumb_func
  24              		.type	EE_rq_insert, %function
  25              	EE_rq_insert:
  26              	.LFB60:
  27              		.file 1 "Generated_Source\\PSoC5\\ErikaOS_1_ee_rq_inser.c"
   1:Generated_Source\PSoC5/ErikaOS_1_ee_rq_inser.c **** /* ###*B*###
   2:Generated_Source\PSoC5/ErikaOS_1_ee_rq_inser.c ****  * ERIKA Enterprise - a tiny RTOS for small microcontrollers
   3:Generated_Source\PSoC5/ErikaOS_1_ee_rq_inser.c ****  *
   4:Generated_Source\PSoC5/ErikaOS_1_ee_rq_inser.c ****  * Copyright (C) 2002-2008  Evidence Srl
   5:Generated_Source\PSoC5/ErikaOS_1_ee_rq_inser.c ****  *
   6:Generated_Source\PSoC5/ErikaOS_1_ee_rq_inser.c ****  * This file is part of ERIKA Enterprise.
   7:Generated_Source\PSoC5/ErikaOS_1_ee_rq_inser.c ****  *
   8:Generated_Source\PSoC5/ErikaOS_1_ee_rq_inser.c ****  * ERIKA Enterprise is free software; you can redistribute it
   9:Generated_Source\PSoC5/ErikaOS_1_ee_rq_inser.c ****  * and/or modify it under the terms of the GNU General Public License
  10:Generated_Source\PSoC5/ErikaOS_1_ee_rq_inser.c ****  * version 2 as published by the Free Software Foundation, 
  11:Generated_Source\PSoC5/ErikaOS_1_ee_rq_inser.c ****  * (with a special exception described below).
  12:Generated_Source\PSoC5/ErikaOS_1_ee_rq_inser.c ****  *
  13:Generated_Source\PSoC5/ErikaOS_1_ee_rq_inser.c ****  * Linking this code statically or dynamically with other modules is
  14:Generated_Source\PSoC5/ErikaOS_1_ee_rq_inser.c ****  * making a combined work based on this code.  Thus, the terms and
  15:Generated_Source\PSoC5/ErikaOS_1_ee_rq_inser.c ****  * conditions of the GNU General Public License cover the whole
  16:Generated_Source\PSoC5/ErikaOS_1_ee_rq_inser.c ****  * combination.
  17:Generated_Source\PSoC5/ErikaOS_1_ee_rq_inser.c ****  *
  18:Generated_Source\PSoC5/ErikaOS_1_ee_rq_inser.c ****  * As a special exception, the copyright holders of this library give you
  19:Generated_Source\PSoC5/ErikaOS_1_ee_rq_inser.c ****  * permission to link this code with independent modules to produce an
  20:Generated_Source\PSoC5/ErikaOS_1_ee_rq_inser.c ****  * executable, regardless of the license terms of these independent
  21:Generated_Source\PSoC5/ErikaOS_1_ee_rq_inser.c ****  * modules, and to copy and distribute the resulting executable under
  22:Generated_Source\PSoC5/ErikaOS_1_ee_rq_inser.c ****  * terms of your choice, provided that you also meet, for each linked
  23:Generated_Source\PSoC5/ErikaOS_1_ee_rq_inser.c ****  * independent module, the terms and conditions of the license of that
  24:Generated_Source\PSoC5/ErikaOS_1_ee_rq_inser.c ****  * module.  An independent module is a module which is not derived from
  25:Generated_Source\PSoC5/ErikaOS_1_ee_rq_inser.c ****  * or based on this library.  If you modify this code, you may extend
  26:Generated_Source\PSoC5/ErikaOS_1_ee_rq_inser.c ****  * this exception to your version of the code, but you are not
  27:Generated_Source\PSoC5/ErikaOS_1_ee_rq_inser.c ****  * obligated to do so.  If you do not wish to do so, delete this
  28:Generated_Source\PSoC5/ErikaOS_1_ee_rq_inser.c ****  * exception statement from your version.
  29:Generated_Source\PSoC5/ErikaOS_1_ee_rq_inser.c ****  *
  30:Generated_Source\PSoC5/ErikaOS_1_ee_rq_inser.c ****  * ERIKA Enterprise is distributed in the hope that it will be
ARM GAS  C:\Users\DABBIR~1\AppData\Local\Temp\ccK7vgIR.s 			page 2


  31:Generated_Source\PSoC5/ErikaOS_1_ee_rq_inser.c ****  * useful, but WITHOUT ANY WARRANTY; without even the implied warranty
  32:Generated_Source\PSoC5/ErikaOS_1_ee_rq_inser.c ****  * of MERCHANTABILITY or FITNESS FOR A PARTICULAR PURPOSE.  See the
  33:Generated_Source\PSoC5/ErikaOS_1_ee_rq_inser.c ****  * GNU General Public License version 2 for more details.
  34:Generated_Source\PSoC5/ErikaOS_1_ee_rq_inser.c ****  *
  35:Generated_Source\PSoC5/ErikaOS_1_ee_rq_inser.c ****  * You should have received a copy of the GNU General Public License
  36:Generated_Source\PSoC5/ErikaOS_1_ee_rq_inser.c ****  * version 2 along with ERIKA Enterprise; if not, write to the
  37:Generated_Source\PSoC5/ErikaOS_1_ee_rq_inser.c ****  * Free Software Foundation, Inc., 51 Franklin Street, Fifth Floor,
  38:Generated_Source\PSoC5/ErikaOS_1_ee_rq_inser.c ****  * Boston, MA 02110-1301 USA.
  39:Generated_Source\PSoC5/ErikaOS_1_ee_rq_inser.c ****  * ###*E*### */
  40:Generated_Source\PSoC5/ErikaOS_1_ee_rq_inser.c **** 
  41:Generated_Source\PSoC5/ErikaOS_1_ee_rq_inser.c **** /*
  42:Generated_Source\PSoC5/ErikaOS_1_ee_rq_inser.c ****  * Author: 2002-2004 Paolo Gai
  43:Generated_Source\PSoC5/ErikaOS_1_ee_rq_inser.c ****  * CVS: $Id: ee_rq_inser.c,v 1.1 2005/07/16 12:23:42 pj Exp $
  44:Generated_Source\PSoC5/ErikaOS_1_ee_rq_inser.c ****  */
  45:Generated_Source\PSoC5/ErikaOS_1_ee_rq_inser.c **** 
  46:Generated_Source\PSoC5/ErikaOS_1_ee_rq_inser.c **** /*
  47:Generated_Source\PSoC5/ErikaOS_1_ee_rq_inser.c ****  * PSoC Port and API Generation
  48:Generated_Source\PSoC5/ErikaOS_1_ee_rq_inser.c ****  * Carlos Fernando Meier Martinez
  49:Generated_Source\PSoC5/ErikaOS_1_ee_rq_inser.c ****  * Hochschule Darmstadt, Germany. 2017.
  50:Generated_Source\PSoC5/ErikaOS_1_ee_rq_inser.c ****  */
  51:Generated_Source\PSoC5/ErikaOS_1_ee_rq_inser.c **** 
  52:Generated_Source\PSoC5/ErikaOS_1_ee_rq_inser.c **** #include "ErikaOS_1_ee_internal.inc"
  53:Generated_Source\PSoC5/ErikaOS_1_ee_rq_inser.c **** 
  54:Generated_Source\PSoC5/ErikaOS_1_ee_rq_inser.c **** #ifndef __PRIVATE_RQ_INSERT__
  55:Generated_Source\PSoC5/ErikaOS_1_ee_rq_inser.c **** 
  56:Generated_Source\PSoC5/ErikaOS_1_ee_rq_inser.c **** #if (defined(__OO_BCC1__)) || (defined(__OO_ECC1__))
  57:Generated_Source\PSoC5/ErikaOS_1_ee_rq_inser.c **** /* this function inserts a task into the ready queue */
  58:Generated_Source\PSoC5/ErikaOS_1_ee_rq_inser.c **** void EE_rq_insert(EE_TID t)
  59:Generated_Source\PSoC5/ErikaOS_1_ee_rq_inser.c **** {
  60:Generated_Source\PSoC5/ErikaOS_1_ee_rq_inser.c ****   EE_TYPEPRIO prio;
  61:Generated_Source\PSoC5/ErikaOS_1_ee_rq_inser.c ****   EE_TID p,q;
  62:Generated_Source\PSoC5/ErikaOS_1_ee_rq_inser.c **** 
  63:Generated_Source\PSoC5/ErikaOS_1_ee_rq_inser.c ****   p = EE_NIL;
  64:Generated_Source\PSoC5/ErikaOS_1_ee_rq_inser.c ****   q = EE_rq_first;
  65:Generated_Source\PSoC5/ErikaOS_1_ee_rq_inser.c ****   prio = EE_th_ready_prio[t];
  66:Generated_Source\PSoC5/ErikaOS_1_ee_rq_inser.c **** 
  67:Generated_Source\PSoC5/ErikaOS_1_ee_rq_inser.c ****   while ((q != EE_NIL) && (prio <= EE_th_ready_prio[q])) {
  68:Generated_Source\PSoC5/ErikaOS_1_ee_rq_inser.c ****     p = q;
  69:Generated_Source\PSoC5/ErikaOS_1_ee_rq_inser.c ****     q = EE_th_next[q];
  70:Generated_Source\PSoC5/ErikaOS_1_ee_rq_inser.c ****   }
  71:Generated_Source\PSoC5/ErikaOS_1_ee_rq_inser.c **** 
  72:Generated_Source\PSoC5/ErikaOS_1_ee_rq_inser.c ****   if (p != EE_NIL) {
  73:Generated_Source\PSoC5/ErikaOS_1_ee_rq_inser.c ****     EE_th_next[p] = t;
  74:Generated_Source\PSoC5/ErikaOS_1_ee_rq_inser.c ****   } else {
  75:Generated_Source\PSoC5/ErikaOS_1_ee_rq_inser.c ****     EE_rq_first = t;
  76:Generated_Source\PSoC5/ErikaOS_1_ee_rq_inser.c ****   }
  77:Generated_Source\PSoC5/ErikaOS_1_ee_rq_inser.c **** 
  78:Generated_Source\PSoC5/ErikaOS_1_ee_rq_inser.c ****   EE_th_next[t] = q;
  79:Generated_Source\PSoC5/ErikaOS_1_ee_rq_inser.c **** }
  80:Generated_Source\PSoC5/ErikaOS_1_ee_rq_inser.c **** #endif
  81:Generated_Source\PSoC5/ErikaOS_1_ee_rq_inser.c **** 
  82:Generated_Source\PSoC5/ErikaOS_1_ee_rq_inser.c **** #if (defined(__OO_BCC2__)) || (defined(__OO_ECC2__))
  83:Generated_Source\PSoC5/ErikaOS_1_ee_rq_inser.c **** void EE_rq_insert(EE_TID t)
  84:Generated_Source\PSoC5/ErikaOS_1_ee_rq_inser.c **** {
  28              		.loc 1 84 0
  29              		.cfi_startproc
  30              		@ args = 0, pretend = 0, frame = 0
ARM GAS  C:\Users\DABBIR~1\AppData\Local\Temp\ccK7vgIR.s 			page 3


  31              		@ frame_needed = 0, uses_anonymous_args = 0
  32              		@ link register save eliminated.
  33              	.LVL0:
  34 0000 30B4     		push	{r4, r5}
  35              		.cfi_def_cfa_offset 8
  36              		.cfi_offset 4, -8
  37              		.cfi_offset 5, -4
  85:Generated_Source\PSoC5/ErikaOS_1_ee_rq_inser.c ****   EE_TYPEPAIR temp;
  86:Generated_Source\PSoC5/ErikaOS_1_ee_rq_inser.c ****   EE_TYPEPRIO p;
  87:Generated_Source\PSoC5/ErikaOS_1_ee_rq_inser.c ****   
  88:Generated_Source\PSoC5/ErikaOS_1_ee_rq_inser.c ****   p = EE_rq_link[t];
  38              		.loc 1 88 0
  39 0002 144B     		ldr	r3, .L5
  40 0004 53F82020 		ldr	r2, [r3, r0, lsl #2]
  41              	.LVL1:
  89:Generated_Source\PSoC5/ErikaOS_1_ee_rq_inser.c **** 
  90:Generated_Source\PSoC5/ErikaOS_1_ee_rq_inser.c ****   /* take a free pair */
  91:Generated_Source\PSoC5/ErikaOS_1_ee_rq_inser.c ****   temp = EE_rq_free;
  42              		.loc 1 91 0
  43 0008 134C     		ldr	r4, .L5+4
  44 000a 2368     		ldr	r3, [r4]
  45              	.LVL2:
  92:Generated_Source\PSoC5/ErikaOS_1_ee_rq_inser.c ****   EE_rq_free = EE_rq_pairs_next[EE_rq_free];
  46              		.loc 1 92 0
  47 000c 1349     		ldr	r1, .L5+8
  48 000e 51F82350 		ldr	r5, [r1, r3, lsl #2]
  49 0012 2560     		str	r5, [r4]
  93:Generated_Source\PSoC5/ErikaOS_1_ee_rq_inser.c **** 
  94:Generated_Source\PSoC5/ErikaOS_1_ee_rq_inser.c ****   /* fill it with the TID */
  95:Generated_Source\PSoC5/ErikaOS_1_ee_rq_inser.c ****   EE_rq_pairs_tid[temp] = t;
  50              		.loc 1 95 0
  51 0014 124C     		ldr	r4, .L5+12
  52 0016 44F82300 		str	r0, [r4, r3, lsl #2]
  96:Generated_Source\PSoC5/ErikaOS_1_ee_rq_inser.c ****   EE_rq_pairs_next[temp] = -1;
  53              		.loc 1 96 0
  54 001a 4FF0FF34 		mov	r4, #-1
  55 001e 41F82340 		str	r4, [r1, r3, lsl #2]
  97:Generated_Source\PSoC5/ErikaOS_1_ee_rq_inser.c **** 
  98:Generated_Source\PSoC5/ErikaOS_1_ee_rq_inser.c ****   /* put it at the tail of its priority queue */
  99:Generated_Source\PSoC5/ErikaOS_1_ee_rq_inser.c ****   if (EE_rq_queues_tail[p] == (EE_SREG)-1) {
  56              		.loc 1 99 0
  57 0022 1049     		ldr	r1, .L5+16
  58 0024 51F82210 		ldr	r1, [r1, r2, lsl #2]
  59 0028 A142     		cmp	r1, r4
  60 002a 0AD1     		bne	.L2
 100:Generated_Source\PSoC5/ErikaOS_1_ee_rq_inser.c ****     /* no tasks in this priority queue */
 101:Generated_Source\PSoC5/ErikaOS_1_ee_rq_inser.c ****     /* set the bit field to say that a task is in the right queue */
 102:Generated_Source\PSoC5/ErikaOS_1_ee_rq_inser.c ****     EE_rq_bitmask |= (EE_TYPE_RQ_MASK)EE_th_ready_prio[t];
  61              		.loc 1 102 0
  62 002c 0E49     		ldr	r1, .L5+20
  63 002e 51F82040 		ldr	r4, [r1, r0, lsl #2]
  64 0032 0E48     		ldr	r0, .L5+24
  65              	.LVL3:
  66 0034 0188     		ldrh	r1, [r0]
  67 0036 2143     		orrs	r1, r1, r4
  68 0038 0180     		strh	r1, [r0]	@ movhi
 103:Generated_Source\PSoC5/ErikaOS_1_ee_rq_inser.c ****     EE_rq_queues_head[p] = temp;
ARM GAS  C:\Users\DABBIR~1\AppData\Local\Temp\ccK7vgIR.s 			page 4


  69              		.loc 1 103 0
  70 003a 0D49     		ldr	r1, .L5+28
  71 003c 41F82230 		str	r3, [r1, r2, lsl #2]
  72 0040 02E0     		b	.L3
  73              	.LVL4:
  74              	.L2:
 104:Generated_Source\PSoC5/ErikaOS_1_ee_rq_inser.c ****   } else {
 105:Generated_Source\PSoC5/ErikaOS_1_ee_rq_inser.c ****     EE_rq_pairs_next[EE_rq_queues_tail[p]] = temp;
  75              		.loc 1 105 0
  76 0042 0648     		ldr	r0, .L5+8
  77              	.LVL5:
  78 0044 40F82130 		str	r3, [r0, r1, lsl #2]
  79              	.L3:
 106:Generated_Source\PSoC5/ErikaOS_1_ee_rq_inser.c ****   }
 107:Generated_Source\PSoC5/ErikaOS_1_ee_rq_inser.c ****   EE_rq_queues_tail[p] = temp;
  80              		.loc 1 107 0
  81 0048 0649     		ldr	r1, .L5+16
  82 004a 41F82230 		str	r3, [r1, r2, lsl #2]
 108:Generated_Source\PSoC5/ErikaOS_1_ee_rq_inser.c **** }
  83              		.loc 1 108 0
  84 004e 30BC     		pop	{r4, r5}
  85              		.cfi_restore 5
  86              		.cfi_restore 4
  87              		.cfi_def_cfa_offset 0
  88 0050 7047     		bx	lr
  89              	.L6:
  90 0052 00BF     		.align	2
  91              	.L5:
  92 0054 00000000 		.word	EE_rq_link
  93 0058 00000000 		.word	EE_rq_free
  94 005c 00000000 		.word	EE_rq_pairs_next
  95 0060 00000000 		.word	EE_rq_pairs_tid
  96 0064 00000000 		.word	EE_rq_queues_tail
  97 0068 00000000 		.word	EE_th_ready_prio
  98 006c 00000000 		.word	EE_rq_bitmask
  99 0070 00000000 		.word	EE_rq_queues_head
 100              		.cfi_endproc
 101              	.LFE60:
 102              		.size	EE_rq_insert, .-EE_rq_insert
 103              		.text
 104              	.Letext0:
 105              		.file 2 "Generated_Source\\PSoC5\\ErikaOS_1_common_ee_types.inc"
 106              		.file 3 "Generated_Source\\PSoC5\\ErikaOS_1_cortex_mx_ee_cpu.inc"
 107              		.file 4 "Generated_Source\\PSoC5\\ErikaOS_1_ee_oo_common.inc"
 108              		.file 5 "Generated_Source\\PSoC5\\ErikaOS_1_common_ee_primitives.inc"
 109              		.file 6 "Generated_Source\\PSoC5\\ErikaOS_1_cortex_mx_ee_context.inc"
 110              		.file 7 "Generated_Source\\PSoC5\\ErikaOS_1_ee_oo_intfunc.inc"
 111              		.file 8 "Generated_Source\\PSoC5\\ErikaOS_1_ee_oo_internal.inc"
 112              		.section	.debug_info,"",%progbits
 113              	.Ldebug_info0:
 114 0000 B1020000 		.4byte	0x2b1
 115 0004 0400     		.2byte	0x4
 116 0006 00000000 		.4byte	.Ldebug_abbrev0
 117 000a 04       		.byte	0x4
 118 000b 01       		.uleb128 0x1
 119 000c 21030000 		.4byte	.LASF45
 120 0010 0C       		.byte	0xc
ARM GAS  C:\Users\DABBIR~1\AppData\Local\Temp\ccK7vgIR.s 			page 5


 121 0011 BB000000 		.4byte	.LASF46
 122 0015 10010000 		.4byte	.LASF47
 123 0019 00000000 		.4byte	.Ldebug_ranges0+0
 124 001d 00000000 		.4byte	0
 125 0021 00000000 		.4byte	.Ldebug_line0
 126 0025 02       		.uleb128 0x2
 127 0026 01       		.byte	0x1
 128 0027 06       		.byte	0x6
 129 0028 03020000 		.4byte	.LASF0
 130 002c 02       		.uleb128 0x2
 131 002d 01       		.byte	0x1
 132 002e 08       		.byte	0x8
 133 002f ED010000 		.4byte	.LASF1
 134 0033 02       		.uleb128 0x2
 135 0034 02       		.byte	0x2
 136 0035 05       		.byte	0x5
 137 0036 46000000 		.4byte	.LASF2
 138 003a 02       		.uleb128 0x2
 139 003b 02       		.byte	0x2
 140 003c 07       		.byte	0x7
 141 003d 61020000 		.4byte	.LASF3
 142 0041 02       		.uleb128 0x2
 143 0042 04       		.byte	0x4
 144 0043 05       		.byte	0x5
 145 0044 91010000 		.4byte	.LASF4
 146 0048 02       		.uleb128 0x2
 147 0049 04       		.byte	0x4
 148 004a 07       		.byte	0x7
 149 004b 9C020000 		.4byte	.LASF5
 150 004f 02       		.uleb128 0x2
 151 0050 08       		.byte	0x8
 152 0051 05       		.byte	0x5
 153 0052 EA000000 		.4byte	.LASF6
 154 0056 02       		.uleb128 0x2
 155 0057 08       		.byte	0x8
 156 0058 07       		.byte	0x7
 157 0059 0F020000 		.4byte	.LASF7
 158 005d 03       		.uleb128 0x3
 159 005e 04       		.byte	0x4
 160 005f 05       		.byte	0x5
 161 0060 696E7400 		.ascii	"int\000"
 162 0064 02       		.uleb128 0x2
 163 0065 04       		.byte	0x4
 164 0066 07       		.byte	0x7
 165 0067 26020000 		.4byte	.LASF8
 166 006b 02       		.uleb128 0x2
 167 006c 08       		.byte	0x8
 168 006d 04       		.byte	0x4
 169 006e D3010000 		.4byte	.LASF9
 170 0072 04       		.uleb128 0x4
 171 0073 F8000000 		.4byte	.LASF10
 172 0077 02       		.byte	0x2
 173 0078 3F       		.byte	0x3f
 174 0079 25000000 		.4byte	0x25
 175 007d 04       		.uleb128 0x4
 176 007e 74020000 		.4byte	.LASF11
 177 0082 02       		.byte	0x2
ARM GAS  C:\Users\DABBIR~1\AppData\Local\Temp\ccK7vgIR.s 			page 6


 178 0083 52       		.byte	0x52
 179 0084 3A000000 		.4byte	0x3a
 180 0088 04       		.uleb128 0x4
 181 0089 58020000 		.4byte	.LASF12
 182 008d 02       		.byte	0x2
 183 008e 53       		.byte	0x53
 184 008f 5D000000 		.4byte	0x5d
 185 0093 04       		.uleb128 0x4
 186 0094 61000000 		.4byte	.LASF13
 187 0098 02       		.byte	0x2
 188 0099 54       		.byte	0x54
 189 009a 64000000 		.4byte	0x64
 190 009e 04       		.uleb128 0x4
 191 009f 0E000000 		.4byte	.LASF14
 192 00a3 03       		.byte	0x3
 193 00a4 4D       		.byte	0x4d
 194 00a5 93000000 		.4byte	0x93
 195 00a9 04       		.uleb128 0x4
 196 00aa FB010000 		.4byte	.LASF15
 197 00ae 03       		.byte	0x3
 198 00af 4E       		.byte	0x4e
 199 00b0 88000000 		.4byte	0x88
 200 00b4 04       		.uleb128 0x4
 201 00b5 59000000 		.4byte	.LASF16
 202 00b9 03       		.byte	0x3
 203 00ba 4F       		.byte	0x4f
 204 00bb 93000000 		.4byte	0x93
 205 00bf 04       		.uleb128 0x4
 206 00c0 AE020000 		.4byte	.LASF17
 207 00c4 03       		.byte	0x3
 208 00c5 54       		.byte	0x54
 209 00c6 9E000000 		.4byte	0x9e
 210 00ca 04       		.uleb128 0x4
 211 00cb 8E000000 		.4byte	.LASF18
 212 00cf 03       		.byte	0x3
 213 00d0 78       		.byte	0x78
 214 00d1 88000000 		.4byte	0x88
 215 00d5 05       		.uleb128 0x5
 216 00d6 00010000 		.4byte	.LASF19
 217 00da 04       		.byte	0x4
 218 00db 1101     		.2byte	0x111
 219 00dd 7D000000 		.4byte	0x7d
 220 00e1 06       		.uleb128 0x6
 221 00e2 16000000 		.4byte	.LASF48
 222 00e6 01       		.byte	0x1
 223 00e7 53       		.byte	0x53
 224 00e8 00000000 		.4byte	.LFB60
 225 00ec 74000000 		.4byte	.LFE60-.LFB60
 226 00f0 01       		.uleb128 0x1
 227 00f1 9C       		.byte	0x9c
 228 00f2 1C010000 		.4byte	0x11c
 229 00f6 07       		.uleb128 0x7
 230 00f7 7400     		.ascii	"t\000"
 231 00f9 01       		.byte	0x1
 232 00fa 53       		.byte	0x53
 233 00fb CA000000 		.4byte	0xca
 234 00ff 00000000 		.4byte	.LLST0
ARM GAS  C:\Users\DABBIR~1\AppData\Local\Temp\ccK7vgIR.s 			page 7


 235 0103 08       		.uleb128 0x8
 236 0104 41000000 		.4byte	.LASF20
 237 0108 01       		.byte	0x1
 238 0109 55       		.byte	0x55
 239 010a A9000000 		.4byte	0xa9
 240 010e 01       		.uleb128 0x1
 241 010f 53       		.byte	0x53
 242 0110 09       		.uleb128 0x9
 243 0111 7000     		.ascii	"p\000"
 244 0113 01       		.byte	0x1
 245 0114 56       		.byte	0x56
 246 0115 9E000000 		.4byte	0x9e
 247 0119 01       		.uleb128 0x1
 248 011a 52       		.byte	0x52
 249 011b 00       		.byte	0
 250 011c 0A       		.uleb128 0xa
 251 011d A6000000 		.4byte	.LASF21
 252 0121 05       		.byte	0x5
 253 0122 44       		.byte	0x44
 254 0123 9E000000 		.4byte	0x9e
 255 0127 0A       		.uleb128 0xa
 256 0128 3F020000 		.4byte	.LASF22
 257 012c 06       		.byte	0x6
 258 012d 48       		.byte	0x48
 259 012e CA000000 		.4byte	0xca
 260 0132 0B       		.uleb128 0xb
 261 0133 49010000 		.4byte	0x149
 262 0137 42010000 		.4byte	0x142
 263 013b 0C       		.uleb128 0xc
 264 013c 42010000 		.4byte	0x142
 265 0140 03       		.byte	0x3
 266 0141 00       		.byte	0
 267 0142 02       		.uleb128 0x2
 268 0143 04       		.byte	0x4
 269 0144 07       		.byte	0x7
 270 0145 50000000 		.4byte	.LASF23
 271 0149 0D       		.uleb128 0xd
 272 014a 9E000000 		.4byte	0x9e
 273 014e 0A       		.uleb128 0xa
 274 014f 6B000000 		.4byte	.LASF24
 275 0153 04       		.byte	0x4
 276 0154 B2       		.byte	0xb2
 277 0155 59010000 		.4byte	0x159
 278 0159 0D       		.uleb128 0xd
 279 015a 32010000 		.4byte	0x132
 280 015e 0A       		.uleb128 0xa
 281 015f F0020000 		.4byte	.LASF25
 282 0163 04       		.byte	0x4
 283 0164 B3       		.byte	0xb3
 284 0165 69010000 		.4byte	0x169
 285 0169 0D       		.uleb128 0xd
 286 016a 32010000 		.4byte	0x132
 287 016e 0B       		.uleb128 0xb
 288 016f 9E000000 		.4byte	0x9e
 289 0173 7E010000 		.4byte	0x17e
 290 0177 0C       		.uleb128 0xc
 291 0178 42010000 		.4byte	0x142
ARM GAS  C:\Users\DABBIR~1\AppData\Local\Temp\ccK7vgIR.s 			page 8


 292 017c 03       		.byte	0x3
 293 017d 00       		.byte	0
 294 017e 0A       		.uleb128 0xa
 295 017f E3020000 		.4byte	.LASF26
 296 0183 04       		.byte	0x4
 297 0184 CA       		.byte	0xca
 298 0185 6E010000 		.4byte	0x16e
 299 0189 0B       		.uleb128 0xb
 300 018a CA000000 		.4byte	0xca
 301 018e 99010000 		.4byte	0x199
 302 0192 0C       		.uleb128 0xc
 303 0193 42010000 		.4byte	0x142
 304 0197 03       		.byte	0x3
 305 0198 00       		.byte	0
 306 0199 0A       		.uleb128 0xa
 307 019a 04030000 		.4byte	.LASF27
 308 019e 04       		.byte	0x4
 309 019f D2       		.byte	0xd2
 310 01a0 89010000 		.4byte	0x189
 311 01a4 0A       		.uleb128 0xa
 312 01a5 33020000 		.4byte	.LASF28
 313 01a9 04       		.byte	0x4
 314 01aa DA       		.byte	0xda
 315 01ab 6E010000 		.4byte	0x16e
 316 01af 0A       		.uleb128 0xa
 317 01b0 BA020000 		.4byte	.LASF29
 318 01b4 04       		.byte	0x4
 319 01b5 E2       		.byte	0xe2
 320 01b6 CA000000 		.4byte	0xca
 321 01ba 0A       		.uleb128 0xa
 322 01bb C4010000 		.4byte	.LASF30
 323 01bf 04       		.byte	0x4
 324 01c0 F7       		.byte	0xf7
 325 01c1 9E000000 		.4byte	0x9e
 326 01c5 0E       		.uleb128 0xe
 327 01c6 7E020000 		.4byte	.LASF31
 328 01ca 04       		.byte	0x4
 329 01cb 2101     		.2byte	0x121
 330 01cd 6E010000 		.4byte	0x16e
 331 01d1 0B       		.uleb128 0xb
 332 01d2 A9000000 		.4byte	0xa9
 333 01d6 E1010000 		.4byte	0x1e1
 334 01da 0C       		.uleb128 0xc
 335 01db 42010000 		.4byte	0x142
 336 01df 0F       		.byte	0xf
 337 01e0 00       		.byte	0
 338 01e1 0E       		.uleb128 0xe
 339 01e2 7C000000 		.4byte	.LASF32
 340 01e6 04       		.byte	0x4
 341 01e7 2501     		.2byte	0x125
 342 01e9 D1010000 		.4byte	0x1d1
 343 01ed 0E       		.uleb128 0xe
 344 01ee 0F030000 		.4byte	.LASF33
 345 01f2 04       		.byte	0x4
 346 01f3 2601     		.2byte	0x126
 347 01f5 D1010000 		.4byte	0x1d1
 348 01f9 0B       		.uleb128 0xb
ARM GAS  C:\Users\DABBIR~1\AppData\Local\Temp\ccK7vgIR.s 			page 9


 349 01fa A9000000 		.4byte	0xa9
 350 01fe 09020000 		.4byte	0x209
 351 0202 0C       		.uleb128 0xc
 352 0203 42010000 		.4byte	0x142
 353 0207 03       		.byte	0x3
 354 0208 00       		.byte	0
 355 0209 0E       		.uleb128 0xe
 356 020a B3010000 		.4byte	.LASF34
 357 020e 04       		.byte	0x4
 358 020f 2C01     		.2byte	0x12c
 359 0211 F9010000 		.4byte	0x1f9
 360 0215 0E       		.uleb128 0xe
 361 0216 C6020000 		.4byte	.LASF35
 362 021a 04       		.byte	0x4
 363 021b 3C01     		.2byte	0x13c
 364 021d 89010000 		.4byte	0x189
 365 0221 0E       		.uleb128 0xe
 366 0222 00000000 		.4byte	.LASF36
 367 0226 04       		.byte	0x4
 368 0227 3F01     		.2byte	0x13f
 369 0229 D5000000 		.4byte	0xd5
 370 022d 0E       		.uleb128 0xe
 371 022e 23000000 		.4byte	.LASF37
 372 0232 04       		.byte	0x4
 373 0233 4101     		.2byte	0x141
 374 0235 A9000000 		.4byte	0xa9
 375 0239 0E       		.uleb128 0xe
 376 023a 2E000000 		.4byte	.LASF38
 377 023e 04       		.byte	0x4
 378 023f 5C01     		.2byte	0x15c
 379 0241 6E010000 		.4byte	0x16e
 380 0245 0B       		.uleb128 0xb
 381 0246 BF000000 		.4byte	0xbf
 382 024a 55020000 		.4byte	0x255
 383 024e 0C       		.uleb128 0xc
 384 024f 42010000 		.4byte	0x142
 385 0253 03       		.byte	0x3
 386 0254 00       		.byte	0
 387 0255 0E       		.uleb128 0xe
 388 0256 95000000 		.4byte	.LASF39
 389 025a 04       		.byte	0x4
 390 025b 6701     		.2byte	0x167
 391 025d 45020000 		.4byte	0x245
 392 0261 0A       		.uleb128 0xa
 393 0262 AF030000 		.4byte	.LASF40
 394 0266 07       		.byte	0x7
 395 0267 40       		.byte	0x40
 396 0268 9E000000 		.4byte	0x9e
 397 026c 0A       		.uleb128 0xa
 398 026d 9A010000 		.4byte	.LASF41
 399 0271 07       		.byte	0x7
 400 0272 47       		.byte	0x47
 401 0273 B4000000 		.4byte	0xb4
 402 0277 0A       		.uleb128 0xa
 403 0278 89020000 		.4byte	.LASF42
 404 027c 07       		.byte	0x7
 405 027d 4A       		.byte	0x4a
ARM GAS  C:\Users\DABBIR~1\AppData\Local\Temp\ccK7vgIR.s 			page 10


 406 027e 9E000000 		.4byte	0x9e
 407 0282 0B       		.uleb128 0xb
 408 0283 92020000 		.4byte	0x292
 409 0287 92020000 		.4byte	0x292
 410 028b 0C       		.uleb128 0xc
 411 028c 42010000 		.4byte	0x142
 412 0290 FF       		.byte	0xff
 413 0291 00       		.byte	0
 414 0292 0D       		.uleb128 0xd
 415 0293 72000000 		.4byte	0x72
 416 0297 0E       		.uleb128 0xe
 417 0298 D6020000 		.4byte	.LASF43
 418 029c 08       		.byte	0x8
 419 029d AB01     		.2byte	0x1ab
 420 029f A3020000 		.4byte	0x2a3
 421 02a3 0D       		.uleb128 0xd
 422 02a4 82020000 		.4byte	0x282
 423 02a8 0E       		.uleb128 0xe
 424 02a9 DF010000 		.4byte	.LASF44
 425 02ad 08       		.byte	0x8
 426 02ae 1602     		.2byte	0x216
 427 02b0 9E000000 		.4byte	0x9e
 428 02b4 00       		.byte	0
 429              		.section	.debug_abbrev,"",%progbits
 430              	.Ldebug_abbrev0:
 431 0000 01       		.uleb128 0x1
 432 0001 11       		.uleb128 0x11
 433 0002 01       		.byte	0x1
 434 0003 25       		.uleb128 0x25
 435 0004 0E       		.uleb128 0xe
 436 0005 13       		.uleb128 0x13
 437 0006 0B       		.uleb128 0xb
 438 0007 03       		.uleb128 0x3
 439 0008 0E       		.uleb128 0xe
 440 0009 1B       		.uleb128 0x1b
 441 000a 0E       		.uleb128 0xe
 442 000b 55       		.uleb128 0x55
 443 000c 17       		.uleb128 0x17
 444 000d 11       		.uleb128 0x11
 445 000e 01       		.uleb128 0x1
 446 000f 10       		.uleb128 0x10
 447 0010 17       		.uleb128 0x17
 448 0011 00       		.byte	0
 449 0012 00       		.byte	0
 450 0013 02       		.uleb128 0x2
 451 0014 24       		.uleb128 0x24
 452 0015 00       		.byte	0
 453 0016 0B       		.uleb128 0xb
 454 0017 0B       		.uleb128 0xb
 455 0018 3E       		.uleb128 0x3e
 456 0019 0B       		.uleb128 0xb
 457 001a 03       		.uleb128 0x3
 458 001b 0E       		.uleb128 0xe
 459 001c 00       		.byte	0
 460 001d 00       		.byte	0
 461 001e 03       		.uleb128 0x3
 462 001f 24       		.uleb128 0x24
ARM GAS  C:\Users\DABBIR~1\AppData\Local\Temp\ccK7vgIR.s 			page 11


 463 0020 00       		.byte	0
 464 0021 0B       		.uleb128 0xb
 465 0022 0B       		.uleb128 0xb
 466 0023 3E       		.uleb128 0x3e
 467 0024 0B       		.uleb128 0xb
 468 0025 03       		.uleb128 0x3
 469 0026 08       		.uleb128 0x8
 470 0027 00       		.byte	0
 471 0028 00       		.byte	0
 472 0029 04       		.uleb128 0x4
 473 002a 16       		.uleb128 0x16
 474 002b 00       		.byte	0
 475 002c 03       		.uleb128 0x3
 476 002d 0E       		.uleb128 0xe
 477 002e 3A       		.uleb128 0x3a
 478 002f 0B       		.uleb128 0xb
 479 0030 3B       		.uleb128 0x3b
 480 0031 0B       		.uleb128 0xb
 481 0032 49       		.uleb128 0x49
 482 0033 13       		.uleb128 0x13
 483 0034 00       		.byte	0
 484 0035 00       		.byte	0
 485 0036 05       		.uleb128 0x5
 486 0037 16       		.uleb128 0x16
 487 0038 00       		.byte	0
 488 0039 03       		.uleb128 0x3
 489 003a 0E       		.uleb128 0xe
 490 003b 3A       		.uleb128 0x3a
 491 003c 0B       		.uleb128 0xb
 492 003d 3B       		.uleb128 0x3b
 493 003e 05       		.uleb128 0x5
 494 003f 49       		.uleb128 0x49
 495 0040 13       		.uleb128 0x13
 496 0041 00       		.byte	0
 497 0042 00       		.byte	0
 498 0043 06       		.uleb128 0x6
 499 0044 2E       		.uleb128 0x2e
 500 0045 01       		.byte	0x1
 501 0046 3F       		.uleb128 0x3f
 502 0047 19       		.uleb128 0x19
 503 0048 03       		.uleb128 0x3
 504 0049 0E       		.uleb128 0xe
 505 004a 3A       		.uleb128 0x3a
 506 004b 0B       		.uleb128 0xb
 507 004c 3B       		.uleb128 0x3b
 508 004d 0B       		.uleb128 0xb
 509 004e 27       		.uleb128 0x27
 510 004f 19       		.uleb128 0x19
 511 0050 11       		.uleb128 0x11
 512 0051 01       		.uleb128 0x1
 513 0052 12       		.uleb128 0x12
 514 0053 06       		.uleb128 0x6
 515 0054 40       		.uleb128 0x40
 516 0055 18       		.uleb128 0x18
 517 0056 9742     		.uleb128 0x2117
 518 0058 19       		.uleb128 0x19
 519 0059 01       		.uleb128 0x1
ARM GAS  C:\Users\DABBIR~1\AppData\Local\Temp\ccK7vgIR.s 			page 12


 520 005a 13       		.uleb128 0x13
 521 005b 00       		.byte	0
 522 005c 00       		.byte	0
 523 005d 07       		.uleb128 0x7
 524 005e 05       		.uleb128 0x5
 525 005f 00       		.byte	0
 526 0060 03       		.uleb128 0x3
 527 0061 08       		.uleb128 0x8
 528 0062 3A       		.uleb128 0x3a
 529 0063 0B       		.uleb128 0xb
 530 0064 3B       		.uleb128 0x3b
 531 0065 0B       		.uleb128 0xb
 532 0066 49       		.uleb128 0x49
 533 0067 13       		.uleb128 0x13
 534 0068 02       		.uleb128 0x2
 535 0069 17       		.uleb128 0x17
 536 006a 00       		.byte	0
 537 006b 00       		.byte	0
 538 006c 08       		.uleb128 0x8
 539 006d 34       		.uleb128 0x34
 540 006e 00       		.byte	0
 541 006f 03       		.uleb128 0x3
 542 0070 0E       		.uleb128 0xe
 543 0071 3A       		.uleb128 0x3a
 544 0072 0B       		.uleb128 0xb
 545 0073 3B       		.uleb128 0x3b
 546 0074 0B       		.uleb128 0xb
 547 0075 49       		.uleb128 0x49
 548 0076 13       		.uleb128 0x13
 549 0077 02       		.uleb128 0x2
 550 0078 18       		.uleb128 0x18
 551 0079 00       		.byte	0
 552 007a 00       		.byte	0
 553 007b 09       		.uleb128 0x9
 554 007c 34       		.uleb128 0x34
 555 007d 00       		.byte	0
 556 007e 03       		.uleb128 0x3
 557 007f 08       		.uleb128 0x8
 558 0080 3A       		.uleb128 0x3a
 559 0081 0B       		.uleb128 0xb
 560 0082 3B       		.uleb128 0x3b
 561 0083 0B       		.uleb128 0xb
 562 0084 49       		.uleb128 0x49
 563 0085 13       		.uleb128 0x13
 564 0086 02       		.uleb128 0x2
 565 0087 18       		.uleb128 0x18
 566 0088 00       		.byte	0
 567 0089 00       		.byte	0
 568 008a 0A       		.uleb128 0xa
 569 008b 34       		.uleb128 0x34
 570 008c 00       		.byte	0
 571 008d 03       		.uleb128 0x3
 572 008e 0E       		.uleb128 0xe
 573 008f 3A       		.uleb128 0x3a
 574 0090 0B       		.uleb128 0xb
 575 0091 3B       		.uleb128 0x3b
 576 0092 0B       		.uleb128 0xb
ARM GAS  C:\Users\DABBIR~1\AppData\Local\Temp\ccK7vgIR.s 			page 13


 577 0093 49       		.uleb128 0x49
 578 0094 13       		.uleb128 0x13
 579 0095 3F       		.uleb128 0x3f
 580 0096 19       		.uleb128 0x19
 581 0097 3C       		.uleb128 0x3c
 582 0098 19       		.uleb128 0x19
 583 0099 00       		.byte	0
 584 009a 00       		.byte	0
 585 009b 0B       		.uleb128 0xb
 586 009c 01       		.uleb128 0x1
 587 009d 01       		.byte	0x1
 588 009e 49       		.uleb128 0x49
 589 009f 13       		.uleb128 0x13
 590 00a0 01       		.uleb128 0x1
 591 00a1 13       		.uleb128 0x13
 592 00a2 00       		.byte	0
 593 00a3 00       		.byte	0
 594 00a4 0C       		.uleb128 0xc
 595 00a5 21       		.uleb128 0x21
 596 00a6 00       		.byte	0
 597 00a7 49       		.uleb128 0x49
 598 00a8 13       		.uleb128 0x13
 599 00a9 2F       		.uleb128 0x2f
 600 00aa 0B       		.uleb128 0xb
 601 00ab 00       		.byte	0
 602 00ac 00       		.byte	0
 603 00ad 0D       		.uleb128 0xd
 604 00ae 26       		.uleb128 0x26
 605 00af 00       		.byte	0
 606 00b0 49       		.uleb128 0x49
 607 00b1 13       		.uleb128 0x13
 608 00b2 00       		.byte	0
 609 00b3 00       		.byte	0
 610 00b4 0E       		.uleb128 0xe
 611 00b5 34       		.uleb128 0x34
 612 00b6 00       		.byte	0
 613 00b7 03       		.uleb128 0x3
 614 00b8 0E       		.uleb128 0xe
 615 00b9 3A       		.uleb128 0x3a
 616 00ba 0B       		.uleb128 0xb
 617 00bb 3B       		.uleb128 0x3b
 618 00bc 05       		.uleb128 0x5
 619 00bd 49       		.uleb128 0x49
 620 00be 13       		.uleb128 0x13
 621 00bf 3F       		.uleb128 0x3f
 622 00c0 19       		.uleb128 0x19
 623 00c1 3C       		.uleb128 0x3c
 624 00c2 19       		.uleb128 0x19
 625 00c3 00       		.byte	0
 626 00c4 00       		.byte	0
 627 00c5 00       		.byte	0
 628              		.section	.debug_loc,"",%progbits
 629              	.Ldebug_loc0:
 630              	.LLST0:
 631 0000 00000000 		.4byte	.LVL0
 632 0004 34000000 		.4byte	.LVL3
 633 0008 0100     		.2byte	0x1
ARM GAS  C:\Users\DABBIR~1\AppData\Local\Temp\ccK7vgIR.s 			page 14


 634 000a 50       		.byte	0x50
 635 000b 42000000 		.4byte	.LVL4
 636 000f 44000000 		.4byte	.LVL5
 637 0013 0100     		.2byte	0x1
 638 0015 50       		.byte	0x50
 639 0016 00000000 		.4byte	0
 640 001a 00000000 		.4byte	0
 641              		.section	.debug_aranges,"",%progbits
 642 0000 1C000000 		.4byte	0x1c
 643 0004 0200     		.2byte	0x2
 644 0006 00000000 		.4byte	.Ldebug_info0
 645 000a 04       		.byte	0x4
 646 000b 00       		.byte	0
 647 000c 0000     		.2byte	0
 648 000e 0000     		.2byte	0
 649 0010 00000000 		.4byte	.LFB60
 650 0014 74000000 		.4byte	.LFE60-.LFB60
 651 0018 00000000 		.4byte	0
 652 001c 00000000 		.4byte	0
 653              		.section	.debug_ranges,"",%progbits
 654              	.Ldebug_ranges0:
 655 0000 00000000 		.4byte	.LFB60
 656 0004 74000000 		.4byte	.LFE60
 657 0008 00000000 		.4byte	0
 658 000c 00000000 		.4byte	0
 659              		.section	.debug_line,"",%progbits
 660              	.Ldebug_line0:
 661 0000 52010000 		.section	.debug_str,"MS",%progbits,1
 661      02003101 
 661      00000201 
 661      FB0E0D00 
 661      01010101 
 662              	.LASF36:
 663 0000 45455F72 		.ascii	"EE_rq_bitmask\000"
 663      715F6269 
 663      746D6173 
 663      6B00
 664              	.LASF14:
 665 000e 45455F55 		.ascii	"EE_UREG\000"
 665      52454700 
 666              	.LASF48:
 667 0016 45455F72 		.ascii	"EE_rq_insert\000"
 667      715F696E 
 667      73657274 
 667      00
 668              	.LASF37:
 669 0023 45455F72 		.ascii	"EE_rq_free\000"
 669      715F6672 
 669      656500
 670              	.LASF38:
 671 002e 45455F74 		.ascii	"EE_th_event_active\000"
 671      685F6576 
 671      656E745F 
 671      61637469 
 671      766500
 672              	.LASF20:
 673 0041 74656D70 		.ascii	"temp\000"
ARM GAS  C:\Users\DABBIR~1\AppData\Local\Temp\ccK7vgIR.s 			page 15


 673      00
 674              	.LASF2:
 675 0046 73686F72 		.ascii	"short int\000"
 675      7420696E 
 675      7400
 676              	.LASF23:
 677 0050 73697A65 		.ascii	"sizetype\000"
 677      74797065 
 677      00
 678              	.LASF16:
 679 0059 45455F46 		.ascii	"EE_FREG\000"
 679      52454700 
 680              	.LASF13:
 681 0061 45455F55 		.ascii	"EE_UINT32\000"
 681      494E5433 
 681      3200
 682              	.LASF24:
 683 006b 45455F74 		.ascii	"EE_th_ready_prio\000"
 683      685F7265 
 683      6164795F 
 683      7072696F 
 683      00
 684              	.LASF32:
 685 007c 45455F72 		.ascii	"EE_rq_queues_head\000"
 685      715F7175 
 685      65756573 
 685      5F686561 
 685      6400
 686              	.LASF18:
 687 008e 45455F54 		.ascii	"EE_TID\000"
 687      494400
 688              	.LASF39:
 689 0095 45455F74 		.ascii	"EE_th_waswaiting\000"
 689      685F7761 
 689      73776169 
 689      74696E67 
 689      00
 690              	.LASF21:
 691 00a6 45455F49 		.ascii	"EE_IRQ_nesting_level\000"
 691      52515F6E 
 691      65737469 
 691      6E675F6C 
 691      6576656C 
 692              	.LASF46:
 693 00bb 47656E65 		.ascii	"Generated_Source\\PSoC5\\ErikaOS_1_ee_rq_inser.c\000"
 693      72617465 
 693      645F536F 
 693      75726365 
 693      5C50536F 
 694              	.LASF6:
 695 00ea 6C6F6E67 		.ascii	"long long int\000"
 695      206C6F6E 
 695      6720696E 
 695      7400
 696              	.LASF10:
 697 00f8 45455F49 		.ascii	"EE_INT8\000"
 697      4E543800 
ARM GAS  C:\Users\DABBIR~1\AppData\Local\Temp\ccK7vgIR.s 			page 16


 698              	.LASF19:
 699 0100 45455F54 		.ascii	"EE_TYPE_RQ_MASK\000"
 699      5950455F 
 699      52515F4D 
 699      41534B00 
 700              	.LASF47:
 701 0110 433A5C4D 		.ascii	"C:\\My_Files\\College_Documents\\AMA EOS\\EOS\\LAB\\"
 701      795F4669 
 701      6C65735C 
 701      436F6C6C 
 701      6567655F 
 702 013e 4C41425F 		.ascii	"LAB_2_Submission\\Json Parser\\code\\w06_criticalRe"
 702      325F5375 
 702      626D6973 
 702      73696F6E 
 702      5C4A736F 
 703 016e 67696F6E 		.ascii	"gion.cydsn\\Lab2_JSONParser01.cydsn\000"
 703      2E637964 
 703      736E5C4C 
 703      6162325F 
 703      4A534F4E 
 704              	.LASF4:
 705 0191 6C6F6E67 		.ascii	"long int\000"
 705      20696E74 
 705      00
 706              	.LASF41:
 707 019a 45455F6F 		.ascii	"EE_oo_IRQ_suspend_status\000"
 707      6F5F4952 
 707      515F7375 
 707      7370656E 
 707      645F7374 
 708              	.LASF34:
 709 01b3 45455F72 		.ascii	"EE_rq_pairs_next\000"
 709      715F7061 
 709      6972735F 
 709      6E657874 
 709      00
 710              	.LASF30:
 711 01c4 45455F73 		.ascii	"EE_sys_ceiling\000"
 711      79735F63 
 711      65696C69 
 711      6E6700
 712              	.LASF9:
 713 01d3 6C6F6E67 		.ascii	"long double\000"
 713      20646F75 
 713      626C6500 
 714              	.LASF44:
 715 01df 45455F69 		.ascii	"EE_isr2_index\000"
 715      7372325F 
 715      696E6465 
 715      7800
 716              	.LASF1:
 717 01ed 756E7369 		.ascii	"unsigned char\000"
 717      676E6564 
 717      20636861 
 717      7200
 718              	.LASF15:
ARM GAS  C:\Users\DABBIR~1\AppData\Local\Temp\ccK7vgIR.s 			page 17


 719 01fb 45455F53 		.ascii	"EE_SREG\000"
 719      52454700 
 720              	.LASF0:
 721 0203 7369676E 		.ascii	"signed char\000"
 721      65642063 
 721      68617200 
 722              	.LASF7:
 723 020f 6C6F6E67 		.ascii	"long long unsigned int\000"
 723      206C6F6E 
 723      6720756E 
 723      7369676E 
 723      65642069 
 724              	.LASF8:
 725 0226 756E7369 		.ascii	"unsigned int\000"
 725      676E6564 
 725      20696E74 
 725      00
 726              	.LASF28:
 727 0233 45455F74 		.ascii	"EE_th_rnact\000"
 727      685F726E 
 727      61637400 
 728              	.LASF22:
 729 023f 45455F73 		.ascii	"EE_std_endcycle_next_tid\000"
 729      74645F65 
 729      6E646379 
 729      636C655F 
 729      6E657874 
 730              	.LASF12:
 731 0258 45455F49 		.ascii	"EE_INT32\000"
 731      4E543332 
 731      00
 732              	.LASF3:
 733 0261 73686F72 		.ascii	"short unsigned int\000"
 733      7420756E 
 733      7369676E 
 733      65642069 
 733      6E7400
 734              	.LASF11:
 735 0274 45455F55 		.ascii	"EE_UINT16\000"
 735      494E5431 
 735      3600
 736              	.LASF31:
 737 027e 45455F72 		.ascii	"EE_rq_link\000"
 737      715F6C69 
 737      6E6B00
 738              	.LASF42:
 739 0289 45455F41 		.ascii	"EE_ApplicationMode\000"
 739      70706C69 
 739      63617469 
 739      6F6E4D6F 
 739      646500
 740              	.LASF5:
 741 029c 6C6F6E67 		.ascii	"long unsigned int\000"
 741      20756E73 
 741      69676E65 
 741      6420696E 
 741      7400
ARM GAS  C:\Users\DABBIR~1\AppData\Local\Temp\ccK7vgIR.s 			page 18


 742              	.LASF17:
 743 02ae 45455F54 		.ascii	"EE_TYPEBOOL\000"
 743      59504542 
 743      4F4F4C00 
 744              	.LASF29:
 745 02ba 45455F73 		.ascii	"EE_stkfirst\000"
 745      746B6669 
 745      72737400 
 746              	.LASF35:
 747 02c6 45455F72 		.ascii	"EE_rq_pairs_tid\000"
 747      715F7061 
 747      6972735F 
 747      74696400 
 748              	.LASF43:
 749 02d6 45455F72 		.ascii	"EE_rq_lookup\000"
 749      715F6C6F 
 749      6F6B7570 
 749      00
 750              	.LASF26:
 751 02e3 45455F74 		.ascii	"EE_th_status\000"
 751      685F7374 
 751      61747573 
 751      00
 752              	.LASF25:
 753 02f0 45455F74 		.ascii	"EE_th_dispatch_prio\000"
 753      685F6469 
 753      73706174 
 753      63685F70 
 753      72696F00 
 754              	.LASF27:
 755 0304 45455F74 		.ascii	"EE_th_next\000"
 755      685F6E65 
 755      787400
 756              	.LASF33:
 757 030f 45455F72 		.ascii	"EE_rq_queues_tail\000"
 757      715F7175 
 757      65756573 
 757      5F746169 
 757      6C00
 758              	.LASF45:
 759 0321 474E5520 		.ascii	"GNU C11 5.4.1 20160609 (release) [ARM/embedded-5-br"
 759      43313120 
 759      352E342E 
 759      31203230 
 759      31363036 
 760 0354 616E6368 		.ascii	"anch revision 237715] -mcpu=cortex-m3 -mthumb -g -O"
 760      20726576 
 760      6973696F 
 760      6E203233 
 760      37373135 
 761 0387 67202D66 		.ascii	"g -ffunction-sections -ffat-lto-objects\000"
 761      66756E63 
 761      74696F6E 
 761      2D736563 
 761      74696F6E 
 762              	.LASF40:
 763 03af 45455F6F 		.ascii	"EE_oo_IRQ_disable_count\000"
ARM GAS  C:\Users\DABBIR~1\AppData\Local\Temp\ccK7vgIR.s 			page 19


 763      6F5F4952 
 763      515F6469 
 763      7361626C 
 763      655F636F 
 764              		.ident	"GCC: (GNU Tools for ARM Embedded Processors) 5.4.1 20160609 (release) [ARM/embedded-5-bran
