ARM GAS  C:\Users\DABBIR~1\AppData\Local\Temp\ccFhxb8b.s 			page 1


   1              		.syntax unified
   2              		.cpu cortex-m3
   3              		.fpu softvfp
   4              		.eabi_attribute 20, 1
   5              		.eabi_attribute 21, 1
   6              		.eabi_attribute 23, 3
   7              		.eabi_attribute 24, 1
   8              		.eabi_attribute 25, 1
   9              		.eabi_attribute 26, 1
  10              		.eabi_attribute 30, 1
  11              		.eabi_attribute 34, 1
  12              		.eabi_attribute 18, 4
  13              		.thumb
  14              		.syntax unified
  15              		.file	"ErikaOS_1_ee_gettaskstate.c"
  16              		.text
  17              	.Ltext0:
  18              		.cfi_sections	.debug_frame
  19              		.section	.text.EE_oo_GetTaskState,"ax",%progbits
  20              		.align	2
  21              		.global	EE_oo_GetTaskState
  22              		.thumb
  23              		.thumb_func
  24              		.type	EE_oo_GetTaskState, %function
  25              	EE_oo_GetTaskState:
  26              	.LFB60:
  27              		.file 1 "Generated_Source\\PSoC5\\ErikaOS_1_ee_gettaskstate.c"
   1:Generated_Source\PSoC5/ErikaOS_1_ee_gettaskstate.c **** /* ###*B*###
   2:Generated_Source\PSoC5/ErikaOS_1_ee_gettaskstate.c ****  * ERIKA Enterprise - a tiny RTOS for small microcontrollers
   3:Generated_Source\PSoC5/ErikaOS_1_ee_gettaskstate.c ****  *
   4:Generated_Source\PSoC5/ErikaOS_1_ee_gettaskstate.c ****  * Copyright (C) 2002-2008  Evidence Srl
   5:Generated_Source\PSoC5/ErikaOS_1_ee_gettaskstate.c ****  *
   6:Generated_Source\PSoC5/ErikaOS_1_ee_gettaskstate.c ****  * This file is part of ERIKA Enterprise.
   7:Generated_Source\PSoC5/ErikaOS_1_ee_gettaskstate.c ****  *
   8:Generated_Source\PSoC5/ErikaOS_1_ee_gettaskstate.c ****  * ERIKA Enterprise is free software; you can redistribute it
   9:Generated_Source\PSoC5/ErikaOS_1_ee_gettaskstate.c ****  * and/or modify it under the terms of the GNU General Public License
  10:Generated_Source\PSoC5/ErikaOS_1_ee_gettaskstate.c ****  * version 2 as published by the Free Software Foundation, 
  11:Generated_Source\PSoC5/ErikaOS_1_ee_gettaskstate.c ****  * (with a special exception described below).
  12:Generated_Source\PSoC5/ErikaOS_1_ee_gettaskstate.c ****  *
  13:Generated_Source\PSoC5/ErikaOS_1_ee_gettaskstate.c ****  * Linking this code statically or dynamically with other modules is
  14:Generated_Source\PSoC5/ErikaOS_1_ee_gettaskstate.c ****  * making a combined work based on this code.  Thus, the terms and
  15:Generated_Source\PSoC5/ErikaOS_1_ee_gettaskstate.c ****  * conditions of the GNU General Public License cover the whole
  16:Generated_Source\PSoC5/ErikaOS_1_ee_gettaskstate.c ****  * combination.
  17:Generated_Source\PSoC5/ErikaOS_1_ee_gettaskstate.c ****  *
  18:Generated_Source\PSoC5/ErikaOS_1_ee_gettaskstate.c ****  * As a special exception, the copyright holders of this library give you
  19:Generated_Source\PSoC5/ErikaOS_1_ee_gettaskstate.c ****  * permission to link this code with independent modules to produce an
  20:Generated_Source\PSoC5/ErikaOS_1_ee_gettaskstate.c ****  * executable, regardless of the license terms of these independent
  21:Generated_Source\PSoC5/ErikaOS_1_ee_gettaskstate.c ****  * modules, and to copy and distribute the resulting executable under
  22:Generated_Source\PSoC5/ErikaOS_1_ee_gettaskstate.c ****  * terms of your choice, provided that you also meet, for each linked
  23:Generated_Source\PSoC5/ErikaOS_1_ee_gettaskstate.c ****  * independent module, the terms and conditions of the license of that
  24:Generated_Source\PSoC5/ErikaOS_1_ee_gettaskstate.c ****  * module.  An independent module is a module which is not derived from
  25:Generated_Source\PSoC5/ErikaOS_1_ee_gettaskstate.c ****  * or based on this library.  If you modify this code, you may extend
  26:Generated_Source\PSoC5/ErikaOS_1_ee_gettaskstate.c ****  * this exception to your version of the code, but you are not
  27:Generated_Source\PSoC5/ErikaOS_1_ee_gettaskstate.c ****  * obligated to do so.  If you do not wish to do so, delete this
  28:Generated_Source\PSoC5/ErikaOS_1_ee_gettaskstate.c ****  * exception statement from your version.
  29:Generated_Source\PSoC5/ErikaOS_1_ee_gettaskstate.c ****  *
  30:Generated_Source\PSoC5/ErikaOS_1_ee_gettaskstate.c ****  * ERIKA Enterprise is distributed in the hope that it will be
ARM GAS  C:\Users\DABBIR~1\AppData\Local\Temp\ccFhxb8b.s 			page 2


  31:Generated_Source\PSoC5/ErikaOS_1_ee_gettaskstate.c ****  * useful, but WITHOUT ANY WARRANTY; without even the implied warranty
  32:Generated_Source\PSoC5/ErikaOS_1_ee_gettaskstate.c ****  * of MERCHANTABILITY or FITNESS FOR A PARTICULAR PURPOSE.  See the
  33:Generated_Source\PSoC5/ErikaOS_1_ee_gettaskstate.c ****  * GNU General Public License version 2 for more details.
  34:Generated_Source\PSoC5/ErikaOS_1_ee_gettaskstate.c ****  *
  35:Generated_Source\PSoC5/ErikaOS_1_ee_gettaskstate.c ****  * You should have received a copy of the GNU General Public License
  36:Generated_Source\PSoC5/ErikaOS_1_ee_gettaskstate.c ****  * version 2 along with ERIKA Enterprise; if not, write to the
  37:Generated_Source\PSoC5/ErikaOS_1_ee_gettaskstate.c ****  * Free Software Foundation, Inc., 51 Franklin Street, Fifth Floor,
  38:Generated_Source\PSoC5/ErikaOS_1_ee_gettaskstate.c ****  * Boston, MA 02110-1301 USA.
  39:Generated_Source\PSoC5/ErikaOS_1_ee_gettaskstate.c ****  * ###*E*### */
  40:Generated_Source\PSoC5/ErikaOS_1_ee_gettaskstate.c **** 
  41:Generated_Source\PSoC5/ErikaOS_1_ee_gettaskstate.c **** /*
  42:Generated_Source\PSoC5/ErikaOS_1_ee_gettaskstate.c ****  * Author: 2004 Paolo Gai
  43:Generated_Source\PSoC5/ErikaOS_1_ee_gettaskstate.c ****  * CVS: $Id: ee_gettaskstate.c,v 1.1 2005/07/16 12:23:42 pj Exp $
  44:Generated_Source\PSoC5/ErikaOS_1_ee_gettaskstate.c ****  */
  45:Generated_Source\PSoC5/ErikaOS_1_ee_gettaskstate.c **** 
  46:Generated_Source\PSoC5/ErikaOS_1_ee_gettaskstate.c **** /*
  47:Generated_Source\PSoC5/ErikaOS_1_ee_gettaskstate.c ****  * PSoC Port and API Generation
  48:Generated_Source\PSoC5/ErikaOS_1_ee_gettaskstate.c ****  * Carlos Fernando Meier Martinez
  49:Generated_Source\PSoC5/ErikaOS_1_ee_gettaskstate.c ****  * Hochschule Darmstadt, Germany. 2017.
  50:Generated_Source\PSoC5/ErikaOS_1_ee_gettaskstate.c ****  */
  51:Generated_Source\PSoC5/ErikaOS_1_ee_gettaskstate.c **** 
  52:Generated_Source\PSoC5/ErikaOS_1_ee_gettaskstate.c **** #include "ErikaOS_1_ee_internal.inc"
  53:Generated_Source\PSoC5/ErikaOS_1_ee_gettaskstate.c **** 
  54:Generated_Source\PSoC5/ErikaOS_1_ee_gettaskstate.c **** /***************************************************************************
  55:Generated_Source\PSoC5/ErikaOS_1_ee_gettaskstate.c ****  * 13.2 Task management 
  56:Generated_Source\PSoC5/ErikaOS_1_ee_gettaskstate.c ****  ***************************************************************************/
  57:Generated_Source\PSoC5/ErikaOS_1_ee_gettaskstate.c **** 
  58:Generated_Source\PSoC5/ErikaOS_1_ee_gettaskstate.c **** /* 13.2.3.6: BCC1, BCC2, ECC1, ECC2 */
  59:Generated_Source\PSoC5/ErikaOS_1_ee_gettaskstate.c **** #ifndef __PRIVATE_GETTASKSTATE__
  60:Generated_Source\PSoC5/ErikaOS_1_ee_gettaskstate.c **** 
  61:Generated_Source\PSoC5/ErikaOS_1_ee_gettaskstate.c **** StatusType EE_oo_GetTaskState(TaskType TaskID, TaskStateRefType State)
  62:Generated_Source\PSoC5/ErikaOS_1_ee_gettaskstate.c **** {
  28              		.loc 1 62 0
  29              		.cfi_startproc
  30              		@ args = 0, pretend = 0, frame = 0
  31              		@ frame_needed = 0, uses_anonymous_args = 0
  32              		@ link register save eliminated.
  33              	.LVL0:
  63:Generated_Source\PSoC5/ErikaOS_1_ee_gettaskstate.c ****   register StatusType ev;
  64:Generated_Source\PSoC5/ErikaOS_1_ee_gettaskstate.c **** 
  65:Generated_Source\PSoC5/ErikaOS_1_ee_gettaskstate.c ****   EE_ORTI_set_service_in(EE_SERVICETRACE_GETTASKSTATE);
  66:Generated_Source\PSoC5/ErikaOS_1_ee_gettaskstate.c **** 
  67:Generated_Source\PSoC5/ErikaOS_1_ee_gettaskstate.c **** #ifdef EE_SERVICE_PROTECTION__
  68:Generated_Source\PSoC5/ErikaOS_1_ee_gettaskstate.c ****   /* [OS093]: If interrupts are disabled/suspended by a Task/OsIsr and the
  69:Generated_Source\PSoC5/ErikaOS_1_ee_gettaskstate.c ****       Task/OsIsr calls any OS service (excluding the interrupt services)
  70:Generated_Source\PSoC5/ErikaOS_1_ee_gettaskstate.c ****       then the Operating System shall ignore the service AND shall return
  71:Generated_Source\PSoC5/ErikaOS_1_ee_gettaskstate.c ****       E_OS_DISABLEDINT if the service returns a StatusType value. */
  72:Generated_Source\PSoC5/ErikaOS_1_ee_gettaskstate.c ****   /* [OS088]: If an OS-Application makes a service call from the wrong context
  73:Generated_Source\PSoC5/ErikaOS_1_ee_gettaskstate.c ****       AND is currently not inside a Category 1 ISR the Operating System module
  74:Generated_Source\PSoC5/ErikaOS_1_ee_gettaskstate.c ****       shall not perform the requested action (the service call shall have no
  75:Generated_Source\PSoC5/ErikaOS_1_ee_gettaskstate.c ****       effect), and return E_OS_CALLEVEL (see [12], section 13.1) or the
  76:Generated_Source\PSoC5/ErikaOS_1_ee_gettaskstate.c ****       "invalid value" of  the service. (BSW11009, BSW11013) */
  77:Generated_Source\PSoC5/ErikaOS_1_ee_gettaskstate.c ****   /* GetTaskID is callable by Task, ISR2, ErrorHook, ProtectionHook, Pre and
  78:Generated_Source\PSoC5/ErikaOS_1_ee_gettaskstate.c ****      Post TaskHook */
  79:Generated_Source\PSoC5/ErikaOS_1_ee_gettaskstate.c ****   if ( (EE_as_execution_context > ErrorHook_Context) &&
  80:Generated_Source\PSoC5/ErikaOS_1_ee_gettaskstate.c ****        (EE_as_execution_context != PreTaskHook_Context) &&
  81:Generated_Source\PSoC5/ErikaOS_1_ee_gettaskstate.c ****        (EE_as_execution_context != PostTaskHook_Context) )
ARM GAS  C:\Users\DABBIR~1\AppData\Local\Temp\ccFhxb8b.s 			page 3


  82:Generated_Source\PSoC5/ErikaOS_1_ee_gettaskstate.c ****   {
  83:Generated_Source\PSoC5/ErikaOS_1_ee_gettaskstate.c ****     ev = E_OS_CALLEVEL;
  84:Generated_Source\PSoC5/ErikaOS_1_ee_gettaskstate.c ****   } else if ( EE_oo_check_disableint_error() ) {
  85:Generated_Source\PSoC5/ErikaOS_1_ee_gettaskstate.c ****     ev = E_OS_DISABLEDINT;
  86:Generated_Source\PSoC5/ErikaOS_1_ee_gettaskstate.c ****   } else
  87:Generated_Source\PSoC5/ErikaOS_1_ee_gettaskstate.c **** #endif /* EE_SERVICE_PROTECTION__ */
  88:Generated_Source\PSoC5/ErikaOS_1_ee_gettaskstate.c **** 
  89:Generated_Source\PSoC5/ErikaOS_1_ee_gettaskstate.c ****   /* [OS566]: The Operating System API shall check in extended mode all pointer
  90:Generated_Source\PSoC5/ErikaOS_1_ee_gettaskstate.c ****      argument for NULL pointer and return OS_E_PARAMETER_POINTER
  91:Generated_Source\PSoC5/ErikaOS_1_ee_gettaskstate.c ****      if such argument is NULL. 
  92:Generated_Source\PSoC5/ErikaOS_1_ee_gettaskstate.c ****      + 
  93:Generated_Source\PSoC5/ErikaOS_1_ee_gettaskstate.c ****      MISRA dictate NULL check for pointers always. */
  94:Generated_Source\PSoC5/ErikaOS_1_ee_gettaskstate.c ****   if ( State == NULL ) {
  34              		.loc 1 94 0
  35 0000 39B1     		cbz	r1, .L3
  95:Generated_Source\PSoC5/ErikaOS_1_ee_gettaskstate.c ****     ev = E_OS_PARAM_POINTER;
  96:Generated_Source\PSoC5/ErikaOS_1_ee_gettaskstate.c ****   } else
  97:Generated_Source\PSoC5/ErikaOS_1_ee_gettaskstate.c **** #if (defined(EE_AS_OSAPPLICATIONS__)) && (defined(EE_SERVICE_PROTECTION__)) \
  98:Generated_Source\PSoC5/ErikaOS_1_ee_gettaskstate.c ****   && (defined(__EE_MEMORY_PROTECTION__))
  99:Generated_Source\PSoC5/ErikaOS_1_ee_gettaskstate.c ****   /* [SWS_Os_00051]: If an invalid address (address is not writable by this
 100:Generated_Source\PSoC5/ErikaOS_1_ee_gettaskstate.c ****       OS-Application) is passed as an out-parameter to an Operating System
 101:Generated_Source\PSoC5/ErikaOS_1_ee_gettaskstate.c ****       service, the Operating System module shall return the status code
 102:Generated_Source\PSoC5/ErikaOS_1_ee_gettaskstate.c ****       E_OS_ILLEGAL_ADDRESS. (SRS_Os_11009, SRS_Os_11013) */
 103:Generated_Source\PSoC5/ErikaOS_1_ee_gettaskstate.c ****   if ( !OSMEMORY_IS_WRITEABLE( EE_hal_get_app_mem_access(EE_as_active_app,
 104:Generated_Source\PSoC5/ErikaOS_1_ee_gettaskstate.c ****     State, sizeof(*State))) )
 105:Generated_Source\PSoC5/ErikaOS_1_ee_gettaskstate.c ****   {
 106:Generated_Source\PSoC5/ErikaOS_1_ee_gettaskstate.c ****     ev = E_OS_ILLEGAL_ADDRESS;
 107:Generated_Source\PSoC5/ErikaOS_1_ee_gettaskstate.c ****   } else
 108:Generated_Source\PSoC5/ErikaOS_1_ee_gettaskstate.c **** #endif /* EE_AS_OSAPPLICATIONS__ && EE_SERVICE_PROTECTION__ &&
 109:Generated_Source\PSoC5/ErikaOS_1_ee_gettaskstate.c ****   __EE_MEMORY_PROTECTION__ */
 110:Generated_Source\PSoC5/ErikaOS_1_ee_gettaskstate.c **** 
 111:Generated_Source\PSoC5/ErikaOS_1_ee_gettaskstate.c **** #ifdef EE_AS_RPC__
 112:Generated_Source\PSoC5/ErikaOS_1_ee_gettaskstate.c ****   if ( EE_IS_TID_REMOTE(TaskID) )
 113:Generated_Source\PSoC5/ErikaOS_1_ee_gettaskstate.c ****   {
 114:Generated_Source\PSoC5/ErikaOS_1_ee_gettaskstate.c ****     /* Tmp Tid (introduced to meet MISRA requirements) */
 115:Generated_Source\PSoC5/ErikaOS_1_ee_gettaskstate.c ****     EE_TID tmp_tid;
 116:Generated_Source\PSoC5/ErikaOS_1_ee_gettaskstate.c ****     EE_os_param as_state;
 117:Generated_Source\PSoC5/ErikaOS_1_ee_gettaskstate.c ****     EE_os_param unmarked_tid;
 118:Generated_Source\PSoC5/ErikaOS_1_ee_gettaskstate.c **** 	/* Two steps macro assignment to meet MISRA 10.3 required rule */
 119:Generated_Source\PSoC5/ErikaOS_1_ee_gettaskstate.c ****     tmp_tid = EE_UNMARK_REMOTE_TID(TaskID);
 120:Generated_Source\PSoC5/ErikaOS_1_ee_gettaskstate.c ****     unmarked_tid.value_param = (EE_UREG)tmp_tid;
 121:Generated_Source\PSoC5/ErikaOS_1_ee_gettaskstate.c ****     as_state.task_state_ref = State;
 122:Generated_Source\PSoC5/ErikaOS_1_ee_gettaskstate.c **** 
 123:Generated_Source\PSoC5/ErikaOS_1_ee_gettaskstate.c ****     /* forward the request to another CPU in synchronous way */
 124:Generated_Source\PSoC5/ErikaOS_1_ee_gettaskstate.c ****     ev = EE_as_rpc_from_us(OSServiceId_GetTaskState, unmarked_tid, as_state,
 125:Generated_Source\PSoC5/ErikaOS_1_ee_gettaskstate.c ****       EE_OS_INVALID_PARAM);
 126:Generated_Source\PSoC5/ErikaOS_1_ee_gettaskstate.c ****   } else {
 127:Generated_Source\PSoC5/ErikaOS_1_ee_gettaskstate.c **** #endif /* EE_AS_RPC__ */
 128:Generated_Source\PSoC5/ErikaOS_1_ee_gettaskstate.c **** 
 129:Generated_Source\PSoC5/ErikaOS_1_ee_gettaskstate.c **** #if (defined(EE_AS_OSAPPLICATIONS__)) && (defined(EE_SERVICE_PROTECTION__))
 130:Generated_Source\PSoC5/ErikaOS_1_ee_gettaskstate.c ****     /* check if the task Id is valid */
 131:Generated_Source\PSoC5/ErikaOS_1_ee_gettaskstate.c ****     if ( (TaskID < 0) || (TaskID >= EE_MAX_TASK) ) {
 132:Generated_Source\PSoC5/ErikaOS_1_ee_gettaskstate.c ****       ev = E_OS_ID;
 133:Generated_Source\PSoC5/ErikaOS_1_ee_gettaskstate.c ****     } else if ( EE_TASK_ACCESS_ERR(TaskID, EE_as_active_app) ) {
 134:Generated_Source\PSoC5/ErikaOS_1_ee_gettaskstate.c ****       ev = E_OS_ACCESS;
 135:Generated_Source\PSoC5/ErikaOS_1_ee_gettaskstate.c ****     } else
 136:Generated_Source\PSoC5/ErikaOS_1_ee_gettaskstate.c **** #elif defined(__OO_EXTENDED_STATUS__)
ARM GAS  C:\Users\DABBIR~1\AppData\Local\Temp\ccFhxb8b.s 			page 4


 137:Generated_Source\PSoC5/ErikaOS_1_ee_gettaskstate.c ****     /* check if the task Id is valid */
 138:Generated_Source\PSoC5/ErikaOS_1_ee_gettaskstate.c ****     if ( (TaskID < 0) || (TaskID >= EE_MAX_TASK) ) {
  36              		.loc 1 138 0
  37 0002 0328     		cmp	r0, #3
  38 0004 07D8     		bhi	.L4
 139:Generated_Source\PSoC5/ErikaOS_1_ee_gettaskstate.c ****       ev = E_OS_ID;
 140:Generated_Source\PSoC5/ErikaOS_1_ee_gettaskstate.c ****     } else
 141:Generated_Source\PSoC5/ErikaOS_1_ee_gettaskstate.c **** #endif /* EE_AS_OSAPPLICATIONS__ || E_SERVICE_PROTECTION__ ||
 142:Generated_Source\PSoC5/ErikaOS_1_ee_gettaskstate.c **** __OO_EXTENDED_STATUS__ */
 143:Generated_Source\PSoC5/ErikaOS_1_ee_gettaskstate.c ****     {
 144:Generated_Source\PSoC5/ErikaOS_1_ee_gettaskstate.c ****     /* XXX: This SHALL be atomic. Check this architectures other than TriCore */
 145:Generated_Source\PSoC5/ErikaOS_1_ee_gettaskstate.c ****       *State = EE_th_status[TaskID];
  39              		.loc 1 145 0
  40 0006 054A     		ldr	r2, .L5
  41 0008 52F82020 		ldr	r2, [r2, r0, lsl #2]
  42 000c 0A60     		str	r2, [r1]
  43              	.LVL1:
 146:Generated_Source\PSoC5/ErikaOS_1_ee_gettaskstate.c ****       ev = E_OK;
  44              		.loc 1 146 0
  45 000e 0020     		movs	r0, #0
  46              	.LVL2:
  47 0010 7047     		bx	lr
  48              	.LVL3:
  49              	.L3:
  95:Generated_Source\PSoC5/ErikaOS_1_ee_gettaskstate.c ****     ev = E_OS_PARAM_POINTER;
  50              		.loc 1 95 0
  51 0012 0E20     		movs	r0, #14
  52              	.LVL4:
  53 0014 7047     		bx	lr
  54              	.LVL5:
  55              	.L4:
 139:Generated_Source\PSoC5/ErikaOS_1_ee_gettaskstate.c ****       ev = E_OS_ID;
  56              		.loc 1 139 0
  57 0016 0320     		movs	r0, #3
  58              	.LVL6:
 147:Generated_Source\PSoC5/ErikaOS_1_ee_gettaskstate.c ****     }
 148:Generated_Source\PSoC5/ErikaOS_1_ee_gettaskstate.c **** #ifdef EE_AS_RPC__
 149:Generated_Source\PSoC5/ErikaOS_1_ee_gettaskstate.c ****   }
 150:Generated_Source\PSoC5/ErikaOS_1_ee_gettaskstate.c **** #endif /*  EE_AS_RPC__ */
 151:Generated_Source\PSoC5/ErikaOS_1_ee_gettaskstate.c **** 
 152:Generated_Source\PSoC5/ErikaOS_1_ee_gettaskstate.c ****   if ( ev != E_OK ) {
 153:Generated_Source\PSoC5/ErikaOS_1_ee_gettaskstate.c ****     EE_OS_ERROR_PARAMETERS();
 154:Generated_Source\PSoC5/ErikaOS_1_ee_gettaskstate.c ****     EE_OS_ERROR_PARAMETERS_PARAM1_REF(task_state_ref,State);
 155:Generated_Source\PSoC5/ErikaOS_1_ee_gettaskstate.c **** 
 156:Generated_Source\PSoC5/ErikaOS_1_ee_gettaskstate.c ****     EE_os_notify_error_from_us(OSServiceId_GetTaskState, &error_parameters, ev);
 157:Generated_Source\PSoC5/ErikaOS_1_ee_gettaskstate.c ****     EE_ORTI_set_service_out(EE_SERVICETRACE_GETTASKSTATE);
 158:Generated_Source\PSoC5/ErikaOS_1_ee_gettaskstate.c ****   } else {
 159:Generated_Source\PSoC5/ErikaOS_1_ee_gettaskstate.c ****     EE_ORTI_set_service_out(EE_SERVICETRACE_GETTASKSTATE);
 160:Generated_Source\PSoC5/ErikaOS_1_ee_gettaskstate.c ****   }
 161:Generated_Source\PSoC5/ErikaOS_1_ee_gettaskstate.c **** 
 162:Generated_Source\PSoC5/ErikaOS_1_ee_gettaskstate.c ****   return ev;
 163:Generated_Source\PSoC5/ErikaOS_1_ee_gettaskstate.c **** }
  59              		.loc 1 163 0
  60 0018 7047     		bx	lr
  61              	.L6:
  62 001a 00BF     		.align	2
  63              	.L5:
ARM GAS  C:\Users\DABBIR~1\AppData\Local\Temp\ccFhxb8b.s 			page 5


  64 001c 00000000 		.word	EE_th_status
  65              		.cfi_endproc
  66              	.LFE60:
  67              		.size	EE_oo_GetTaskState, .-EE_oo_GetTaskState
  68              		.text
  69              	.Letext0:
  70              		.file 2 "Generated_Source\\PSoC5\\ErikaOS_1_common_ee_types.inc"
  71              		.file 3 "Generated_Source\\PSoC5\\ErikaOS_1_cortex_mx_ee_cpu.inc"
  72              		.file 4 "Generated_Source\\PSoC5\\ErikaOS_1_ee_oo_common.inc"
  73              		.file 5 "Generated_Source\\PSoC5\\ErikaOS_1_ee_oo_internal.inc"
  74              		.file 6 "Generated_Source\\PSoC5\\ErikaOS_1_common_ee_primitives.inc"
  75              		.file 7 "Generated_Source\\PSoC5\\ErikaOS_1_cortex_mx_ee_context.inc"
  76              		.file 8 "Generated_Source\\PSoC5\\ErikaOS_1_ee_oo_intfunc.inc"
  77              		.section	.debug_info,"",%progbits
  78              	.Ldebug_info0:
  79 0000 E0020000 		.4byte	0x2e0
  80 0004 0400     		.2byte	0x4
  81 0006 00000000 		.4byte	.Ldebug_abbrev0
  82 000a 04       		.byte	0x4
  83 000b 01       		.uleb128 0x1
  84 000c 4F030000 		.4byte	.LASF48
  85 0010 0C       		.byte	0xc
  86 0011 A9020000 		.4byte	.LASF49
  87 0015 1E010000 		.4byte	.LASF50
  88 0019 00000000 		.4byte	.Ldebug_ranges0+0
  89 001d 00000000 		.4byte	0
  90 0021 00000000 		.4byte	.Ldebug_line0
  91 0025 02       		.uleb128 0x2
  92 0026 01       		.byte	0x1
  93 0027 06       		.byte	0x6
  94 0028 03020000 		.4byte	.LASF0
  95 002c 02       		.uleb128 0x2
  96 002d 01       		.byte	0x1
  97 002e 08       		.byte	0x8
  98 002f F5010000 		.4byte	.LASF1
  99 0033 02       		.uleb128 0x2
 100 0034 02       		.byte	0x2
 101 0035 05       		.byte	0x5
 102 0036 44000000 		.4byte	.LASF2
 103 003a 02       		.uleb128 0x2
 104 003b 02       		.byte	0x2
 105 003c 07       		.byte	0x7
 106 003d 61020000 		.4byte	.LASF3
 107 0041 02       		.uleb128 0x2
 108 0042 04       		.byte	0x4
 109 0043 05       		.byte	0x5
 110 0044 9F010000 		.4byte	.LASF4
 111 0048 02       		.uleb128 0x2
 112 0049 04       		.byte	0x4
 113 004a 07       		.byte	0x7
 114 004b 97020000 		.4byte	.LASF5
 115 004f 02       		.uleb128 0x2
 116 0050 08       		.byte	0x8
 117 0051 05       		.byte	0x5
 118 0052 DF000000 		.4byte	.LASF6
 119 0056 02       		.uleb128 0x2
 120 0057 08       		.byte	0x8
ARM GAS  C:\Users\DABBIR~1\AppData\Local\Temp\ccFhxb8b.s 			page 6


 121 0058 07       		.byte	0x7
 122 0059 0F020000 		.4byte	.LASF7
 123 005d 03       		.uleb128 0x3
 124 005e 04       		.byte	0x4
 125 005f 05       		.byte	0x5
 126 0060 696E7400 		.ascii	"int\000"
 127 0064 02       		.uleb128 0x2
 128 0065 04       		.byte	0x4
 129 0066 07       		.byte	0x7
 130 0067 26020000 		.4byte	.LASF8
 131 006b 02       		.uleb128 0x2
 132 006c 08       		.byte	0x8
 133 006d 04       		.byte	0x4
 134 006e E0010000 		.4byte	.LASF9
 135 0072 04       		.uleb128 0x4
 136 0073 00000000 		.4byte	.LASF10
 137 0077 02       		.byte	0x2
 138 0078 3E       		.byte	0x3e
 139 0079 2C000000 		.4byte	0x2c
 140 007d 04       		.uleb128 0x4
 141 007e ED000000 		.4byte	.LASF11
 142 0082 02       		.byte	0x2
 143 0083 3F       		.byte	0x3f
 144 0084 25000000 		.4byte	0x25
 145 0088 04       		.uleb128 0x4
 146 0089 74020000 		.4byte	.LASF12
 147 008d 02       		.byte	0x2
 148 008e 52       		.byte	0x52
 149 008f 3A000000 		.4byte	0x3a
 150 0093 04       		.uleb128 0x4
 151 0094 58020000 		.4byte	.LASF13
 152 0098 02       		.byte	0x2
 153 0099 53       		.byte	0x53
 154 009a 5D000000 		.4byte	0x5d
 155 009e 04       		.uleb128 0x4
 156 009f 74000000 		.4byte	.LASF14
 157 00a3 02       		.byte	0x2
 158 00a4 54       		.byte	0x54
 159 00a5 64000000 		.4byte	0x64
 160 00a9 04       		.uleb128 0x4
 161 00aa 17000000 		.4byte	.LASF15
 162 00ae 03       		.byte	0x3
 163 00af 4D       		.byte	0x4d
 164 00b0 9E000000 		.4byte	0x9e
 165 00b4 04       		.uleb128 0x4
 166 00b5 6C000000 		.4byte	.LASF16
 167 00b9 03       		.byte	0x3
 168 00ba 4F       		.byte	0x4f
 169 00bb 9E000000 		.4byte	0x9e
 170 00bf 04       		.uleb128 0x4
 171 00c0 BC000000 		.4byte	.LASF17
 172 00c4 03       		.byte	0x3
 173 00c5 54       		.byte	0x54
 174 00c6 A9000000 		.4byte	0xa9
 175 00ca 04       		.uleb128 0x4
 176 00cb 8F000000 		.4byte	.LASF18
 177 00cf 03       		.byte	0x3
ARM GAS  C:\Users\DABBIR~1\AppData\Local\Temp\ccFhxb8b.s 			page 7


 178 00d0 78       		.byte	0x78
 179 00d1 93000000 		.4byte	0x93
 180 00d5 05       		.uleb128 0x5
 181 00d6 0E010000 		.4byte	.LASF19
 182 00da 04       		.byte	0x4
 183 00db 1101     		.2byte	0x111
 184 00dd 88000000 		.4byte	0x88
 185 00e1 05       		.uleb128 0x5
 186 00e2 EC010000 		.4byte	.LASF20
 187 00e6 04       		.byte	0x4
 188 00e7 F701     		.2byte	0x1f7
 189 00e9 CA000000 		.4byte	0xca
 190 00ed 05       		.uleb128 0x5
 191 00ee FC020000 		.4byte	.LASF21
 192 00f2 04       		.byte	0x4
 193 00f3 0002     		.2byte	0x200
 194 00f5 F9000000 		.4byte	0xf9
 195 00f9 06       		.uleb128 0x6
 196 00fa 04       		.byte	0x4
 197 00fb A9000000 		.4byte	0xa9
 198 00ff 05       		.uleb128 0x5
 199 0100 4E000000 		.4byte	.LASF22
 200 0104 04       		.byte	0x4
 201 0105 2103     		.2byte	0x321
 202 0107 2C000000 		.4byte	0x2c
 203 010b 07       		.uleb128 0x7
 204 010c A8010000 		.4byte	.LASF23
 205 0110 04       		.byte	0x4
 206 0111 9703     		.2byte	0x397
 207 0113 03       		.byte	0x3
 208 0114 25010000 		.4byte	0x125
 209 0118 08       		.uleb128 0x8
 210 0119 73727600 		.ascii	"srv\000"
 211 011d 04       		.byte	0x4
 212 011e 9703     		.2byte	0x397
 213 0120 72000000 		.4byte	0x72
 214 0124 00       		.byte	0
 215 0125 07       		.uleb128 0x7
 216 0126 C8000000 		.4byte	.LASF24
 217 012a 04       		.byte	0x4
 218 012b A303     		.2byte	0x3a3
 219 012d 03       		.byte	0x3
 220 012e 3E010000 		.4byte	0x13e
 221 0132 08       		.uleb128 0x8
 222 0133 696400   		.ascii	"id\000"
 223 0136 04       		.byte	0x4
 224 0137 A303     		.2byte	0x3a3
 225 0139 72000000 		.4byte	0x72
 226 013d 00       		.byte	0
 227 013e 07       		.uleb128 0x7
 228 013f F5030000 		.4byte	.LASF25
 229 0143 04       		.byte	0x4
 230 0144 A803     		.2byte	0x3a8
 231 0146 03       		.byte	0x3
 232 0147 57010000 		.4byte	0x157
 233 014b 08       		.uleb128 0x8
 234 014c 696400   		.ascii	"id\000"
ARM GAS  C:\Users\DABBIR~1\AppData\Local\Temp\ccFhxb8b.s 			page 8


 235 014f 04       		.byte	0x4
 236 0150 A803     		.2byte	0x3a8
 237 0152 72000000 		.4byte	0x72
 238 0156 00       		.byte	0
 239 0157 09       		.uleb128 0x9
 240 0158 DC020000 		.4byte	.LASF26
 241 015c 05       		.byte	0x5
 242 015d B7       		.byte	0xb7
 243 015e 03       		.byte	0x3
 244 015f 6F010000 		.4byte	0x16f
 245 0163 0A       		.uleb128 0xa
 246 0164 7E020000 		.4byte	.LASF27
 247 0168 05       		.byte	0x5
 248 0169 B8       		.byte	0xb8
 249 016a FF000000 		.4byte	0xff
 250 016e 00       		.byte	0
 251 016f 0B       		.uleb128 0xb
 252 0170 59000000 		.4byte	.LASF51
 253 0174 01       		.byte	0x1
 254 0175 3D       		.byte	0x3d
 255 0176 FF000000 		.4byte	0xff
 256 017a 00000000 		.4byte	.LFB60
 257 017e 20000000 		.4byte	.LFE60-.LFB60
 258 0182 01       		.uleb128 0x1
 259 0183 9C       		.byte	0x9c
 260 0184 B3010000 		.4byte	0x1b3
 261 0188 0C       		.uleb128 0xc
 262 0189 CA010000 		.4byte	.LASF28
 263 018d 01       		.byte	0x1
 264 018e 3D       		.byte	0x3d
 265 018f E1000000 		.4byte	0xe1
 266 0193 00000000 		.4byte	.LLST0
 267 0197 0D       		.uleb128 0xd
 268 0198 1F000000 		.4byte	.LASF29
 269 019c 01       		.byte	0x1
 270 019d 3D       		.byte	0x3d
 271 019e ED000000 		.4byte	0xed
 272 01a2 01       		.uleb128 0x1
 273 01a3 51       		.byte	0x51
 274 01a4 0E       		.uleb128 0xe
 275 01a5 657600   		.ascii	"ev\000"
 276 01a8 01       		.byte	0x1
 277 01a9 3F       		.byte	0x3f
 278 01aa FF000000 		.4byte	0xff
 279 01ae 53000000 		.4byte	.LLST1
 280 01b2 00       		.byte	0
 281 01b3 0F       		.uleb128 0xf
 282 01b4 A7000000 		.4byte	.LASF30
 283 01b8 06       		.byte	0x6
 284 01b9 44       		.byte	0x44
 285 01ba A9000000 		.4byte	0xa9
 286 01be 0F       		.uleb128 0xf
 287 01bf 3F020000 		.4byte	.LASF31
 288 01c3 07       		.byte	0x7
 289 01c4 48       		.byte	0x48
 290 01c5 CA000000 		.4byte	0xca
 291 01c9 10       		.uleb128 0x10
ARM GAS  C:\Users\DABBIR~1\AppData\Local\Temp\ccFhxb8b.s 			page 9


 292 01ca E0010000 		.4byte	0x1e0
 293 01ce D9010000 		.4byte	0x1d9
 294 01d2 11       		.uleb128 0x11
 295 01d3 D9010000 		.4byte	0x1d9
 296 01d7 03       		.byte	0x3
 297 01d8 00       		.byte	0
 298 01d9 02       		.uleb128 0x2
 299 01da 04       		.byte	0x4
 300 01db 07       		.byte	0x7
 301 01dc 0D030000 		.4byte	.LASF32
 302 01e0 12       		.uleb128 0x12
 303 01e1 A9000000 		.4byte	0xa9
 304 01e5 0F       		.uleb128 0xf
 305 01e6 7E000000 		.4byte	.LASF33
 306 01ea 04       		.byte	0x4
 307 01eb B2       		.byte	0xb2
 308 01ec F0010000 		.4byte	0x1f0
 309 01f0 12       		.uleb128 0x12
 310 01f1 C9010000 		.4byte	0x1c9
 311 01f5 0F       		.uleb128 0xf
 312 01f6 30030000 		.4byte	.LASF34
 313 01fa 04       		.byte	0x4
 314 01fb B3       		.byte	0xb3
 315 01fc 00020000 		.4byte	0x200
 316 0200 12       		.uleb128 0x12
 317 0201 C9010000 		.4byte	0x1c9
 318 0205 10       		.uleb128 0x10
 319 0206 A9000000 		.4byte	0xa9
 320 020a 15020000 		.4byte	0x215
 321 020e 11       		.uleb128 0x11
 322 020f D9010000 		.4byte	0x1d9
 323 0213 03       		.byte	0x3
 324 0214 00       		.byte	0
 325 0215 0F       		.uleb128 0xf
 326 0216 23030000 		.4byte	.LASF35
 327 021a 04       		.byte	0x4
 328 021b CA       		.byte	0xca
 329 021c 05020000 		.4byte	0x205
 330 0220 10       		.uleb128 0x10
 331 0221 CA000000 		.4byte	0xca
 332 0225 30020000 		.4byte	0x230
 333 0229 11       		.uleb128 0x11
 334 022a D9010000 		.4byte	0x1d9
 335 022e 03       		.byte	0x3
 336 022f 00       		.byte	0
 337 0230 0F       		.uleb128 0xf
 338 0231 44030000 		.4byte	.LASF36
 339 0235 04       		.byte	0x4
 340 0236 D2       		.byte	0xd2
 341 0237 20020000 		.4byte	0x220
 342 023b 0F       		.uleb128 0xf
 343 023c 33020000 		.4byte	.LASF37
 344 0240 04       		.byte	0x4
 345 0241 DA       		.byte	0xda
 346 0242 05020000 		.4byte	0x205
 347 0246 0F       		.uleb128 0xf
 348 0247 38000000 		.4byte	.LASF38
ARM GAS  C:\Users\DABBIR~1\AppData\Local\Temp\ccFhxb8b.s 			page 10


 349 024b 04       		.byte	0x4
 350 024c E2       		.byte	0xe2
 351 024d CA000000 		.4byte	0xca
 352 0251 0F       		.uleb128 0xf
 353 0252 D1010000 		.4byte	.LASF39
 354 0256 04       		.byte	0x4
 355 0257 F7       		.byte	0xf7
 356 0258 A9000000 		.4byte	0xa9
 357 025c 13       		.uleb128 0x13
 358 025d 09000000 		.4byte	.LASF40
 359 0261 04       		.byte	0x4
 360 0262 3F01     		.2byte	0x13f
 361 0264 D5000000 		.4byte	0xd5
 362 0268 13       		.uleb128 0x13
 363 0269 25000000 		.4byte	.LASF41
 364 026d 04       		.byte	0x4
 365 026e 5C01     		.2byte	0x15c
 366 0270 05020000 		.4byte	0x205
 367 0274 10       		.uleb128 0x10
 368 0275 BF000000 		.4byte	0xbf
 369 0279 84020000 		.4byte	0x284
 370 027d 11       		.uleb128 0x11
 371 027e D9010000 		.4byte	0x1d9
 372 0282 03       		.byte	0x3
 373 0283 00       		.byte	0
 374 0284 13       		.uleb128 0x13
 375 0285 96000000 		.4byte	.LASF42
 376 0289 04       		.byte	0x4
 377 028a 6701     		.2byte	0x167
 378 028c 74020000 		.4byte	0x274
 379 0290 0F       		.uleb128 0xf
 380 0291 DD030000 		.4byte	.LASF43
 381 0295 08       		.byte	0x8
 382 0296 40       		.byte	0x40
 383 0297 A9000000 		.4byte	0xa9
 384 029b 0F       		.uleb128 0xf
 385 029c F5000000 		.4byte	.LASF44
 386 02a0 08       		.byte	0x8
 387 02a1 47       		.byte	0x47
 388 02a2 B4000000 		.4byte	0xb4
 389 02a6 0F       		.uleb128 0xf
 390 02a7 84020000 		.4byte	.LASF45
 391 02ab 08       		.byte	0x8
 392 02ac 4A       		.byte	0x4a
 393 02ad A9000000 		.4byte	0xa9
 394 02b1 10       		.uleb128 0x10
 395 02b2 C1020000 		.4byte	0x2c1
 396 02b6 C1020000 		.4byte	0x2c1
 397 02ba 11       		.uleb128 0x11
 398 02bb D9010000 		.4byte	0x1d9
 399 02bf FF       		.byte	0xff
 400 02c0 00       		.byte	0
 401 02c1 12       		.uleb128 0x12
 402 02c2 7D000000 		.4byte	0x7d
 403 02c6 13       		.uleb128 0x13
 404 02c7 16030000 		.4byte	.LASF46
 405 02cb 05       		.byte	0x5
ARM GAS  C:\Users\DABBIR~1\AppData\Local\Temp\ccFhxb8b.s 			page 11


 406 02cc AB01     		.2byte	0x1ab
 407 02ce D2020000 		.4byte	0x2d2
 408 02d2 12       		.uleb128 0x12
 409 02d3 B1020000 		.4byte	0x2b1
 410 02d7 13       		.uleb128 0x13
 411 02d8 BC010000 		.4byte	.LASF47
 412 02dc 05       		.byte	0x5
 413 02dd 1602     		.2byte	0x216
 414 02df A9000000 		.4byte	0xa9
 415 02e3 00       		.byte	0
 416              		.section	.debug_abbrev,"",%progbits
 417              	.Ldebug_abbrev0:
 418 0000 01       		.uleb128 0x1
 419 0001 11       		.uleb128 0x11
 420 0002 01       		.byte	0x1
 421 0003 25       		.uleb128 0x25
 422 0004 0E       		.uleb128 0xe
 423 0005 13       		.uleb128 0x13
 424 0006 0B       		.uleb128 0xb
 425 0007 03       		.uleb128 0x3
 426 0008 0E       		.uleb128 0xe
 427 0009 1B       		.uleb128 0x1b
 428 000a 0E       		.uleb128 0xe
 429 000b 55       		.uleb128 0x55
 430 000c 17       		.uleb128 0x17
 431 000d 11       		.uleb128 0x11
 432 000e 01       		.uleb128 0x1
 433 000f 10       		.uleb128 0x10
 434 0010 17       		.uleb128 0x17
 435 0011 00       		.byte	0
 436 0012 00       		.byte	0
 437 0013 02       		.uleb128 0x2
 438 0014 24       		.uleb128 0x24
 439 0015 00       		.byte	0
 440 0016 0B       		.uleb128 0xb
 441 0017 0B       		.uleb128 0xb
 442 0018 3E       		.uleb128 0x3e
 443 0019 0B       		.uleb128 0xb
 444 001a 03       		.uleb128 0x3
 445 001b 0E       		.uleb128 0xe
 446 001c 00       		.byte	0
 447 001d 00       		.byte	0
 448 001e 03       		.uleb128 0x3
 449 001f 24       		.uleb128 0x24
 450 0020 00       		.byte	0
 451 0021 0B       		.uleb128 0xb
 452 0022 0B       		.uleb128 0xb
 453 0023 3E       		.uleb128 0x3e
 454 0024 0B       		.uleb128 0xb
 455 0025 03       		.uleb128 0x3
 456 0026 08       		.uleb128 0x8
 457 0027 00       		.byte	0
 458 0028 00       		.byte	0
 459 0029 04       		.uleb128 0x4
 460 002a 16       		.uleb128 0x16
 461 002b 00       		.byte	0
 462 002c 03       		.uleb128 0x3
ARM GAS  C:\Users\DABBIR~1\AppData\Local\Temp\ccFhxb8b.s 			page 12


 463 002d 0E       		.uleb128 0xe
 464 002e 3A       		.uleb128 0x3a
 465 002f 0B       		.uleb128 0xb
 466 0030 3B       		.uleb128 0x3b
 467 0031 0B       		.uleb128 0xb
 468 0032 49       		.uleb128 0x49
 469 0033 13       		.uleb128 0x13
 470 0034 00       		.byte	0
 471 0035 00       		.byte	0
 472 0036 05       		.uleb128 0x5
 473 0037 16       		.uleb128 0x16
 474 0038 00       		.byte	0
 475 0039 03       		.uleb128 0x3
 476 003a 0E       		.uleb128 0xe
 477 003b 3A       		.uleb128 0x3a
 478 003c 0B       		.uleb128 0xb
 479 003d 3B       		.uleb128 0x3b
 480 003e 05       		.uleb128 0x5
 481 003f 49       		.uleb128 0x49
 482 0040 13       		.uleb128 0x13
 483 0041 00       		.byte	0
 484 0042 00       		.byte	0
 485 0043 06       		.uleb128 0x6
 486 0044 0F       		.uleb128 0xf
 487 0045 00       		.byte	0
 488 0046 0B       		.uleb128 0xb
 489 0047 0B       		.uleb128 0xb
 490 0048 49       		.uleb128 0x49
 491 0049 13       		.uleb128 0x13
 492 004a 00       		.byte	0
 493 004b 00       		.byte	0
 494 004c 07       		.uleb128 0x7
 495 004d 2E       		.uleb128 0x2e
 496 004e 01       		.byte	0x1
 497 004f 03       		.uleb128 0x3
 498 0050 0E       		.uleb128 0xe
 499 0051 3A       		.uleb128 0x3a
 500 0052 0B       		.uleb128 0xb
 501 0053 3B       		.uleb128 0x3b
 502 0054 05       		.uleb128 0x5
 503 0055 27       		.uleb128 0x27
 504 0056 19       		.uleb128 0x19
 505 0057 20       		.uleb128 0x20
 506 0058 0B       		.uleb128 0xb
 507 0059 01       		.uleb128 0x1
 508 005a 13       		.uleb128 0x13
 509 005b 00       		.byte	0
 510 005c 00       		.byte	0
 511 005d 08       		.uleb128 0x8
 512 005e 05       		.uleb128 0x5
 513 005f 00       		.byte	0
 514 0060 03       		.uleb128 0x3
 515 0061 08       		.uleb128 0x8
 516 0062 3A       		.uleb128 0x3a
 517 0063 0B       		.uleb128 0xb
 518 0064 3B       		.uleb128 0x3b
 519 0065 05       		.uleb128 0x5
ARM GAS  C:\Users\DABBIR~1\AppData\Local\Temp\ccFhxb8b.s 			page 13


 520 0066 49       		.uleb128 0x49
 521 0067 13       		.uleb128 0x13
 522 0068 00       		.byte	0
 523 0069 00       		.byte	0
 524 006a 09       		.uleb128 0x9
 525 006b 2E       		.uleb128 0x2e
 526 006c 01       		.byte	0x1
 527 006d 03       		.uleb128 0x3
 528 006e 0E       		.uleb128 0xe
 529 006f 3A       		.uleb128 0x3a
 530 0070 0B       		.uleb128 0xb
 531 0071 3B       		.uleb128 0x3b
 532 0072 0B       		.uleb128 0xb
 533 0073 27       		.uleb128 0x27
 534 0074 19       		.uleb128 0x19
 535 0075 20       		.uleb128 0x20
 536 0076 0B       		.uleb128 0xb
 537 0077 01       		.uleb128 0x1
 538 0078 13       		.uleb128 0x13
 539 0079 00       		.byte	0
 540 007a 00       		.byte	0
 541 007b 0A       		.uleb128 0xa
 542 007c 05       		.uleb128 0x5
 543 007d 00       		.byte	0
 544 007e 03       		.uleb128 0x3
 545 007f 0E       		.uleb128 0xe
 546 0080 3A       		.uleb128 0x3a
 547 0081 0B       		.uleb128 0xb
 548 0082 3B       		.uleb128 0x3b
 549 0083 0B       		.uleb128 0xb
 550 0084 49       		.uleb128 0x49
 551 0085 13       		.uleb128 0x13
 552 0086 00       		.byte	0
 553 0087 00       		.byte	0
 554 0088 0B       		.uleb128 0xb
 555 0089 2E       		.uleb128 0x2e
 556 008a 01       		.byte	0x1
 557 008b 3F       		.uleb128 0x3f
 558 008c 19       		.uleb128 0x19
 559 008d 03       		.uleb128 0x3
 560 008e 0E       		.uleb128 0xe
 561 008f 3A       		.uleb128 0x3a
 562 0090 0B       		.uleb128 0xb
 563 0091 3B       		.uleb128 0x3b
 564 0092 0B       		.uleb128 0xb
 565 0093 27       		.uleb128 0x27
 566 0094 19       		.uleb128 0x19
 567 0095 49       		.uleb128 0x49
 568 0096 13       		.uleb128 0x13
 569 0097 11       		.uleb128 0x11
 570 0098 01       		.uleb128 0x1
 571 0099 12       		.uleb128 0x12
 572 009a 06       		.uleb128 0x6
 573 009b 40       		.uleb128 0x40
 574 009c 18       		.uleb128 0x18
 575 009d 9742     		.uleb128 0x2117
 576 009f 19       		.uleb128 0x19
ARM GAS  C:\Users\DABBIR~1\AppData\Local\Temp\ccFhxb8b.s 			page 14


 577 00a0 01       		.uleb128 0x1
 578 00a1 13       		.uleb128 0x13
 579 00a2 00       		.byte	0
 580 00a3 00       		.byte	0
 581 00a4 0C       		.uleb128 0xc
 582 00a5 05       		.uleb128 0x5
 583 00a6 00       		.byte	0
 584 00a7 03       		.uleb128 0x3
 585 00a8 0E       		.uleb128 0xe
 586 00a9 3A       		.uleb128 0x3a
 587 00aa 0B       		.uleb128 0xb
 588 00ab 3B       		.uleb128 0x3b
 589 00ac 0B       		.uleb128 0xb
 590 00ad 49       		.uleb128 0x49
 591 00ae 13       		.uleb128 0x13
 592 00af 02       		.uleb128 0x2
 593 00b0 17       		.uleb128 0x17
 594 00b1 00       		.byte	0
 595 00b2 00       		.byte	0
 596 00b3 0D       		.uleb128 0xd
 597 00b4 05       		.uleb128 0x5
 598 00b5 00       		.byte	0
 599 00b6 03       		.uleb128 0x3
 600 00b7 0E       		.uleb128 0xe
 601 00b8 3A       		.uleb128 0x3a
 602 00b9 0B       		.uleb128 0xb
 603 00ba 3B       		.uleb128 0x3b
 604 00bb 0B       		.uleb128 0xb
 605 00bc 49       		.uleb128 0x49
 606 00bd 13       		.uleb128 0x13
 607 00be 02       		.uleb128 0x2
 608 00bf 18       		.uleb128 0x18
 609 00c0 00       		.byte	0
 610 00c1 00       		.byte	0
 611 00c2 0E       		.uleb128 0xe
 612 00c3 34       		.uleb128 0x34
 613 00c4 00       		.byte	0
 614 00c5 03       		.uleb128 0x3
 615 00c6 08       		.uleb128 0x8
 616 00c7 3A       		.uleb128 0x3a
 617 00c8 0B       		.uleb128 0xb
 618 00c9 3B       		.uleb128 0x3b
 619 00ca 0B       		.uleb128 0xb
 620 00cb 49       		.uleb128 0x49
 621 00cc 13       		.uleb128 0x13
 622 00cd 02       		.uleb128 0x2
 623 00ce 17       		.uleb128 0x17
 624 00cf 00       		.byte	0
 625 00d0 00       		.byte	0
 626 00d1 0F       		.uleb128 0xf
 627 00d2 34       		.uleb128 0x34
 628 00d3 00       		.byte	0
 629 00d4 03       		.uleb128 0x3
 630 00d5 0E       		.uleb128 0xe
 631 00d6 3A       		.uleb128 0x3a
 632 00d7 0B       		.uleb128 0xb
 633 00d8 3B       		.uleb128 0x3b
ARM GAS  C:\Users\DABBIR~1\AppData\Local\Temp\ccFhxb8b.s 			page 15


 634 00d9 0B       		.uleb128 0xb
 635 00da 49       		.uleb128 0x49
 636 00db 13       		.uleb128 0x13
 637 00dc 3F       		.uleb128 0x3f
 638 00dd 19       		.uleb128 0x19
 639 00de 3C       		.uleb128 0x3c
 640 00df 19       		.uleb128 0x19
 641 00e0 00       		.byte	0
 642 00e1 00       		.byte	0
 643 00e2 10       		.uleb128 0x10
 644 00e3 01       		.uleb128 0x1
 645 00e4 01       		.byte	0x1
 646 00e5 49       		.uleb128 0x49
 647 00e6 13       		.uleb128 0x13
 648 00e7 01       		.uleb128 0x1
 649 00e8 13       		.uleb128 0x13
 650 00e9 00       		.byte	0
 651 00ea 00       		.byte	0
 652 00eb 11       		.uleb128 0x11
 653 00ec 21       		.uleb128 0x21
 654 00ed 00       		.byte	0
 655 00ee 49       		.uleb128 0x49
 656 00ef 13       		.uleb128 0x13
 657 00f0 2F       		.uleb128 0x2f
 658 00f1 0B       		.uleb128 0xb
 659 00f2 00       		.byte	0
 660 00f3 00       		.byte	0
 661 00f4 12       		.uleb128 0x12
 662 00f5 26       		.uleb128 0x26
 663 00f6 00       		.byte	0
 664 00f7 49       		.uleb128 0x49
 665 00f8 13       		.uleb128 0x13
 666 00f9 00       		.byte	0
 667 00fa 00       		.byte	0
 668 00fb 13       		.uleb128 0x13
 669 00fc 34       		.uleb128 0x34
 670 00fd 00       		.byte	0
 671 00fe 03       		.uleb128 0x3
 672 00ff 0E       		.uleb128 0xe
 673 0100 3A       		.uleb128 0x3a
 674 0101 0B       		.uleb128 0xb
 675 0102 3B       		.uleb128 0x3b
 676 0103 05       		.uleb128 0x5
 677 0104 49       		.uleb128 0x49
 678 0105 13       		.uleb128 0x13
 679 0106 3F       		.uleb128 0x3f
 680 0107 19       		.uleb128 0x19
 681 0108 3C       		.uleb128 0x3c
 682 0109 19       		.uleb128 0x19
 683 010a 00       		.byte	0
 684 010b 00       		.byte	0
 685 010c 00       		.byte	0
 686              		.section	.debug_loc,"",%progbits
 687              	.Ldebug_loc0:
 688              	.LLST0:
 689 0000 00000000 		.4byte	.LVL0
 690 0004 10000000 		.4byte	.LVL2
ARM GAS  C:\Users\DABBIR~1\AppData\Local\Temp\ccFhxb8b.s 			page 16


 691 0008 0100     		.2byte	0x1
 692 000a 50       		.byte	0x50
 693 000b 10000000 		.4byte	.LVL2
 694 000f 12000000 		.4byte	.LVL3
 695 0013 0400     		.2byte	0x4
 696 0015 F3       		.byte	0xf3
 697 0016 01       		.uleb128 0x1
 698 0017 50       		.byte	0x50
 699 0018 9F       		.byte	0x9f
 700 0019 12000000 		.4byte	.LVL3
 701 001d 14000000 		.4byte	.LVL4
 702 0021 0100     		.2byte	0x1
 703 0023 50       		.byte	0x50
 704 0024 14000000 		.4byte	.LVL4
 705 0028 16000000 		.4byte	.LVL5
 706 002c 0400     		.2byte	0x4
 707 002e F3       		.byte	0xf3
 708 002f 01       		.uleb128 0x1
 709 0030 50       		.byte	0x50
 710 0031 9F       		.byte	0x9f
 711 0032 16000000 		.4byte	.LVL5
 712 0036 18000000 		.4byte	.LVL6
 713 003a 0100     		.2byte	0x1
 714 003c 50       		.byte	0x50
 715 003d 18000000 		.4byte	.LVL6
 716 0041 20000000 		.4byte	.LFE60
 717 0045 0400     		.2byte	0x4
 718 0047 F3       		.byte	0xf3
 719 0048 01       		.uleb128 0x1
 720 0049 50       		.byte	0x50
 721 004a 9F       		.byte	0x9f
 722 004b 00000000 		.4byte	0
 723 004f 00000000 		.4byte	0
 724              	.LLST1:
 725 0053 0E000000 		.4byte	.LVL1
 726 0057 12000000 		.4byte	.LVL3
 727 005b 0200     		.2byte	0x2
 728 005d 30       		.byte	0x30
 729 005e 9F       		.byte	0x9f
 730 005f 18000000 		.4byte	.LVL6
 731 0063 20000000 		.4byte	.LFE60
 732 0067 0100     		.2byte	0x1
 733 0069 50       		.byte	0x50
 734 006a 00000000 		.4byte	0
 735 006e 00000000 		.4byte	0
 736              		.section	.debug_aranges,"",%progbits
 737 0000 1C000000 		.4byte	0x1c
 738 0004 0200     		.2byte	0x2
 739 0006 00000000 		.4byte	.Ldebug_info0
 740 000a 04       		.byte	0x4
 741 000b 00       		.byte	0
 742 000c 0000     		.2byte	0
 743 000e 0000     		.2byte	0
 744 0010 00000000 		.4byte	.LFB60
 745 0014 20000000 		.4byte	.LFE60-.LFB60
 746 0018 00000000 		.4byte	0
 747 001c 00000000 		.4byte	0
ARM GAS  C:\Users\DABBIR~1\AppData\Local\Temp\ccFhxb8b.s 			page 17


 748              		.section	.debug_ranges,"",%progbits
 749              	.Ldebug_ranges0:
 750 0000 00000000 		.4byte	.LFB60
 751 0004 20000000 		.4byte	.LFE60
 752 0008 00000000 		.4byte	0
 753 000c 00000000 		.4byte	0
 754              		.section	.debug_line,"",%progbits
 755              	.Ldebug_line0:
 756 0000 5B010000 		.section	.debug_str,"MS",%progbits,1
 756      02003501 
 756      00000201 
 756      FB0E0D00 
 756      01010101 
 757              	.LASF10:
 758 0000 45455F55 		.ascii	"EE_UINT8\000"
 758      494E5438 
 758      00
 759              	.LASF40:
 760 0009 45455F72 		.ascii	"EE_rq_bitmask\000"
 760      715F6269 
 760      746D6173 
 760      6B00
 761              	.LASF15:
 762 0017 45455F55 		.ascii	"EE_UREG\000"
 762      52454700 
 763              	.LASF29:
 764 001f 53746174 		.ascii	"State\000"
 764      6500
 765              	.LASF41:
 766 0025 45455F74 		.ascii	"EE_th_event_active\000"
 766      685F6576 
 766      656E745F 
 766      61637469 
 766      766500
 767              	.LASF38:
 768 0038 45455F73 		.ascii	"EE_stkfirst\000"
 768      746B6669 
 768      72737400 
 769              	.LASF2:
 770 0044 73686F72 		.ascii	"short int\000"
 770      7420696E 
 770      7400
 771              	.LASF22:
 772 004e 53746174 		.ascii	"StatusType\000"
 772      75735479 
 772      706500
 773              	.LASF51:
 774 0059 45455F6F 		.ascii	"EE_oo_GetTaskState\000"
 774      6F5F4765 
 774      74546173 
 774      6B537461 
 774      746500
 775              	.LASF16:
 776 006c 45455F46 		.ascii	"EE_FREG\000"
 776      52454700 
 777              	.LASF14:
 778 0074 45455F55 		.ascii	"EE_UINT32\000"
ARM GAS  C:\Users\DABBIR~1\AppData\Local\Temp\ccFhxb8b.s 			page 18


 778      494E5433 
 778      3200
 779              	.LASF33:
 780 007e 45455F74 		.ascii	"EE_th_ready_prio\000"
 780      685F7265 
 780      6164795F 
 780      7072696F 
 780      00
 781              	.LASF18:
 782 008f 45455F54 		.ascii	"EE_TID\000"
 782      494400
 783              	.LASF42:
 784 0096 45455F74 		.ascii	"EE_th_waswaiting\000"
 784      685F7761 
 784      73776169 
 784      74696E67 
 784      00
 785              	.LASF30:
 786 00a7 45455F49 		.ascii	"EE_IRQ_nesting_level\000"
 786      52515F6E 
 786      65737469 
 786      6E675F6C 
 786      6576656C 
 787              	.LASF17:
 788 00bc 45455F54 		.ascii	"EE_TYPEBOOL\000"
 788      59504542 
 788      4F4F4C00 
 789              	.LASF24:
 790 00c8 45455F4F 		.ascii	"EE_ORTI_set_service_in\000"
 790      5254495F 
 790      7365745F 
 790      73657276 
 790      6963655F 
 791              	.LASF6:
 792 00df 6C6F6E67 		.ascii	"long long int\000"
 792      206C6F6E 
 792      6720696E 
 792      7400
 793              	.LASF11:
 794 00ed 45455F49 		.ascii	"EE_INT8\000"
 794      4E543800 
 795              	.LASF44:
 796 00f5 45455F6F 		.ascii	"EE_oo_IRQ_suspend_status\000"
 796      6F5F4952 
 796      515F7375 
 796      7370656E 
 796      645F7374 
 797              	.LASF19:
 798 010e 45455F54 		.ascii	"EE_TYPE_RQ_MASK\000"
 798      5950455F 
 798      52515F4D 
 798      41534B00 
 799              	.LASF50:
 800 011e 433A5C4D 		.ascii	"C:\\My_Files\\College_Documents\\AMA EOS\\EOS\\LAB\\"
 800      795F4669 
 800      6C65735C 
 800      436F6C6C 
ARM GAS  C:\Users\DABBIR~1\AppData\Local\Temp\ccFhxb8b.s 			page 19


 800      6567655F 
 801 014c 4C41425F 		.ascii	"LAB_2_Submission\\Json Parser\\code\\w06_criticalRe"
 801      325F5375 
 801      626D6973 
 801      73696F6E 
 801      5C4A736F 
 802 017c 67696F6E 		.ascii	"gion.cydsn\\Lab2_JSONParser01.cydsn\000"
 802      2E637964 
 802      736E5C4C 
 802      6162325F 
 802      4A534F4E 
 803              	.LASF4:
 804 019f 6C6F6E67 		.ascii	"long int\000"
 804      20696E74 
 804      00
 805              	.LASF23:
 806 01a8 45455F4F 		.ascii	"EE_ORTI_set_service\000"
 806      5254495F 
 806      7365745F 
 806      73657276 
 806      69636500 
 807              	.LASF47:
 808 01bc 45455F69 		.ascii	"EE_isr2_index\000"
 808      7372325F 
 808      696E6465 
 808      7800
 809              	.LASF28:
 810 01ca 5461736B 		.ascii	"TaskID\000"
 810      494400
 811              	.LASF39:
 812 01d1 45455F73 		.ascii	"EE_sys_ceiling\000"
 812      79735F63 
 812      65696C69 
 812      6E6700
 813              	.LASF9:
 814 01e0 6C6F6E67 		.ascii	"long double\000"
 814      20646F75 
 814      626C6500 
 815              	.LASF20:
 816 01ec 5461736B 		.ascii	"TaskType\000"
 816      54797065 
 816      00
 817              	.LASF1:
 818 01f5 756E7369 		.ascii	"unsigned char\000"
 818      676E6564 
 818      20636861 
 818      7200
 819              	.LASF0:
 820 0203 7369676E 		.ascii	"signed char\000"
 820      65642063 
 820      68617200 
 821              	.LASF7:
 822 020f 6C6F6E67 		.ascii	"long long unsigned int\000"
 822      206C6F6E 
 822      6720756E 
 822      7369676E 
 822      65642069 
ARM GAS  C:\Users\DABBIR~1\AppData\Local\Temp\ccFhxb8b.s 			page 20


 823              	.LASF8:
 824 0226 756E7369 		.ascii	"unsigned int\000"
 824      676E6564 
 824      20696E74 
 824      00
 825              	.LASF37:
 826 0233 45455F74 		.ascii	"EE_th_rnact\000"
 826      685F726E 
 826      61637400 
 827              	.LASF31:
 828 023f 45455F73 		.ascii	"EE_std_endcycle_next_tid\000"
 828      74645F65 
 828      6E646379 
 828      636C655F 
 828      6E657874 
 829              	.LASF13:
 830 0258 45455F49 		.ascii	"EE_INT32\000"
 830      4E543332 
 830      00
 831              	.LASF3:
 832 0261 73686F72 		.ascii	"short unsigned int\000"
 832      7420756E 
 832      7369676E 
 832      65642069 
 832      6E7400
 833              	.LASF12:
 834 0274 45455F55 		.ascii	"EE_UINT16\000"
 834      494E5431 
 834      3600
 835              	.LASF27:
 836 027e 4572726F 		.ascii	"Error\000"
 836      7200
 837              	.LASF45:
 838 0284 45455F41 		.ascii	"EE_ApplicationMode\000"
 838      70706C69 
 838      63617469 
 838      6F6E4D6F 
 838      646500
 839              	.LASF5:
 840 0297 6C6F6E67 		.ascii	"long unsigned int\000"
 840      20756E73 
 840      69676E65 
 840      6420696E 
 840      7400
 841              	.LASF49:
 842 02a9 47656E65 		.ascii	"Generated_Source\\PSoC5\\ErikaOS_1_ee_gettaskstate."
 842      72617465 
 842      645F536F 
 842      75726365 
 842      5C50536F 
 843 02da 6300     		.ascii	"c\000"
 844              	.LASF26:
 845 02dc 45455F6F 		.ascii	"EE_os_notify_error_from_us_impl\000"
 845      735F6E6F 
 845      74696679 
 845      5F657272 
 845      6F725F66 
ARM GAS  C:\Users\DABBIR~1\AppData\Local\Temp\ccFhxb8b.s 			page 21


 846              	.LASF21:
 847 02fc 5461736B 		.ascii	"TaskStateRefType\000"
 847      53746174 
 847      65526566 
 847      54797065 
 847      00
 848              	.LASF32:
 849 030d 73697A65 		.ascii	"sizetype\000"
 849      74797065 
 849      00
 850              	.LASF46:
 851 0316 45455F72 		.ascii	"EE_rq_lookup\000"
 851      715F6C6F 
 851      6F6B7570 
 851      00
 852              	.LASF35:
 853 0323 45455F74 		.ascii	"EE_th_status\000"
 853      685F7374 
 853      61747573 
 853      00
 854              	.LASF34:
 855 0330 45455F74 		.ascii	"EE_th_dispatch_prio\000"
 855      685F6469 
 855      73706174 
 855      63685F70 
 855      72696F00 
 856              	.LASF36:
 857 0344 45455F74 		.ascii	"EE_th_next\000"
 857      685F6E65 
 857      787400
 858              	.LASF48:
 859 034f 474E5520 		.ascii	"GNU C11 5.4.1 20160609 (release) [ARM/embedded-5-br"
 859      43313120 
 859      352E342E 
 859      31203230 
 859      31363036 
 860 0382 616E6368 		.ascii	"anch revision 237715] -mcpu=cortex-m3 -mthumb -g -O"
 860      20726576 
 860      6973696F 
 860      6E203233 
 860      37373135 
 861 03b5 67202D66 		.ascii	"g -ffunction-sections -ffat-lto-objects\000"
 861      66756E63 
 861      74696F6E 
 861      2D736563 
 861      74696F6E 
 862              	.LASF43:
 863 03dd 45455F6F 		.ascii	"EE_oo_IRQ_disable_count\000"
 863      6F5F4952 
 863      515F6469 
 863      7361626C 
 863      655F636F 
 864              	.LASF25:
 865 03f5 45455F4F 		.ascii	"EE_ORTI_set_service_out\000"
 865      5254495F 
 865      7365745F 
 865      73657276 
ARM GAS  C:\Users\DABBIR~1\AppData\Local\Temp\ccFhxb8b.s 			page 22


 865      6963655F 
 866              		.ident	"GCC: (GNU Tools for ARM Embedded Processors) 5.4.1 20160609 (release) [ARM/embedded-5-bran
