ARM GAS  C:\Users\DABBIR~1\AppData\Local\Temp\ccIRbdiu.s 			page 1


   1              		.syntax unified
   2              		.cpu cortex-m3
   3              		.fpu softvfp
   4              		.eabi_attribute 20, 1
   5              		.eabi_attribute 21, 1
   6              		.eabi_attribute 23, 3
   7              		.eabi_attribute 24, 1
   8              		.eabi_attribute 25, 1
   9              		.eabi_attribute 26, 1
  10              		.eabi_attribute 30, 1
  11              		.eabi_attribute 34, 1
  12              		.eabi_attribute 18, 4
  13              		.thumb
  14              		.syntax unified
  15              		.file	"ErikaOS_1_common_ee_hal_structs.c"
  16              		.text
  17              	.Ltext0:
  18              		.cfi_sections	.debug_frame
  19              		.comm	EE_std_endcycle_next_tid,4,4
  20              		.comm	EE_IRQ_nesting_level,4,4
  21              	.Letext0:
  22              		.file 1 "Generated_Source\\PSoC5\\ErikaOS_1_common_ee_types.inc"
  23              		.file 2 "Generated_Source\\PSoC5\\ErikaOS_1_cortex_mx_ee_cpu.inc"
  24              		.file 3 "Generated_Source\\PSoC5\\ErikaOS_1_ee_oo_common.inc"
  25              		.file 4 "Generated_Source\\PSoC5\\ErikaOS_1_common_ee_hal_structs.c"
  26              		.file 5 "Generated_Source\\PSoC5\\ErikaOS_1_ee_oo_intfunc.inc"
  27              		.file 6 "Generated_Source\\PSoC5\\ErikaOS_1_ee_oo_internal.inc"
  28              		.section	.debug_info,"",%progbits
  29              	.Ldebug_info0:
  30 0000 07020000 		.4byte	0x207
  31 0004 0400     		.2byte	0x4
  32 0006 00000000 		.4byte	.Ldebug_abbrev0
  33 000a 04       		.byte	0x4
  34 000b 01       		.uleb128 0x1
  35 000c B6020000 		.4byte	.LASF37
  36 0010 0C       		.byte	0xc
  37 0011 72020000 		.4byte	.LASF38
  38 0015 B2000000 		.4byte	.LASF39
  39 0019 00000000 		.4byte	.Ldebug_line0
  40 001d 02       		.uleb128 0x2
  41 001e 01       		.byte	0x1
  42 001f 06       		.byte	0x6
  43 0020 8C010000 		.4byte	.LASF0
  44 0024 02       		.uleb128 0x2
  45 0025 01       		.byte	0x1
  46 0026 08       		.byte	0x8
  47 0027 7E010000 		.4byte	.LASF1
  48 002b 02       		.uleb128 0x2
  49 002c 02       		.byte	0x2
  50 002d 05       		.byte	0x5
  51 002e 3A000000 		.4byte	.LASF2
  52 0032 02       		.uleb128 0x2
  53 0033 02       		.byte	0x2
  54 0034 07       		.byte	0x7
  55 0035 EA010000 		.4byte	.LASF3
  56 0039 02       		.uleb128 0x2
  57 003a 04       		.byte	0x4
ARM GAS  C:\Users\DABBIR~1\AppData\Local\Temp\ccIRbdiu.s 			page 2


  58 003b 05       		.byte	0x5
  59 003c 33010000 		.4byte	.LASF4
  60 0040 02       		.uleb128 0x2
  61 0041 04       		.byte	0x4
  62 0042 07       		.byte	0x7
  63 0043 1A020000 		.4byte	.LASF5
  64 0047 02       		.uleb128 0x2
  65 0048 08       		.byte	0x8
  66 0049 05       		.byte	0x5
  67 004a 8C000000 		.4byte	.LASF6
  68 004e 02       		.uleb128 0x2
  69 004f 08       		.byte	0x8
  70 0050 07       		.byte	0x7
  71 0051 98010000 		.4byte	.LASF7
  72 0055 03       		.uleb128 0x3
  73 0056 04       		.byte	0x4
  74 0057 05       		.byte	0x5
  75 0058 696E7400 		.ascii	"int\000"
  76 005c 02       		.uleb128 0x2
  77 005d 04       		.byte	0x4
  78 005e 07       		.byte	0x7
  79 005f AF010000 		.4byte	.LASF8
  80 0063 02       		.uleb128 0x2
  81 0064 08       		.byte	0x8
  82 0065 04       		.byte	0x4
  83 0066 72010000 		.4byte	.LASF9
  84 006a 04       		.uleb128 0x4
  85 006b 9A000000 		.4byte	.LASF10
  86 006f 01       		.byte	0x1
  87 0070 3F       		.byte	0x3f
  88 0071 1D000000 		.4byte	0x1d
  89 0075 04       		.uleb128 0x4
  90 0076 FD010000 		.4byte	.LASF11
  91 007a 01       		.byte	0x1
  92 007b 52       		.byte	0x52
  93 007c 32000000 		.4byte	0x32
  94 0080 04       		.uleb128 0x4
  95 0081 E1010000 		.4byte	.LASF12
  96 0085 01       		.byte	0x1
  97 0086 53       		.byte	0x53
  98 0087 55000000 		.4byte	0x55
  99 008b 04       		.uleb128 0x4
 100 008c 55000000 		.4byte	.LASF13
 101 0090 01       		.byte	0x1
 102 0091 54       		.byte	0x54
 103 0092 5C000000 		.4byte	0x5c
 104 0096 04       		.uleb128 0x4
 105 0097 0E000000 		.4byte	.LASF14
 106 009b 02       		.byte	0x2
 107 009c 4D       		.byte	0x4d
 108 009d 8B000000 		.4byte	0x8b
 109 00a1 04       		.uleb128 0x4
 110 00a2 4D000000 		.4byte	.LASF15
 111 00a6 02       		.byte	0x2
 112 00a7 4F       		.byte	0x4f
 113 00a8 8B000000 		.4byte	0x8b
 114 00ac 04       		.uleb128 0x4
ARM GAS  C:\Users\DABBIR~1\AppData\Local\Temp\ccIRbdiu.s 			page 3


 115 00ad 2C020000 		.4byte	.LASF16
 116 00b1 02       		.byte	0x2
 117 00b2 54       		.byte	0x54
 118 00b3 96000000 		.4byte	0x96
 119 00b7 04       		.uleb128 0x4
 120 00b8 70000000 		.4byte	.LASF17
 121 00bc 02       		.byte	0x2
 122 00bd 78       		.byte	0x78
 123 00be 80000000 		.4byte	0x80
 124 00c2 05       		.uleb128 0x5
 125 00c3 A2000000 		.4byte	.LASF18
 126 00c7 03       		.byte	0x3
 127 00c8 1101     		.2byte	0x111
 128 00ca 75000000 		.4byte	0x75
 129 00ce 06       		.uleb128 0x6
 130 00cf 77000000 		.4byte	.LASF19
 131 00d3 04       		.byte	0x4
 132 00d4 3A       		.byte	0x3a
 133 00d5 96000000 		.4byte	0x96
 134 00d9 05       		.uleb128 0x5
 135 00da 03       		.byte	0x3
 136 00db 00000000 		.4byte	EE_IRQ_nesting_level
 137 00df 06       		.uleb128 0x6
 138 00e0 C8010000 		.4byte	.LASF20
 139 00e4 04       		.byte	0x4
 140 00e5 3F       		.byte	0x3f
 141 00e6 B7000000 		.4byte	0xb7
 142 00ea 05       		.uleb128 0x5
 143 00eb 03       		.byte	0x3
 144 00ec 00000000 		.4byte	EE_std_endcycle_next_tid
 145 00f0 07       		.uleb128 0x7
 146 00f1 07010000 		.4byte	0x107
 147 00f5 00010000 		.4byte	0x100
 148 00f9 08       		.uleb128 0x8
 149 00fa 00010000 		.4byte	0x100
 150 00fe 03       		.byte	0x3
 151 00ff 00       		.byte	0
 152 0100 02       		.uleb128 0x2
 153 0101 04       		.byte	0x4
 154 0102 07       		.byte	0x7
 155 0103 44000000 		.4byte	.LASF21
 156 0107 09       		.uleb128 0x9
 157 0108 96000000 		.4byte	0x96
 158 010c 0A       		.uleb128 0xa
 159 010d 5F000000 		.4byte	.LASF22
 160 0111 03       		.byte	0x3
 161 0112 B2       		.byte	0xb2
 162 0113 17010000 		.4byte	0x117
 163 0117 09       		.uleb128 0x9
 164 0118 F0000000 		.4byte	0xf0
 165 011c 0A       		.uleb128 0xa
 166 011d 5E020000 		.4byte	.LASF23
 167 0121 03       		.byte	0x3
 168 0122 B3       		.byte	0xb3
 169 0123 27010000 		.4byte	0x127
 170 0127 09       		.uleb128 0x9
 171 0128 F0000000 		.4byte	0xf0
ARM GAS  C:\Users\DABBIR~1\AppData\Local\Temp\ccIRbdiu.s 			page 4


 172 012c 07       		.uleb128 0x7
 173 012d 96000000 		.4byte	0x96
 174 0131 3C010000 		.4byte	0x13c
 175 0135 08       		.uleb128 0x8
 176 0136 00010000 		.4byte	0x100
 177 013a 03       		.byte	0x3
 178 013b 00       		.byte	0
 179 013c 0A       		.uleb128 0xa
 180 013d 51020000 		.4byte	.LASF24
 181 0141 03       		.byte	0x3
 182 0142 CA       		.byte	0xca
 183 0143 2C010000 		.4byte	0x12c
 184 0147 07       		.uleb128 0x7
 185 0148 B7000000 		.4byte	0xb7
 186 014c 57010000 		.4byte	0x157
 187 0150 08       		.uleb128 0x8
 188 0151 00010000 		.4byte	0x100
 189 0155 03       		.byte	0x3
 190 0156 00       		.byte	0
 191 0157 0A       		.uleb128 0xa
 192 0158 AB020000 		.4byte	.LASF25
 193 015c 03       		.byte	0x3
 194 015d D2       		.byte	0xd2
 195 015e 47010000 		.4byte	0x147
 196 0162 0A       		.uleb128 0xa
 197 0163 BC010000 		.4byte	.LASF26
 198 0167 03       		.byte	0x3
 199 0168 DA       		.byte	0xda
 200 0169 2C010000 		.4byte	0x12c
 201 016d 0A       		.uleb128 0xa
 202 016e 38020000 		.4byte	.LASF27
 203 0172 03       		.byte	0x3
 204 0173 E2       		.byte	0xe2
 205 0174 B7000000 		.4byte	0xb7
 206 0178 0A       		.uleb128 0xa
 207 0179 63010000 		.4byte	.LASF28
 208 017d 03       		.byte	0x3
 209 017e F7       		.byte	0xf7
 210 017f 96000000 		.4byte	0x96
 211 0183 0B       		.uleb128 0xb
 212 0184 00000000 		.4byte	.LASF29
 213 0188 03       		.byte	0x3
 214 0189 3F01     		.2byte	0x13f
 215 018b C2000000 		.4byte	0xc2
 216 018f 0B       		.uleb128 0xb
 217 0190 16000000 		.4byte	.LASF30
 218 0194 03       		.byte	0x3
 219 0195 5C01     		.2byte	0x15c
 220 0197 2C010000 		.4byte	0x12c
 221 019b 07       		.uleb128 0x7
 222 019c AC000000 		.4byte	0xac
 223 01a0 AB010000 		.4byte	0x1ab
 224 01a4 08       		.uleb128 0x8
 225 01a5 00010000 		.4byte	0x100
 226 01a9 03       		.byte	0x3
 227 01aa 00       		.byte	0
 228 01ab 0B       		.uleb128 0xb
ARM GAS  C:\Users\DABBIR~1\AppData\Local\Temp\ccIRbdiu.s 			page 5


 229 01ac 29000000 		.4byte	.LASF31
 230 01b0 03       		.byte	0x3
 231 01b1 6701     		.2byte	0x167
 232 01b3 9B010000 		.4byte	0x19b
 233 01b7 0A       		.uleb128 0xa
 234 01b8 44030000 		.4byte	.LASF32
 235 01bc 05       		.byte	0x5
 236 01bd 40       		.byte	0x40
 237 01be 96000000 		.4byte	0x96
 238 01c2 0A       		.uleb128 0xa
 239 01c3 3C010000 		.4byte	.LASF33
 240 01c7 05       		.byte	0x5
 241 01c8 47       		.byte	0x47
 242 01c9 A1000000 		.4byte	0xa1
 243 01cd 0A       		.uleb128 0xa
 244 01ce 07020000 		.4byte	.LASF34
 245 01d2 05       		.byte	0x5
 246 01d3 4A       		.byte	0x4a
 247 01d4 96000000 		.4byte	0x96
 248 01d8 07       		.uleb128 0x7
 249 01d9 E8010000 		.4byte	0x1e8
 250 01dd E8010000 		.4byte	0x1e8
 251 01e1 08       		.uleb128 0x8
 252 01e2 00010000 		.4byte	0x100
 253 01e6 FF       		.byte	0xff
 254 01e7 00       		.byte	0
 255 01e8 09       		.uleb128 0x9
 256 01e9 6A000000 		.4byte	0x6a
 257 01ed 0B       		.uleb128 0xb
 258 01ee 44020000 		.4byte	.LASF35
 259 01f2 06       		.byte	0x6
 260 01f3 AB01     		.2byte	0x1ab
 261 01f5 F9010000 		.4byte	0x1f9
 262 01f9 09       		.uleb128 0x9
 263 01fa D8010000 		.4byte	0x1d8
 264 01fe 0B       		.uleb128 0xb
 265 01ff 55010000 		.4byte	.LASF36
 266 0203 06       		.byte	0x6
 267 0204 1602     		.2byte	0x216
 268 0206 96000000 		.4byte	0x96
 269 020a 00       		.byte	0
 270              		.section	.debug_abbrev,"",%progbits
 271              	.Ldebug_abbrev0:
 272 0000 01       		.uleb128 0x1
 273 0001 11       		.uleb128 0x11
 274 0002 01       		.byte	0x1
 275 0003 25       		.uleb128 0x25
 276 0004 0E       		.uleb128 0xe
 277 0005 13       		.uleb128 0x13
 278 0006 0B       		.uleb128 0xb
 279 0007 03       		.uleb128 0x3
 280 0008 0E       		.uleb128 0xe
 281 0009 1B       		.uleb128 0x1b
 282 000a 0E       		.uleb128 0xe
 283 000b 10       		.uleb128 0x10
 284 000c 17       		.uleb128 0x17
 285 000d 00       		.byte	0
ARM GAS  C:\Users\DABBIR~1\AppData\Local\Temp\ccIRbdiu.s 			page 6


 286 000e 00       		.byte	0
 287 000f 02       		.uleb128 0x2
 288 0010 24       		.uleb128 0x24
 289 0011 00       		.byte	0
 290 0012 0B       		.uleb128 0xb
 291 0013 0B       		.uleb128 0xb
 292 0014 3E       		.uleb128 0x3e
 293 0015 0B       		.uleb128 0xb
 294 0016 03       		.uleb128 0x3
 295 0017 0E       		.uleb128 0xe
 296 0018 00       		.byte	0
 297 0019 00       		.byte	0
 298 001a 03       		.uleb128 0x3
 299 001b 24       		.uleb128 0x24
 300 001c 00       		.byte	0
 301 001d 0B       		.uleb128 0xb
 302 001e 0B       		.uleb128 0xb
 303 001f 3E       		.uleb128 0x3e
 304 0020 0B       		.uleb128 0xb
 305 0021 03       		.uleb128 0x3
 306 0022 08       		.uleb128 0x8
 307 0023 00       		.byte	0
 308 0024 00       		.byte	0
 309 0025 04       		.uleb128 0x4
 310 0026 16       		.uleb128 0x16
 311 0027 00       		.byte	0
 312 0028 03       		.uleb128 0x3
 313 0029 0E       		.uleb128 0xe
 314 002a 3A       		.uleb128 0x3a
 315 002b 0B       		.uleb128 0xb
 316 002c 3B       		.uleb128 0x3b
 317 002d 0B       		.uleb128 0xb
 318 002e 49       		.uleb128 0x49
 319 002f 13       		.uleb128 0x13
 320 0030 00       		.byte	0
 321 0031 00       		.byte	0
 322 0032 05       		.uleb128 0x5
 323 0033 16       		.uleb128 0x16
 324 0034 00       		.byte	0
 325 0035 03       		.uleb128 0x3
 326 0036 0E       		.uleb128 0xe
 327 0037 3A       		.uleb128 0x3a
 328 0038 0B       		.uleb128 0xb
 329 0039 3B       		.uleb128 0x3b
 330 003a 05       		.uleb128 0x5
 331 003b 49       		.uleb128 0x49
 332 003c 13       		.uleb128 0x13
 333 003d 00       		.byte	0
 334 003e 00       		.byte	0
 335 003f 06       		.uleb128 0x6
 336 0040 34       		.uleb128 0x34
 337 0041 00       		.byte	0
 338 0042 03       		.uleb128 0x3
 339 0043 0E       		.uleb128 0xe
 340 0044 3A       		.uleb128 0x3a
 341 0045 0B       		.uleb128 0xb
 342 0046 3B       		.uleb128 0x3b
ARM GAS  C:\Users\DABBIR~1\AppData\Local\Temp\ccIRbdiu.s 			page 7


 343 0047 0B       		.uleb128 0xb
 344 0048 49       		.uleb128 0x49
 345 0049 13       		.uleb128 0x13
 346 004a 3F       		.uleb128 0x3f
 347 004b 19       		.uleb128 0x19
 348 004c 02       		.uleb128 0x2
 349 004d 18       		.uleb128 0x18
 350 004e 00       		.byte	0
 351 004f 00       		.byte	0
 352 0050 07       		.uleb128 0x7
 353 0051 01       		.uleb128 0x1
 354 0052 01       		.byte	0x1
 355 0053 49       		.uleb128 0x49
 356 0054 13       		.uleb128 0x13
 357 0055 01       		.uleb128 0x1
 358 0056 13       		.uleb128 0x13
 359 0057 00       		.byte	0
 360 0058 00       		.byte	0
 361 0059 08       		.uleb128 0x8
 362 005a 21       		.uleb128 0x21
 363 005b 00       		.byte	0
 364 005c 49       		.uleb128 0x49
 365 005d 13       		.uleb128 0x13
 366 005e 2F       		.uleb128 0x2f
 367 005f 0B       		.uleb128 0xb
 368 0060 00       		.byte	0
 369 0061 00       		.byte	0
 370 0062 09       		.uleb128 0x9
 371 0063 26       		.uleb128 0x26
 372 0064 00       		.byte	0
 373 0065 49       		.uleb128 0x49
 374 0066 13       		.uleb128 0x13
 375 0067 00       		.byte	0
 376 0068 00       		.byte	0
 377 0069 0A       		.uleb128 0xa
 378 006a 34       		.uleb128 0x34
 379 006b 00       		.byte	0
 380 006c 03       		.uleb128 0x3
 381 006d 0E       		.uleb128 0xe
 382 006e 3A       		.uleb128 0x3a
 383 006f 0B       		.uleb128 0xb
 384 0070 3B       		.uleb128 0x3b
 385 0071 0B       		.uleb128 0xb
 386 0072 49       		.uleb128 0x49
 387 0073 13       		.uleb128 0x13
 388 0074 3F       		.uleb128 0x3f
 389 0075 19       		.uleb128 0x19
 390 0076 3C       		.uleb128 0x3c
 391 0077 19       		.uleb128 0x19
 392 0078 00       		.byte	0
 393 0079 00       		.byte	0
 394 007a 0B       		.uleb128 0xb
 395 007b 34       		.uleb128 0x34
 396 007c 00       		.byte	0
 397 007d 03       		.uleb128 0x3
 398 007e 0E       		.uleb128 0xe
 399 007f 3A       		.uleb128 0x3a
ARM GAS  C:\Users\DABBIR~1\AppData\Local\Temp\ccIRbdiu.s 			page 8


 400 0080 0B       		.uleb128 0xb
 401 0081 3B       		.uleb128 0x3b
 402 0082 05       		.uleb128 0x5
 403 0083 49       		.uleb128 0x49
 404 0084 13       		.uleb128 0x13
 405 0085 3F       		.uleb128 0x3f
 406 0086 19       		.uleb128 0x19
 407 0087 3C       		.uleb128 0x3c
 408 0088 19       		.uleb128 0x19
 409 0089 00       		.byte	0
 410 008a 00       		.byte	0
 411 008b 00       		.byte	0
 412              		.section	.debug_aranges,"",%progbits
 413 0000 14000000 		.4byte	0x14
 414 0004 0200     		.2byte	0x2
 415 0006 00000000 		.4byte	.Ldebug_info0
 416 000a 04       		.byte	0x4
 417 000b 00       		.byte	0
 418 000c 0000     		.2byte	0
 419 000e 0000     		.2byte	0
 420 0010 00000000 		.4byte	0
 421 0014 00000000 		.4byte	0
 422              		.section	.debug_line,"",%progbits
 423              	.Ldebug_line0:
 424 0000 F5000000 		.section	.debug_str,"MS",%progbits,1
 424      0200EF00 
 424      00000201 
 424      FB0E0D00 
 424      01010101 
 425              	.LASF29:
 426 0000 45455F72 		.ascii	"EE_rq_bitmask\000"
 426      715F6269 
 426      746D6173 
 426      6B00
 427              	.LASF14:
 428 000e 45455F55 		.ascii	"EE_UREG\000"
 428      52454700 
 429              	.LASF30:
 430 0016 45455F74 		.ascii	"EE_th_event_active\000"
 430      685F6576 
 430      656E745F 
 430      61637469 
 430      766500
 431              	.LASF31:
 432 0029 45455F74 		.ascii	"EE_th_waswaiting\000"
 432      685F7761 
 432      73776169 
 432      74696E67 
 432      00
 433              	.LASF2:
 434 003a 73686F72 		.ascii	"short int\000"
 434      7420696E 
 434      7400
 435              	.LASF21:
 436 0044 73697A65 		.ascii	"sizetype\000"
 436      74797065 
 436      00
ARM GAS  C:\Users\DABBIR~1\AppData\Local\Temp\ccIRbdiu.s 			page 9


 437              	.LASF15:
 438 004d 45455F46 		.ascii	"EE_FREG\000"
 438      52454700 
 439              	.LASF13:
 440 0055 45455F55 		.ascii	"EE_UINT32\000"
 440      494E5433 
 440      3200
 441              	.LASF22:
 442 005f 45455F74 		.ascii	"EE_th_ready_prio\000"
 442      685F7265 
 442      6164795F 
 442      7072696F 
 442      00
 443              	.LASF17:
 444 0070 45455F54 		.ascii	"EE_TID\000"
 444      494400
 445              	.LASF19:
 446 0077 45455F49 		.ascii	"EE_IRQ_nesting_level\000"
 446      52515F6E 
 446      65737469 
 446      6E675F6C 
 446      6576656C 
 447              	.LASF6:
 448 008c 6C6F6E67 		.ascii	"long long int\000"
 448      206C6F6E 
 448      6720696E 
 448      7400
 449              	.LASF10:
 450 009a 45455F49 		.ascii	"EE_INT8\000"
 450      4E543800 
 451              	.LASF18:
 452 00a2 45455F54 		.ascii	"EE_TYPE_RQ_MASK\000"
 452      5950455F 
 452      52515F4D 
 452      41534B00 
 453              	.LASF39:
 454 00b2 433A5C4D 		.ascii	"C:\\My_Files\\College_Documents\\AMA EOS\\EOS\\LAB\\"
 454      795F4669 
 454      6C65735C 
 454      436F6C6C 
 454      6567655F 
 455 00e0 4C41425F 		.ascii	"LAB_2_Submission\\Json Parser\\code\\w06_criticalRe"
 455      325F5375 
 455      626D6973 
 455      73696F6E 
 455      5C4A736F 
 456 0110 67696F6E 		.ascii	"gion.cydsn\\Lab2_JSONParser01.cydsn\000"
 456      2E637964 
 456      736E5C4C 
 456      6162325F 
 456      4A534F4E 
 457              	.LASF4:
 458 0133 6C6F6E67 		.ascii	"long int\000"
 458      20696E74 
 458      00
 459              	.LASF33:
 460 013c 45455F6F 		.ascii	"EE_oo_IRQ_suspend_status\000"
ARM GAS  C:\Users\DABBIR~1\AppData\Local\Temp\ccIRbdiu.s 			page 10


 460      6F5F4952 
 460      515F7375 
 460      7370656E 
 460      645F7374 
 461              	.LASF36:
 462 0155 45455F69 		.ascii	"EE_isr2_index\000"
 462      7372325F 
 462      696E6465 
 462      7800
 463              	.LASF28:
 464 0163 45455F73 		.ascii	"EE_sys_ceiling\000"
 464      79735F63 
 464      65696C69 
 464      6E6700
 465              	.LASF9:
 466 0172 6C6F6E67 		.ascii	"long double\000"
 466      20646F75 
 466      626C6500 
 467              	.LASF1:
 468 017e 756E7369 		.ascii	"unsigned char\000"
 468      676E6564 
 468      20636861 
 468      7200
 469              	.LASF0:
 470 018c 7369676E 		.ascii	"signed char\000"
 470      65642063 
 470      68617200 
 471              	.LASF7:
 472 0198 6C6F6E67 		.ascii	"long long unsigned int\000"
 472      206C6F6E 
 472      6720756E 
 472      7369676E 
 472      65642069 
 473              	.LASF8:
 474 01af 756E7369 		.ascii	"unsigned int\000"
 474      676E6564 
 474      20696E74 
 474      00
 475              	.LASF26:
 476 01bc 45455F74 		.ascii	"EE_th_rnact\000"
 476      685F726E 
 476      61637400 
 477              	.LASF20:
 478 01c8 45455F73 		.ascii	"EE_std_endcycle_next_tid\000"
 478      74645F65 
 478      6E646379 
 478      636C655F 
 478      6E657874 
 479              	.LASF12:
 480 01e1 45455F49 		.ascii	"EE_INT32\000"
 480      4E543332 
 480      00
 481              	.LASF3:
 482 01ea 73686F72 		.ascii	"short unsigned int\000"
 482      7420756E 
 482      7369676E 
 482      65642069 
ARM GAS  C:\Users\DABBIR~1\AppData\Local\Temp\ccIRbdiu.s 			page 11


 482      6E7400
 483              	.LASF11:
 484 01fd 45455F55 		.ascii	"EE_UINT16\000"
 484      494E5431 
 484      3600
 485              	.LASF34:
 486 0207 45455F41 		.ascii	"EE_ApplicationMode\000"
 486      70706C69 
 486      63617469 
 486      6F6E4D6F 
 486      646500
 487              	.LASF5:
 488 021a 6C6F6E67 		.ascii	"long unsigned int\000"
 488      20756E73 
 488      69676E65 
 488      6420696E 
 488      7400
 489              	.LASF16:
 490 022c 45455F54 		.ascii	"EE_TYPEBOOL\000"
 490      59504542 
 490      4F4F4C00 
 491              	.LASF27:
 492 0238 45455F73 		.ascii	"EE_stkfirst\000"
 492      746B6669 
 492      72737400 
 493              	.LASF35:
 494 0244 45455F72 		.ascii	"EE_rq_lookup\000"
 494      715F6C6F 
 494      6F6B7570 
 494      00
 495              	.LASF24:
 496 0251 45455F74 		.ascii	"EE_th_status\000"
 496      685F7374 
 496      61747573 
 496      00
 497              	.LASF23:
 498 025e 45455F74 		.ascii	"EE_th_dispatch_prio\000"
 498      685F6469 
 498      73706174 
 498      63685F70 
 498      72696F00 
 499              	.LASF38:
 500 0272 47656E65 		.ascii	"Generated_Source\\PSoC5\\ErikaOS_1_common_ee_hal_st"
 500      72617465 
 500      645F536F 
 500      75726365 
 500      5C50536F 
 501 02a3 72756374 		.ascii	"ructs.c\000"
 501      732E6300 
 502              	.LASF25:
 503 02ab 45455F74 		.ascii	"EE_th_next\000"
 503      685F6E65 
 503      787400
 504              	.LASF37:
 505 02b6 474E5520 		.ascii	"GNU C11 5.4.1 20160609 (release) [ARM/embedded-5-br"
 505      43313120 
 505      352E342E 
ARM GAS  C:\Users\DABBIR~1\AppData\Local\Temp\ccIRbdiu.s 			page 12


 505      31203230 
 505      31363036 
 506 02e9 616E6368 		.ascii	"anch revision 237715] -mcpu=cortex-m3 -mthumb -g -O"
 506      20726576 
 506      6973696F 
 506      6E203233 
 506      37373135 
 507 031c 67202D66 		.ascii	"g -ffunction-sections -ffat-lto-objects\000"
 507      66756E63 
 507      74696F6E 
 507      2D736563 
 507      74696F6E 
 508              	.LASF32:
 509 0344 45455F6F 		.ascii	"EE_oo_IRQ_disable_count\000"
 509      6F5F4952 
 509      515F6469 
 509      7361626C 
 509      655F636F 
 510              		.ident	"GCC: (GNU Tools for ARM Embedded Processors) 5.4.1 20160609 (release) [ARM/embedded-5-bran
