ARM GAS  C:\Users\DABBIR~1\AppData\Local\Temp\ccyOTwRi.s 			page 1


   1              		.syntax unified
   2              		.cpu cortex-m3
   3              		.fpu softvfp
   4              		.eabi_attribute 20, 1
   5              		.eabi_attribute 21, 1
   6              		.eabi_attribute 23, 3
   7              		.eabi_attribute 24, 1
   8              		.eabi_attribute 25, 1
   9              		.eabi_attribute 26, 1
  10              		.eabi_attribute 30, 1
  11              		.eabi_attribute 34, 1
  12              		.eabi_attribute 18, 4
  13              		.thumb
  14              		.syntax unified
  15              		.file	"ErikaOS_1_cortex_mx_ee_system_timer.c"
  16              		.text
  17              	.Ltext0:
  18              		.cfi_sections	.debug_frame
  19              	.Letext0:
  20              		.file 1 "Generated_Source\\PSoC5/ErikaOS_1_common_ee_types.inc"
  21              		.file 2 "Generated_Source\\PSoC5/ErikaOS_1_cortex_mx_ee_cpu.inc"
  22              		.file 3 "Generated_Source\\PSoC5/ErikaOS_1_ee_oo_common.inc"
  23              		.file 4 "Generated_Source\\PSoC5/ErikaOS_1_ee_oo_intfunc.inc"
  24              		.file 5 "Generated_Source\\PSoC5/ErikaOS_1_cortex_mx_ee_context.inc"
  25              		.file 6 "Generated_Source\\PSoC5/ErikaOS_1_common_ee_primitives.inc"
  26              		.file 7 "Generated_Source\\PSoC5/ErikaOS_1_ee_oo_internal.inc"
  27              		.section	.debug_info,"",%progbits
  28              	.Ldebug_info0:
  29 0000 FB010000 		.4byte	0x1fb
  30 0004 0400     		.2byte	0x4
  31 0006 00000000 		.4byte	.Ldebug_abbrev0
  32 000a 04       		.byte	0x4
  33 000b 01       		.uleb128 0x1
  34 000c BA020000 		.4byte	.LASF37
  35 0010 0C       		.byte	0xc
  36 0011 7E010000 		.4byte	.LASF38
  37 0015 BE000000 		.4byte	.LASF39
  38 0019 00000000 		.4byte	.Ldebug_line0
  39 001d 02       		.uleb128 0x2
  40 001e 01       		.byte	0x1
  41 001f 06       		.byte	0x6
  42 0020 C9010000 		.4byte	.LASF0
  43 0024 02       		.uleb128 0x2
  44 0025 01       		.byte	0x1
  45 0026 08       		.byte	0x8
  46 0027 BB010000 		.4byte	.LASF1
  47 002b 02       		.uleb128 0x2
  48 002c 02       		.byte	0x2
  49 002d 05       		.byte	0x5
  50 002e 3A000000 		.4byte	.LASF2
  51 0032 02       		.uleb128 0x2
  52 0033 02       		.byte	0x2
  53 0034 07       		.byte	0x7
  54 0035 27020000 		.4byte	.LASF3
  55 0039 02       		.uleb128 0x2
  56 003a 04       		.byte	0x4
  57 003b 05       		.byte	0x5
ARM GAS  C:\Users\DABBIR~1\AppData\Local\Temp\ccyOTwRi.s 			page 2


  58 003c 3F010000 		.4byte	.LASF4
  59 0040 02       		.uleb128 0x2
  60 0041 04       		.byte	0x4
  61 0042 07       		.byte	0x7
  62 0043 57020000 		.4byte	.LASF5
  63 0047 02       		.uleb128 0x2
  64 0048 08       		.byte	0x8
  65 0049 05       		.byte	0x5
  66 004a 98000000 		.4byte	.LASF6
  67 004e 02       		.uleb128 0x2
  68 004f 08       		.byte	0x8
  69 0050 07       		.byte	0x7
  70 0051 D5010000 		.4byte	.LASF7
  71 0055 03       		.uleb128 0x3
  72 0056 04       		.byte	0x4
  73 0057 05       		.byte	0x5
  74 0058 696E7400 		.ascii	"int\000"
  75 005c 02       		.uleb128 0x2
  76 005d 04       		.byte	0x4
  77 005e 07       		.byte	0x7
  78 005f EC010000 		.4byte	.LASF8
  79 0063 02       		.uleb128 0x2
  80 0064 08       		.byte	0x8
  81 0065 04       		.byte	0x4
  82 0066 8C000000 		.4byte	.LASF9
  83 006a 04       		.uleb128 0x4
  84 006b A6000000 		.4byte	.LASF10
  85 006f 01       		.byte	0x1
  86 0070 3F       		.byte	0x3f
  87 0071 1D000000 		.4byte	0x1d
  88 0075 04       		.uleb128 0x4
  89 0076 3A020000 		.4byte	.LASF11
  90 007a 01       		.byte	0x1
  91 007b 52       		.byte	0x52
  92 007c 32000000 		.4byte	0x32
  93 0080 04       		.uleb128 0x4
  94 0081 1E020000 		.4byte	.LASF12
  95 0085 01       		.byte	0x1
  96 0086 53       		.byte	0x53
  97 0087 55000000 		.4byte	0x55
  98 008b 04       		.uleb128 0x4
  99 008c 55000000 		.4byte	.LASF13
 100 0090 01       		.byte	0x1
 101 0091 54       		.byte	0x54
 102 0092 5C000000 		.4byte	0x5c
 103 0096 04       		.uleb128 0x4
 104 0097 0E000000 		.4byte	.LASF14
 105 009b 02       		.byte	0x2
 106 009c 4D       		.byte	0x4d
 107 009d 8B000000 		.4byte	0x8b
 108 00a1 04       		.uleb128 0x4
 109 00a2 4D000000 		.4byte	.LASF15
 110 00a6 02       		.byte	0x2
 111 00a7 4F       		.byte	0x4f
 112 00a8 8B000000 		.4byte	0x8b
 113 00ac 04       		.uleb128 0x4
 114 00ad 69020000 		.4byte	.LASF16
ARM GAS  C:\Users\DABBIR~1\AppData\Local\Temp\ccyOTwRi.s 			page 3


 115 00b1 02       		.byte	0x2
 116 00b2 54       		.byte	0x54
 117 00b3 96000000 		.4byte	0x96
 118 00b7 04       		.uleb128 0x4
 119 00b8 70000000 		.4byte	.LASF17
 120 00bc 02       		.byte	0x2
 121 00bd 78       		.byte	0x78
 122 00be 80000000 		.4byte	0x80
 123 00c2 05       		.uleb128 0x5
 124 00c3 AE000000 		.4byte	.LASF18
 125 00c7 03       		.byte	0x3
 126 00c8 1101     		.2byte	0x111
 127 00ca 75000000 		.4byte	0x75
 128 00ce 06       		.uleb128 0x6
 129 00cf E5000000 		.4byte	0xe5
 130 00d3 DE000000 		.4byte	0xde
 131 00d7 07       		.uleb128 0x7
 132 00d8 DE000000 		.4byte	0xde
 133 00dc 03       		.byte	0x3
 134 00dd 00       		.byte	0
 135 00de 02       		.uleb128 0x2
 136 00df 04       		.byte	0x4
 137 00e0 07       		.byte	0x7
 138 00e1 44000000 		.4byte	.LASF19
 139 00e5 08       		.uleb128 0x8
 140 00e6 96000000 		.4byte	0x96
 141 00ea 09       		.uleb128 0x9
 142 00eb 5F000000 		.4byte	.LASF20
 143 00ef 03       		.byte	0x3
 144 00f0 B2       		.byte	0xb2
 145 00f1 F5000000 		.4byte	0xf5
 146 00f5 08       		.uleb128 0x8
 147 00f6 CE000000 		.4byte	0xce
 148 00fa 09       		.uleb128 0x9
 149 00fb 9B020000 		.4byte	.LASF21
 150 00ff 03       		.byte	0x3
 151 0100 B3       		.byte	0xb3
 152 0101 05010000 		.4byte	0x105
 153 0105 08       		.uleb128 0x8
 154 0106 CE000000 		.4byte	0xce
 155 010a 06       		.uleb128 0x6
 156 010b 96000000 		.4byte	0x96
 157 010f 1A010000 		.4byte	0x11a
 158 0113 07       		.uleb128 0x7
 159 0114 DE000000 		.4byte	0xde
 160 0118 03       		.byte	0x3
 161 0119 00       		.byte	0
 162 011a 09       		.uleb128 0x9
 163 011b 8E020000 		.4byte	.LASF22
 164 011f 03       		.byte	0x3
 165 0120 CA       		.byte	0xca
 166 0121 0A010000 		.4byte	0x10a
 167 0125 06       		.uleb128 0x6
 168 0126 B7000000 		.4byte	0xb7
 169 012a 35010000 		.4byte	0x135
 170 012e 07       		.uleb128 0x7
 171 012f DE000000 		.4byte	0xde
ARM GAS  C:\Users\DABBIR~1\AppData\Local\Temp\ccyOTwRi.s 			page 4


 172 0133 03       		.byte	0x3
 173 0134 00       		.byte	0
 174 0135 09       		.uleb128 0x9
 175 0136 AF020000 		.4byte	.LASF23
 176 013a 03       		.byte	0x3
 177 013b D2       		.byte	0xd2
 178 013c 25010000 		.4byte	0x125
 179 0140 09       		.uleb128 0x9
 180 0141 F9010000 		.4byte	.LASF24
 181 0145 03       		.byte	0x3
 182 0146 DA       		.byte	0xda
 183 0147 0A010000 		.4byte	0x10a
 184 014b 09       		.uleb128 0x9
 185 014c 75020000 		.4byte	.LASF25
 186 0150 03       		.byte	0x3
 187 0151 E2       		.byte	0xe2
 188 0152 B7000000 		.4byte	0xb7
 189 0156 09       		.uleb128 0x9
 190 0157 6F010000 		.4byte	.LASF26
 191 015b 03       		.byte	0x3
 192 015c F7       		.byte	0xf7
 193 015d 96000000 		.4byte	0x96
 194 0161 0A       		.uleb128 0xa
 195 0162 00000000 		.4byte	.LASF27
 196 0166 03       		.byte	0x3
 197 0167 3F01     		.2byte	0x13f
 198 0169 C2000000 		.4byte	0xc2
 199 016d 0A       		.uleb128 0xa
 200 016e 16000000 		.4byte	.LASF28
 201 0172 03       		.byte	0x3
 202 0173 5C01     		.2byte	0x15c
 203 0175 0A010000 		.4byte	0x10a
 204 0179 06       		.uleb128 0x6
 205 017a AC000000 		.4byte	0xac
 206 017e 89010000 		.4byte	0x189
 207 0182 07       		.uleb128 0x7
 208 0183 DE000000 		.4byte	0xde
 209 0187 03       		.byte	0x3
 210 0188 00       		.byte	0
 211 0189 0A       		.uleb128 0xa
 212 018a 29000000 		.4byte	.LASF29
 213 018e 03       		.byte	0x3
 214 018f 6701     		.2byte	0x167
 215 0191 79010000 		.4byte	0x179
 216 0195 09       		.uleb128 0x9
 217 0196 48030000 		.4byte	.LASF30
 218 019a 04       		.byte	0x4
 219 019b 40       		.byte	0x40
 220 019c 96000000 		.4byte	0x96
 221 01a0 09       		.uleb128 0x9
 222 01a1 48010000 		.4byte	.LASF31
 223 01a5 04       		.byte	0x4
 224 01a6 47       		.byte	0x47
 225 01a7 A1000000 		.4byte	0xa1
 226 01ab 09       		.uleb128 0x9
 227 01ac 44020000 		.4byte	.LASF32
 228 01b0 04       		.byte	0x4
ARM GAS  C:\Users\DABBIR~1\AppData\Local\Temp\ccyOTwRi.s 			page 5


 229 01b1 4A       		.byte	0x4a
 230 01b2 96000000 		.4byte	0x96
 231 01b6 09       		.uleb128 0x9
 232 01b7 05020000 		.4byte	.LASF33
 233 01bb 05       		.byte	0x5
 234 01bc 48       		.byte	0x48
 235 01bd B7000000 		.4byte	0xb7
 236 01c1 09       		.uleb128 0x9
 237 01c2 77000000 		.4byte	.LASF34
 238 01c6 06       		.byte	0x6
 239 01c7 44       		.byte	0x44
 240 01c8 96000000 		.4byte	0x96
 241 01cc 06       		.uleb128 0x6
 242 01cd DC010000 		.4byte	0x1dc
 243 01d1 DC010000 		.4byte	0x1dc
 244 01d5 07       		.uleb128 0x7
 245 01d6 DE000000 		.4byte	0xde
 246 01da FF       		.byte	0xff
 247 01db 00       		.byte	0
 248 01dc 08       		.uleb128 0x8
 249 01dd 6A000000 		.4byte	0x6a
 250 01e1 0A       		.uleb128 0xa
 251 01e2 81020000 		.4byte	.LASF35
 252 01e6 07       		.byte	0x7
 253 01e7 AB01     		.2byte	0x1ab
 254 01e9 ED010000 		.4byte	0x1ed
 255 01ed 08       		.uleb128 0x8
 256 01ee CC010000 		.4byte	0x1cc
 257 01f2 0A       		.uleb128 0xa
 258 01f3 61010000 		.4byte	.LASF36
 259 01f7 07       		.byte	0x7
 260 01f8 1602     		.2byte	0x216
 261 01fa 96000000 		.4byte	0x96
 262 01fe 00       		.byte	0
 263              		.section	.debug_abbrev,"",%progbits
 264              	.Ldebug_abbrev0:
 265 0000 01       		.uleb128 0x1
 266 0001 11       		.uleb128 0x11
 267 0002 01       		.byte	0x1
 268 0003 25       		.uleb128 0x25
 269 0004 0E       		.uleb128 0xe
 270 0005 13       		.uleb128 0x13
 271 0006 0B       		.uleb128 0xb
 272 0007 03       		.uleb128 0x3
 273 0008 0E       		.uleb128 0xe
 274 0009 1B       		.uleb128 0x1b
 275 000a 0E       		.uleb128 0xe
 276 000b 10       		.uleb128 0x10
 277 000c 17       		.uleb128 0x17
 278 000d 00       		.byte	0
 279 000e 00       		.byte	0
 280 000f 02       		.uleb128 0x2
 281 0010 24       		.uleb128 0x24
 282 0011 00       		.byte	0
 283 0012 0B       		.uleb128 0xb
 284 0013 0B       		.uleb128 0xb
 285 0014 3E       		.uleb128 0x3e
ARM GAS  C:\Users\DABBIR~1\AppData\Local\Temp\ccyOTwRi.s 			page 6


 286 0015 0B       		.uleb128 0xb
 287 0016 03       		.uleb128 0x3
 288 0017 0E       		.uleb128 0xe
 289 0018 00       		.byte	0
 290 0019 00       		.byte	0
 291 001a 03       		.uleb128 0x3
 292 001b 24       		.uleb128 0x24
 293 001c 00       		.byte	0
 294 001d 0B       		.uleb128 0xb
 295 001e 0B       		.uleb128 0xb
 296 001f 3E       		.uleb128 0x3e
 297 0020 0B       		.uleb128 0xb
 298 0021 03       		.uleb128 0x3
 299 0022 08       		.uleb128 0x8
 300 0023 00       		.byte	0
 301 0024 00       		.byte	0
 302 0025 04       		.uleb128 0x4
 303 0026 16       		.uleb128 0x16
 304 0027 00       		.byte	0
 305 0028 03       		.uleb128 0x3
 306 0029 0E       		.uleb128 0xe
 307 002a 3A       		.uleb128 0x3a
 308 002b 0B       		.uleb128 0xb
 309 002c 3B       		.uleb128 0x3b
 310 002d 0B       		.uleb128 0xb
 311 002e 49       		.uleb128 0x49
 312 002f 13       		.uleb128 0x13
 313 0030 00       		.byte	0
 314 0031 00       		.byte	0
 315 0032 05       		.uleb128 0x5
 316 0033 16       		.uleb128 0x16
 317 0034 00       		.byte	0
 318 0035 03       		.uleb128 0x3
 319 0036 0E       		.uleb128 0xe
 320 0037 3A       		.uleb128 0x3a
 321 0038 0B       		.uleb128 0xb
 322 0039 3B       		.uleb128 0x3b
 323 003a 05       		.uleb128 0x5
 324 003b 49       		.uleb128 0x49
 325 003c 13       		.uleb128 0x13
 326 003d 00       		.byte	0
 327 003e 00       		.byte	0
 328 003f 06       		.uleb128 0x6
 329 0040 01       		.uleb128 0x1
 330 0041 01       		.byte	0x1
 331 0042 49       		.uleb128 0x49
 332 0043 13       		.uleb128 0x13
 333 0044 01       		.uleb128 0x1
 334 0045 13       		.uleb128 0x13
 335 0046 00       		.byte	0
 336 0047 00       		.byte	0
 337 0048 07       		.uleb128 0x7
 338 0049 21       		.uleb128 0x21
 339 004a 00       		.byte	0
 340 004b 49       		.uleb128 0x49
 341 004c 13       		.uleb128 0x13
 342 004d 2F       		.uleb128 0x2f
ARM GAS  C:\Users\DABBIR~1\AppData\Local\Temp\ccyOTwRi.s 			page 7


 343 004e 0B       		.uleb128 0xb
 344 004f 00       		.byte	0
 345 0050 00       		.byte	0
 346 0051 08       		.uleb128 0x8
 347 0052 26       		.uleb128 0x26
 348 0053 00       		.byte	0
 349 0054 49       		.uleb128 0x49
 350 0055 13       		.uleb128 0x13
 351 0056 00       		.byte	0
 352 0057 00       		.byte	0
 353 0058 09       		.uleb128 0x9
 354 0059 34       		.uleb128 0x34
 355 005a 00       		.byte	0
 356 005b 03       		.uleb128 0x3
 357 005c 0E       		.uleb128 0xe
 358 005d 3A       		.uleb128 0x3a
 359 005e 0B       		.uleb128 0xb
 360 005f 3B       		.uleb128 0x3b
 361 0060 0B       		.uleb128 0xb
 362 0061 49       		.uleb128 0x49
 363 0062 13       		.uleb128 0x13
 364 0063 3F       		.uleb128 0x3f
 365 0064 19       		.uleb128 0x19
 366 0065 3C       		.uleb128 0x3c
 367 0066 19       		.uleb128 0x19
 368 0067 00       		.byte	0
 369 0068 00       		.byte	0
 370 0069 0A       		.uleb128 0xa
 371 006a 34       		.uleb128 0x34
 372 006b 00       		.byte	0
 373 006c 03       		.uleb128 0x3
 374 006d 0E       		.uleb128 0xe
 375 006e 3A       		.uleb128 0x3a
 376 006f 0B       		.uleb128 0xb
 377 0070 3B       		.uleb128 0x3b
 378 0071 05       		.uleb128 0x5
 379 0072 49       		.uleb128 0x49
 380 0073 13       		.uleb128 0x13
 381 0074 3F       		.uleb128 0x3f
 382 0075 19       		.uleb128 0x19
 383 0076 3C       		.uleb128 0x3c
 384 0077 19       		.uleb128 0x19
 385 0078 00       		.byte	0
 386 0079 00       		.byte	0
 387 007a 00       		.byte	0
 388              		.section	.debug_aranges,"",%progbits
 389 0000 14000000 		.4byte	0x14
 390 0004 0200     		.2byte	0x2
 391 0006 00000000 		.4byte	.Ldebug_info0
 392 000a 04       		.byte	0x4
 393 000b 00       		.byte	0
 394 000c 0000     		.2byte	0
 395 000e 0000     		.2byte	0
 396 0010 00000000 		.4byte	0
 397 0014 00000000 		.4byte	0
 398              		.section	.debug_line,"",%progbits
 399              	.Ldebug_line0:
ARM GAS  C:\Users\DABBIR~1\AppData\Local\Temp\ccyOTwRi.s 			page 8


 400 0000 1C010000 		.section	.debug_str,"MS",%progbits,1
 400      02001601 
 400      00000201 
 400      FB0E0D00 
 400      01010101 
 401              	.LASF27:
 402 0000 45455F72 		.ascii	"EE_rq_bitmask\000"
 402      715F6269 
 402      746D6173 
 402      6B00
 403              	.LASF14:
 404 000e 45455F55 		.ascii	"EE_UREG\000"
 404      52454700 
 405              	.LASF28:
 406 0016 45455F74 		.ascii	"EE_th_event_active\000"
 406      685F6576 
 406      656E745F 
 406      61637469 
 406      766500
 407              	.LASF29:
 408 0029 45455F74 		.ascii	"EE_th_waswaiting\000"
 408      685F7761 
 408      73776169 
 408      74696E67 
 408      00
 409              	.LASF2:
 410 003a 73686F72 		.ascii	"short int\000"
 410      7420696E 
 410      7400
 411              	.LASF19:
 412 0044 73697A65 		.ascii	"sizetype\000"
 412      74797065 
 412      00
 413              	.LASF15:
 414 004d 45455F46 		.ascii	"EE_FREG\000"
 414      52454700 
 415              	.LASF13:
 416 0055 45455F55 		.ascii	"EE_UINT32\000"
 416      494E5433 
 416      3200
 417              	.LASF20:
 418 005f 45455F74 		.ascii	"EE_th_ready_prio\000"
 418      685F7265 
 418      6164795F 
 418      7072696F 
 418      00
 419              	.LASF17:
 420 0070 45455F54 		.ascii	"EE_TID\000"
 420      494400
 421              	.LASF34:
 422 0077 45455F49 		.ascii	"EE_IRQ_nesting_level\000"
 422      52515F6E 
 422      65737469 
 422      6E675F6C 
 422      6576656C 
 423              	.LASF9:
 424 008c 6C6F6E67 		.ascii	"long double\000"
ARM GAS  C:\Users\DABBIR~1\AppData\Local\Temp\ccyOTwRi.s 			page 9


 424      20646F75 
 424      626C6500 
 425              	.LASF6:
 426 0098 6C6F6E67 		.ascii	"long long int\000"
 426      206C6F6E 
 426      6720696E 
 426      7400
 427              	.LASF10:
 428 00a6 45455F49 		.ascii	"EE_INT8\000"
 428      4E543800 
 429              	.LASF18:
 430 00ae 45455F54 		.ascii	"EE_TYPE_RQ_MASK\000"
 430      5950455F 
 430      52515F4D 
 430      41534B00 
 431              	.LASF39:
 432 00be 433A5C4D 		.ascii	"C:\\My_Files\\College_Documents\\AMA EOS\\EOS\\LAB\\"
 432      795F4669 
 432      6C65735C 
 432      436F6C6C 
 432      6567655F 
 433 00ec 4C41425F 		.ascii	"LAB_2_Submission\\Json Parser\\code\\w06_criticalRe"
 433      325F5375 
 433      626D6973 
 433      73696F6E 
 433      5C4A736F 
 434 011c 67696F6E 		.ascii	"gion.cydsn\\Lab2_JSONParser01.cydsn\000"
 434      2E637964 
 434      736E5C4C 
 434      6162325F 
 434      4A534F4E 
 435              	.LASF4:
 436 013f 6C6F6E67 		.ascii	"long int\000"
 436      20696E74 
 436      00
 437              	.LASF31:
 438 0148 45455F6F 		.ascii	"EE_oo_IRQ_suspend_status\000"
 438      6F5F4952 
 438      515F7375 
 438      7370656E 
 438      645F7374 
 439              	.LASF36:
 440 0161 45455F69 		.ascii	"EE_isr2_index\000"
 440      7372325F 
 440      696E6465 
 440      7800
 441              	.LASF26:
 442 016f 45455F73 		.ascii	"EE_sys_ceiling\000"
 442      79735F63 
 442      65696C69 
 442      6E6700
 443              	.LASF38:
 444 017e 47656E65 		.ascii	"Generated_Source\\PSoC5\\ErikaOS_1_cortex_mx_ee_sys"
 444      72617465 
 444      645F536F 
 444      75726365 
 444      5C50536F 
ARM GAS  C:\Users\DABBIR~1\AppData\Local\Temp\ccyOTwRi.s 			page 10


 445 01af 74656D5F 		.ascii	"tem_timer.c\000"
 445      74696D65 
 445      722E6300 
 446              	.LASF1:
 447 01bb 756E7369 		.ascii	"unsigned char\000"
 447      676E6564 
 447      20636861 
 447      7200
 448              	.LASF0:
 449 01c9 7369676E 		.ascii	"signed char\000"
 449      65642063 
 449      68617200 
 450              	.LASF7:
 451 01d5 6C6F6E67 		.ascii	"long long unsigned int\000"
 451      206C6F6E 
 451      6720756E 
 451      7369676E 
 451      65642069 
 452              	.LASF8:
 453 01ec 756E7369 		.ascii	"unsigned int\000"
 453      676E6564 
 453      20696E74 
 453      00
 454              	.LASF24:
 455 01f9 45455F74 		.ascii	"EE_th_rnact\000"
 455      685F726E 
 455      61637400 
 456              	.LASF33:
 457 0205 45455F73 		.ascii	"EE_std_endcycle_next_tid\000"
 457      74645F65 
 457      6E646379 
 457      636C655F 
 457      6E657874 
 458              	.LASF12:
 459 021e 45455F49 		.ascii	"EE_INT32\000"
 459      4E543332 
 459      00
 460              	.LASF3:
 461 0227 73686F72 		.ascii	"short unsigned int\000"
 461      7420756E 
 461      7369676E 
 461      65642069 
 461      6E7400
 462              	.LASF11:
 463 023a 45455F55 		.ascii	"EE_UINT16\000"
 463      494E5431 
 463      3600
 464              	.LASF32:
 465 0244 45455F41 		.ascii	"EE_ApplicationMode\000"
 465      70706C69 
 465      63617469 
 465      6F6E4D6F 
 465      646500
 466              	.LASF5:
 467 0257 6C6F6E67 		.ascii	"long unsigned int\000"
 467      20756E73 
 467      69676E65 
ARM GAS  C:\Users\DABBIR~1\AppData\Local\Temp\ccyOTwRi.s 			page 11


 467      6420696E 
 467      7400
 468              	.LASF16:
 469 0269 45455F54 		.ascii	"EE_TYPEBOOL\000"
 469      59504542 
 469      4F4F4C00 
 470              	.LASF25:
 471 0275 45455F73 		.ascii	"EE_stkfirst\000"
 471      746B6669 
 471      72737400 
 472              	.LASF35:
 473 0281 45455F72 		.ascii	"EE_rq_lookup\000"
 473      715F6C6F 
 473      6F6B7570 
 473      00
 474              	.LASF22:
 475 028e 45455F74 		.ascii	"EE_th_status\000"
 475      685F7374 
 475      61747573 
 475      00
 476              	.LASF21:
 477 029b 45455F74 		.ascii	"EE_th_dispatch_prio\000"
 477      685F6469 
 477      73706174 
 477      63685F70 
 477      72696F00 
 478              	.LASF23:
 479 02af 45455F74 		.ascii	"EE_th_next\000"
 479      685F6E65 
 479      787400
 480              	.LASF37:
 481 02ba 474E5520 		.ascii	"GNU C11 5.4.1 20160609 (release) [ARM/embedded-5-br"
 481      43313120 
 481      352E342E 
 481      31203230 
 481      31363036 
 482 02ed 616E6368 		.ascii	"anch revision 237715] -mcpu=cortex-m3 -mthumb -g -O"
 482      20726576 
 482      6973696F 
 482      6E203233 
 482      37373135 
 483 0320 67202D66 		.ascii	"g -ffunction-sections -ffat-lto-objects\000"
 483      66756E63 
 483      74696F6E 
 483      2D736563 
 483      74696F6E 
 484              	.LASF30:
 485 0348 45455F6F 		.ascii	"EE_oo_IRQ_disable_count\000"
 485      6F5F4952 
 485      515F6469 
 485      7361626C 
 485      655F636F 
 486              		.ident	"GCC: (GNU Tools for ARM Embedded Processors) 5.4.1 20160609 (release) [ARM/embedded-5-bran
