ARM GAS  C:\Users\DABBIR~1\AppData\Local\Temp\cco5bCFm.s 			page 1


   1              		.syntax unified
   2              		.cpu cortex-m3
   3              		.fpu softvfp
   4              		.eabi_attribute 20, 1
   5              		.eabi_attribute 21, 1
   6              		.eabi_attribute 23, 3
   7              		.eabi_attribute 24, 1
   8              		.eabi_attribute 25, 1
   9              		.eabi_attribute 26, 1
  10              		.eabi_attribute 30, 1
  11              		.eabi_attribute 34, 1
  12              		.eabi_attribute 18, 4
  13              		.thumb
  14              		.syntax unified
  15              		.file	"ErikaOS_1_cortex_mx_ee_utils.c"
  16              		.text
  17              	.Ltext0:
  18              		.cfi_sections	.debug_frame
  19              		.section	.text.EE_system_init,"ax",%progbits
  20              		.align	2
  21              		.global	EE_system_init
  22              		.thumb
  23              		.thumb_func
  24              		.type	EE_system_init, %function
  25              	EE_system_init:
  26              	.LFB66:
  27              		.file 1 "Generated_Source\\PSoC5\\ErikaOS_1_cortex_mx_ee_utils.c"
   1:Generated_Source\PSoC5/ErikaOS_1_cortex_mx_ee_utils.c **** /* ###*B*###
   2:Generated_Source\PSoC5/ErikaOS_1_cortex_mx_ee_utils.c ****  * ERIKA Enterprise - a tiny RTOS for small microcontrollers
   3:Generated_Source\PSoC5/ErikaOS_1_cortex_mx_ee_utils.c ****  *
   4:Generated_Source\PSoC5/ErikaOS_1_cortex_mx_ee_utils.c ****  * Copyright (C) 2002-2011  Evidence Srl
   5:Generated_Source\PSoC5/ErikaOS_1_cortex_mx_ee_utils.c ****  *
   6:Generated_Source\PSoC5/ErikaOS_1_cortex_mx_ee_utils.c ****  * This file is part of ERIKA Enterprise.
   7:Generated_Source\PSoC5/ErikaOS_1_cortex_mx_ee_utils.c ****  *
   8:Generated_Source\PSoC5/ErikaOS_1_cortex_mx_ee_utils.c ****  * ERIKA Enterprise is free software; you can redistribute it
   9:Generated_Source\PSoC5/ErikaOS_1_cortex_mx_ee_utils.c ****  * and/or modify it under the terms of the GNU General Public License
  10:Generated_Source\PSoC5/ErikaOS_1_cortex_mx_ee_utils.c ****  * version 2 as published by the Free Software Foundation, 
  11:Generated_Source\PSoC5/ErikaOS_1_cortex_mx_ee_utils.c ****  * (with a special exception described below).
  12:Generated_Source\PSoC5/ErikaOS_1_cortex_mx_ee_utils.c ****  *
  13:Generated_Source\PSoC5/ErikaOS_1_cortex_mx_ee_utils.c ****  * Linking this code statically or dynamically with other modules is
  14:Generated_Source\PSoC5/ErikaOS_1_cortex_mx_ee_utils.c ****  * making a combined work based on this code.  Thus, the terms and
  15:Generated_Source\PSoC5/ErikaOS_1_cortex_mx_ee_utils.c ****  * conditions of the GNU General Public License cover the whole
  16:Generated_Source\PSoC5/ErikaOS_1_cortex_mx_ee_utils.c ****  * combination.
  17:Generated_Source\PSoC5/ErikaOS_1_cortex_mx_ee_utils.c ****  *
  18:Generated_Source\PSoC5/ErikaOS_1_cortex_mx_ee_utils.c ****  * As a special exception, the copyright holders of this library give you
  19:Generated_Source\PSoC5/ErikaOS_1_cortex_mx_ee_utils.c ****  * permission to link this code with independent modules to produce an
  20:Generated_Source\PSoC5/ErikaOS_1_cortex_mx_ee_utils.c ****  * executable, regardless of the license terms of these independent
  21:Generated_Source\PSoC5/ErikaOS_1_cortex_mx_ee_utils.c ****  * modules, and to copy and distribute the resulting executable under
  22:Generated_Source\PSoC5/ErikaOS_1_cortex_mx_ee_utils.c ****  * terms of your choice, provided that you also meet, for each linked
  23:Generated_Source\PSoC5/ErikaOS_1_cortex_mx_ee_utils.c ****  * independent module, the terms and conditions of the license of that
  24:Generated_Source\PSoC5/ErikaOS_1_cortex_mx_ee_utils.c ****  * module.  An independent module is a module which is not derived from
  25:Generated_Source\PSoC5/ErikaOS_1_cortex_mx_ee_utils.c ****  * or based on this library.  If you modify this code, you may extend
  26:Generated_Source\PSoC5/ErikaOS_1_cortex_mx_ee_utils.c ****  * this exception to your version of the code, but you are not
  27:Generated_Source\PSoC5/ErikaOS_1_cortex_mx_ee_utils.c ****  * obligated to do so.  If you do not wish to do so, delete this
  28:Generated_Source\PSoC5/ErikaOS_1_cortex_mx_ee_utils.c ****  * exception statement from your version.
  29:Generated_Source\PSoC5/ErikaOS_1_cortex_mx_ee_utils.c ****  *
  30:Generated_Source\PSoC5/ErikaOS_1_cortex_mx_ee_utils.c ****  * ERIKA Enterprise is distributed in the hope that it will be
ARM GAS  C:\Users\DABBIR~1\AppData\Local\Temp\cco5bCFm.s 			page 2


  31:Generated_Source\PSoC5/ErikaOS_1_cortex_mx_ee_utils.c ****  * useful, but WITHOUT ANY WARRANTY; without even the implied warranty
  32:Generated_Source\PSoC5/ErikaOS_1_cortex_mx_ee_utils.c ****  * of MERCHANTABILITY or FITNESS FOR A PARTICULAR PURPOSE.  See the
  33:Generated_Source\PSoC5/ErikaOS_1_cortex_mx_ee_utils.c ****  * GNU General Public License version 2 for more details.
  34:Generated_Source\PSoC5/ErikaOS_1_cortex_mx_ee_utils.c ****  *
  35:Generated_Source\PSoC5/ErikaOS_1_cortex_mx_ee_utils.c ****  * You should have received a copy of the GNU General Public License
  36:Generated_Source\PSoC5/ErikaOS_1_cortex_mx_ee_utils.c ****  * version 2 along with ERIKA Enterprise; if not, write to the
  37:Generated_Source\PSoC5/ErikaOS_1_cortex_mx_ee_utils.c ****  * Free Software Foundation, Inc., 51 Franklin Street, Fifth Floor,
  38:Generated_Source\PSoC5/ErikaOS_1_cortex_mx_ee_utils.c ****  * Boston, MA 02110-1301 USA.
  39:Generated_Source\PSoC5/ErikaOS_1_cortex_mx_ee_utils.c ****  * ###*E*### */
  40:Generated_Source\PSoC5/ErikaOS_1_cortex_mx_ee_utils.c **** 
  41:Generated_Source\PSoC5/ErikaOS_1_cortex_mx_ee_utils.c **** /** 
  42:Generated_Source\PSoC5/ErikaOS_1_cortex_mx_ee_utils.c **** 	@file ee_utils.c
  43:Generated_Source\PSoC5/ErikaOS_1_cortex_mx_ee_utils.c **** 	@brief Functions to initialize the RTOS services
  44:Generated_Source\PSoC5/ErikaOS_1_cortex_mx_ee_utils.c **** 	@author Gianluca Franchino
  45:Generated_Source\PSoC5/ErikaOS_1_cortex_mx_ee_utils.c **** 	@author Giuseppe Serano
  46:Generated_Source\PSoC5/ErikaOS_1_cortex_mx_ee_utils.c **** 	@date 2011
  47:Generated_Source\PSoC5/ErikaOS_1_cortex_mx_ee_utils.c **** */ 
  48:Generated_Source\PSoC5/ErikaOS_1_cortex_mx_ee_utils.c ****     
  49:Generated_Source\PSoC5/ErikaOS_1_cortex_mx_ee_utils.c **** /*
  50:Generated_Source\PSoC5/ErikaOS_1_cortex_mx_ee_utils.c ****  * PSoC Port and API Generation
  51:Generated_Source\PSoC5/ErikaOS_1_cortex_mx_ee_utils.c ****  * Carlos Fernando Meier Martinez
  52:Generated_Source\PSoC5/ErikaOS_1_cortex_mx_ee_utils.c ****  * P. Fromm 2020
  53:Generated_Source\PSoC5/ErikaOS_1_cortex_mx_ee_utils.c ****  * Hochschule Darmstadt, Germany. 2017.
  54:Generated_Source\PSoC5/ErikaOS_1_cortex_mx_ee_utils.c ****  */
  55:Generated_Source\PSoC5/ErikaOS_1_cortex_mx_ee_utils.c **** 
  56:Generated_Source\PSoC5/ErikaOS_1_cortex_mx_ee_utils.c **** #include "ErikaOS_1_ee_internal.inc"
  57:Generated_Source\PSoC5/ErikaOS_1_cortex_mx_ee_utils.c **** #include "ErikaOS_1_ee_irq.inc"
  58:Generated_Source\PSoC5/ErikaOS_1_cortex_mx_ee_utils.c **** //~ #include "ErikaOS_1_cortex_mx_ee_nvic.inc"
  59:Generated_Source\PSoC5/ErikaOS_1_cortex_mx_ee_utils.c **** #include "cyfitter.h"
  60:Generated_Source\PSoC5/ErikaOS_1_cortex_mx_ee_utils.c **** #include "cylib.h"
  61:Generated_Source\PSoC5/ErikaOS_1_cortex_mx_ee_utils.c **** 
  62:Generated_Source\PSoC5/ErikaOS_1_cortex_mx_ee_utils.c **** //PF v2.5.3
  63:Generated_Source\PSoC5/ErikaOS_1_cortex_mx_ee_utils.c **** //We have to translate the Erika Priorities from 1..16 to 0..7
  64:Generated_Source\PSoC5/ErikaOS_1_cortex_mx_ee_utils.c **** //We probably should not set the priority to 0 (highest), as this might interfear with the systick 
  65:Generated_Source\PSoC5/ErikaOS_1_cortex_mx_ee_utils.c **** //#define ISR_SCALE(prio) ((prio-1)>>1)
  66:Generated_Source\PSoC5/ErikaOS_1_cortex_mx_ee_utils.c **** 
  67:Generated_Source\PSoC5/ErikaOS_1_cortex_mx_ee_utils.c **** //Update for Release v2.5.3 - The GUI has been modified, only allowing values between 1..7
  68:Generated_Source\PSoC5/ErikaOS_1_cortex_mx_ee_utils.c **** //i.e. the value can be takes as it is
  69:Generated_Source\PSoC5/ErikaOS_1_cortex_mx_ee_utils.c **** #define ISR_SCALE(prio) (prio)
  70:Generated_Source\PSoC5/ErikaOS_1_cortex_mx_ee_utils.c **** 
  71:Generated_Source\PSoC5/ErikaOS_1_cortex_mx_ee_utils.c **** #define Number_of_ISRs  1
  72:Generated_Source\PSoC5/ErikaOS_1_cortex_mx_ee_utils.c **** 
  73:Generated_Source\PSoC5/ErikaOS_1_cortex_mx_ee_utils.c **** extern void EE_set_switch_context_pri(void);
  74:Generated_Source\PSoC5/ErikaOS_1_cortex_mx_ee_utils.c **** 
  75:Generated_Source\PSoC5/ErikaOS_1_cortex_mx_ee_utils.c **** /* Function used to calculate the initialize the system */
  76:Generated_Source\PSoC5/ErikaOS_1_cortex_mx_ee_utils.c **** void EE_system_init(void)
  77:Generated_Source\PSoC5/ErikaOS_1_cortex_mx_ee_utils.c **** {
  28              		.loc 1 77 0
  29              		.cfi_startproc
  30              		@ args = 0, pretend = 0, frame = 0
  31              		@ frame_needed = 0, uses_anonymous_args = 0
  32 0000 38B5     		push	{r3, r4, r5, lr}
  33              		.cfi_def_cfa_offset 16
  34              		.cfi_offset 3, -16
  35              		.cfi_offset 4, -12
  36              		.cfi_offset 5, -8
  37              		.cfi_offset 14, -4
ARM GAS  C:\Users\DABBIR~1\AppData\Local\Temp\cco5bCFm.s 			page 3


  78:Generated_Source\PSoC5/ErikaOS_1_cortex_mx_ee_utils.c **** #if (Number_of_ISRs > 0)
  79:Generated_Source\PSoC5/ErikaOS_1_cortex_mx_ee_utils.c ****   cyisraddress *ramVectorTable = *CY_INT_VECT_TABLE;
  38              		.loc 1 79 0
  39 0002 0A4B     		ldr	r3, .L3
  40 0004 1D68     		ldr	r5, [r3]
  41              	.LVL0:
  42              	.LBB14:
  43              	.LBB15:
  44              	.LBB16:
  45              		.file 2 "Generated_Source\\PSoC5\\ErikaOS_1_cortex_mx_ee_cpu.inc"
   1:Generated_Source\PSoC5/ErikaOS_1_cortex_mx_ee_cpu.inc **** /* ###*B*###
   2:Generated_Source\PSoC5/ErikaOS_1_cortex_mx_ee_cpu.inc ****  * ERIKA Enterprise - a tiny RTOS for small microcontrollers
   3:Generated_Source\PSoC5/ErikaOS_1_cortex_mx_ee_cpu.inc ****  *
   4:Generated_Source\PSoC5/ErikaOS_1_cortex_mx_ee_cpu.inc ****  * Copyright (C) 2002-2011  Evidence Srl
   5:Generated_Source\PSoC5/ErikaOS_1_cortex_mx_ee_cpu.inc ****  *
   6:Generated_Source\PSoC5/ErikaOS_1_cortex_mx_ee_cpu.inc ****  * This file is part of ERIKA Enterprise.
   7:Generated_Source\PSoC5/ErikaOS_1_cortex_mx_ee_cpu.inc ****  *
   8:Generated_Source\PSoC5/ErikaOS_1_cortex_mx_ee_cpu.inc ****  * ERIKA Enterprise is free software; you can redistribute it
   9:Generated_Source\PSoC5/ErikaOS_1_cortex_mx_ee_cpu.inc ****  * and/or modify it under the terms of the GNU General Public License
  10:Generated_Source\PSoC5/ErikaOS_1_cortex_mx_ee_cpu.inc ****  * version 2 as published by the Free Software Foundation, 
  11:Generated_Source\PSoC5/ErikaOS_1_cortex_mx_ee_cpu.inc ****  * (with a special exception described below).
  12:Generated_Source\PSoC5/ErikaOS_1_cortex_mx_ee_cpu.inc ****  *
  13:Generated_Source\PSoC5/ErikaOS_1_cortex_mx_ee_cpu.inc ****  * Linking this code statically or dynamically with other modules is
  14:Generated_Source\PSoC5/ErikaOS_1_cortex_mx_ee_cpu.inc ****  * making a combined work based on this code.  Thus, the terms and
  15:Generated_Source\PSoC5/ErikaOS_1_cortex_mx_ee_cpu.inc ****  * conditions of the GNU General Public License cover the whole
  16:Generated_Source\PSoC5/ErikaOS_1_cortex_mx_ee_cpu.inc ****  * combination.
  17:Generated_Source\PSoC5/ErikaOS_1_cortex_mx_ee_cpu.inc ****  *
  18:Generated_Source\PSoC5/ErikaOS_1_cortex_mx_ee_cpu.inc ****  * As a special exception, the copyright holders of this library give you
  19:Generated_Source\PSoC5/ErikaOS_1_cortex_mx_ee_cpu.inc ****  * permission to link this code with independent modules to produce an
  20:Generated_Source\PSoC5/ErikaOS_1_cortex_mx_ee_cpu.inc ****  * executable, regardless of the license terms of these independent
  21:Generated_Source\PSoC5/ErikaOS_1_cortex_mx_ee_cpu.inc ****  * modules, and to copy and distribute the resulting executable under
  22:Generated_Source\PSoC5/ErikaOS_1_cortex_mx_ee_cpu.inc ****  * terms of your choice, provided that you also meet, for each linked
  23:Generated_Source\PSoC5/ErikaOS_1_cortex_mx_ee_cpu.inc ****  * independent module, the terms and conditions of the license of that
  24:Generated_Source\PSoC5/ErikaOS_1_cortex_mx_ee_cpu.inc ****  * module.  An independent module is a module which is not derived from
  25:Generated_Source\PSoC5/ErikaOS_1_cortex_mx_ee_cpu.inc ****  * or based on this library.  If you modify this code, you may extend
  26:Generated_Source\PSoC5/ErikaOS_1_cortex_mx_ee_cpu.inc ****  * this exception to your version of the code, but you are not
  27:Generated_Source\PSoC5/ErikaOS_1_cortex_mx_ee_cpu.inc ****  * obligated to do so.  If you do not wish to do so, delete this
  28:Generated_Source\PSoC5/ErikaOS_1_cortex_mx_ee_cpu.inc ****  * exception statement from your version.
  29:Generated_Source\PSoC5/ErikaOS_1_cortex_mx_ee_cpu.inc ****  *
  30:Generated_Source\PSoC5/ErikaOS_1_cortex_mx_ee_cpu.inc ****  * ERIKA Enterprise is distributed in the hope that it will be
  31:Generated_Source\PSoC5/ErikaOS_1_cortex_mx_ee_cpu.inc ****  * useful, but WITHOUT ANY WARRANTY; without even the implied warranty
  32:Generated_Source\PSoC5/ErikaOS_1_cortex_mx_ee_cpu.inc ****  * of MERCHANTABILITY or FITNESS FOR A PARTICULAR PURPOSE.  See the
  33:Generated_Source\PSoC5/ErikaOS_1_cortex_mx_ee_cpu.inc ****  * GNU General Public License version 2 for more details.
  34:Generated_Source\PSoC5/ErikaOS_1_cortex_mx_ee_cpu.inc ****  *
  35:Generated_Source\PSoC5/ErikaOS_1_cortex_mx_ee_cpu.inc ****  * You should have received a copy of the GNU General Public License
  36:Generated_Source\PSoC5/ErikaOS_1_cortex_mx_ee_cpu.inc ****  * version 2 along with ERIKA Enterprise; if not, write to the
  37:Generated_Source\PSoC5/ErikaOS_1_cortex_mx_ee_cpu.inc ****  * Free Software Foundation, Inc., 51 Franklin Street, Fifth Floor,
  38:Generated_Source\PSoC5/ErikaOS_1_cortex_mx_ee_cpu.inc ****  * Boston, MA 02110-1301 USA.
  39:Generated_Source\PSoC5/ErikaOS_1_cortex_mx_ee_cpu.inc ****  * ###*E*### */
  40:Generated_Source\PSoC5/ErikaOS_1_cortex_mx_ee_cpu.inc **** 
  41:Generated_Source\PSoC5/ErikaOS_1_cortex_mx_ee_cpu.inc **** /** 
  42:Generated_Source\PSoC5/ErikaOS_1_cortex_mx_ee_cpu.inc **** 	@file ee_cpu.h
  43:Generated_Source\PSoC5/ErikaOS_1_cortex_mx_ee_cpu.inc **** 	@brief CPU-dependent part of HAL. Derived from pkg/cpu/pic30/inc/ee_cpu.h
  44:Generated_Source\PSoC5/ErikaOS_1_cortex_mx_ee_cpu.inc **** 	@author Gianluca Franchino
  45:Generated_Source\PSoC5/ErikaOS_1_cortex_mx_ee_cpu.inc **** 	@author Giuseppe Serano
  46:Generated_Source\PSoC5/ErikaOS_1_cortex_mx_ee_cpu.inc **** 	@date 2011
  47:Generated_Source\PSoC5/ErikaOS_1_cortex_mx_ee_cpu.inc **** */ 
ARM GAS  C:\Users\DABBIR~1\AppData\Local\Temp\cco5bCFm.s 			page 4


  48:Generated_Source\PSoC5/ErikaOS_1_cortex_mx_ee_cpu.inc ****     
  49:Generated_Source\PSoC5/ErikaOS_1_cortex_mx_ee_cpu.inc **** /*
  50:Generated_Source\PSoC5/ErikaOS_1_cortex_mx_ee_cpu.inc ****  * PSoC Port and API Generation
  51:Generated_Source\PSoC5/ErikaOS_1_cortex_mx_ee_cpu.inc ****  * Carlos Fernando Meier Martinez
  52:Generated_Source\PSoC5/ErikaOS_1_cortex_mx_ee_cpu.inc ****  * Hochschule Darmstadt, Germany. 2017.
  53:Generated_Source\PSoC5/ErikaOS_1_cortex_mx_ee_cpu.inc ****  */
  54:Generated_Source\PSoC5/ErikaOS_1_cortex_mx_ee_cpu.inc **** 
  55:Generated_Source\PSoC5/ErikaOS_1_cortex_mx_ee_cpu.inc **** #ifndef __INCLUDE_CORTEX_MX_EE_CPU_H__
  56:Generated_Source\PSoC5/ErikaOS_1_cortex_mx_ee_cpu.inc **** #define __INCLUDE_CORTEX_MX_EE_CPU_H__
  57:Generated_Source\PSoC5/ErikaOS_1_cortex_mx_ee_cpu.inc **** 
  58:Generated_Source\PSoC5/ErikaOS_1_cortex_mx_ee_cpu.inc **** #include "ErikaOS_1_eecfg.inc"
  59:Generated_Source\PSoC5/ErikaOS_1_cortex_mx_ee_cpu.inc **** 
  60:Generated_Source\PSoC5/ErikaOS_1_cortex_mx_ee_cpu.inc **** 
  61:Generated_Source\PSoC5/ErikaOS_1_cortex_mx_ee_cpu.inc **** #ifdef __GNU__
  62:Generated_Source\PSoC5/ErikaOS_1_cortex_mx_ee_cpu.inc **** #include "ErikaOS_1_common_ee_compiler_gcc.inc"
  63:Generated_Source\PSoC5/ErikaOS_1_cortex_mx_ee_cpu.inc **** #endif
  64:Generated_Source\PSoC5/ErikaOS_1_cortex_mx_ee_cpu.inc **** 
  65:Generated_Source\PSoC5/ErikaOS_1_cortex_mx_ee_cpu.inc **** /* Initial stack offset (in words): Used in multistack. */
  66:Generated_Source\PSoC5/ErikaOS_1_cortex_mx_ee_cpu.inc **** #ifndef CORTEX_MX_INIT_TOS_OFFSET
  67:Generated_Source\PSoC5/ErikaOS_1_cortex_mx_ee_cpu.inc **** #define CORTEX_MX_INIT_TOS_OFFSET 10
  68:Generated_Source\PSoC5/ErikaOS_1_cortex_mx_ee_cpu.inc **** #endif
  69:Generated_Source\PSoC5/ErikaOS_1_cortex_mx_ee_cpu.inc **** 
  70:Generated_Source\PSoC5/ErikaOS_1_cortex_mx_ee_cpu.inc **** /*************************************************************************
  71:Generated_Source\PSoC5/ErikaOS_1_cortex_mx_ee_cpu.inc ****  HAL Types and structures
  72:Generated_Source\PSoC5/ErikaOS_1_cortex_mx_ee_cpu.inc ****  *************************************************************************/
  73:Generated_Source\PSoC5/ErikaOS_1_cortex_mx_ee_cpu.inc **** 
  74:Generated_Source\PSoC5/ErikaOS_1_cortex_mx_ee_cpu.inc **** /* Primitive data types */
  75:Generated_Source\PSoC5/ErikaOS_1_cortex_mx_ee_cpu.inc **** #include "ErikaOS_1_common_ee_types.inc"
  76:Generated_Source\PSoC5/ErikaOS_1_cortex_mx_ee_cpu.inc **** 
  77:Generated_Source\PSoC5/ErikaOS_1_cortex_mx_ee_cpu.inc **** typedef EE_UINT32 EE_UREG;
  78:Generated_Source\PSoC5/ErikaOS_1_cortex_mx_ee_cpu.inc **** typedef EE_INT32  EE_SREG;
  79:Generated_Source\PSoC5/ErikaOS_1_cortex_mx_ee_cpu.inc **** typedef EE_UINT32 EE_FREG;
  80:Generated_Source\PSoC5/ErikaOS_1_cortex_mx_ee_cpu.inc **** #define EE_UREG_SIZE 4
  81:Generated_Source\PSoC5/ErikaOS_1_cortex_mx_ee_cpu.inc **** 
  82:Generated_Source\PSoC5/ErikaOS_1_cortex_mx_ee_cpu.inc **** /* boolean type */
  83:Generated_Source\PSoC5/ErikaOS_1_cortex_mx_ee_cpu.inc **** #ifndef EE_TYPEBOOL
  84:Generated_Source\PSoC5/ErikaOS_1_cortex_mx_ee_cpu.inc **** typedef EE_UREG EE_TYPEBOOL;
  85:Generated_Source\PSoC5/ErikaOS_1_cortex_mx_ee_cpu.inc **** #endif
  86:Generated_Source\PSoC5/ErikaOS_1_cortex_mx_ee_cpu.inc **** 
  87:Generated_Source\PSoC5/ErikaOS_1_cortex_mx_ee_cpu.inc **** /* boolean true define */
  88:Generated_Source\PSoC5/ErikaOS_1_cortex_mx_ee_cpu.inc **** #ifndef EE_TRUE
  89:Generated_Source\PSoC5/ErikaOS_1_cortex_mx_ee_cpu.inc **** #define EE_TRUE ((EE_TYPEBOOL)1U)
  90:Generated_Source\PSoC5/ErikaOS_1_cortex_mx_ee_cpu.inc **** #endif
  91:Generated_Source\PSoC5/ErikaOS_1_cortex_mx_ee_cpu.inc **** 
  92:Generated_Source\PSoC5/ErikaOS_1_cortex_mx_ee_cpu.inc **** /* boolean false define */
  93:Generated_Source\PSoC5/ErikaOS_1_cortex_mx_ee_cpu.inc **** #ifndef EE_FALSE
  94:Generated_Source\PSoC5/ErikaOS_1_cortex_mx_ee_cpu.inc **** #define EE_FALSE ((EE_TYPEBOOL)0U)
  95:Generated_Source\PSoC5/ErikaOS_1_cortex_mx_ee_cpu.inc **** #endif
  96:Generated_Source\PSoC5/ErikaOS_1_cortex_mx_ee_cpu.inc **** 
  97:Generated_Source\PSoC5/ErikaOS_1_cortex_mx_ee_cpu.inc **** #define	EE_HWREG_PTR		volatile EE_UREG *
  98:Generated_Source\PSoC5/ErikaOS_1_cortex_mx_ee_cpu.inc **** #define	EE_HWREG_ADDR(x)	((EE_HWREG_PTR)(x))
  99:Generated_Source\PSoC5/ErikaOS_1_cortex_mx_ee_cpu.inc **** #define	EE_HWREG(x)		(*EE_HWREG_ADDR(x))
 100:Generated_Source\PSoC5/ErikaOS_1_cortex_mx_ee_cpu.inc **** 
 101:Generated_Source\PSoC5/ErikaOS_1_cortex_mx_ee_cpu.inc **** #ifdef __GNU__
 102:Generated_Source\PSoC5/ErikaOS_1_cortex_mx_ee_cpu.inc **** 
 103:Generated_Source\PSoC5/ErikaOS_1_cortex_mx_ee_cpu.inc **** /* Get current SP */
 104:Generated_Source\PSoC5/ErikaOS_1_cortex_mx_ee_cpu.inc **** __INLINE__ EE_UINT32  __current_sp(void)
ARM GAS  C:\Users\DABBIR~1\AppData\Local\Temp\cco5bCFm.s 			page 5


 105:Generated_Source\PSoC5/ErikaOS_1_cortex_mx_ee_cpu.inc **** {
 106:Generated_Source\PSoC5/ErikaOS_1_cortex_mx_ee_cpu.inc **** EE_UINT32 temp;
 107:Generated_Source\PSoC5/ErikaOS_1_cortex_mx_ee_cpu.inc **** __ASM ("mov %0, sp" : "=r" (temp) : );
 108:Generated_Source\PSoC5/ErikaOS_1_cortex_mx_ee_cpu.inc **** return temp;
 109:Generated_Source\PSoC5/ErikaOS_1_cortex_mx_ee_cpu.inc **** }
 110:Generated_Source\PSoC5/ErikaOS_1_cortex_mx_ee_cpu.inc **** 
 111:Generated_Source\PSoC5/ErikaOS_1_cortex_mx_ee_cpu.inc **** /* Set a breakpoint */
 112:Generated_Source\PSoC5/ErikaOS_1_cortex_mx_ee_cpu.inc **** #define __breakpoint(value)	__ASM ("bkpt "#value)
 113:Generated_Source\PSoC5/ErikaOS_1_cortex_mx_ee_cpu.inc **** 
 114:Generated_Source\PSoC5/ErikaOS_1_cortex_mx_ee_cpu.inc **** #endif
 115:Generated_Source\PSoC5/ErikaOS_1_cortex_mx_ee_cpu.inc **** 
 116:Generated_Source\PSoC5/ErikaOS_1_cortex_mx_ee_cpu.inc **** /* ISR Priority representation type */
 117:Generated_Source\PSoC5/ErikaOS_1_cortex_mx_ee_cpu.inc **** typedef EE_UREG EE_TYPEISR2PRIO;
 118:Generated_Source\PSoC5/ErikaOS_1_cortex_mx_ee_cpu.inc **** 
 119:Generated_Source\PSoC5/ErikaOS_1_cortex_mx_ee_cpu.inc **** /* Thread IDs */
 120:Generated_Source\PSoC5/ErikaOS_1_cortex_mx_ee_cpu.inc **** typedef EE_INT32 EE_TID;
 121:Generated_Source\PSoC5/ErikaOS_1_cortex_mx_ee_cpu.inc **** 
 122:Generated_Source\PSoC5/ErikaOS_1_cortex_mx_ee_cpu.inc **** /* Thread IDs - unsigned version*/
 123:Generated_Source\PSoC5/ErikaOS_1_cortex_mx_ee_cpu.inc **** typedef EE_UINT32 EE_UTID;
 124:Generated_Source\PSoC5/ErikaOS_1_cortex_mx_ee_cpu.inc **** 
 125:Generated_Source\PSoC5/ErikaOS_1_cortex_mx_ee_cpu.inc **** /* Used by the common layer to decide whether to start a new thread */
 126:Generated_Source\PSoC5/ErikaOS_1_cortex_mx_ee_cpu.inc **** #define TID_IS_STACKED_MARK 0x80000000
 127:Generated_Source\PSoC5/ErikaOS_1_cortex_mx_ee_cpu.inc **** 
 128:Generated_Source\PSoC5/ErikaOS_1_cortex_mx_ee_cpu.inc **** /* EE_TYPEIRQ is currently unused */
 129:Generated_Source\PSoC5/ErikaOS_1_cortex_mx_ee_cpu.inc **** 
 130:Generated_Source\PSoC5/ErikaOS_1_cortex_mx_ee_cpu.inc **** /* XXX: define EE_TIME? */
 131:Generated_Source\PSoC5/ErikaOS_1_cortex_mx_ee_cpu.inc **** 
 132:Generated_Source\PSoC5/ErikaOS_1_cortex_mx_ee_cpu.inc **** /* Use the "standard" implementation */
 133:Generated_Source\PSoC5/ErikaOS_1_cortex_mx_ee_cpu.inc **** #include "ErikaOS_1_common_ee_hal_structs.inc"
 134:Generated_Source\PSoC5/ErikaOS_1_cortex_mx_ee_cpu.inc **** 
 135:Generated_Source\PSoC5/ErikaOS_1_cortex_mx_ee_cpu.inc **** /******************************************************************************
 136:Generated_Source\PSoC5/ErikaOS_1_cortex_mx_ee_cpu.inc ****  Application dependent data types
 137:Generated_Source\PSoC5/ErikaOS_1_cortex_mx_ee_cpu.inc ****  ******************************************************************************/
 138:Generated_Source\PSoC5/ErikaOS_1_cortex_mx_ee_cpu.inc **** 
 139:Generated_Source\PSoC5/ErikaOS_1_cortex_mx_ee_cpu.inc **** #ifdef	__HAS_TYPES_H__
 140:Generated_Source\PSoC5/ErikaOS_1_cortex_mx_ee_cpu.inc **** #include	"types.h"
 141:Generated_Source\PSoC5/ErikaOS_1_cortex_mx_ee_cpu.inc **** #endif
 142:Generated_Source\PSoC5/ErikaOS_1_cortex_mx_ee_cpu.inc **** 
 143:Generated_Source\PSoC5/ErikaOS_1_cortex_mx_ee_cpu.inc **** /******************************************************************************
 144:Generated_Source\PSoC5/ErikaOS_1_cortex_mx_ee_cpu.inc ****  CPU Peripherals
 145:Generated_Source\PSoC5/ErikaOS_1_cortex_mx_ee_cpu.inc ****  ******************************************************************************/
 146:Generated_Source\PSoC5/ErikaOS_1_cortex_mx_ee_cpu.inc **** 
 147:Generated_Source\PSoC5/ErikaOS_1_cortex_mx_ee_cpu.inc **** #ifdef __CORTEX_MX__
 148:Generated_Source\PSoC5/ErikaOS_1_cortex_mx_ee_cpu.inc **** #include "ErikaOS_1_cortex_mx_ee_nvic.inc"
 149:Generated_Source\PSoC5/ErikaOS_1_cortex_mx_ee_cpu.inc **** #include "ErikaOS_1_cortex_mx_ee_systick.inc"
 150:Generated_Source\PSoC5/ErikaOS_1_cortex_mx_ee_cpu.inc **** #endif
 151:Generated_Source\PSoC5/ErikaOS_1_cortex_mx_ee_cpu.inc **** 
 152:Generated_Source\PSoC5/ErikaOS_1_cortex_mx_ee_cpu.inc **** /******************************************************************************
 153:Generated_Source\PSoC5/ErikaOS_1_cortex_mx_ee_cpu.inc ****  HAL Variables
 154:Generated_Source\PSoC5/ErikaOS_1_cortex_mx_ee_cpu.inc ****  ******************************************************************************/
 155:Generated_Source\PSoC5/ErikaOS_1_cortex_mx_ee_cpu.inc **** 
 156:Generated_Source\PSoC5/ErikaOS_1_cortex_mx_ee_cpu.inc **** #ifdef __MULTI__
 157:Generated_Source\PSoC5/ErikaOS_1_cortex_mx_ee_cpu.inc **** 
 158:Generated_Source\PSoC5/ErikaOS_1_cortex_mx_ee_cpu.inc **** /* Top-of-stack of each private stack */
 159:Generated_Source\PSoC5/ErikaOS_1_cortex_mx_ee_cpu.inc **** extern struct EE_TOS EE_cortex_mx_system_tos[];
 160:Generated_Source\PSoC5/ErikaOS_1_cortex_mx_ee_cpu.inc **** //#define	EE_std_system_tos EE_cortex_mx_system_tos
 161:Generated_Source\PSoC5/ErikaOS_1_cortex_mx_ee_cpu.inc **** 
ARM GAS  C:\Users\DABBIR~1\AppData\Local\Temp\cco5bCFm.s 			page 6


 162:Generated_Source\PSoC5/ErikaOS_1_cortex_mx_ee_cpu.inc **** /* Index of the current stack */
 163:Generated_Source\PSoC5/ErikaOS_1_cortex_mx_ee_cpu.inc **** extern EE_UREG EE_cortex_mx_active_tos;
 164:Generated_Source\PSoC5/ErikaOS_1_cortex_mx_ee_cpu.inc **** #define	EE_hal_active_tos EE_cortex_mx_active_tos
 165:Generated_Source\PSoC5/ErikaOS_1_cortex_mx_ee_cpu.inc **** 
 166:Generated_Source\PSoC5/ErikaOS_1_cortex_mx_ee_cpu.inc **** /*extern	EE_UREG EE_pic30_thread_tos[];
 167:Generated_Source\PSoC5/ErikaOS_1_cortex_mx_ee_cpu.inc **** #define	EE_std_thread_tos EE_pic30_thread_tos */
 168:Generated_Source\PSoC5/ErikaOS_1_cortex_mx_ee_cpu.inc **** #endif /* __MULTI__ */
 169:Generated_Source\PSoC5/ErikaOS_1_cortex_mx_ee_cpu.inc **** 
 170:Generated_Source\PSoC5/ErikaOS_1_cortex_mx_ee_cpu.inc **** /*********************************************************************
 171:Generated_Source\PSoC5/ErikaOS_1_cortex_mx_ee_cpu.inc ****  Cortex M0 interrupt disabling/enabling
 172:Generated_Source\PSoC5/ErikaOS_1_cortex_mx_ee_cpu.inc ****  *********************************************************************/
 173:Generated_Source\PSoC5/ErikaOS_1_cortex_mx_ee_cpu.inc **** 
 174:Generated_Source\PSoC5/ErikaOS_1_cortex_mx_ee_cpu.inc **** /* Used to check the value returned by EE_cortex_mx_disableIRQ */
 175:Generated_Source\PSoC5/ErikaOS_1_cortex_mx_ee_cpu.inc **** #define EE_cortex_mx_are_IRQs_enabled(ie) ((ie) ^ 1)
 176:Generated_Source\PSoC5/ErikaOS_1_cortex_mx_ee_cpu.inc **** 
 177:Generated_Source\PSoC5/ErikaOS_1_cortex_mx_ee_cpu.inc **** /**
 178:Generated_Source\PSoC5/ErikaOS_1_cortex_mx_ee_cpu.inc ****  * Enable interrupts
 179:Generated_Source\PSoC5/ErikaOS_1_cortex_mx_ee_cpu.inc ****  */
 180:Generated_Source\PSoC5/ErikaOS_1_cortex_mx_ee_cpu.inc **** __INLINE__ void  EE_cortex_mx_enableIRQ(void)
 181:Generated_Source\PSoC5/ErikaOS_1_cortex_mx_ee_cpu.inc **** {
 182:Generated_Source\PSoC5/ErikaOS_1_cortex_mx_ee_cpu.inc **** #ifdef __IAR__
 183:Generated_Source\PSoC5/ErikaOS_1_cortex_mx_ee_cpu.inc **** 	__ASM ("cpsie i");
 184:Generated_Source\PSoC5/ErikaOS_1_cortex_mx_ee_cpu.inc **** #else	/* __IAR__ */
 185:Generated_Source\PSoC5/ErikaOS_1_cortex_mx_ee_cpu.inc **** #ifdef __CCS__
 186:Generated_Source\PSoC5/ErikaOS_1_cortex_mx_ee_cpu.inc **** 	__ASM ("    cpsie    i\n");
 187:Generated_Source\PSoC5/ErikaOS_1_cortex_mx_ee_cpu.inc **** #else	/* __CCS__ */
 188:Generated_Source\PSoC5/ErikaOS_1_cortex_mx_ee_cpu.inc **** #ifdef __KEIL__
 189:Generated_Source\PSoC5/ErikaOS_1_cortex_mx_ee_cpu.inc **** 	__enable_irq();
 190:Generated_Source\PSoC5/ErikaOS_1_cortex_mx_ee_cpu.inc **** #else	/* __KEIL__ */
 191:Generated_Source\PSoC5/ErikaOS_1_cortex_mx_ee_cpu.inc **** 	__ASM volatile("cpsie i");
 192:Generated_Source\PSoC5/ErikaOS_1_cortex_mx_ee_cpu.inc **** #endif	/* !__KEIL__ */
 193:Generated_Source\PSoC5/ErikaOS_1_cortex_mx_ee_cpu.inc **** #endif	/* !__CCS__ */
 194:Generated_Source\PSoC5/ErikaOS_1_cortex_mx_ee_cpu.inc **** #endif	/* !__IAR__ */
 195:Generated_Source\PSoC5/ErikaOS_1_cortex_mx_ee_cpu.inc **** }
 196:Generated_Source\PSoC5/ErikaOS_1_cortex_mx_ee_cpu.inc **** 
 197:Generated_Source\PSoC5/ErikaOS_1_cortex_mx_ee_cpu.inc **** /**
 198:Generated_Source\PSoC5/ErikaOS_1_cortex_mx_ee_cpu.inc ****  * Disable interrupts
 199:Generated_Source\PSoC5/ErikaOS_1_cortex_mx_ee_cpu.inc ****  */
 200:Generated_Source\PSoC5/ErikaOS_1_cortex_mx_ee_cpu.inc **** __INLINE__ void  EE_cortex_mx_disableIRQ(void)
 201:Generated_Source\PSoC5/ErikaOS_1_cortex_mx_ee_cpu.inc **** {
 202:Generated_Source\PSoC5/ErikaOS_1_cortex_mx_ee_cpu.inc **** #ifdef __IAR__
 203:Generated_Source\PSoC5/ErikaOS_1_cortex_mx_ee_cpu.inc **** 	__ASM ("cpsid i");
 204:Generated_Source\PSoC5/ErikaOS_1_cortex_mx_ee_cpu.inc **** #else	/* __IAR__ */
 205:Generated_Source\PSoC5/ErikaOS_1_cortex_mx_ee_cpu.inc **** #ifdef __CCS__
 206:Generated_Source\PSoC5/ErikaOS_1_cortex_mx_ee_cpu.inc **** 	__ASM ("    cpsid    i\n");
 207:Generated_Source\PSoC5/ErikaOS_1_cortex_mx_ee_cpu.inc **** #else	/* __CCS__ */
 208:Generated_Source\PSoC5/ErikaOS_1_cortex_mx_ee_cpu.inc **** #ifdef __KEIL__
 209:Generated_Source\PSoC5/ErikaOS_1_cortex_mx_ee_cpu.inc **** 	__disable_irq();
 210:Generated_Source\PSoC5/ErikaOS_1_cortex_mx_ee_cpu.inc **** #else	/* __KEIL__ */
 211:Generated_Source\PSoC5/ErikaOS_1_cortex_mx_ee_cpu.inc **** 	__ASM volatile("cpsid i");
 212:Generated_Source\PSoC5/ErikaOS_1_cortex_mx_ee_cpu.inc **** #endif	/* !__KEIL__ */
 213:Generated_Source\PSoC5/ErikaOS_1_cortex_mx_ee_cpu.inc **** #endif	/* !__CCS__ */
 214:Generated_Source\PSoC5/ErikaOS_1_cortex_mx_ee_cpu.inc **** #endif	/* !__IAR__ */
 215:Generated_Source\PSoC5/ErikaOS_1_cortex_mx_ee_cpu.inc **** }
 216:Generated_Source\PSoC5/ErikaOS_1_cortex_mx_ee_cpu.inc **** 
 217:Generated_Source\PSoC5/ErikaOS_1_cortex_mx_ee_cpu.inc **** /**
 218:Generated_Source\PSoC5/ErikaOS_1_cortex_mx_ee_cpu.inc ****  * Resume interrupts
ARM GAS  C:\Users\DABBIR~1\AppData\Local\Temp\cco5bCFm.s 			page 7


 219:Generated_Source\PSoC5/ErikaOS_1_cortex_mx_ee_cpu.inc ****  */
 220:Generated_Source\PSoC5/ErikaOS_1_cortex_mx_ee_cpu.inc **** __INLINE__ void  EE_cortex_mx_resumeIRQ(EE_FREG f)
 221:Generated_Source\PSoC5/ErikaOS_1_cortex_mx_ee_cpu.inc **** {
 222:Generated_Source\PSoC5/ErikaOS_1_cortex_mx_ee_cpu.inc **** #ifdef __IAR__
 223:Generated_Source\PSoC5/ErikaOS_1_cortex_mx_ee_cpu.inc **** 	__set_PRIMASK(f);
 224:Generated_Source\PSoC5/ErikaOS_1_cortex_mx_ee_cpu.inc **** #else	/* __IAR__ */
 225:Generated_Source\PSoC5/ErikaOS_1_cortex_mx_ee_cpu.inc **** #ifdef __CCS__
 226:Generated_Source\PSoC5/ErikaOS_1_cortex_mx_ee_cpu.inc **** 	__ASM ("    msr    primask, r0\n");
 227:Generated_Source\PSoC5/ErikaOS_1_cortex_mx_ee_cpu.inc **** #else	/* __CCS__ */
 228:Generated_Source\PSoC5/ErikaOS_1_cortex_mx_ee_cpu.inc **** #ifdef __KEIL__
 229:Generated_Source\PSoC5/ErikaOS_1_cortex_mx_ee_cpu.inc **** 	register EE_FREG PRIMASK __ASM("primask");
 230:Generated_Source\PSoC5/ErikaOS_1_cortex_mx_ee_cpu.inc **** 	PRIMASK = f;
 231:Generated_Source\PSoC5/ErikaOS_1_cortex_mx_ee_cpu.inc **** #else	/* __KEIL__ */
 232:Generated_Source\PSoC5/ErikaOS_1_cortex_mx_ee_cpu.inc **** 	__ASM volatile("msr primask, %0" :: "r" (f));
 233:Generated_Source\PSoC5/ErikaOS_1_cortex_mx_ee_cpu.inc **** #endif	/* !__KEIL__ */
 234:Generated_Source\PSoC5/ErikaOS_1_cortex_mx_ee_cpu.inc **** #endif	/* !__CCS__ */
 235:Generated_Source\PSoC5/ErikaOS_1_cortex_mx_ee_cpu.inc **** #endif	/* !__IAR__ */
 236:Generated_Source\PSoC5/ErikaOS_1_cortex_mx_ee_cpu.inc **** }
 237:Generated_Source\PSoC5/ErikaOS_1_cortex_mx_ee_cpu.inc **** 
 238:Generated_Source\PSoC5/ErikaOS_1_cortex_mx_ee_cpu.inc **** /**
 239:Generated_Source\PSoC5/ErikaOS_1_cortex_mx_ee_cpu.inc ****  * Suspend interrupts
 240:Generated_Source\PSoC5/ErikaOS_1_cortex_mx_ee_cpu.inc ****  */
 241:Generated_Source\PSoC5/ErikaOS_1_cortex_mx_ee_cpu.inc **** __INLINE__ EE_FREG  EE_cortex_mx_suspendIRQ(void)
 242:Generated_Source\PSoC5/ErikaOS_1_cortex_mx_ee_cpu.inc **** {
 243:Generated_Source\PSoC5/ErikaOS_1_cortex_mx_ee_cpu.inc **** #ifndef __CCS__
 244:Generated_Source\PSoC5/ErikaOS_1_cortex_mx_ee_cpu.inc **** 	EE_FREG istat;
 245:Generated_Source\PSoC5/ErikaOS_1_cortex_mx_ee_cpu.inc **** #endif
 246:Generated_Source\PSoC5/ErikaOS_1_cortex_mx_ee_cpu.inc **** #ifdef __IAR__
 247:Generated_Source\PSoC5/ErikaOS_1_cortex_mx_ee_cpu.inc **** 	 istat = __get_PRIMASK();
 248:Generated_Source\PSoC5/ErikaOS_1_cortex_mx_ee_cpu.inc **** 	__ASM ("cpsid i");
 249:Generated_Source\PSoC5/ErikaOS_1_cortex_mx_ee_cpu.inc **** #else	/* __IAR__ */
 250:Generated_Source\PSoC5/ErikaOS_1_cortex_mx_ee_cpu.inc **** #ifdef __CCS__
 251:Generated_Source\PSoC5/ErikaOS_1_cortex_mx_ee_cpu.inc **** 	__ASM ("    mrs     r0, primask\n"
 252:Generated_Source\PSoC5/ErikaOS_1_cortex_mx_ee_cpu.inc **** 	       "    cpsid   i\n"
 253:Generated_Source\PSoC5/ErikaOS_1_cortex_mx_ee_cpu.inc **** 	       "    bx      lr\n");
 254:Generated_Source\PSoC5/ErikaOS_1_cortex_mx_ee_cpu.inc **** #else	/* __CCS__ */
 255:Generated_Source\PSoC5/ErikaOS_1_cortex_mx_ee_cpu.inc **** #ifdef __KEIL__
 256:Generated_Source\PSoC5/ErikaOS_1_cortex_mx_ee_cpu.inc **** 	register EE_FREG PRIMASK __ASM("primask");
 257:Generated_Source\PSoC5/ErikaOS_1_cortex_mx_ee_cpu.inc **** 	istat = PRIMASK;
 258:Generated_Source\PSoC5/ErikaOS_1_cortex_mx_ee_cpu.inc **** 	__disable_irq();
 259:Generated_Source\PSoC5/ErikaOS_1_cortex_mx_ee_cpu.inc **** #else	/* __KEIL__ */
 260:Generated_Source\PSoC5/ErikaOS_1_cortex_mx_ee_cpu.inc **** 	__ASM volatile ("mrs %0, primask" : "=r" (istat) );
  46              		.loc 2 260 0
  47              		.syntax unified
  48              	@ 260 "Generated_Source\PSoC5\ErikaOS_1_cortex_mx_ee_cpu.inc" 1
  49 0006 EFF31084 		mrs r4, primask
  50              	@ 0 "" 2
 261:Generated_Source\PSoC5/ErikaOS_1_cortex_mx_ee_cpu.inc **** 	__ASM volatile ("cpsid i");
  51              		.loc 2 261 0
  52              	@ 261 "Generated_Source\PSoC5\ErikaOS_1_cortex_mx_ee_cpu.inc" 1
  53 000a 72B6     		cpsid i
  54              	@ 0 "" 2
  55              		.thumb
  56              		.syntax unified
  57              	.LBE16:
  58              	.LBE15:
  59              	.LBE14:
ARM GAS  C:\Users\DABBIR~1\AppData\Local\Temp\cco5bCFm.s 			page 8


  80:Generated_Source\PSoC5/ErikaOS_1_cortex_mx_ee_utils.c **** #endif
  81:Generated_Source\PSoC5/ErikaOS_1_cortex_mx_ee_utils.c ****   register EE_UREG flags;
  82:Generated_Source\PSoC5/ErikaOS_1_cortex_mx_ee_utils.c **** 
  83:Generated_Source\PSoC5/ErikaOS_1_cortex_mx_ee_utils.c ****   flags = EE_hal_suspendIRQ();
  84:Generated_Source\PSoC5/ErikaOS_1_cortex_mx_ee_utils.c **** 
  85:Generated_Source\PSoC5/ErikaOS_1_cortex_mx_ee_utils.c **** 	/* 
  86:Generated_Source\PSoC5/ErikaOS_1_cortex_mx_ee_utils.c **** 	 * Set the priority of PendSV to the minimum one
  87:Generated_Source\PSoC5/ErikaOS_1_cortex_mx_ee_utils.c **** 	 * PendSV is the software interrupt used for context switch
  88:Generated_Source\PSoC5/ErikaOS_1_cortex_mx_ee_utils.c **** 	 */
  89:Generated_Source\PSoC5/ErikaOS_1_cortex_mx_ee_utils.c **** 	EE_set_switch_context_pri();
  60              		.loc 1 89 0
  61 000c FFF7FEFF 		bl	EE_set_switch_context_pri
  62              	.LVL1:
  90:Generated_Source\PSoC5/ErikaOS_1_cortex_mx_ee_utils.c **** 
  91:Generated_Source\PSoC5/ErikaOS_1_cortex_mx_ee_utils.c **** #ifdef	__CORTEX_MX__
  92:Generated_Source\PSoC5/ErikaOS_1_cortex_mx_ee_utils.c **** 
  93:Generated_Source\PSoC5/ErikaOS_1_cortex_mx_ee_utils.c **** #ifdef	EE_CORTEX_MX_SYSTICK_ISR
  94:Generated_Source\PSoC5/ErikaOS_1_cortex_mx_ee_utils.c **** #ifdef	EE_CORTEX_MX_SYSTICK_ISR_PRI
  95:Generated_Source\PSoC5/ErikaOS_1_cortex_mx_ee_utils.c **** 	NVIC_SYS_PRI3_R |= (
  96:Generated_Source\PSoC5/ErikaOS_1_cortex_mx_ee_utils.c **** 	  EE_CORTEX_MX_SYSTICK_ISR_PRI << NVIC_SYS_PRI3_TICK_S
  97:Generated_Source\PSoC5/ErikaOS_1_cortex_mx_ee_utils.c **** 	);
  98:Generated_Source\PSoC5/ErikaOS_1_cortex_mx_ee_utils.c **** #endif
  99:Generated_Source\PSoC5/ErikaOS_1_cortex_mx_ee_utils.c **** #endif
 100:Generated_Source\PSoC5/ErikaOS_1_cortex_mx_ee_utils.c **** 
 101:Generated_Source\PSoC5/ErikaOS_1_cortex_mx_ee_utils.c **** #define ISR_MIN_PRI 48
 102:Generated_Source\PSoC5/ErikaOS_1_cortex_mx_ee_utils.c **** 
 103:Generated_Source\PSoC5/ErikaOS_1_cortex_mx_ee_utils.c **** #if (Number_of_ISRs > 0) && defined ISR_UART_RX__INTC_NUMBER
 104:Generated_Source\PSoC5/ErikaOS_1_cortex_mx_ee_utils.c ****     ramVectorTable[CY_INT_IRQ_BASE + (ISR_UART_RX__INTC_NUMBER & CY_INT_NUMBER_MASK)] = ISR_UART_RX
  63              		.loc 1 104 0
  64 0010 074B     		ldr	r3, .L3+4
  65 0012 2B64     		str	r3, [r5, #64]
 105:Generated_Source\PSoC5/ErikaOS_1_cortex_mx_ee_utils.c **** 	//PF v2.5.3
 106:Generated_Source\PSoC5/ErikaOS_1_cortex_mx_ee_utils.c ****     //NVIC_SET_PRI(ISR_UART_RX__INTC_NUMBER, (ISR_MIN_PRI - 1));
 107:Generated_Source\PSoC5/ErikaOS_1_cortex_mx_ee_utils.c ****     CyIntSetPriority(ISR_UART_RX__INTC_NUMBER, ISR_SCALE(1));
  66              		.loc 1 107 0
  67 0014 0121     		movs	r1, #1
  68 0016 0020     		movs	r0, #0
  69 0018 FFF7FEFF 		bl	CyIntSetPriority
  70              	.LVL2:
 108:Generated_Source\PSoC5/ErikaOS_1_cortex_mx_ee_utils.c ****     //\PF
 109:Generated_Source\PSoC5/ErikaOS_1_cortex_mx_ee_utils.c **** 	NVIC_INT_ENABLE(ISR_UART_RX__INTC_NUMBER);
  71              		.loc 1 109 0
  72 001c 054A     		ldr	r2, .L3+8
  73 001e 1368     		ldr	r3, [r2]
  74 0020 43F00103 		orr	r3, r3, #1
  75 0024 1360     		str	r3, [r2]
  76              	.LBB17:
  77              	.LBB18:
  78              	.LBB19:
 232:Generated_Source\PSoC5/ErikaOS_1_cortex_mx_ee_cpu.inc **** #endif	/* !__KEIL__ */
  79              		.loc 2 232 0
  80              		.syntax unified
  81              	@ 232 "Generated_Source\PSoC5\ErikaOS_1_cortex_mx_ee_cpu.inc" 1
  82 0026 84F31088 		msr primask, r4
  83              	@ 0 "" 2
  84              		.thumb
  85              		.syntax unified
ARM GAS  C:\Users\DABBIR~1\AppData\Local\Temp\cco5bCFm.s 			page 9


  86 002a 38BD     		pop	{r3, r4, r5, pc}
  87              	.LVL3:
  88              	.L4:
  89              		.align	2
  90              	.L3:
  91 002c 08ED00E0 		.word	-536810232
  92 0030 00000000 		.word	ISR_UART_RX
  93 0034 00E100E0 		.word	-536813312
  94              	.LBE19:
  95              	.LBE18:
  96              	.LBE17:
  97              		.cfi_endproc
  98              	.LFE66:
  99              		.size	EE_system_init, .-EE_system_init
 100              		.text
 101              	.Letext0:
 102              		.file 3 "Generated_Source\\PSoC5\\ErikaOS_1_common_ee_types.inc"
 103              		.file 4 "Generated_Source\\PSoC5\\ErikaOS_1_ee_oo_common.inc"
 104              		.file 5 "Generated_Source\\PSoC5\\cytypes.h"
 105              		.file 6 "Generated_Source\\PSoC5\\ErikaOS_1_common_ee_primitives.inc"
 106              		.file 7 "Generated_Source\\PSoC5\\ErikaOS_1_cortex_mx_ee_context.inc"
 107              		.file 8 "Generated_Source\\PSoC5\\ErikaOS_1_ee_oo_intfunc.inc"
 108              		.file 9 "Generated_Source\\PSoC5\\ErikaOS_1_ee_oo_internal.inc"
 109              		.file 10 "Generated_Source\\PSoC5\\cylib.h"
 110              		.section	.debug_info,"",%progbits
 111              	.Ldebug_info0:
 112 0000 4F030000 		.4byte	0x34f
 113 0004 0400     		.2byte	0x4
 114 0006 00000000 		.4byte	.Ldebug_abbrev0
 115 000a 04       		.byte	0x4
 116 000b 01       		.uleb128 0x1
 117 000c 37010000 		.4byte	.LASF47
 118 0010 0C       		.byte	0xc
 119 0011 E9030000 		.4byte	.LASF48
 120 0015 53000000 		.4byte	.LASF49
 121 0019 00000000 		.4byte	.Ldebug_ranges0+0
 122 001d 00000000 		.4byte	0
 123 0021 00000000 		.4byte	.Ldebug_line0
 124 0025 02       		.uleb128 0x2
 125 0026 01       		.byte	0x1
 126 0027 06       		.byte	0x6
 127 0028 A7030000 		.4byte	.LASF0
 128 002c 02       		.uleb128 0x2
 129 002d 01       		.byte	0x1
 130 002e 08       		.byte	0x8
 131 002f 29010000 		.4byte	.LASF1
 132 0033 02       		.uleb128 0x2
 133 0034 02       		.byte	0x2
 134 0035 05       		.byte	0x5
 135 0036 6A030000 		.4byte	.LASF2
 136 003a 02       		.uleb128 0x2
 137 003b 02       		.byte	0x2
 138 003c 07       		.byte	0x7
 139 003d 07020000 		.4byte	.LASF3
 140 0041 02       		.uleb128 0x2
 141 0042 04       		.byte	0x4
 142 0043 05       		.byte	0x5
ARM GAS  C:\Users\DABBIR~1\AppData\Local\Temp\cco5bCFm.s 			page 10


 143 0044 85030000 		.4byte	.LASF4
 144 0048 02       		.uleb128 0x2
 145 0049 04       		.byte	0x4
 146 004a 07       		.byte	0x7
 147 004b E1010000 		.4byte	.LASF5
 148 004f 02       		.uleb128 0x2
 149 0050 08       		.byte	0x8
 150 0051 05       		.byte	0x5
 151 0052 1F030000 		.4byte	.LASF6
 152 0056 02       		.uleb128 0x2
 153 0057 08       		.byte	0x8
 154 0058 07       		.byte	0x7
 155 0059 AD020000 		.4byte	.LASF7
 156 005d 03       		.uleb128 0x3
 157 005e 04       		.byte	0x4
 158 005f 05       		.byte	0x5
 159 0060 696E7400 		.ascii	"int\000"
 160 0064 02       		.uleb128 0x2
 161 0065 04       		.byte	0x4
 162 0066 07       		.byte	0x7
 163 0067 85020000 		.4byte	.LASF8
 164 006b 02       		.uleb128 0x2
 165 006c 08       		.byte	0x8
 166 006d 04       		.byte	0x4
 167 006e 9B030000 		.4byte	.LASF9
 168 0072 04       		.uleb128 0x4
 169 0073 D5020000 		.4byte	.LASF10
 170 0077 03       		.byte	0x3
 171 0078 3F       		.byte	0x3f
 172 0079 25000000 		.4byte	0x25
 173 007d 04       		.uleb128 0x4
 174 007e 7B020000 		.4byte	.LASF11
 175 0082 03       		.byte	0x3
 176 0083 52       		.byte	0x52
 177 0084 3A000000 		.4byte	0x3a
 178 0088 04       		.uleb128 0x4
 179 0089 D8010000 		.4byte	.LASF12
 180 008d 03       		.byte	0x3
 181 008e 53       		.byte	0x53
 182 008f 5D000000 		.4byte	0x5d
 183 0093 04       		.uleb128 0x4
 184 0094 98020000 		.4byte	.LASF13
 185 0098 03       		.byte	0x3
 186 0099 54       		.byte	0x54
 187 009a 64000000 		.4byte	0x64
 188 009e 05       		.uleb128 0x5
 189 009f 04       		.byte	0x4
 190 00a0 A4000000 		.4byte	0xa4
 191 00a4 06       		.uleb128 0x6
 192 00a5 04       		.uleb128 0x4
 193 00a6 41030000 		.4byte	.LASF14
 194 00aa 02       		.byte	0x2
 195 00ab 4D       		.byte	0x4d
 196 00ac 93000000 		.4byte	0x93
 197 00b0 04       		.uleb128 0x4
 198 00b1 DD020000 		.4byte	.LASF15
 199 00b5 02       		.byte	0x2
ARM GAS  C:\Users\DABBIR~1\AppData\Local\Temp\cco5bCFm.s 			page 11


 200 00b6 4F       		.byte	0x4f
 201 00b7 93000000 		.4byte	0x93
 202 00bb 04       		.uleb128 0x4
 203 00bc 10000000 		.4byte	.LASF16
 204 00c0 02       		.byte	0x2
 205 00c1 54       		.byte	0x54
 206 00c2 A5000000 		.4byte	0xa5
 207 00c6 04       		.uleb128 0x4
 208 00c7 05010000 		.4byte	.LASF17
 209 00cb 02       		.byte	0x2
 210 00cc 78       		.byte	0x78
 211 00cd 88000000 		.4byte	0x88
 212 00d1 07       		.uleb128 0x7
 213 00d2 00000000 		.4byte	.LASF18
 214 00d6 04       		.byte	0x4
 215 00d7 1101     		.2byte	0x111
 216 00d9 7D000000 		.4byte	0x7d
 217 00dd 02       		.uleb128 0x2
 218 00de 04       		.byte	0x4
 219 00df 07       		.byte	0x7
 220 00e0 16030000 		.4byte	.LASF19
 221 00e4 02       		.uleb128 0x2
 222 00e5 01       		.byte	0x1
 223 00e6 08       		.byte	0x8
 224 00e7 2D030000 		.4byte	.LASF20
 225 00eb 02       		.uleb128 0x2
 226 00ec 04       		.byte	0x4
 227 00ed 04       		.byte	0x4
 228 00ee 23010000 		.4byte	.LASF21
 229 00f2 02       		.uleb128 0x2
 230 00f3 08       		.byte	0x8
 231 00f4 04       		.byte	0x4
 232 00f5 4C020000 		.4byte	.LASF22
 233 00f9 07       		.uleb128 0x7
 234 00fa F8020000 		.4byte	.LASF23
 235 00fe 05       		.byte	0x5
 236 00ff A402     		.2byte	0x2a4
 237 0101 9E000000 		.4byte	0x9e
 238 0105 08       		.uleb128 0x8
 239 0106 0C010000 		.4byte	.LASF24
 240 010a 02       		.byte	0x2
 241 010b DC       		.byte	0xdc
 242 010c 03       		.byte	0x3
 243 010d 1B010000 		.4byte	0x11b
 244 0111 09       		.uleb128 0x9
 245 0112 6600     		.ascii	"f\000"
 246 0114 02       		.byte	0x2
 247 0115 DC       		.byte	0xdc
 248 0116 B0000000 		.4byte	0xb0
 249 011a 00       		.byte	0
 250 011b 0A       		.uleb128 0xa
 251 011c C4030000 		.4byte	.LASF50
 252 0120 02       		.byte	0x2
 253 0121 F1       		.byte	0xf1
 254 0122 B0000000 		.4byte	0xb0
 255 0126 03       		.byte	0x3
 256 0127 37010000 		.4byte	0x137
ARM GAS  C:\Users\DABBIR~1\AppData\Local\Temp\cco5bCFm.s 			page 12


 257 012b 0B       		.uleb128 0xb
 258 012c FF000000 		.4byte	.LASF26
 259 0130 02       		.byte	0x2
 260 0131 F4       		.byte	0xf4
 261 0132 B0000000 		.4byte	0xb0
 262 0136 00       		.byte	0
 263 0137 0C       		.uleb128 0xc
 264 0138 74030000 		.4byte	.LASF25
 265 013c 02       		.byte	0x2
 266 013d A201     		.2byte	0x1a2
 267 013f 03       		.byte	0x3
 268 0140 4F010000 		.4byte	0x14f
 269 0144 0D       		.uleb128 0xd
 270 0145 6600     		.ascii	"f\000"
 271 0147 02       		.byte	0x2
 272 0148 A201     		.2byte	0x1a2
 273 014a B0000000 		.4byte	0xb0
 274 014e 00       		.byte	0
 275 014f 0E       		.uleb128 0xe
 276 0150 D4000000 		.4byte	.LASF51
 277 0154 02       		.byte	0x2
 278 0155 A801     		.2byte	0x1a8
 279 0157 B0000000 		.4byte	0xb0
 280 015b 03       		.byte	0x3
 281 015c 0F       		.uleb128 0xf
 282 015d 1C000000 		.4byte	.LASF52
 283 0161 01       		.byte	0x1
 284 0162 4C       		.byte	0x4c
 285 0163 00000000 		.4byte	.LFB66
 286 0167 38000000 		.4byte	.LFE66-.LFB66
 287 016b 01       		.uleb128 0x1
 288 016c 9C       		.byte	0x9c
 289 016d 0D020000 		.4byte	0x20d
 290 0171 10       		.uleb128 0x10
 291 0172 32030000 		.4byte	.LASF53
 292 0176 01       		.byte	0x1
 293 0177 4F       		.byte	0x4f
 294 0178 0D020000 		.4byte	0x20d
 295 017c 00000000 		.4byte	.LLST0
 296 0180 0B       		.uleb128 0xb
 297 0181 92020000 		.4byte	.LASF27
 298 0185 01       		.byte	0x1
 299 0186 51       		.byte	0x51
 300 0187 A5000000 		.4byte	0xa5
 301 018b 11       		.uleb128 0x11
 302 018c 4F010000 		.4byte	0x14f
 303 0190 06000000 		.4byte	.LBB14
 304 0194 06000000 		.4byte	.LBE14-.LBB14
 305 0198 01       		.byte	0x1
 306 0199 53       		.byte	0x53
 307 019a BF010000 		.4byte	0x1bf
 308 019e 12       		.uleb128 0x12
 309 019f 1B010000 		.4byte	0x11b
 310 01a3 06000000 		.4byte	.LBB15
 311 01a7 06000000 		.4byte	.LBE15-.LBB15
 312 01ab 02       		.byte	0x2
 313 01ac AA01     		.2byte	0x1aa
ARM GAS  C:\Users\DABBIR~1\AppData\Local\Temp\cco5bCFm.s 			page 13


 314 01ae 13       		.uleb128 0x13
 315 01af 06000000 		.4byte	.LBB16
 316 01b3 06000000 		.4byte	.LBE16-.LBB16
 317 01b7 14       		.uleb128 0x14
 318 01b8 2B010000 		.4byte	0x12b
 319 01bc 00       		.byte	0
 320 01bd 00       		.byte	0
 321 01be 00       		.byte	0
 322 01bf 15       		.uleb128 0x15
 323 01c0 37010000 		.4byte	0x137
 324 01c4 26000000 		.4byte	.LBB17
 325 01c8 12000000 		.4byte	.LBE17-.LBB17
 326 01cc 01       		.byte	0x1
 327 01cd 1901     		.2byte	0x119
 328 01cf EF010000 		.4byte	0x1ef
 329 01d3 16       		.uleb128 0x16
 330 01d4 44010000 		.4byte	0x144
 331 01d8 12       		.uleb128 0x12
 332 01d9 05010000 		.4byte	0x105
 333 01dd 26000000 		.4byte	.LBB18
 334 01e1 12000000 		.4byte	.LBE18-.LBB18
 335 01e5 02       		.byte	0x2
 336 01e6 A401     		.2byte	0x1a4
 337 01e8 16       		.uleb128 0x16
 338 01e9 11010000 		.4byte	0x111
 339 01ed 00       		.byte	0
 340 01ee 00       		.byte	0
 341 01ef 17       		.uleb128 0x17
 342 01f0 10000000 		.4byte	.LVL1
 343 01f4 3C030000 		.4byte	0x33c
 344 01f8 18       		.uleb128 0x18
 345 01f9 1C000000 		.4byte	.LVL2
 346 01fd 47030000 		.4byte	0x347
 347 0201 19       		.uleb128 0x19
 348 0202 01       		.uleb128 0x1
 349 0203 50       		.byte	0x50
 350 0204 01       		.uleb128 0x1
 351 0205 30       		.byte	0x30
 352 0206 19       		.uleb128 0x19
 353 0207 01       		.uleb128 0x1
 354 0208 51       		.byte	0x51
 355 0209 01       		.uleb128 0x1
 356 020a 31       		.byte	0x31
 357 020b 00       		.byte	0
 358 020c 00       		.byte	0
 359 020d 05       		.uleb128 0x5
 360 020e 04       		.byte	0x4
 361 020f F9000000 		.4byte	0xf9
 362 0213 1A       		.uleb128 0x1a
 363 0214 49030000 		.4byte	.LASF28
 364 0218 06       		.byte	0x6
 365 0219 44       		.byte	0x44
 366 021a A5000000 		.4byte	0xa5
 367 021e 1A       		.uleb128 0x1a
 368 021f 62020000 		.4byte	.LASF29
 369 0223 07       		.byte	0x7
 370 0224 48       		.byte	0x48
ARM GAS  C:\Users\DABBIR~1\AppData\Local\Temp\cco5bCFm.s 			page 14


 371 0225 C6000000 		.4byte	0xc6
 372 0229 1B       		.uleb128 0x1b
 373 022a 39020000 		.4byte	0x239
 374 022e 39020000 		.4byte	0x239
 375 0232 1C       		.uleb128 0x1c
 376 0233 DD000000 		.4byte	0xdd
 377 0237 03       		.byte	0x3
 378 0238 00       		.byte	0
 379 0239 1D       		.uleb128 0x1d
 380 023a A5000000 		.4byte	0xa5
 381 023e 1A       		.uleb128 0x1a
 382 023f 05030000 		.4byte	.LASF30
 383 0243 04       		.byte	0x4
 384 0244 B2       		.byte	0xb2
 385 0245 49020000 		.4byte	0x249
 386 0249 1D       		.uleb128 0x1d
 387 024a 29020000 		.4byte	0x229
 388 024e 1A       		.uleb128 0x1a
 389 024f F3010000 		.4byte	.LASF31
 390 0253 04       		.byte	0x4
 391 0254 B3       		.byte	0xb3
 392 0255 59020000 		.4byte	0x259
 393 0259 1D       		.uleb128 0x1d
 394 025a 29020000 		.4byte	0x229
 395 025e 1B       		.uleb128 0x1b
 396 025f A5000000 		.4byte	0xa5
 397 0263 6E020000 		.4byte	0x26e
 398 0267 1C       		.uleb128 0x1c
 399 0268 DD000000 		.4byte	0xdd
 400 026c 03       		.byte	0x3
 401 026d 00       		.byte	0
 402 026e 1A       		.uleb128 0x1a
 403 026f DC030000 		.4byte	.LASF32
 404 0273 04       		.byte	0x4
 405 0274 CA       		.byte	0xca
 406 0275 5E020000 		.4byte	0x25e
 407 0279 1B       		.uleb128 0x1b
 408 027a C6000000 		.4byte	0xc6
 409 027e 89020000 		.4byte	0x289
 410 0282 1C       		.uleb128 0x1c
 411 0283 DD000000 		.4byte	0xdd
 412 0287 03       		.byte	0x3
 413 0288 00       		.byte	0
 414 0289 1A       		.uleb128 0x1a
 415 028a A2020000 		.4byte	.LASF33
 416 028e 04       		.byte	0x4
 417 028f D2       		.byte	0xd2
 418 0290 79020000 		.4byte	0x279
 419 0294 1A       		.uleb128 0x1a
 420 0295 1A020000 		.4byte	.LASF34
 421 0299 04       		.byte	0x4
 422 029a DA       		.byte	0xda
 423 029b 5E020000 		.4byte	0x25e
 424 029f 1A       		.uleb128 0x1a
 425 02a0 5E030000 		.4byte	.LASF35
 426 02a4 04       		.byte	0x4
 427 02a5 E2       		.byte	0xe2
ARM GAS  C:\Users\DABBIR~1\AppData\Local\Temp\cco5bCFm.s 			page 15


 428 02a6 C6000000 		.4byte	0xc6
 429 02aa 1A       		.uleb128 0x1a
 430 02ab 53020000 		.4byte	.LASF36
 431 02af 04       		.byte	0x4
 432 02b0 F7       		.byte	0xf7
 433 02b1 A5000000 		.4byte	0xa5
 434 02b5 1E       		.uleb128 0x1e
 435 02b6 2B000000 		.4byte	.LASF37
 436 02ba 04       		.byte	0x4
 437 02bb 3F01     		.2byte	0x13f
 438 02bd D1000000 		.4byte	0xd1
 439 02c1 1E       		.uleb128 0x1e
 440 02c2 C5010000 		.4byte	.LASF38
 441 02c6 04       		.byte	0x4
 442 02c7 5C01     		.2byte	0x15c
 443 02c9 5E020000 		.4byte	0x25e
 444 02cd 1B       		.uleb128 0x1b
 445 02ce BB000000 		.4byte	0xbb
 446 02d2 DD020000 		.4byte	0x2dd
 447 02d6 1C       		.uleb128 0x1c
 448 02d7 DD000000 		.4byte	0xdd
 449 02db 03       		.byte	0x3
 450 02dc 00       		.byte	0
 451 02dd 1E       		.uleb128 0x1e
 452 02de B3030000 		.4byte	.LASF39
 453 02e2 04       		.byte	0x4
 454 02e3 6701     		.2byte	0x167
 455 02e5 CD020000 		.4byte	0x2cd
 456 02e9 1A       		.uleb128 0x1a
 457 02ea 26020000 		.4byte	.LASF40
 458 02ee 08       		.byte	0x8
 459 02ef 40       		.byte	0x40
 460 02f0 A5000000 		.4byte	0xa5
 461 02f4 1A       		.uleb128 0x1a
 462 02f5 E6000000 		.4byte	.LASF41
 463 02f9 08       		.byte	0x8
 464 02fa 47       		.byte	0x47
 465 02fb B0000000 		.4byte	0xb0
 466 02ff 1A       		.uleb128 0x1a
 467 0300 E5020000 		.4byte	.LASF42
 468 0304 08       		.byte	0x8
 469 0305 4A       		.byte	0x4a
 470 0306 A5000000 		.4byte	0xa5
 471 030a 1B       		.uleb128 0x1b
 472 030b 1A030000 		.4byte	0x31a
 473 030f 1A030000 		.4byte	0x31a
 474 0313 1C       		.uleb128 0x1c
 475 0314 DD000000 		.4byte	0xdd
 476 0318 FF       		.byte	0xff
 477 0319 00       		.byte	0
 478 031a 1D       		.uleb128 0x1d
 479 031b 72000000 		.4byte	0x72
 480 031f 1E       		.uleb128 0x1e
 481 0320 8E030000 		.4byte	.LASF43
 482 0324 09       		.byte	0x9
 483 0325 AB01     		.2byte	0x1ab
 484 0327 2B030000 		.4byte	0x32b
ARM GAS  C:\Users\DABBIR~1\AppData\Local\Temp\cco5bCFm.s 			page 16


 485 032b 1D       		.uleb128 0x1d
 486 032c 0A030000 		.4byte	0x30a
 487 0330 1E       		.uleb128 0x1e
 488 0331 3E020000 		.4byte	.LASF44
 489 0335 09       		.byte	0x9
 490 0336 1602     		.2byte	0x216
 491 0338 A5000000 		.4byte	0xa5
 492 033c 1F       		.uleb128 0x1f
 493 033d 39000000 		.4byte	.LASF45
 494 0341 39000000 		.4byte	.LASF45
 495 0345 01       		.byte	0x1
 496 0346 49       		.byte	0x49
 497 0347 1F       		.uleb128 0x1f
 498 0348 C4020000 		.4byte	.LASF46
 499 034c C4020000 		.4byte	.LASF46
 500 0350 0A       		.byte	0xa
 501 0351 8B       		.byte	0x8b
 502 0352 00       		.byte	0
 503              		.section	.debug_abbrev,"",%progbits
 504              	.Ldebug_abbrev0:
 505 0000 01       		.uleb128 0x1
 506 0001 11       		.uleb128 0x11
 507 0002 01       		.byte	0x1
 508 0003 25       		.uleb128 0x25
 509 0004 0E       		.uleb128 0xe
 510 0005 13       		.uleb128 0x13
 511 0006 0B       		.uleb128 0xb
 512 0007 03       		.uleb128 0x3
 513 0008 0E       		.uleb128 0xe
 514 0009 1B       		.uleb128 0x1b
 515 000a 0E       		.uleb128 0xe
 516 000b 55       		.uleb128 0x55
 517 000c 17       		.uleb128 0x17
 518 000d 11       		.uleb128 0x11
 519 000e 01       		.uleb128 0x1
 520 000f 10       		.uleb128 0x10
 521 0010 17       		.uleb128 0x17
 522 0011 00       		.byte	0
 523 0012 00       		.byte	0
 524 0013 02       		.uleb128 0x2
 525 0014 24       		.uleb128 0x24
 526 0015 00       		.byte	0
 527 0016 0B       		.uleb128 0xb
 528 0017 0B       		.uleb128 0xb
 529 0018 3E       		.uleb128 0x3e
 530 0019 0B       		.uleb128 0xb
 531 001a 03       		.uleb128 0x3
 532 001b 0E       		.uleb128 0xe
 533 001c 00       		.byte	0
 534 001d 00       		.byte	0
 535 001e 03       		.uleb128 0x3
 536 001f 24       		.uleb128 0x24
 537 0020 00       		.byte	0
 538 0021 0B       		.uleb128 0xb
 539 0022 0B       		.uleb128 0xb
 540 0023 3E       		.uleb128 0x3e
 541 0024 0B       		.uleb128 0xb
ARM GAS  C:\Users\DABBIR~1\AppData\Local\Temp\cco5bCFm.s 			page 17


 542 0025 03       		.uleb128 0x3
 543 0026 08       		.uleb128 0x8
 544 0027 00       		.byte	0
 545 0028 00       		.byte	0
 546 0029 04       		.uleb128 0x4
 547 002a 16       		.uleb128 0x16
 548 002b 00       		.byte	0
 549 002c 03       		.uleb128 0x3
 550 002d 0E       		.uleb128 0xe
 551 002e 3A       		.uleb128 0x3a
 552 002f 0B       		.uleb128 0xb
 553 0030 3B       		.uleb128 0x3b
 554 0031 0B       		.uleb128 0xb
 555 0032 49       		.uleb128 0x49
 556 0033 13       		.uleb128 0x13
 557 0034 00       		.byte	0
 558 0035 00       		.byte	0
 559 0036 05       		.uleb128 0x5
 560 0037 0F       		.uleb128 0xf
 561 0038 00       		.byte	0
 562 0039 0B       		.uleb128 0xb
 563 003a 0B       		.uleb128 0xb
 564 003b 49       		.uleb128 0x49
 565 003c 13       		.uleb128 0x13
 566 003d 00       		.byte	0
 567 003e 00       		.byte	0
 568 003f 06       		.uleb128 0x6
 569 0040 15       		.uleb128 0x15
 570 0041 00       		.byte	0
 571 0042 27       		.uleb128 0x27
 572 0043 19       		.uleb128 0x19
 573 0044 00       		.byte	0
 574 0045 00       		.byte	0
 575 0046 07       		.uleb128 0x7
 576 0047 16       		.uleb128 0x16
 577 0048 00       		.byte	0
 578 0049 03       		.uleb128 0x3
 579 004a 0E       		.uleb128 0xe
 580 004b 3A       		.uleb128 0x3a
 581 004c 0B       		.uleb128 0xb
 582 004d 3B       		.uleb128 0x3b
 583 004e 05       		.uleb128 0x5
 584 004f 49       		.uleb128 0x49
 585 0050 13       		.uleb128 0x13
 586 0051 00       		.byte	0
 587 0052 00       		.byte	0
 588 0053 08       		.uleb128 0x8
 589 0054 2E       		.uleb128 0x2e
 590 0055 01       		.byte	0x1
 591 0056 03       		.uleb128 0x3
 592 0057 0E       		.uleb128 0xe
 593 0058 3A       		.uleb128 0x3a
 594 0059 0B       		.uleb128 0xb
 595 005a 3B       		.uleb128 0x3b
 596 005b 0B       		.uleb128 0xb
 597 005c 27       		.uleb128 0x27
 598 005d 19       		.uleb128 0x19
ARM GAS  C:\Users\DABBIR~1\AppData\Local\Temp\cco5bCFm.s 			page 18


 599 005e 20       		.uleb128 0x20
 600 005f 0B       		.uleb128 0xb
 601 0060 01       		.uleb128 0x1
 602 0061 13       		.uleb128 0x13
 603 0062 00       		.byte	0
 604 0063 00       		.byte	0
 605 0064 09       		.uleb128 0x9
 606 0065 05       		.uleb128 0x5
 607 0066 00       		.byte	0
 608 0067 03       		.uleb128 0x3
 609 0068 08       		.uleb128 0x8
 610 0069 3A       		.uleb128 0x3a
 611 006a 0B       		.uleb128 0xb
 612 006b 3B       		.uleb128 0x3b
 613 006c 0B       		.uleb128 0xb
 614 006d 49       		.uleb128 0x49
 615 006e 13       		.uleb128 0x13
 616 006f 00       		.byte	0
 617 0070 00       		.byte	0
 618 0071 0A       		.uleb128 0xa
 619 0072 2E       		.uleb128 0x2e
 620 0073 01       		.byte	0x1
 621 0074 03       		.uleb128 0x3
 622 0075 0E       		.uleb128 0xe
 623 0076 3A       		.uleb128 0x3a
 624 0077 0B       		.uleb128 0xb
 625 0078 3B       		.uleb128 0x3b
 626 0079 0B       		.uleb128 0xb
 627 007a 27       		.uleb128 0x27
 628 007b 19       		.uleb128 0x19
 629 007c 49       		.uleb128 0x49
 630 007d 13       		.uleb128 0x13
 631 007e 20       		.uleb128 0x20
 632 007f 0B       		.uleb128 0xb
 633 0080 01       		.uleb128 0x1
 634 0081 13       		.uleb128 0x13
 635 0082 00       		.byte	0
 636 0083 00       		.byte	0
 637 0084 0B       		.uleb128 0xb
 638 0085 34       		.uleb128 0x34
 639 0086 00       		.byte	0
 640 0087 03       		.uleb128 0x3
 641 0088 0E       		.uleb128 0xe
 642 0089 3A       		.uleb128 0x3a
 643 008a 0B       		.uleb128 0xb
 644 008b 3B       		.uleb128 0x3b
 645 008c 0B       		.uleb128 0xb
 646 008d 49       		.uleb128 0x49
 647 008e 13       		.uleb128 0x13
 648 008f 00       		.byte	0
 649 0090 00       		.byte	0
 650 0091 0C       		.uleb128 0xc
 651 0092 2E       		.uleb128 0x2e
 652 0093 01       		.byte	0x1
 653 0094 03       		.uleb128 0x3
 654 0095 0E       		.uleb128 0xe
 655 0096 3A       		.uleb128 0x3a
ARM GAS  C:\Users\DABBIR~1\AppData\Local\Temp\cco5bCFm.s 			page 19


 656 0097 0B       		.uleb128 0xb
 657 0098 3B       		.uleb128 0x3b
 658 0099 05       		.uleb128 0x5
 659 009a 27       		.uleb128 0x27
 660 009b 19       		.uleb128 0x19
 661 009c 20       		.uleb128 0x20
 662 009d 0B       		.uleb128 0xb
 663 009e 01       		.uleb128 0x1
 664 009f 13       		.uleb128 0x13
 665 00a0 00       		.byte	0
 666 00a1 00       		.byte	0
 667 00a2 0D       		.uleb128 0xd
 668 00a3 05       		.uleb128 0x5
 669 00a4 00       		.byte	0
 670 00a5 03       		.uleb128 0x3
 671 00a6 08       		.uleb128 0x8
 672 00a7 3A       		.uleb128 0x3a
 673 00a8 0B       		.uleb128 0xb
 674 00a9 3B       		.uleb128 0x3b
 675 00aa 05       		.uleb128 0x5
 676 00ab 49       		.uleb128 0x49
 677 00ac 13       		.uleb128 0x13
 678 00ad 00       		.byte	0
 679 00ae 00       		.byte	0
 680 00af 0E       		.uleb128 0xe
 681 00b0 2E       		.uleb128 0x2e
 682 00b1 00       		.byte	0
 683 00b2 03       		.uleb128 0x3
 684 00b3 0E       		.uleb128 0xe
 685 00b4 3A       		.uleb128 0x3a
 686 00b5 0B       		.uleb128 0xb
 687 00b6 3B       		.uleb128 0x3b
 688 00b7 05       		.uleb128 0x5
 689 00b8 27       		.uleb128 0x27
 690 00b9 19       		.uleb128 0x19
 691 00ba 49       		.uleb128 0x49
 692 00bb 13       		.uleb128 0x13
 693 00bc 20       		.uleb128 0x20
 694 00bd 0B       		.uleb128 0xb
 695 00be 00       		.byte	0
 696 00bf 00       		.byte	0
 697 00c0 0F       		.uleb128 0xf
 698 00c1 2E       		.uleb128 0x2e
 699 00c2 01       		.byte	0x1
 700 00c3 3F       		.uleb128 0x3f
 701 00c4 19       		.uleb128 0x19
 702 00c5 03       		.uleb128 0x3
 703 00c6 0E       		.uleb128 0xe
 704 00c7 3A       		.uleb128 0x3a
 705 00c8 0B       		.uleb128 0xb
 706 00c9 3B       		.uleb128 0x3b
 707 00ca 0B       		.uleb128 0xb
 708 00cb 27       		.uleb128 0x27
 709 00cc 19       		.uleb128 0x19
 710 00cd 11       		.uleb128 0x11
 711 00ce 01       		.uleb128 0x1
 712 00cf 12       		.uleb128 0x12
ARM GAS  C:\Users\DABBIR~1\AppData\Local\Temp\cco5bCFm.s 			page 20


 713 00d0 06       		.uleb128 0x6
 714 00d1 40       		.uleb128 0x40
 715 00d2 18       		.uleb128 0x18
 716 00d3 9742     		.uleb128 0x2117
 717 00d5 19       		.uleb128 0x19
 718 00d6 01       		.uleb128 0x1
 719 00d7 13       		.uleb128 0x13
 720 00d8 00       		.byte	0
 721 00d9 00       		.byte	0
 722 00da 10       		.uleb128 0x10
 723 00db 34       		.uleb128 0x34
 724 00dc 00       		.byte	0
 725 00dd 03       		.uleb128 0x3
 726 00de 0E       		.uleb128 0xe
 727 00df 3A       		.uleb128 0x3a
 728 00e0 0B       		.uleb128 0xb
 729 00e1 3B       		.uleb128 0x3b
 730 00e2 0B       		.uleb128 0xb
 731 00e3 49       		.uleb128 0x49
 732 00e4 13       		.uleb128 0x13
 733 00e5 02       		.uleb128 0x2
 734 00e6 17       		.uleb128 0x17
 735 00e7 00       		.byte	0
 736 00e8 00       		.byte	0
 737 00e9 11       		.uleb128 0x11
 738 00ea 1D       		.uleb128 0x1d
 739 00eb 01       		.byte	0x1
 740 00ec 31       		.uleb128 0x31
 741 00ed 13       		.uleb128 0x13
 742 00ee 11       		.uleb128 0x11
 743 00ef 01       		.uleb128 0x1
 744 00f0 12       		.uleb128 0x12
 745 00f1 06       		.uleb128 0x6
 746 00f2 58       		.uleb128 0x58
 747 00f3 0B       		.uleb128 0xb
 748 00f4 59       		.uleb128 0x59
 749 00f5 0B       		.uleb128 0xb
 750 00f6 01       		.uleb128 0x1
 751 00f7 13       		.uleb128 0x13
 752 00f8 00       		.byte	0
 753 00f9 00       		.byte	0
 754 00fa 12       		.uleb128 0x12
 755 00fb 1D       		.uleb128 0x1d
 756 00fc 01       		.byte	0x1
 757 00fd 31       		.uleb128 0x31
 758 00fe 13       		.uleb128 0x13
 759 00ff 11       		.uleb128 0x11
 760 0100 01       		.uleb128 0x1
 761 0101 12       		.uleb128 0x12
 762 0102 06       		.uleb128 0x6
 763 0103 58       		.uleb128 0x58
 764 0104 0B       		.uleb128 0xb
 765 0105 59       		.uleb128 0x59
 766 0106 05       		.uleb128 0x5
 767 0107 00       		.byte	0
 768 0108 00       		.byte	0
 769 0109 13       		.uleb128 0x13
ARM GAS  C:\Users\DABBIR~1\AppData\Local\Temp\cco5bCFm.s 			page 21


 770 010a 0B       		.uleb128 0xb
 771 010b 01       		.byte	0x1
 772 010c 11       		.uleb128 0x11
 773 010d 01       		.uleb128 0x1
 774 010e 12       		.uleb128 0x12
 775 010f 06       		.uleb128 0x6
 776 0110 00       		.byte	0
 777 0111 00       		.byte	0
 778 0112 14       		.uleb128 0x14
 779 0113 34       		.uleb128 0x34
 780 0114 00       		.byte	0
 781 0115 31       		.uleb128 0x31
 782 0116 13       		.uleb128 0x13
 783 0117 00       		.byte	0
 784 0118 00       		.byte	0
 785 0119 15       		.uleb128 0x15
 786 011a 1D       		.uleb128 0x1d
 787 011b 01       		.byte	0x1
 788 011c 31       		.uleb128 0x31
 789 011d 13       		.uleb128 0x13
 790 011e 11       		.uleb128 0x11
 791 011f 01       		.uleb128 0x1
 792 0120 12       		.uleb128 0x12
 793 0121 06       		.uleb128 0x6
 794 0122 58       		.uleb128 0x58
 795 0123 0B       		.uleb128 0xb
 796 0124 59       		.uleb128 0x59
 797 0125 05       		.uleb128 0x5
 798 0126 01       		.uleb128 0x1
 799 0127 13       		.uleb128 0x13
 800 0128 00       		.byte	0
 801 0129 00       		.byte	0
 802 012a 16       		.uleb128 0x16
 803 012b 05       		.uleb128 0x5
 804 012c 00       		.byte	0
 805 012d 31       		.uleb128 0x31
 806 012e 13       		.uleb128 0x13
 807 012f 00       		.byte	0
 808 0130 00       		.byte	0
 809 0131 17       		.uleb128 0x17
 810 0132 898201   		.uleb128 0x4109
 811 0135 00       		.byte	0
 812 0136 11       		.uleb128 0x11
 813 0137 01       		.uleb128 0x1
 814 0138 31       		.uleb128 0x31
 815 0139 13       		.uleb128 0x13
 816 013a 00       		.byte	0
 817 013b 00       		.byte	0
 818 013c 18       		.uleb128 0x18
 819 013d 898201   		.uleb128 0x4109
 820 0140 01       		.byte	0x1
 821 0141 11       		.uleb128 0x11
 822 0142 01       		.uleb128 0x1
 823 0143 31       		.uleb128 0x31
 824 0144 13       		.uleb128 0x13
 825 0145 00       		.byte	0
 826 0146 00       		.byte	0
ARM GAS  C:\Users\DABBIR~1\AppData\Local\Temp\cco5bCFm.s 			page 22


 827 0147 19       		.uleb128 0x19
 828 0148 8A8201   		.uleb128 0x410a
 829 014b 00       		.byte	0
 830 014c 02       		.uleb128 0x2
 831 014d 18       		.uleb128 0x18
 832 014e 9142     		.uleb128 0x2111
 833 0150 18       		.uleb128 0x18
 834 0151 00       		.byte	0
 835 0152 00       		.byte	0
 836 0153 1A       		.uleb128 0x1a
 837 0154 34       		.uleb128 0x34
 838 0155 00       		.byte	0
 839 0156 03       		.uleb128 0x3
 840 0157 0E       		.uleb128 0xe
 841 0158 3A       		.uleb128 0x3a
 842 0159 0B       		.uleb128 0xb
 843 015a 3B       		.uleb128 0x3b
 844 015b 0B       		.uleb128 0xb
 845 015c 49       		.uleb128 0x49
 846 015d 13       		.uleb128 0x13
 847 015e 3F       		.uleb128 0x3f
 848 015f 19       		.uleb128 0x19
 849 0160 3C       		.uleb128 0x3c
 850 0161 19       		.uleb128 0x19
 851 0162 00       		.byte	0
 852 0163 00       		.byte	0
 853 0164 1B       		.uleb128 0x1b
 854 0165 01       		.uleb128 0x1
 855 0166 01       		.byte	0x1
 856 0167 49       		.uleb128 0x49
 857 0168 13       		.uleb128 0x13
 858 0169 01       		.uleb128 0x1
 859 016a 13       		.uleb128 0x13
 860 016b 00       		.byte	0
 861 016c 00       		.byte	0
 862 016d 1C       		.uleb128 0x1c
 863 016e 21       		.uleb128 0x21
 864 016f 00       		.byte	0
 865 0170 49       		.uleb128 0x49
 866 0171 13       		.uleb128 0x13
 867 0172 2F       		.uleb128 0x2f
 868 0173 0B       		.uleb128 0xb
 869 0174 00       		.byte	0
 870 0175 00       		.byte	0
 871 0176 1D       		.uleb128 0x1d
 872 0177 26       		.uleb128 0x26
 873 0178 00       		.byte	0
 874 0179 49       		.uleb128 0x49
 875 017a 13       		.uleb128 0x13
 876 017b 00       		.byte	0
 877 017c 00       		.byte	0
 878 017d 1E       		.uleb128 0x1e
 879 017e 34       		.uleb128 0x34
 880 017f 00       		.byte	0
 881 0180 03       		.uleb128 0x3
 882 0181 0E       		.uleb128 0xe
 883 0182 3A       		.uleb128 0x3a
ARM GAS  C:\Users\DABBIR~1\AppData\Local\Temp\cco5bCFm.s 			page 23


 884 0183 0B       		.uleb128 0xb
 885 0184 3B       		.uleb128 0x3b
 886 0185 05       		.uleb128 0x5
 887 0186 49       		.uleb128 0x49
 888 0187 13       		.uleb128 0x13
 889 0188 3F       		.uleb128 0x3f
 890 0189 19       		.uleb128 0x19
 891 018a 3C       		.uleb128 0x3c
 892 018b 19       		.uleb128 0x19
 893 018c 00       		.byte	0
 894 018d 00       		.byte	0
 895 018e 1F       		.uleb128 0x1f
 896 018f 2E       		.uleb128 0x2e
 897 0190 00       		.byte	0
 898 0191 3F       		.uleb128 0x3f
 899 0192 19       		.uleb128 0x19
 900 0193 3C       		.uleb128 0x3c
 901 0194 19       		.uleb128 0x19
 902 0195 6E       		.uleb128 0x6e
 903 0196 0E       		.uleb128 0xe
 904 0197 03       		.uleb128 0x3
 905 0198 0E       		.uleb128 0xe
 906 0199 3A       		.uleb128 0x3a
 907 019a 0B       		.uleb128 0xb
 908 019b 3B       		.uleb128 0x3b
 909 019c 0B       		.uleb128 0xb
 910 019d 00       		.byte	0
 911 019e 00       		.byte	0
 912 019f 00       		.byte	0
 913              		.section	.debug_loc,"",%progbits
 914              	.Ldebug_loc0:
 915              	.LLST0:
 916 0000 06000000 		.4byte	.LVL0
 917 0004 2C000000 		.4byte	.LVL3
 918 0008 0100     		.2byte	0x1
 919 000a 55       		.byte	0x55
 920 000b 00000000 		.4byte	0
 921 000f 00000000 		.4byte	0
 922              		.section	.debug_aranges,"",%progbits
 923 0000 1C000000 		.4byte	0x1c
 924 0004 0200     		.2byte	0x2
 925 0006 00000000 		.4byte	.Ldebug_info0
 926 000a 04       		.byte	0x4
 927 000b 00       		.byte	0
 928 000c 0000     		.2byte	0
 929 000e 0000     		.2byte	0
 930 0010 00000000 		.4byte	.LFB66
 931 0014 38000000 		.4byte	.LFE66-.LFB66
 932 0018 00000000 		.4byte	0
 933 001c 00000000 		.4byte	0
 934              		.section	.debug_ranges,"",%progbits
 935              	.Ldebug_ranges0:
 936 0000 00000000 		.4byte	.LFB66
 937 0004 38000000 		.4byte	.LFE66
 938 0008 00000000 		.4byte	0
 939 000c 00000000 		.4byte	0
 940              		.section	.debug_line,"",%progbits
ARM GAS  C:\Users\DABBIR~1\AppData\Local\Temp\cco5bCFm.s 			page 24


 941              	.Ldebug_line0:
 942 0000 7F010000 		.section	.debug_str,"MS",%progbits,1
 942      02005001 
 942      00000201 
 942      FB0E0D00 
 942      01010101 
 943              	.LASF18:
 944 0000 45455F54 		.ascii	"EE_TYPE_RQ_MASK\000"
 944      5950455F 
 944      52515F4D 
 944      41534B00 
 945              	.LASF16:
 946 0010 45455F54 		.ascii	"EE_TYPEBOOL\000"
 946      59504542 
 946      4F4F4C00 
 947              	.LASF52:
 948 001c 45455F73 		.ascii	"EE_system_init\000"
 948      79737465 
 948      6D5F696E 
 948      697400
 949              	.LASF37:
 950 002b 45455F72 		.ascii	"EE_rq_bitmask\000"
 950      715F6269 
 950      746D6173 
 950      6B00
 951              	.LASF45:
 952 0039 45455F73 		.ascii	"EE_set_switch_context_pri\000"
 952      65745F73 
 952      77697463 
 952      685F636F 
 952      6E746578 
 953              	.LASF49:
 954 0053 433A5C4D 		.ascii	"C:\\My_Files\\College_Documents\\AMA EOS\\EOS\\LAB\\"
 954      795F4669 
 954      6C65735C 
 954      436F6C6C 
 954      6567655F 
 955 0081 4C41425F 		.ascii	"LAB_2_Submission\\Json Parser\\code\\w06_criticalRe"
 955      325F5375 
 955      626D6973 
 955      73696F6E 
 955      5C4A736F 
 956 00b1 67696F6E 		.ascii	"gion.cydsn\\Lab2_JSONParser01.cydsn\000"
 956      2E637964 
 956      736E5C4C 
 956      6162325F 
 956      4A534F4E 
 957              	.LASF51:
 958 00d4 45455F68 		.ascii	"EE_hal_suspendIRQ\000"
 958      616C5F73 
 958      75737065 
 958      6E644952 
 958      5100
 959              	.LASF41:
 960 00e6 45455F6F 		.ascii	"EE_oo_IRQ_suspend_status\000"
 960      6F5F4952 
 960      515F7375 
ARM GAS  C:\Users\DABBIR~1\AppData\Local\Temp\cco5bCFm.s 			page 25


 960      7370656E 
 960      645F7374 
 961              	.LASF26:
 962 00ff 69737461 		.ascii	"istat\000"
 962      7400
 963              	.LASF17:
 964 0105 45455F54 		.ascii	"EE_TID\000"
 964      494400
 965              	.LASF24:
 966 010c 45455F63 		.ascii	"EE_cortex_mx_resumeIRQ\000"
 966      6F727465 
 966      785F6D78 
 966      5F726573 
 966      756D6549 
 967              	.LASF21:
 968 0123 666C6F61 		.ascii	"float\000"
 968      7400
 969              	.LASF1:
 970 0129 756E7369 		.ascii	"unsigned char\000"
 970      676E6564 
 970      20636861 
 970      7200
 971              	.LASF47:
 972 0137 474E5520 		.ascii	"GNU C11 5.4.1 20160609 (release) [ARM/embedded-5-br"
 972      43313120 
 972      352E342E 
 972      31203230 
 972      31363036 
 973 016a 616E6368 		.ascii	"anch revision 237715] -mcpu=cortex-m3 -mthumb -g -O"
 973      20726576 
 973      6973696F 
 973      6E203233 
 973      37373135 
 974 019d 67202D66 		.ascii	"g -ffunction-sections -ffat-lto-objects\000"
 974      66756E63 
 974      74696F6E 
 974      2D736563 
 974      74696F6E 
 975              	.LASF38:
 976 01c5 45455F74 		.ascii	"EE_th_event_active\000"
 976      685F6576 
 976      656E745F 
 976      61637469 
 976      766500
 977              	.LASF12:
 978 01d8 45455F49 		.ascii	"EE_INT32\000"
 978      4E543332 
 978      00
 979              	.LASF5:
 980 01e1 6C6F6E67 		.ascii	"long unsigned int\000"
 980      20756E73 
 980      69676E65 
 980      6420696E 
 980      7400
 981              	.LASF31:
 982 01f3 45455F74 		.ascii	"EE_th_dispatch_prio\000"
 982      685F6469 
ARM GAS  C:\Users\DABBIR~1\AppData\Local\Temp\cco5bCFm.s 			page 26


 982      73706174 
 982      63685F70 
 982      72696F00 
 983              	.LASF3:
 984 0207 73686F72 		.ascii	"short unsigned int\000"
 984      7420756E 
 984      7369676E 
 984      65642069 
 984      6E7400
 985              	.LASF34:
 986 021a 45455F74 		.ascii	"EE_th_rnact\000"
 986      685F726E 
 986      61637400 
 987              	.LASF40:
 988 0226 45455F6F 		.ascii	"EE_oo_IRQ_disable_count\000"
 988      6F5F4952 
 988      515F6469 
 988      7361626C 
 988      655F636F 
 989              	.LASF44:
 990 023e 45455F69 		.ascii	"EE_isr2_index\000"
 990      7372325F 
 990      696E6465 
 990      7800
 991              	.LASF22:
 992 024c 646F7562 		.ascii	"double\000"
 992      6C6500
 993              	.LASF36:
 994 0253 45455F73 		.ascii	"EE_sys_ceiling\000"
 994      79735F63 
 994      65696C69 
 994      6E6700
 995              	.LASF29:
 996 0262 45455F73 		.ascii	"EE_std_endcycle_next_tid\000"
 996      74645F65 
 996      6E646379 
 996      636C655F 
 996      6E657874 
 997              	.LASF11:
 998 027b 45455F55 		.ascii	"EE_UINT16\000"
 998      494E5431 
 998      3600
 999              	.LASF8:
 1000 0285 756E7369 		.ascii	"unsigned int\000"
 1000      676E6564 
 1000      20696E74 
 1000      00
 1001              	.LASF27:
 1002 0292 666C6167 		.ascii	"flags\000"
 1002      7300
 1003              	.LASF13:
 1004 0298 45455F55 		.ascii	"EE_UINT32\000"
 1004      494E5433 
 1004      3200
 1005              	.LASF33:
 1006 02a2 45455F74 		.ascii	"EE_th_next\000"
 1006      685F6E65 
ARM GAS  C:\Users\DABBIR~1\AppData\Local\Temp\cco5bCFm.s 			page 27


 1006      787400
 1007              	.LASF7:
 1008 02ad 6C6F6E67 		.ascii	"long long unsigned int\000"
 1008      206C6F6E 
 1008      6720756E 
 1008      7369676E 
 1008      65642069 
 1009              	.LASF46:
 1010 02c4 4379496E 		.ascii	"CyIntSetPriority\000"
 1010      74536574 
 1010      5072696F 
 1010      72697479 
 1010      00
 1011              	.LASF10:
 1012 02d5 45455F49 		.ascii	"EE_INT8\000"
 1012      4E543800 
 1013              	.LASF15:
 1014 02dd 45455F46 		.ascii	"EE_FREG\000"
 1014      52454700 
 1015              	.LASF42:
 1016 02e5 45455F41 		.ascii	"EE_ApplicationMode\000"
 1016      70706C69 
 1016      63617469 
 1016      6F6E4D6F 
 1016      646500
 1017              	.LASF23:
 1018 02f8 63796973 		.ascii	"cyisraddress\000"
 1018      72616464 
 1018      72657373 
 1018      00
 1019              	.LASF30:
 1020 0305 45455F74 		.ascii	"EE_th_ready_prio\000"
 1020      685F7265 
 1020      6164795F 
 1020      7072696F 
 1020      00
 1021              	.LASF19:
 1022 0316 73697A65 		.ascii	"sizetype\000"
 1022      74797065 
 1022      00
 1023              	.LASF6:
 1024 031f 6C6F6E67 		.ascii	"long long int\000"
 1024      206C6F6E 
 1024      6720696E 
 1024      7400
 1025              	.LASF20:
 1026 032d 63686172 		.ascii	"char\000"
 1026      00
 1027              	.LASF53:
 1028 0332 72616D56 		.ascii	"ramVectorTable\000"
 1028      6563746F 
 1028      72546162 
 1028      6C6500
 1029              	.LASF14:
 1030 0341 45455F55 		.ascii	"EE_UREG\000"
 1030      52454700 
 1031              	.LASF28:
ARM GAS  C:\Users\DABBIR~1\AppData\Local\Temp\cco5bCFm.s 			page 28


 1032 0349 45455F49 		.ascii	"EE_IRQ_nesting_level\000"
 1032      52515F6E 
 1032      65737469 
 1032      6E675F6C 
 1032      6576656C 
 1033              	.LASF35:
 1034 035e 45455F73 		.ascii	"EE_stkfirst\000"
 1034      746B6669 
 1034      72737400 
 1035              	.LASF2:
 1036 036a 73686F72 		.ascii	"short int\000"
 1036      7420696E 
 1036      7400
 1037              	.LASF25:
 1038 0374 45455F68 		.ascii	"EE_hal_resumeIRQ\000"
 1038      616C5F72 
 1038      6573756D 
 1038      65495251 
 1038      00
 1039              	.LASF4:
 1040 0385 6C6F6E67 		.ascii	"long int\000"
 1040      20696E74 
 1040      00
 1041              	.LASF43:
 1042 038e 45455F72 		.ascii	"EE_rq_lookup\000"
 1042      715F6C6F 
 1042      6F6B7570 
 1042      00
 1043              	.LASF9:
 1044 039b 6C6F6E67 		.ascii	"long double\000"
 1044      20646F75 
 1044      626C6500 
 1045              	.LASF0:
 1046 03a7 7369676E 		.ascii	"signed char\000"
 1046      65642063 
 1046      68617200 
 1047              	.LASF39:
 1048 03b3 45455F74 		.ascii	"EE_th_waswaiting\000"
 1048      685F7761 
 1048      73776169 
 1048      74696E67 
 1048      00
 1049              	.LASF50:
 1050 03c4 45455F63 		.ascii	"EE_cortex_mx_suspendIRQ\000"
 1050      6F727465 
 1050      785F6D78 
 1050      5F737573 
 1050      70656E64 
 1051              	.LASF32:
 1052 03dc 45455F74 		.ascii	"EE_th_status\000"
 1052      685F7374 
 1052      61747573 
 1052      00
 1053              	.LASF48:
 1054 03e9 47656E65 		.ascii	"Generated_Source\\PSoC5\\ErikaOS_1_cortex_mx_ee_uti"
 1054      72617465 
 1054      645F536F 
ARM GAS  C:\Users\DABBIR~1\AppData\Local\Temp\cco5bCFm.s 			page 29


 1054      75726365 
 1054      5C50536F 
 1055 041a 6C732E63 		.ascii	"ls.c\000"
 1055      00
 1056              		.ident	"GCC: (GNU Tools for ARM Embedded Processors) 5.4.1 20160609 (release) [ARM/embedded-5-bran
