ARM GAS  C:\Users\DABBIR~1\AppData\Local\Temp\ccqkDIqs.s 			page 1


   1              		.syntax unified
   2              		.cpu cortex-m3
   3              		.fpu softvfp
   4              		.eabi_attribute 20, 1
   5              		.eabi_attribute 21, 1
   6              		.eabi_attribute 23, 3
   7              		.eabi_attribute 24, 1
   8              		.eabi_attribute 25, 1
   9              		.eabi_attribute 26, 1
  10              		.eabi_attribute 30, 1
  11              		.eabi_attribute 34, 1
  12              		.eabi_attribute 18, 4
  13              		.thumb
  14              		.syntax unified
  15              		.file	"intepreter.c"
  16              		.text
  17              	.Ltext0:
  18              		.cfi_sections	.debug_frame
  19              		.section	.text.inteprete,"ax",%progbits
  20              		.align	2
  21              		.global	inteprete
  22              		.thumb
  23              		.thumb_func
  24              		.type	inteprete, %function
  25              	inteprete:
  26              	.LFB103:
  27              		.file 1 "intepreter.c"
   1:intepreter.c  **** /* ========================================
   2:intepreter.c  ****  *
   3:intepreter.c  ****  * Copyright YOUR COMPANY, THE YEAR
   4:intepreter.c  ****  * All Rights Reserved
   5:intepreter.c  ****  * UNPUBLISHED, LICENSED SOFTWARE.
   6:intepreter.c  ****  *
   7:intepreter.c  ****  * CONFIDENTIAL AND PROPRIETARY INFORMATION
   8:intepreter.c  ****  * WHICH IS THE PROPERTY OF your company.
   9:intepreter.c  ****  *
  10:intepreter.c  ****  * ========================================
  11:intepreter.c  **** */
  12:intepreter.c  **** 
  13:intepreter.c  **** #include "intepreter.h"
  14:intepreter.c  **** 
  15:intepreter.c  **** RC_t inteprete(Drawing_t* drawing, Parser_t* parser){
  28              		.loc 1 15 0
  29              		.cfi_startproc
  30              		@ args = 0, pretend = 0, frame = 8
  31              		@ frame_needed = 0, uses_anonymous_args = 0
  32              	.LVL0:
  33 0000 70B5     		push	{r4, r5, r6, lr}
  34              		.cfi_def_cfa_offset 16
  35              		.cfi_offset 4, -16
  36              		.cfi_offset 5, -12
  37              		.cfi_offset 6, -8
  38              		.cfi_offset 14, -4
  39 0002 82B0     		sub	sp, sp, #8
  40              		.cfi_def_cfa_offset 24
  41 0004 0446     		mov	r4, r0
  42 0006 0E46     		mov	r6, r1
ARM GAS  C:\Users\DABBIR~1\AppData\Local\Temp\ccqkDIqs.s 			page 2


  16:intepreter.c  ****     drawing->size = 0;
  43              		.loc 1 16 0
  44 0008 0023     		movs	r3, #0
  45 000a 8367     		str	r3, [r0, #120]
  17:intepreter.c  ****     Drawer_t drawer;
  18:intepreter.c  ****     
  19:intepreter.c  ****         // Go through the parser and get the next drawing command
  20:intepreter.c  ****         while (!(DRAWER_getNextDrawCommand(&drawer, parser)))
  46              		.loc 1 20 0
  47 000c 0EE0     		b	.L2
  48              	.LVL1:
  49              	.L4:
  21:intepreter.c  ****         {
  22:intepreter.c  ****             // assign drawing to drawer elemnt
  23:intepreter.c  ****             drawing->drawer[drawing->size] = drawer;
  50              		.loc 1 23 0
  51 000e A36F     		ldr	r3, [r4, #120]
  52 0010 03EB4302 		add	r2, r3, r3, lsl #1
  53 0014 5100     		lsls	r1, r2, #1
  54 0016 6518     		adds	r5, r4, r1
  55 0018 02AA     		add	r2, sp, #8
  56 001a 52F8080D 		ldr	r0, [r2, #-8]!	@ unaligned
  57 001e 6050     		str	r0, [r4, r1]	@ unaligned
  58 0020 9288     		ldrh	r2, [r2, #4]	@ unaligned
  59 0022 AA80     		strh	r2, [r5, #4]	@ unaligned
  24:intepreter.c  ****             drawing->size = drawing->size + 1; 
  60              		.loc 1 24 0
  61 0024 0133     		adds	r3, r3, #1
  62 0026 A367     		str	r3, [r4, #120]
  25:intepreter.c  ****             // If 20 drawings receives return
  26:intepreter.c  ****             if (drawing->size >= 20){
  63              		.loc 1 26 0
  64 0028 132B     		cmp	r3, #19
  65 002a 07DC     		bgt	.L5
  66              	.L2:
  20:intepreter.c  ****         {
  67              		.loc 1 20 0
  68 002c 3146     		mov	r1, r6
  69 002e 6846     		mov	r0, sp
  70 0030 FFF7FEFF 		bl	DRAWER_getNextDrawCommand
  71              	.LVL2:
  72 0034 0028     		cmp	r0, #0
  73 0036 EAD0     		beq	.L4
  27:intepreter.c  ****                 return RC_ERROR_BUFFER_FULL;
  28:intepreter.c  ****             }
  29:intepreter.c  ****         }
  30:intepreter.c  **** 
  31:intepreter.c  ****         return RC_SUCCESS;
  74              		.loc 1 31 0
  75 0038 0020     		movs	r0, #0
  76 003a 01E0     		b	.L3
  77              	.L5:
  27:intepreter.c  ****                 return RC_ERROR_BUFFER_FULL;
  78              		.loc 1 27 0
  79 003c 6FF00700 		mvn	r0, #7
  80              	.L3:
  32:intepreter.c  **** }
ARM GAS  C:\Users\DABBIR~1\AppData\Local\Temp\ccqkDIqs.s 			page 3


  81              		.loc 1 32 0
  82 0040 02B0     		add	sp, sp, #8
  83              		.cfi_def_cfa_offset 16
  84              		@ sp needed
  85 0042 70BD     		pop	{r4, r5, r6, pc}
  86              		.cfi_endproc
  87              	.LFE103:
  88              		.size	inteprete, .-inteprete
  89              		.text
  90              	.Letext0:
  91              		.file 2 ".\\source\\bsw/global.h"
  92              		.file 3 "c:\\program files (x86)\\cypress\\psoc creator\\4.4\\psoc creator\\import\\gnu\\arm\\5.4.
  93              		.file 4 "c:\\program files (x86)\\cypress\\psoc creator\\4.4\\psoc creator\\import\\gnu\\arm\\5.4.
  94              		.file 5 "Generated_Source\\PSoC5/ErikaOS_1_common_ee_types.inc"
  95              		.file 6 "Generated_Source\\PSoC5/ErikaOS_1_cortex_mx_ee_cpu.inc"
  96              		.file 7 ".\\source\\bsw/jsmn.h"
  97              		.file 8 ".\\source\\bsw/parser.h"
  98              		.file 9 ".\\source\\bsw\\tft/tft.h"
  99              		.file 10 ".\\source\\bsw/drawer.h"
 100              		.file 11 "intepreter.h"
 101              		.file 12 "Generated_Source\\PSoC5/ErikaOS_1_ee_oo_intfunc.inc"
 102              		.file 13 "Generated_Source\\PSoC5/ErikaOS_1_cortex_mx_ee_context.inc"
 103              		.file 14 "Generated_Source\\PSoC5/ErikaOS_1_common_ee_primitives.inc"
 104              		.file 15 "Generated_Source\\PSoC5/core_cm3.h"
 105              		.section	.debug_info,"",%progbits
 106              	.Ldebug_info0:
 107 0000 58040000 		.4byte	0x458
 108 0004 0400     		.2byte	0x4
 109 0006 00000000 		.4byte	.Ldebug_abbrev0
 110 000a 04       		.byte	0x4
 111 000b 01       		.uleb128 0x1
 112 000c 97030000 		.4byte	.LASF90
 113 0010 0C       		.byte	0xc
 114 0011 97050000 		.4byte	.LASF91
 115 0015 C9010000 		.4byte	.LASF92
 116 0019 00000000 		.4byte	.Ldebug_ranges0+0
 117 001d 00000000 		.4byte	0
 118 0021 00000000 		.4byte	.Ldebug_line0
 119 0025 02       		.uleb128 0x2
 120 0026 01       		.byte	0x1
 121 0027 06       		.byte	0x6
 122 0028 72010000 		.4byte	.LASF0
 123 002c 03       		.uleb128 0x3
 124 002d 28010000 		.4byte	.LASF3
 125 0031 02       		.byte	0x2
 126 0032 91       		.byte	0x91
 127 0033 37000000 		.4byte	0x37
 128 0037 02       		.uleb128 0x2
 129 0038 01       		.byte	0x1
 130 0039 08       		.byte	0x8
 131 003a E0020000 		.4byte	.LASF1
 132 003e 02       		.uleb128 0x2
 133 003f 02       		.byte	0x2
 134 0040 05       		.byte	0x5
 135 0041 87000000 		.4byte	.LASF2
 136 0045 03       		.uleb128 0x3
 137 0046 3F030000 		.4byte	.LASF4
ARM GAS  C:\Users\DABBIR~1\AppData\Local\Temp\ccqkDIqs.s 			page 4


 138 004a 02       		.byte	0x2
 139 004b 93       		.byte	0x93
 140 004c 50000000 		.4byte	0x50
 141 0050 02       		.uleb128 0x2
 142 0051 02       		.byte	0x2
 143 0052 07       		.byte	0x7
 144 0053 84030000 		.4byte	.LASF5
 145 0057 02       		.uleb128 0x2
 146 0058 04       		.byte	0x4
 147 0059 05       		.byte	0x5
 148 005a 6E020000 		.4byte	.LASF6
 149 005e 02       		.uleb128 0x2
 150 005f 04       		.byte	0x4
 151 0060 07       		.byte	0x7
 152 0061 B0040000 		.4byte	.LASF7
 153 0065 02       		.uleb128 0x2
 154 0066 04       		.byte	0x4
 155 0067 04       		.byte	0x4
 156 0068 87010000 		.4byte	.LASF8
 157 006c 02       		.uleb128 0x2
 158 006d 08       		.byte	0x8
 159 006e 04       		.byte	0x4
 160 006f D9040000 		.4byte	.LASF9
 161 0073 02       		.uleb128 0x2
 162 0074 08       		.byte	0x8
 163 0075 05       		.byte	0x5
 164 0076 97010000 		.4byte	.LASF10
 165 007a 02       		.uleb128 0x2
 166 007b 08       		.byte	0x8
 167 007c 07       		.byte	0x7
 168 007d 08030000 		.4byte	.LASF11
 169 0081 02       		.uleb128 0x2
 170 0082 01       		.byte	0x1
 171 0083 08       		.byte	0x8
 172 0084 25040000 		.4byte	.LASF12
 173 0088 04       		.uleb128 0x4
 174 0089 01       		.byte	0x1
 175 008a 25000000 		.4byte	0x25
 176 008e 02       		.byte	0x2
 177 008f CF       		.byte	0xcf
 178 0090 31010000 		.4byte	0x131
 179 0094 05       		.uleb128 0x5
 180 0095 47000000 		.4byte	.LASF13
 181 0099 00       		.byte	0
 182 009a 06       		.uleb128 0x6
 183 009b 66050000 		.4byte	.LASF14
 184 009f 7F       		.sleb128 -1
 185 00a0 06       		.uleb128 0x6
 186 00a1 48030000 		.4byte	.LASF15
 187 00a5 7E       		.sleb128 -2
 188 00a6 06       		.uleb128 0x6
 189 00a7 BF000000 		.4byte	.LASF16
 190 00ab 7D       		.sleb128 -3
 191 00ac 06       		.uleb128 0x6
 192 00ad 6F050000 		.4byte	.LASF17
 193 00b1 7C       		.sleb128 -4
 194 00b2 06       		.uleb128 0x6
ARM GAS  C:\Users\DABBIR~1\AppData\Local\Temp\ccqkDIqs.s 			page 5


 195 00b3 0E050000 		.4byte	.LASF18
 196 00b7 7B       		.sleb128 -5
 197 00b8 06       		.uleb128 0x6
 198 00b9 91000000 		.4byte	.LASF19
 199 00bd 7A       		.sleb128 -6
 200 00be 06       		.uleb128 0x6
 201 00bf 77020000 		.4byte	.LASF20
 202 00c3 79       		.sleb128 -7
 203 00c4 06       		.uleb128 0x6
 204 00c5 1F000000 		.4byte	.LASF21
 205 00c9 78       		.sleb128 -8
 206 00ca 06       		.uleb128 0x6
 207 00cb 56030000 		.4byte	.LASF22
 208 00cf 77       		.sleb128 -9
 209 00d0 06       		.uleb128 0x6
 210 00d1 92020000 		.4byte	.LASF23
 211 00d5 76       		.sleb128 -10
 212 00d6 06       		.uleb128 0x6
 213 00d7 C5050000 		.4byte	.LASF24
 214 00db 75       		.sleb128 -11
 215 00dc 06       		.uleb128 0x6
 216 00dd 31030000 		.4byte	.LASF25
 217 00e1 74       		.sleb128 -12
 218 00e2 06       		.uleb128 0x6
 219 00e3 EF040000 		.4byte	.LASF26
 220 00e7 73       		.sleb128 -13
 221 00e8 06       		.uleb128 0x6
 222 00e9 34000000 		.4byte	.LASF27
 223 00ed 72       		.sleb128 -14
 224 00ee 06       		.uleb128 0x6
 225 00ef 73000000 		.4byte	.LASF28
 226 00f3 71       		.sleb128 -15
 227 00f4 06       		.uleb128 0x6
 228 00f5 A7020000 		.4byte	.LASF29
 229 00f9 70       		.sleb128 -16
 230 00fa 06       		.uleb128 0x6
 231 00fb D5000000 		.4byte	.LASF30
 232 00ff 6F       		.sleb128 -17
 233 0100 06       		.uleb128 0x6
 234 0101 33040000 		.4byte	.LASF31
 235 0105 6E       		.sleb128 -18
 236 0106 06       		.uleb128 0x6
 237 0107 4A020000 		.4byte	.LASF32
 238 010b 6D       		.sleb128 -19
 239 010c 06       		.uleb128 0x6
 240 010d 59040000 		.4byte	.LASF33
 241 0111 6C       		.sleb128 -20
 242 0112 06       		.uleb128 0x6
 243 0113 B8020000 		.4byte	.LASF34
 244 0117 6B       		.sleb128 -21
 245 0118 06       		.uleb128 0x6
 246 0119 32050000 		.4byte	.LASF35
 247 011d 6A       		.sleb128 -22
 248 011e 06       		.uleb128 0x6
 249 011f 30010000 		.4byte	.LASF36
 250 0123 69       		.sleb128 -23
 251 0124 06       		.uleb128 0x6
ARM GAS  C:\Users\DABBIR~1\AppData\Local\Temp\ccqkDIqs.s 			page 6


 252 0125 5D020000 		.4byte	.LASF37
 253 0129 68       		.sleb128 -24
 254 012a 06       		.uleb128 0x6
 255 012b 01010000 		.4byte	.LASF38
 256 012f 67       		.sleb128 -25
 257 0130 00       		.byte	0
 258 0131 03       		.uleb128 0x3
 259 0132 C0050000 		.4byte	.LASF39
 260 0136 02       		.byte	0x2
 261 0137 EA       		.byte	0xea
 262 0138 88000000 		.4byte	0x88
 263 013c 03       		.uleb128 0x3
 264 013d 1D050000 		.4byte	.LASF40
 265 0141 03       		.byte	0x3
 266 0142 3F       		.byte	0x3f
 267 0143 57000000 		.4byte	0x57
 268 0147 07       		.uleb128 0x7
 269 0148 04       		.byte	0x4
 270 0149 05       		.byte	0x5
 271 014a 696E7400 		.ascii	"int\000"
 272 014e 02       		.uleb128 0x2
 273 014f 04       		.byte	0x4
 274 0150 07       		.byte	0x7
 275 0151 24030000 		.4byte	.LASF41
 276 0155 03       		.uleb128 0x3
 277 0156 00030000 		.4byte	.LASF42
 278 015a 04       		.byte	0x4
 279 015b 2C       		.byte	0x2c
 280 015c 3C010000 		.4byte	0x13c
 281 0160 02       		.uleb128 0x2
 282 0161 08       		.byte	0x8
 283 0162 04       		.byte	0x4
 284 0163 D4020000 		.4byte	.LASF43
 285 0167 03       		.uleb128 0x3
 286 0168 6C030000 		.4byte	.LASF44
 287 016c 05       		.byte	0x5
 288 016d 53       		.byte	0x53
 289 016e 47010000 		.4byte	0x147
 290 0172 03       		.uleb128 0x3
 291 0173 EE020000 		.4byte	.LASF45
 292 0177 05       		.byte	0x5
 293 0178 54       		.byte	0x54
 294 0179 4E010000 		.4byte	0x14e
 295 017d 03       		.uleb128 0x3
 296 017e 01050000 		.4byte	.LASF46
 297 0182 06       		.byte	0x6
 298 0183 4D       		.byte	0x4d
 299 0184 72010000 		.4byte	0x172
 300 0188 03       		.uleb128 0x3
 301 0189 CD000000 		.4byte	.LASF47
 302 018d 06       		.byte	0x6
 303 018e 4F       		.byte	0x4f
 304 018f 72010000 		.4byte	0x172
 305 0193 03       		.uleb128 0x3
 306 0194 1A010000 		.4byte	.LASF48
 307 0198 06       		.byte	0x6
 308 0199 78       		.byte	0x78
ARM GAS  C:\Users\DABBIR~1\AppData\Local\Temp\ccqkDIqs.s 			page 7


 309 019a 67010000 		.4byte	0x167
 310 019e 02       		.uleb128 0x2
 311 019f 04       		.byte	0x4
 312 01a0 07       		.byte	0x7
 313 01a1 89020000 		.4byte	.LASF49
 314 01a5 04       		.uleb128 0x4
 315 01a6 01       		.byte	0x1
 316 01a7 37000000 		.4byte	0x37
 317 01ab 07       		.byte	0x7
 318 01ac 2E       		.byte	0x2e
 319 01ad D0010000 		.4byte	0x1d0
 320 01b1 05       		.uleb128 0x5
 321 01b2 B0000000 		.4byte	.LASF50
 322 01b6 00       		.byte	0
 323 01b7 05       		.uleb128 0x5
 324 01b8 AC050000 		.4byte	.LASF51
 325 01bc 01       		.byte	0x1
 326 01bd 05       		.uleb128 0x5
 327 01be A5010000 		.4byte	.LASF52
 328 01c2 02       		.byte	0x2
 329 01c3 05       		.uleb128 0x5
 330 01c4 47010000 		.4byte	.LASF53
 331 01c8 04       		.byte	0x4
 332 01c9 05       		.uleb128 0x5
 333 01ca E0040000 		.4byte	.LASF54
 334 01ce 08       		.byte	0x8
 335 01cf 00       		.byte	0
 336 01d0 03       		.uleb128 0x3
 337 01d1 27050000 		.4byte	.LASF55
 338 01d5 07       		.byte	0x7
 339 01d6 34       		.byte	0x34
 340 01d7 A5010000 		.4byte	0x1a5
 341 01db 08       		.uleb128 0x8
 342 01dc A2000000 		.4byte	.LASF60
 343 01e0 10       		.byte	0x10
 344 01e1 07       		.byte	0x7
 345 01e2 45       		.byte	0x45
 346 01e3 18020000 		.4byte	0x218
 347 01e7 09       		.uleb128 0x9
 348 01e8 1F030000 		.4byte	.LASF56
 349 01ec 07       		.byte	0x7
 350 01ed 46       		.byte	0x46
 351 01ee D0010000 		.4byte	0x1d0
 352 01f2 00       		.byte	0
 353 01f3 09       		.uleb128 0x9
 354 01f4 7E030000 		.4byte	.LASF57
 355 01f8 07       		.byte	0x7
 356 01f9 47       		.byte	0x47
 357 01fa 47010000 		.4byte	0x147
 358 01fe 04       		.byte	0x4
 359 01ff 0A       		.uleb128 0xa
 360 0200 656E6400 		.ascii	"end\000"
 361 0204 07       		.byte	0x7
 362 0205 48       		.byte	0x48
 363 0206 47010000 		.4byte	0x147
 364 020a 08       		.byte	0x8
 365 020b 09       		.uleb128 0x9
ARM GAS  C:\Users\DABBIR~1\AppData\Local\Temp\ccqkDIqs.s 			page 8


 366 020c 09050000 		.4byte	.LASF58
 367 0210 07       		.byte	0x7
 368 0211 49       		.byte	0x49
 369 0212 47010000 		.4byte	0x147
 370 0216 0C       		.byte	0xc
 371 0217 00       		.byte	0
 372 0218 03       		.uleb128 0x3
 373 0219 71040000 		.4byte	.LASF59
 374 021d 07       		.byte	0x7
 375 021e 4D       		.byte	0x4d
 376 021f DB010000 		.4byte	0x1db
 377 0223 08       		.uleb128 0x8
 378 0224 C2040000 		.4byte	.LASF61
 379 0228 0C       		.byte	0xc
 380 0229 07       		.byte	0x7
 381 022a 53       		.byte	0x53
 382 022b 54020000 		.4byte	0x254
 383 022f 0A       		.uleb128 0xa
 384 0230 706F7300 		.ascii	"pos\000"
 385 0234 07       		.byte	0x7
 386 0235 54       		.byte	0x54
 387 0236 4E010000 		.4byte	0x14e
 388 023a 00       		.byte	0
 389 023b 09       		.uleb128 0x9
 390 023c E9000000 		.4byte	.LASF62
 391 0240 07       		.byte	0x7
 392 0241 55       		.byte	0x55
 393 0242 4E010000 		.4byte	0x14e
 394 0246 04       		.byte	0x4
 395 0247 09       		.uleb128 0x9
 396 0248 75030000 		.4byte	.LASF63
 397 024c 07       		.byte	0x7
 398 024d 56       		.byte	0x56
 399 024e 47010000 		.4byte	0x147
 400 0252 08       		.byte	0x8
 401 0253 00       		.byte	0
 402 0254 03       		.uleb128 0x3
 403 0255 C2040000 		.4byte	.LASF61
 404 0259 07       		.byte	0x7
 405 025a 57       		.byte	0x57
 406 025b 23020000 		.4byte	0x223
 407 025f 0B       		.uleb128 0xb
 408 0260 F8020000 		.4byte	.LASF64
 409 0264 D808     		.2byte	0x8d8
 410 0266 08       		.byte	0x8
 411 0267 61       		.byte	0x61
 412 0268 AB020000 		.4byte	0x2ab
 413 026c 09       		.uleb128 0x9
 414 026d 21010000 		.4byte	.LASF65
 415 0271 08       		.byte	0x8
 416 0272 62       		.byte	0x62
 417 0273 54020000 		.4byte	0x254
 418 0277 00       		.byte	0
 419 0278 09       		.uleb128 0x9
 420 0279 95040000 		.4byte	.LASF66
 421 027d 08       		.byte	0x8
 422 027e 63       		.byte	0x63
ARM GAS  C:\Users\DABBIR~1\AppData\Local\Temp\ccqkDIqs.s 			page 9


 423 027f AB020000 		.4byte	0x2ab
 424 0283 0C       		.byte	0xc
 425 0284 09       		.uleb128 0x9
 426 0285 19000000 		.4byte	.LASF67
 427 0289 08       		.byte	0x8
 428 028a 64       		.byte	0x64
 429 028b BB020000 		.4byte	0x2bb
 430 028f D4       		.byte	0xd4
 431 0290 0C       		.uleb128 0xc
 432 0291 44050000 		.4byte	.LASF68
 433 0295 08       		.byte	0x8
 434 0296 65       		.byte	0x65
 435 0297 45000000 		.4byte	0x45
 436 029b D408     		.2byte	0x8d4
 437 029d 0C       		.uleb128 0xc
 438 029e 8D010000 		.4byte	.LASF69
 439 02a2 08       		.byte	0x8
 440 02a3 66       		.byte	0x66
 441 02a4 45000000 		.4byte	0x45
 442 02a8 D608     		.2byte	0x8d6
 443 02aa 00       		.byte	0
 444 02ab 0D       		.uleb128 0xd
 445 02ac 81000000 		.4byte	0x81
 446 02b0 BB020000 		.4byte	0x2bb
 447 02b4 0E       		.uleb128 0xe
 448 02b5 9E010000 		.4byte	0x19e
 449 02b9 C7       		.byte	0xc7
 450 02ba 00       		.byte	0
 451 02bb 0D       		.uleb128 0xd
 452 02bc 18020000 		.4byte	0x218
 453 02c0 CB020000 		.4byte	0x2cb
 454 02c4 0E       		.uleb128 0xe
 455 02c5 9E010000 		.4byte	0x19e
 456 02c9 7F       		.byte	0x7f
 457 02ca 00       		.byte	0
 458 02cb 03       		.uleb128 0x3
 459 02cc 2A040000 		.4byte	.LASF70
 460 02d0 08       		.byte	0x8
 461 02d1 68       		.byte	0x68
 462 02d2 5F020000 		.4byte	0x25f
 463 02d6 03       		.uleb128 0x3
 464 02d7 52000000 		.4byte	.LASF71
 465 02db 09       		.byte	0x9
 466 02dc 38       		.byte	0x38
 467 02dd 45000000 		.4byte	0x45
 468 02e1 04       		.uleb128 0x4
 469 02e2 01       		.byte	0x1
 470 02e3 37000000 		.4byte	0x37
 471 02e7 0A       		.byte	0xa
 472 02e8 57       		.byte	0x57
 473 02e9 FA020000 		.4byte	0x2fa
 474 02ed 05       		.uleb128 0x5
 475 02ee 48040000 		.4byte	.LASF72
 476 02f2 00       		.byte	0
 477 02f3 05       		.uleb128 0x5
 478 02f4 F1000000 		.4byte	.LASF73
 479 02f8 01       		.byte	0x1
ARM GAS  C:\Users\DABBIR~1\AppData\Local\Temp\ccqkDIqs.s 			page 10


 480 02f9 00       		.byte	0
 481 02fa 03       		.uleb128 0x3
 482 02fb 5E000000 		.4byte	.LASF74
 483 02ff 0A       		.byte	0xa
 484 0300 57       		.byte	0x57
 485 0301 E1020000 		.4byte	0x2e1
 486 0305 0F       		.uleb128 0xf
 487 0306 04       		.byte	0x4
 488 0307 0A       		.byte	0xa
 489 0308 5B       		.byte	0x5b
 490 0309 24030000 		.4byte	0x324
 491 030d 10       		.uleb128 0x10
 492 030e AA000000 		.4byte	.LASF75
 493 0312 0A       		.byte	0xa
 494 0313 5D       		.byte	0x5d
 495 0314 D6020000 		.4byte	0x2d6
 496 0318 10       		.uleb128 0x10
 497 0319 CE040000 		.4byte	.LASF76
 498 031d 0A       		.byte	0xa
 499 031e 5E       		.byte	0x5e
 500 031f 24030000 		.4byte	0x324
 501 0323 00       		.byte	0
 502 0324 0D       		.uleb128 0xd
 503 0325 2C000000 		.4byte	0x2c
 504 0329 34030000 		.4byte	0x334
 505 032d 0E       		.uleb128 0xe
 506 032e 9E010000 		.4byte	0x19e
 507 0332 03       		.byte	0x3
 508 0333 00       		.byte	0
 509 0334 08       		.uleb128 0x8
 510 0335 7E010000 		.4byte	.LASF77
 511 0339 06       		.byte	0x6
 512 033a 0A       		.byte	0xa
 513 033b 59       		.byte	0x59
 514 033c 59030000 		.4byte	0x359
 515 0340 09       		.uleb128 0x9
 516 0341 B8050000 		.4byte	.LASF78
 517 0345 0A       		.byte	0xa
 518 0346 5A       		.byte	0x5a
 519 0347 FA020000 		.4byte	0x2fa
 520 034b 00       		.byte	0
 521 034c 09       		.uleb128 0x9
 522 034d 6C040000 		.4byte	.LASF79
 523 0351 0A       		.byte	0xa
 524 0352 5F       		.byte	0x5f
 525 0353 05030000 		.4byte	0x305
 526 0357 02       		.byte	0x2
 527 0358 00       		.byte	0
 528 0359 03       		.uleb128 0x3
 529 035a 50050000 		.4byte	.LASF80
 530 035e 0A       		.byte	0xa
 531 035f 61       		.byte	0x61
 532 0360 34030000 		.4byte	0x334
 533 0364 11       		.uleb128 0x11
 534 0365 7C       		.byte	0x7c
 535 0366 0B       		.byte	0xb
 536 0367 14       		.byte	0x14
ARM GAS  C:\Users\DABBIR~1\AppData\Local\Temp\ccqkDIqs.s 			page 11


 537 0368 85030000 		.4byte	0x385
 538 036c 09       		.uleb128 0x9
 539 036d A0020000 		.4byte	.LASF81
 540 0371 0B       		.byte	0xb
 541 0372 15       		.byte	0x15
 542 0373 85030000 		.4byte	0x385
 543 0377 00       		.byte	0
 544 0378 09       		.uleb128 0x9
 545 0379 09050000 		.4byte	.LASF58
 546 037d 0B       		.byte	0xb
 547 037e 16       		.byte	0x16
 548 037f 47010000 		.4byte	0x147
 549 0383 78       		.byte	0x78
 550 0384 00       		.byte	0
 551 0385 0D       		.uleb128 0xd
 552 0386 59030000 		.4byte	0x359
 553 038a 95030000 		.4byte	0x395
 554 038e 0E       		.uleb128 0xe
 555 038f 9E010000 		.4byte	0x19e
 556 0393 13       		.byte	0x13
 557 0394 00       		.byte	0
 558 0395 03       		.uleb128 0x3
 559 0396 68010000 		.4byte	.LASF82
 560 039a 0B       		.byte	0xb
 561 039b 17       		.byte	0x17
 562 039c 64030000 		.4byte	0x364
 563 03a0 12       		.uleb128 0x12
 564 03a1 CA020000 		.4byte	.LASF93
 565 03a5 01       		.byte	0x1
 566 03a6 0F       		.byte	0xf
 567 03a7 31010000 		.4byte	0x131
 568 03ab 00000000 		.4byte	.LFB103
 569 03af 44000000 		.4byte	.LFE103-.LFB103
 570 03b3 01       		.uleb128 0x1
 571 03b4 9C       		.byte	0x9c
 572 03b5 FC030000 		.4byte	0x3fc
 573 03b9 13       		.uleb128 0x13
 574 03ba A4050000 		.4byte	.LASF83
 575 03be 01       		.byte	0x1
 576 03bf 0F       		.byte	0xf
 577 03c0 FC030000 		.4byte	0x3fc
 578 03c4 00000000 		.4byte	.LLST0
 579 03c8 13       		.uleb128 0x13
 580 03c9 21010000 		.4byte	.LASF65
 581 03cd 01       		.byte	0x1
 582 03ce 0F       		.byte	0xf
 583 03cf 02040000 		.4byte	0x402
 584 03d3 1E000000 		.4byte	.LLST1
 585 03d7 14       		.uleb128 0x14
 586 03d8 A0020000 		.4byte	.LASF81
 587 03dc 01       		.byte	0x1
 588 03dd 11       		.byte	0x11
 589 03de 59030000 		.4byte	0x359
 590 03e2 02       		.uleb128 0x2
 591 03e3 91       		.byte	0x91
 592 03e4 68       		.sleb128 -24
 593 03e5 15       		.uleb128 0x15
ARM GAS  C:\Users\DABBIR~1\AppData\Local\Temp\ccqkDIqs.s 			page 12


 594 03e6 34000000 		.4byte	.LVL2
 595 03ea 50040000 		.4byte	0x450
 596 03ee 16       		.uleb128 0x16
 597 03ef 01       		.uleb128 0x1
 598 03f0 50       		.byte	0x50
 599 03f1 02       		.uleb128 0x2
 600 03f2 7D       		.byte	0x7d
 601 03f3 00       		.sleb128 0
 602 03f4 16       		.uleb128 0x16
 603 03f5 01       		.uleb128 0x1
 604 03f6 51       		.byte	0x51
 605 03f7 02       		.uleb128 0x2
 606 03f8 76       		.byte	0x76
 607 03f9 00       		.sleb128 0
 608 03fa 00       		.byte	0
 609 03fb 00       		.byte	0
 610 03fc 17       		.uleb128 0x17
 611 03fd 04       		.byte	0x4
 612 03fe 95030000 		.4byte	0x395
 613 0402 17       		.uleb128 0x17
 614 0403 04       		.byte	0x4
 615 0404 CB020000 		.4byte	0x2cb
 616 0408 18       		.uleb128 0x18
 617 0409 7F050000 		.4byte	.LASF84
 618 040d 0C       		.byte	0xc
 619 040e 40       		.byte	0x40
 620 040f 7D010000 		.4byte	0x17d
 621 0413 18       		.uleb128 0x18
 622 0414 B0010000 		.4byte	.LASF85
 623 0418 0C       		.byte	0xc
 624 0419 47       		.byte	0x47
 625 041a 88010000 		.4byte	0x188
 626 041e 18       		.uleb128 0x18
 627 041f 9D040000 		.4byte	.LASF86
 628 0423 0C       		.byte	0xc
 629 0424 4A       		.byte	0x4a
 630 0425 7D010000 		.4byte	0x17d
 631 0429 18       		.uleb128 0x18
 632 042a 00000000 		.4byte	.LASF87
 633 042e 0D       		.byte	0xd
 634 042f 48       		.byte	0x48
 635 0430 93010000 		.4byte	0x193
 636 0434 18       		.uleb128 0x18
 637 0435 53010000 		.4byte	.LASF88
 638 0439 0E       		.byte	0xe
 639 043a 44       		.byte	0x44
 640 043b 7D010000 		.4byte	0x17d
 641 043f 19       		.uleb128 0x19
 642 0440 59050000 		.4byte	.LASF89
 643 0444 0F       		.byte	0xf
 644 0445 1207     		.2byte	0x712
 645 0447 4B040000 		.4byte	0x44b
 646 044b 1A       		.uleb128 0x1a
 647 044c 55010000 		.4byte	0x155
 648 0450 1B       		.uleb128 0x1b
 649 0451 7B040000 		.4byte	.LASF94
 650 0455 7B040000 		.4byte	.LASF94
ARM GAS  C:\Users\DABBIR~1\AppData\Local\Temp\ccqkDIqs.s 			page 13


 651 0459 0A       		.byte	0xa
 652 045a 72       		.byte	0x72
 653 045b 00       		.byte	0
 654              		.section	.debug_abbrev,"",%progbits
 655              	.Ldebug_abbrev0:
 656 0000 01       		.uleb128 0x1
 657 0001 11       		.uleb128 0x11
 658 0002 01       		.byte	0x1
 659 0003 25       		.uleb128 0x25
 660 0004 0E       		.uleb128 0xe
 661 0005 13       		.uleb128 0x13
 662 0006 0B       		.uleb128 0xb
 663 0007 03       		.uleb128 0x3
 664 0008 0E       		.uleb128 0xe
 665 0009 1B       		.uleb128 0x1b
 666 000a 0E       		.uleb128 0xe
 667 000b 55       		.uleb128 0x55
 668 000c 17       		.uleb128 0x17
 669 000d 11       		.uleb128 0x11
 670 000e 01       		.uleb128 0x1
 671 000f 10       		.uleb128 0x10
 672 0010 17       		.uleb128 0x17
 673 0011 00       		.byte	0
 674 0012 00       		.byte	0
 675 0013 02       		.uleb128 0x2
 676 0014 24       		.uleb128 0x24
 677 0015 00       		.byte	0
 678 0016 0B       		.uleb128 0xb
 679 0017 0B       		.uleb128 0xb
 680 0018 3E       		.uleb128 0x3e
 681 0019 0B       		.uleb128 0xb
 682 001a 03       		.uleb128 0x3
 683 001b 0E       		.uleb128 0xe
 684 001c 00       		.byte	0
 685 001d 00       		.byte	0
 686 001e 03       		.uleb128 0x3
 687 001f 16       		.uleb128 0x16
 688 0020 00       		.byte	0
 689 0021 03       		.uleb128 0x3
 690 0022 0E       		.uleb128 0xe
 691 0023 3A       		.uleb128 0x3a
 692 0024 0B       		.uleb128 0xb
 693 0025 3B       		.uleb128 0x3b
 694 0026 0B       		.uleb128 0xb
 695 0027 49       		.uleb128 0x49
 696 0028 13       		.uleb128 0x13
 697 0029 00       		.byte	0
 698 002a 00       		.byte	0
 699 002b 04       		.uleb128 0x4
 700 002c 04       		.uleb128 0x4
 701 002d 01       		.byte	0x1
 702 002e 0B       		.uleb128 0xb
 703 002f 0B       		.uleb128 0xb
 704 0030 49       		.uleb128 0x49
 705 0031 13       		.uleb128 0x13
 706 0032 3A       		.uleb128 0x3a
 707 0033 0B       		.uleb128 0xb
ARM GAS  C:\Users\DABBIR~1\AppData\Local\Temp\ccqkDIqs.s 			page 14


 708 0034 3B       		.uleb128 0x3b
 709 0035 0B       		.uleb128 0xb
 710 0036 01       		.uleb128 0x1
 711 0037 13       		.uleb128 0x13
 712 0038 00       		.byte	0
 713 0039 00       		.byte	0
 714 003a 05       		.uleb128 0x5
 715 003b 28       		.uleb128 0x28
 716 003c 00       		.byte	0
 717 003d 03       		.uleb128 0x3
 718 003e 0E       		.uleb128 0xe
 719 003f 1C       		.uleb128 0x1c
 720 0040 0B       		.uleb128 0xb
 721 0041 00       		.byte	0
 722 0042 00       		.byte	0
 723 0043 06       		.uleb128 0x6
 724 0044 28       		.uleb128 0x28
 725 0045 00       		.byte	0
 726 0046 03       		.uleb128 0x3
 727 0047 0E       		.uleb128 0xe
 728 0048 1C       		.uleb128 0x1c
 729 0049 0D       		.uleb128 0xd
 730 004a 00       		.byte	0
 731 004b 00       		.byte	0
 732 004c 07       		.uleb128 0x7
 733 004d 24       		.uleb128 0x24
 734 004e 00       		.byte	0
 735 004f 0B       		.uleb128 0xb
 736 0050 0B       		.uleb128 0xb
 737 0051 3E       		.uleb128 0x3e
 738 0052 0B       		.uleb128 0xb
 739 0053 03       		.uleb128 0x3
 740 0054 08       		.uleb128 0x8
 741 0055 00       		.byte	0
 742 0056 00       		.byte	0
 743 0057 08       		.uleb128 0x8
 744 0058 13       		.uleb128 0x13
 745 0059 01       		.byte	0x1
 746 005a 03       		.uleb128 0x3
 747 005b 0E       		.uleb128 0xe
 748 005c 0B       		.uleb128 0xb
 749 005d 0B       		.uleb128 0xb
 750 005e 3A       		.uleb128 0x3a
 751 005f 0B       		.uleb128 0xb
 752 0060 3B       		.uleb128 0x3b
 753 0061 0B       		.uleb128 0xb
 754 0062 01       		.uleb128 0x1
 755 0063 13       		.uleb128 0x13
 756 0064 00       		.byte	0
 757 0065 00       		.byte	0
 758 0066 09       		.uleb128 0x9
 759 0067 0D       		.uleb128 0xd
 760 0068 00       		.byte	0
 761 0069 03       		.uleb128 0x3
 762 006a 0E       		.uleb128 0xe
 763 006b 3A       		.uleb128 0x3a
 764 006c 0B       		.uleb128 0xb
ARM GAS  C:\Users\DABBIR~1\AppData\Local\Temp\ccqkDIqs.s 			page 15


 765 006d 3B       		.uleb128 0x3b
 766 006e 0B       		.uleb128 0xb
 767 006f 49       		.uleb128 0x49
 768 0070 13       		.uleb128 0x13
 769 0071 38       		.uleb128 0x38
 770 0072 0B       		.uleb128 0xb
 771 0073 00       		.byte	0
 772 0074 00       		.byte	0
 773 0075 0A       		.uleb128 0xa
 774 0076 0D       		.uleb128 0xd
 775 0077 00       		.byte	0
 776 0078 03       		.uleb128 0x3
 777 0079 08       		.uleb128 0x8
 778 007a 3A       		.uleb128 0x3a
 779 007b 0B       		.uleb128 0xb
 780 007c 3B       		.uleb128 0x3b
 781 007d 0B       		.uleb128 0xb
 782 007e 49       		.uleb128 0x49
 783 007f 13       		.uleb128 0x13
 784 0080 38       		.uleb128 0x38
 785 0081 0B       		.uleb128 0xb
 786 0082 00       		.byte	0
 787 0083 00       		.byte	0
 788 0084 0B       		.uleb128 0xb
 789 0085 13       		.uleb128 0x13
 790 0086 01       		.byte	0x1
 791 0087 03       		.uleb128 0x3
 792 0088 0E       		.uleb128 0xe
 793 0089 0B       		.uleb128 0xb
 794 008a 05       		.uleb128 0x5
 795 008b 3A       		.uleb128 0x3a
 796 008c 0B       		.uleb128 0xb
 797 008d 3B       		.uleb128 0x3b
 798 008e 0B       		.uleb128 0xb
 799 008f 01       		.uleb128 0x1
 800 0090 13       		.uleb128 0x13
 801 0091 00       		.byte	0
 802 0092 00       		.byte	0
 803 0093 0C       		.uleb128 0xc
 804 0094 0D       		.uleb128 0xd
 805 0095 00       		.byte	0
 806 0096 03       		.uleb128 0x3
 807 0097 0E       		.uleb128 0xe
 808 0098 3A       		.uleb128 0x3a
 809 0099 0B       		.uleb128 0xb
 810 009a 3B       		.uleb128 0x3b
 811 009b 0B       		.uleb128 0xb
 812 009c 49       		.uleb128 0x49
 813 009d 13       		.uleb128 0x13
 814 009e 38       		.uleb128 0x38
 815 009f 05       		.uleb128 0x5
 816 00a0 00       		.byte	0
 817 00a1 00       		.byte	0
 818 00a2 0D       		.uleb128 0xd
 819 00a3 01       		.uleb128 0x1
 820 00a4 01       		.byte	0x1
 821 00a5 49       		.uleb128 0x49
ARM GAS  C:\Users\DABBIR~1\AppData\Local\Temp\ccqkDIqs.s 			page 16


 822 00a6 13       		.uleb128 0x13
 823 00a7 01       		.uleb128 0x1
 824 00a8 13       		.uleb128 0x13
 825 00a9 00       		.byte	0
 826 00aa 00       		.byte	0
 827 00ab 0E       		.uleb128 0xe
 828 00ac 21       		.uleb128 0x21
 829 00ad 00       		.byte	0
 830 00ae 49       		.uleb128 0x49
 831 00af 13       		.uleb128 0x13
 832 00b0 2F       		.uleb128 0x2f
 833 00b1 0B       		.uleb128 0xb
 834 00b2 00       		.byte	0
 835 00b3 00       		.byte	0
 836 00b4 0F       		.uleb128 0xf
 837 00b5 17       		.uleb128 0x17
 838 00b6 01       		.byte	0x1
 839 00b7 0B       		.uleb128 0xb
 840 00b8 0B       		.uleb128 0xb
 841 00b9 3A       		.uleb128 0x3a
 842 00ba 0B       		.uleb128 0xb
 843 00bb 3B       		.uleb128 0x3b
 844 00bc 0B       		.uleb128 0xb
 845 00bd 01       		.uleb128 0x1
 846 00be 13       		.uleb128 0x13
 847 00bf 00       		.byte	0
 848 00c0 00       		.byte	0
 849 00c1 10       		.uleb128 0x10
 850 00c2 0D       		.uleb128 0xd
 851 00c3 00       		.byte	0
 852 00c4 03       		.uleb128 0x3
 853 00c5 0E       		.uleb128 0xe
 854 00c6 3A       		.uleb128 0x3a
 855 00c7 0B       		.uleb128 0xb
 856 00c8 3B       		.uleb128 0x3b
 857 00c9 0B       		.uleb128 0xb
 858 00ca 49       		.uleb128 0x49
 859 00cb 13       		.uleb128 0x13
 860 00cc 00       		.byte	0
 861 00cd 00       		.byte	0
 862 00ce 11       		.uleb128 0x11
 863 00cf 13       		.uleb128 0x13
 864 00d0 01       		.byte	0x1
 865 00d1 0B       		.uleb128 0xb
 866 00d2 0B       		.uleb128 0xb
 867 00d3 3A       		.uleb128 0x3a
 868 00d4 0B       		.uleb128 0xb
 869 00d5 3B       		.uleb128 0x3b
 870 00d6 0B       		.uleb128 0xb
 871 00d7 01       		.uleb128 0x1
 872 00d8 13       		.uleb128 0x13
 873 00d9 00       		.byte	0
 874 00da 00       		.byte	0
 875 00db 12       		.uleb128 0x12
 876 00dc 2E       		.uleb128 0x2e
 877 00dd 01       		.byte	0x1
 878 00de 3F       		.uleb128 0x3f
ARM GAS  C:\Users\DABBIR~1\AppData\Local\Temp\ccqkDIqs.s 			page 17


 879 00df 19       		.uleb128 0x19
 880 00e0 03       		.uleb128 0x3
 881 00e1 0E       		.uleb128 0xe
 882 00e2 3A       		.uleb128 0x3a
 883 00e3 0B       		.uleb128 0xb
 884 00e4 3B       		.uleb128 0x3b
 885 00e5 0B       		.uleb128 0xb
 886 00e6 27       		.uleb128 0x27
 887 00e7 19       		.uleb128 0x19
 888 00e8 49       		.uleb128 0x49
 889 00e9 13       		.uleb128 0x13
 890 00ea 11       		.uleb128 0x11
 891 00eb 01       		.uleb128 0x1
 892 00ec 12       		.uleb128 0x12
 893 00ed 06       		.uleb128 0x6
 894 00ee 40       		.uleb128 0x40
 895 00ef 18       		.uleb128 0x18
 896 00f0 9742     		.uleb128 0x2117
 897 00f2 19       		.uleb128 0x19
 898 00f3 01       		.uleb128 0x1
 899 00f4 13       		.uleb128 0x13
 900 00f5 00       		.byte	0
 901 00f6 00       		.byte	0
 902 00f7 13       		.uleb128 0x13
 903 00f8 05       		.uleb128 0x5
 904 00f9 00       		.byte	0
 905 00fa 03       		.uleb128 0x3
 906 00fb 0E       		.uleb128 0xe
 907 00fc 3A       		.uleb128 0x3a
 908 00fd 0B       		.uleb128 0xb
 909 00fe 3B       		.uleb128 0x3b
 910 00ff 0B       		.uleb128 0xb
 911 0100 49       		.uleb128 0x49
 912 0101 13       		.uleb128 0x13
 913 0102 02       		.uleb128 0x2
 914 0103 17       		.uleb128 0x17
 915 0104 00       		.byte	0
 916 0105 00       		.byte	0
 917 0106 14       		.uleb128 0x14
 918 0107 34       		.uleb128 0x34
 919 0108 00       		.byte	0
 920 0109 03       		.uleb128 0x3
 921 010a 0E       		.uleb128 0xe
 922 010b 3A       		.uleb128 0x3a
 923 010c 0B       		.uleb128 0xb
 924 010d 3B       		.uleb128 0x3b
 925 010e 0B       		.uleb128 0xb
 926 010f 49       		.uleb128 0x49
 927 0110 13       		.uleb128 0x13
 928 0111 02       		.uleb128 0x2
 929 0112 18       		.uleb128 0x18
 930 0113 00       		.byte	0
 931 0114 00       		.byte	0
 932 0115 15       		.uleb128 0x15
 933 0116 898201   		.uleb128 0x4109
 934 0119 01       		.byte	0x1
 935 011a 11       		.uleb128 0x11
ARM GAS  C:\Users\DABBIR~1\AppData\Local\Temp\ccqkDIqs.s 			page 18


 936 011b 01       		.uleb128 0x1
 937 011c 31       		.uleb128 0x31
 938 011d 13       		.uleb128 0x13
 939 011e 00       		.byte	0
 940 011f 00       		.byte	0
 941 0120 16       		.uleb128 0x16
 942 0121 8A8201   		.uleb128 0x410a
 943 0124 00       		.byte	0
 944 0125 02       		.uleb128 0x2
 945 0126 18       		.uleb128 0x18
 946 0127 9142     		.uleb128 0x2111
 947 0129 18       		.uleb128 0x18
 948 012a 00       		.byte	0
 949 012b 00       		.byte	0
 950 012c 17       		.uleb128 0x17
 951 012d 0F       		.uleb128 0xf
 952 012e 00       		.byte	0
 953 012f 0B       		.uleb128 0xb
 954 0130 0B       		.uleb128 0xb
 955 0131 49       		.uleb128 0x49
 956 0132 13       		.uleb128 0x13
 957 0133 00       		.byte	0
 958 0134 00       		.byte	0
 959 0135 18       		.uleb128 0x18
 960 0136 34       		.uleb128 0x34
 961 0137 00       		.byte	0
 962 0138 03       		.uleb128 0x3
 963 0139 0E       		.uleb128 0xe
 964 013a 3A       		.uleb128 0x3a
 965 013b 0B       		.uleb128 0xb
 966 013c 3B       		.uleb128 0x3b
 967 013d 0B       		.uleb128 0xb
 968 013e 49       		.uleb128 0x49
 969 013f 13       		.uleb128 0x13
 970 0140 3F       		.uleb128 0x3f
 971 0141 19       		.uleb128 0x19
 972 0142 3C       		.uleb128 0x3c
 973 0143 19       		.uleb128 0x19
 974 0144 00       		.byte	0
 975 0145 00       		.byte	0
 976 0146 19       		.uleb128 0x19
 977 0147 34       		.uleb128 0x34
 978 0148 00       		.byte	0
 979 0149 03       		.uleb128 0x3
 980 014a 0E       		.uleb128 0xe
 981 014b 3A       		.uleb128 0x3a
 982 014c 0B       		.uleb128 0xb
 983 014d 3B       		.uleb128 0x3b
 984 014e 05       		.uleb128 0x5
 985 014f 49       		.uleb128 0x49
 986 0150 13       		.uleb128 0x13
 987 0151 3F       		.uleb128 0x3f
 988 0152 19       		.uleb128 0x19
 989 0153 3C       		.uleb128 0x3c
 990 0154 19       		.uleb128 0x19
 991 0155 00       		.byte	0
 992 0156 00       		.byte	0
ARM GAS  C:\Users\DABBIR~1\AppData\Local\Temp\ccqkDIqs.s 			page 19


 993 0157 1A       		.uleb128 0x1a
 994 0158 35       		.uleb128 0x35
 995 0159 00       		.byte	0
 996 015a 49       		.uleb128 0x49
 997 015b 13       		.uleb128 0x13
 998 015c 00       		.byte	0
 999 015d 00       		.byte	0
 1000 015e 1B       		.uleb128 0x1b
 1001 015f 2E       		.uleb128 0x2e
 1002 0160 00       		.byte	0
 1003 0161 3F       		.uleb128 0x3f
 1004 0162 19       		.uleb128 0x19
 1005 0163 3C       		.uleb128 0x3c
 1006 0164 19       		.uleb128 0x19
 1007 0165 6E       		.uleb128 0x6e
 1008 0166 0E       		.uleb128 0xe
 1009 0167 03       		.uleb128 0x3
 1010 0168 0E       		.uleb128 0xe
 1011 0169 3A       		.uleb128 0x3a
 1012 016a 0B       		.uleb128 0xb
 1013 016b 3B       		.uleb128 0x3b
 1014 016c 0B       		.uleb128 0xb
 1015 016d 00       		.byte	0
 1016 016e 00       		.byte	0
 1017 016f 00       		.byte	0
 1018              		.section	.debug_loc,"",%progbits
 1019              	.Ldebug_loc0:
 1020              	.LLST0:
 1021 0000 00000000 		.4byte	.LVL0
 1022 0004 0E000000 		.4byte	.LVL1
 1023 0008 0100     		.2byte	0x1
 1024 000a 50       		.byte	0x50
 1025 000b 0E000000 		.4byte	.LVL1
 1026 000f 44000000 		.4byte	.LFE103
 1027 0013 0100     		.2byte	0x1
 1028 0015 54       		.byte	0x54
 1029 0016 00000000 		.4byte	0
 1030 001a 00000000 		.4byte	0
 1031              	.LLST1:
 1032 001e 00000000 		.4byte	.LVL0
 1033 0022 0E000000 		.4byte	.LVL1
 1034 0026 0100     		.2byte	0x1
 1035 0028 51       		.byte	0x51
 1036 0029 0E000000 		.4byte	.LVL1
 1037 002d 44000000 		.4byte	.LFE103
 1038 0031 0100     		.2byte	0x1
 1039 0033 56       		.byte	0x56
 1040 0034 00000000 		.4byte	0
 1041 0038 00000000 		.4byte	0
 1042              		.section	.debug_aranges,"",%progbits
 1043 0000 1C000000 		.4byte	0x1c
 1044 0004 0200     		.2byte	0x2
 1045 0006 00000000 		.4byte	.Ldebug_info0
 1046 000a 04       		.byte	0x4
 1047 000b 00       		.byte	0
 1048 000c 0000     		.2byte	0
 1049 000e 0000     		.2byte	0
ARM GAS  C:\Users\DABBIR~1\AppData\Local\Temp\ccqkDIqs.s 			page 20


 1050 0010 00000000 		.4byte	.LFB103
 1051 0014 44000000 		.4byte	.LFE103-.LFB103
 1052 0018 00000000 		.4byte	0
 1053 001c 00000000 		.4byte	0
 1054              		.section	.debug_ranges,"",%progbits
 1055              	.Ldebug_ranges0:
 1056 0000 00000000 		.4byte	.LFB103
 1057 0004 44000000 		.4byte	.LFE103
 1058 0008 00000000 		.4byte	0
 1059 000c 00000000 		.4byte	0
 1060              		.section	.debug_line,"",%progbits
 1061              	.Ldebug_line0:
 1062 0000 7A020000 		.section	.debug_str,"MS",%progbits,1
 1062      02005802 
 1062      00000201 
 1062      FB0E0D00 
 1062      01010101 
 1063              	.LASF87:
 1064 0000 45455F73 		.ascii	"EE_std_endcycle_next_tid\000"
 1064      74645F65 
 1064      6E646379 
 1064      636C655F 
 1064      6E657874 
 1065              	.LASF67:
 1066 0019 746F6B65 		.ascii	"token\000"
 1066      6E00
 1067              	.LASF21:
 1068 001f 52435F45 		.ascii	"RC_ERROR_BUFFER_FULL\000"
 1068      52524F52 
 1068      5F425546 
 1068      4645525F 
 1068      46554C4C 
 1069              	.LASF27:
 1070 0034 52435F45 		.ascii	"RC_ERROR_READ_ONLY\000"
 1070      52524F52 
 1070      5F524541 
 1070      445F4F4E 
 1070      4C5900
 1071              	.LASF13:
 1072 0047 52435F53 		.ascii	"RC_SUCCESS\000"
 1072      55434345 
 1072      535300
 1073              	.LASF71:
 1074 0052 5446545F 		.ascii	"TFT_color_t\000"
 1074      636F6C6F 
 1074      725F7400 
 1075              	.LASF74:
 1076 005e 44726177 		.ascii	"Drawer_commandType_t\000"
 1076      65725F63 
 1076      6F6D6D61 
 1076      6E645479 
 1076      70655F74 
 1077              	.LASF28:
 1078 0073 52435F45 		.ascii	"RC_ERROR_WRITE_ONLY\000"
 1078      52524F52 
 1078      5F575249 
 1078      54455F4F 
ARM GAS  C:\Users\DABBIR~1\AppData\Local\Temp\ccqkDIqs.s 			page 21


 1078      4E4C5900 
 1079              	.LASF2:
 1080 0087 73686F72 		.ascii	"short int\000"
 1080      7420696E 
 1080      7400
 1081              	.LASF19:
 1082 0091 52435F45 		.ascii	"RC_ERROR_OVERRUN\000"
 1082      52524F52 
 1082      5F4F5645 
 1082      5252554E 
 1082      00
 1083              	.LASF60:
 1084 00a2 6A736D6E 		.ascii	"jsmntok\000"
 1084      746F6B00 
 1085              	.LASF75:
 1086 00aa 636F6C6F 		.ascii	"color\000"
 1086      7200
 1087              	.LASF50:
 1088 00b0 4A534D4E 		.ascii	"JSMN_UNDEFINED\000"
 1088      5F554E44 
 1088      4546494E 
 1088      454400
 1089              	.LASF16:
 1090 00bf 52435F45 		.ascii	"RC_ERROR_ZERO\000"
 1090      52524F52 
 1090      5F5A4552 
 1090      4F00
 1091              	.LASF47:
 1092 00cd 45455F46 		.ascii	"EE_FREG\000"
 1092      52454700 
 1093              	.LASF30:
 1094 00d5 52435F45 		.ascii	"RC_ERROR_READ_FAILS\000"
 1094      52524F52 
 1094      5F524541 
 1094      445F4641 
 1094      494C5300 
 1095              	.LASF62:
 1096 00e9 746F6B6E 		.ascii	"toknext\000"
 1096      65787400 
 1097              	.LASF73:
 1098 00f1 44524157 		.ascii	"DRAWER_CMD_DRAW\000"
 1098      45525F43 
 1098      4D445F44 
 1098      52415700 
 1099              	.LASF38:
 1100 0101 52435F45 		.ascii	"RC_ERROR_NOT_IMPLEMENTED\000"
 1100      52524F52 
 1100      5F4E4F54 
 1100      5F494D50 
 1100      4C454D45 
 1101              	.LASF48:
 1102 011a 45455F54 		.ascii	"EE_TID\000"
 1102      494400
 1103              	.LASF65:
 1104 0121 70617273 		.ascii	"parser\000"
 1104      657200
 1105              	.LASF3:
ARM GAS  C:\Users\DABBIR~1\AppData\Local\Temp\ccqkDIqs.s 			page 22


 1106 0128 75696E74 		.ascii	"uint8_t\000"
 1106      385F7400 
 1107              	.LASF36:
 1108 0130 52435F45 		.ascii	"RC_ERROR_INVALID_STATE\000"
 1108      52524F52 
 1108      5F494E56 
 1108      414C4944 
 1108      5F535441 
 1109              	.LASF53:
 1110 0147 4A534D4E 		.ascii	"JSMN_STRING\000"
 1110      5F535452 
 1110      494E4700 
 1111              	.LASF88:
 1112 0153 45455F49 		.ascii	"EE_IRQ_nesting_level\000"
 1112      52515F6E 
 1112      65737469 
 1112      6E675F6C 
 1112      6576656C 
 1113              	.LASF82:
 1114 0168 44726177 		.ascii	"Drawing_t\000"
 1114      696E675F 
 1114      7400
 1115              	.LASF0:
 1116 0172 7369676E 		.ascii	"signed char\000"
 1116      65642063 
 1116      68617200 
 1117              	.LASF77:
 1118 017e 73436F6D 		.ascii	"sCommand\000"
 1118      6D616E64 
 1118      00
 1119              	.LASF8:
 1120 0187 666C6F61 		.ascii	"float\000"
 1120      7400
 1121              	.LASF69:
 1122 018d 6E657874 		.ascii	"nextToken\000"
 1122      546F6B65 
 1122      6E00
 1123              	.LASF10:
 1124 0197 6C6F6E67 		.ascii	"long long int\000"
 1124      206C6F6E 
 1124      6720696E 
 1124      7400
 1125              	.LASF52:
 1126 01a5 4A534D4E 		.ascii	"JSMN_ARRAY\000"
 1126      5F415252 
 1126      415900
 1127              	.LASF85:
 1128 01b0 45455F6F 		.ascii	"EE_oo_IRQ_suspend_status\000"
 1128      6F5F4952 
 1128      515F7375 
 1128      7370656E 
 1128      645F7374 
 1129              	.LASF92:
 1130 01c9 433A5C4D 		.ascii	"C:\\My_Files\\College_Documents\\AMA EOS\\EOS\\LAB\\"
 1130      795F4669 
 1130      6C65735C 
 1130      436F6C6C 
ARM GAS  C:\Users\DABBIR~1\AppData\Local\Temp\ccqkDIqs.s 			page 23


 1130      6567655F 
 1131 01f7 4C41425F 		.ascii	"LAB_2_Submission\\Json Parser\\code\\w06_criticalRe"
 1131      325F5375 
 1131      626D6973 
 1131      73696F6E 
 1131      5C4A736F 
 1132 0227 67696F6E 		.ascii	"gion.cydsn\\Lab2_JSONParser01.cydsn\000"
 1132      2E637964 
 1132      736E5C4C 
 1132      6162325F 
 1132      4A534F4E 
 1133              	.LASF32:
 1134 024a 52435F45 		.ascii	"RC_ERROR_NOT_MATCH\000"
 1134      52524F52 
 1134      5F4E4F54 
 1134      5F4D4154 
 1134      434800
 1135              	.LASF37:
 1136 025d 52435F45 		.ascii	"RC_ERROR_UNKNOWN\000"
 1136      52524F52 
 1136      5F554E4B 
 1136      4E4F574E 
 1136      00
 1137              	.LASF6:
 1138 026e 6C6F6E67 		.ascii	"long int\000"
 1138      20696E74 
 1138      00
 1139              	.LASF20:
 1140 0277 52435F45 		.ascii	"RC_ERROR_UNDERRUN\000"
 1140      52524F52 
 1140      5F554E44 
 1140      45525255 
 1140      4E00
 1141              	.LASF49:
 1142 0289 73697A65 		.ascii	"sizetype\000"
 1142      74797065 
 1142      00
 1143              	.LASF23:
 1144 0292 52435F45 		.ascii	"RC_ERROR_BUSY\000"
 1144      52524F52 
 1144      5F425553 
 1144      5900
 1145              	.LASF81:
 1146 02a0 64726177 		.ascii	"drawer\000"
 1146      657200
 1147              	.LASF29:
 1148 02a7 52435F45 		.ascii	"RC_ERROR_INVALID\000"
 1148      52524F52 
 1148      5F494E56 
 1148      414C4944 
 1148      00
 1149              	.LASF34:
 1150 02b8 52435F45 		.ascii	"RC_ERROR_BAD_DATA\000"
 1150      52524F52 
 1150      5F424144 
 1150      5F444154 
 1150      4100
ARM GAS  C:\Users\DABBIR~1\AppData\Local\Temp\ccqkDIqs.s 			page 24


 1151              	.LASF93:
 1152 02ca 696E7465 		.ascii	"inteprete\000"
 1152      70726574 
 1152      6500
 1153              	.LASF43:
 1154 02d4 6C6F6E67 		.ascii	"long double\000"
 1154      20646F75 
 1154      626C6500 
 1155              	.LASF1:
 1156 02e0 756E7369 		.ascii	"unsigned char\000"
 1156      676E6564 
 1156      20636861 
 1156      7200
 1157              	.LASF45:
 1158 02ee 45455F55 		.ascii	"EE_UINT32\000"
 1158      494E5433 
 1158      3200
 1159              	.LASF64:
 1160 02f8 73506172 		.ascii	"sParser\000"
 1160      73657200 
 1161              	.LASF42:
 1162 0300 696E7433 		.ascii	"int32_t\000"
 1162      325F7400 
 1163              	.LASF11:
 1164 0308 6C6F6E67 		.ascii	"long long unsigned int\000"
 1164      206C6F6E 
 1164      6720756E 
 1164      7369676E 
 1164      65642069 
 1165              	.LASF56:
 1166 031f 74797065 		.ascii	"type\000"
 1166      00
 1167              	.LASF41:
 1168 0324 756E7369 		.ascii	"unsigned int\000"
 1168      676E6564 
 1168      20696E74 
 1168      00
 1169              	.LASF25:
 1170 0331 52435F45 		.ascii	"RC_ERROR_OPEN\000"
 1170      52524F52 
 1170      5F4F5045 
 1170      4E00
 1171              	.LASF4:
 1172 033f 75696E74 		.ascii	"uint16_t\000"
 1172      31365F74 
 1172      00
 1173              	.LASF15:
 1174 0348 52435F45 		.ascii	"RC_ERROR_NULL\000"
 1174      52524F52 
 1174      5F4E554C 
 1174      4C00
 1175              	.LASF22:
 1176 0356 52435F45 		.ascii	"RC_ERROR_BUFFER_EMTPY\000"
 1176      52524F52 
 1176      5F425546 
 1176      4645525F 
 1176      454D5450 
ARM GAS  C:\Users\DABBIR~1\AppData\Local\Temp\ccqkDIqs.s 			page 25


 1177              	.LASF44:
 1178 036c 45455F49 		.ascii	"EE_INT32\000"
 1178      4E543332 
 1178      00
 1179              	.LASF63:
 1180 0375 746F6B73 		.ascii	"toksuper\000"
 1180      75706572 
 1180      00
 1181              	.LASF57:
 1182 037e 73746172 		.ascii	"start\000"
 1182      7400
 1183              	.LASF5:
 1184 0384 73686F72 		.ascii	"short unsigned int\000"
 1184      7420756E 
 1184      7369676E 
 1184      65642069 
 1184      6E7400
 1185              	.LASF90:
 1186 0397 474E5520 		.ascii	"GNU C11 5.4.1 20160609 (release) [ARM/embedded-5-br"
 1186      43313120 
 1186      352E342E 
 1186      31203230 
 1186      31363036 
 1187 03ca 616E6368 		.ascii	"anch revision 237715] -mcpu=cortex-m3 -mthumb -g -O"
 1187      20726576 
 1187      6973696F 
 1187      6E203233 
 1187      37373135 
 1188 03fd 67202D66 		.ascii	"g -ffunction-sections -ffat-lto-objects\000"
 1188      66756E63 
 1188      74696F6E 
 1188      2D736563 
 1188      74696F6E 
 1189              	.LASF12:
 1190 0425 63686172 		.ascii	"char\000"
 1190      00
 1191              	.LASF70:
 1192 042a 50617273 		.ascii	"Parser_t\000"
 1192      65725F74 
 1192      00
 1193              	.LASF31:
 1194 0433 52435F45 		.ascii	"RC_ERROR_WRITE_FAILS\000"
 1194      52524F52 
 1194      5F575249 
 1194      54455F46 
 1194      41494C53 
 1195              	.LASF72:
 1196 0448 44524157 		.ascii	"DRAWER_CMD_COLOR\000"
 1196      45525F43 
 1196      4D445F43 
 1196      4F4C4F52 
 1196      00
 1197              	.LASF33:
 1198 0459 52435F45 		.ascii	"RC_ERROR_BAD_PARAM\000"
 1198      52524F52 
 1198      5F424144 
 1198      5F504152 
ARM GAS  C:\Users\DABBIR~1\AppData\Local\Temp\ccqkDIqs.s 			page 26


 1198      414D00
 1199              	.LASF79:
 1200 046c 64617461 		.ascii	"data\000"
 1200      00
 1201              	.LASF59:
 1202 0471 6A736D6E 		.ascii	"jsmntok_t\000"
 1202      746F6B5F 
 1202      7400
 1203              	.LASF94:
 1204 047b 44524157 		.ascii	"DRAWER_getNextDrawCommand\000"
 1204      45525F67 
 1204      65744E65 
 1204      78744472 
 1204      6177436F 
 1205              	.LASF66:
 1206 0495 636F6E74 		.ascii	"content\000"
 1206      656E7400 
 1207              	.LASF86:
 1208 049d 45455F41 		.ascii	"EE_ApplicationMode\000"
 1208      70706C69 
 1208      63617469 
 1208      6F6E4D6F 
 1208      646500
 1209              	.LASF7:
 1210 04b0 6C6F6E67 		.ascii	"long unsigned int\000"
 1210      20756E73 
 1210      69676E65 
 1210      6420696E 
 1210      7400
 1211              	.LASF61:
 1212 04c2 6A736D6E 		.ascii	"jsmn_parser\000"
 1212      5F706172 
 1212      73657200 
 1213              	.LASF76:
 1214 04ce 636F6F72 		.ascii	"coordinate\000"
 1214      64696E61 
 1214      746500
 1215              	.LASF9:
 1216 04d9 646F7562 		.ascii	"double\000"
 1216      6C6500
 1217              	.LASF54:
 1218 04e0 4A534D4E 		.ascii	"JSMN_PRIMITIVE\000"
 1218      5F505249 
 1218      4D495449 
 1218      564500
 1219              	.LASF26:
 1220 04ef 52435F45 		.ascii	"RC_ERROR_CHECKSUM\000"
 1220      52524F52 
 1220      5F434845 
 1220      434B5355 
 1220      4D00
 1221              	.LASF46:
 1222 0501 45455F55 		.ascii	"EE_UREG\000"
 1222      52454700 
 1223              	.LASF58:
 1224 0509 73697A65 		.ascii	"size\000"
 1224      00
ARM GAS  C:\Users\DABBIR~1\AppData\Local\Temp\ccqkDIqs.s 			page 27


 1225              	.LASF18:
 1226 050e 52435F45 		.ascii	"RC_ERROR_RANGE\000"
 1226      52524F52 
 1226      5F52414E 
 1226      474500
 1227              	.LASF40:
 1228 051d 5F5F696E 		.ascii	"__int32_t\000"
 1228      7433325F 
 1228      7400
 1229              	.LASF55:
 1230 0527 6A736D6E 		.ascii	"jsmntype_t\000"
 1230      74797065 
 1230      5F7400
 1231              	.LASF35:
 1232 0532 52435F45 		.ascii	"RC_ERROR_CANCELED\000"
 1232      52524F52 
 1232      5F43414E 
 1232      43454C45 
 1232      4400
 1233              	.LASF68:
 1234 0544 6E657874 		.ascii	"nextFreePos\000"
 1234      46726565 
 1234      506F7300 
 1235              	.LASF80:
 1236 0550 44726177 		.ascii	"Drawer_t\000"
 1236      65725F74 
 1236      00
 1237              	.LASF89:
 1238 0559 49544D5F 		.ascii	"ITM_RxBuffer\000"
 1238      52784275 
 1238      66666572 
 1238      00
 1239              	.LASF14:
 1240 0566 52435F45 		.ascii	"RC_ERROR\000"
 1240      52524F52 
 1240      00
 1241              	.LASF17:
 1242 056f 52435F45 		.ascii	"RC_ERROR_MEMORY\000"
 1242      52524F52 
 1242      5F4D454D 
 1242      4F525900 
 1243              	.LASF84:
 1244 057f 45455F6F 		.ascii	"EE_oo_IRQ_disable_count\000"
 1244      6F5F4952 
 1244      515F6469 
 1244      7361626C 
 1244      655F636F 
 1245              	.LASF91:
 1246 0597 696E7465 		.ascii	"intepreter.c\000"
 1246      70726574 
 1246      65722E63 
 1246      00
 1247              	.LASF83:
 1248 05a4 64726177 		.ascii	"drawing\000"
 1248      696E6700 
 1249              	.LASF51:
 1250 05ac 4A534D4E 		.ascii	"JSMN_OBJECT\000"
ARM GAS  C:\Users\DABBIR~1\AppData\Local\Temp\ccqkDIqs.s 			page 28


 1250      5F4F424A 
 1250      45435400 
 1251              	.LASF78:
 1252 05b8 636F6D6D 		.ascii	"command\000"
 1252      616E6400 
 1253              	.LASF39:
 1254 05c0 52435F74 		.ascii	"RC_t\000"
 1254      00
 1255              	.LASF24:
 1256 05c5 52435F45 		.ascii	"RC_ERROR_TIME_OUT\000"
 1256      52524F52 
 1256      5F54494D 
 1256      455F4F55 
 1256      5400
 1257              		.ident	"GCC: (GNU Tools for ARM Embedded Processors) 5.4.1 20160609 (release) [ARM/embedded-5-bran
