ARM GAS  C:\Users\DABBIR~1\AppData\Local\Temp\ccmSTfDi.s 			page 1


   1              		.syntax unified
   2              		.cpu cortex-m3
   3              		.fpu softvfp
   4              		.eabi_attribute 20, 1
   5              		.eabi_attribute 21, 1
   6              		.eabi_attribute 23, 3
   7              		.eabi_attribute 24, 1
   8              		.eabi_attribute 25, 1
   9              		.eabi_attribute 26, 1
  10              		.eabi_attribute 30, 1
  11              		.eabi_attribute 34, 1
  12              		.eabi_attribute 18, 4
  13              		.thumb
  14              		.syntax unified
  15              		.file	"messagebox.c"
  16              		.text
  17              	.Ltext0:
  18              		.cfi_sections	.debug_frame
  19              		.section	.text.messagebox_init,"ax",%progbits
  20              		.align	2
  21              		.global	messagebox_init
  22              		.thumb
  23              		.thumb_func
  24              		.type	messagebox_init, %function
  25              	messagebox_init:
  26              	.LFB102:
  27              		.file 1 "messagebox.c"
   1:messagebox.c  **** /* ========================================
   2:messagebox.c  ****  *
   3:messagebox.c  ****  * Copyright YOUR COMPANY, THE YEAR
   4:messagebox.c  ****  * All Rights Reserved
   5:messagebox.c  ****  * UNPUBLISHED, LICENSED SOFTWARE.
   6:messagebox.c  ****  *
   7:messagebox.c  ****  * CONFIDENTIAL AND PROPRIETARY INFORMATION
   8:messagebox.c  ****  * WHICH IS THE PROPERTY OF your company.
   9:messagebox.c  ****  *
  10:messagebox.c  ****  * ========================================
  11:messagebox.c  **** */
  12:messagebox.c  **** #include "messagebox.h"
  13:messagebox.c  **** 
  14:messagebox.c  **** RC_t messagebox_init(messagebox_t* messagebox, uint16_t size, EventMaskType eventMaskType, TaskType
  28              		.loc 1 14 0
  29              		.cfi_startproc
  30              		@ args = 0, pretend = 0, frame = 0
  31              		@ frame_needed = 0, uses_anonymous_args = 0
  32              		@ link register save eliminated.
  33              	.LVL0:
  15:messagebox.c  ****     // Initiliaze attributes
  16:messagebox.c  ****     messagebox->m_size = size;
  34              		.loc 1 16 0
  35 0000 0181     		strh	r1, [r0, #8]	@ movhi
  17:messagebox.c  ****     messagebox->m_ev = eventMaskType; 
  36              		.loc 1 17 0
  37 0002 0260     		str	r2, [r0]
  18:messagebox.c  ****     messagebox->m_task = taskType; 
  38              		.loc 1 18 0
  39 0004 4360     		str	r3, [r0, #4]
ARM GAS  C:\Users\DABBIR~1\AppData\Local\Temp\ccmSTfDi.s 			page 2


  19:messagebox.c  ****     messagebox->filllevel = 0; 
  40              		.loc 1 19 0
  41 0006 0023     		movs	r3, #0
  42              	.LVL1:
  43 0008 C381     		strh	r3, [r0, #14]	@ movhi
  20:messagebox.c  ****     messagebox->read_idx = 0; 
  44              		.loc 1 20 0
  45 000a 4381     		strh	r3, [r0, #10]	@ movhi
  21:messagebox.c  ****     messagebox->write_idx = 0; 
  46              		.loc 1 21 0
  47 000c 8381     		strh	r3, [r0, #12]	@ movhi
  22:messagebox.c  ****     
  23:messagebox.c  ****     return RC_SUCCESS; 
  24:messagebox.c  **** }
  48              		.loc 1 24 0
  49 000e 1846     		mov	r0, r3
  50              	.LVL2:
  51 0010 7047     		bx	lr
  52              		.cfi_endproc
  53              	.LFE102:
  54              		.size	messagebox_init, .-messagebox_init
  55 0012 00BF     		.section	.text.messagebox_send,"ax",%progbits
  56              		.align	2
  57              		.global	messagebox_send
  58              		.thumb
  59              		.thumb_func
  60              		.type	messagebox_send, %function
  61              	messagebox_send:
  62              	.LFB103:
  25:messagebox.c  **** 
  26:messagebox.c  **** RC_t messagebox_send(messagebox_t* messagebox, void* data, uint16_t size){
  63              		.loc 1 26 0
  64              		.cfi_startproc
  65              		@ args = 0, pretend = 0, frame = 0
  66              		@ frame_needed = 0, uses_anonymous_args = 0
  67              	.LVL3:
  68 0000 F8B5     		push	{r3, r4, r5, r6, r7, lr}
  69              		.cfi_def_cfa_offset 24
  70              		.cfi_offset 3, -24
  71              		.cfi_offset 4, -20
  72              		.cfi_offset 5, -16
  73              		.cfi_offset 6, -12
  74              		.cfi_offset 7, -8
  75              		.cfi_offset 14, -4
  27:messagebox.c  ****     // Check size
  28:messagebox.c  ****     if(messagebox->m_size >= POSTBOX_SIZE){
  76              		.loc 1 28 0
  77 0002 0389     		ldrh	r3, [r0, #8]
  78 0004 092B     		cmp	r3, #9
  79 0006 2BD8     		bhi	.L6
  80 0008 1546     		mov	r5, r2
  81 000a 0E46     		mov	r6, r1
  82 000c 0746     		mov	r7, r0
  29:messagebox.c  ****         //UART_LOG_PutString("MESSAGEBOX SEND FAILED!"); 
  30:messagebox.c  ****         return RC_ERROR_BUFFER_FULL; 
  31:messagebox.c  ****     }
  32:messagebox.c  ****     
ARM GAS  C:\Users\DABBIR~1\AppData\Local\Temp\ccmSTfDi.s 			page 3


  33:messagebox.c  ****     // Allocate memory
  34:messagebox.c  ****     void* pMalloc = malloc(size * sizeof(uint8_t));
  83              		.loc 1 34 0
  84 000e 1046     		mov	r0, r2
  85              	.LVL4:
  86 0010 FFF7FEFF 		bl	malloc
  87              	.LVL5:
  35:messagebox.c  ****     
  36:messagebox.c  ****     // Return if not successful
  37:messagebox.c  ****     if(pMalloc == NULL){
  88              		.loc 1 37 0
  89 0014 0246     		mov	r2, r0
  90 0016 30B3     		cbz	r0, .L7
  38:messagebox.c  ****         //UART_LOG_PutString("MESSAGEBOX SEND FAILED!"); 
  39:messagebox.c  ****         return RC_ERROR_MEMORY; 
  40:messagebox.c  ****     }
  41:messagebox.c  ****     
  42:messagebox.c  ****     // Write pointer to Buffer of message
  43:messagebox.c  ****     messagebox->message[messagebox->write_idx].m_pBuffer = pMalloc;
  91              		.loc 1 43 0
  92 0018 BB89     		ldrh	r3, [r7, #12]
  93 001a 0233     		adds	r3, r3, #2
  94 001c 07EBC303 		add	r3, r7, r3, lsl #3
  95 0020 5860     		str	r0, [r3, #4]
  96              	.LVL6:
  97              	.LBB2:
  44:messagebox.c  ****     
  45:messagebox.c  ****     // Cast the pointers
  46:messagebox.c  ****     uint8_t *castedPointer = (uint8_t*)data;
  47:messagebox.c  ****     uint8_t *castedMpBuffer = (uint8_t*)messagebox->message[messagebox->write_idx].m_pBuffer;
  48:messagebox.c  ****     
  49:messagebox.c  ****     // Write data into m_pBuffer
  50:messagebox.c  ****     for (int it_size = 0; it_size< size; it_size++)
  98              		.loc 1 50 0
  99 0022 0023     		movs	r3, #0
 100 0024 02E0     		b	.L4
 101              	.LVL7:
 102              	.L5:
  51:messagebox.c  ****     {
  52:messagebox.c  ****         castedMpBuffer[it_size] = castedPointer[it_size];
 103              		.loc 1 52 0 discriminator 3
 104 0026 F45C     		ldrb	r4, [r6, r3]	@ zero_extendqisi2
 105 0028 D454     		strb	r4, [r2, r3]
  50:messagebox.c  ****     {
 106              		.loc 1 50 0 discriminator 3
 107 002a 0133     		adds	r3, r3, #1
 108              	.LVL8:
 109              	.L4:
  50:messagebox.c  ****     {
 110              		.loc 1 50 0 is_stmt 0 discriminator 1
 111 002c AB42     		cmp	r3, r5
 112 002e FADB     		blt	.L5
 113              	.LBE2:
  53:messagebox.c  ****     }
  54:messagebox.c  ****     
  55:messagebox.c  ****     // Increment size and write index
  56:messagebox.c  ****     messagebox->message[messagebox->write_idx].m_size = size;
ARM GAS  C:\Users\DABBIR~1\AppData\Local\Temp\ccmSTfDi.s 			page 4


 114              		.loc 1 56 0 is_stmt 1
 115 0030 BB89     		ldrh	r3, [r7, #12]
 116              	.LVL9:
 117 0032 9A1C     		adds	r2, r3, #2
 118 0034 27F83250 		strh	r5, [r7, r2, lsl #3]	@ movhi
  57:messagebox.c  ****     messagebox->write_idx = messagebox->write_idx +1;
 119              		.loc 1 57 0
 120 0038 0133     		adds	r3, r3, #1
 121 003a 9BB2     		uxth	r3, r3
  58:messagebox.c  ****     messagebox->write_idx = messagebox->write_idx % POSTBOX_SIZE;
 122              		.loc 1 58 0
 123 003c 0B4A     		ldr	r2, .L9
 124 003e A2FB0312 		umull	r1, r2, r2, r3
 125 0042 D208     		lsrs	r2, r2, #3
 126 0044 02EB8202 		add	r2, r2, r2, lsl #2
 127 0048 5100     		lsls	r1, r2, #1
 128 004a 5B1A     		subs	r3, r3, r1
 129 004c BB81     		strh	r3, [r7, #12]	@ movhi
  59:messagebox.c  ****     messagebox->filllevel = messagebox->filllevel +1;
 130              		.loc 1 59 0
 131 004e FB89     		ldrh	r3, [r7, #14]
 132 0050 0133     		adds	r3, r3, #1
 133 0052 FB81     		strh	r3, [r7, #14]	@ movhi
  60:messagebox.c  ****     
  61:messagebox.c  ****     SetEvent(messagebox->m_task, messagebox->m_ev);
 134              		.loc 1 61 0
 135 0054 3968     		ldr	r1, [r7]
 136 0056 7868     		ldr	r0, [r7, #4]
 137              	.LVL10:
 138 0058 FFF7FEFF 		bl	EE_oo_SetEvent
 139              	.LVL11:
  62:messagebox.c  ****     
  63:messagebox.c  ****     return RC_SUCCESS; 
 140              		.loc 1 63 0
 141 005c 0020     		movs	r0, #0
 142 005e F8BD     		pop	{r3, r4, r5, r6, r7, pc}
 143              	.LVL12:
 144              	.L6:
  30:messagebox.c  ****     }
 145              		.loc 1 30 0
 146 0060 6FF00700 		mvn	r0, #7
 147              	.LVL13:
 148 0064 F8BD     		pop	{r3, r4, r5, r6, r7, pc}
 149              	.LVL14:
 150              	.L7:
  39:messagebox.c  ****     }
 151              		.loc 1 39 0
 152 0066 6FF00300 		mvn	r0, #3
 153              	.LVL15:
  64:messagebox.c  **** }
 154              		.loc 1 64 0
 155 006a F8BD     		pop	{r3, r4, r5, r6, r7, pc}
 156              	.LVL16:
 157              	.L10:
 158              		.align	2
 159              	.L9:
 160 006c CDCCCCCC 		.word	-858993459
ARM GAS  C:\Users\DABBIR~1\AppData\Local\Temp\ccmSTfDi.s 			page 5


 161              		.cfi_endproc
 162              	.LFE103:
 163              		.size	messagebox_send, .-messagebox_send
 164              		.section	.text.messagebox_receive,"ax",%progbits
 165              		.align	2
 166              		.global	messagebox_receive
 167              		.thumb
 168              		.thumb_func
 169              		.type	messagebox_receive, %function
 170              	messagebox_receive:
 171              	.LFB104:
  65:messagebox.c  **** 
  66:messagebox.c  **** RC_t messagebox_receive(messagebox_t* messagebox, void* data, uint16_t size)
  67:messagebox.c  **** {
 172              		.loc 1 67 0
 173              		.cfi_startproc
 174              		@ args = 0, pretend = 0, frame = 0
 175              		@ frame_needed = 0, uses_anonymous_args = 0
 176              	.LVL17:
 177 0000 38B5     		push	{r3, r4, r5, lr}
 178              		.cfi_def_cfa_offset 16
 179              		.cfi_offset 3, -16
 180              		.cfi_offset 4, -12
 181              		.cfi_offset 5, -8
 182              		.cfi_offset 14, -4
  68:messagebox.c  ****     message_t* local_message; 
  69:messagebox.c  ****     // Check fill level
  70:messagebox.c  ****     if (messagebox->filllevel <= 0){
 183              		.loc 1 70 0
 184 0002 C389     		ldrh	r3, [r0, #14]
 185 0004 3BB3     		cbz	r3, .L15
  71:messagebox.c  ****         //UART_LOG_PutString("MESSAGEBOX RECEIVE FAILED!"); 
  72:messagebox.c  ****         return RC_ERROR_BUFFER_EMTPY;
  73:messagebox.c  ****     }
  74:messagebox.c  ****     
  75:messagebox.c  ****     // get message as pointer
  76:messagebox.c  ****     local_message = &messagebox->message[messagebox->read_idx]; 
 186              		.loc 1 76 0
 187 0006 4589     		ldrh	r5, [r0, #10]
 188 0008 AB1C     		adds	r3, r5, #2
 189 000a 00EBC303 		add	r3, r0, r3, lsl #3
 190              	.LVL18:
  77:messagebox.c  ****     
  78:messagebox.c  ****     // check if pointer is NULL
  79:messagebox.c  ****     if(local_message == 0){
 191              		.loc 1 79 0
 192 000e 2BB3     		cbz	r3, .L16
 193 0010 0023     		movs	r3, #0
 194              	.LVL19:
 195 0012 06E0     		b	.L13
 196              	.LVL20:
 197              	.L14:
 198              	.LBB3:
  80:messagebox.c  ****         //UART_LOG_PutString("MESSAGEBOX RECEIVE FAILED!"); 
  81:messagebox.c  ****         return RC_ERROR_MEMORY;
  82:messagebox.c  ****     }
  83:messagebox.c  ****     
ARM GAS  C:\Users\DABBIR~1\AppData\Local\Temp\ccmSTfDi.s 			page 6


  84:messagebox.c  ****     // Fill data with the elements of the message
  85:messagebox.c  ****     for (int i = 0; i < size; i++)
  86:messagebox.c  ****     {
  87:messagebox.c  ****         ((uint8_t*)data)[i] = ((uint8_t*)local_message->m_pBuffer)[i];    
 199              		.loc 1 87 0 discriminator 3
 200 0014 AC1C     		adds	r4, r5, #2
 201 0016 00EBC404 		add	r4, r0, r4, lsl #3
 202 001a 6468     		ldr	r4, [r4, #4]
 203 001c E45C     		ldrb	r4, [r4, r3]	@ zero_extendqisi2
 204 001e CC54     		strb	r4, [r1, r3]
  85:messagebox.c  ****     {
 205              		.loc 1 85 0 discriminator 3
 206 0020 0133     		adds	r3, r3, #1
 207              	.LVL21:
 208              	.L13:
  85:messagebox.c  ****     {
 209              		.loc 1 85 0 is_stmt 0 discriminator 1
 210 0022 9342     		cmp	r3, r2
 211 0024 F6DB     		blt	.L14
 212 0026 0446     		mov	r4, r0
 213              	.LBE3:
  88:messagebox.c  ****     }
  89:messagebox.c  ****     
  90:messagebox.c  ****     // Free the memory
  91:messagebox.c  ****     free(local_message->m_pBuffer);
 214              		.loc 1 91 0 is_stmt 1
 215 0028 0235     		adds	r5, r5, #2
 216              	.LVL22:
 217 002a 00EBC505 		add	r5, r0, r5, lsl #3
 218              	.LVL23:
 219 002e 6868     		ldr	r0, [r5, #4]
 220              	.LVL24:
 221 0030 FFF7FEFF 		bl	free
 222              	.LVL25:
  92:messagebox.c  ****     
  93:messagebox.c  ****     // INcrement read index and decrement filllevel
  94:messagebox.c  ****     messagebox->read_idx = messagebox->read_idx + 1;
 223              		.loc 1 94 0
 224 0034 6289     		ldrh	r2, [r4, #10]
 225 0036 0132     		adds	r2, r2, #1
 226 0038 92B2     		uxth	r2, r2
  95:messagebox.c  ****     messagebox->read_idx = messagebox->read_idx % POSTBOX_SIZE;
 227              		.loc 1 95 0
 228 003a 0A4B     		ldr	r3, .L18
 229 003c A3FB0213 		umull	r1, r3, r3, r2
 230 0040 DB08     		lsrs	r3, r3, #3
 231 0042 03EB8303 		add	r3, r3, r3, lsl #2
 232 0046 5900     		lsls	r1, r3, #1
 233 0048 521A     		subs	r2, r2, r1
 234 004a 6281     		strh	r2, [r4, #10]	@ movhi
  96:messagebox.c  ****     messagebox->filllevel = messagebox->filllevel - 1;
 235              		.loc 1 96 0
 236 004c E389     		ldrh	r3, [r4, #14]
 237 004e 013B     		subs	r3, r3, #1
 238 0050 E381     		strh	r3, [r4, #14]	@ movhi
  97:messagebox.c  ****     
  98:messagebox.c  ****     return RC_SUCCESS;
ARM GAS  C:\Users\DABBIR~1\AppData\Local\Temp\ccmSTfDi.s 			page 7


 239              		.loc 1 98 0
 240 0052 0020     		movs	r0, #0
 241 0054 38BD     		pop	{r3, r4, r5, pc}
 242              	.LVL26:
 243              	.L15:
  72:messagebox.c  ****     }
 244              		.loc 1 72 0
 245 0056 6FF00800 		mvn	r0, #8
 246              	.LVL27:
 247 005a 38BD     		pop	{r3, r4, r5, pc}
 248              	.LVL28:
 249              	.L16:
  81:messagebox.c  ****     }
 250              		.loc 1 81 0
 251 005c 6FF00300 		mvn	r0, #3
 252              	.LVL29:
  99:messagebox.c  **** }
 253              		.loc 1 99 0
 254 0060 38BD     		pop	{r3, r4, r5, pc}
 255              	.LVL30:
 256              	.L19:
 257 0062 00BF     		.align	2
 258              	.L18:
 259 0064 CDCCCCCC 		.word	-858993459
 260              		.cfi_endproc
 261              	.LFE104:
 262              		.size	messagebox_receive, .-messagebox_receive
 263              		.text
 264              	.Letext0:
 265              		.file 2 ".\\source\\bsw/global.h"
 266              		.file 3 "c:\\program files (x86)\\cypress\\psoc creator\\4.4\\psoc creator\\import\\gnu\\arm\\5.4.
 267              		.file 4 "c:\\program files (x86)\\cypress\\psoc creator\\4.4\\psoc creator\\import\\gnu\\arm\\5.4.
 268              		.file 5 "Generated_Source\\PSoC5/ErikaOS_1_common_ee_types.inc"
 269              		.file 6 "Generated_Source\\PSoC5/ErikaOS_1_cortex_mx_ee_cpu.inc"
 270              		.file 7 "Generated_Source\\PSoC5/ErikaOS_1_ee_oo_common.inc"
 271              		.file 8 "messagebox.h"
 272              		.file 9 "Generated_Source\\PSoC5/ErikaOS_1_ee_oo_intfunc.inc"
 273              		.file 10 "Generated_Source\\PSoC5/ErikaOS_1_cortex_mx_ee_context.inc"
 274              		.file 11 "Generated_Source\\PSoC5/ErikaOS_1_common_ee_primitives.inc"
 275              		.file 12 "Generated_Source\\PSoC5/core_cm3.h"
 276              		.file 13 "<built-in>"
 277              		.file 14 "Generated_Source\\PSoC5/ErikaOS_1_ee_oo_kernel.inc"
 278              		.section	.debug_info,"",%progbits
 279              	.Ldebug_info0:
 280 0000 7C040000 		.4byte	0x47c
 281 0004 0400     		.2byte	0x4
 282 0006 00000000 		.4byte	.Ldebug_abbrev0
 283 000a 04       		.byte	0x4
 284 000b 01       		.uleb128 0x1
 285 000c 00000000 		.4byte	.LASF84
 286 0010 0C       		.byte	0xc
 287 0011 56030000 		.4byte	.LASF85
 288 0015 BA000000 		.4byte	.LASF86
 289 0019 00000000 		.4byte	.Ldebug_ranges0+0
 290 001d 00000000 		.4byte	0
 291 0021 00000000 		.4byte	.Ldebug_line0
 292 0025 02       		.uleb128 0x2
ARM GAS  C:\Users\DABBIR~1\AppData\Local\Temp\ccmSTfDi.s 			page 8


 293 0026 01       		.byte	0x1
 294 0027 06       		.byte	0x6
 295 0028 37020000 		.4byte	.LASF0
 296 002c 03       		.uleb128 0x3
 297 002d D6010000 		.4byte	.LASF3
 298 0031 02       		.byte	0x2
 299 0032 91       		.byte	0x91
 300 0033 37000000 		.4byte	0x37
 301 0037 02       		.uleb128 0x2
 302 0038 01       		.byte	0x1
 303 0039 08       		.byte	0x8
 304 003a 37030000 		.4byte	.LASF1
 305 003e 02       		.uleb128 0x2
 306 003f 02       		.byte	0x2
 307 0040 05       		.byte	0x5
 308 0041 54010000 		.4byte	.LASF2
 309 0045 03       		.uleb128 0x3
 310 0046 95030000 		.4byte	.LASF4
 311 004a 02       		.byte	0x2
 312 004b 93       		.byte	0x93
 313 004c 50000000 		.4byte	0x50
 314 0050 02       		.uleb128 0x2
 315 0051 02       		.byte	0x2
 316 0052 07       		.byte	0x7
 317 0053 DD030000 		.4byte	.LASF5
 318 0057 02       		.uleb128 0x2
 319 0058 04       		.byte	0x4
 320 0059 05       		.byte	0x5
 321 005a C8020000 		.4byte	.LASF6
 322 005e 02       		.uleb128 0x2
 323 005f 04       		.byte	0x4
 324 0060 07       		.byte	0x7
 325 0061 9E030000 		.4byte	.LASF7
 326 0065 02       		.uleb128 0x2
 327 0066 04       		.byte	0x4
 328 0067 04       		.byte	0x4
 329 0068 4D020000 		.4byte	.LASF8
 330 006c 02       		.uleb128 0x2
 331 006d 08       		.byte	0x8
 332 006e 04       		.byte	0x4
 333 006f 72040000 		.4byte	.LASF9
 334 0073 02       		.uleb128 0x2
 335 0074 08       		.byte	0x8
 336 0075 05       		.byte	0x5
 337 0076 6C020000 		.4byte	.LASF10
 338 007a 02       		.uleb128 0x2
 339 007b 08       		.byte	0x8
 340 007c 07       		.byte	0x7
 341 007d 63030000 		.4byte	.LASF11
 342 0081 02       		.uleb128 0x2
 343 0082 01       		.byte	0x1
 344 0083 08       		.byte	0x8
 345 0084 3B010000 		.4byte	.LASF12
 346 0088 04       		.uleb128 0x4
 347 0089 04       		.byte	0x4
 348 008a 05       		.uleb128 0x5
 349 008b 01       		.byte	0x1
ARM GAS  C:\Users\DABBIR~1\AppData\Local\Temp\ccmSTfDi.s 			page 9


 350 008c 25000000 		.4byte	0x25
 351 0090 02       		.byte	0x2
 352 0091 CF       		.byte	0xcf
 353 0092 33010000 		.4byte	0x133
 354 0096 06       		.uleb128 0x6
 355 0097 AF000000 		.4byte	.LASF13
 356 009b 00       		.byte	0
 357 009c 07       		.uleb128 0x7
 358 009d 1A050000 		.4byte	.LASF14
 359 00a1 7F       		.sleb128 -1
 360 00a2 07       		.uleb128 0x7
 361 00a3 B0030000 		.4byte	.LASF15
 362 00a7 7E       		.sleb128 -2
 363 00a8 07       		.uleb128 0x7
 364 00a9 92010000 		.4byte	.LASF16
 365 00ad 7D       		.sleb128 -3
 366 00ae 07       		.uleb128 0x7
 367 00af 23050000 		.4byte	.LASF17
 368 00b3 7C       		.sleb128 -4
 369 00b4 07       		.uleb128 0x7
 370 00b5 A0040000 		.4byte	.LASF18
 371 00b9 7B       		.sleb128 -5
 372 00ba 07       		.uleb128 0x7
 373 00bb 5E010000 		.4byte	.LASF19
 374 00bf 7A       		.sleb128 -6
 375 00c0 07       		.uleb128 0x7
 376 00c1 D1020000 		.4byte	.LASF20
 377 00c5 79       		.sleb128 -7
 378 00c6 07       		.uleb128 0x7
 379 00c7 0B040000 		.4byte	.LASF21
 380 00cb 78       		.sleb128 -8
 381 00cc 07       		.uleb128 0x7
 382 00cd BE030000 		.4byte	.LASF22
 383 00d1 77       		.sleb128 -9
 384 00d2 07       		.uleb128 0x7
 385 00d3 F1020000 		.4byte	.LASF23
 386 00d7 76       		.sleb128 -10
 387 00d8 07       		.uleb128 0x7
 388 00d9 74050000 		.4byte	.LASF24
 389 00dd 75       		.sleb128 -11
 390 00de 07       		.uleb128 0x7
 391 00df 87030000 		.4byte	.LASF25
 392 00e3 74       		.sleb128 -12
 393 00e4 07       		.uleb128 0x7
 394 00e5 81040000 		.4byte	.LASF26
 395 00e9 73       		.sleb128 -13
 396 00ea 07       		.uleb128 0x7
 397 00eb 9C000000 		.4byte	.LASF27
 398 00ef 72       		.sleb128 -14
 399 00f0 07       		.uleb128 0x7
 400 00f1 40010000 		.4byte	.LASF28
 401 00f5 71       		.sleb128 -15
 402 00f6 07       		.uleb128 0x7
 403 00f7 FF020000 		.4byte	.LASF29
 404 00fb 70       		.sleb128 -16
 405 00fc 07       		.uleb128 0x7
 406 00fd A8010000 		.4byte	.LASF30
ARM GAS  C:\Users\DABBIR~1\AppData\Local\Temp\ccmSTfDi.s 			page 10


 407 0101 6F       		.sleb128 -17
 408 0102 07       		.uleb128 0x7
 409 0103 6F010000 		.4byte	.LASF31
 410 0107 6E       		.sleb128 -18
 411 0108 07       		.uleb128 0x7
 412 0109 A4020000 		.4byte	.LASF32
 413 010d 6D       		.sleb128 -19
 414 010e 07       		.uleb128 0x7
 415 010f 3F040000 		.4byte	.LASF33
 416 0113 6C       		.sleb128 -20
 417 0114 07       		.uleb128 0x7
 418 0115 10030000 		.4byte	.LASF34
 419 0119 6B       		.sleb128 -21
 420 011a 07       		.uleb128 0x7
 421 011b DE040000 		.4byte	.LASF35
 422 011f 6A       		.sleb128 -22
 423 0120 07       		.uleb128 0x7
 424 0121 DE010000 		.4byte	.LASF36
 425 0125 69       		.sleb128 -23
 426 0126 07       		.uleb128 0x7
 427 0127 B7020000 		.4byte	.LASF37
 428 012b 68       		.sleb128 -24
 429 012c 07       		.uleb128 0x7
 430 012d 53020000 		.4byte	.LASF38
 431 0131 67       		.sleb128 -25
 432 0132 00       		.byte	0
 433 0133 03       		.uleb128 0x3
 434 0134 6F050000 		.4byte	.LASF39
 435 0138 02       		.byte	0x2
 436 0139 EA       		.byte	0xea
 437 013a 8A000000 		.4byte	0x8a
 438 013e 03       		.uleb128 0x3
 439 013f BD040000 		.4byte	.LASF40
 440 0143 03       		.byte	0x3
 441 0144 3F       		.byte	0x3f
 442 0145 57000000 		.4byte	0x57
 443 0149 08       		.uleb128 0x8
 444 014a 04       		.byte	0x4
 445 014b 05       		.byte	0x5
 446 014c 696E7400 		.ascii	"int\000"
 447 0150 02       		.uleb128 0x2
 448 0151 04       		.byte	0x4
 449 0152 07       		.byte	0x7
 450 0153 7A030000 		.4byte	.LASF41
 451 0157 03       		.uleb128 0x3
 452 0158 20040000 		.4byte	.LASF42
 453 015c 04       		.byte	0x4
 454 015d 2C       		.byte	0x2c
 455 015e 3E010000 		.4byte	0x13e
 456 0162 02       		.uleb128 0x2
 457 0163 08       		.byte	0x8
 458 0164 04       		.byte	0x4
 459 0165 22030000 		.4byte	.LASF43
 460 0169 03       		.uleb128 0x3
 461 016a D4030000 		.4byte	.LASF44
 462 016e 05       		.byte	0x5
 463 016f 53       		.byte	0x53
ARM GAS  C:\Users\DABBIR~1\AppData\Local\Temp\ccmSTfDi.s 			page 11


 464 0170 49010000 		.4byte	0x149
 465 0174 03       		.uleb128 0x3
 466 0175 BC010000 		.4byte	.LASF45
 467 0179 05       		.byte	0x5
 468 017a 54       		.byte	0x54
 469 017b 50010000 		.4byte	0x150
 470 017f 03       		.uleb128 0x3
 471 0180 93040000 		.4byte	.LASF46
 472 0184 06       		.byte	0x6
 473 0185 4D       		.byte	0x4d
 474 0186 74010000 		.4byte	0x174
 475 018a 03       		.uleb128 0x3
 476 018b A0010000 		.4byte	.LASF47
 477 018f 06       		.byte	0x6
 478 0190 4F       		.byte	0x4f
 479 0191 74010000 		.4byte	0x174
 480 0195 03       		.uleb128 0x3
 481 0196 C6010000 		.4byte	.LASF48
 482 019a 06       		.byte	0x6
 483 019b 78       		.byte	0x78
 484 019c 69010000 		.4byte	0x169
 485 01a0 09       		.uleb128 0x9
 486 01a1 2E030000 		.4byte	.LASF49
 487 01a5 07       		.byte	0x7
 488 01a6 F701     		.2byte	0x1f7
 489 01a8 95010000 		.4byte	0x195
 490 01ac 09       		.uleb128 0x9
 491 01ad 8E000000 		.4byte	.LASF50
 492 01b1 07       		.byte	0x7
 493 01b2 2C02     		.2byte	0x22c
 494 01b4 7F010000 		.4byte	0x17f
 495 01b8 02       		.uleb128 0x2
 496 01b9 04       		.byte	0x4
 497 01ba 07       		.byte	0x7
 498 01bb 84010000 		.4byte	.LASF51
 499 01bf 0A       		.uleb128 0xa
 500 01c0 08       		.byte	0x8
 501 01c1 08       		.byte	0x8
 502 01c2 10       		.byte	0x10
 503 01c3 E0010000 		.4byte	0x1e0
 504 01c7 0B       		.uleb128 0xb
 505 01c8 45030000 		.4byte	.LASF52
 506 01cc 08       		.byte	0x8
 507 01cd 12       		.byte	0x12
 508 01ce 45000000 		.4byte	0x45
 509 01d2 00       		.byte	0
 510 01d3 0B       		.uleb128 0xb
 511 01d4 93020000 		.4byte	.LASF53
 512 01d8 08       		.byte	0x8
 513 01d9 13       		.byte	0x13
 514 01da 88000000 		.4byte	0x88
 515 01de 04       		.byte	0x4
 516 01df 00       		.byte	0
 517 01e0 03       		.uleb128 0x3
 518 01e1 35040000 		.4byte	.LASF54
 519 01e5 08       		.byte	0x8
 520 01e6 14       		.byte	0x14
ARM GAS  C:\Users\DABBIR~1\AppData\Local\Temp\ccmSTfDi.s 			page 12


 521 01e7 BF010000 		.4byte	0x1bf
 522 01eb 0A       		.uleb128 0xa
 523 01ec 60       		.byte	0x60
 524 01ed 08       		.byte	0x8
 525 01ee 18       		.byte	0x18
 526 01ef 48020000 		.4byte	0x248
 527 01f3 0B       		.uleb128 0xb
 528 01f4 8D010000 		.4byte	.LASF55
 529 01f8 08       		.byte	0x8
 530 01f9 1A       		.byte	0x1a
 531 01fa AC010000 		.4byte	0x1ac
 532 01fe 00       		.byte	0
 533 01ff 0B       		.uleb128 0xb
 534 0200 C7040000 		.4byte	.LASF56
 535 0204 08       		.byte	0x8
 536 0205 1B       		.byte	0x1b
 537 0206 A0010000 		.4byte	0x1a0
 538 020a 04       		.byte	0x4
 539 020b 0B       		.uleb128 0xb
 540 020c 45030000 		.4byte	.LASF52
 541 0210 08       		.byte	0x8
 542 0211 1C       		.byte	0x1c
 543 0212 45000000 		.4byte	0x45
 544 0216 08       		.byte	0x8
 545 0217 0B       		.uleb128 0xb
 546 0218 CD010000 		.4byte	.LASF57
 547 021c 08       		.byte	0x8
 548 021d 1D       		.byte	0x1d
 549 021e 45000000 		.4byte	0x45
 550 0222 0A       		.byte	0xa
 551 0223 0B       		.uleb128 0xb
 552 0224 43020000 		.4byte	.LASF58
 553 0228 08       		.byte	0x8
 554 0229 1E       		.byte	0x1e
 555 022a 45000000 		.4byte	0x45
 556 022e 0C       		.byte	0xc
 557 022f 0B       		.uleb128 0xb
 558 0230 4C030000 		.4byte	.LASF59
 559 0234 08       		.byte	0x8
 560 0235 1F       		.byte	0x1f
 561 0236 45000000 		.4byte	0x45
 562 023a 0E       		.byte	0xe
 563 023b 0B       		.uleb128 0xb
 564 023c 6A040000 		.4byte	.LASF60
 565 0240 08       		.byte	0x8
 566 0241 20       		.byte	0x20
 567 0242 48020000 		.4byte	0x248
 568 0246 10       		.byte	0x10
 569 0247 00       		.byte	0
 570 0248 0C       		.uleb128 0xc
 571 0249 E0010000 		.4byte	0x1e0
 572 024d 58020000 		.4byte	0x258
 573 0251 0D       		.uleb128 0xd
 574 0252 B8010000 		.4byte	0x1b8
 575 0256 09       		.byte	0x9
 576 0257 00       		.byte	0
 577 0258 03       		.uleb128 0x3
ARM GAS  C:\Users\DABBIR~1\AppData\Local\Temp\ccmSTfDi.s 			page 13


 578 0259 28040000 		.4byte	.LASF61
 579 025d 08       		.byte	0x8
 580 025e 21       		.byte	0x21
 581 025f EB010000 		.4byte	0x1eb
 582 0263 0E       		.uleb128 0xe
 583 0264 56050000 		.4byte	.LASF66
 584 0268 01       		.byte	0x1
 585 0269 0E       		.byte	0xe
 586 026a 33010000 		.4byte	0x133
 587 026e 00000000 		.4byte	.LFB102
 588 0272 12000000 		.4byte	.LFE102-.LFB102
 589 0276 01       		.uleb128 0x1
 590 0277 9C       		.byte	0x9c
 591 0278 B5020000 		.4byte	0x2b5
 592 027c 0F       		.uleb128 0xf
 593 027d 4B050000 		.4byte	.LASF62
 594 0281 01       		.byte	0x1
 595 0282 0E       		.byte	0xe
 596 0283 B5020000 		.4byte	0x2b5
 597 0287 00000000 		.4byte	.LLST0
 598 028b 10       		.uleb128 0x10
 599 028c 9B040000 		.4byte	.LASF63
 600 0290 01       		.byte	0x1
 601 0291 0E       		.byte	0xe
 602 0292 45000000 		.4byte	0x45
 603 0296 01       		.uleb128 0x1
 604 0297 51       		.byte	0x51
 605 0298 10       		.uleb128 0x10
 606 0299 E3020000 		.4byte	.LASF64
 607 029d 01       		.byte	0x1
 608 029e 0E       		.byte	0xe
 609 029f AC010000 		.4byte	0x1ac
 610 02a3 01       		.uleb128 0x1
 611 02a4 52       		.byte	0x52
 612 02a5 0F       		.uleb128 0xf
 613 02a6 66050000 		.4byte	.LASF65
 614 02aa 01       		.byte	0x1
 615 02ab 0E       		.byte	0xe
 616 02ac A0010000 		.4byte	0x1a0
 617 02b0 21000000 		.4byte	.LLST1
 618 02b4 00       		.byte	0
 619 02b5 11       		.uleb128 0x11
 620 02b6 04       		.byte	0x4
 621 02b7 58020000 		.4byte	0x258
 622 02bb 0E       		.uleb128 0xe
 623 02bc CE040000 		.4byte	.LASF67
 624 02c0 01       		.byte	0x1
 625 02c1 1A       		.byte	0x1a
 626 02c2 33010000 		.4byte	0x133
 627 02c6 00000000 		.4byte	.LFB103
 628 02ca 70000000 		.4byte	.LFE103-.LFB103
 629 02ce 01       		.uleb128 0x1
 630 02cf 9C       		.byte	0x9c
 631 02d0 7E030000 		.4byte	0x37e
 632 02d4 0F       		.uleb128 0xf
 633 02d5 4B050000 		.4byte	.LASF62
 634 02d9 01       		.byte	0x1
ARM GAS  C:\Users\DABBIR~1\AppData\Local\Temp\ccmSTfDi.s 			page 14


 635 02da 1A       		.byte	0x1a
 636 02db B5020000 		.4byte	0x2b5
 637 02df 4F000000 		.4byte	.LLST2
 638 02e3 0F       		.uleb128 0xf
 639 02e4 52040000 		.4byte	.LASF68
 640 02e8 01       		.byte	0x1
 641 02e9 1A       		.byte	0x1a
 642 02ea 88000000 		.4byte	0x88
 643 02ee 9F000000 		.4byte	.LLST3
 644 02f2 0F       		.uleb128 0xf
 645 02f3 9B040000 		.4byte	.LASF63
 646 02f7 01       		.byte	0x1
 647 02f8 1A       		.byte	0x1a
 648 02f9 45000000 		.4byte	0x45
 649 02fd E1000000 		.4byte	.LLST4
 650 0301 12       		.uleb128 0x12
 651 0302 79040000 		.4byte	.LASF69
 652 0306 01       		.byte	0x1
 653 0307 22       		.byte	0x22
 654 0308 88000000 		.4byte	0x88
 655 030c 1B010000 		.4byte	.LLST5
 656 0310 13       		.uleb128 0x13
 657 0311 9D020000 		.4byte	.LASF81
 658 0315 0D       		.byte	0xd
 659 0316 00       		.byte	0
 660 0317 88000000 		.4byte	0x88
 661 031b 25030000 		.4byte	0x325
 662 031f 14       		.uleb128 0x14
 663 0320 50010000 		.4byte	0x150
 664 0324 00       		.byte	0
 665 0325 12       		.uleb128 0x12
 666 0326 AF040000 		.4byte	.LASF70
 667 032a 01       		.byte	0x1
 668 032b 2E       		.byte	0x2e
 669 032c 7E030000 		.4byte	0x37e
 670 0330 44010000 		.4byte	.LLST6
 671 0334 12       		.uleb128 0x12
 672 0335 0F020000 		.4byte	.LASF71
 673 0339 01       		.byte	0x1
 674 033a 2F       		.byte	0x2f
 675 033b 7E030000 		.4byte	0x37e
 676 033f 57010000 		.4byte	.LLST7
 677 0343 15       		.uleb128 0x15
 678 0344 22000000 		.4byte	.LBB2
 679 0348 0E000000 		.4byte	.LBE2-.LBB2
 680 034c 60030000 		.4byte	0x360
 681 0350 12       		.uleb128 0x12
 682 0351 F0030000 		.4byte	.LASF72
 683 0355 01       		.byte	0x1
 684 0356 32       		.byte	0x32
 685 0357 49010000 		.4byte	0x149
 686 035b 6A010000 		.4byte	.LLST8
 687 035f 00       		.byte	0
 688 0360 16       		.uleb128 0x16
 689 0361 14000000 		.4byte	.LVL5
 690 0365 5D040000 		.4byte	0x45d
 691 0369 74030000 		.4byte	0x374
ARM GAS  C:\Users\DABBIR~1\AppData\Local\Temp\ccmSTfDi.s 			page 15


 692 036d 17       		.uleb128 0x17
 693 036e 01       		.uleb128 0x1
 694 036f 50       		.byte	0x50
 695 0370 02       		.uleb128 0x2
 696 0371 75       		.byte	0x75
 697 0372 00       		.sleb128 0
 698 0373 00       		.byte	0
 699 0374 18       		.uleb128 0x18
 700 0375 5C000000 		.4byte	.LVL11
 701 0379 68040000 		.4byte	0x468
 702 037d 00       		.byte	0
 703 037e 11       		.uleb128 0x11
 704 037f 04       		.byte	0x4
 705 0380 2C000000 		.4byte	0x2c
 706 0384 0E       		.uleb128 0xe
 707 0385 F8030000 		.4byte	.LASF73
 708 0389 01       		.byte	0x1
 709 038a 42       		.byte	0x42
 710 038b 33010000 		.4byte	0x133
 711 038f 00000000 		.4byte	.LFB104
 712 0393 68000000 		.4byte	.LFE104-.LFB104
 713 0397 01       		.uleb128 0x1
 714 0398 9C       		.byte	0x9c
 715 0399 0F040000 		.4byte	0x40f
 716 039d 0F       		.uleb128 0xf
 717 039e 4B050000 		.4byte	.LASF62
 718 03a2 01       		.byte	0x1
 719 03a3 42       		.byte	0x42
 720 03a4 B5020000 		.4byte	0x2b5
 721 03a8 89010000 		.4byte	.LLST9
 722 03ac 0F       		.uleb128 0xf
 723 03ad 52040000 		.4byte	.LASF68
 724 03b1 01       		.byte	0x1
 725 03b2 42       		.byte	0x42
 726 03b3 88000000 		.4byte	0x88
 727 03b7 D9010000 		.4byte	.LLST10
 728 03bb 0F       		.uleb128 0xf
 729 03bc 9B040000 		.4byte	.LASF63
 730 03c0 01       		.byte	0x1
 731 03c1 42       		.byte	0x42
 732 03c2 45000000 		.4byte	0x45
 733 03c6 05020000 		.4byte	.LLST11
 734 03ca 12       		.uleb128 0x12
 735 03cb F0040000 		.4byte	.LASF74
 736 03cf 01       		.byte	0x1
 737 03d0 44       		.byte	0x44
 738 03d1 0F040000 		.4byte	0x40f
 739 03d5 31020000 		.4byte	.LLST12
 740 03d9 19       		.uleb128 0x19
 741 03da 0A020000 		.4byte	.LASF83
 742 03de 0D       		.byte	0xd
 743 03df 00       		.byte	0
 744 03e0 EA030000 		.4byte	0x3ea
 745 03e4 14       		.uleb128 0x14
 746 03e5 88000000 		.4byte	0x88
 747 03e9 00       		.byte	0
 748 03ea 15       		.uleb128 0x15
ARM GAS  C:\Users\DABBIR~1\AppData\Local\Temp\ccmSTfDi.s 			page 16


 749 03eb 14000000 		.4byte	.LBB3
 750 03ef 14000000 		.4byte	.LBE3-.LBB3
 751 03f3 05040000 		.4byte	0x405
 752 03f7 1A       		.uleb128 0x1a
 753 03f8 6900     		.ascii	"i\000"
 754 03fa 01       		.byte	0x1
 755 03fb 55       		.byte	0x55
 756 03fc 49010000 		.4byte	0x149
 757 0400 91020000 		.4byte	.LLST13
 758 0404 00       		.byte	0
 759 0405 18       		.uleb128 0x18
 760 0406 34000000 		.4byte	.LVL25
 761 040a 74040000 		.4byte	0x474
 762 040e 00       		.byte	0
 763 040f 11       		.uleb128 0x11
 764 0410 04       		.byte	0x4
 765 0411 E0010000 		.4byte	0x1e0
 766 0415 1B       		.uleb128 0x1b
 767 0416 33050000 		.4byte	.LASF75
 768 041a 09       		.byte	0x9
 769 041b 40       		.byte	0x40
 770 041c 7F010000 		.4byte	0x17f
 771 0420 1B       		.uleb128 0x1b
 772 0421 7A020000 		.4byte	.LASF76
 773 0425 09       		.byte	0x9
 774 0426 47       		.byte	0x47
 775 0427 8A010000 		.4byte	0x18a
 776 042b 1B       		.uleb128 0x1b
 777 042c 57040000 		.4byte	.LASF77
 778 0430 09       		.byte	0x9
 779 0431 4A       		.byte	0x4a
 780 0432 7F010000 		.4byte	0x17f
 781 0436 1B       		.uleb128 0x1b
 782 0437 1E020000 		.4byte	.LASF78
 783 043b 0A       		.byte	0xa
 784 043c 48       		.byte	0x48
 785 043d 95010000 		.4byte	0x195
 786 0441 1B       		.uleb128 0x1b
 787 0442 F5010000 		.4byte	.LASF79
 788 0446 0B       		.byte	0xb
 789 0447 44       		.byte	0x44
 790 0448 7F010000 		.4byte	0x17f
 791 044c 1C       		.uleb128 0x1c
 792 044d 0D050000 		.4byte	.LASF80
 793 0451 0C       		.byte	0xc
 794 0452 1207     		.2byte	0x712
 795 0454 58040000 		.4byte	0x458
 796 0458 1D       		.uleb128 0x1d
 797 0459 57010000 		.4byte	0x157
 798 045d 1E       		.uleb128 0x1e
 799 045e 9D020000 		.4byte	.LASF81
 800 0462 9D020000 		.4byte	.LASF81
 801 0466 0D       		.byte	0xd
 802 0467 00       		.byte	0
 803 0468 1F       		.uleb128 0x1f
 804 0469 FE040000 		.4byte	.LASF82
 805 046d FE040000 		.4byte	.LASF82
ARM GAS  C:\Users\DABBIR~1\AppData\Local\Temp\ccmSTfDi.s 			page 17


 806 0471 0E       		.byte	0xe
 807 0472 4A01     		.2byte	0x14a
 808 0474 1E       		.uleb128 0x1e
 809 0475 0A020000 		.4byte	.LASF83
 810 0479 0A020000 		.4byte	.LASF83
 811 047d 0D       		.byte	0xd
 812 047e 00       		.byte	0
 813 047f 00       		.byte	0
 814              		.section	.debug_abbrev,"",%progbits
 815              	.Ldebug_abbrev0:
 816 0000 01       		.uleb128 0x1
 817 0001 11       		.uleb128 0x11
 818 0002 01       		.byte	0x1
 819 0003 25       		.uleb128 0x25
 820 0004 0E       		.uleb128 0xe
 821 0005 13       		.uleb128 0x13
 822 0006 0B       		.uleb128 0xb
 823 0007 03       		.uleb128 0x3
 824 0008 0E       		.uleb128 0xe
 825 0009 1B       		.uleb128 0x1b
 826 000a 0E       		.uleb128 0xe
 827 000b 55       		.uleb128 0x55
 828 000c 17       		.uleb128 0x17
 829 000d 11       		.uleb128 0x11
 830 000e 01       		.uleb128 0x1
 831 000f 10       		.uleb128 0x10
 832 0010 17       		.uleb128 0x17
 833 0011 00       		.byte	0
 834 0012 00       		.byte	0
 835 0013 02       		.uleb128 0x2
 836 0014 24       		.uleb128 0x24
 837 0015 00       		.byte	0
 838 0016 0B       		.uleb128 0xb
 839 0017 0B       		.uleb128 0xb
 840 0018 3E       		.uleb128 0x3e
 841 0019 0B       		.uleb128 0xb
 842 001a 03       		.uleb128 0x3
 843 001b 0E       		.uleb128 0xe
 844 001c 00       		.byte	0
 845 001d 00       		.byte	0
 846 001e 03       		.uleb128 0x3
 847 001f 16       		.uleb128 0x16
 848 0020 00       		.byte	0
 849 0021 03       		.uleb128 0x3
 850 0022 0E       		.uleb128 0xe
 851 0023 3A       		.uleb128 0x3a
 852 0024 0B       		.uleb128 0xb
 853 0025 3B       		.uleb128 0x3b
 854 0026 0B       		.uleb128 0xb
 855 0027 49       		.uleb128 0x49
 856 0028 13       		.uleb128 0x13
 857 0029 00       		.byte	0
 858 002a 00       		.byte	0
 859 002b 04       		.uleb128 0x4
 860 002c 0F       		.uleb128 0xf
 861 002d 00       		.byte	0
 862 002e 0B       		.uleb128 0xb
ARM GAS  C:\Users\DABBIR~1\AppData\Local\Temp\ccmSTfDi.s 			page 18


 863 002f 0B       		.uleb128 0xb
 864 0030 00       		.byte	0
 865 0031 00       		.byte	0
 866 0032 05       		.uleb128 0x5
 867 0033 04       		.uleb128 0x4
 868 0034 01       		.byte	0x1
 869 0035 0B       		.uleb128 0xb
 870 0036 0B       		.uleb128 0xb
 871 0037 49       		.uleb128 0x49
 872 0038 13       		.uleb128 0x13
 873 0039 3A       		.uleb128 0x3a
 874 003a 0B       		.uleb128 0xb
 875 003b 3B       		.uleb128 0x3b
 876 003c 0B       		.uleb128 0xb
 877 003d 01       		.uleb128 0x1
 878 003e 13       		.uleb128 0x13
 879 003f 00       		.byte	0
 880 0040 00       		.byte	0
 881 0041 06       		.uleb128 0x6
 882 0042 28       		.uleb128 0x28
 883 0043 00       		.byte	0
 884 0044 03       		.uleb128 0x3
 885 0045 0E       		.uleb128 0xe
 886 0046 1C       		.uleb128 0x1c
 887 0047 0B       		.uleb128 0xb
 888 0048 00       		.byte	0
 889 0049 00       		.byte	0
 890 004a 07       		.uleb128 0x7
 891 004b 28       		.uleb128 0x28
 892 004c 00       		.byte	0
 893 004d 03       		.uleb128 0x3
 894 004e 0E       		.uleb128 0xe
 895 004f 1C       		.uleb128 0x1c
 896 0050 0D       		.uleb128 0xd
 897 0051 00       		.byte	0
 898 0052 00       		.byte	0
 899 0053 08       		.uleb128 0x8
 900 0054 24       		.uleb128 0x24
 901 0055 00       		.byte	0
 902 0056 0B       		.uleb128 0xb
 903 0057 0B       		.uleb128 0xb
 904 0058 3E       		.uleb128 0x3e
 905 0059 0B       		.uleb128 0xb
 906 005a 03       		.uleb128 0x3
 907 005b 08       		.uleb128 0x8
 908 005c 00       		.byte	0
 909 005d 00       		.byte	0
 910 005e 09       		.uleb128 0x9
 911 005f 16       		.uleb128 0x16
 912 0060 00       		.byte	0
 913 0061 03       		.uleb128 0x3
 914 0062 0E       		.uleb128 0xe
 915 0063 3A       		.uleb128 0x3a
 916 0064 0B       		.uleb128 0xb
 917 0065 3B       		.uleb128 0x3b
 918 0066 05       		.uleb128 0x5
 919 0067 49       		.uleb128 0x49
ARM GAS  C:\Users\DABBIR~1\AppData\Local\Temp\ccmSTfDi.s 			page 19


 920 0068 13       		.uleb128 0x13
 921 0069 00       		.byte	0
 922 006a 00       		.byte	0
 923 006b 0A       		.uleb128 0xa
 924 006c 13       		.uleb128 0x13
 925 006d 01       		.byte	0x1
 926 006e 0B       		.uleb128 0xb
 927 006f 0B       		.uleb128 0xb
 928 0070 3A       		.uleb128 0x3a
 929 0071 0B       		.uleb128 0xb
 930 0072 3B       		.uleb128 0x3b
 931 0073 0B       		.uleb128 0xb
 932 0074 01       		.uleb128 0x1
 933 0075 13       		.uleb128 0x13
 934 0076 00       		.byte	0
 935 0077 00       		.byte	0
 936 0078 0B       		.uleb128 0xb
 937 0079 0D       		.uleb128 0xd
 938 007a 00       		.byte	0
 939 007b 03       		.uleb128 0x3
 940 007c 0E       		.uleb128 0xe
 941 007d 3A       		.uleb128 0x3a
 942 007e 0B       		.uleb128 0xb
 943 007f 3B       		.uleb128 0x3b
 944 0080 0B       		.uleb128 0xb
 945 0081 49       		.uleb128 0x49
 946 0082 13       		.uleb128 0x13
 947 0083 38       		.uleb128 0x38
 948 0084 0B       		.uleb128 0xb
 949 0085 00       		.byte	0
 950 0086 00       		.byte	0
 951 0087 0C       		.uleb128 0xc
 952 0088 01       		.uleb128 0x1
 953 0089 01       		.byte	0x1
 954 008a 49       		.uleb128 0x49
 955 008b 13       		.uleb128 0x13
 956 008c 01       		.uleb128 0x1
 957 008d 13       		.uleb128 0x13
 958 008e 00       		.byte	0
 959 008f 00       		.byte	0
 960 0090 0D       		.uleb128 0xd
 961 0091 21       		.uleb128 0x21
 962 0092 00       		.byte	0
 963 0093 49       		.uleb128 0x49
 964 0094 13       		.uleb128 0x13
 965 0095 2F       		.uleb128 0x2f
 966 0096 0B       		.uleb128 0xb
 967 0097 00       		.byte	0
 968 0098 00       		.byte	0
 969 0099 0E       		.uleb128 0xe
 970 009a 2E       		.uleb128 0x2e
 971 009b 01       		.byte	0x1
 972 009c 3F       		.uleb128 0x3f
 973 009d 19       		.uleb128 0x19
 974 009e 03       		.uleb128 0x3
 975 009f 0E       		.uleb128 0xe
 976 00a0 3A       		.uleb128 0x3a
ARM GAS  C:\Users\DABBIR~1\AppData\Local\Temp\ccmSTfDi.s 			page 20


 977 00a1 0B       		.uleb128 0xb
 978 00a2 3B       		.uleb128 0x3b
 979 00a3 0B       		.uleb128 0xb
 980 00a4 27       		.uleb128 0x27
 981 00a5 19       		.uleb128 0x19
 982 00a6 49       		.uleb128 0x49
 983 00a7 13       		.uleb128 0x13
 984 00a8 11       		.uleb128 0x11
 985 00a9 01       		.uleb128 0x1
 986 00aa 12       		.uleb128 0x12
 987 00ab 06       		.uleb128 0x6
 988 00ac 40       		.uleb128 0x40
 989 00ad 18       		.uleb128 0x18
 990 00ae 9742     		.uleb128 0x2117
 991 00b0 19       		.uleb128 0x19
 992 00b1 01       		.uleb128 0x1
 993 00b2 13       		.uleb128 0x13
 994 00b3 00       		.byte	0
 995 00b4 00       		.byte	0
 996 00b5 0F       		.uleb128 0xf
 997 00b6 05       		.uleb128 0x5
 998 00b7 00       		.byte	0
 999 00b8 03       		.uleb128 0x3
 1000 00b9 0E       		.uleb128 0xe
 1001 00ba 3A       		.uleb128 0x3a
 1002 00bb 0B       		.uleb128 0xb
 1003 00bc 3B       		.uleb128 0x3b
 1004 00bd 0B       		.uleb128 0xb
 1005 00be 49       		.uleb128 0x49
 1006 00bf 13       		.uleb128 0x13
 1007 00c0 02       		.uleb128 0x2
 1008 00c1 17       		.uleb128 0x17
 1009 00c2 00       		.byte	0
 1010 00c3 00       		.byte	0
 1011 00c4 10       		.uleb128 0x10
 1012 00c5 05       		.uleb128 0x5
 1013 00c6 00       		.byte	0
 1014 00c7 03       		.uleb128 0x3
 1015 00c8 0E       		.uleb128 0xe
 1016 00c9 3A       		.uleb128 0x3a
 1017 00ca 0B       		.uleb128 0xb
 1018 00cb 3B       		.uleb128 0x3b
 1019 00cc 0B       		.uleb128 0xb
 1020 00cd 49       		.uleb128 0x49
 1021 00ce 13       		.uleb128 0x13
 1022 00cf 02       		.uleb128 0x2
 1023 00d0 18       		.uleb128 0x18
 1024 00d1 00       		.byte	0
 1025 00d2 00       		.byte	0
 1026 00d3 11       		.uleb128 0x11
 1027 00d4 0F       		.uleb128 0xf
 1028 00d5 00       		.byte	0
 1029 00d6 0B       		.uleb128 0xb
 1030 00d7 0B       		.uleb128 0xb
 1031 00d8 49       		.uleb128 0x49
 1032 00d9 13       		.uleb128 0x13
 1033 00da 00       		.byte	0
ARM GAS  C:\Users\DABBIR~1\AppData\Local\Temp\ccmSTfDi.s 			page 21


 1034 00db 00       		.byte	0
 1035 00dc 12       		.uleb128 0x12
 1036 00dd 34       		.uleb128 0x34
 1037 00de 00       		.byte	0
 1038 00df 03       		.uleb128 0x3
 1039 00e0 0E       		.uleb128 0xe
 1040 00e1 3A       		.uleb128 0x3a
 1041 00e2 0B       		.uleb128 0xb
 1042 00e3 3B       		.uleb128 0x3b
 1043 00e4 0B       		.uleb128 0xb
 1044 00e5 49       		.uleb128 0x49
 1045 00e6 13       		.uleb128 0x13
 1046 00e7 02       		.uleb128 0x2
 1047 00e8 17       		.uleb128 0x17
 1048 00e9 00       		.byte	0
 1049 00ea 00       		.byte	0
 1050 00eb 13       		.uleb128 0x13
 1051 00ec 2E       		.uleb128 0x2e
 1052 00ed 01       		.byte	0x1
 1053 00ee 3F       		.uleb128 0x3f
 1054 00ef 19       		.uleb128 0x19
 1055 00f0 03       		.uleb128 0x3
 1056 00f1 0E       		.uleb128 0xe
 1057 00f2 3A       		.uleb128 0x3a
 1058 00f3 0B       		.uleb128 0xb
 1059 00f4 3B       		.uleb128 0x3b
 1060 00f5 0B       		.uleb128 0xb
 1061 00f6 27       		.uleb128 0x27
 1062 00f7 19       		.uleb128 0x19
 1063 00f8 49       		.uleb128 0x49
 1064 00f9 13       		.uleb128 0x13
 1065 00fa 3C       		.uleb128 0x3c
 1066 00fb 19       		.uleb128 0x19
 1067 00fc 01       		.uleb128 0x1
 1068 00fd 13       		.uleb128 0x13
 1069 00fe 00       		.byte	0
 1070 00ff 00       		.byte	0
 1071 0100 14       		.uleb128 0x14
 1072 0101 05       		.uleb128 0x5
 1073 0102 00       		.byte	0
 1074 0103 49       		.uleb128 0x49
 1075 0104 13       		.uleb128 0x13
 1076 0105 00       		.byte	0
 1077 0106 00       		.byte	0
 1078 0107 15       		.uleb128 0x15
 1079 0108 0B       		.uleb128 0xb
 1080 0109 01       		.byte	0x1
 1081 010a 11       		.uleb128 0x11
 1082 010b 01       		.uleb128 0x1
 1083 010c 12       		.uleb128 0x12
 1084 010d 06       		.uleb128 0x6
 1085 010e 01       		.uleb128 0x1
 1086 010f 13       		.uleb128 0x13
 1087 0110 00       		.byte	0
 1088 0111 00       		.byte	0
 1089 0112 16       		.uleb128 0x16
 1090 0113 898201   		.uleb128 0x4109
ARM GAS  C:\Users\DABBIR~1\AppData\Local\Temp\ccmSTfDi.s 			page 22


 1091 0116 01       		.byte	0x1
 1092 0117 11       		.uleb128 0x11
 1093 0118 01       		.uleb128 0x1
 1094 0119 31       		.uleb128 0x31
 1095 011a 13       		.uleb128 0x13
 1096 011b 01       		.uleb128 0x1
 1097 011c 13       		.uleb128 0x13
 1098 011d 00       		.byte	0
 1099 011e 00       		.byte	0
 1100 011f 17       		.uleb128 0x17
 1101 0120 8A8201   		.uleb128 0x410a
 1102 0123 00       		.byte	0
 1103 0124 02       		.uleb128 0x2
 1104 0125 18       		.uleb128 0x18
 1105 0126 9142     		.uleb128 0x2111
 1106 0128 18       		.uleb128 0x18
 1107 0129 00       		.byte	0
 1108 012a 00       		.byte	0
 1109 012b 18       		.uleb128 0x18
 1110 012c 898201   		.uleb128 0x4109
 1111 012f 00       		.byte	0
 1112 0130 11       		.uleb128 0x11
 1113 0131 01       		.uleb128 0x1
 1114 0132 31       		.uleb128 0x31
 1115 0133 13       		.uleb128 0x13
 1116 0134 00       		.byte	0
 1117 0135 00       		.byte	0
 1118 0136 19       		.uleb128 0x19
 1119 0137 2E       		.uleb128 0x2e
 1120 0138 01       		.byte	0x1
 1121 0139 3F       		.uleb128 0x3f
 1122 013a 19       		.uleb128 0x19
 1123 013b 03       		.uleb128 0x3
 1124 013c 0E       		.uleb128 0xe
 1125 013d 3A       		.uleb128 0x3a
 1126 013e 0B       		.uleb128 0xb
 1127 013f 3B       		.uleb128 0x3b
 1128 0140 0B       		.uleb128 0xb
 1129 0141 27       		.uleb128 0x27
 1130 0142 19       		.uleb128 0x19
 1131 0143 3C       		.uleb128 0x3c
 1132 0144 19       		.uleb128 0x19
 1133 0145 01       		.uleb128 0x1
 1134 0146 13       		.uleb128 0x13
 1135 0147 00       		.byte	0
 1136 0148 00       		.byte	0
 1137 0149 1A       		.uleb128 0x1a
 1138 014a 34       		.uleb128 0x34
 1139 014b 00       		.byte	0
 1140 014c 03       		.uleb128 0x3
 1141 014d 08       		.uleb128 0x8
 1142 014e 3A       		.uleb128 0x3a
 1143 014f 0B       		.uleb128 0xb
 1144 0150 3B       		.uleb128 0x3b
 1145 0151 0B       		.uleb128 0xb
 1146 0152 49       		.uleb128 0x49
 1147 0153 13       		.uleb128 0x13
ARM GAS  C:\Users\DABBIR~1\AppData\Local\Temp\ccmSTfDi.s 			page 23


 1148 0154 02       		.uleb128 0x2
 1149 0155 17       		.uleb128 0x17
 1150 0156 00       		.byte	0
 1151 0157 00       		.byte	0
 1152 0158 1B       		.uleb128 0x1b
 1153 0159 34       		.uleb128 0x34
 1154 015a 00       		.byte	0
 1155 015b 03       		.uleb128 0x3
 1156 015c 0E       		.uleb128 0xe
 1157 015d 3A       		.uleb128 0x3a
 1158 015e 0B       		.uleb128 0xb
 1159 015f 3B       		.uleb128 0x3b
 1160 0160 0B       		.uleb128 0xb
 1161 0161 49       		.uleb128 0x49
 1162 0162 13       		.uleb128 0x13
 1163 0163 3F       		.uleb128 0x3f
 1164 0164 19       		.uleb128 0x19
 1165 0165 3C       		.uleb128 0x3c
 1166 0166 19       		.uleb128 0x19
 1167 0167 00       		.byte	0
 1168 0168 00       		.byte	0
 1169 0169 1C       		.uleb128 0x1c
 1170 016a 34       		.uleb128 0x34
 1171 016b 00       		.byte	0
 1172 016c 03       		.uleb128 0x3
 1173 016d 0E       		.uleb128 0xe
 1174 016e 3A       		.uleb128 0x3a
 1175 016f 0B       		.uleb128 0xb
 1176 0170 3B       		.uleb128 0x3b
 1177 0171 05       		.uleb128 0x5
 1178 0172 49       		.uleb128 0x49
 1179 0173 13       		.uleb128 0x13
 1180 0174 3F       		.uleb128 0x3f
 1181 0175 19       		.uleb128 0x19
 1182 0176 3C       		.uleb128 0x3c
 1183 0177 19       		.uleb128 0x19
 1184 0178 00       		.byte	0
 1185 0179 00       		.byte	0
 1186 017a 1D       		.uleb128 0x1d
 1187 017b 35       		.uleb128 0x35
 1188 017c 00       		.byte	0
 1189 017d 49       		.uleb128 0x49
 1190 017e 13       		.uleb128 0x13
 1191 017f 00       		.byte	0
 1192 0180 00       		.byte	0
 1193 0181 1E       		.uleb128 0x1e
 1194 0182 2E       		.uleb128 0x2e
 1195 0183 00       		.byte	0
 1196 0184 3F       		.uleb128 0x3f
 1197 0185 19       		.uleb128 0x19
 1198 0186 3C       		.uleb128 0x3c
 1199 0187 19       		.uleb128 0x19
 1200 0188 6E       		.uleb128 0x6e
 1201 0189 0E       		.uleb128 0xe
 1202 018a 03       		.uleb128 0x3
 1203 018b 0E       		.uleb128 0xe
 1204 018c 3A       		.uleb128 0x3a
ARM GAS  C:\Users\DABBIR~1\AppData\Local\Temp\ccmSTfDi.s 			page 24


 1205 018d 0B       		.uleb128 0xb
 1206 018e 3B       		.uleb128 0x3b
 1207 018f 0B       		.uleb128 0xb
 1208 0190 00       		.byte	0
 1209 0191 00       		.byte	0
 1210 0192 1F       		.uleb128 0x1f
 1211 0193 2E       		.uleb128 0x2e
 1212 0194 00       		.byte	0
 1213 0195 3F       		.uleb128 0x3f
 1214 0196 19       		.uleb128 0x19
 1215 0197 3C       		.uleb128 0x3c
 1216 0198 19       		.uleb128 0x19
 1217 0199 6E       		.uleb128 0x6e
 1218 019a 0E       		.uleb128 0xe
 1219 019b 03       		.uleb128 0x3
 1220 019c 0E       		.uleb128 0xe
 1221 019d 3A       		.uleb128 0x3a
 1222 019e 0B       		.uleb128 0xb
 1223 019f 3B       		.uleb128 0x3b
 1224 01a0 05       		.uleb128 0x5
 1225 01a1 00       		.byte	0
 1226 01a2 00       		.byte	0
 1227 01a3 00       		.byte	0
 1228              		.section	.debug_loc,"",%progbits
 1229              	.Ldebug_loc0:
 1230              	.LLST0:
 1231 0000 00000000 		.4byte	.LVL0
 1232 0004 10000000 		.4byte	.LVL2
 1233 0008 0100     		.2byte	0x1
 1234 000a 50       		.byte	0x50
 1235 000b 10000000 		.4byte	.LVL2
 1236 000f 12000000 		.4byte	.LFE102
 1237 0013 0400     		.2byte	0x4
 1238 0015 F3       		.byte	0xf3
 1239 0016 01       		.uleb128 0x1
 1240 0017 50       		.byte	0x50
 1241 0018 9F       		.byte	0x9f
 1242 0019 00000000 		.4byte	0
 1243 001d 00000000 		.4byte	0
 1244              	.LLST1:
 1245 0021 00000000 		.4byte	.LVL0
 1246 0025 08000000 		.4byte	.LVL1
 1247 0029 0100     		.2byte	0x1
 1248 002b 53       		.byte	0x53
 1249 002c 08000000 		.4byte	.LVL1
 1250 0030 10000000 		.4byte	.LVL2
 1251 0034 0200     		.2byte	0x2
 1252 0036 70       		.byte	0x70
 1253 0037 04       		.sleb128 4
 1254 0038 10000000 		.4byte	.LVL2
 1255 003c 12000000 		.4byte	.LFE102
 1256 0040 0500     		.2byte	0x5
 1257 0042 F3       		.byte	0xf3
 1258 0043 01       		.uleb128 0x1
 1259 0044 50       		.byte	0x50
 1260 0045 23       		.byte	0x23
 1261 0046 04       		.uleb128 0x4
ARM GAS  C:\Users\DABBIR~1\AppData\Local\Temp\ccmSTfDi.s 			page 25


 1262 0047 00000000 		.4byte	0
 1263 004b 00000000 		.4byte	0
 1264              	.LLST2:
 1265 004f 00000000 		.4byte	.LVL3
 1266 0053 10000000 		.4byte	.LVL4
 1267 0057 0100     		.2byte	0x1
 1268 0059 50       		.byte	0x50
 1269 005a 10000000 		.4byte	.LVL4
 1270 005e 60000000 		.4byte	.LVL12
 1271 0062 0100     		.2byte	0x1
 1272 0064 57       		.byte	0x57
 1273 0065 60000000 		.4byte	.LVL12
 1274 0069 64000000 		.4byte	.LVL13
 1275 006d 0100     		.2byte	0x1
 1276 006f 50       		.byte	0x50
 1277 0070 64000000 		.4byte	.LVL13
 1278 0074 66000000 		.4byte	.LVL14
 1279 0078 0400     		.2byte	0x4
 1280 007a F3       		.byte	0xf3
 1281 007b 01       		.uleb128 0x1
 1282 007c 50       		.byte	0x50
 1283 007d 9F       		.byte	0x9f
 1284 007e 66000000 		.4byte	.LVL14
 1285 0082 6C000000 		.4byte	.LVL16
 1286 0086 0100     		.2byte	0x1
 1287 0088 57       		.byte	0x57
 1288 0089 6C000000 		.4byte	.LVL16
 1289 008d 70000000 		.4byte	.LFE103
 1290 0091 0400     		.2byte	0x4
 1291 0093 F3       		.byte	0xf3
 1292 0094 01       		.uleb128 0x1
 1293 0095 50       		.byte	0x50
 1294 0096 9F       		.byte	0x9f
 1295 0097 00000000 		.4byte	0
 1296 009b 00000000 		.4byte	0
 1297              	.LLST3:
 1298 009f 00000000 		.4byte	.LVL3
 1299 00a3 13000000 		.4byte	.LVL5-1
 1300 00a7 0100     		.2byte	0x1
 1301 00a9 51       		.byte	0x51
 1302 00aa 13000000 		.4byte	.LVL5-1
 1303 00ae 60000000 		.4byte	.LVL12
 1304 00b2 0100     		.2byte	0x1
 1305 00b4 56       		.byte	0x56
 1306 00b5 60000000 		.4byte	.LVL12
 1307 00b9 66000000 		.4byte	.LVL14
 1308 00bd 0100     		.2byte	0x1
 1309 00bf 51       		.byte	0x51
 1310 00c0 66000000 		.4byte	.LVL14
 1311 00c4 6C000000 		.4byte	.LVL16
 1312 00c8 0100     		.2byte	0x1
 1313 00ca 56       		.byte	0x56
 1314 00cb 6C000000 		.4byte	.LVL16
 1315 00cf 70000000 		.4byte	.LFE103
 1316 00d3 0400     		.2byte	0x4
 1317 00d5 F3       		.byte	0xf3
 1318 00d6 01       		.uleb128 0x1
ARM GAS  C:\Users\DABBIR~1\AppData\Local\Temp\ccmSTfDi.s 			page 26


 1319 00d7 51       		.byte	0x51
 1320 00d8 9F       		.byte	0x9f
 1321 00d9 00000000 		.4byte	0
 1322 00dd 00000000 		.4byte	0
 1323              	.LLST4:
 1324 00e1 00000000 		.4byte	.LVL3
 1325 00e5 13000000 		.4byte	.LVL5-1
 1326 00e9 0100     		.2byte	0x1
 1327 00eb 52       		.byte	0x52
 1328 00ec 13000000 		.4byte	.LVL5-1
 1329 00f0 60000000 		.4byte	.LVL12
 1330 00f4 0400     		.2byte	0x4
 1331 00f6 F3       		.byte	0xf3
 1332 00f7 01       		.uleb128 0x1
 1333 00f8 52       		.byte	0x52
 1334 00f9 9F       		.byte	0x9f
 1335 00fa 60000000 		.4byte	.LVL12
 1336 00fe 66000000 		.4byte	.LVL14
 1337 0102 0100     		.2byte	0x1
 1338 0104 52       		.byte	0x52
 1339 0105 66000000 		.4byte	.LVL14
 1340 0109 70000000 		.4byte	.LFE103
 1341 010d 0400     		.2byte	0x4
 1342 010f F3       		.byte	0xf3
 1343 0110 01       		.uleb128 0x1
 1344 0111 52       		.byte	0x52
 1345 0112 9F       		.byte	0x9f
 1346 0113 00000000 		.4byte	0
 1347 0117 00000000 		.4byte	0
 1348              	.LLST5:
 1349 011b 14000000 		.4byte	.LVL5
 1350 011f 58000000 		.4byte	.LVL10
 1351 0123 0100     		.2byte	0x1
 1352 0125 50       		.byte	0x50
 1353 0126 66000000 		.4byte	.LVL14
 1354 012a 6A000000 		.4byte	.LVL15
 1355 012e 0100     		.2byte	0x1
 1356 0130 50       		.byte	0x50
 1357 0131 6A000000 		.4byte	.LVL15
 1358 0135 70000000 		.4byte	.LFE103
 1359 0139 0100     		.2byte	0x1
 1360 013b 52       		.byte	0x52
 1361 013c 00000000 		.4byte	0
 1362 0140 00000000 		.4byte	0
 1363              	.LLST6:
 1364 0144 22000000 		.4byte	.LVL6
 1365 0148 60000000 		.4byte	.LVL12
 1366 014c 0100     		.2byte	0x1
 1367 014e 56       		.byte	0x56
 1368 014f 00000000 		.4byte	0
 1369 0153 00000000 		.4byte	0
 1370              	.LLST7:
 1371 0157 22000000 		.4byte	.LVL6
 1372 015b 58000000 		.4byte	.LVL10
 1373 015f 0100     		.2byte	0x1
 1374 0161 50       		.byte	0x50
 1375 0162 00000000 		.4byte	0
ARM GAS  C:\Users\DABBIR~1\AppData\Local\Temp\ccmSTfDi.s 			page 27


 1376 0166 00000000 		.4byte	0
 1377              	.LLST8:
 1378 016a 22000000 		.4byte	.LVL6
 1379 016e 26000000 		.4byte	.LVL7
 1380 0172 0200     		.2byte	0x2
 1381 0174 30       		.byte	0x30
 1382 0175 9F       		.byte	0x9f
 1383 0176 26000000 		.4byte	.LVL7
 1384 017a 32000000 		.4byte	.LVL9
 1385 017e 0100     		.2byte	0x1
 1386 0180 53       		.byte	0x53
 1387 0181 00000000 		.4byte	0
 1388 0185 00000000 		.4byte	0
 1389              	.LLST9:
 1390 0189 00000000 		.4byte	.LVL17
 1391 018d 30000000 		.4byte	.LVL24
 1392 0191 0100     		.2byte	0x1
 1393 0193 50       		.byte	0x50
 1394 0194 30000000 		.4byte	.LVL24
 1395 0198 56000000 		.4byte	.LVL26
 1396 019c 0100     		.2byte	0x1
 1397 019e 54       		.byte	0x54
 1398 019f 56000000 		.4byte	.LVL26
 1399 01a3 5A000000 		.4byte	.LVL27
 1400 01a7 0100     		.2byte	0x1
 1401 01a9 50       		.byte	0x50
 1402 01aa 5A000000 		.4byte	.LVL27
 1403 01ae 5C000000 		.4byte	.LVL28
 1404 01b2 0400     		.2byte	0x4
 1405 01b4 F3       		.byte	0xf3
 1406 01b5 01       		.uleb128 0x1
 1407 01b6 50       		.byte	0x50
 1408 01b7 9F       		.byte	0x9f
 1409 01b8 5C000000 		.4byte	.LVL28
 1410 01bc 60000000 		.4byte	.LVL29
 1411 01c0 0100     		.2byte	0x1
 1412 01c2 50       		.byte	0x50
 1413 01c3 60000000 		.4byte	.LVL29
 1414 01c7 68000000 		.4byte	.LFE104
 1415 01cb 0400     		.2byte	0x4
 1416 01cd F3       		.byte	0xf3
 1417 01ce 01       		.uleb128 0x1
 1418 01cf 50       		.byte	0x50
 1419 01d0 9F       		.byte	0x9f
 1420 01d1 00000000 		.4byte	0
 1421 01d5 00000000 		.4byte	0
 1422              	.LLST10:
 1423 01d9 00000000 		.4byte	.LVL17
 1424 01dd 33000000 		.4byte	.LVL25-1
 1425 01e1 0100     		.2byte	0x1
 1426 01e3 51       		.byte	0x51
 1427 01e4 33000000 		.4byte	.LVL25-1
 1428 01e8 56000000 		.4byte	.LVL26
 1429 01ec 0400     		.2byte	0x4
 1430 01ee F3       		.byte	0xf3
 1431 01ef 01       		.uleb128 0x1
 1432 01f0 51       		.byte	0x51
ARM GAS  C:\Users\DABBIR~1\AppData\Local\Temp\ccmSTfDi.s 			page 28


 1433 01f1 9F       		.byte	0x9f
 1434 01f2 56000000 		.4byte	.LVL26
 1435 01f6 68000000 		.4byte	.LFE104
 1436 01fa 0100     		.2byte	0x1
 1437 01fc 51       		.byte	0x51
 1438 01fd 00000000 		.4byte	0
 1439 0201 00000000 		.4byte	0
 1440              	.LLST11:
 1441 0205 00000000 		.4byte	.LVL17
 1442 0209 33000000 		.4byte	.LVL25-1
 1443 020d 0100     		.2byte	0x1
 1444 020f 52       		.byte	0x52
 1445 0210 33000000 		.4byte	.LVL25-1
 1446 0214 56000000 		.4byte	.LVL26
 1447 0218 0400     		.2byte	0x4
 1448 021a F3       		.byte	0xf3
 1449 021b 01       		.uleb128 0x1
 1450 021c 52       		.byte	0x52
 1451 021d 9F       		.byte	0x9f
 1452 021e 56000000 		.4byte	.LVL26
 1453 0222 68000000 		.4byte	.LFE104
 1454 0226 0100     		.2byte	0x1
 1455 0228 52       		.byte	0x52
 1456 0229 00000000 		.4byte	0
 1457 022d 00000000 		.4byte	0
 1458              	.LLST12:
 1459 0231 0E000000 		.4byte	.LVL18
 1460 0235 12000000 		.4byte	.LVL19
 1461 0239 0100     		.2byte	0x1
 1462 023b 53       		.byte	0x53
 1463 023c 12000000 		.4byte	.LVL19
 1464 0240 2A000000 		.4byte	.LVL22
 1465 0244 0800     		.2byte	0x8
 1466 0246 75       		.byte	0x75
 1467 0247 02       		.sleb128 2
 1468 0248 33       		.byte	0x33
 1469 0249 24       		.byte	0x24
 1470 024a 70       		.byte	0x70
 1471 024b 00       		.sleb128 0
 1472 024c 22       		.byte	0x22
 1473 024d 9F       		.byte	0x9f
 1474 024e 2A000000 		.4byte	.LVL22
 1475 0252 2E000000 		.4byte	.LVL23
 1476 0256 0800     		.2byte	0x8
 1477 0258 75       		.byte	0x75
 1478 0259 00       		.sleb128 0
 1479 025a 33       		.byte	0x33
 1480 025b 24       		.byte	0x24
 1481 025c 70       		.byte	0x70
 1482 025d 00       		.sleb128 0
 1483 025e 22       		.byte	0x22
 1484 025f 9F       		.byte	0x9f
 1485 0260 5C000000 		.4byte	.LVL28
 1486 0264 62000000 		.4byte	.LVL30
 1487 0268 0100     		.2byte	0x1
 1488 026a 53       		.byte	0x53
 1489 026b 62000000 		.4byte	.LVL30
ARM GAS  C:\Users\DABBIR~1\AppData\Local\Temp\ccmSTfDi.s 			page 29


 1490 026f 68000000 		.4byte	.LFE104
 1491 0273 1400     		.2byte	0x14
 1492 0275 F3       		.byte	0xf3
 1493 0276 01       		.uleb128 0x1
 1494 0277 50       		.byte	0x50
 1495 0278 23       		.byte	0x23
 1496 0279 0A       		.uleb128 0xa
 1497 027a 94       		.byte	0x94
 1498 027b 02       		.byte	0x2
 1499 027c 0A       		.byte	0xa
 1500 027d FFFF     		.2byte	0xffff
 1501 027f 1A       		.byte	0x1a
 1502 0280 23       		.byte	0x23
 1503 0281 02       		.uleb128 0x2
 1504 0282 33       		.byte	0x33
 1505 0283 24       		.byte	0x24
 1506 0284 F3       		.byte	0xf3
 1507 0285 01       		.uleb128 0x1
 1508 0286 50       		.byte	0x50
 1509 0287 22       		.byte	0x22
 1510 0288 9F       		.byte	0x9f
 1511 0289 00000000 		.4byte	0
 1512 028d 00000000 		.4byte	0
 1513              	.LLST13:
 1514 0291 14000000 		.4byte	.LVL20
 1515 0295 33000000 		.4byte	.LVL25-1
 1516 0299 0100     		.2byte	0x1
 1517 029b 53       		.byte	0x53
 1518 029c 00000000 		.4byte	0
 1519 02a0 00000000 		.4byte	0
 1520              		.section	.debug_aranges,"",%progbits
 1521 0000 2C000000 		.4byte	0x2c
 1522 0004 0200     		.2byte	0x2
 1523 0006 00000000 		.4byte	.Ldebug_info0
 1524 000a 04       		.byte	0x4
 1525 000b 00       		.byte	0
 1526 000c 0000     		.2byte	0
 1527 000e 0000     		.2byte	0
 1528 0010 00000000 		.4byte	.LFB102
 1529 0014 12000000 		.4byte	.LFE102-.LFB102
 1530 0018 00000000 		.4byte	.LFB103
 1531 001c 70000000 		.4byte	.LFE103-.LFB103
 1532 0020 00000000 		.4byte	.LFB104
 1533 0024 68000000 		.4byte	.LFE104-.LFB104
 1534 0028 00000000 		.4byte	0
 1535 002c 00000000 		.4byte	0
 1536              		.section	.debug_ranges,"",%progbits
 1537              	.Ldebug_ranges0:
 1538 0000 00000000 		.4byte	.LFB102
 1539 0004 12000000 		.4byte	.LFE102
 1540 0008 00000000 		.4byte	.LFB103
 1541 000c 70000000 		.4byte	.LFE103
 1542 0010 00000000 		.4byte	.LFB104
 1543 0014 68000000 		.4byte	.LFE104
 1544 0018 00000000 		.4byte	0
 1545 001c 00000000 		.4byte	0
 1546              		.section	.debug_line,"",%progbits
ARM GAS  C:\Users\DABBIR~1\AppData\Local\Temp\ccmSTfDi.s 			page 30


 1547              	.Ldebug_line0:
 1548 0000 E8020000 		.section	.debug_str,"MS",%progbits,1
 1548      02006602 
 1548      00000201 
 1548      FB0E0D00 
 1548      01010101 
 1549              	.LASF84:
 1550 0000 474E5520 		.ascii	"GNU C11 5.4.1 20160609 (release) [ARM/embedded-5-br"
 1550      43313120 
 1550      352E342E 
 1550      31203230 
 1550      31363036 
 1551 0033 616E6368 		.ascii	"anch revision 237715] -mcpu=cortex-m3 -mthumb -g -O"
 1551      20726576 
 1551      6973696F 
 1551      6E203233 
 1551      37373135 
 1552 0066 67202D66 		.ascii	"g -ffunction-sections -ffat-lto-objects\000"
 1552      66756E63 
 1552      74696F6E 
 1552      2D736563 
 1552      74696F6E 
 1553              	.LASF50:
 1554 008e 4576656E 		.ascii	"EventMaskType\000"
 1554      744D6173 
 1554      6B547970 
 1554      6500
 1555              	.LASF27:
 1556 009c 52435F45 		.ascii	"RC_ERROR_READ_ONLY\000"
 1556      52524F52 
 1556      5F524541 
 1556      445F4F4E 
 1556      4C5900
 1557              	.LASF13:
 1558 00af 52435F53 		.ascii	"RC_SUCCESS\000"
 1558      55434345 
 1558      535300
 1559              	.LASF86:
 1560 00ba 433A5C4D 		.ascii	"C:\\My_Files\\College_Documents\\AMA EOS\\EOS\\LAB\\"
 1560      795F4669 
 1560      6C65735C 
 1560      436F6C6C 
 1560      6567655F 
 1561 00e8 4C41425F 		.ascii	"LAB_2_Submission\\Json Parser\\code\\w06_criticalRe"
 1561      325F5375 
 1561      626D6973 
 1561      73696F6E 
 1561      5C4A736F 
 1562 0118 67696F6E 		.ascii	"gion.cydsn\\Lab2_JSONParser01.cydsn\000"
 1562      2E637964 
 1562      736E5C4C 
 1562      6162325F 
 1562      4A534F4E 
 1563              	.LASF12:
 1564 013b 63686172 		.ascii	"char\000"
 1564      00
 1565              	.LASF28:
ARM GAS  C:\Users\DABBIR~1\AppData\Local\Temp\ccmSTfDi.s 			page 31


 1566 0140 52435F45 		.ascii	"RC_ERROR_WRITE_ONLY\000"
 1566      52524F52 
 1566      5F575249 
 1566      54455F4F 
 1566      4E4C5900 
 1567              	.LASF2:
 1568 0154 73686F72 		.ascii	"short int\000"
 1568      7420696E 
 1568      7400
 1569              	.LASF19:
 1570 015e 52435F45 		.ascii	"RC_ERROR_OVERRUN\000"
 1570      52524F52 
 1570      5F4F5645 
 1570      5252554E 
 1570      00
 1571              	.LASF31:
 1572 016f 52435F45 		.ascii	"RC_ERROR_WRITE_FAILS\000"
 1572      52524F52 
 1572      5F575249 
 1572      54455F46 
 1572      41494C53 
 1573              	.LASF51:
 1574 0184 73697A65 		.ascii	"sizetype\000"
 1574      74797065 
 1574      00
 1575              	.LASF55:
 1576 018d 6D5F6576 		.ascii	"m_ev\000"
 1576      00
 1577              	.LASF16:
 1578 0192 52435F45 		.ascii	"RC_ERROR_ZERO\000"
 1578      52524F52 
 1578      5F5A4552 
 1578      4F00
 1579              	.LASF47:
 1580 01a0 45455F46 		.ascii	"EE_FREG\000"
 1580      52454700 
 1581              	.LASF30:
 1582 01a8 52435F45 		.ascii	"RC_ERROR_READ_FAILS\000"
 1582      52524F52 
 1582      5F524541 
 1582      445F4641 
 1582      494C5300 
 1583              	.LASF45:
 1584 01bc 45455F55 		.ascii	"EE_UINT32\000"
 1584      494E5433 
 1584      3200
 1585              	.LASF48:
 1586 01c6 45455F54 		.ascii	"EE_TID\000"
 1586      494400
 1587              	.LASF57:
 1588 01cd 72656164 		.ascii	"read_idx\000"
 1588      5F696478 
 1588      00
 1589              	.LASF3:
 1590 01d6 75696E74 		.ascii	"uint8_t\000"
 1590      385F7400 
 1591              	.LASF36:
ARM GAS  C:\Users\DABBIR~1\AppData\Local\Temp\ccmSTfDi.s 			page 32


 1592 01de 52435F45 		.ascii	"RC_ERROR_INVALID_STATE\000"
 1592      52524F52 
 1592      5F494E56 
 1592      414C4944 
 1592      5F535441 
 1593              	.LASF79:
 1594 01f5 45455F49 		.ascii	"EE_IRQ_nesting_level\000"
 1594      52515F6E 
 1594      65737469 
 1594      6E675F6C 
 1594      6576656C 
 1595              	.LASF83:
 1596 020a 66726565 		.ascii	"free\000"
 1596      00
 1597              	.LASF71:
 1598 020f 63617374 		.ascii	"castedMpBuffer\000"
 1598      65644D70 
 1598      42756666 
 1598      657200
 1599              	.LASF78:
 1600 021e 45455F73 		.ascii	"EE_std_endcycle_next_tid\000"
 1600      74645F65 
 1600      6E646379 
 1600      636C655F 
 1600      6E657874 
 1601              	.LASF0:
 1602 0237 7369676E 		.ascii	"signed char\000"
 1602      65642063 
 1602      68617200 
 1603              	.LASF58:
 1604 0243 77726974 		.ascii	"write_idx\000"
 1604      655F6964 
 1604      7800
 1605              	.LASF8:
 1606 024d 666C6F61 		.ascii	"float\000"
 1606      7400
 1607              	.LASF38:
 1608 0253 52435F45 		.ascii	"RC_ERROR_NOT_IMPLEMENTED\000"
 1608      52524F52 
 1608      5F4E4F54 
 1608      5F494D50 
 1608      4C454D45 
 1609              	.LASF10:
 1610 026c 6C6F6E67 		.ascii	"long long int\000"
 1610      206C6F6E 
 1610      6720696E 
 1610      7400
 1611              	.LASF76:
 1612 027a 45455F6F 		.ascii	"EE_oo_IRQ_suspend_status\000"
 1612      6F5F4952 
 1612      515F7375 
 1612      7370656E 
 1612      645F7374 
 1613              	.LASF53:
 1614 0293 6D5F7042 		.ascii	"m_pBuffer\000"
 1614      75666665 
 1614      7200
ARM GAS  C:\Users\DABBIR~1\AppData\Local\Temp\ccmSTfDi.s 			page 33


 1615              	.LASF81:
 1616 029d 6D616C6C 		.ascii	"malloc\000"
 1616      6F6300
 1617              	.LASF32:
 1618 02a4 52435F45 		.ascii	"RC_ERROR_NOT_MATCH\000"
 1618      52524F52 
 1618      5F4E4F54 
 1618      5F4D4154 
 1618      434800
 1619              	.LASF37:
 1620 02b7 52435F45 		.ascii	"RC_ERROR_UNKNOWN\000"
 1620      52524F52 
 1620      5F554E4B 
 1620      4E4F574E 
 1620      00
 1621              	.LASF6:
 1622 02c8 6C6F6E67 		.ascii	"long int\000"
 1622      20696E74 
 1622      00
 1623              	.LASF20:
 1624 02d1 52435F45 		.ascii	"RC_ERROR_UNDERRUN\000"
 1624      52524F52 
 1624      5F554E44 
 1624      45525255 
 1624      4E00
 1625              	.LASF64:
 1626 02e3 6576656E 		.ascii	"eventMaskType\000"
 1626      744D6173 
 1626      6B547970 
 1626      6500
 1627              	.LASF23:
 1628 02f1 52435F45 		.ascii	"RC_ERROR_BUSY\000"
 1628      52524F52 
 1628      5F425553 
 1628      5900
 1629              	.LASF29:
 1630 02ff 52435F45 		.ascii	"RC_ERROR_INVALID\000"
 1630      52524F52 
 1630      5F494E56 
 1630      414C4944 
 1630      00
 1631              	.LASF34:
 1632 0310 52435F45 		.ascii	"RC_ERROR_BAD_DATA\000"
 1632      52524F52 
 1632      5F424144 
 1632      5F444154 
 1632      4100
 1633              	.LASF43:
 1634 0322 6C6F6E67 		.ascii	"long double\000"
 1634      20646F75 
 1634      626C6500 
 1635              	.LASF49:
 1636 032e 5461736B 		.ascii	"TaskType\000"
 1636      54797065 
 1636      00
 1637              	.LASF1:
 1638 0337 756E7369 		.ascii	"unsigned char\000"
ARM GAS  C:\Users\DABBIR~1\AppData\Local\Temp\ccmSTfDi.s 			page 34


 1638      676E6564 
 1638      20636861 
 1638      7200
 1639              	.LASF52:
 1640 0345 6D5F7369 		.ascii	"m_size\000"
 1640      7A6500
 1641              	.LASF59:
 1642 034c 66696C6C 		.ascii	"filllevel\000"
 1642      6C657665 
 1642      6C00
 1643              	.LASF85:
 1644 0356 6D657373 		.ascii	"messagebox.c\000"
 1644      61676562 
 1644      6F782E63 
 1644      00
 1645              	.LASF11:
 1646 0363 6C6F6E67 		.ascii	"long long unsigned int\000"
 1646      206C6F6E 
 1646      6720756E 
 1646      7369676E 
 1646      65642069 
 1647              	.LASF41:
 1648 037a 756E7369 		.ascii	"unsigned int\000"
 1648      676E6564 
 1648      20696E74 
 1648      00
 1649              	.LASF25:
 1650 0387 52435F45 		.ascii	"RC_ERROR_OPEN\000"
 1650      52524F52 
 1650      5F4F5045 
 1650      4E00
 1651              	.LASF4:
 1652 0395 75696E74 		.ascii	"uint16_t\000"
 1652      31365F74 
 1652      00
 1653              	.LASF7:
 1654 039e 6C6F6E67 		.ascii	"long unsigned int\000"
 1654      20756E73 
 1654      69676E65 
 1654      6420696E 
 1654      7400
 1655              	.LASF15:
 1656 03b0 52435F45 		.ascii	"RC_ERROR_NULL\000"
 1656      52524F52 
 1656      5F4E554C 
 1656      4C00
 1657              	.LASF22:
 1658 03be 52435F45 		.ascii	"RC_ERROR_BUFFER_EMTPY\000"
 1658      52524F52 
 1658      5F425546 
 1658      4645525F 
 1658      454D5450 
 1659              	.LASF44:
 1660 03d4 45455F49 		.ascii	"EE_INT32\000"
 1660      4E543332 
 1660      00
 1661              	.LASF5:
ARM GAS  C:\Users\DABBIR~1\AppData\Local\Temp\ccmSTfDi.s 			page 35


 1662 03dd 73686F72 		.ascii	"short unsigned int\000"
 1662      7420756E 
 1662      7369676E 
 1662      65642069 
 1662      6E7400
 1663              	.LASF72:
 1664 03f0 69745F73 		.ascii	"it_size\000"
 1664      697A6500 
 1665              	.LASF73:
 1666 03f8 6D657373 		.ascii	"messagebox_receive\000"
 1666      61676562 
 1666      6F785F72 
 1666      65636569 
 1666      766500
 1667              	.LASF21:
 1668 040b 52435F45 		.ascii	"RC_ERROR_BUFFER_FULL\000"
 1668      52524F52 
 1668      5F425546 
 1668      4645525F 
 1668      46554C4C 
 1669              	.LASF42:
 1670 0420 696E7433 		.ascii	"int32_t\000"
 1670      325F7400 
 1671              	.LASF61:
 1672 0428 6D657373 		.ascii	"messagebox_t\000"
 1672      61676562 
 1672      6F785F74 
 1672      00
 1673              	.LASF54:
 1674 0435 6D657373 		.ascii	"message_t\000"
 1674      6167655F 
 1674      7400
 1675              	.LASF33:
 1676 043f 52435F45 		.ascii	"RC_ERROR_BAD_PARAM\000"
 1676      52524F52 
 1676      5F424144 
 1676      5F504152 
 1676      414D00
 1677              	.LASF68:
 1678 0452 64617461 		.ascii	"data\000"
 1678      00
 1679              	.LASF77:
 1680 0457 45455F41 		.ascii	"EE_ApplicationMode\000"
 1680      70706C69 
 1680      63617469 
 1680      6F6E4D6F 
 1680      646500
 1681              	.LASF60:
 1682 046a 6D657373 		.ascii	"message\000"
 1682      61676500 
 1683              	.LASF9:
 1684 0472 646F7562 		.ascii	"double\000"
 1684      6C6500
 1685              	.LASF69:
 1686 0479 704D616C 		.ascii	"pMalloc\000"
 1686      6C6F6300 
 1687              	.LASF26:
ARM GAS  C:\Users\DABBIR~1\AppData\Local\Temp\ccmSTfDi.s 			page 36


 1688 0481 52435F45 		.ascii	"RC_ERROR_CHECKSUM\000"
 1688      52524F52 
 1688      5F434845 
 1688      434B5355 
 1688      4D00
 1689              	.LASF46:
 1690 0493 45455F55 		.ascii	"EE_UREG\000"
 1690      52454700 
 1691              	.LASF63:
 1692 049b 73697A65 		.ascii	"size\000"
 1692      00
 1693              	.LASF18:
 1694 04a0 52435F45 		.ascii	"RC_ERROR_RANGE\000"
 1694      52524F52 
 1694      5F52414E 
 1694      474500
 1695              	.LASF70:
 1696 04af 63617374 		.ascii	"castedPointer\000"
 1696      6564506F 
 1696      696E7465 
 1696      7200
 1697              	.LASF40:
 1698 04bd 5F5F696E 		.ascii	"__int32_t\000"
 1698      7433325F 
 1698      7400
 1699              	.LASF56:
 1700 04c7 6D5F7461 		.ascii	"m_task\000"
 1700      736B00
 1701              	.LASF67:
 1702 04ce 6D657373 		.ascii	"messagebox_send\000"
 1702      61676562 
 1702      6F785F73 
 1702      656E6400 
 1703              	.LASF35:
 1704 04de 52435F45 		.ascii	"RC_ERROR_CANCELED\000"
 1704      52524F52 
 1704      5F43414E 
 1704      43454C45 
 1704      4400
 1705              	.LASF74:
 1706 04f0 6C6F6361 		.ascii	"local_message\000"
 1706      6C5F6D65 
 1706      73736167 
 1706      6500
 1707              	.LASF82:
 1708 04fe 45455F6F 		.ascii	"EE_oo_SetEvent\000"
 1708      6F5F5365 
 1708      74457665 
 1708      6E7400
 1709              	.LASF80:
 1710 050d 49544D5F 		.ascii	"ITM_RxBuffer\000"
 1710      52784275 
 1710      66666572 
 1710      00
 1711              	.LASF14:
 1712 051a 52435F45 		.ascii	"RC_ERROR\000"
 1712      52524F52 
ARM GAS  C:\Users\DABBIR~1\AppData\Local\Temp\ccmSTfDi.s 			page 37


 1712      00
 1713              	.LASF17:
 1714 0523 52435F45 		.ascii	"RC_ERROR_MEMORY\000"
 1714      52524F52 
 1714      5F4D454D 
 1714      4F525900 
 1715              	.LASF75:
 1716 0533 45455F6F 		.ascii	"EE_oo_IRQ_disable_count\000"
 1716      6F5F4952 
 1716      515F6469 
 1716      7361626C 
 1716      655F636F 
 1717              	.LASF62:
 1718 054b 6D657373 		.ascii	"messagebox\000"
 1718      61676562 
 1718      6F7800
 1719              	.LASF66:
 1720 0556 6D657373 		.ascii	"messagebox_init\000"
 1720      61676562 
 1720      6F785F69 
 1720      6E697400 
 1721              	.LASF65:
 1722 0566 7461736B 		.ascii	"taskType\000"
 1722      54797065 
 1722      00
 1723              	.LASF39:
 1724 056f 52435F74 		.ascii	"RC_t\000"
 1724      00
 1725              	.LASF24:
 1726 0574 52435F45 		.ascii	"RC_ERROR_TIME_OUT\000"
 1726      52524F52 
 1726      5F54494D 
 1726      455F4F55 
 1726      5400
 1727              		.ident	"GCC: (GNU Tools for ARM Embedded Processors) 5.4.1 20160609 (release) [ARM/embedded-5-bran
