ARM GAS  C:\Users\DABBIR~1\AppData\Local\Temp\ccGbIery.s 			page 1


   1              		.syntax unified
   2              		.cpu cortex-m3
   3              		.fpu softvfp
   4              		.eabi_attribute 20, 1
   5              		.eabi_attribute 21, 1
   6              		.eabi_attribute 23, 3
   7              		.eabi_attribute 24, 1
   8              		.eabi_attribute 25, 1
   9              		.eabi_attribute 26, 1
  10              		.eabi_attribute 30, 1
  11              		.eabi_attribute 34, 1
  12              		.eabi_attribute 18, 4
  13              		.thumb
  14              		.syntax unified
  15              		.file	"parser.c"
  16              		.text
  17              	.Ltext0:
  18              		.cfi_sections	.debug_frame
  19              		.section	.text.PARSER_init,"ax",%progbits
  20              		.align	2
  21              		.global	PARSER_init
  22              		.thumb
  23              		.thumb_func
  24              		.type	PARSER_init, %function
  25              	PARSER_init:
  26              	.LFB0:
  27              		.file 1 "parser.c"
   1:parser.c      **** /* ========================================
   2:parser.c      ****  *
   3:parser.c      ****  * Copyright YOUR COMPANY, THE YEAR
   4:parser.c      ****  * All Rights Reserved
   5:parser.c      ****  * UNPUBLISHED, LICENSED SOFTWARE.
   6:parser.c      ****  *
   7:parser.c      ****  * CONFIDENTIAL AND PROPRIETARY INFORMATION
   8:parser.c      ****  * WHICH IS THE PROPERTY OF your company.
   9:parser.c      ****  *
  10:parser.c      ****  * ========================================
  11:parser.c      **** */
  12:parser.c      **** 
  13:parser.c      **** #define JSMN_HEADER
  14:parser.c      **** #include "jsmn.h"
  15:parser.c      **** #include "parser.h"
  16:parser.c      **** #include "UART_LOG.h"
  17:parser.c      **** 
  18:parser.c      **** /**
  19:parser.c      ****  * Create a parser object
  20:parser.c      ****  * \param Parser_t *const me - [OUT] Parser object pointer
  21:parser.c      ****  * \return RC_SUCCESS
  22:parser.c      ****  */
  23:parser.c      **** RC_t PARSER_init(Parser_t *const me){
  28              		.loc 1 23 0
  29              		.cfi_startproc
  30              		@ args = 0, pretend = 0, frame = 0
  31              		@ frame_needed = 0, uses_anonymous_args = 0
  32              	.LVL0:
  33 0000 10B5     		push	{r4, lr}
  34              		.cfi_def_cfa_offset 8
ARM GAS  C:\Users\DABBIR~1\AppData\Local\Temp\ccGbIery.s 			page 2


  35              		.cfi_offset 4, -8
  36              		.cfi_offset 14, -4
  37 0002 0446     		mov	r4, r0
  24:parser.c      ****     // init parser
  25:parser.c      ****     jsmn_init(&me->parser);
  38              		.loc 1 25 0
  39 0004 FFF7FEFF 		bl	jsmn_init
  40              	.LVL1:
  26:parser.c      ****     me->nextFreePos = 0; 
  41              		.loc 1 26 0
  42 0008 0020     		movs	r0, #0
  43 000a A4F8D408 		strh	r0, [r4, #2260]	@ movhi
  27:parser.c      ****     me->nextToken = 0; 
  44              		.loc 1 27 0
  45 000e A4F8D608 		strh	r0, [r4, #2262]	@ movhi
  28:parser.c      ****     
  29:parser.c      ****     return RC_SUCCESS;
  30:parser.c      **** }
  46              		.loc 1 30 0
  47 0012 10BD     		pop	{r4, pc}
  48              		.cfi_endproc
  49              	.LFE0:
  50              		.size	PARSER_init, .-PARSER_init
  51              		.section	.text.PARSER_clear,"ax",%progbits
  52              		.align	2
  53              		.global	PARSER_clear
  54              		.thumb
  55              		.thumb_func
  56              		.type	PARSER_clear, %function
  57              	PARSER_clear:
  58              	.LFB1:
  31:parser.c      **** 
  32:parser.c      **** /**
  33:parser.c      ****  * Clear a parser object
  34:parser.c      ****  * \param Parser_t *const me - [OUT] Parser object pointer
  35:parser.c      ****  * \return RC_SUCCESS
  36:parser.c      ****  */
  37:parser.c      **** RC_t PARSER_clear(Parser_t *const me){
  59              		.loc 1 37 0
  60              		.cfi_startproc
  61              		@ args = 0, pretend = 0, frame = 0
  62              		@ frame_needed = 0, uses_anonymous_args = 0
  63              		@ link register save eliminated.
  64              	.LVL2:
  38:parser.c      ****     // Clear parser by setting the attributes to zero
  39:parser.c      ****     me->parser.pos = 0;
  65              		.loc 1 39 0
  66 0000 0023     		movs	r3, #0
  67 0002 0360     		str	r3, [r0]
  40:parser.c      ****     me->parser.toknext = 0;
  68              		.loc 1 40 0
  69 0004 4360     		str	r3, [r0, #4]
  41:parser.c      ****     me->parser.toksuper = -1;
  70              		.loc 1 41 0
  71 0006 4FF0FF32 		mov	r2, #-1
  72 000a 8260     		str	r2, [r0, #8]
  42:parser.c      ****     me->nextFreePos = 0; 
ARM GAS  C:\Users\DABBIR~1\AppData\Local\Temp\ccGbIery.s 			page 3


  73              		.loc 1 42 0
  74 000c A0F8D438 		strh	r3, [r0, #2260]	@ movhi
  43:parser.c      ****     me->nextToken = 0;
  75              		.loc 1 43 0
  76 0010 A0F8D638 		strh	r3, [r0, #2262]	@ movhi
  44:parser.c      ****     
  45:parser.c      ****     return RC_SUCCESS; 
  46:parser.c      **** }
  77              		.loc 1 46 0
  78 0014 1846     		mov	r0, r3
  79              	.LVL3:
  80 0016 7047     		bx	lr
  81              		.cfi_endproc
  82              	.LFE1:
  83              		.size	PARSER_clear, .-PARSER_clear
  84              		.section	.text.PARSER_addChar,"ax",%progbits
  85              		.align	2
  86              		.global	PARSER_addChar
  87              		.thumb
  88              		.thumb_func
  89              		.type	PARSER_addChar, %function
  90              	PARSER_addChar:
  91              	.LFB2:
  47:parser.c      **** 
  48:parser.c      **** /**
  49:parser.c      ****  * Add a char to the buffer
  50:parser.c      ****  * \param Parser_t *const me - [IN/OUT] Parser bject pointer
  51:parser.c      ****  * \param char data - [IN] next char of the json string
  52:parser.c      ****  * \return RC_SUCCESS
  53:parser.c      ****  */
  54:parser.c      **** RC_t PARSER_addChar(Parser_t *const me, char data){
  92              		.loc 1 54 0
  93              		.cfi_startproc
  94              		@ args = 0, pretend = 0, frame = 0
  95              		@ frame_needed = 0, uses_anonymous_args = 0
  96              		@ link register save eliminated.
  97              	.LVL4:
  55:parser.c      ****     // Error handling tbd
  56:parser.c      ****     
  57:parser.c      ****     // Add character to content
  58:parser.c      ****     me->content[me->nextFreePos] = data;
  98              		.loc 1 58 0
  99 0000 B0F8D438 		ldrh	r3, [r0, #2260]
 100 0004 C218     		adds	r2, r0, r3
 101 0006 1173     		strb	r1, [r2, #12]
  59:parser.c      ****     me->nextFreePos++; 
 102              		.loc 1 59 0
 103 0008 0133     		adds	r3, r3, #1
 104 000a A0F8D438 		strh	r3, [r0, #2260]	@ movhi
  60:parser.c      ****     return RC_SUCCESS; 
  61:parser.c      **** }
 105              		.loc 1 61 0
 106 000e 0020     		movs	r0, #0
 107              	.LVL5:
 108 0010 7047     		bx	lr
 109              		.cfi_endproc
 110              	.LFE2:
ARM GAS  C:\Users\DABBIR~1\AppData\Local\Temp\ccGbIery.s 			page 4


 111              		.size	PARSER_addChar, .-PARSER_addChar
 112 0012 00BF     		.section	.text.PARSER_addEndl,"ax",%progbits
 113              		.align	2
 114              		.global	PARSER_addEndl
 115              		.thumb
 116              		.thumb_func
 117              		.type	PARSER_addEndl, %function
 118              	PARSER_addEndl:
 119              	.LFB3:
  62:parser.c      **** 
  63:parser.c      **** /**
  64:parser.c      ****  * Add an endl to the buffer
  65:parser.c      ****  * \param Parser_t *const me - [IN/OUT] Parser bject pointer
  66:parser.c      ****  * \return RC_SUCCESS
  67:parser.c      ****  */
  68:parser.c      **** RC_t PARSER_addEndl(Parser_t *const me){
 120              		.loc 1 68 0
 121              		.cfi_startproc
 122              		@ args = 0, pretend = 0, frame = 0
 123              		@ frame_needed = 0, uses_anonymous_args = 0
 124              		@ link register save eliminated.
 125              	.LVL6:
  69:parser.c      ****     // Add endline
  70:parser.c      ****     me->content[me->nextFreePos] = 0x0A;
 126              		.loc 1 70 0
 127 0000 B0F8D438 		ldrh	r3, [r0, #2260]
 128 0004 C218     		adds	r2, r0, r3
 129 0006 0A21     		movs	r1, #10
 130 0008 1173     		strb	r1, [r2, #12]
  71:parser.c      ****     me->nextFreePos++; 
 131              		.loc 1 71 0
 132 000a 0133     		adds	r3, r3, #1
 133 000c A0F8D438 		strh	r3, [r0, #2260]	@ movhi
  72:parser.c      ****     return RC_SUCCESS; 
  73:parser.c      **** }
 134              		.loc 1 73 0
 135 0010 0020     		movs	r0, #0
 136              	.LVL7:
 137 0012 7047     		bx	lr
 138              		.cfi_endproc
 139              	.LFE3:
 140              		.size	PARSER_addEndl, .-PARSER_addEndl
 141              		.section	.text.PARSER_parse,"ax",%progbits
 142              		.align	2
 143              		.global	PARSER_parse
 144              		.thumb
 145              		.thumb_func
 146              		.type	PARSER_parse, %function
 147              	PARSER_parse:
 148              	.LFB4:
  74:parser.c      **** 
  75:parser.c      **** /**
  76:parser.c      ****  * Perform the parsing and create the token list
  77:parser.c      ****  * \param Parser_t *const me - [IN/OUT] Parser bject pointer
  78:parser.c      ****  * \param char data - [IN] next char of the json string
  79:parser.c      ****  * \return RC_SUCCESS
  80:parser.c      ****  */
ARM GAS  C:\Users\DABBIR~1\AppData\Local\Temp\ccGbIery.s 			page 5


  81:parser.c      **** RC_t PARSER_parse(Parser_t *const me){
 149              		.loc 1 81 0
 150              		.cfi_startproc
 151              		@ args = 0, pretend = 0, frame = 0
 152              		@ frame_needed = 0, uses_anonymous_args = 0
 153              	.LVL8:
 154 0000 00B5     		push	{lr}
 155              		.cfi_def_cfa_offset 4
 156              		.cfi_offset 14, -4
 157 0002 83B0     		sub	sp, sp, #12
 158              		.cfi_def_cfa_offset 16
 159 0004 0146     		mov	r1, r0
  82:parser.c      ****     // parse
  83:parser.c      ****     jsmn_parse(&me->parser, me->content, me->nextFreePos, me->token, PARSERMAXTOKEN); 
 160              		.loc 1 83 0
 161 0006 B0F8D428 		ldrh	r2, [r0, #2260]
 162 000a 8023     		movs	r3, #128
 163 000c 0093     		str	r3, [sp]
 164 000e 00F1D403 		add	r3, r0, #212
 165 0012 0C31     		adds	r1, r1, #12
 166 0014 FFF7FEFF 		bl	jsmn_parse
 167              	.LVL9:
  84:parser.c      ****     return RC_SUCCESS; 
  85:parser.c      **** }
 168              		.loc 1 85 0
 169 0018 0020     		movs	r0, #0
 170 001a 03B0     		add	sp, sp, #12
 171              		.cfi_def_cfa_offset 4
 172              		@ sp needed
 173 001c 5DF804FB 		ldr	pc, [sp], #4
 174              		.cfi_endproc
 175              	.LFE4:
 176              		.size	PARSER_parse, .-PARSER_parse
 177              		.section	.text.PARSER_getNextToken,"ax",%progbits
 178              		.align	2
 179              		.global	PARSER_getNextToken
 180              		.thumb
 181              		.thumb_func
 182              		.type	PARSER_getNextToken, %function
 183              	PARSER_getNextToken:
 184              	.LFB5:
  86:parser.c      **** 
  87:parser.c      **** /**
  88:parser.c      ****  * Get the next token of the list
  89:parser.c      ****  * \param Parser_t *const me - [IN/OUT] Parser bject pointer
  90:parser.c      ****  * \param jsmntok_t const* token - [OUT] Next token of the list
  91:parser.c      ****  * \return RC_SUCCESS
  92:parser.c      ****  */
  93:parser.c      **** RC_t PARSER_getNextToken(Parser_t *const me, jsmntok_t *const token){
 185              		.loc 1 93 0
 186              		.cfi_startproc
 187              		@ args = 0, pretend = 0, frame = 0
 188              		@ frame_needed = 0, uses_anonymous_args = 0
 189              		@ link register save eliminated.
 190              	.LVL10:
  94:parser.c      ****     // Error handling tbd
  95:parser.c      ****     if(me->nextToken >= me->parser.toknext){
ARM GAS  C:\Users\DABBIR~1\AppData\Local\Temp\ccGbIery.s 			page 6


 191              		.loc 1 95 0
 192 0000 B0F8D638 		ldrh	r3, [r0, #2262]
 193 0004 4268     		ldr	r2, [r0, #4]
 194 0006 9342     		cmp	r3, r2
 195 0008 10D2     		bcs	.L10
  93:parser.c      ****     // Error handling tbd
 196              		.loc 1 93 0
 197 000a 30B4     		push	{r4, r5}
 198              		.cfi_def_cfa_offset 8
 199              		.cfi_offset 4, -8
 200              		.cfi_offset 5, -4
 201 000c 0446     		mov	r4, r0
 202 000e 0D46     		mov	r5, r1
  96:parser.c      ****         return RC_ERROR; 
  97:parser.c      ****     } 
  98:parser.c      ****     
  99:parser.c      ****     // get the next token 
 100:parser.c      ****     *token= me->token[me->nextToken];
 203              		.loc 1 100 0
 204 0010 0D33     		adds	r3, r3, #13
 205 0012 00EB0313 		add	r3, r0, r3, lsl #4
 206 0016 0433     		adds	r3, r3, #4
 207 0018 0FCB     		ldmia	r3, {r0, r1, r2, r3}
 208              	.LVL11:
 209 001a 85E80F00 		stmia	r5, {r0, r1, r2, r3}
 101:parser.c      ****     me->nextToken++; 
 210              		.loc 1 101 0
 211 001e B4F8D638 		ldrh	r3, [r4, #2262]
 212 0022 0133     		adds	r3, r3, #1
 213 0024 A4F8D638 		strh	r3, [r4, #2262]	@ movhi
 102:parser.c      ****     
 103:parser.c      ****     return RC_SUCCESS; 
 214              		.loc 1 103 0
 215 0028 0020     		movs	r0, #0
 216 002a 02E0     		b	.L9
 217              	.LVL12:
 218              	.L10:
 219              		.cfi_def_cfa_offset 0
 220              		.cfi_restore 4
 221              		.cfi_restore 5
  96:parser.c      ****     } 
 222              		.loc 1 96 0
 223 002c 4FF0FF30 		mov	r0, #-1
 224              	.LVL13:
 225 0030 7047     		bx	lr
 226              	.LVL14:
 227              	.L9:
 228              		.cfi_def_cfa_offset 8
 229              		.cfi_offset 4, -8
 230              		.cfi_offset 5, -4
 104:parser.c      **** }
 231              		.loc 1 104 0
 232 0032 30BC     		pop	{r4, r5}
 233              		.cfi_restore 5
 234              		.cfi_restore 4
 235              		.cfi_def_cfa_offset 0
 236              	.LVL15:
ARM GAS  C:\Users\DABBIR~1\AppData\Local\Temp\ccGbIery.s 			page 7


 237 0034 7047     		bx	lr
 238              		.cfi_endproc
 239              	.LFE5:
 240              		.size	PARSER_getNextToken, .-PARSER_getNextToken
 241 0036 00BF     		.section	.text.PARSER_resetNextToken,"ax",%progbits
 242              		.align	2
 243              		.global	PARSER_resetNextToken
 244              		.thumb
 245              		.thumb_func
 246              		.type	PARSER_resetNextToken, %function
 247              	PARSER_resetNextToken:
 248              	.LFB6:
 105:parser.c      **** 
 106:parser.c      **** /**
 107:parser.c      ****  * Reset token iterator
 108:parser.c      ****  * \param Parser_t *const me - [IN/OUT] Parser bject pointer
 109:parser.c      ****  * \return RC_SUCCESS
 110:parser.c      ****  */
 111:parser.c      **** RC_t PARSER_resetNextToken(Parser_t *const me){
 249              		.loc 1 111 0
 250              		.cfi_startproc
 251              		@ args = 0, pretend = 0, frame = 0
 252              		@ frame_needed = 0, uses_anonymous_args = 0
 253              		@ link register save eliminated.
 254              	.LVL16:
 112:parser.c      ****     me->nextToken = 0; 
 255              		.loc 1 112 0
 256 0000 0023     		movs	r3, #0
 257 0002 A0F8D638 		strh	r3, [r0, #2262]	@ movhi
 113:parser.c      ****     return RC_SUCCESS; 
 114:parser.c      **** }
 258              		.loc 1 114 0
 259 0006 1846     		mov	r0, r3
 260              	.LVL17:
 261 0008 7047     		bx	lr
 262              		.cfi_endproc
 263              	.LFE6:
 264              		.size	PARSER_resetNextToken, .-PARSER_resetNextToken
 265              		.section	.text.PARSER_dbg_printContent,"ax",%progbits
 266              		.align	2
 267              		.global	PARSER_dbg_printContent
 268              		.thumb
 269              		.thumb_func
 270              		.type	PARSER_dbg_printContent, %function
 271              	PARSER_dbg_printContent:
 272              	.LFB7:
 115:parser.c      **** 
 116:parser.c      **** //--------------------- Some debugging aid
 117:parser.c      **** /**
 118:parser.c      ****  * Print a parser object content
 119:parser.c      ****  * \param Parser_t *const me - [OUT] Parser bject pointer
 120:parser.c      ****  * \return RC_SUCCESS
 121:parser.c      ****  */
 122:parser.c      **** RC_t PARSER_dbg_printContent(Parser_t *const me){
 273              		.loc 1 122 0
 274              		.cfi_startproc
 275              		@ args = 0, pretend = 0, frame = 0
ARM GAS  C:\Users\DABBIR~1\AppData\Local\Temp\ccGbIery.s 			page 8


 276              		@ frame_needed = 0, uses_anonymous_args = 0
 277              	.LVL18:
 278 0000 70B5     		push	{r4, r5, r6, lr}
 279              		.cfi_def_cfa_offset 16
 280              		.cfi_offset 4, -16
 281              		.cfi_offset 5, -12
 282              		.cfi_offset 6, -8
 283              		.cfi_offset 14, -4
 284 0002 0546     		mov	r5, r0
 123:parser.c      ****     UART_LOG_PutString("Data received from UART"); 
 285              		.loc 1 123 0
 286 0004 2248     		ldr	r0, .L27
 287              	.LVL19:
 288 0006 FFF7FEFF 		bl	UART_LOG_PutString
 289              	.LVL20:
 290              	.LBB2:
 124:parser.c      ****         
 125:parser.c      ****     // Print all tokens
 126:parser.c      ****     for(unsigned int i = 0; i<(me->parser.toknext); i++){
 291              		.loc 1 126 0
 292 000a 0026     		movs	r6, #0
 293 000c 38E0     		b	.L15
 294              	.LVL21:
 295              	.L25:
 127:parser.c      ****         switch(me->token[i].type){
 296              		.loc 1 127 0
 297 000e 06F10D03 		add	r3, r6, #13
 298 0012 05EB0313 		add	r3, r5, r3, lsl #4
 299 0016 1B79     		ldrb	r3, [r3, #4]	@ zero_extendqisi2
 300 0018 082B     		cmp	r3, #8
 301 001a 11D8     		bhi	.L16
 302 001c DFE803F0 		tbb	[pc, r3]
 303              	.L18:
 304 0020 05       		.byte	(.L17-.L18)/2
 305 0021 09       		.byte	(.L19-.L18)/2
 306 0022 0D       		.byte	(.L20-.L18)/2
 307 0023 10       		.byte	(.L16-.L18)/2
 308 0024 12       		.byte	(.L21-.L18)/2
 309 0025 10       		.byte	(.L16-.L18)/2
 310 0026 10       		.byte	(.L16-.L18)/2
 311 0027 10       		.byte	(.L16-.L18)/2
 312 0028 16       		.byte	(.L22-.L18)/2
 313 0029 00       		.p2align 1
 314              	.L17:
 128:parser.c      ****             case JSMN_UNDEFINED:
 129:parser.c      ****             UART_LOG_PutString("Parsed token of type JSMN_UNDEFINED: ");
 315              		.loc 1 129 0
 316 002a 1A48     		ldr	r0, .L27+4
 317 002c FFF7FEFF 		bl	UART_LOG_PutString
 318              	.LVL22:
 130:parser.c      ****             break; 
 319              		.loc 1 130 0
 320 0030 06E0     		b	.L16
 321              	.L19:
 131:parser.c      ****             
 132:parser.c      ****             case JSMN_OBJECT:
 133:parser.c      ****             UART_LOG_PutString("Parsed token of type JSMN_OBJECT: ");
ARM GAS  C:\Users\DABBIR~1\AppData\Local\Temp\ccGbIery.s 			page 9


 322              		.loc 1 133 0
 323 0032 1948     		ldr	r0, .L27+8
 324 0034 FFF7FEFF 		bl	UART_LOG_PutString
 325              	.LVL23:
 134:parser.c      ****             break; 
 326              		.loc 1 134 0
 327 0038 02E0     		b	.L16
 328              	.L20:
 135:parser.c      ****             
 136:parser.c      ****             case JSMN_ARRAY:
 137:parser.c      ****             UART_LOG_PutString("Parsed token of type JSMN_ARRAY: ");
 329              		.loc 1 137 0
 330 003a 1848     		ldr	r0, .L27+12
 331 003c FFF7FEFF 		bl	UART_LOG_PutString
 332              	.LVL24:
 333              	.L16:
 334              	.LBE2:
 122:parser.c      ****     UART_LOG_PutString("Data received from UART"); 
 335              		.loc 1 122 0 discriminator 1
 336 0040 0024     		movs	r4, #0
 337 0042 0DE0     		b	.L23
 338              	.L21:
 339              	.LBB4:
 138:parser.c      ****             break; 
 139:parser.c      ****             
 140:parser.c      ****             case JSMN_STRING:
 141:parser.c      ****             UART_LOG_PutString("Parsed token of type JSMN_STRING: ");
 340              		.loc 1 141 0
 341 0044 1648     		ldr	r0, .L27+16
 342 0046 FFF7FEFF 		bl	UART_LOG_PutString
 343              	.LVL25:
 142:parser.c      ****             break; 
 344              		.loc 1 142 0
 345 004a F9E7     		b	.L16
 346              	.L22:
 143:parser.c      ****             
 144:parser.c      ****             case JSMN_PRIMITIVE:
 145:parser.c      ****             UART_LOG_PutString("Parsed token of type JSMN_PRIMITIVE: ");
 347              		.loc 1 145 0
 348 004c 1548     		ldr	r0, .L27+20
 349 004e FFF7FEFF 		bl	UART_LOG_PutString
 350              	.LVL26:
 146:parser.c      ****             break; 
 351              		.loc 1 146 0
 352 0052 F5E7     		b	.L16
 353              	.LVL27:
 354              	.L24:
 355              	.LBB3:
 147:parser.c      ****             
 148:parser.c      ****             default:
 149:parser.c      ****             break; 
 150:parser.c      ****         }
 151:parser.c      ****         for(int j = 0; j < (me->token[i].end - me->token[i].start); j++){
 152:parser.c      ****             UART_LOG_PutChar(me->content[me->token[i].start + j]); 
 356              		.loc 1 152 0 discriminator 3
 357 0054 2344     		add	r3, r3, r4
 358 0056 2B44     		add	r3, r3, r5
ARM GAS  C:\Users\DABBIR~1\AppData\Local\Temp\ccGbIery.s 			page 10


 359 0058 187B     		ldrb	r0, [r3, #12]	@ zero_extendqisi2
 360 005a FFF7FEFF 		bl	UART_LOG_PutChar
 361              	.LVL28:
 151:parser.c      ****             UART_LOG_PutChar(me->content[me->token[i].start + j]); 
 362              		.loc 1 151 0 discriminator 3
 363 005e 0134     		adds	r4, r4, #1
 364              	.LVL29:
 365              	.L23:
 151:parser.c      ****             UART_LOG_PutChar(me->content[me->token[i].start + j]); 
 366              		.loc 1 151 0 is_stmt 0 discriminator 1
 367 0060 05EB0613 		add	r3, r5, r6, lsl #4
 368 0064 D3F8DC20 		ldr	r2, [r3, #220]
 369 0068 06F10D03 		add	r3, r6, #13
 370 006c 05EB0313 		add	r3, r5, r3, lsl #4
 371 0070 9B68     		ldr	r3, [r3, #8]
 372 0072 D21A     		subs	r2, r2, r3
 373 0074 9442     		cmp	r4, r2
 374 0076 EDDB     		blt	.L24
 375              	.LBE3:
 153:parser.c      ****         }
 154:parser.c      ****         UART_LOG_PutString("\r\n");
 376              		.loc 1 154 0 is_stmt 1 discriminator 2
 377 0078 0B48     		ldr	r0, .L27+24
 378 007a FFF7FEFF 		bl	UART_LOG_PutString
 379              	.LVL30:
 126:parser.c      ****         switch(me->token[i].type){
 380              		.loc 1 126 0 discriminator 2
 381 007e 0136     		adds	r6, r6, #1
 382              	.LVL31:
 383              	.L15:
 126:parser.c      ****         switch(me->token[i].type){
 384              		.loc 1 126 0 is_stmt 0 discriminator 1
 385 0080 6B68     		ldr	r3, [r5, #4]
 386 0082 9E42     		cmp	r6, r3
 387 0084 C3D3     		bcc	.L25
 388              	.LBE4:
 155:parser.c      ****     }
 156:parser.c      ****     UART_LOG_PutString("Parsed the JSON data successfully\n"); 
 389              		.loc 1 156 0 is_stmt 1
 390 0086 0948     		ldr	r0, .L27+28
 391 0088 FFF7FEFF 		bl	UART_LOG_PutString
 392              	.LVL32:
 157:parser.c      ****     
 158:parser.c      **** }
 393              		.loc 1 158 0
 394 008c 70BD     		pop	{r4, r5, r6, pc}
 395              	.LVL33:
 396              	.L28:
 397 008e 00BF     		.align	2
 398              	.L27:
 399 0090 00000000 		.word	.LC0
 400 0094 18000000 		.word	.LC1
 401 0098 40000000 		.word	.LC2
 402 009c 64000000 		.word	.LC3
 403 00a0 88000000 		.word	.LC4
 404 00a4 AC000000 		.word	.LC5
 405 00a8 D4000000 		.word	.LC6
ARM GAS  C:\Users\DABBIR~1\AppData\Local\Temp\ccGbIery.s 			page 11


 406 00ac D8000000 		.word	.LC7
 407              		.cfi_endproc
 408              	.LFE7:
 409              		.size	PARSER_dbg_printContent, .-PARSER_dbg_printContent
 410              		.section	.rodata.str1.4,"aMS",%progbits,1
 411              		.align	2
 412              	.LC0:
 413 0000 44617461 		.ascii	"Data received from UART\000"
 413      20726563 
 413      65697665 
 413      64206672 
 413      6F6D2055 
 414              	.LC1:
 415 0018 50617273 		.ascii	"Parsed token of type JSMN_UNDEFINED: \000"
 415      65642074 
 415      6F6B656E 
 415      206F6620 
 415      74797065 
 416 003e 0000     		.space	2
 417              	.LC2:
 418 0040 50617273 		.ascii	"Parsed token of type JSMN_OBJECT: \000"
 418      65642074 
 418      6F6B656E 
 418      206F6620 
 418      74797065 
 419 0063 00       		.space	1
 420              	.LC3:
 421 0064 50617273 		.ascii	"Parsed token of type JSMN_ARRAY: \000"
 421      65642074 
 421      6F6B656E 
 421      206F6620 
 421      74797065 
 422 0086 0000     		.space	2
 423              	.LC4:
 424 0088 50617273 		.ascii	"Parsed token of type JSMN_STRING: \000"
 424      65642074 
 424      6F6B656E 
 424      206F6620 
 424      74797065 
 425 00ab 00       		.space	1
 426              	.LC5:
 427 00ac 50617273 		.ascii	"Parsed token of type JSMN_PRIMITIVE: \000"
 427      65642074 
 427      6F6B656E 
 427      206F6620 
 427      74797065 
 428 00d2 0000     		.space	2
 429              	.LC6:
 430 00d4 0D0A00   		.ascii	"\015\012\000"
 431 00d7 00       		.space	1
 432              	.LC7:
 433 00d8 50617273 		.ascii	"Parsed the JSON data successfully\012\000"
 433      65642074 
 433      6865204A 
 433      534F4E20 
 433      64617461 
 434              		.text
ARM GAS  C:\Users\DABBIR~1\AppData\Local\Temp\ccGbIery.s 			page 12


 435              	.Letext0:
 436              		.file 2 ".\\source\\bsw/jsmn.h"
 437              		.file 3 ".\\source\\bsw/global.h"
 438              		.file 4 ".\\source\\bsw/parser.h"
 439              		.file 5 "Generated_Source\\PSoC5/UART_LOG.h"
 440              		.section	.debug_info,"",%progbits
 441              	.Ldebug_info0:
 442 0000 3F050000 		.4byte	0x53f
 443 0004 0400     		.2byte	0x4
 444 0006 00000000 		.4byte	.Ldebug_abbrev0
 445 000a 04       		.byte	0x4
 446 000b 01       		.uleb128 0x1
 447 000c 7D030000 		.4byte	.LASF76
 448 0010 0C       		.byte	0xc
 449 0011 B1020000 		.4byte	.LASF77
 450 0015 67010000 		.4byte	.LASF78
 451 0019 18000000 		.4byte	.Ldebug_ranges0+0x18
 452 001d 00000000 		.4byte	0
 453 0021 00000000 		.4byte	.Ldebug_line0
 454 0025 02       		.uleb128 0x2
 455 0026 04       		.byte	0x4
 456 0027 05       		.byte	0x5
 457 0028 696E7400 		.ascii	"int\000"
 458 002c 03       		.uleb128 0x3
 459 002d 04       		.byte	0x4
 460 002e 07       		.byte	0x7
 461 002f 03030000 		.4byte	.LASF0
 462 0033 03       		.uleb128 0x3
 463 0034 08       		.byte	0x8
 464 0035 05       		.byte	0x5
 465 0036 4E010000 		.4byte	.LASF1
 466 003a 03       		.uleb128 0x3
 467 003b 08       		.byte	0x8
 468 003c 04       		.byte	0x4
 469 003d 7F020000 		.4byte	.LASF2
 470 0041 04       		.uleb128 0x4
 471 0042 01       		.byte	0x1
 472 0043 6C000000 		.4byte	0x6c
 473 0047 02       		.byte	0x2
 474 0048 2E       		.byte	0x2e
 475 0049 6C000000 		.4byte	0x6c
 476 004d 05       		.uleb128 0x5
 477 004e 8F000000 		.4byte	.LASF3
 478 0052 00       		.byte	0
 479 0053 05       		.uleb128 0x5
 480 0054 F1040000 		.4byte	.LASF4
 481 0058 01       		.byte	0x1
 482 0059 05       		.uleb128 0x5
 483 005a 5C010000 		.4byte	.LASF5
 484 005e 02       		.byte	0x2
 485 005f 05       		.uleb128 0x5
 486 0060 0E010000 		.4byte	.LASF6
 487 0064 04       		.byte	0x4
 488 0065 05       		.uleb128 0x5
 489 0066 BA020000 		.4byte	.LASF7
 490 006a 08       		.byte	0x8
 491 006b 00       		.byte	0
ARM GAS  C:\Users\DABBIR~1\AppData\Local\Temp\ccGbIery.s 			page 13


 492 006c 03       		.uleb128 0x3
 493 006d 01       		.byte	0x1
 494 006e 08       		.byte	0x8
 495 006f A3020000 		.4byte	.LASF8
 496 0073 06       		.uleb128 0x6
 497 0074 AF040000 		.4byte	.LASF13
 498 0078 02       		.byte	0x2
 499 0079 34       		.byte	0x34
 500 007a 41000000 		.4byte	0x41
 501 007e 03       		.uleb128 0x3
 502 007f 01       		.byte	0x1
 503 0080 06       		.byte	0x6
 504 0081 32010000 		.4byte	.LASF9
 505 0085 07       		.uleb128 0x7
 506 0086 7E000000 		.4byte	.LASF15
 507 008a 10       		.byte	0x10
 508 008b 02       		.byte	0x2
 509 008c 45       		.byte	0x45
 510 008d C2000000 		.4byte	0xc2
 511 0091 08       		.uleb128 0x8
 512 0092 F1020000 		.4byte	.LASF10
 513 0096 02       		.byte	0x2
 514 0097 46       		.byte	0x46
 515 0098 73000000 		.4byte	0x73
 516 009c 00       		.byte	0
 517 009d 08       		.uleb128 0x8
 518 009e 5A030000 		.4byte	.LASF11
 519 00a2 02       		.byte	0x2
 520 00a3 47       		.byte	0x47
 521 00a4 25000000 		.4byte	0x25
 522 00a8 04       		.byte	0x4
 523 00a9 09       		.uleb128 0x9
 524 00aa 656E6400 		.ascii	"end\000"
 525 00ae 02       		.byte	0x2
 526 00af 48       		.byte	0x48
 527 00b0 25000000 		.4byte	0x25
 528 00b4 08       		.byte	0x8
 529 00b5 08       		.uleb128 0x8
 530 00b6 9B040000 		.4byte	.LASF12
 531 00ba 02       		.byte	0x2
 532 00bb 49       		.byte	0x49
 533 00bc 25000000 		.4byte	0x25
 534 00c0 0C       		.byte	0xc
 535 00c1 00       		.byte	0
 536 00c2 06       		.uleb128 0x6
 537 00c3 52040000 		.4byte	.LASF14
 538 00c7 02       		.byte	0x2
 539 00c8 4D       		.byte	0x4d
 540 00c9 85000000 		.4byte	0x85
 541 00cd 07       		.uleb128 0x7
 542 00ce 76040000 		.4byte	.LASF16
 543 00d2 0C       		.byte	0xc
 544 00d3 02       		.byte	0x2
 545 00d4 53       		.byte	0x53
 546 00d5 FE000000 		.4byte	0xfe
 547 00d9 09       		.uleb128 0x9
 548 00da 706F7300 		.ascii	"pos\000"
ARM GAS  C:\Users\DABBIR~1\AppData\Local\Temp\ccGbIery.s 			page 14


 549 00de 02       		.byte	0x2
 550 00df 54       		.byte	0x54
 551 00e0 2C000000 		.4byte	0x2c
 552 00e4 00       		.byte	0
 553 00e5 08       		.uleb128 0x8
 554 00e6 C0000000 		.4byte	.LASF17
 555 00ea 02       		.byte	0x2
 556 00eb 55       		.byte	0x55
 557 00ec 2C000000 		.4byte	0x2c
 558 00f0 04       		.byte	0x4
 559 00f1 08       		.uleb128 0x8
 560 00f2 C9020000 		.4byte	.LASF18
 561 00f6 02       		.byte	0x2
 562 00f7 56       		.byte	0x56
 563 00f8 25000000 		.4byte	0x25
 564 00fc 08       		.byte	0x8
 565 00fd 00       		.byte	0
 566 00fe 06       		.uleb128 0x6
 567 00ff 76040000 		.4byte	.LASF16
 568 0103 02       		.byte	0x2
 569 0104 57       		.byte	0x57
 570 0105 CD000000 		.4byte	0xcd
 571 0109 03       		.uleb128 0x3
 572 010a 02       		.byte	0x2
 573 010b 05       		.byte	0x5
 574 010c 63000000 		.4byte	.LASF19
 575 0110 06       		.uleb128 0x6
 576 0111 1E030000 		.4byte	.LASF20
 577 0115 03       		.byte	0x3
 578 0116 93       		.byte	0x93
 579 0117 1B010000 		.4byte	0x11b
 580 011b 03       		.uleb128 0x3
 581 011c 02       		.byte	0x2
 582 011d 07       		.byte	0x7
 583 011e 60030000 		.4byte	.LASF21
 584 0122 03       		.uleb128 0x3
 585 0123 04       		.byte	0x4
 586 0124 05       		.byte	0x5
 587 0125 0C020000 		.4byte	.LASF22
 588 0129 03       		.uleb128 0x3
 589 012a 04       		.byte	0x4
 590 012b 07       		.byte	0x7
 591 012c 64040000 		.4byte	.LASF23
 592 0130 03       		.uleb128 0x3
 593 0131 04       		.byte	0x4
 594 0132 04       		.byte	0x4
 595 0133 3E010000 		.4byte	.LASF24
 596 0137 03       		.uleb128 0x3
 597 0138 08       		.byte	0x8
 598 0139 04       		.byte	0x4
 599 013a 82040000 		.4byte	.LASF25
 600 013e 03       		.uleb128 0x3
 601 013f 08       		.byte	0x8
 602 0140 07       		.byte	0x7
 603 0141 DA020000 		.4byte	.LASF26
 604 0145 03       		.uleb128 0x3
 605 0146 01       		.byte	0x1
ARM GAS  C:\Users\DABBIR~1\AppData\Local\Temp\ccGbIery.s 			page 15


 606 0147 08       		.byte	0x8
 607 0148 0B040000 		.4byte	.LASF27
 608 014c 04       		.uleb128 0x4
 609 014d 01       		.byte	0x1
 610 014e 7E000000 		.4byte	0x7e
 611 0152 03       		.byte	0x3
 612 0153 CF       		.byte	0xcf
 613 0154 F5010000 		.4byte	0x1f5
 614 0158 05       		.uleb128 0x5
 615 0159 2E000000 		.4byte	.LASF28
 616 015d 00       		.byte	0
 617 015e 0A       		.uleb128 0xa
 618 015f D8040000 		.4byte	.LASF29
 619 0163 7F       		.sleb128 -1
 620 0164 0A       		.uleb128 0xa
 621 0165 27030000 		.4byte	.LASF30
 622 0169 7E       		.sleb128 -2
 623 016a 0A       		.uleb128 0xa
 624 016b 9E000000 		.4byte	.LASF31
 625 016f 7D       		.sleb128 -3
 626 0170 0A       		.uleb128 0xa
 627 0171 E1040000 		.4byte	.LASF32
 628 0175 7C       		.sleb128 -4
 629 0176 0A       		.uleb128 0xa
 630 0177 A0040000 		.4byte	.LASF33
 631 017b 7B       		.sleb128 -5
 632 017c 0A       		.uleb128 0xa
 633 017d 6D000000 		.4byte	.LASF34
 634 0181 7A       		.sleb128 -6
 635 0182 0A       		.uleb128 0xa
 636 0183 15020000 		.4byte	.LASF35
 637 0187 79       		.sleb128 -7
 638 0188 0A       		.uleb128 0xa
 639 0189 06000000 		.4byte	.LASF36
 640 018d 78       		.sleb128 -8
 641 018e 0A       		.uleb128 0xa
 642 018f 35030000 		.4byte	.LASF37
 643 0193 77       		.sleb128 -9
 644 0194 0A       		.uleb128 0xa
 645 0195 27020000 		.4byte	.LASF38
 646 0199 76       		.sleb128 -10
 647 019a 0A       		.uleb128 0xa
 648 019b 13050000 		.4byte	.LASF39
 649 019f 75       		.sleb128 -11
 650 01a0 0A       		.uleb128 0xa
 651 01a1 10030000 		.4byte	.LASF40
 652 01a5 74       		.sleb128 -12
 653 01a6 0A       		.uleb128 0xa
 654 01a7 89040000 		.4byte	.LASF41
 655 01ab 73       		.sleb128 -13
 656 01ac 0A       		.uleb128 0xa
 657 01ad 1B000000 		.4byte	.LASF42
 658 01b1 72       		.sleb128 -14
 659 01b2 0A       		.uleb128 0xa
 660 01b3 4F000000 		.4byte	.LASF43
 661 01b7 71       		.sleb128 -15
 662 01b8 0A       		.uleb128 0xa
ARM GAS  C:\Users\DABBIR~1\AppData\Local\Temp\ccGbIery.s 			page 16


 663 01b9 49020000 		.4byte	.LASF44
 664 01bd 70       		.sleb128 -16
 665 01be 0A       		.uleb128 0xa
 666 01bf AC000000 		.4byte	.LASF45
 667 01c3 6F       		.sleb128 -17
 668 01c4 0A       		.uleb128 0xa
 669 01c5 19040000 		.4byte	.LASF46
 670 01c9 6E       		.sleb128 -18
 671 01ca 0A       		.uleb128 0xa
 672 01cb E8010000 		.4byte	.LASF47
 673 01cf 6D       		.sleb128 -19
 674 01d0 0A       		.uleb128 0xa
 675 01d1 3A040000 		.4byte	.LASF48
 676 01d5 6C       		.sleb128 -20
 677 01d6 0A       		.uleb128 0xa
 678 01d7 5A020000 		.4byte	.LASF49
 679 01db 6B       		.sleb128 -21
 680 01dc 0A       		.uleb128 0xa
 681 01dd BA040000 		.4byte	.LASF50
 682 01e1 6A       		.sleb128 -22
 683 01e2 0A       		.uleb128 0xa
 684 01e3 F7000000 		.4byte	.LASF51
 685 01e7 69       		.sleb128 -23
 686 01e8 0A       		.uleb128 0xa
 687 01e9 FB010000 		.4byte	.LASF52
 688 01ed 68       		.sleb128 -24
 689 01ee 0A       		.uleb128 0xa
 690 01ef C8000000 		.4byte	.LASF53
 691 01f3 67       		.sleb128 -25
 692 01f4 00       		.byte	0
 693 01f5 06       		.uleb128 0x6
 694 01f6 0E050000 		.4byte	.LASF54
 695 01fa 03       		.byte	0x3
 696 01fb EA       		.byte	0xea
 697 01fc 4C010000 		.4byte	0x14c
 698 0200 0B       		.uleb128 0xb
 699 0201 D2020000 		.4byte	.LASF55
 700 0205 D808     		.2byte	0x8d8
 701 0207 04       		.byte	0x4
 702 0208 61       		.byte	0x61
 703 0209 4C020000 		.4byte	0x24c
 704 020d 08       		.uleb128 0x8
 705 020e F0000000 		.4byte	.LASF56
 706 0212 04       		.byte	0x4
 707 0213 62       		.byte	0x62
 708 0214 FE000000 		.4byte	0xfe
 709 0218 00       		.byte	0
 710 0219 08       		.uleb128 0x8
 711 021a 5C040000 		.4byte	.LASF57
 712 021e 04       		.byte	0x4
 713 021f 63       		.byte	0x63
 714 0220 4C020000 		.4byte	0x24c
 715 0224 0C       		.byte	0xc
 716 0225 08       		.uleb128 0x8
 717 0226 00000000 		.4byte	.LASF58
 718 022a 04       		.byte	0x4
 719 022b 64       		.byte	0x64
ARM GAS  C:\Users\DABBIR~1\AppData\Local\Temp\ccGbIery.s 			page 17


 720 022c 63020000 		.4byte	0x263
 721 0230 D4       		.byte	0xd4
 722 0231 0C       		.uleb128 0xc
 723 0232 CC040000 		.4byte	.LASF59
 724 0236 04       		.byte	0x4
 725 0237 65       		.byte	0x65
 726 0238 10010000 		.4byte	0x110
 727 023c D408     		.2byte	0x8d4
 728 023e 0C       		.uleb128 0xc
 729 023f 44010000 		.4byte	.LASF60
 730 0243 04       		.byte	0x4
 731 0244 66       		.byte	0x66
 732 0245 10010000 		.4byte	0x110
 733 0249 D608     		.2byte	0x8d6
 734 024b 00       		.byte	0
 735 024c 0D       		.uleb128 0xd
 736 024d 45010000 		.4byte	0x145
 737 0251 5C020000 		.4byte	0x25c
 738 0255 0E       		.uleb128 0xe
 739 0256 5C020000 		.4byte	0x25c
 740 025a C7       		.byte	0xc7
 741 025b 00       		.byte	0
 742 025c 03       		.uleb128 0x3
 743 025d 04       		.byte	0x4
 744 025e 07       		.byte	0x7
 745 025f 86000000 		.4byte	.LASF61
 746 0263 0D       		.uleb128 0xd
 747 0264 C2000000 		.4byte	0xc2
 748 0268 73020000 		.4byte	0x273
 749 026c 0E       		.uleb128 0xe
 750 026d 5C020000 		.4byte	0x25c
 751 0271 7F       		.byte	0x7f
 752 0272 00       		.byte	0
 753 0273 06       		.uleb128 0x6
 754 0274 10040000 		.4byte	.LASF62
 755 0278 04       		.byte	0x4
 756 0279 68       		.byte	0x68
 757 027a 00020000 		.4byte	0x200
 758 027e 0F       		.uleb128 0xf
 759 027f 2E040000 		.4byte	.LASF63
 760 0283 01       		.byte	0x1
 761 0284 17       		.byte	0x17
 762 0285 F5010000 		.4byte	0x1f5
 763 0289 00000000 		.4byte	.LFB0
 764 028d 14000000 		.4byte	.LFE0-.LFB0
 765 0291 01       		.uleb128 0x1
 766 0292 9C       		.byte	0x9c
 767 0293 B6020000 		.4byte	0x2b6
 768 0297 10       		.uleb128 0x10
 769 0298 6D6500   		.ascii	"me\000"
 770 029b 01       		.byte	0x1
 771 029c 17       		.byte	0x17
 772 029d BC020000 		.4byte	0x2bc
 773 02a1 00000000 		.4byte	.LLST0
 774 02a5 11       		.uleb128 0x11
 775 02a6 08000000 		.4byte	.LVL1
 776 02aa 16050000 		.4byte	0x516
ARM GAS  C:\Users\DABBIR~1\AppData\Local\Temp\ccGbIery.s 			page 18


 777 02ae 12       		.uleb128 0x12
 778 02af 01       		.uleb128 0x1
 779 02b0 50       		.byte	0x50
 780 02b1 02       		.uleb128 0x2
 781 02b2 74       		.byte	0x74
 782 02b3 00       		.sleb128 0
 783 02b4 00       		.byte	0
 784 02b5 00       		.byte	0
 785 02b6 13       		.uleb128 0x13
 786 02b7 04       		.byte	0x4
 787 02b8 73020000 		.4byte	0x273
 788 02bc 14       		.uleb128 0x14
 789 02bd B6020000 		.4byte	0x2b6
 790 02c1 0F       		.uleb128 0xf
 791 02c2 25010000 		.4byte	.LASF64
 792 02c6 01       		.byte	0x1
 793 02c7 25       		.byte	0x25
 794 02c8 F5010000 		.4byte	0x1f5
 795 02cc 00000000 		.4byte	.LFB1
 796 02d0 18000000 		.4byte	.LFE1-.LFB1
 797 02d4 01       		.uleb128 0x1
 798 02d5 9C       		.byte	0x9c
 799 02d6 E9020000 		.4byte	0x2e9
 800 02da 10       		.uleb128 0x10
 801 02db 6D6500   		.ascii	"me\000"
 802 02de 01       		.byte	0x1
 803 02df 25       		.byte	0x25
 804 02e0 BC020000 		.4byte	0x2bc
 805 02e4 1E000000 		.4byte	.LLST1
 806 02e8 00       		.byte	0
 807 02e9 0F       		.uleb128 0xf
 808 02ea 4B030000 		.4byte	.LASF65
 809 02ee 01       		.byte	0x1
 810 02ef 36       		.byte	0x36
 811 02f0 F5010000 		.4byte	0x1f5
 812 02f4 00000000 		.4byte	.LFB2
 813 02f8 12000000 		.4byte	.LFE2-.LFB2
 814 02fc 01       		.uleb128 0x1
 815 02fd 9C       		.byte	0x9c
 816 02fe 1E030000 		.4byte	0x31e
 817 0302 10       		.uleb128 0x10
 818 0303 6D6500   		.ascii	"me\000"
 819 0306 01       		.byte	0x1
 820 0307 36       		.byte	0x36
 821 0308 BC020000 		.4byte	0x2bc
 822 030c 3F000000 		.4byte	.LLST2
 823 0310 15       		.uleb128 0x15
 824 0311 4D040000 		.4byte	.LASF66
 825 0315 01       		.byte	0x1
 826 0316 36       		.byte	0x36
 827 0317 45010000 		.4byte	0x145
 828 031b 01       		.uleb128 0x1
 829 031c 51       		.byte	0x51
 830 031d 00       		.byte	0
 831 031e 0F       		.uleb128 0xf
 832 031f E1000000 		.4byte	.LASF67
 833 0323 01       		.byte	0x1
ARM GAS  C:\Users\DABBIR~1\AppData\Local\Temp\ccGbIery.s 			page 19


 834 0324 44       		.byte	0x44
 835 0325 F5010000 		.4byte	0x1f5
 836 0329 00000000 		.4byte	.LFB3
 837 032d 14000000 		.4byte	.LFE3-.LFB3
 838 0331 01       		.uleb128 0x1
 839 0332 9C       		.byte	0x9c
 840 0333 46030000 		.4byte	0x346
 841 0337 10       		.uleb128 0x10
 842 0338 6D6500   		.ascii	"me\000"
 843 033b 01       		.byte	0x1
 844 033c 44       		.byte	0x44
 845 033d BC020000 		.4byte	0x2bc
 846 0341 60000000 		.4byte	.LLST3
 847 0345 00       		.byte	0
 848 0346 0F       		.uleb128 0xf
 849 0347 F6020000 		.4byte	.LASF68
 850 034b 01       		.byte	0x1
 851 034c 51       		.byte	0x51
 852 034d F5010000 		.4byte	0x1f5
 853 0351 00000000 		.4byte	.LFB4
 854 0355 20000000 		.4byte	.LFE4-.LFB4
 855 0359 01       		.uleb128 0x1
 856 035a 9C       		.byte	0x9c
 857 035b 99030000 		.4byte	0x399
 858 035f 10       		.uleb128 0x10
 859 0360 6D6500   		.ascii	"me\000"
 860 0363 01       		.byte	0x1
 861 0364 51       		.byte	0x51
 862 0365 BC020000 		.4byte	0x2bc
 863 0369 81000000 		.4byte	.LLST4
 864 036d 11       		.uleb128 0x11
 865 036e 18000000 		.4byte	.LVL9
 866 0372 21050000 		.4byte	0x521
 867 0376 12       		.uleb128 0x12
 868 0377 01       		.uleb128 0x1
 869 0378 50       		.byte	0x50
 870 0379 03       		.uleb128 0x3
 871 037a F3       		.byte	0xf3
 872 037b 01       		.uleb128 0x1
 873 037c 50       		.byte	0x50
 874 037d 12       		.uleb128 0x12
 875 037e 01       		.uleb128 0x1
 876 037f 51       		.byte	0x51
 877 0380 05       		.uleb128 0x5
 878 0381 F3       		.byte	0xf3
 879 0382 01       		.uleb128 0x1
 880 0383 50       		.byte	0x50
 881 0384 23       		.byte	0x23
 882 0385 0C       		.uleb128 0xc
 883 0386 12       		.uleb128 0x12
 884 0387 01       		.uleb128 0x1
 885 0388 53       		.byte	0x53
 886 0389 06       		.uleb128 0x6
 887 038a F3       		.byte	0xf3
 888 038b 01       		.uleb128 0x1
 889 038c 50       		.byte	0x50
 890 038d 23       		.byte	0x23
ARM GAS  C:\Users\DABBIR~1\AppData\Local\Temp\ccGbIery.s 			page 20


 891 038e D401     		.uleb128 0xd4
 892 0390 12       		.uleb128 0x12
 893 0391 02       		.uleb128 0x2
 894 0392 7D       		.byte	0x7d
 895 0393 00       		.sleb128 0
 896 0394 02       		.uleb128 0x2
 897 0395 08       		.byte	0x8
 898 0396 80       		.byte	0x80
 899 0397 00       		.byte	0
 900 0398 00       		.byte	0
 901 0399 0F       		.uleb128 0xf
 902 039a 35020000 		.4byte	.LASF69
 903 039e 01       		.byte	0x1
 904 039f 5D       		.byte	0x5d
 905 03a0 F5010000 		.4byte	0x1f5
 906 03a4 00000000 		.4byte	.LFB5
 907 03a8 36000000 		.4byte	.LFE5-.LFB5
 908 03ac 01       		.uleb128 0x1
 909 03ad 9C       		.byte	0x9c
 910 03ae D0030000 		.4byte	0x3d0
 911 03b2 10       		.uleb128 0x10
 912 03b3 6D6500   		.ascii	"me\000"
 913 03b6 01       		.byte	0x1
 914 03b7 5D       		.byte	0x5d
 915 03b8 BC020000 		.4byte	0x2bc
 916 03bc A2000000 		.4byte	.LLST5
 917 03c0 16       		.uleb128 0x16
 918 03c1 00000000 		.4byte	.LASF58
 919 03c5 01       		.byte	0x1
 920 03c6 5D       		.byte	0x5d
 921 03c7 D6030000 		.4byte	0x3d6
 922 03cb F2000000 		.4byte	.LLST6
 923 03cf 00       		.byte	0
 924 03d0 13       		.uleb128 0x13
 925 03d1 04       		.byte	0x4
 926 03d2 C2000000 		.4byte	0xc2
 927 03d6 14       		.uleb128 0x14
 928 03d7 D0030000 		.4byte	0x3d0
 929 03db 0F       		.uleb128 0xf
 930 03dc 39000000 		.4byte	.LASF70
 931 03e0 01       		.byte	0x1
 932 03e1 6F       		.byte	0x6f
 933 03e2 F5010000 		.4byte	0x1f5
 934 03e6 00000000 		.4byte	.LFB6
 935 03ea 0A000000 		.4byte	.LFE6-.LFB6
 936 03ee 01       		.uleb128 0x1
 937 03ef 9C       		.byte	0x9c
 938 03f0 03040000 		.4byte	0x403
 939 03f4 10       		.uleb128 0x10
 940 03f5 6D6500   		.ascii	"me\000"
 941 03f8 01       		.byte	0x1
 942 03f9 6F       		.byte	0x6f
 943 03fa BC020000 		.4byte	0x2bc
 944 03fe 34010000 		.4byte	.LLST7
 945 0402 00       		.byte	0
 946 0403 0F       		.uleb128 0xf
 947 0404 8B020000 		.4byte	.LASF71
ARM GAS  C:\Users\DABBIR~1\AppData\Local\Temp\ccGbIery.s 			page 21


 948 0408 01       		.byte	0x1
 949 0409 7A       		.byte	0x7a
 950 040a F5010000 		.4byte	0x1f5
 951 040e 00000000 		.4byte	.LFB7
 952 0412 B0000000 		.4byte	.LFE7-.LFB7
 953 0416 01       		.uleb128 0x1
 954 0417 9C       		.byte	0x9c
 955 0418 16050000 		.4byte	0x516
 956 041c 10       		.uleb128 0x10
 957 041d 6D6500   		.ascii	"me\000"
 958 0420 01       		.byte	0x1
 959 0421 7A       		.byte	0x7a
 960 0422 BC020000 		.4byte	0x2bc
 961 0426 55010000 		.4byte	.LLST8
 962 042a 17       		.uleb128 0x17
 963 042b 00000000 		.4byte	.Ldebug_ranges0+0
 964 042f EB040000 		.4byte	0x4eb
 965 0433 18       		.uleb128 0x18
 966 0434 6900     		.ascii	"i\000"
 967 0436 01       		.byte	0x1
 968 0437 7E       		.byte	0x7e
 969 0438 2C000000 		.4byte	0x2c
 970 043c 81010000 		.4byte	.LLST9
 971 0440 19       		.uleb128 0x19
 972 0441 54000000 		.4byte	.LBB3
 973 0445 24000000 		.4byte	.LBE3-.LBB3
 974 0449 64040000 		.4byte	0x464
 975 044d 18       		.uleb128 0x18
 976 044e 6A00     		.ascii	"j\000"
 977 0450 01       		.byte	0x1
 978 0451 97       		.byte	0x97
 979 0452 25000000 		.4byte	0x25
 980 0456 A0010000 		.4byte	.LLST10
 981 045a 1A       		.uleb128 0x1a
 982 045b 5E000000 		.4byte	.LVL28
 983 045f 2C050000 		.4byte	0x52c
 984 0463 00       		.byte	0
 985 0464 1B       		.uleb128 0x1b
 986 0465 30000000 		.4byte	.LVL22
 987 0469 37050000 		.4byte	0x537
 988 046d 7B040000 		.4byte	0x47b
 989 0471 12       		.uleb128 0x12
 990 0472 01       		.uleb128 0x1
 991 0473 50       		.byte	0x50
 992 0474 05       		.uleb128 0x5
 993 0475 03       		.byte	0x3
 994 0476 18000000 		.4byte	.LC1
 995 047a 00       		.byte	0
 996 047b 1B       		.uleb128 0x1b
 997 047c 38000000 		.4byte	.LVL23
 998 0480 37050000 		.4byte	0x537
 999 0484 92040000 		.4byte	0x492
 1000 0488 12       		.uleb128 0x12
 1001 0489 01       		.uleb128 0x1
 1002 048a 50       		.byte	0x50
 1003 048b 05       		.uleb128 0x5
 1004 048c 03       		.byte	0x3
ARM GAS  C:\Users\DABBIR~1\AppData\Local\Temp\ccGbIery.s 			page 22


 1005 048d 40000000 		.4byte	.LC2
 1006 0491 00       		.byte	0
 1007 0492 1B       		.uleb128 0x1b
 1008 0493 40000000 		.4byte	.LVL24
 1009 0497 37050000 		.4byte	0x537
 1010 049b A9040000 		.4byte	0x4a9
 1011 049f 12       		.uleb128 0x12
 1012 04a0 01       		.uleb128 0x1
 1013 04a1 50       		.byte	0x50
 1014 04a2 05       		.uleb128 0x5
 1015 04a3 03       		.byte	0x3
 1016 04a4 64000000 		.4byte	.LC3
 1017 04a8 00       		.byte	0
 1018 04a9 1B       		.uleb128 0x1b
 1019 04aa 4A000000 		.4byte	.LVL25
 1020 04ae 37050000 		.4byte	0x537
 1021 04b2 C0040000 		.4byte	0x4c0
 1022 04b6 12       		.uleb128 0x12
 1023 04b7 01       		.uleb128 0x1
 1024 04b8 50       		.byte	0x50
 1025 04b9 05       		.uleb128 0x5
 1026 04ba 03       		.byte	0x3
 1027 04bb 88000000 		.4byte	.LC4
 1028 04bf 00       		.byte	0
 1029 04c0 1B       		.uleb128 0x1b
 1030 04c1 52000000 		.4byte	.LVL26
 1031 04c5 37050000 		.4byte	0x537
 1032 04c9 D7040000 		.4byte	0x4d7
 1033 04cd 12       		.uleb128 0x12
 1034 04ce 01       		.uleb128 0x1
 1035 04cf 50       		.byte	0x50
 1036 04d0 05       		.uleb128 0x5
 1037 04d1 03       		.byte	0x3
 1038 04d2 AC000000 		.4byte	.LC5
 1039 04d6 00       		.byte	0
 1040 04d7 11       		.uleb128 0x11
 1041 04d8 7E000000 		.4byte	.LVL30
 1042 04dc 37050000 		.4byte	0x537
 1043 04e0 12       		.uleb128 0x12
 1044 04e1 01       		.uleb128 0x1
 1045 04e2 50       		.byte	0x50
 1046 04e3 05       		.uleb128 0x5
 1047 04e4 03       		.byte	0x3
 1048 04e5 D4000000 		.4byte	.LC6
 1049 04e9 00       		.byte	0
 1050 04ea 00       		.byte	0
 1051 04eb 1B       		.uleb128 0x1b
 1052 04ec 0A000000 		.4byte	.LVL20
 1053 04f0 37050000 		.4byte	0x537
 1054 04f4 02050000 		.4byte	0x502
 1055 04f8 12       		.uleb128 0x12
 1056 04f9 01       		.uleb128 0x1
 1057 04fa 50       		.byte	0x50
 1058 04fb 05       		.uleb128 0x5
 1059 04fc 03       		.byte	0x3
 1060 04fd 00000000 		.4byte	.LC0
 1061 0501 00       		.byte	0
ARM GAS  C:\Users\DABBIR~1\AppData\Local\Temp\ccGbIery.s 			page 23


 1062 0502 11       		.uleb128 0x11
 1063 0503 8C000000 		.4byte	.LVL32
 1064 0507 37050000 		.4byte	0x537
 1065 050b 12       		.uleb128 0x12
 1066 050c 01       		.uleb128 0x1
 1067 050d 50       		.byte	0x50
 1068 050e 05       		.uleb128 0x5
 1069 050f 03       		.byte	0x3
 1070 0510 D8000000 		.4byte	.LC7
 1071 0514 00       		.byte	0
 1072 0515 00       		.byte	0
 1073 0516 1C       		.uleb128 0x1c
 1074 0517 73030000 		.4byte	.LASF72
 1075 051b 73030000 		.4byte	.LASF72
 1076 051f 02       		.byte	0x2
 1077 0520 5C       		.byte	0x5c
 1078 0521 1C       		.uleb128 0x1c
 1079 0522 1A010000 		.4byte	.LASF73
 1080 0526 1A010000 		.4byte	.LASF73
 1081 052a 02       		.byte	0x2
 1082 052b 63       		.byte	0x63
 1083 052c 1C       		.uleb128 0x1c
 1084 052d FD040000 		.4byte	.LASF74
 1085 0531 FD040000 		.4byte	.LASF74
 1086 0535 05       		.byte	0x5
 1087 0536 8A       		.byte	0x8a
 1088 0537 1C       		.uleb128 0x1c
 1089 0538 6C020000 		.4byte	.LASF75
 1090 053c 6C020000 		.4byte	.LASF75
 1091 0540 05       		.byte	0x5
 1092 0541 8B       		.byte	0x8b
 1093 0542 00       		.byte	0
 1094              		.section	.debug_abbrev,"",%progbits
 1095              	.Ldebug_abbrev0:
 1096 0000 01       		.uleb128 0x1
 1097 0001 11       		.uleb128 0x11
 1098 0002 01       		.byte	0x1
 1099 0003 25       		.uleb128 0x25
 1100 0004 0E       		.uleb128 0xe
 1101 0005 13       		.uleb128 0x13
 1102 0006 0B       		.uleb128 0xb
 1103 0007 03       		.uleb128 0x3
 1104 0008 0E       		.uleb128 0xe
 1105 0009 1B       		.uleb128 0x1b
 1106 000a 0E       		.uleb128 0xe
 1107 000b 55       		.uleb128 0x55
 1108 000c 17       		.uleb128 0x17
 1109 000d 11       		.uleb128 0x11
 1110 000e 01       		.uleb128 0x1
 1111 000f 10       		.uleb128 0x10
 1112 0010 17       		.uleb128 0x17
 1113 0011 00       		.byte	0
 1114 0012 00       		.byte	0
 1115 0013 02       		.uleb128 0x2
 1116 0014 24       		.uleb128 0x24
 1117 0015 00       		.byte	0
 1118 0016 0B       		.uleb128 0xb
ARM GAS  C:\Users\DABBIR~1\AppData\Local\Temp\ccGbIery.s 			page 24


 1119 0017 0B       		.uleb128 0xb
 1120 0018 3E       		.uleb128 0x3e
 1121 0019 0B       		.uleb128 0xb
 1122 001a 03       		.uleb128 0x3
 1123 001b 08       		.uleb128 0x8
 1124 001c 00       		.byte	0
 1125 001d 00       		.byte	0
 1126 001e 03       		.uleb128 0x3
 1127 001f 24       		.uleb128 0x24
 1128 0020 00       		.byte	0
 1129 0021 0B       		.uleb128 0xb
 1130 0022 0B       		.uleb128 0xb
 1131 0023 3E       		.uleb128 0x3e
 1132 0024 0B       		.uleb128 0xb
 1133 0025 03       		.uleb128 0x3
 1134 0026 0E       		.uleb128 0xe
 1135 0027 00       		.byte	0
 1136 0028 00       		.byte	0
 1137 0029 04       		.uleb128 0x4
 1138 002a 04       		.uleb128 0x4
 1139 002b 01       		.byte	0x1
 1140 002c 0B       		.uleb128 0xb
 1141 002d 0B       		.uleb128 0xb
 1142 002e 49       		.uleb128 0x49
 1143 002f 13       		.uleb128 0x13
 1144 0030 3A       		.uleb128 0x3a
 1145 0031 0B       		.uleb128 0xb
 1146 0032 3B       		.uleb128 0x3b
 1147 0033 0B       		.uleb128 0xb
 1148 0034 01       		.uleb128 0x1
 1149 0035 13       		.uleb128 0x13
 1150 0036 00       		.byte	0
 1151 0037 00       		.byte	0
 1152 0038 05       		.uleb128 0x5
 1153 0039 28       		.uleb128 0x28
 1154 003a 00       		.byte	0
 1155 003b 03       		.uleb128 0x3
 1156 003c 0E       		.uleb128 0xe
 1157 003d 1C       		.uleb128 0x1c
 1158 003e 0B       		.uleb128 0xb
 1159 003f 00       		.byte	0
 1160 0040 00       		.byte	0
 1161 0041 06       		.uleb128 0x6
 1162 0042 16       		.uleb128 0x16
 1163 0043 00       		.byte	0
 1164 0044 03       		.uleb128 0x3
 1165 0045 0E       		.uleb128 0xe
 1166 0046 3A       		.uleb128 0x3a
 1167 0047 0B       		.uleb128 0xb
 1168 0048 3B       		.uleb128 0x3b
 1169 0049 0B       		.uleb128 0xb
 1170 004a 49       		.uleb128 0x49
 1171 004b 13       		.uleb128 0x13
 1172 004c 00       		.byte	0
 1173 004d 00       		.byte	0
 1174 004e 07       		.uleb128 0x7
 1175 004f 13       		.uleb128 0x13
ARM GAS  C:\Users\DABBIR~1\AppData\Local\Temp\ccGbIery.s 			page 25


 1176 0050 01       		.byte	0x1
 1177 0051 03       		.uleb128 0x3
 1178 0052 0E       		.uleb128 0xe
 1179 0053 0B       		.uleb128 0xb
 1180 0054 0B       		.uleb128 0xb
 1181 0055 3A       		.uleb128 0x3a
 1182 0056 0B       		.uleb128 0xb
 1183 0057 3B       		.uleb128 0x3b
 1184 0058 0B       		.uleb128 0xb
 1185 0059 01       		.uleb128 0x1
 1186 005a 13       		.uleb128 0x13
 1187 005b 00       		.byte	0
 1188 005c 00       		.byte	0
 1189 005d 08       		.uleb128 0x8
 1190 005e 0D       		.uleb128 0xd
 1191 005f 00       		.byte	0
 1192 0060 03       		.uleb128 0x3
 1193 0061 0E       		.uleb128 0xe
 1194 0062 3A       		.uleb128 0x3a
 1195 0063 0B       		.uleb128 0xb
 1196 0064 3B       		.uleb128 0x3b
 1197 0065 0B       		.uleb128 0xb
 1198 0066 49       		.uleb128 0x49
 1199 0067 13       		.uleb128 0x13
 1200 0068 38       		.uleb128 0x38
 1201 0069 0B       		.uleb128 0xb
 1202 006a 00       		.byte	0
 1203 006b 00       		.byte	0
 1204 006c 09       		.uleb128 0x9
 1205 006d 0D       		.uleb128 0xd
 1206 006e 00       		.byte	0
 1207 006f 03       		.uleb128 0x3
 1208 0070 08       		.uleb128 0x8
 1209 0071 3A       		.uleb128 0x3a
 1210 0072 0B       		.uleb128 0xb
 1211 0073 3B       		.uleb128 0x3b
 1212 0074 0B       		.uleb128 0xb
 1213 0075 49       		.uleb128 0x49
 1214 0076 13       		.uleb128 0x13
 1215 0077 38       		.uleb128 0x38
 1216 0078 0B       		.uleb128 0xb
 1217 0079 00       		.byte	0
 1218 007a 00       		.byte	0
 1219 007b 0A       		.uleb128 0xa
 1220 007c 28       		.uleb128 0x28
 1221 007d 00       		.byte	0
 1222 007e 03       		.uleb128 0x3
 1223 007f 0E       		.uleb128 0xe
 1224 0080 1C       		.uleb128 0x1c
 1225 0081 0D       		.uleb128 0xd
 1226 0082 00       		.byte	0
 1227 0083 00       		.byte	0
 1228 0084 0B       		.uleb128 0xb
 1229 0085 13       		.uleb128 0x13
 1230 0086 01       		.byte	0x1
 1231 0087 03       		.uleb128 0x3
 1232 0088 0E       		.uleb128 0xe
ARM GAS  C:\Users\DABBIR~1\AppData\Local\Temp\ccGbIery.s 			page 26


 1233 0089 0B       		.uleb128 0xb
 1234 008a 05       		.uleb128 0x5
 1235 008b 3A       		.uleb128 0x3a
 1236 008c 0B       		.uleb128 0xb
 1237 008d 3B       		.uleb128 0x3b
 1238 008e 0B       		.uleb128 0xb
 1239 008f 01       		.uleb128 0x1
 1240 0090 13       		.uleb128 0x13
 1241 0091 00       		.byte	0
 1242 0092 00       		.byte	0
 1243 0093 0C       		.uleb128 0xc
 1244 0094 0D       		.uleb128 0xd
 1245 0095 00       		.byte	0
 1246 0096 03       		.uleb128 0x3
 1247 0097 0E       		.uleb128 0xe
 1248 0098 3A       		.uleb128 0x3a
 1249 0099 0B       		.uleb128 0xb
 1250 009a 3B       		.uleb128 0x3b
 1251 009b 0B       		.uleb128 0xb
 1252 009c 49       		.uleb128 0x49
 1253 009d 13       		.uleb128 0x13
 1254 009e 38       		.uleb128 0x38
 1255 009f 05       		.uleb128 0x5
 1256 00a0 00       		.byte	0
 1257 00a1 00       		.byte	0
 1258 00a2 0D       		.uleb128 0xd
 1259 00a3 01       		.uleb128 0x1
 1260 00a4 01       		.byte	0x1
 1261 00a5 49       		.uleb128 0x49
 1262 00a6 13       		.uleb128 0x13
 1263 00a7 01       		.uleb128 0x1
 1264 00a8 13       		.uleb128 0x13
 1265 00a9 00       		.byte	0
 1266 00aa 00       		.byte	0
 1267 00ab 0E       		.uleb128 0xe
 1268 00ac 21       		.uleb128 0x21
 1269 00ad 00       		.byte	0
 1270 00ae 49       		.uleb128 0x49
 1271 00af 13       		.uleb128 0x13
 1272 00b0 2F       		.uleb128 0x2f
 1273 00b1 0B       		.uleb128 0xb
 1274 00b2 00       		.byte	0
 1275 00b3 00       		.byte	0
 1276 00b4 0F       		.uleb128 0xf
 1277 00b5 2E       		.uleb128 0x2e
 1278 00b6 01       		.byte	0x1
 1279 00b7 3F       		.uleb128 0x3f
 1280 00b8 19       		.uleb128 0x19
 1281 00b9 03       		.uleb128 0x3
 1282 00ba 0E       		.uleb128 0xe
 1283 00bb 3A       		.uleb128 0x3a
 1284 00bc 0B       		.uleb128 0xb
 1285 00bd 3B       		.uleb128 0x3b
 1286 00be 0B       		.uleb128 0xb
 1287 00bf 27       		.uleb128 0x27
 1288 00c0 19       		.uleb128 0x19
 1289 00c1 49       		.uleb128 0x49
ARM GAS  C:\Users\DABBIR~1\AppData\Local\Temp\ccGbIery.s 			page 27


 1290 00c2 13       		.uleb128 0x13
 1291 00c3 11       		.uleb128 0x11
 1292 00c4 01       		.uleb128 0x1
 1293 00c5 12       		.uleb128 0x12
 1294 00c6 06       		.uleb128 0x6
 1295 00c7 40       		.uleb128 0x40
 1296 00c8 18       		.uleb128 0x18
 1297 00c9 9742     		.uleb128 0x2117
 1298 00cb 19       		.uleb128 0x19
 1299 00cc 01       		.uleb128 0x1
 1300 00cd 13       		.uleb128 0x13
 1301 00ce 00       		.byte	0
 1302 00cf 00       		.byte	0
 1303 00d0 10       		.uleb128 0x10
 1304 00d1 05       		.uleb128 0x5
 1305 00d2 00       		.byte	0
 1306 00d3 03       		.uleb128 0x3
 1307 00d4 08       		.uleb128 0x8
 1308 00d5 3A       		.uleb128 0x3a
 1309 00d6 0B       		.uleb128 0xb
 1310 00d7 3B       		.uleb128 0x3b
 1311 00d8 0B       		.uleb128 0xb
 1312 00d9 49       		.uleb128 0x49
 1313 00da 13       		.uleb128 0x13
 1314 00db 02       		.uleb128 0x2
 1315 00dc 17       		.uleb128 0x17
 1316 00dd 00       		.byte	0
 1317 00de 00       		.byte	0
 1318 00df 11       		.uleb128 0x11
 1319 00e0 898201   		.uleb128 0x4109
 1320 00e3 01       		.byte	0x1
 1321 00e4 11       		.uleb128 0x11
 1322 00e5 01       		.uleb128 0x1
 1323 00e6 31       		.uleb128 0x31
 1324 00e7 13       		.uleb128 0x13
 1325 00e8 00       		.byte	0
 1326 00e9 00       		.byte	0
 1327 00ea 12       		.uleb128 0x12
 1328 00eb 8A8201   		.uleb128 0x410a
 1329 00ee 00       		.byte	0
 1330 00ef 02       		.uleb128 0x2
 1331 00f0 18       		.uleb128 0x18
 1332 00f1 9142     		.uleb128 0x2111
 1333 00f3 18       		.uleb128 0x18
 1334 00f4 00       		.byte	0
 1335 00f5 00       		.byte	0
 1336 00f6 13       		.uleb128 0x13
 1337 00f7 0F       		.uleb128 0xf
 1338 00f8 00       		.byte	0
 1339 00f9 0B       		.uleb128 0xb
 1340 00fa 0B       		.uleb128 0xb
 1341 00fb 49       		.uleb128 0x49
 1342 00fc 13       		.uleb128 0x13
 1343 00fd 00       		.byte	0
 1344 00fe 00       		.byte	0
 1345 00ff 14       		.uleb128 0x14
 1346 0100 26       		.uleb128 0x26
ARM GAS  C:\Users\DABBIR~1\AppData\Local\Temp\ccGbIery.s 			page 28


 1347 0101 00       		.byte	0
 1348 0102 49       		.uleb128 0x49
 1349 0103 13       		.uleb128 0x13
 1350 0104 00       		.byte	0
 1351 0105 00       		.byte	0
 1352 0106 15       		.uleb128 0x15
 1353 0107 05       		.uleb128 0x5
 1354 0108 00       		.byte	0
 1355 0109 03       		.uleb128 0x3
 1356 010a 0E       		.uleb128 0xe
 1357 010b 3A       		.uleb128 0x3a
 1358 010c 0B       		.uleb128 0xb
 1359 010d 3B       		.uleb128 0x3b
 1360 010e 0B       		.uleb128 0xb
 1361 010f 49       		.uleb128 0x49
 1362 0110 13       		.uleb128 0x13
 1363 0111 02       		.uleb128 0x2
 1364 0112 18       		.uleb128 0x18
 1365 0113 00       		.byte	0
 1366 0114 00       		.byte	0
 1367 0115 16       		.uleb128 0x16
 1368 0116 05       		.uleb128 0x5
 1369 0117 00       		.byte	0
 1370 0118 03       		.uleb128 0x3
 1371 0119 0E       		.uleb128 0xe
 1372 011a 3A       		.uleb128 0x3a
 1373 011b 0B       		.uleb128 0xb
 1374 011c 3B       		.uleb128 0x3b
 1375 011d 0B       		.uleb128 0xb
 1376 011e 49       		.uleb128 0x49
 1377 011f 13       		.uleb128 0x13
 1378 0120 02       		.uleb128 0x2
 1379 0121 17       		.uleb128 0x17
 1380 0122 00       		.byte	0
 1381 0123 00       		.byte	0
 1382 0124 17       		.uleb128 0x17
 1383 0125 0B       		.uleb128 0xb
 1384 0126 01       		.byte	0x1
 1385 0127 55       		.uleb128 0x55
 1386 0128 17       		.uleb128 0x17
 1387 0129 01       		.uleb128 0x1
 1388 012a 13       		.uleb128 0x13
 1389 012b 00       		.byte	0
 1390 012c 00       		.byte	0
 1391 012d 18       		.uleb128 0x18
 1392 012e 34       		.uleb128 0x34
 1393 012f 00       		.byte	0
 1394 0130 03       		.uleb128 0x3
 1395 0131 08       		.uleb128 0x8
 1396 0132 3A       		.uleb128 0x3a
 1397 0133 0B       		.uleb128 0xb
 1398 0134 3B       		.uleb128 0x3b
 1399 0135 0B       		.uleb128 0xb
 1400 0136 49       		.uleb128 0x49
 1401 0137 13       		.uleb128 0x13
 1402 0138 02       		.uleb128 0x2
 1403 0139 17       		.uleb128 0x17
ARM GAS  C:\Users\DABBIR~1\AppData\Local\Temp\ccGbIery.s 			page 29


 1404 013a 00       		.byte	0
 1405 013b 00       		.byte	0
 1406 013c 19       		.uleb128 0x19
 1407 013d 0B       		.uleb128 0xb
 1408 013e 01       		.byte	0x1
 1409 013f 11       		.uleb128 0x11
 1410 0140 01       		.uleb128 0x1
 1411 0141 12       		.uleb128 0x12
 1412 0142 06       		.uleb128 0x6
 1413 0143 01       		.uleb128 0x1
 1414 0144 13       		.uleb128 0x13
 1415 0145 00       		.byte	0
 1416 0146 00       		.byte	0
 1417 0147 1A       		.uleb128 0x1a
 1418 0148 898201   		.uleb128 0x4109
 1419 014b 00       		.byte	0
 1420 014c 11       		.uleb128 0x11
 1421 014d 01       		.uleb128 0x1
 1422 014e 31       		.uleb128 0x31
 1423 014f 13       		.uleb128 0x13
 1424 0150 00       		.byte	0
 1425 0151 00       		.byte	0
 1426 0152 1B       		.uleb128 0x1b
 1427 0153 898201   		.uleb128 0x4109
 1428 0156 01       		.byte	0x1
 1429 0157 11       		.uleb128 0x11
 1430 0158 01       		.uleb128 0x1
 1431 0159 31       		.uleb128 0x31
 1432 015a 13       		.uleb128 0x13
 1433 015b 01       		.uleb128 0x1
 1434 015c 13       		.uleb128 0x13
 1435 015d 00       		.byte	0
 1436 015e 00       		.byte	0
 1437 015f 1C       		.uleb128 0x1c
 1438 0160 2E       		.uleb128 0x2e
 1439 0161 00       		.byte	0
 1440 0162 3F       		.uleb128 0x3f
 1441 0163 19       		.uleb128 0x19
 1442 0164 3C       		.uleb128 0x3c
 1443 0165 19       		.uleb128 0x19
 1444 0166 6E       		.uleb128 0x6e
 1445 0167 0E       		.uleb128 0xe
 1446 0168 03       		.uleb128 0x3
 1447 0169 0E       		.uleb128 0xe
 1448 016a 3A       		.uleb128 0x3a
 1449 016b 0B       		.uleb128 0xb
 1450 016c 3B       		.uleb128 0x3b
 1451 016d 0B       		.uleb128 0xb
 1452 016e 00       		.byte	0
 1453 016f 00       		.byte	0
 1454 0170 00       		.byte	0
 1455              		.section	.debug_loc,"",%progbits
 1456              	.Ldebug_loc0:
 1457              	.LLST0:
 1458 0000 00000000 		.4byte	.LVL0
 1459 0004 07000000 		.4byte	.LVL1-1
 1460 0008 0100     		.2byte	0x1
ARM GAS  C:\Users\DABBIR~1\AppData\Local\Temp\ccGbIery.s 			page 30


 1461 000a 50       		.byte	0x50
 1462 000b 07000000 		.4byte	.LVL1-1
 1463 000f 14000000 		.4byte	.LFE0
 1464 0013 0100     		.2byte	0x1
 1465 0015 54       		.byte	0x54
 1466 0016 00000000 		.4byte	0
 1467 001a 00000000 		.4byte	0
 1468              	.LLST1:
 1469 001e 00000000 		.4byte	.LVL2
 1470 0022 16000000 		.4byte	.LVL3
 1471 0026 0100     		.2byte	0x1
 1472 0028 50       		.byte	0x50
 1473 0029 16000000 		.4byte	.LVL3
 1474 002d 18000000 		.4byte	.LFE1
 1475 0031 0400     		.2byte	0x4
 1476 0033 F3       		.byte	0xf3
 1477 0034 01       		.uleb128 0x1
 1478 0035 50       		.byte	0x50
 1479 0036 9F       		.byte	0x9f
 1480 0037 00000000 		.4byte	0
 1481 003b 00000000 		.4byte	0
 1482              	.LLST2:
 1483 003f 00000000 		.4byte	.LVL4
 1484 0043 10000000 		.4byte	.LVL5
 1485 0047 0100     		.2byte	0x1
 1486 0049 50       		.byte	0x50
 1487 004a 10000000 		.4byte	.LVL5
 1488 004e 12000000 		.4byte	.LFE2
 1489 0052 0400     		.2byte	0x4
 1490 0054 F3       		.byte	0xf3
 1491 0055 01       		.uleb128 0x1
 1492 0056 50       		.byte	0x50
 1493 0057 9F       		.byte	0x9f
 1494 0058 00000000 		.4byte	0
 1495 005c 00000000 		.4byte	0
 1496              	.LLST3:
 1497 0060 00000000 		.4byte	.LVL6
 1498 0064 12000000 		.4byte	.LVL7
 1499 0068 0100     		.2byte	0x1
 1500 006a 50       		.byte	0x50
 1501 006b 12000000 		.4byte	.LVL7
 1502 006f 14000000 		.4byte	.LFE3
 1503 0073 0400     		.2byte	0x4
 1504 0075 F3       		.byte	0xf3
 1505 0076 01       		.uleb128 0x1
 1506 0077 50       		.byte	0x50
 1507 0078 9F       		.byte	0x9f
 1508 0079 00000000 		.4byte	0
 1509 007d 00000000 		.4byte	0
 1510              	.LLST4:
 1511 0081 00000000 		.4byte	.LVL8
 1512 0085 17000000 		.4byte	.LVL9-1
 1513 0089 0100     		.2byte	0x1
 1514 008b 50       		.byte	0x50
 1515 008c 17000000 		.4byte	.LVL9-1
 1516 0090 20000000 		.4byte	.LFE4
 1517 0094 0400     		.2byte	0x4
ARM GAS  C:\Users\DABBIR~1\AppData\Local\Temp\ccGbIery.s 			page 31


 1518 0096 F3       		.byte	0xf3
 1519 0097 01       		.uleb128 0x1
 1520 0098 50       		.byte	0x50
 1521 0099 9F       		.byte	0x9f
 1522 009a 00000000 		.4byte	0
 1523 009e 00000000 		.4byte	0
 1524              	.LLST5:
 1525 00a2 00000000 		.4byte	.LVL10
 1526 00a6 1A000000 		.4byte	.LVL11
 1527 00aa 0100     		.2byte	0x1
 1528 00ac 50       		.byte	0x50
 1529 00ad 1A000000 		.4byte	.LVL11
 1530 00b1 2C000000 		.4byte	.LVL12
 1531 00b5 0100     		.2byte	0x1
 1532 00b7 54       		.byte	0x54
 1533 00b8 2C000000 		.4byte	.LVL12
 1534 00bc 30000000 		.4byte	.LVL13
 1535 00c0 0100     		.2byte	0x1
 1536 00c2 50       		.byte	0x50
 1537 00c3 30000000 		.4byte	.LVL13
 1538 00c7 32000000 		.4byte	.LVL14
 1539 00cb 0400     		.2byte	0x4
 1540 00cd F3       		.byte	0xf3
 1541 00ce 01       		.uleb128 0x1
 1542 00cf 50       		.byte	0x50
 1543 00d0 9F       		.byte	0x9f
 1544 00d1 32000000 		.4byte	.LVL14
 1545 00d5 34000000 		.4byte	.LVL15
 1546 00d9 0100     		.2byte	0x1
 1547 00db 54       		.byte	0x54
 1548 00dc 34000000 		.4byte	.LVL15
 1549 00e0 36000000 		.4byte	.LFE5
 1550 00e4 0400     		.2byte	0x4
 1551 00e6 F3       		.byte	0xf3
 1552 00e7 01       		.uleb128 0x1
 1553 00e8 50       		.byte	0x50
 1554 00e9 9F       		.byte	0x9f
 1555 00ea 00000000 		.4byte	0
 1556 00ee 00000000 		.4byte	0
 1557              	.LLST6:
 1558 00f2 00000000 		.4byte	.LVL10
 1559 00f6 1A000000 		.4byte	.LVL11
 1560 00fa 0100     		.2byte	0x1
 1561 00fc 51       		.byte	0x51
 1562 00fd 1A000000 		.4byte	.LVL11
 1563 0101 2C000000 		.4byte	.LVL12
 1564 0105 0100     		.2byte	0x1
 1565 0107 55       		.byte	0x55
 1566 0108 2C000000 		.4byte	.LVL12
 1567 010c 32000000 		.4byte	.LVL14
 1568 0110 0100     		.2byte	0x1
 1569 0112 51       		.byte	0x51
 1570 0113 32000000 		.4byte	.LVL14
 1571 0117 34000000 		.4byte	.LVL15
 1572 011b 0100     		.2byte	0x1
 1573 011d 55       		.byte	0x55
 1574 011e 34000000 		.4byte	.LVL15
ARM GAS  C:\Users\DABBIR~1\AppData\Local\Temp\ccGbIery.s 			page 32


 1575 0122 36000000 		.4byte	.LFE5
 1576 0126 0400     		.2byte	0x4
 1577 0128 F3       		.byte	0xf3
 1578 0129 01       		.uleb128 0x1
 1579 012a 51       		.byte	0x51
 1580 012b 9F       		.byte	0x9f
 1581 012c 00000000 		.4byte	0
 1582 0130 00000000 		.4byte	0
 1583              	.LLST7:
 1584 0134 00000000 		.4byte	.LVL16
 1585 0138 08000000 		.4byte	.LVL17
 1586 013c 0100     		.2byte	0x1
 1587 013e 50       		.byte	0x50
 1588 013f 08000000 		.4byte	.LVL17
 1589 0143 0A000000 		.4byte	.LFE6
 1590 0147 0400     		.2byte	0x4
 1591 0149 F3       		.byte	0xf3
 1592 014a 01       		.uleb128 0x1
 1593 014b 50       		.byte	0x50
 1594 014c 9F       		.byte	0x9f
 1595 014d 00000000 		.4byte	0
 1596 0151 00000000 		.4byte	0
 1597              	.LLST8:
 1598 0155 00000000 		.4byte	.LVL18
 1599 0159 06000000 		.4byte	.LVL19
 1600 015d 0100     		.2byte	0x1
 1601 015f 50       		.byte	0x50
 1602 0160 06000000 		.4byte	.LVL19
 1603 0164 8E000000 		.4byte	.LVL33
 1604 0168 0100     		.2byte	0x1
 1605 016a 55       		.byte	0x55
 1606 016b 8E000000 		.4byte	.LVL33
 1607 016f B0000000 		.4byte	.LFE7
 1608 0173 0400     		.2byte	0x4
 1609 0175 F3       		.byte	0xf3
 1610 0176 01       		.uleb128 0x1
 1611 0177 50       		.byte	0x50
 1612 0178 9F       		.byte	0x9f
 1613 0179 00000000 		.4byte	0
 1614 017d 00000000 		.4byte	0
 1615              	.LLST9:
 1616 0181 0A000000 		.4byte	.LVL20
 1617 0185 0E000000 		.4byte	.LVL21
 1618 0189 0200     		.2byte	0x2
 1619 018b 30       		.byte	0x30
 1620 018c 9F       		.byte	0x9f
 1621 018d 0E000000 		.4byte	.LVL21
 1622 0191 8E000000 		.4byte	.LVL33
 1623 0195 0100     		.2byte	0x1
 1624 0197 56       		.byte	0x56
 1625 0198 00000000 		.4byte	0
 1626 019c 00000000 		.4byte	0
 1627              	.LLST10:
 1628 01a0 54000000 		.4byte	.LVL27
 1629 01a4 80000000 		.4byte	.LVL31
 1630 01a8 0100     		.2byte	0x1
 1631 01aa 54       		.byte	0x54
ARM GAS  C:\Users\DABBIR~1\AppData\Local\Temp\ccGbIery.s 			page 33


 1632 01ab 00000000 		.4byte	0
 1633 01af 00000000 		.4byte	0
 1634              		.section	.debug_aranges,"",%progbits
 1635 0000 54000000 		.4byte	0x54
 1636 0004 0200     		.2byte	0x2
 1637 0006 00000000 		.4byte	.Ldebug_info0
 1638 000a 04       		.byte	0x4
 1639 000b 00       		.byte	0
 1640 000c 0000     		.2byte	0
 1641 000e 0000     		.2byte	0
 1642 0010 00000000 		.4byte	.LFB0
 1643 0014 14000000 		.4byte	.LFE0-.LFB0
 1644 0018 00000000 		.4byte	.LFB1
 1645 001c 18000000 		.4byte	.LFE1-.LFB1
 1646 0020 00000000 		.4byte	.LFB2
 1647 0024 12000000 		.4byte	.LFE2-.LFB2
 1648 0028 00000000 		.4byte	.LFB3
 1649 002c 14000000 		.4byte	.LFE3-.LFB3
 1650 0030 00000000 		.4byte	.LFB4
 1651 0034 20000000 		.4byte	.LFE4-.LFB4
 1652 0038 00000000 		.4byte	.LFB5
 1653 003c 36000000 		.4byte	.LFE5-.LFB5
 1654 0040 00000000 		.4byte	.LFB6
 1655 0044 0A000000 		.4byte	.LFE6-.LFB6
 1656 0048 00000000 		.4byte	.LFB7
 1657 004c B0000000 		.4byte	.LFE7-.LFB7
 1658 0050 00000000 		.4byte	0
 1659 0054 00000000 		.4byte	0
 1660              		.section	.debug_ranges,"",%progbits
 1661              	.Ldebug_ranges0:
 1662 0000 0A000000 		.4byte	.LBB2
 1663 0004 40000000 		.4byte	.LBE2
 1664 0008 44000000 		.4byte	.LBB4
 1665 000c 86000000 		.4byte	.LBE4
 1666 0010 00000000 		.4byte	0
 1667 0014 00000000 		.4byte	0
 1668 0018 00000000 		.4byte	.LFB0
 1669 001c 14000000 		.4byte	.LFE0
 1670 0020 00000000 		.4byte	.LFB1
 1671 0024 18000000 		.4byte	.LFE1
 1672 0028 00000000 		.4byte	.LFB2
 1673 002c 12000000 		.4byte	.LFE2
 1674 0030 00000000 		.4byte	.LFB3
 1675 0034 14000000 		.4byte	.LFE3
 1676 0038 00000000 		.4byte	.LFB4
 1677 003c 20000000 		.4byte	.LFE4
 1678 0040 00000000 		.4byte	.LFB5
 1679 0044 36000000 		.4byte	.LFE5
 1680 0048 00000000 		.4byte	.LFB6
 1681 004c 0A000000 		.4byte	.LFE6
 1682 0050 00000000 		.4byte	.LFB7
 1683 0054 B0000000 		.4byte	.LFE7
 1684 0058 00000000 		.4byte	0
 1685 005c 00000000 		.4byte	0
 1686              		.section	.debug_line,"",%progbits
 1687              	.Ldebug_line0:
 1688 0000 50010000 		.section	.debug_str,"MS",%progbits,1
ARM GAS  C:\Users\DABBIR~1\AppData\Local\Temp\ccGbIery.s 			page 34


 1688      02007300 
 1688      00000201 
 1688      FB0E0D00 
 1688      01010101 
 1689              	.LASF58:
 1690 0000 746F6B65 		.ascii	"token\000"
 1690      6E00
 1691              	.LASF36:
 1692 0006 52435F45 		.ascii	"RC_ERROR_BUFFER_FULL\000"
 1692      52524F52 
 1692      5F425546 
 1692      4645525F 
 1692      46554C4C 
 1693              	.LASF42:
 1694 001b 52435F45 		.ascii	"RC_ERROR_READ_ONLY\000"
 1694      52524F52 
 1694      5F524541 
 1694      445F4F4E 
 1694      4C5900
 1695              	.LASF28:
 1696 002e 52435F53 		.ascii	"RC_SUCCESS\000"
 1696      55434345 
 1696      535300
 1697              	.LASF70:
 1698 0039 50415253 		.ascii	"PARSER_resetNextToken\000"
 1698      45525F72 
 1698      65736574 
 1698      4E657874 
 1698      546F6B65 
 1699              	.LASF43:
 1700 004f 52435F45 		.ascii	"RC_ERROR_WRITE_ONLY\000"
 1700      52524F52 
 1700      5F575249 
 1700      54455F4F 
 1700      4E4C5900 
 1701              	.LASF19:
 1702 0063 73686F72 		.ascii	"short int\000"
 1702      7420696E 
 1702      7400
 1703              	.LASF34:
 1704 006d 52435F45 		.ascii	"RC_ERROR_OVERRUN\000"
 1704      52524F52 
 1704      5F4F5645 
 1704      5252554E 
 1704      00
 1705              	.LASF15:
 1706 007e 6A736D6E 		.ascii	"jsmntok\000"
 1706      746F6B00 
 1707              	.LASF61:
 1708 0086 73697A65 		.ascii	"sizetype\000"
 1708      74797065 
 1708      00
 1709              	.LASF3:
 1710 008f 4A534D4E 		.ascii	"JSMN_UNDEFINED\000"
 1710      5F554E44 
 1710      4546494E 
 1710      454400
ARM GAS  C:\Users\DABBIR~1\AppData\Local\Temp\ccGbIery.s 			page 35


 1711              	.LASF31:
 1712 009e 52435F45 		.ascii	"RC_ERROR_ZERO\000"
 1712      52524F52 
 1712      5F5A4552 
 1712      4F00
 1713              	.LASF45:
 1714 00ac 52435F45 		.ascii	"RC_ERROR_READ_FAILS\000"
 1714      52524F52 
 1714      5F524541 
 1714      445F4641 
 1714      494C5300 
 1715              	.LASF17:
 1716 00c0 746F6B6E 		.ascii	"toknext\000"
 1716      65787400 
 1717              	.LASF53:
 1718 00c8 52435F45 		.ascii	"RC_ERROR_NOT_IMPLEMENTED\000"
 1718      52524F52 
 1718      5F4E4F54 
 1718      5F494D50 
 1718      4C454D45 
 1719              	.LASF67:
 1720 00e1 50415253 		.ascii	"PARSER_addEndl\000"
 1720      45525F61 
 1720      6464456E 
 1720      646C00
 1721              	.LASF56:
 1722 00f0 70617273 		.ascii	"parser\000"
 1722      657200
 1723              	.LASF51:
 1724 00f7 52435F45 		.ascii	"RC_ERROR_INVALID_STATE\000"
 1724      52524F52 
 1724      5F494E56 
 1724      414C4944 
 1724      5F535441 
 1725              	.LASF6:
 1726 010e 4A534D4E 		.ascii	"JSMN_STRING\000"
 1726      5F535452 
 1726      494E4700 
 1727              	.LASF73:
 1728 011a 6A736D6E 		.ascii	"jsmn_parse\000"
 1728      5F706172 
 1728      736500
 1729              	.LASF64:
 1730 0125 50415253 		.ascii	"PARSER_clear\000"
 1730      45525F63 
 1730      6C656172 
 1730      00
 1731              	.LASF9:
 1732 0132 7369676E 		.ascii	"signed char\000"
 1732      65642063 
 1732      68617200 
 1733              	.LASF24:
 1734 013e 666C6F61 		.ascii	"float\000"
 1734      7400
 1735              	.LASF60:
 1736 0144 6E657874 		.ascii	"nextToken\000"
 1736      546F6B65 
ARM GAS  C:\Users\DABBIR~1\AppData\Local\Temp\ccGbIery.s 			page 36


 1736      6E00
 1737              	.LASF1:
 1738 014e 6C6F6E67 		.ascii	"long long int\000"
 1738      206C6F6E 
 1738      6720696E 
 1738      7400
 1739              	.LASF5:
 1740 015c 4A534D4E 		.ascii	"JSMN_ARRAY\000"
 1740      5F415252 
 1740      415900
 1741              	.LASF78:
 1742 0167 433A5C4D 		.ascii	"C:\\My_Files\\College_Documents\\AMA EOS\\EOS\\LAB\\"
 1742      795F4669 
 1742      6C65735C 
 1742      436F6C6C 
 1742      6567655F 
 1743 0195 4C41425F 		.ascii	"LAB_2_Submission\\Json Parser\\code\\w06_criticalRe"
 1743      325F5375 
 1743      626D6973 
 1743      73696F6E 
 1743      5C4A736F 
 1744 01c5 67696F6E 		.ascii	"gion.cydsn\\Lab2_JSONParser01.cydsn\000"
 1744      2E637964 
 1744      736E5C4C 
 1744      6162325F 
 1744      4A534F4E 
 1745              	.LASF47:
 1746 01e8 52435F45 		.ascii	"RC_ERROR_NOT_MATCH\000"
 1746      52524F52 
 1746      5F4E4F54 
 1746      5F4D4154 
 1746      434800
 1747              	.LASF52:
 1748 01fb 52435F45 		.ascii	"RC_ERROR_UNKNOWN\000"
 1748      52524F52 
 1748      5F554E4B 
 1748      4E4F574E 
 1748      00
 1749              	.LASF22:
 1750 020c 6C6F6E67 		.ascii	"long int\000"
 1750      20696E74 
 1750      00
 1751              	.LASF35:
 1752 0215 52435F45 		.ascii	"RC_ERROR_UNDERRUN\000"
 1752      52524F52 
 1752      5F554E44 
 1752      45525255 
 1752      4E00
 1753              	.LASF38:
 1754 0227 52435F45 		.ascii	"RC_ERROR_BUSY\000"
 1754      52524F52 
 1754      5F425553 
 1754      5900
 1755              	.LASF69:
 1756 0235 50415253 		.ascii	"PARSER_getNextToken\000"
 1756      45525F67 
 1756      65744E65 
ARM GAS  C:\Users\DABBIR~1\AppData\Local\Temp\ccGbIery.s 			page 37


 1756      7874546F 
 1756      6B656E00 
 1757              	.LASF44:
 1758 0249 52435F45 		.ascii	"RC_ERROR_INVALID\000"
 1758      52524F52 
 1758      5F494E56 
 1758      414C4944 
 1758      00
 1759              	.LASF49:
 1760 025a 52435F45 		.ascii	"RC_ERROR_BAD_DATA\000"
 1760      52524F52 
 1760      5F424144 
 1760      5F444154 
 1760      4100
 1761              	.LASF75:
 1762 026c 55415254 		.ascii	"UART_LOG_PutString\000"
 1762      5F4C4F47 
 1762      5F507574 
 1762      53747269 
 1762      6E6700
 1763              	.LASF2:
 1764 027f 6C6F6E67 		.ascii	"long double\000"
 1764      20646F75 
 1764      626C6500 
 1765              	.LASF71:
 1766 028b 50415253 		.ascii	"PARSER_dbg_printContent\000"
 1766      45525F64 
 1766      62675F70 
 1766      72696E74 
 1766      436F6E74 
 1767              	.LASF8:
 1768 02a3 756E7369 		.ascii	"unsigned char\000"
 1768      676E6564 
 1768      20636861 
 1768      7200
 1769              	.LASF77:
 1770 02b1 70617273 		.ascii	"parser.c\000"
 1770      65722E63 
 1770      00
 1771              	.LASF7:
 1772 02ba 4A534D4E 		.ascii	"JSMN_PRIMITIVE\000"
 1772      5F505249 
 1772      4D495449 
 1772      564500
 1773              	.LASF18:
 1774 02c9 746F6B73 		.ascii	"toksuper\000"
 1774      75706572 
 1774      00
 1775              	.LASF55:
 1776 02d2 73506172 		.ascii	"sParser\000"
 1776      73657200 
 1777              	.LASF26:
 1778 02da 6C6F6E67 		.ascii	"long long unsigned int\000"
 1778      206C6F6E 
 1778      6720756E 
 1778      7369676E 
 1778      65642069 
ARM GAS  C:\Users\DABBIR~1\AppData\Local\Temp\ccGbIery.s 			page 38


 1779              	.LASF10:
 1780 02f1 74797065 		.ascii	"type\000"
 1780      00
 1781              	.LASF68:
 1782 02f6 50415253 		.ascii	"PARSER_parse\000"
 1782      45525F70 
 1782      61727365 
 1782      00
 1783              	.LASF0:
 1784 0303 756E7369 		.ascii	"unsigned int\000"
 1784      676E6564 
 1784      20696E74 
 1784      00
 1785              	.LASF40:
 1786 0310 52435F45 		.ascii	"RC_ERROR_OPEN\000"
 1786      52524F52 
 1786      5F4F5045 
 1786      4E00
 1787              	.LASF20:
 1788 031e 75696E74 		.ascii	"uint16_t\000"
 1788      31365F74 
 1788      00
 1789              	.LASF30:
 1790 0327 52435F45 		.ascii	"RC_ERROR_NULL\000"
 1790      52524F52 
 1790      5F4E554C 
 1790      4C00
 1791              	.LASF37:
 1792 0335 52435F45 		.ascii	"RC_ERROR_BUFFER_EMTPY\000"
 1792      52524F52 
 1792      5F425546 
 1792      4645525F 
 1792      454D5450 
 1793              	.LASF65:
 1794 034b 50415253 		.ascii	"PARSER_addChar\000"
 1794      45525F61 
 1794      64644368 
 1794      617200
 1795              	.LASF11:
 1796 035a 73746172 		.ascii	"start\000"
 1796      7400
 1797              	.LASF21:
 1798 0360 73686F72 		.ascii	"short unsigned int\000"
 1798      7420756E 
 1798      7369676E 
 1798      65642069 
 1798      6E7400
 1799              	.LASF72:
 1800 0373 6A736D6E 		.ascii	"jsmn_init\000"
 1800      5F696E69 
 1800      7400
 1801              	.LASF76:
 1802 037d 474E5520 		.ascii	"GNU C11 5.4.1 20160609 (release) [ARM/embedded-5-br"
 1802      43313120 
 1802      352E342E 
 1802      31203230 
 1802      31363036 
ARM GAS  C:\Users\DABBIR~1\AppData\Local\Temp\ccGbIery.s 			page 39


 1803 03b0 616E6368 		.ascii	"anch revision 237715] -mcpu=cortex-m3 -mthumb -g -O"
 1803      20726576 
 1803      6973696F 
 1803      6E203233 
 1803      37373135 
 1804 03e3 67202D66 		.ascii	"g -ffunction-sections -ffat-lto-objects\000"
 1804      66756E63 
 1804      74696F6E 
 1804      2D736563 
 1804      74696F6E 
 1805              	.LASF27:
 1806 040b 63686172 		.ascii	"char\000"
 1806      00
 1807              	.LASF62:
 1808 0410 50617273 		.ascii	"Parser_t\000"
 1808      65725F74 
 1808      00
 1809              	.LASF46:
 1810 0419 52435F45 		.ascii	"RC_ERROR_WRITE_FAILS\000"
 1810      52524F52 
 1810      5F575249 
 1810      54455F46 
 1810      41494C53 
 1811              	.LASF63:
 1812 042e 50415253 		.ascii	"PARSER_init\000"
 1812      45525F69 
 1812      6E697400 
 1813              	.LASF48:
 1814 043a 52435F45 		.ascii	"RC_ERROR_BAD_PARAM\000"
 1814      52524F52 
 1814      5F424144 
 1814      5F504152 
 1814      414D00
 1815              	.LASF66:
 1816 044d 64617461 		.ascii	"data\000"
 1816      00
 1817              	.LASF14:
 1818 0452 6A736D6E 		.ascii	"jsmntok_t\000"
 1818      746F6B5F 
 1818      7400
 1819              	.LASF57:
 1820 045c 636F6E74 		.ascii	"content\000"
 1820      656E7400 
 1821              	.LASF23:
 1822 0464 6C6F6E67 		.ascii	"long unsigned int\000"
 1822      20756E73 
 1822      69676E65 
 1822      6420696E 
 1822      7400
 1823              	.LASF16:
 1824 0476 6A736D6E 		.ascii	"jsmn_parser\000"
 1824      5F706172 
 1824      73657200 
 1825              	.LASF25:
 1826 0482 646F7562 		.ascii	"double\000"
 1826      6C6500
 1827              	.LASF41:
ARM GAS  C:\Users\DABBIR~1\AppData\Local\Temp\ccGbIery.s 			page 40


 1828 0489 52435F45 		.ascii	"RC_ERROR_CHECKSUM\000"
 1828      52524F52 
 1828      5F434845 
 1828      434B5355 
 1828      4D00
 1829              	.LASF12:
 1830 049b 73697A65 		.ascii	"size\000"
 1830      00
 1831              	.LASF33:
 1832 04a0 52435F45 		.ascii	"RC_ERROR_RANGE\000"
 1832      52524F52 
 1832      5F52414E 
 1832      474500
 1833              	.LASF13:
 1834 04af 6A736D6E 		.ascii	"jsmntype_t\000"
 1834      74797065 
 1834      5F7400
 1835              	.LASF50:
 1836 04ba 52435F45 		.ascii	"RC_ERROR_CANCELED\000"
 1836      52524F52 
 1836      5F43414E 
 1836      43454C45 
 1836      4400
 1837              	.LASF59:
 1838 04cc 6E657874 		.ascii	"nextFreePos\000"
 1838      46726565 
 1838      506F7300 
 1839              	.LASF29:
 1840 04d8 52435F45 		.ascii	"RC_ERROR\000"
 1840      52524F52 
 1840      00
 1841              	.LASF32:
 1842 04e1 52435F45 		.ascii	"RC_ERROR_MEMORY\000"
 1842      52524F52 
 1842      5F4D454D 
 1842      4F525900 
 1843              	.LASF4:
 1844 04f1 4A534D4E 		.ascii	"JSMN_OBJECT\000"
 1844      5F4F424A 
 1844      45435400 
 1845              	.LASF74:
 1846 04fd 55415254 		.ascii	"UART_LOG_PutChar\000"
 1846      5F4C4F47 
 1846      5F507574 
 1846      43686172 
 1846      00
 1847              	.LASF54:
 1848 050e 52435F74 		.ascii	"RC_t\000"
 1848      00
 1849              	.LASF39:
 1850 0513 52435F45 		.ascii	"RC_ERROR_TIME_OUT\000"
 1850      52524F52 
 1850      5F54494D 
 1850      455F4F55 
 1850      5400
 1851              		.ident	"GCC: (GNU Tools for ARM Embedded Processors) 5.4.1 20160609 (release) [ARM/embedded-5-bran
