#***************************************************************************

#sjplacer

#Version:            1.1

#Build Date:         Sep  9 2019 11:47:43

#File Generated:     Feb 28 2024 14:02:52

#Purpose:            

#Copyright (C) 2010-2011 by Softjin Technologies Pvt Ltd. All rights reserved.

#***************************************************************************

Executing : C:\Program Files (x86)\Cypress\PSoC Creator\4.4\PSoC Creator\bin/sjplacer.exe --proj-name w06_criticalRegion --netlist-vh2 w06_criticalRegion_p.vh2 --arch p35_udb4x6 --arch-file C:\Program Files (x86)\Cypress\PSoC Creator\4.4\PSoC Creator\dev\arch/udbdsi_4x6_24.cydata --ip-file C:\Program Files (x86)\Cypress\PSoC Creator\4.4\PSoC Creator\dev\psoc5/psoc5lp/ip_blocks.cydata --rrg-file C:\Program Files (x86)\Cypress\PSoC Creator\4.4\PSoC Creator\dev\psoc5/psoc5lp/route_arch-rrg.cydata --irq-file C:\Program Files (x86)\Cypress\PSoC Creator\4.4\PSoC Creator\dev\psoc5/psoc5lp/irqconn.cydata --drq-file C:\Program Files (x86)\Cypress\PSoC Creator\4.4\PSoC Creator\dev\psoc5/psoc5lp/dmaconn.cydata --dsi-conn-file C:\Program Files (x86)\Cypress\PSoC Creator\4.4\PSoC Creator\dev\psoc5/psoc5lp/dsiconn.cydata --pins-file pins_68-QFN.xml --lib-file w06_criticalRegion_p.lib --sdc-file w06_criticalRegion.sdc --io-pcf w06_criticalRegion.pci --outdir .

		Softjin Techologies Placer, Version 1.1

Build Date : Sep  9 2019	11:45:12

D2004: Option and Settings Summary
=============================================================
Netlist vh2 file          - w06_criticalRegion_p.vh2
Architecture file         - C:\Program Files (x86)\Cypress\PSoC Creator\4.4\PSoC Creator\dev\arch/udbdsi_4x6_24.cydata
Package                   - 
Defparam file             - 
SDC file                  - w06_criticalRegion.sdc
Output directory          - .
Timing library            - w06_criticalRegion_p.lib
IO Placement file         - w06_criticalRegion.pci

D2050: Starting reading inputs for placer
=============================================================
D2065: Reading netlist file : "w06_criticalRegion_p.vh2"
D2065: Reading arch file : "C:\Program Files (x86)\Cypress\PSoC Creator\4.4\PSoC Creator\dev\arch/udbdsi_4x6_24.cydata"
D2051: Reading of inputs for placer completed successfully

D2053: Starting placement of the design
=============================================================

Phase 2
Phase 3

Design Statistics after Packing
    Number of Combinational MCs 	:	14
    Number of Sequential MCs    	:	35
    Number of DPs               	:	12
    Number of Controls          	:	7
    Number of Status            	:	5
    Number of SyncCells         	:	1
    Number of count7cells       	:	2

Device Utilization Summary after Packing
    Macrocells                  :	49/192
    UDBS                        :	15/24
    IOs                         :	29/72


D2088: Phase 3, elapsed time : 0.0 (sec)

Phase 4
D2088: Phase 4, elapsed time : 0.0 (sec)

Phase 5
D2088: Phase 5, elapsed time : 0.0 (sec)

Phase 6

######################################################################
Placement Timing Summary

The timing summary is based on estimated routing delays after
placement. For final timing report, please carry out the timing
analysis after routing.
======================================================================

######################################################################
                     Clock Summary 
======================================================================
Number of clocks: 9
Clock: CyBUS_CLK            | Frequency:  68.5 MHz | Target:  72.0 MHz
Clock: CyILO                | Frequency: N/A       | Target:   0.1 MHz
Clock: CyIMO                | Frequency: N/A       | Target:  24.0 MHz
Clock: CyMASTER_CLK         | Frequency: N/A       | Target:  72.0 MHz
Clock: CyPLL_OUT            | Frequency: N/A       | Target:  72.0 MHz
Clock: PWM_Clock            | Frequency:  61.7 MHz | Target:   8.0 MHz
Clock: PWM_Clock_TFT        | Frequency:  59.7 MHz | Target:   5.1 MHz
Clock: TFT_SPI_IntClock     | Frequency:  57.2 MHz | Target:  72.0 MHz
Clock: UART_LOG_IntClock    | Frequency:  53.6 MHz | Target:   0.9 MHz

======================================================================
                     End of Clock Summary
######################################################################

D2088: Phase 6, elapsed time : 0.0 (sec)

Phase 7
######################################################################
                     Clock Summary 
======================================================================
Number of clocks: 9
Clock: CyBUS_CLK            | Frequency:  68.8 MHz | Target:  72.0 MHz
Clock: CyILO                | Frequency: N/A       | Target:   0.1 MHz
Clock: CyIMO                | Frequency: N/A       | Target:  24.0 MHz
Clock: CyMASTER_CLK         | Frequency: N/A       | Target:  72.0 MHz
Clock: CyPLL_OUT            | Frequency: N/A       | Target:  72.0 MHz
Clock: PWM_Clock            | Frequency:  61.7 MHz | Target:   8.0 MHz
Clock: PWM_Clock_TFT        | Frequency:  59.7 MHz | Target:   5.1 MHz
Clock: TFT_SPI_IntClock     | Frequency:  59.3 MHz | Target:  72.0 MHz
Clock: UART_LOG_IntClock    | Frequency:  57.2 MHz | Target:   0.9 MHz

======================================================================
                     End of Clock Summary
######################################################################
D2088: Phase 7, elapsed time : 0.1 (sec)

Final Design Statistics
    Number of Combinational MCs 	:	14
    Number of Sequential MCs    	:	35
    Number of DPs               	:	12
    Number of Controls          	:	7
    Number of Status            	:	5
    Number of SyncCells         	:	1
    Number of count7cells       	:	2
    Number of IOs       	:	29

Device Utilization Summary
    Macrocells                  :	49/192
    IOs                         :	29/72



######################################################################
Placement Timing Summary

The timing summary is based on estimated routing delays after
placement. For final timing report, please carry out the timing
analysis after routing.
======================================================================


######################################################################
                     Clock Summary 
======================================================================
Number of clocks: 9
Clock: CyBUS_CLK            | Frequency:  68.8 MHz | Target:  72.0 MHz
Clock: CyILO                | Frequency: N/A       | Target:   0.1 MHz
Clock: CyIMO                | Frequency: N/A       | Target:  24.0 MHz
Clock: CyMASTER_CLK         | Frequency: N/A       | Target:  72.0 MHz
Clock: CyPLL_OUT            | Frequency: N/A       | Target:  72.0 MHz
Clock: PWM_Clock            | Frequency:  61.7 MHz | Target:   8.0 MHz
Clock: PWM_Clock_TFT        | Frequency:  59.7 MHz | Target:   5.1 MHz
Clock: TFT_SPI_IntClock     | Frequency:  59.3 MHz | Target:  72.0 MHz
Clock: UART_LOG_IntClock    | Frequency:  57.2 MHz | Target:   0.9 MHz

======================================================================
                     End of Clock Summary
######################################################################

Phase 6

######################################################################
Placement Timing Summary

The timing summary is based on estimated routing delays after
placement. For final timing report, please carry out the timing
analysis after routing.
======================================================================

######################################################################
                     Clock Summary 
======================================================================
Number of clocks: 9
Clock: CyBUS_CLK            | Frequency:  68.5 MHz | Target:  72.0 MHz
Clock: CyILO                | Frequency: N/A       | Target:   0.1 MHz
Clock: CyIMO                | Frequency: N/A       | Target:  24.0 MHz
Clock: CyMASTER_CLK         | Frequency: N/A       | Target:  72.0 MHz
Clock: CyPLL_OUT            | Frequency: N/A       | Target:  72.0 MHz
Clock: PWM_Clock            | Frequency:  61.7 MHz | Target:   8.0 MHz
Clock: PWM_Clock_TFT        | Frequency:  59.7 MHz | Target:   5.1 MHz
Clock: TFT_SPI_IntClock     | Frequency:  57.2 MHz | Target:  72.0 MHz
Clock: UART_LOG_IntClock    | Frequency:  53.6 MHz | Target:   0.9 MHz

======================================================================
                     End of Clock Summary
######################################################################

D2088: Phase 6, elapsed time : 0.0 (sec)

Phase 7
######################################################################
                     Clock Summary 
======================================================================
Number of clocks: 9
Clock: CyBUS_CLK            | Frequency:  68.8 MHz | Target:  72.0 MHz
Clock: CyILO                | Frequency: N/A       | Target:   0.1 MHz
Clock: CyIMO                | Frequency: N/A       | Target:  24.0 MHz
Clock: CyMASTER_CLK         | Frequency: N/A       | Target:  72.0 MHz
Clock: CyPLL_OUT            | Frequency: N/A       | Target:  72.0 MHz
Clock: PWM_Clock            | Frequency:  61.7 MHz | Target:   8.0 MHz
Clock: PWM_Clock_TFT        | Frequency:  59.7 MHz | Target:   5.1 MHz
Clock: TFT_SPI_IntClock     | Frequency:  59.3 MHz | Target:  72.0 MHz
Clock: UART_LOG_IntClock    | Frequency:  44.6 MHz | Target:   0.9 MHz

======================================================================
                     End of Clock Summary
######################################################################
D2088: Phase 7, elapsed time : 0.2 (sec)

Final Design Statistics
    Number of Combinational MCs 	:	14
    Number of Sequential MCs    	:	35
    Number of DPs               	:	12
    Number of Controls          	:	7
    Number of Status            	:	5
    Number of SyncCells         	:	1
    Number of count7cells       	:	2
    Number of IOs       	:	29

Device Utilization Summary
    Macrocells                  :	49/192
    IOs                         :	29/72



######################################################################
Placement Timing Summary

The timing summary is based on estimated routing delays after
placement. For final timing report, please carry out the timing
analysis after routing.
======================================================================


######################################################################
                     Clock Summary 
======================================================================
Number of clocks: 9
Clock: CyBUS_CLK            | Frequency:  71.5 MHz | Target:  72.0 MHz
Clock: CyILO                | Frequency: N/A       | Target:   0.1 MHz
Clock: CyIMO                | Frequency: N/A       | Target:  24.0 MHz
Clock: CyMASTER_CLK         | Frequency: N/A       | Target:  72.0 MHz
Clock: CyPLL_OUT            | Frequency: N/A       | Target:  72.0 MHz
Clock: PWM_Clock            | Frequency:  61.7 MHz | Target:   8.0 MHz
Clock: PWM_Clock_TFT        | Frequency:  59.7 MHz | Target:   5.1 MHz
Clock: TFT_SPI_IntClock     | Frequency:  65.0 MHz | Target:  72.0 MHz
Clock: UART_LOG_IntClock    | Frequency:  33.7 MHz | Target:   0.9 MHz

======================================================================
                     End of Clock Summary
######################################################################

Phase 8
D2088: Phase 8, elapsed time : 0.0 (sec)

D2054: Placement of the design completed successfully

I2076: Total run-time: 0.9 sec.

